29635: Tue May  6 08:20:58 EDT 2014: Entering /tmp/24923.1.standard.q/ssh with args node067.pug.mib.pbtech -l jam2079 /bin/sh -f
29646: Tue May  6 08:20:58 EDT 2014: Entering /tmp/24923.1.standard.q/ssh with args node036.pug.mib.pbtech -l jam2079 /bin/sh -f
29642: Tue May  6 08:20:58 EDT 2014: Entering /tmp/24923.1.standard.q/ssh with args node036.pug.mib.pbtech -l jam2079 /bin/sh -f
29651: Tue May  6 08:20:58 EDT 2014: Entering /tmp/24923.1.standard.q/ssh with args node067.pug.mib.pbtech -l jam2079 /bin/sh -f
29645: Tue May  6 08:20:58 EDT 2014: Entering /tmp/24923.1.standard.q/ssh with args node067.pug.mib.pbtech -l jam2079 /bin/sh -f
29654: Tue May  6 08:20:58 EDT 2014: Entering /tmp/24923.1.standard.q/ssh with args node036.pug.mib.pbtech -l jam2079 /bin/sh -f
29650: Tue May  6 08:20:58 EDT 2014: Entering /tmp/24923.1.standard.q/ssh with args node036.pug.mib.pbtech -l jam2079 /bin/sh -f
29657: Tue May  6 08:20:58 EDT 2014: Entering /tmp/24923.1.standard.q/ssh with args node067.pug.mib.pbtech -l jam2079 /bin/sh -f
29637: Tue May  6 08:20:58 EDT 2014: Exiting /tmp/24923.1.standard.q/ssh
29643: Tue May  6 08:21:00 EDT 2014: Exiting /tmp/24923.1.standard.q/ssh
29636: Tue May  6 08:21:00 EDT 2014: Exiting /tmp/24923.1.standard.q/ssh
29649: Tue May  6 08:21:00 EDT 2014: Exiting /tmp/24923.1.standard.q/ssh
29645: Tue May  6 08:21:00 EDT 2014: Exiting /tmp/24923.1.standard.q/ssh
29642: Tue May  6 08:21:01 EDT 2014: Exiting /tmp/24923.1.standard.q/ssh
29647: Tue May  6 08:21:02 EDT 2014: Exiting /tmp/24923.1.standard.q/ssh
29654: Tue May  6 08:21:03 EDT 2014: Exiting /tmp/24923.1.standard.q/ssh
29656: Tue May  6 08:21:04 EDT 2014: Exiting /tmp/24923.1.standard.q/ssh
29640: Tue May  6 08:21:05 EDT 2014: Exiting /tmp/24923.1.standard.q/ssh
29655: Tue May  6 08:21:08 EDT 2014: Exiting /tmp/24923.1.standard.q/ssh
29648: Tue May  6 08:21:08 EDT 2014: Exiting /tmp/24923.1.standard.q/ssh
29646: Tue May  6 08:21:09 EDT 2014: Exiting /tmp/24923.1.standard.q/ssh
29657: Tue May  6 08:21:09 EDT 2014: Exiting /tmp/24923.1.standard.q/ssh
29653: Tue May  6 08:21:10 EDT 2014: Exiting /tmp/24923.1.standard.q/ssh
29639: Tue May  6 08:21:10 EDT 2014: Exiting /tmp/24923.1.standard.q/ssh
29650: Tue May  6 08:21:13 EDT 2014: Exiting /tmp/24923.1.standard.q/ssh
29638: Tue May  6 08:21:14 EDT 2014: Exiting /tmp/24923.1.standard.q/ssh
29658: Tue May  6 08:21:14 EDT 2014: Exiting /tmp/24923.1.standard.q/ssh
29641: Tue May  6 08:21:18 EDT 2014: Exiting /tmp/24923.1.standard.q/ssh
29651: Tue May  6 08:21:18 EDT 2014: Exiting /tmp/24923.1.standard.q/ssh
29652: Tue May  6 08:21:20 EDT 2014: Exiting /tmp/24923.1.standard.q/ssh
29635: Tue May  6 08:21:21 EDT 2014: Exiting /tmp/24923.1.standard.q/ssh
29644: Tue May  6 08:21:22 EDT 2014: Exiting /tmp/24923.1.standard.q/ssh
Warning> Randomization of stack pointer is turned on in kernel.
Charm++> synchronizing isomalloc memory region...
[0] consolidated Isomalloc memory region: 0x2ba7c0000000 - 0x7ffb00000000 (88421376 megs)
Charm++: scheduler running in netpoll mode.
Charm++> Running on 2 unique compute nodes (12-way SMP).
Charm++> Cpu topology info:
PE to node map: 0 1 0 1 0 1 0 1 0 1 0 1 0 1 0 1 0 1 0 1 0 1 0 1 
Node to PE map:
Chip #0: 0 2 4 6 8 10 12 14 16 18 20 22 
Chip #1: 1 3 5 7 9 11 13 15 17 19 21 23 
Charm++> cpu topology info is gathered in 0.049 seconds.
Info: NAMD 2.7 for Linux-x86_64
Info: 
Info: Please visit http://www.ks.uiuc.edu/Research/namd/
Info: and send feedback or bug reports to namd@ks.uiuc.edu
Info: 
Info: Please cite Phillips et al., J. Comp. Chem. 26:1781-1802 (2005)
Info: in all publications reporting results obtained with NAMD.
Info: 
Info: Based on Charm++/Converse 60202 for net-linux-x86_64
Info: Built Fri Jun 17 11:23:43 EDT 2011 by jason on node026.pug.pbtech
Info: 1 NAMD  2.7  Linux-x86_64  24    node067.pug.pbtech  jam2079
Info: Running on 24 processors.
Info: CPU topology information available.
Info: Charm++/Converse parallel runtime startup completed at 0.288852 s
Info: 1.64034 MB of memory in use based on CmiMemoryUsage
Info: Changed directory to phase2a
Info: Configuration file is rho_equil_phase2a3.np.in
TCL: Suspending until startup complete.
Info: EXTENDED SYSTEM FILE   /home/jam2079/Pathrover/3tt1/phase2a/dat_equil_phase2a2.restart.xsc
Info: SIMULATION PARAMETERS:
Info: TIMESTEP               1
Info: NUMBER OF STEPS        0
Info: STEPS PER CYCLE        20
Info: PERIODIC CELL BASIS 1  129.008 0 0
Info: PERIODIC CELL BASIS 2  0 134.437 0
Info: PERIODIC CELL BASIS 3  0 0 127.995
Info: PERIODIC CELL CENTER   39.571 42.926 -0.222
Info: WRAPPING ALL CLUSTERS AROUND PERIODIC BOUNDARIES ON OUTPUT.
Info: LOAD BALANCER  Centralized
Info: LOAD BALANCING STRATEGY  New Load Balancers -- ASB
Info: LDB PERIOD             4000 steps
Info: FIRST LDB TIMESTEP     100
Info: LAST LDB TIMESTEP     -1
Info: LDB BACKGROUND SCALING 1
Info: HOM BACKGROUND SCALING 1
Info: PME BACKGROUND SCALING 1
Info: MAX SELF PARTITIONS    20
Info: MAX PAIR PARTITIONS    8
Info: SELF PARTITION ATOMS   154
Info: SELF2 PARTITION ATOMS   154
Info: PAIR PARTITION ATOMS   318
Info: PAIR2 PARTITION ATOMS  637
Info: MIN ATOMS PER PATCH    100
Info: VELOCITY FILE          /home/jam2079/Pathrover/3tt1/phase2a/dat_equil_phase2a2.restart.vel
Info: CENTER OF MASS MOVING INITIALLY? NO
Info: DIELECTRIC             1
Info: EXCLUDE                SCALED ONE-FOUR
Info: 1-4 ELECTROSTATICS SCALED BY 1
Info: MODIFIED 1-4 VDW PARAMETERS WILL BE USED
Info: DCD FILENAME           ./dat_equil_phase2a3.np.dcd
Info: DCD FREQUENCY          5000
Info: DCD FIRST STEP         5000
Info: DCD FILE WILL CONTAIN UNIT CELL DATA
Info: XST FILENAME           ./dat_equil_phase2a3.np.xst
Info: XST FREQUENCY          5000
Info: NO VELOCITY DCD OUTPUT
Info: OUTPUT FILENAME        ./dat_equil_phase2a3.np
Info: RESTART FILENAME       ./dat_equil_phase2a3.np.restart
Info: RESTART FREQUENCY      5000
Info: BINARY RESTART FILES WILL BE USED
Info: SWITCHING ACTIVE
Info: SWITCHING ON           10
Info: SWITCHING OFF          12
Info: PAIRLIST DISTANCE      13.5
Info: PAIRLIST SHRINK RATE   0.01
Info: PAIRLIST GROW RATE     0.01
Info: PAIRLIST TRIGGER       0.3
Info: PAIRLISTS PER CYCLE    2
Info: PAIRLISTS ENABLED
Info: MARGIN                 2.5
Info: HYDROGEN GROUP CUTOFF  2.5
Info: PATCH DIMENSION        18.5
Info: ENERGY OUTPUT STEPS    5000
Info: CROSSTERM ENERGY INCLUDED IN DIHEDRAL
Info: TIMING OUTPUT STEPS    5000
Info: PRESSURE OUTPUT STEPS  5000
Info: HARMONIC CONSTRAINTS ACTIVE
Info: HARMONIC CONS EXP      2
Info: LANGEVIN DYNAMICS ACTIVE
Info: LANGEVIN TEMPERATURE   310
Info: LANGEVIN DAMPING COEFFICIENT IS 5 INVERSE PS
Info: LANGEVIN DYNAMICS NOT APPLIED TO HYDROGENS
Info: LANGEVIN PISTON PRESSURE CONTROL ACTIVE
Info:        TARGET PRESSURE IS 1.01325 BAR
Info:     OSCILLATION PERIOD IS 200 FS
Info:             DECAY TIME IS 50 FS
Info:     PISTON TEMPERATURE IS 310 K
Info:       PRESSURE CONTROL IS GROUP-BASED
Info:    INITIAL STRAIN RATE IS 2.42179e-05 2.42179e-05 2.79272e-05
Info:       CELL FLUCTUATION IS ANISOTROPIC
Info:     SHAPE OF CELL IS CONSTRAINED IN X-Y PLANE
Info: PARTICLE MESH EWALD (PME) ACTIVE
Info: PME TOLERANCE               1e-06
Info: PME EWALD COEFFICIENT       0.257952
Info: PME INTERPOLATION ORDER     4
Info: PME GRID DIMENSIONS         132 144 128
Info: PME MAXIMUM GRID SPACING    1
Info: Attempting to read FFTW data from FFTW_NAMD_2.7_Linux-x86_64.txt
Info: Optimizing 6 FFT steps.  1... 2... 3... 4... 5... 6...   Done.
Info: Writing FFTW data to FFTW_NAMD_2.7_Linux-x86_64.txt
Info: FULL ELECTROSTATIC EVALUATION FREQUENCY      4
Info: USING VERLET I (r-RESPA) MTS SCHEME.
Info: C1 SPLITTING OF LONG RANGE ELECTROSTATICS
Info: PLACING ATOMS IN PATCHES BY HYDROGEN GROUPS
Info: RIGID BONDS TO HYDROGEN : ALL
Info:         ERROR TOLERANCE : 1e-08
Info:          MAX ITERATIONS : 100
Info: RIGID WATER USING SETTLE ALGORITHM
Info: NONBONDED FORCES EVALUATED EVERY 2 STEPS
Info: RANDOM NUMBER SEED     1399378892
Info: USE HYDROGEN BONDS?    NO
Info: COORDINATE PDB         /home/jam2079/Pathrover/3tt1/phase2a/dat_equil_phase2a2.coor
Info: STRUCTURE FILE         /home/jam2079/Pathrover/3tt1/common/ionized.psf
Info: PARAMETER file: CHARMM format! 
Info: PARAMETERS             /home/jam2079/Pathrover/3tt1/common/parameters_all.prm
Info: USING ARITHMETIC MEAN TO COMBINE L-J SIGMA PARAMETERS
Info: BINARY COORDINATES     /home/jam2079/Pathrover/3tt1/phase2a/dat_equil_phase2a2.restart.coor
Info: SUMMARY OF PARAMETERS:
Info: 231 BONDS
Info: 615 ANGLES
Info: 936 DIHEDRAL
Info: 55 IMPROPER
Info: 6 CROSSTERM
Info: 152 VDW
Info: 0 VDW_PAIRS
Info: TIME FOR READING PSF FILE: 3.47823
Info: TIME FOR READING PDB FILE: 0.363359
Info: 
Info: Reading from binary file /home/jam2079/Pathrover/3tt1/phase2a/dat_equil_phase2a2.restart.coor
Info: ****************************
Info: STRUCTURE SUMMARY:
Info: 223945 ATOMS
Info: 174173 BONDS
Info: 193453 ANGLES
Info: 201079 DIHEDRALS
Info: 2283 IMPROPERS
Info: 0 CROSSTERMS
Info: 0 EXCLUSIONS
Info: 2063 CONSTRAINTS
Info: 192958 RIGID BONDS
Info: 478877 DEGREES OF FREEDOM
Info: 80205 HYDROGEN GROUPS
Info: 4 ATOMS IN LARGEST HYDROGEN GROUP
Info: 80205 MIGRATION GROUPS
Info: 4 ATOMS IN LARGEST MIGRATION GROUP
Info: TOTAL MASS = 1.33978e+06 amu
Info: TOTAL CHARGE = 5.37336e-05 e
Info: MASS DENSITY = 1.00222 g/cm^3
Info: ATOM DENSITY = 0.100882 atoms/A^3
Info: *****************************
Info: 
Info: Entering startup at 4.98423 s, 62.5442 MB of memory in use
Info: Startup phase 0 took 0.041826 s, 62.5405 MB of memory in use
Info: Startup phase 1 took 1.81912 s, 107.888 MB of memory in use
Info: Startup phase 2 took 0.0430689 s, 109.603 MB of memory in use
Info: PATCH GRID IS 6 (PERIODIC) BY 7 (PERIODIC) BY 6 (PERIODIC)
Info: PATCH GRID IS 1-AWAY BY 1-AWAY BY 1-AWAY
Info: Reading from binary file /home/jam2079/Pathrover/3tt1/phase2a/dat_equil_phase2a2.restart.vel
Info: REMOVING COM VELOCITY -0.00379743 0.0325675 0.00483865
Info: LARGEST PATCH (112) HAS 987 ATOMS
Info: Startup phase 3 took 0.197808 s, 139.113 MB of memory in use
Info: PME using 22 and 24 processors for FFT and reciprocal sum.
Info: PME GRID LOCATIONS: 1 2 3 4 5 6 7 8 9 10 ...
Info: PME TRANS LOCATIONS: 0 1 2 3 4 5 6 7 8 9 ...
Info: Optimizing 4 FFT steps.  1... 2... 3... 4...   Done.
Info: Startup phase 4 took 0.0591571 s, 139.978 MB of memory in use
Info: Startup phase 5 took 0.075002 s, 112.942 MB of memory in use
LDB: Central LB being created...
Info: Startup phase 6 took 1.2809 s, 112.986 MB of memory in use
Info: CREATING 16811 COMPUTE OBJECTS
Info: useSync: 1 useProxySync: 0
Info: NONBONDED TABLE R-SQUARED SPACING: 0.0625
Info: NONBONDED TABLE SIZE: 769 POINTS
Info: Startup phase 7 took 0.051065 s, 117.123 MB of memory in use
Info: Startup phase 8 took 0.000236034 s, 118.511 MB of memory in use
Info: Finished startup at 8.55242 s, 118.511 MB of memory in use

TCL: Running for 250000 steps
PRESSURE: 0 -14234.9 -226.726 8.53083 -224.397 -14434.8 30.9098 60.1604 59.0293 -14411.1
GPRESSURE: 0 73.4547 -126.74 -15.2273 -170.837 -96.3694 20.6745 32.0081 114.499 -154.835
ETITLE:      TS           BOND          ANGLE          DIHED          IMPRP               ELECT            VDW       BOUNDARY           MISC        KINETIC               TOTAL           TEMP      POTENTIAL         TOTAL3        TEMPAVG            PRESSURE      GPRESSURE         VOLUME       PRESSAVG      GPRESSAVG

ENERGY:       0      8973.0352     44707.8859     30925.3348       605.4254        -607125.5734     25969.1836       282.3634         0.0000    147368.4184        -348293.9267       309.7211   -495662.3450   -347929.5263       309.7211         -14360.2638       -59.2498   2219874.6902    -14360.2638       -59.2498

OPENING EXTENDED SYSTEM TRAJECTORY FILE
LDB: ============= START OF LOAD BALANCING ============== 18.9991
LDB: ============== END OF LOAD BALANCING =============== 18.9998

Info: Initial time: 24 CPUs 0.103279 s/step 1.19536 days/ns 143.258 MB memory
LDB: ============= START OF LOAD BALANCING ============== 29.3102
LDB: TIME 29.3448 LOAD: AVG 9.15734 MAX 9.73321  PROXIES: TOTAL 632 MAXPE 27 MAXPATCH 4 None 1.60404
LDB: TIME 29.4815 LOAD: AVG 9.15734 MAX 9.15784  PROXIES: TOTAL 632 MAXPE 27 MAXPATCH 4 TorusLB 1.60404
LDB: TIME 29.4817 LOAD: AVG 9.15734 MAX 9.15784  PROXIES: TOTAL 632 MAXPE 27 MAXPATCH 4 TorusLB 1.60404
LDB: ============== END OF LOAD BALANCING =============== 29.5179

Info: Initial time: 24 CPUs 0.101454 s/step 1.17424 days/ns 142.508 MB memory
LDB: ============= START OF LOAD BALANCING ============== 40.0669
LDB: TIME 40.1019 LOAD: AVG 9.25279 MAX 9.47615  PROXIES: TOTAL 632 MAXPE 27 MAXPATCH 4 None 1.64754
LDB: TIME 40.1345 LOAD: AVG 9.25279 MAX 9.47615  PROXIES: TOTAL 632 MAXPE 27 MAXPATCH 4 RefineTorusLB 1.64754
LDB: ============== END OF LOAD BALANCING =============== 40.1379

Info: Initial time: 24 CPUs 0.10349 s/step 1.1978 days/ns 144.021 MB memory
LDB: ============= START OF LOAD BALANCING ============== 50.7106
LDB: TIME 50.7367 LOAD: AVG 9.24122 MAX 9.53531  PROXIES: TOTAL 632 MAXPE 27 MAXPATCH 4 None 1.65401
LDB: TIME 50.7626 LOAD: AVG 9.24122 MAX 9.53531  PROXIES: TOTAL 632 MAXPE 27 MAXPATCH 4 RefineTorusLB 1.65401
LDB: ============== END OF LOAD BALANCING =============== 50.7647

Info: Benchmark time: 24 CPUs 0.104038 s/step 1.20414 days/ns 145.394 MB memory
Info: Benchmark time: 24 CPUs 0.104126 s/step 1.20516 days/ns 145.197 MB memory
Info: Benchmark time: 24 CPUs 0.103749 s/step 1.2008 days/ns 145.278 MB memory
LDB: ============= START OF LOAD BALANCING ============== 460.601
LDB: ============== END OF LOAD BALANCING =============== 460.602

LDB: ============= START OF LOAD BALANCING ============== 471.404
LDB: TIME 471.439 LOAD: AVG 9.30068 MAX 9.47821  PROXIES: TOTAL 632 MAXPE 27 MAXPATCH 4 None 1.66476
LDB: TIME 471.474 LOAD: AVG 9.30068 MAX 9.47821  PROXIES: TOTAL 632 MAXPE 27 MAXPATCH 4 RefineTorusLB 1.66476
LDB: ============== END OF LOAD BALANCING =============== 471.476

PRESSURE: 5000 -14491.6 92.3501 -164.103 96.2611 -14863.9 -37.6272 -199.111 -27.5833 -14392.4
GPRESSURE: 5000 -84.066 76.076 -143.198 88.9602 -439.424 -35.9915 -269.946 -5.07664 -130.431
PRESSAVG: 5000 14.3171 3.20524 9.25881 2.01925 -15.9868 -2.13445 11.9661 -0.0673979 -6.94171
GPRESSAVG: 5000 14.352 3.22481 9.21371 1.96447 -15.974 -2.10986 12.0212 -0.254594 -6.96296
TIMING: 5000  CPU: 462.908, 0.0925203/step  Wall: 526.376, 0.105176/step, 7.15783 hours remaining, 164.441330 MB of memory in use.
ENERGY:    5000      8905.6539     44951.1345     30834.0767       575.3721        -607357.0320     25080.3050       270.6671         0.0000    147615.1048        -349124.7178       310.2396   -496739.8227   -348761.8774       310.0557         -14582.6489      -217.9736   2212231.0664        -2.8705        -2.8616

WRITING EXTENDED SYSTEM TO RESTART FILE AT STEP 5000
OPENING COORDINATE DCD FILE
WRITING COORDINATES TO DCD FILE AT STEP 5000
WRITING COORDINATES TO RESTART FILE AT STEP 5000
FINISHED WRITING RESTART COORDINATES
WRITING VELOCITIES TO RESTART FILE AT STEP 5000
FINISHED WRITING RESTART VELOCITIES
LDB: ============= START OF LOAD BALANCING ============== 880.842
LDB: ============== END OF LOAD BALANCING =============== 880.843

LDB: ============= START OF LOAD BALANCING ============== 891.608
LDB: TIME 891.676 LOAD: AVG 9.30702 MAX 9.47747  PROXIES: TOTAL 632 MAXPE 27 MAXPATCH 4 None 1.66873
LDB: TIME 891.704 LOAD: AVG 9.30702 MAX 9.47747  PROXIES: TOTAL 632 MAXPE 27 MAXPATCH 4 RefineTorusLB 1.66873
LDB: ============== END OF LOAD BALANCING =============== 891.706

PRESSURE: 10000 -14255.9 -50.054 50.3464 -89.9772 -14530.2 15.542 -6.02331 85.1697 -14393.2
GPRESSURE: 10000 196.883 -34.8187 38.8455 -78.1335 -69.4219 15.9501 -57.3328 141.351 -90.4733
PRESSAVG: 10000 2.58675 5.22918 11.7368 15.6137 4.36725 -0.606823 -1.35437 18.0676 2.31178
GPRESSAVG: 10000 2.58833 5.21604 11.7841 15.6818 4.41416 -0.67025 -1.35295 18.0904 2.23122
TIMING: 10000  CPU: 925.328, 0.0924841/step  Wall: 1051.69, 0.105062/step, 7.00412 hours remaining, 168.623596 MB of memory in use.
ENERGY:   10000      8967.5768     45021.7612     30836.3646       565.5640        -607857.8166     25751.9055       262.0661         0.0000    147654.0762        -348798.5022       310.3215   -496452.5784   -348411.8012       309.9534         -14393.0989        12.3293   2205309.4064         3.0886         3.0779

WRITING EXTENDED SYSTEM TO RESTART FILE AT STEP 10000
WRITING COORDINATES TO DCD FILE AT STEP 10000
WRITING COORDINATES TO RESTART FILE AT STEP 10000
FINISHED WRITING RESTART COORDINATES
WRITING VELOCITIES TO RESTART FILE AT STEP 10000
FINISHED WRITING RESTART VELOCITIES
LDB: ============= START OF LOAD BALANCING ============== 1302.22
LDB: ============== END OF LOAD BALANCING =============== 1302.22

LDB: ============= START OF LOAD BALANCING ============== 1312.78
LDB: TIME 1312.82 LOAD: AVG 9.33187 MAX 9.63422  PROXIES: TOTAL 632 MAXPE 27 MAXPATCH 4 None 1.68302
LDB: TIME 1312.85 LOAD: AVG 9.33187 MAX 9.63422  PROXIES: TOTAL 632 MAXPE 27 MAXPATCH 4 RefineTorusLB 1.68302
LDB: ============== END OF LOAD BALANCING =============== 1312.85

PRESSURE: 15000 -14368 -192.835 -51.5581 -182.171 -14345.8 -97.0384 -69.8844 -101.601 -14490.1
GPRESSURE: 15000 195.717 -232.451 27.9461 -141.771 56.7826 -86.0519 -36.576 -46.0484 -71.6435
PRESSAVG: 15000 11.36 -2.98187 29.6846 9.29814 -7.7122 -9.78459 22.5529 -0.0564287 -3.34878
GPRESSAVG: 15000 11.4756 -2.90841 29.6869 9.41538 -7.77612 -9.60349 22.6424 -0.0368991 -3.27144
TIMING: 15000  CPU: 1388.56, 0.0926461/step  Wall: 1578.24, 0.10531/step, 6.8744 hours remaining, 170.651093 MB of memory in use.
ENERGY:   15000      9059.5020     44999.7018     30932.3824       586.3347        -607968.4457     25247.9905       238.4886         0.0000    147370.7078        -349533.3378       309.7259   -496904.0456   -349176.2496       309.8430         -14401.3084        60.2853   2197886.5053         0.0997         0.1427

WRITING EXTENDED SYSTEM TO RESTART FILE AT STEP 15000
WRITING COORDINATES TO DCD FILE AT STEP 15000
WRITING COORDINATES TO RESTART FILE AT STEP 15000
FINISHED WRITING RESTART COORDINATES
WRITING VELOCITIES TO RESTART FILE AT STEP 15000
FINISHED WRITING RESTART VELOCITIES
LDB: ============= START OF LOAD BALANCING ============== 1724.08
LDB: ============== END OF LOAD BALANCING =============== 1724.08

LDB: ============= START OF LOAD BALANCING ============== 1734.97
LDB: TIME 1735 LOAD: AVG 9.36462 MAX 9.605  PROXIES: TOTAL 632 MAXPE 27 MAXPATCH 4 None 1.6878
LDB: TIME 1735.03 LOAD: AVG 9.36462 MAX 9.605  PROXIES: TOTAL 632 MAXPE 27 MAXPATCH 4 RefineTorusLB 1.6878
LDB: ============== END OF LOAD BALANCING =============== 1735.03

WRITING COORDINATES TO DCD FILE AT STEP 20000
WRITING COORDINATES TO RESTART FILE AT STEP 20000
FINISHED WRITING RESTART COORDINATES
PRESSURE: 20000 -14243.5 64.0205 -49.2499 67.8618 -14526.9 -139.137 -65.2729 -133.544 -14406.5
GPRESSURE: 20000 205.355 42.6466 -76.5034 -11.9314 -50.0123 -149.446 -18.304 -133.654 -13.6722
PRESSAVG: 20000 7.56981 4.25437 8.68049 21.0475 -11.3451 -6.78314 3.97947 1.07519 2.97381
GPRESSAVG: 20000 7.55531 4.15083 8.72221 21.1169 -11.3883 -6.75672 3.78259 1.10224 2.96079
TIMING: 20000  CPU: 1852.97, 0.0928831/step  Wall: 2106.26, 0.105604/step, 6.74694 hours remaining, 168.670166 MB of memory in use.
ENERGY:   20000      9028.2710     44814.4725     30841.7810       579.5706        -606924.8837     24658.4528       262.9703         0.0000    147229.9796        -349509.3858       309.4302   -496739.3654   -349148.4545       309.9064         -14392.2859        47.2234   2193721.9706        -0.2672        -0.2907

WRITING EXTENDED SYSTEM TO RESTART FILE AT STEP 20000
WRITING VELOCITIES TO RESTART FILE AT STEP 20000
FINISHED WRITING RESTART VELOCITIES
LDB: ============= START OF LOAD BALANCING ============== 2146.23
LDB: ============== END OF LOAD BALANCING =============== 2146.23

LDB: ============= START OF LOAD BALANCING ============== 2156.93
LDB: TIME 2156.97 LOAD: AVG 9.34842 MAX 9.66065  PROXIES: TOTAL 632 MAXPE 27 MAXPATCH 4 None 1.68555
LDB: TIME 2157 LOAD: AVG 9.34842 MAX 9.66065  PROXIES: TOTAL 632 MAXPE 27 MAXPATCH 4 RefineTorusLB 1.68555
LDB: ============== END OF LOAD BALANCING =============== 2157

LDB: ============= START OF LOAD BALANCING ============== 2570
LDB: ============== END OF LOAD BALANCING =============== 2570

LDB: ============= START OF LOAD BALANCING ============== 2580.87
LDB: TIME 2580.91 LOAD: AVG 9.37724 MAX 9.68158  PROXIES: TOTAL 632 MAXPE 27 MAXPATCH 4 None 1.687
LDB: TIME 2580.94 LOAD: AVG 9.37724 MAX 9.68158  PROXIES: TOTAL 632 MAXPE 27 MAXPATCH 4 RefineTorusLB 1.687
LDB: ============== END OF LOAD BALANCING =============== 2580.95

PRESSURE: 25000 -14461.3 -16.4781 -186.767 -39.3488 -14373.6 68.9521 -137.052 52.6577 -14289
GPRESSURE: 25000 7.66768 34.5761 -160.593 -48.0781 68.543 56.3353 -108.839 161.063 95.408
PRESSAVG: 25000 15.9521 0.910749 2.23884 -8.36935 -10.2093 -12.3251 5.58815 -6.17239 -2.12428
GPRESSAVG: 25000 15.9028 1.04654 2.12031 -8.42758 -10.1941 -12.3889 5.62509 -6.16195 -2.11674
TIMING: 25000  CPU: 2318.46, 0.0930976/step  Wall: 2636.53, 0.106054/step, 6.6284 hours remaining, 170.126556 MB of memory in use.
ENERGY:   25000      8954.1162     44901.4568     30796.4007       576.6299        -607124.9441     24567.9002       258.4866         0.0000    146701.9848        -350367.9688       308.3205   -497069.9536   -350020.4153       309.8919         -14374.6409        57.2062   2193722.5290         1.2062         1.1973

WRITING EXTENDED SYSTEM TO RESTART FILE AT STEP 25000
WRITING COORDINATES TO DCD FILE AT STEP 25000
WRITING COORDINATES TO RESTART FILE AT STEP 25000
FINISHED WRITING RESTART COORDINATES
WRITING VELOCITIES TO RESTART FILE AT STEP 25000
FINISHED WRITING RESTART VELOCITIES
LDB: ============= START OF LOAD BALANCING ============== 2993.35
LDB: ============== END OF LOAD BALANCING =============== 2993.35

LDB: ============= START OF LOAD BALANCING ============== 3004.1
LDB: TIME 3004.14 LOAD: AVG 9.37932 MAX 9.66915  PROXIES: TOTAL 632 MAXPE 27 MAXPATCH 4 None 1.69611
LDB: TIME 3004.18 LOAD: AVG 9.37932 MAX 9.66915  PROXIES: TOTAL 632 MAXPE 27 MAXPATCH 4 RefineTorusLB 1.69611
LDB: ============== END OF LOAD BALANCING =============== 3004.18

PRESSURE: 30000 -14573.1 125.438 59.2736 87.1492 -14379.9 -42.9962 60.6623 -4.16002 -14260.4
GPRESSURE: 30000 -58.8666 73.3246 52.441 58.3733 200.224 -96.271 29.1195 9.17016 58.012
PRESSAVG: 30000 2.09196 9.94527 -0.302245 12.2032 -1.76461 0.439894 8.74707 12.5536 -0.617449
GPRESSAVG: 30000 2.01176 9.75158 -0.209503 12.1838 -1.59419 0.331938 8.61543 12.4842 -0.611758
TIMING: 30000  CPU: 2783.11, 0.0929305/step  Wall: 3165.09, 0.105712/step, 6.46016 hours remaining, 169.377289 MB of memory in use.
ENERGY:   30000      8911.4531     44593.3423     30702.7252       593.7169        -607523.6865     24899.5340       243.0829         0.0000    147119.1131        -350460.7190       309.1972   -497579.8321   -350115.4671       309.6524         -14404.4763        66.4564   2194392.5909        -0.0967        -0.0647

WRITING EXTENDED SYSTEM TO RESTART FILE AT STEP 30000
WRITING COORDINATES TO DCD FILE AT STEP 30000
WRITING COORDINATES TO RESTART FILE AT STEP 30000
FINISHED WRITING RESTART COORDINATES
WRITING VELOCITIES TO RESTART FILE AT STEP 30000
FINISHED WRITING RESTART VELOCITIES
LDB: ============= START OF LOAD BALANCING ============== 3416.47
LDB: ============== END OF LOAD BALANCING =============== 3416.47

LDB: ============= START OF LOAD BALANCING ============== 3427.29
LDB: TIME 3427.32 LOAD: AVG 9.37848 MAX 9.65341  PROXIES: TOTAL 632 MAXPE 27 MAXPATCH 4 None 1.69085
LDB: TIME 3427.35 LOAD: AVG 9.37848 MAX 9.65341  PROXIES: TOTAL 632 MAXPE 27 MAXPATCH 4 RefineTorusLB 1.69085
LDB: ============== END OF LOAD BALANCING =============== 3427.36

WRITING COORDINATES TO DCD FILE AT STEP 35000
WRITING COORDINATES TO RESTART FILE AT STEP 35000
FINISHED WRITING RESTART COORDINATES
PRESSURE: 35000 -14601.6 24.1257 141.814 19.843 -14647.6 32.4482 84.7795 57.7901 -14534.3
GPRESSURE: 35000 -187.993 -56.2639 129.275 -0.523225 -135.108 -16.4423 54.6625 -58.18 -143.569
PRESSAVG: 35000 -9.23433 -7.59338 -7.06843 7.35479 4.88383 18.3416 -10.5967 29.3461 -1.91097
GPRESSAVG: 35000 -9.12289 -7.64749 -7.22655 7.22891 4.81664 18.3037 -10.4142 29.513 -1.99168
TIMING: 35000  CPU: 3247.86, 0.0929491/step  Wall: 3694.08, 0.105798/step, 6.31848 hours remaining, 168.484344 MB of memory in use.
ENERGY:   35000      8907.5893     44872.2069     30800.0527       549.8579        -607196.8288     24443.9049       248.1065         0.0000    147429.7954        -349945.3152       309.8501   -497375.1105   -349590.7215       309.7300         -14594.5219      -155.5568   2195748.5258        -2.0872        -2.0993

WRITING EXTENDED SYSTEM TO RESTART FILE AT STEP 35000
WRITING VELOCITIES TO RESTART FILE AT STEP 35000
FINISHED WRITING RESTART VELOCITIES
LDB: ============= START OF LOAD BALANCING ============== 3839.87
LDB: ============== END OF LOAD BALANCING =============== 3839.87

LDB: ============= START OF LOAD BALANCING ============== 3850.7
LDB: TIME 3850.75 LOAD: AVG 9.37645 MAX 9.69161  PROXIES: TOTAL 632 MAXPE 27 MAXPATCH 4 None 1.67615
LDB: TIME 3850.79 LOAD: AVG 9.37645 MAX 9.69161  PROXIES: TOTAL 632 MAXPE 27 MAXPATCH 4 RefineTorusLB 1.67615
LDB: ============== END OF LOAD BALANCING =============== 3850.79

PRESSURE: 40000 -14299.3 77.0712 -21.1879 65.8296 -14615.1 43.4823 -11.6754 -1.52669 -14267
GPRESSURE: 40000 154.187 -2.42655 12.4848 -9.63153 -29.9424 25.3035 11.4287 -60.9092 144.6
PRESSAVG: 40000 14.2429 -0.928881 6.15742 -5.33559 -18.7095 3.0982 8.19862 0.997888 -1.28245
GPRESSAVG: 40000 14.2846 -1.01607 6.23277 -5.25017 -18.6728 3.17624 8.27018 1.05323 -1.35073
TIMING: 40000  CPU: 3712.8, 0.0929879/step  Wall: 4223.8, 0.105946/step, 6.18016 hours remaining, 169.960236 MB of memory in use.
ENERGY:   40000      8875.8448     45146.8610     30849.2903       586.5352        -608350.9599     25326.8214       245.7557         0.0000    147425.7471        -349894.1043       309.8416   -497319.8514   -349541.4218       310.0727         -14393.7733        89.6149   2192676.1438        -1.9164        -1.9130

WRITING EXTENDED SYSTEM TO RESTART FILE AT STEP 40000
WRITING COORDINATES TO DCD FILE AT STEP 40000
WRITING COORDINATES TO RESTART FILE AT STEP 40000
FINISHED WRITING RESTART COORDINATES
WRITING VELOCITIES TO RESTART FILE AT STEP 40000
FINISHED WRITING RESTART VELOCITIES
LDB: ============= START OF LOAD BALANCING ============== 4263.99
LDB: ============== END OF LOAD BALANCING =============== 4263.99

LDB: ============= START OF LOAD BALANCING ============== 4274.88
LDB: TIME 4274.91 LOAD: AVG 9.37132 MAX 9.62336  PROXIES: TOTAL 632 MAXPE 27 MAXPATCH 4 None 1.66479
LDB: TIME 4274.94 LOAD: AVG 9.37132 MAX 9.62336  PROXIES: TOTAL 632 MAXPE 27 MAXPATCH 4 RefineTorusLB 1.66479
LDB: ============== END OF LOAD BALANCING =============== 4274.94

LDB: ============= START OF LOAD BALANCING ============== 4687.77
LDB: ============== END OF LOAD BALANCING =============== 4687.78

LDB: ============= START OF LOAD BALANCING ============== 4698.68
LDB: TIME 4698.73 LOAD: AVG 9.38749 MAX 9.59929  PROXIES: TOTAL 632 MAXPE 27 MAXPATCH 4 None 1.68095
LDB: TIME 4698.76 LOAD: AVG 9.38749 MAX 9.59929  PROXIES: TOTAL 632 MAXPE 27 MAXPATCH 4 RefineTorusLB 1.68095
LDB: ============== END OF LOAD BALANCING =============== 4698.76

PRESSURE: 45000 -14391.3 -73.9474 7.1664 -99.812 -14456.7 -50.719 34.2962 -48.7961 -14126.1
GPRESSURE: 45000 60.0077 -10.321 35.5467 1.7001 18.7983 35.1177 95.2072 10.3982 319.214
PRESSAVG: 45000 9.2331 -4.82896 6.26985 -0.58057 -3.39871 0.218258 17.2485 18.0202 2.47034
GPRESSAVG: 45000 9.16651 -4.94556 6.2738 -0.537246 -3.28135 0.156578 17.2124 17.8922 2.5115
TIMING: 45000  CPU: 4178.71, 0.0931816/step  Wall: 4754.07, 0.106053/step, 6.03911 hours remaining, 171.688171 MB of memory in use.
ENERGY:   45000      8917.2704     44872.6983     30833.0492       558.2371        -608005.0876     25017.7683       251.9930         0.0000    147126.4561        -350427.6152       309.2126   -497554.0713   -350052.8644       309.8653         -14324.6845       132.6734   2194197.7155         2.7682         2.7989

WRITING EXTENDED SYSTEM TO RESTART FILE AT STEP 45000
WRITING COORDINATES TO DCD FILE AT STEP 45000
WRITING COORDINATES TO RESTART FILE AT STEP 45000
FINISHED WRITING RESTART COORDINATES
WRITING VELOCITIES TO RESTART FILE AT STEP 45000
FINISHED WRITING RESTART VELOCITIES
LDB: ============= START OF LOAD BALANCING ============== 5111.38
LDB: ============== END OF LOAD BALANCING =============== 5111.38

LDB: ============= START OF LOAD BALANCING ============== 5122.38
LDB: TIME 5122.41 LOAD: AVG 9.41186 MAX 9.82382  PROXIES: TOTAL 632 MAXPE 27 MAXPATCH 4 None 1.69603
LDB: TIME 5122.44 LOAD: AVG 9.41186 MAX 9.82382  PROXIES: TOTAL 632 MAXPE 27 MAXPATCH 4 RefineTorusLB 1.69603
LDB: ============== END OF LOAD BALANCING =============== 5122.44

PRESSURE: 50000 -14741.6 -50.7808 -6.30718 -65.3898 -14661.9 126.837 46.8705 91.7985 -14561.9
GPRESSURE: 50000 -197.035 12.5895 -17.9286 55.0018 -153.504 54.5791 91.1731 109.264 -154.224
PRESSAVG: 50000 -20.5444 4.43143 0.295973 16.3655 25.4502 5.47838 13.6261 -3.01822 2.9344
GPRESSAVG: 50000 -20.5343 4.34142 0.0979198 16.3848 25.4921 5.48891 13.5852 -3.11885 2.92299
TIMING: 50000  CPU: 4644.9, 0.0932376/step  Wall: 5284.25, 0.106036/step, 5.8909 hours remaining, 169.184845 MB of memory in use.
ETITLE:      TS           BOND          ANGLE          DIHED          IMPRP               ELECT            VDW       BOUNDARY           MISC        KINETIC               TOTAL           TEMP      POTENTIAL         TOTAL3        TEMPAVG            PRESSURE      GPRESSURE         VOLUME       PRESSAVG      GPRESSAVG

ENERGY:   50000      8916.2655     44974.1673     30778.5694       576.8864        -607392.7447     23846.3745       240.7980         0.0000    147511.1660        -350548.5175       310.0211   -498059.6835   -350193.0226       309.7097         -14655.1178      -168.2547   2190747.9902         2.6134         2.6269

WRITING EXTENDED SYSTEM TO RESTART FILE AT STEP 50000
WRITING COORDINATES TO DCD FILE AT STEP 50000
WRITING COORDINATES TO RESTART FILE AT STEP 50000
FINISHED WRITING RESTART COORDINATES
WRITING VELOCITIES TO RESTART FILE AT STEP 50000
FINISHED WRITING RESTART VELOCITIES
LDB: ============= START OF LOAD BALANCING ============== 5536.43
LDB: ============== END OF LOAD BALANCING =============== 5536.43

LDB: ============= START OF LOAD BALANCING ============== 5547.21
LDB: TIME 5547.25 LOAD: AVG 9.38293 MAX 9.67721  PROXIES: TOTAL 632 MAXPE 27 MAXPATCH 4 None 1.68267
LDB: TIME 5547.28 LOAD: AVG 9.38293 MAX 9.67721  PROXIES: TOTAL 632 MAXPE 27 MAXPATCH 4 RefineTorusLB 1.68267
LDB: ============== END OF LOAD BALANCING =============== 5547.28

PRESSURE: 55000 -14449.6 -187.919 -0.518178 -162.311 -14720.1 113.308 -8.1143 105.073 -14515.5
GPRESSURE: 55000 108.032 -198.214 29.1397 -126.511 -143.735 110.085 62.2933 124.084 -154.723
PRESSAVG: 55000 2.16964 1.32754 -11.5413 10.4358 -0.501941 0.655381 3.67728 -7.21338 -3.93081
GPRESSAVG: 55000 2.17326 1.44074 -11.6146 10.4216 -0.556705 0.626586 3.85405 -7.31645 -3.99625
TIMING: 55000  CPU: 5111.36, 0.0932922/step  Wall: 5814.88, 0.106127/step, 5.74856 hours remaining, 170.060028 MB of memory in use.
ENERGY:   55000      8967.8795     45062.3832     30831.2999       562.9573        -607672.4068     24334.0803       234.1394         0.0000    146861.2363        -350818.4309       308.6552   -497679.6671   -350452.8268       309.7243         -14561.7277       -63.4754   2188527.9822        -0.7544        -0.7932

WRITING EXTENDED SYSTEM TO RESTART FILE AT STEP 55000
WRITING COORDINATES TO DCD FILE AT STEP 55000
WRITING COORDINATES TO RESTART FILE AT STEP 55000
FINISHED WRITING RESTART COORDINATES
WRITING VELOCITIES TO RESTART FILE AT STEP 55000
FINISHED WRITING RESTART VELOCITIES
LDB: ============= START OF LOAD BALANCING ============== 5960.7
LDB: ============== END OF LOAD BALANCING =============== 5960.7

LDB: ============= START OF LOAD BALANCING ============== 5971.5
LDB: TIME 5971.53 LOAD: AVG 9.39882 MAX 9.67507  PROXIES: TOTAL 632 MAXPE 27 MAXPATCH 4 None 1.68963
LDB: TIME 5971.56 LOAD: AVG 9.39882 MAX 9.67507  PROXIES: TOTAL 632 MAXPE 27 MAXPATCH 4 RefineTorusLB 1.68963
LDB: ============== END OF LOAD BALANCING =============== 5971.57

PRESSURE: 60000 -14603.2 34.2909 149.74 45.2108 -14656.2 -150.66 123.166 -164.88 -14293.7
GPRESSURE: 60000 -110.41 51.1707 119.511 44.6229 -62.8391 -105.938 141.769 -105.801 134.407
PRESSAVG: 60000 8.03908 -14.3827 -19.8448 -0.332995 -6.11238 -8.4124 2.90195 -6.47408 3.16976
GPRESSAVG: 60000 8.14748 -14.5073 -19.8888 -0.215426 -6.28238 -8.45296 2.95494 -6.44019 3.30468
TIMING: 60000  CPU: 5578.51, 0.093431/step  Wall: 6346.27, 0.106277/step, 5.60905 hours remaining, 169.935150 MB of memory in use.
ENERGY:   60000      8867.2648     44791.0103     30804.2224       574.5481        -608405.7754     24862.5106       238.1770         0.0000    146674.0209        -351594.0212       308.2617   -498268.0421   -351232.6250       309.4403         -14517.6845       -12.9476   2188618.4344         1.6988         1.7233

WRITING EXTENDED SYSTEM TO RESTART FILE AT STEP 60000
WRITING COORDINATES TO DCD FILE AT STEP 60000
WRITING COORDINATES TO RESTART FILE AT STEP 60000
FINISHED WRITING RESTART COORDINATES
WRITING VELOCITIES TO RESTART FILE AT STEP 60000
FINISHED WRITING RESTART VELOCITIES
LDB: ============= START OF LOAD BALANCING ============== 6386.26
LDB: ============== END OF LOAD BALANCING =============== 6386.26

LDB: ============= START OF LOAD BALANCING ============== 6396.96
LDB: TIME 6397 LOAD: AVG 9.38551 MAX 9.71132  PROXIES: TOTAL 632 MAXPE 27 MAXPATCH 4 None 1.6827
LDB: TIME 6397.04 LOAD: AVG 9.38551 MAX 9.71132  PROXIES: TOTAL 632 MAXPE 27 MAXPATCH 4 RefineTorusLB 1.6827
LDB: ============== END OF LOAD BALANCING =============== 6397.04

LDB: ============= START OF LOAD BALANCING ============== 6810.96
LDB: ============== END OF LOAD BALANCING =============== 6810.96

LDB: ============= START OF LOAD BALANCING ============== 6821.78
LDB: TIME 6821.82 LOAD: AVG 9.39457 MAX 9.6892  PROXIES: TOTAL 632 MAXPE 27 MAXPATCH 4 None 1.68338
LDB: TIME 6821.85 LOAD: AVG 9.39457 MAX 9.6892  PROXIES: TOTAL 632 MAXPE 27 MAXPATCH 4 RefineTorusLB 1.68338
LDB: ============== END OF LOAD BALANCING =============== 6821.85

PRESSURE: 65000 -14668.8 7.4658 -75.3123 14.8878 -14506.1 -47.463 -74.7233 -54.8855 -14459.1
GPRESSURE: 65000 -148.624 -7.17651 -87.9807 38.0049 10.7823 -25.0436 -69.6916 -24.3161 -77.7967
PRESSAVG: 65000 -1.83606 -10.0388 -2.92786 5.04531 -4.82777 10.3431 -2.35615 -3.28296 3.2334
GPRESSAVG: 65000 -1.97171 -10.1261 -2.81275 5.05357 -4.92689 10.4837 -2.40403 -3.27255 3.22892
TIMING: 65000  CPU: 6045.62, 0.0934226/step  Wall: 6877.28, 0.106202/step, 5.45762 hours remaining, 169.791656 MB of memory in use.
ENERGY:   65000      8968.5044     44774.4709     30800.2846       580.9265        -607454.9674     24777.0675       248.0613         0.0000    147362.1727        -349943.4795       309.7080   -497305.6522   -349589.6165       309.9685         -14544.6766       -71.8793   2189898.3911        -1.1435        -1.2232

WRITING EXTENDED SYSTEM TO RESTART FILE AT STEP 65000
WRITING COORDINATES TO DCD FILE AT STEP 65000
WRITING COORDINATES TO RESTART FILE AT STEP 65000
FINISHED WRITING RESTART COORDINATES
WRITING VELOCITIES TO RESTART FILE AT STEP 65000
FINISHED WRITING RESTART VELOCITIES
LDB: ============= START OF LOAD BALANCING ============== 7236.94
LDB: ============== END OF LOAD BALANCING =============== 7236.94

LDB: ============= START OF LOAD BALANCING ============== 7247.66
LDB: TIME 7247.69 LOAD: AVG 9.38943 MAX 9.63453  PROXIES: TOTAL 632 MAXPE 27 MAXPATCH 4 None 1.68428
LDB: TIME 7247.73 LOAD: AVG 9.38943 MAX 9.63453  PROXIES: TOTAL 632 MAXPE 27 MAXPATCH 4 RefineTorusLB 1.68428
LDB: ============== END OF LOAD BALANCING =============== 7247.73

PRESSURE: 70000 -14398.3 175.602 -125.814 132.725 -14724.5 -89.8528 -96.4883 -43.5757 -14244
GPRESSURE: 70000 51.0353 139.511 -84.0106 93.1213 -182.174 -131.639 -86.4646 -123.484 126.692
PRESSAVG: 70000 18.9726 8.34665 -0.683096 8.02867 -7.52887 -10.4285 23.3849 9.38463 0.782051
GPRESSAVG: 70000 19.1437 8.49983 -0.617182 7.8025 -7.72444 -10.364 23.4264 9.32936 0.826545
TIMING: 70000  CPU: 6512.86, 0.0934468/step  Wall: 7409.97, 0.106537/step, 5.32687 hours remaining, 171.078278 MB of memory in use.
ENERGY:   70000      8911.1614     44891.8318     30809.3540       555.3549        -607215.9461     24334.1061       242.8367         0.0000    147340.4866        -350130.8146       309.6624   -497471.3012   -349756.9762       309.8752         -14455.5815        -1.4825   2193114.6706         4.0753         4.0819

WRITING EXTENDED SYSTEM TO RESTART FILE AT STEP 70000
WRITING COORDINATES TO DCD FILE AT STEP 70000
WRITING COORDINATES TO RESTART FILE AT STEP 70000
FINISHED WRITING RESTART COORDINATES
WRITING VELOCITIES TO RESTART FILE AT STEP 70000
FINISHED WRITING RESTART VELOCITIES
LDB: ============= START OF LOAD BALANCING ============== 7661.82
LDB: ============== END OF LOAD BALANCING =============== 7661.82

LDB: ============= START OF LOAD BALANCING ============== 7672.66
LDB: TIME 7672.7 LOAD: AVG 9.3852 MAX 9.66806  PROXIES: TOTAL 632 MAXPE 27 MAXPATCH 4 None 1.69649
LDB: TIME 7672.73 LOAD: AVG 9.3852 MAX 9.66806  PROXIES: TOTAL 632 MAXPE 27 MAXPATCH 4 RefineTorusLB 1.69649
LDB: ============== END OF LOAD BALANCING =============== 7672.73

PRESSURE: 75000 -14336.5 1.08235 85.2802 -4.79276 -14638 -129.159 165.581 -75.4241 -14376.9
GPRESSURE: 75000 200.253 -38.3138 -3.0662 72.6815 -171.486 -121.328 107.295 -55.6557 2.32298
PRESSAVG: 75000 18.6981 -1.03998 -27.5817 -1.77076 -21.0237 11.6605 -2.68872 15.8826 7.74218
GPRESSAVG: 75000 18.7084 -0.990804 -27.6261 -1.81219 -20.9411 11.6043 -2.67061 15.9688 7.78819
TIMING: 75000  CPU: 6977.76, 0.0929805/step  Wall: 7938.79, 0.105764/step, 5.14133 hours remaining, 171.224518 MB of memory in use.
ENERGY:   75000      8967.4293     44850.2163     30827.8579       556.1524        -607117.7771     24463.3319       248.2459         0.0000    147346.3193        -349858.2242       309.6747   -497204.5434   -349523.2735       309.7947         -14450.4826        10.3632   2191836.3942         1.8055         1.8518

WRITING EXTENDED SYSTEM TO RESTART FILE AT STEP 75000
WRITING COORDINATES TO DCD FILE AT STEP 75000
WRITING COORDINATES TO RESTART FILE AT STEP 75000
FINISHED WRITING RESTART COORDINATES
WRITING VELOCITIES TO RESTART FILE AT STEP 75000
FINISHED WRITING RESTART VELOCITIES
LDB: ============= START OF LOAD BALANCING ============== 8084.47
LDB: ============== END OF LOAD BALANCING =============== 8084.47

LDB: ============= START OF LOAD BALANCING ============== 8095.39
LDB: TIME 8095.44 LOAD: AVG 9.39965 MAX 9.67879  PROXIES: TOTAL 632 MAXPE 27 MAXPATCH 4 None 1.69419
LDB: TIME 8095.47 LOAD: AVG 9.39965 MAX 9.67879  PROXIES: TOTAL 632 MAXPE 27 MAXPATCH 4 RefineTorusLB 1.69419
LDB: ============== END OF LOAD BALANCING =============== 8095.47

PRESSURE: 80000 -14422 47.6943 149.589 31.7057 -14465.2 0.873654 121.971 15.3767 -14503.2
GPRESSURE: 80000 -25.6743 109.085 148.168 57.8233 -9.47054 -44.827 84.7454 -8.88137 4.23069
PRESSAVG: 80000 3.18976 4.33202 0.728714 -15.3541 -4.22918 -0.770614 1.81386 -5.73375 -2.32164
GPRESSAVG: 80000 3.16409 4.27053 0.708874 -15.2335 -4.40277 -0.87654 1.88667 -5.65152 -2.31168
TIMING: 80000  CPU: 7443.92, 0.0932316/step  Wall: 8468.9, 0.106021/step, 5.00656 hours remaining, 169.744476 MB of memory in use.
ENERGY:   80000      8937.2777     44946.4941     30920.7502       578.4033        -606925.5196     24149.0074       260.1866         0.0000    147520.4990        -349612.9013       310.0407   -497133.4002   -349259.4583       310.1994         -14463.4649       -10.3047   2191772.9696        -1.1204        -1.1835

WRITING EXTENDED SYSTEM TO RESTART FILE AT STEP 80000
WRITING COORDINATES TO DCD FILE AT STEP 80000
WRITING COORDINATES TO RESTART FILE AT STEP 80000
FINISHED WRITING RESTART COORDINATES
WRITING VELOCITIES TO RESTART FILE AT STEP 80000
FINISHED WRITING RESTART VELOCITIES
LDB: ============= START OF LOAD BALANCING ============== 8509.01
LDB: ============== END OF LOAD BALANCING =============== 8509.01

LDB: ============= START OF LOAD BALANCING ============== 8519.79
LDB: TIME 8519.83 LOAD: AVG 9.39843 MAX 9.64244  PROXIES: TOTAL 632 MAXPE 27 MAXPATCH 4 None 1.68771
LDB: TIME 8519.86 LOAD: AVG 9.39843 MAX 9.64244  PROXIES: TOTAL 632 MAXPE 27 MAXPATCH 4 RefineTorusLB 1.68771
LDB: ============== END OF LOAD BALANCING =============== 8519.86

LDB: ============= START OF LOAD BALANCING ============== 8933
LDB: ============== END OF LOAD BALANCING =============== 8933

LDB: ============= START OF LOAD BALANCING ============== 8943.79
LDB: TIME 8943.82 LOAD: AVG 9.39563 MAX 9.64565  PROXIES: TOTAL 632 MAXPE 27 MAXPATCH 4 None 1.6848
LDB: TIME 8943.86 LOAD: AVG 9.39563 MAX 9.64565  PROXIES: TOTAL 632 MAXPE 27 MAXPATCH 4 RefineTorusLB 1.6848
LDB: ============== END OF LOAD BALANCING =============== 8943.86

PRESSURE: 85000 -14531.1 -170.445 6.11655 -152.125 -14396.2 -50.7741 17.8706 -40.0183 -14295.1
GPRESSURE: 85000 -54.2595 -148.339 20.9109 -118.732 99.958 -0.945252 56.0557 42.4089 62.9837
PRESSAVG: 85000 7.42882 -3.17945 13.0033 -7.13728 -17.3477 -6.67132 -0.911343 0.510061 -0.919237
GPRESSAVG: 85000 7.54489 -3.04786 13.0785 -7.24679 -17.3529 -6.62242 -1.00908 0.632062 -0.958855
TIMING: 85000  CPU: 7909.98, 0.0932116/step  Wall: 8999.11, 0.106044/step, 4.86034 hours remaining, 169.768250 MB of memory in use.
ENERGY:   85000      8819.1470     45043.7489     30751.4942       577.6041        -607380.2807     24270.3402       262.0226         0.0000    146976.1424        -350679.7812       308.8967   -497655.9236   -350306.9632       309.6869         -14407.4506        36.2274   2193811.3551        -3.6127        -3.5889

WRITING EXTENDED SYSTEM TO RESTART FILE AT STEP 85000
WRITING COORDINATES TO DCD FILE AT STEP 85000
WRITING COORDINATES TO RESTART FILE AT STEP 85000
FINISHED WRITING RESTART COORDINATES
WRITING VELOCITIES TO RESTART FILE AT STEP 85000
FINISHED WRITING RESTART VELOCITIES
LDB: ============= START OF LOAD BALANCING ============== 9355.95
LDB: ============== END OF LOAD BALANCING =============== 9355.95

LDB: ============= START OF LOAD BALANCING ============== 9366.77
LDB: TIME 9366.81 LOAD: AVG 9.41023 MAX 9.67479  PROXIES: TOTAL 632 MAXPE 27 MAXPATCH 4 None 1.69765
LDB: TIME 9366.84 LOAD: AVG 9.41023 MAX 9.67479  PROXIES: TOTAL 632 MAXPE 27 MAXPATCH 4 RefineTorusLB 1.69765
LDB: ============== END OF LOAD BALANCING =============== 9366.84

PRESSURE: 90000 -14596 -77.5019 -195.844 -106.517 -14445.6 -47.1013 -182.611 -34.2075 -14455.6
GPRESSURE: 90000 -68.7386 -25.1881 -112.269 -78.9958 -46.1212 -68.0355 -81.3674 6.03947 30.0014
PRESSAVG: 90000 8.22231 21.2716 -11.7832 24.9888 -8.795 -3.14409 14.4886 11.9088 0.297462
GPRESSAVG: 90000 8.258 21.4114 -11.7055 24.9582 -8.90874 -3.19336 14.4925 11.8046 0.285045
TIMING: 90000  CPU: 8375.53, 0.0931102/step  Wall: 9528.06, 0.105789/step, 4.70173 hours remaining, 169.693024 MB of memory in use.
ENERGY:   90000      8969.2761     45059.5814     30780.6320       592.0966        -607305.4530     24528.9152       241.4812         0.0000    146826.5975        -350306.8729       308.5824   -497133.4704   -349946.7201       309.5476         -14499.0870       -28.2861   2190095.5027        -0.0917        -0.1219

WRITING EXTENDED SYSTEM TO RESTART FILE AT STEP 90000
WRITING COORDINATES TO DCD FILE AT STEP 90000
WRITING COORDINATES TO RESTART FILE AT STEP 90000
FINISHED WRITING RESTART COORDINATES
WRITING VELOCITIES TO RESTART FILE AT STEP 90000
FINISHED WRITING RESTART VELOCITIES
LDB: ============= START OF LOAD BALANCING ============== 9779.69
LDB: ============== END OF LOAD BALANCING =============== 9779.69

LDB: ============= START OF LOAD BALANCING ============== 9790.55
LDB: TIME 9790.59 LOAD: AVG 9.40678 MAX 9.66907  PROXIES: TOTAL 632 MAXPE 27 MAXPATCH 4 None 1.69667
LDB: TIME 9790.63 LOAD: AVG 9.40678 MAX 9.66907  PROXIES: TOTAL 632 MAXPE 27 MAXPATCH 4 RefineTorusLB 1.69667
LDB: ============== END OF LOAD BALANCING =============== 9790.63

WRITING COORDINATES TO DCD FILE AT STEP 95000
WRITING COORDINATES TO RESTART FILE AT STEP 95000
FINISHED WRITING RESTART COORDINATES
PRESSURE: 95000 -14509.2 60.0702 -18.2932 66.01 -14403.1 0.0232686 -17.8098 -9.15949 -14418.9
GPRESSURE: 95000 37.4699 16.0429 -71.6293 101.116 47.0995 65.6647 -32.2894 -47.6617 -5.77813
PRESSAVG: 95000 22.8 10.116 38.2673 -0.177654 -13.1273 -21.5474 17.5102 6.53875 -3.08693
GPRESSAVG: 95000 22.7958 10.0041 38.1178 -0.102165 -13.0687 -21.6278 17.4983 6.39712 -3.15735
TIMING: 95000  CPU: 8840.37, 0.0929675/step  Wall: 10057, 0.105788/step, 4.55478 hours remaining, 168.782440 MB of memory in use.
ENERGY:   95000      8946.8937     44730.7216     30816.0112       600.8471        -607219.0650     24718.9497       245.7176         0.0000    147113.0322        -350046.8918       309.1844   -497159.9241   -349663.9070       309.9087         -14443.7125        26.2638   2189772.3769         2.1952         2.1899

WRITING EXTENDED SYSTEM TO RESTART FILE AT STEP 95000
WRITING VELOCITIES TO RESTART FILE AT STEP 95000
FINISHED WRITING RESTART VELOCITIES
LDB: ============= START OF LOAD BALANCING ============== 10203.4
LDB: ============== END OF LOAD BALANCING =============== 10203.4

LDB: ============= START OF LOAD BALANCING ============== 10214.3
LDB: TIME 10214.3 LOAD: AVG 9.40859 MAX 9.81444  PROXIES: TOTAL 632 MAXPE 27 MAXPATCH 4 None 1.69352
LDB: TIME 10214.3 LOAD: AVG 9.40859 MAX 9.81444  PROXIES: TOTAL 632 MAXPE 27 MAXPATCH 4 RefineTorusLB 1.69352
LDB: ============== END OF LOAD BALANCING =============== 10214.3

WRITING COORDINATES TO DCD FILE AT STEP 100000
WRITING COORDINATES TO RESTART FILE AT STEP 100000
FINISHED WRITING RESTART COORDINATES
PRESSURE: 100000 -14317.4 59.6045 -78.4094 50.3613 -14576.6 -43.5004 -95.8703 -41.9978 -14537.3
GPRESSURE: 100000 123.625 15.6038 -52.7259 59.5522 16.0913 9.43186 1.45171 -10.4512 -111.373
PRESSAVG: 100000 5.75794 10.38 4.2494 5.26407 -0.847451 -5.8944 -8.89417 17.8164 2.19159
GPRESSAVG: 100000 5.76287 10.4407 4.33411 5.22736 -0.896163 -5.99223 -8.8352 17.967 2.19222
TIMING: 100000  CPU: 9306.89, 0.093304/step  Wall: 10587.5, 0.106094/step, 4.4206 hours remaining, 169.432983 MB of memory in use.
ETITLE:      TS           BOND          ANGLE          DIHED          IMPRP               ELECT            VDW       BOUNDARY           MISC        KINETIC               TOTAL           TEMP      POTENTIAL         TOTAL3        TEMPAVG            PRESSURE      GPRESSURE         VOLUME       PRESSAVG      GPRESSAVG

ENERGY:  100000      8876.4826     45122.7149     30707.3918       562.6373        -607611.9466     24411.7815       243.2800         0.0000    147563.0596        -350124.5988       310.1302   -497687.6584   -349765.8165       309.6707         -14477.1048         9.4478   2189589.8319         2.3674         2.3530

WRITING EXTENDED SYSTEM TO RESTART FILE AT STEP 100000
WRITING VELOCITIES TO RESTART FILE AT STEP 100000
FINISHED WRITING RESTART VELOCITIES
LDB: ============= START OF LOAD BALANCING ============== 10627.5
LDB: ============== END OF LOAD BALANCING =============== 10627.5

LDB: ============= START OF LOAD BALANCING ============== 10638.3
LDB: TIME 10638.4 LOAD: AVG 9.38598 MAX 9.55213  PROXIES: TOTAL 632 MAXPE 27 MAXPATCH 4 None 1.68444
LDB: TIME 10638.4 LOAD: AVG 9.38598 MAX 9.55213  PROXIES: TOTAL 632 MAXPE 27 MAXPATCH 4 RefineTorusLB 1.68444
LDB: ============== END OF LOAD BALANCING =============== 10638.4

LDB: ============= START OF LOAD BALANCING ============== 11051.4
LDB: ============== END OF LOAD BALANCING =============== 11051.4

LDB: ============= START OF LOAD BALANCING ============== 11062.1
LDB: TIME 11062.2 LOAD: AVG 9.39475 MAX 9.69094  PROXIES: TOTAL 632 MAXPE 27 MAXPATCH 4 None 1.69698
LDB: TIME 11062.2 LOAD: AVG 9.39475 MAX 9.69094  PROXIES: TOTAL 632 MAXPE 27 MAXPATCH 4 RefineTorusLB 1.69698
LDB: ============== END OF LOAD BALANCING =============== 11062.2

PRESSURE: 105000 -14359.1 -6.5788 98.7214 -12.9151 -14450.7 -81.1239 130.164 -41.78 -14249
GPRESSURE: 105000 119.786 -2.97288 66.2247 -37.4518 131.69 -3.59861 85.0316 50.7102 217.69
PRESSAVG: 105000 2.68212 5.9134 -10.9563 7.46546 -13.0283 -26.5186 3.75379 -4.38928 5.01442
GPRESSAVG: 105000 2.58952 5.7779 -11.0145 7.494 -13.0731 -26.5609 3.82449 -4.49884 4.98943
TIMING: 105000  CPU: 9772.75, 0.093173/step  Wall: 11117.9, 0.106085/step, 4.27288 hours remaining, 169.899384 MB of memory in use.
ENERGY:  105000      9028.1687     44501.0500     30707.8333       585.8492        -608203.7341     25135.8774       242.8583         0.0000    147888.1060        -350113.9913       310.8133   -498002.0972   -349772.6468       309.9519         -14352.9285       156.3888   2188036.3226        -1.7773        -1.8314

WRITING EXTENDED SYSTEM TO RESTART FILE AT STEP 105000
WRITING COORDINATES TO DCD FILE AT STEP 105000
WRITING COORDINATES TO RESTART FILE AT STEP 105000
FINISHED WRITING RESTART COORDINATES
WRITING VELOCITIES TO RESTART FILE AT STEP 105000
FINISHED WRITING RESTART VELOCITIES
LDB: ============= START OF LOAD BALANCING ============== 11475.8
LDB: ============== END OF LOAD BALANCING =============== 11475.8

LDB: ============= START OF LOAD BALANCING ============== 11486.5
LDB: TIME 11486.5 LOAD: AVG 9.39509 MAX 9.66629  PROXIES: TOTAL 632 MAXPE 27 MAXPATCH 4 None 1.68371
LDB: TIME 11486.6 LOAD: AVG 9.39509 MAX 9.66629  PROXIES: TOTAL 632 MAXPE 27 MAXPATCH 4 RefineTorusLB 1.68371
LDB: ============== END OF LOAD BALANCING =============== 11486.6

PRESSURE: 110000 -14452.8 -3.64572 -4.55172 -34.3699 -14606.4 31.8334 -41.1937 68.0564 -14415.5
GPRESSURE: 110000 167.969 -17.6518 -53.3915 28.9528 -115.016 9.62253 -58.2618 124.881 -3.97721
PRESSAVG: 110000 16.9496 16.4619 1.25398 3.16424 -7.35615 -17.8426 9.31663 -0.856018 2.81726
GPRESSAVG: 110000 17.0411 16.5506 1.38378 3.31164 -7.41527 -17.8574 9.42968 -0.840938 2.70571
TIMING: 110000  CPU: 10239.2, 0.0932878/step  Wall: 11647.9, 0.10599/step, 4.12184 hours remaining, 169.296021 MB of memory in use.
ENERGY:  110000      9017.2562     44707.1144     30724.0609       588.3289        -607783.1091     24749.0892       245.8582         0.0000    147564.3040        -350187.0973       310.1328   -497751.4013   -349824.6370       309.8852         -14491.5532        16.3254   2185538.4237         4.1369         4.1105

WRITING EXTENDED SYSTEM TO RESTART FILE AT STEP 110000
WRITING COORDINATES TO DCD FILE AT STEP 110000
WRITING COORDINATES TO RESTART FILE AT STEP 110000
FINISHED WRITING RESTART COORDINATES
WRITING VELOCITIES TO RESTART FILE AT STEP 110000
FINISHED WRITING RESTART VELOCITIES
LDB: ============= START OF LOAD BALANCING ============== 11899.4
LDB: ============== END OF LOAD BALANCING =============== 11899.4

LDB: ============= START OF LOAD BALANCING ============== 11910.2
LDB: TIME 11910.2 LOAD: AVG 9.41286 MAX 9.74142  PROXIES: TOTAL 632 MAXPE 27 MAXPATCH 4 None 1.68649
LDB: TIME 11910.3 LOAD: AVG 9.41286 MAX 9.74142  PROXIES: TOTAL 632 MAXPE 27 MAXPATCH 4 RefineTorusLB 1.68649
LDB: ============== END OF LOAD BALANCING =============== 11910.3

PRESSURE: 115000 -14631.9 116.987 -111.803 102.722 -14365.5 -32.3505 -99.321 -18.9958 -14422.3
GPRESSURE: 115000 -78.9857 86.9605 -54.6341 -4.7309 105.581 6.42165 -31.5812 3.62667 -1.23444
PRESSAVG: 115000 12.4441 6.16652 -1.54238 -6.80846 -1.26159 -12.7922 10.6854 -6.30622 5.89709
GPRESSAVG: 115000 12.442 6.40833 -1.68453 -6.86106 -1.24811 -12.6553 10.4756 -6.32584 5.86196
TIMING: 115000  CPU: 10705.3, 0.0932236/step  Wall: 12178.1, 0.106047/step, 3.97678 hours remaining, 170.315552 MB of memory in use.
ENERGY:  115000      8937.1881     44834.6038     30795.3538       577.2278        -608016.0062     24530.3183       236.7151         0.0000    146688.5304        -351416.0689       308.2922   -498104.5993   -351049.3426       309.6223         -14473.2664         8.4535   2191501.6550         5.6932         5.6853

WRITING EXTENDED SYSTEM TO RESTART FILE AT STEP 115000
WRITING COORDINATES TO DCD FILE AT STEP 115000
WRITING COORDINATES TO RESTART FILE AT STEP 115000
FINISHED WRITING RESTART COORDINATES
WRITING VELOCITIES TO RESTART FILE AT STEP 115000
FINISHED WRITING RESTART VELOCITIES
LDB: ============= START OF LOAD BALANCING ============== 12324
LDB: ============== END OF LOAD BALANCING =============== 12324

LDB: ============= START OF LOAD BALANCING ============== 12334.8
LDB: TIME 12334.9 LOAD: AVG 9.3763 MAX 9.61946  PROXIES: TOTAL 632 MAXPE 27 MAXPATCH 4 None 1.67044
LDB: TIME 12334.9 LOAD: AVG 9.3763 MAX 9.61946  PROXIES: TOTAL 632 MAXPE 27 MAXPATCH 4 RefineTorusLB 1.67044
LDB: ============== END OF LOAD BALANCING =============== 12334.9

PRESSURE: 120000 -14450.5 -67.3565 -24.9181 -84.1023 -14571.2 40.8268 -74.2729 61.3593 -14248.9
GPRESSURE: 120000 -43.0735 -72.839 18.5427 -82.0702 106.249 51.3116 -20.5781 51.1905 139.996
PRESSAVG: 120000 12.8598 9.84224 19.1332 15.3992 -10.7888 -8.03135 14.5496 -6.27718 4.07602
GPRESSAVG: 120000 12.8563 9.83783 19.1277 15.44 -10.719 -7.90698 14.4706 -6.25645 4.24416
TIMING: 120000  CPU: 11171.1, 0.0931602/step  Wall: 12708.6, 0.106112/step, 3.83182 hours remaining, 169.575409 MB of memory in use.
ENERGY:  120000      8930.1223     44859.8517     30789.0061       559.2389        -607727.7918     24775.3569       244.8793         0.0000    146928.0322        -350641.3043       308.7956   -497569.3365   -350295.9115       309.6523         -14423.5593        67.7238   2188706.2726         2.0490         2.1271

WRITING EXTENDED SYSTEM TO RESTART FILE AT STEP 120000
WRITING COORDINATES TO DCD FILE AT STEP 120000
WRITING COORDINATES TO RESTART FILE AT STEP 120000
FINISHED WRITING RESTART COORDINATES
WRITING VELOCITIES TO RESTART FILE AT STEP 120000
FINISHED WRITING RESTART VELOCITIES
LDB: ============= START OF LOAD BALANCING ============== 12749
LDB: ============== END OF LOAD BALANCING =============== 12749

LDB: ============= START OF LOAD BALANCING ============== 12759.7
LDB: TIME 12759.7 LOAD: AVG 9.39758 MAX 9.68387  PROXIES: TOTAL 632 MAXPE 27 MAXPATCH 4 None 1.69636
LDB: TIME 12759.7 LOAD: AVG 9.39758 MAX 9.68387  PROXIES: TOTAL 632 MAXPE 27 MAXPATCH 4 RefineTorusLB 1.69636
LDB: ============== END OF LOAD BALANCING =============== 12759.7

LDB: ============= START OF LOAD BALANCING ============== 13173.6
LDB: ============== END OF LOAD BALANCING =============== 13173.6

LDB: ============= START OF LOAD BALANCING ============== 13184.4
LDB: TIME 13184.5 LOAD: AVG 9.39253 MAX 9.67951  PROXIES: TOTAL 632 MAXPE 27 MAXPATCH 4 None 1.669
LDB: TIME 13184.5 LOAD: AVG 9.39253 MAX 9.67951  PROXIES: TOTAL 632 MAXPE 27 MAXPATCH 4 RefineTorusLB 1.669
LDB: ============== END OF LOAD BALANCING =============== 13184.5

PRESSURE: 125000 -14569.5 -82.8531 -17.6196 -58.3957 -14567.7 52.0917 -32.4436 91.3345 -14497
GPRESSURE: 125000 -18.8179 -165.762 -84.448 -48.9894 -67.7283 69.8658 -5.10477 50.6102 -115.939
PRESSAVG: 125000 14.613 -12.0823 10.6733 0.622827 -9.70267 -19.1256 16.9508 -18.6409 -6.97668
GPRESSAVG: 125000 14.6328 -12.124 10.6921 0.544836 -9.72374 -18.9768 16.9521 -18.6994 -6.89666
TIMING: 125000  CPU: 11637.3, 0.093233/step  Wall: 13240, 0.106275/step, 3.6901 hours remaining, 169.044189 MB of memory in use.
ENERGY:  125000      9057.2771     44716.6657     30584.6159       600.3918        -607133.2406     24348.4095       244.0679         0.0000    147175.1319        -350406.6808       309.3149   -497581.8128   -350046.0372       309.8347         -14544.7403       -67.4950   2187316.0129        -0.6888        -0.6625

WRITING EXTENDED SYSTEM TO RESTART FILE AT STEP 125000
WRITING COORDINATES TO DCD FILE AT STEP 125000
WRITING COORDINATES TO RESTART FILE AT STEP 125000
FINISHED WRITING RESTART COORDINATES
WRITING VELOCITIES TO RESTART FILE AT STEP 125000
FINISHED WRITING RESTART VELOCITIES
LDB: ============= START OF LOAD BALANCING ============== 13598.2
LDB: ============== END OF LOAD BALANCING =============== 13598.2

LDB: ============= START OF LOAD BALANCING ============== 13609
LDB: TIME 13609.1 LOAD: AVG 9.38799 MAX 9.64404  PROXIES: TOTAL 632 MAXPE 27 MAXPATCH 4 None 1.67228
LDB: TIME 13609.1 LOAD: AVG 9.38799 MAX 9.64404  PROXIES: TOTAL 632 MAXPE 27 MAXPATCH 4 RefineTorusLB 1.67228
LDB: ============== END OF LOAD BALANCING =============== 13609.1

PRESSURE: 130000 -14715.5 91.4331 -107.337 98.1588 -14805.7 -105.925 -94.4224 -69.5692 -14368.5
GPRESSURE: 130000 -139.339 22.7184 -135.323 107.108 -270.194 -100.687 -134.522 -79.1441 19.537
PRESSAVG: 130000 13.8515 20.6791 -0.525001 18.1686 -10.7799 0.0320204 -3.99899 -16.1029 1.69503
GPRESSAVG: 130000 13.8931 20.604 -0.392541 18.3413 -10.8646 -0.0984589 -4.11943 -15.9806 1.6463
TIMING: 130000  CPU: 12103.8, 0.0932978/step  Wall: 13770.6, 0.106119/step, 3.53731 hours remaining, 170.782990 MB of memory in use.
ENERGY:  130000      8932.6684     44890.5438     30732.4418       570.2166        -607227.5105     24225.8544       247.5073         0.0000    147411.5188        -350216.7595       309.8117   -497628.2782   -349846.0881       309.7820         -14629.9018      -129.9987   2185525.2751         1.5889         1.5583

WRITING EXTENDED SYSTEM TO RESTART FILE AT STEP 130000
WRITING COORDINATES TO DCD FILE AT STEP 130000
WRITING COORDINATES TO RESTART FILE AT STEP 130000
FINISHED WRITING RESTART COORDINATES
WRITING VELOCITIES TO RESTART FILE AT STEP 130000
FINISHED WRITING RESTART VELOCITIES
LDB: ============= START OF LOAD BALANCING ============== 14023.7
LDB: ============== END OF LOAD BALANCING =============== 14023.7

LDB: ============= START OF LOAD BALANCING ============== 14034.6
LDB: TIME 14034.6 LOAD: AVG 9.38833 MAX 9.67663  PROXIES: TOTAL 632 MAXPE 27 MAXPATCH 4 None 1.66915
LDB: TIME 14034.7 LOAD: AVG 9.38833 MAX 9.67663  PROXIES: TOTAL 632 MAXPE 27 MAXPATCH 4 RefineTorusLB 1.66915
LDB: ============== END OF LOAD BALANCING =============== 14034.7

PRESSURE: 135000 -14720.8 23.2817 -12.6666 23.9528 -14572.6 -113.272 -25.9274 -88.7449 -14479.1
GPRESSURE: 135000 -195.072 3.25849 57.3604 29.8728 -33.6099 -83.7869 49.5233 -42.3243 -80.8193
PRESSAVG: 135000 23.1534 13.7625 -1.222 16.2841 -16.9928 -14.0506 -17.6686 -3.57336 -3.99587
GPRESSAVG: 135000 23.121 13.7249 -1.12244 16.0934 -16.961 -13.9692 -17.6431 -3.56768 -4.02776
TIMING: 135000  CPU: 12569.5, 0.09315/step  Wall: 14302.6, 0.106406/step, 3.39907 hours remaining, 170.617981 MB of memory in use.
ENERGY:  135000      9071.9751     45001.9801     30832.1227       600.9898        -607572.0285     24336.3104       252.1905         0.0000    146757.4562        -350719.0037       308.4371   -497476.4600   -350370.3003       309.8163         -14590.8340      -103.1672   2188864.3052         0.7216         0.7108

WRITING EXTENDED SYSTEM TO RESTART FILE AT STEP 135000
WRITING COORDINATES TO DCD FILE AT STEP 135000
WRITING COORDINATES TO RESTART FILE AT STEP 135000
FINISHED WRITING RESTART COORDINATES
WRITING VELOCITIES TO RESTART FILE AT STEP 135000
FINISHED WRITING RESTART VELOCITIES
LDB: ============= START OF LOAD BALANCING ============== 14449
LDB: ============== END OF LOAD BALANCING =============== 14449

LDB: ============= START OF LOAD BALANCING ============== 14459.9
LDB: TIME 14459.9 LOAD: AVG 9.42482 MAX 9.65096  PROXIES: TOTAL 632 MAXPE 27 MAXPATCH 4 None 1.69607
LDB: TIME 14459.9 LOAD: AVG 9.42482 MAX 9.65096  PROXIES: TOTAL 632 MAXPE 27 MAXPATCH 4 RefineTorusLB 1.69607
LDB: ============== END OF LOAD BALANCING =============== 14459.9

PRESSURE: 140000 -14344.2 -30.5803 -290.716 1.97258 -14478 -3.30145 -208.853 51.2989 -14355.3
GPRESSURE: 140000 164.565 -72.1295 -366.158 1.04634 20.0327 -11.6748 -140.302 107.698 56.4966
PRESSAVG: 140000 2.47534 4.09066 -8.23604 8.36426 0.256244 -16.2038 7.41153 -4.58508 -1.32473
GPRESSAVG: 140000 2.37888 4.17465 -8.0645 8.37533 0.138823 -16.3327 7.39473 -4.543 -1.21312
TIMING: 140000  CPU: 13034.9, 0.0930836/step  Wall: 14832.9, 0.106051/step, 3.24046 hours remaining, 170.759033 MB of memory in use.
ENERGY:  140000      8944.0560     45015.6970     30773.6510       576.4285        -607552.4971     24337.5537       230.7276         0.0000    147379.3386        -350295.0448       309.7441   -497674.3834   -349946.6701       309.6501         -14392.5083        80.3647   2189885.1201         0.4690         0.4349

WRITING EXTENDED SYSTEM TO RESTART FILE AT STEP 140000
WRITING COORDINATES TO DCD FILE AT STEP 140000
WRITING COORDINATES TO RESTART FILE AT STEP 140000
FINISHED WRITING RESTART COORDINATES
WRITING VELOCITIES TO RESTART FILE AT STEP 140000
FINISHED WRITING RESTART VELOCITIES
LDB: ============= START OF LOAD BALANCING ============== 14872.9
LDB: ============== END OF LOAD BALANCING =============== 14872.9

LDB: ============= START OF LOAD BALANCING ============== 14883.6
LDB: TIME 14883.7 LOAD: AVG 9.36556 MAX 9.61022  PROXIES: TOTAL 632 MAXPE 27 MAXPATCH 4 None 1.66679
LDB: TIME 14883.7 LOAD: AVG 9.36556 MAX 9.61022  PROXIES: TOTAL 632 MAXPE 27 MAXPATCH 4 RefineTorusLB 1.66679
LDB: ============== END OF LOAD BALANCING =============== 14883.7

LDB: ============= START OF LOAD BALANCING ============== 15297.7
LDB: ============== END OF LOAD BALANCING =============== 15297.7

LDB: ============= START OF LOAD BALANCING ============== 15308.6
LDB: TIME 15308.6 LOAD: AVG 9.41019 MAX 9.66454  PROXIES: TOTAL 632 MAXPE 27 MAXPATCH 4 None 1.68323
LDB: TIME 15308.6 LOAD: AVG 9.41019 MAX 9.66454  PROXIES: TOTAL 632 MAXPE 27 MAXPATCH 4 RefineTorusLB 1.68323
LDB: ============== END OF LOAD BALANCING =============== 15308.6

PRESSURE: 145000 -14691.3 84.1093 69.2536 38.7351 -14777.9 -140.248 88.906 -132.629 -14365
GPRESSURE: 145000 -207.917 67.9719 88.2383 162.497 -200.652 -79.0195 114.48 -45.6969 11.3788
PRESSAVG: 145000 15.412 -20.603 -0.563573 -6.66686 -16.4196 -1.20925 2.41549 0.809027 -0.816715
GPRESSAVG: 145000 15.5179 -20.7184 -0.69524 -6.59259 -16.4911 -1.21627 2.456 0.902054 -0.815809
TIMING: 145000  CPU: 13501.7, 0.0933536/step  Wall: 15364.2, 0.106256/step, 3.09912 hours remaining, 170.219055 MB of memory in use.
ENERGY:  145000      8949.6841     45096.5888     30792.4201       583.7819        -607312.7123     24324.8579       234.6536         0.0000    146916.6355        -350414.0905       308.7716   -497330.7260   -350062.1333       310.0565         -14611.3939      -132.3967   2189649.7286        -0.6081        -0.5964

WRITING EXTENDED SYSTEM TO RESTART FILE AT STEP 145000
WRITING COORDINATES TO DCD FILE AT STEP 145000
WRITING COORDINATES TO RESTART FILE AT STEP 145000
FINISHED WRITING RESTART COORDINATES
WRITING VELOCITIES TO RESTART FILE AT STEP 145000
FINISHED WRITING RESTART VELOCITIES
LDB: ============= START OF LOAD BALANCING ============== 15722.5
LDB: ============== END OF LOAD BALANCING =============== 15722.5

LDB: ============= START OF LOAD BALANCING ============== 15733.4
LDB: TIME 15733.5 LOAD: AVG 9.40618 MAX 9.81617  PROXIES: TOTAL 632 MAXPE 27 MAXPATCH 4 None 1.68517
LDB: TIME 15733.5 LOAD: AVG 9.40618 MAX 9.81617  PROXIES: TOTAL 632 MAXPE 27 MAXPATCH 4 RefineTorusLB 1.68517
LDB: ============== END OF LOAD BALANCING =============== 15733.5

PRESSURE: 150000 -14424.1 207.05 -29.4717 176.443 -14675 -122.884 -92.2294 -88.5121 -14365.2
GPRESSURE: 150000 89.7348 139.617 13.1793 75.0008 -190.509 -39.5567 -96.1194 -69.0167 59.2574
PRESSAVG: 150000 14.155 6.79568 -8.98419 -8.07772 -13.7894 14.9531 -3.11349 9.44209 6.85672
GPRESSAVG: 150000 14.0364 6.88296 -8.93969 -8.16161 -13.8169 14.8542 -3.05815 9.48447 6.84915
TIMING: 150000  CPU: 13968.2, 0.0932966/step  Wall: 15894.8, 0.106121/step, 2.94781 hours remaining, 171.140533 MB of memory in use.
ETITLE:      TS           BOND          ANGLE          DIHED          IMPRP               ELECT            VDW       BOUNDARY           MISC        KINETIC               TOTAL           TEMP      POTENTIAL         TOTAL3        TEMPAVG            PRESSURE      GPRESSURE         VOLUME       PRESSAVG      GPRESSAVG

ENERGY:  150000      9021.1201     44758.0488     30676.0486       579.0281        -606848.7149     24043.3427       234.7865         0.0000    147716.6052        -349819.7347       310.4529   -497536.3400   -349451.8978       310.0285         -14488.1062       -13.8388   2187755.7311         2.4074         2.3562

WRITING EXTENDED SYSTEM TO RESTART FILE AT STEP 150000
WRITING COORDINATES TO DCD FILE AT STEP 150000
WRITING COORDINATES TO RESTART FILE AT STEP 150000
FINISHED WRITING RESTART COORDINATES
WRITING VELOCITIES TO RESTART FILE AT STEP 150000
FINISHED WRITING RESTART VELOCITIES
LDB: ============= START OF LOAD BALANCING ============== 16146.7
LDB: ============== END OF LOAD BALANCING =============== 16146.7

LDB: ============= START OF LOAD BALANCING ============== 16157.6
LDB: TIME 16157.6 LOAD: AVG 9.40431 MAX 9.78445  PROXIES: TOTAL 632 MAXPE 27 MAXPATCH 4 None 1.69327
LDB: TIME 16157.6 LOAD: AVG 9.40431 MAX 9.78445  PROXIES: TOTAL 632 MAXPE 27 MAXPATCH 4 RefineTorusLB 1.69327
LDB: ============== END OF LOAD BALANCING =============== 16157.6

PRESSURE: 155000 -14462.6 1.12545 -21.9204 -19.1603 -14503.6 19.213 -39.72 1.433 -14468
GPRESSURE: 155000 65.5619 23.5223 9.48748 47.1571 103.889 67.4865 -13.9145 76.5094 -66.5854
PRESSAVG: 155000 9.93325 9.72967 3.96523 7.8493 -11.1666 16.9822 -13.4006 17.9757 0.738199
GPRESSAVG: 155000 9.95024 9.82004 4.01907 7.8402 -11.0778 17.0214 -13.5595 17.9094 0.668176
TIMING: 155000  CPU: 14435.9, 0.0935436/step  Wall: 16425.9, 0.106214/step, 2.80286 hours remaining, 170.130463 MB of memory in use.
ENERGY:  155000      8913.5301     44886.7704     30726.2015       552.2727        -607342.9623     23865.0078       233.4094         0.0000    147124.2636        -351041.5067       309.2080   -498165.7703   -350672.0077       309.9049         -14478.0526        34.2885   2182484.3652        -0.1651        -0.1531

WRITING EXTENDED SYSTEM TO RESTART FILE AT STEP 155000
WRITING COORDINATES TO DCD FILE AT STEP 155000
WRITING COORDINATES TO RESTART FILE AT STEP 155000
FINISHED WRITING RESTART COORDINATES
WRITING VELOCITIES TO RESTART FILE AT STEP 155000
FINISHED WRITING RESTART VELOCITIES
LDB: ============= START OF LOAD BALANCING ============== 16572.6
LDB: ============== END OF LOAD BALANCING =============== 16572.6

LDB: ============= START OF LOAD BALANCING ============== 16583.5
LDB: TIME 16583.5 LOAD: AVG 9.39721 MAX 9.79744  PROXIES: TOTAL 632 MAXPE 27 MAXPATCH 4 None 1.68116
LDB: TIME 16583.5 LOAD: AVG 9.39721 MAX 9.79744  PROXIES: TOTAL 632 MAXPE 27 MAXPATCH 4 RefineTorusLB 1.68116
LDB: ============== END OF LOAD BALANCING =============== 16583.5

PRESSURE: 160000 -14651.3 26.7987 -11.1792 29.3718 -14547.7 128.585 -23.5751 121.448 -14471
GPRESSURE: 160000 -9.44365 -29.2836 -116.331 22.2365 -77.2867 37.409 -70.6776 104.72 -28.9269
PRESSAVG: 160000 5.65875 14.22 -16.767 18.2837 -10.0974 30.6252 -6.44549 24.6227 0.706989
GPRESSAVG: 160000 5.60153 14.0827 -16.5907 18.2519 -10.2218 30.6786 -6.22857 24.5071 0.724191
TIMING: 160000  CPU: 14903, 0.0934202/step  Wall: 16956.7, 0.106168/step, 2.6542 hours remaining, 171.920380 MB of memory in use.
ENERGY:  160000      8894.1949     45078.7432     30771.6436       555.9294        -608273.0269     24959.3634       234.5710         0.0000    146844.0881        -350934.4933       308.6192   -497778.5814   -350592.8761       309.6777         -14556.6699       -38.5524   2186705.4187        -1.2439        -1.2987

WRITING EXTENDED SYSTEM TO RESTART FILE AT STEP 160000
WRITING COORDINATES TO DCD FILE AT STEP 160000
WRITING COORDINATES TO RESTART FILE AT STEP 160000
FINISHED WRITING RESTART COORDINATES
WRITING VELOCITIES TO RESTART FILE AT STEP 160000
FINISHED WRITING RESTART VELOCITIES
LDB: ============= START OF LOAD BALANCING ============== 16997.2
LDB: ============== END OF LOAD BALANCING =============== 16997.2

LDB: ============= START OF LOAD BALANCING ============== 17008.1
LDB: TIME 17008.2 LOAD: AVG 9.38823 MAX 9.72053  PROXIES: TOTAL 632 MAXPE 27 MAXPATCH 4 None 1.66825
LDB: TIME 17008.2 LOAD: AVG 9.38823 MAX 9.72053  PROXIES: TOTAL 632 MAXPE 27 MAXPATCH 4 RefineTorusLB 1.66825
LDB: ============== END OF LOAD BALANCING =============== 17008.2

LDB: ============= START OF LOAD BALANCING ============== 17421.4
LDB: ============== END OF LOAD BALANCING =============== 17421.4

LDB: ============= START OF LOAD BALANCING ============== 17432.3
LDB: TIME 17432.3 LOAD: AVG 9.4256 MAX 9.66743  PROXIES: TOTAL 632 MAXPE 27 MAXPATCH 4 None 1.69832
LDB: TIME 17432.3 LOAD: AVG 9.4256 MAX 9.66743  PROXIES: TOTAL 632 MAXPE 27 MAXPATCH 4 RefineTorusLB 1.69832
LDB: ============== END OF LOAD BALANCING =============== 17432.3

PRESSURE: 165000 -14770.5 -4.70112 27.9918 -2.27436 -14601.5 36.5022 35.5667 80.2174 -14612.4
GPRESSURE: 165000 -188.037 -2.44155 -37.9576 27.693 -143.592 86.5586 55.4104 27.4284 -207.351
PRESSAVG: 165000 19.466 6.90965 -11.5238 -3.04067 -15.2844 6.95619 -17.269 22.8731 -1.58552
GPRESSAVG: 165000 19.5388 6.92674 -11.4808 -2.99333 -15.3459 6.76976 -17.2434 23.0417 -1.65534
TIMING: 165000  CPU: 15370.7, 0.0935408/step  Wall: 17487.6, 0.106179/step, 2.507 hours remaining, 169.977295 MB of memory in use.
ENERGY:  165000      8913.8086     45069.9521     30630.8503       561.9034        -607196.5519     24222.4746       256.3798         0.0000    147386.4262        -350154.7567       309.7590   -497541.1829   -349824.4112       309.8691         -14661.4713      -179.6599   2189727.8531         0.8654         0.8459

WRITING EXTENDED SYSTEM TO RESTART FILE AT STEP 165000
WRITING COORDINATES TO DCD FILE AT STEP 165000
WRITING COORDINATES TO RESTART FILE AT STEP 165000
FINISHED WRITING RESTART COORDINATES
WRITING VELOCITIES TO RESTART FILE AT STEP 165000
FINISHED WRITING RESTART VELOCITIES
LDB: ============= START OF LOAD BALANCING ============== 17845.8
LDB: ============== END OF LOAD BALANCING =============== 17845.8

LDB: ============= START OF LOAD BALANCING ============== 17856.6
LDB: TIME 17856.7 LOAD: AVG 9.41174 MAX 9.67864  PROXIES: TOTAL 632 MAXPE 27 MAXPATCH 4 None 1.69179
LDB: TIME 17856.7 LOAD: AVG 9.41174 MAX 9.67864  PROXIES: TOTAL 632 MAXPE 27 MAXPATCH 4 RefineTorusLB 1.69179
LDB: ============== END OF LOAD BALANCING =============== 17856.7

WRITING COORDINATES TO DCD FILE AT STEP 170000
WRITING COORDINATES TO RESTART FILE AT STEP 170000
FINISHED WRITING RESTART COORDINATES
PRESSURE: 170000 -14780.9 41.837 72.1494 35.6612 -14538.6 -14.1182 81.4642 25.6606 -14421.3
GPRESSURE: 170000 -190.997 75.1932 53.0279 54.0245 7.63465 -129.744 32.8183 47.6333 -26.1916
PRESSAVG: 170000 18.809 14.0706 -9.01096 19.331 -9.2676 21.7648 -2.54699 17.7802 -0.306478
GPRESSAVG: 170000 18.7814 14.1106 -8.96176 19.0869 -9.19818 21.7788 -2.61991 17.8702 -0.295936
TIMING: 170000  CPU: 15837.9, 0.0934448/step  Wall: 18018.6, 0.106207/step, 2.36015 hours remaining, 169.795685 MB of memory in use.
ENERGY:  170000      8995.4983     44954.9154     30677.5912       568.8287        -607457.5257     24087.5895       248.2763         0.0000    147118.3894        -350806.4368       309.1956   -497924.8262   -350443.9308       310.1821         -14580.2415       -69.8512   2185304.2843         3.0783         3.0958

WRITING EXTENDED SYSTEM TO RESTART FILE AT STEP 170000
WRITING VELOCITIES TO RESTART FILE AT STEP 170000
FINISHED WRITING RESTART VELOCITIES
LDB: ============= START OF LOAD BALANCING ============== 18269.7
LDB: ============== END OF LOAD BALANCING =============== 18269.7

LDB: ============= START OF LOAD BALANCING ============== 18280.6
LDB: TIME 18280.6 LOAD: AVG 9.40504 MAX 9.72408  PROXIES: TOTAL 632 MAXPE 27 MAXPATCH 4 None 1.67538
LDB: TIME 18280.7 LOAD: AVG 9.40504 MAX 9.72408  PROXIES: TOTAL 632 MAXPE 27 MAXPATCH 4 RefineTorusLB 1.67538
LDB: ============== END OF LOAD BALANCING =============== 18280.7

PRESSURE: 175000 -14535.4 99.7622 172.359 80.4006 -14336.3 74.9058 169.823 78.4071 -14340.3
GPRESSURE: 175000 -48.0211 110.793 91.076 59.9791 113.132 76.3637 150.027 27.9314 177.978
PRESSAVG: 175000 16.0952 6.93988 -20.4257 15.0792 -8.63578 9.21651 6.6429 2.3866 0.319985
GPRESSAVG: 175000 16.0529 6.97594 -20.3388 15.1195 -8.66169 9.36819 6.61661 2.30689 0.306684
TIMING: 175000  CPU: 16304.6, 0.0933434/step  Wall: 18548.4, 0.105962/step, 2.20754 hours remaining, 172.549194 MB of memory in use.
ENERGY:  175000      8912.1634     45086.0365     30700.8948       535.5861        -607537.7926     24109.7031       236.3652         0.0000    146831.2370        -351125.8066       308.5921   -497957.0436   -350762.0812       309.6264         -14403.9927        81.0295   2186852.4423         2.5931         2.5660

WRITING EXTENDED SYSTEM TO RESTART FILE AT STEP 175000
WRITING COORDINATES TO DCD FILE AT STEP 175000
WRITING COORDINATES TO RESTART FILE AT STEP 175000
FINISHED WRITING RESTART COORDINATES
WRITING VELOCITIES TO RESTART FILE AT STEP 175000
FINISHED WRITING RESTART VELOCITIES
LDB: ============= START OF LOAD BALANCING ============== 18695.1
LDB: ============== END OF LOAD BALANCING =============== 18695.1

LDB: ============= START OF LOAD BALANCING ============== 18706
LDB: TIME 18706 LOAD: AVG 9.41445 MAX 9.77793  PROXIES: TOTAL 632 MAXPE 27 MAXPATCH 4 None 1.68896
LDB: TIME 18706.1 LOAD: AVG 9.41445 MAX 9.77793  PROXIES: TOTAL 632 MAXPE 27 MAXPATCH 4 RefineTorusLB 1.68896
LDB: ============== END OF LOAD BALANCING =============== 18706.1

PRESSURE: 180000 -14390.1 -57.6946 34.0151 -25.5481 -14384.7 -80.6266 43.4235 -61.0742 -14182
GPRESSURE: 180000 109.286 -116.61 -32.7498 6.49662 145.237 -41.6281 -70.0925 -40.7399 202.439
PRESSAVG: 180000 15.0163 1.38528 -0.196177 9.97503 -13.9609 13.2814 -3.81904 7.4182 -1.57459
GPRESSAVG: 180000 14.9814 1.3983 -0.0997554 10.0095 -13.9492 13.328 -3.84949 7.50335 -1.56991
TIMING: 180000  CPU: 16770.2, 0.0931044/step  Wall: 19079.6, 0.106226/step, 2.0655 hours remaining, 169.512177 MB of memory in use.
ENERGY:  180000      9126.0514     44861.4245     30624.4322       579.1584        -606767.2114     24095.5411       235.1071         0.0000    147076.7218        -350168.7749       309.1081   -497245.4967   -349793.9932       309.5746         -14318.9527       152.3205   2185381.9492        -0.1731        -0.1792

WRITING EXTENDED SYSTEM TO RESTART FILE AT STEP 180000
WRITING COORDINATES TO DCD FILE AT STEP 180000
WRITING COORDINATES TO RESTART FILE AT STEP 180000
FINISHED WRITING RESTART COORDINATES
WRITING VELOCITIES TO RESTART FILE AT STEP 180000
FINISHED WRITING RESTART VELOCITIES
LDB: ============= START OF LOAD BALANCING ============== 19119.8
LDB: ============== END OF LOAD BALANCING =============== 19119.8

LDB: ============= START OF LOAD BALANCING ============== 19130.9
LDB: TIME 19130.9 LOAD: AVG 9.41348 MAX 9.84243  PROXIES: TOTAL 632 MAXPE 27 MAXPATCH 4 None 1.67946
LDB: TIME 19130.9 LOAD: AVG 9.41348 MAX 9.84243  PROXIES: TOTAL 632 MAXPE 27 MAXPATCH 4 RefineTorusLB 1.67946
LDB: ============== END OF LOAD BALANCING =============== 19130.9

LDB: ============= START OF LOAD BALANCING ============== 19544.7
LDB: ============== END OF LOAD BALANCING =============== 19544.7

LDB: ============= START OF LOAD BALANCING ============== 19555.4
LDB: TIME 19555.5 LOAD: AVG 9.39066 MAX 9.68244  PROXIES: TOTAL 632 MAXPE 27 MAXPATCH 4 None 1.67667
LDB: TIME 19555.5 LOAD: AVG 9.39066 MAX 9.68244  PROXIES: TOTAL 632 MAXPE 27 MAXPATCH 4 RefineTorusLB 1.67667
LDB: ============== END OF LOAD BALANCING =============== 19555.5

WRITING COORDINATES TO DCD FILE AT STEP 185000
WRITING COORDINATES TO RESTART FILE AT STEP 185000
FINISHED WRITING RESTART COORDINATES
PRESSURE: 185000 -14436.9 -142.362 -23.8734 -124.299 -14533.1 -63.5361 -25.7957 -66.8162 -14344.9
GPRESSURE: 185000 92.7501 -112.361 22.1141 -79.8369 -72.325 -49.6369 -33.7148 7.2228 94.3215
PRESSAVG: 185000 3.37699 0.0536136 4.08217 -3.58391 6.09896 -0.667401 6.79381 10.4837 4.62556
GPRESSAVG: 185000 3.42501 0.168493 3.83085 -3.49053 6.08485 -0.732767 6.8458 10.3816 4.54442
TIMING: 185000  CPU: 17236.1, 0.093181/step  Wall: 19611, 0.106293/step, 1.91918 hours remaining, 170.040527 MB of memory in use.
ENERGY:  185000      8858.5834     45082.8385     30784.6551       569.8682        -607184.1529     24352.9521       224.8822         0.0000    146766.0918        -350544.2817       308.4552   -497310.3735   -350207.7029       309.6295         -14438.3312        38.2488   2187583.3911         4.7005         4.6848

WRITING EXTENDED SYSTEM TO RESTART FILE AT STEP 185000
WRITING VELOCITIES TO RESTART FILE AT STEP 185000
FINISHED WRITING RESTART VELOCITIES
LDB: ============= START OF LOAD BALANCING ============== 19969
LDB: ============== END OF LOAD BALANCING =============== 19969

LDB: ============= START OF LOAD BALANCING ============== 19980
LDB: TIME 19980 LOAD: AVG 9.39047 MAX 9.67152  PROXIES: TOTAL 632 MAXPE 27 MAXPATCH 4 None 1.67624
LDB: TIME 19980 LOAD: AVG 9.39047 MAX 9.67152  PROXIES: TOTAL 632 MAXPE 27 MAXPATCH 4 RefineTorusLB 1.67624
LDB: ============== END OF LOAD BALANCING =============== 19980

PRESSURE: 190000 -14335.2 -115.066 -10.841 -98.6052 -14359.9 -2.81722 -22.5581 18.1325 -14273.8
GPRESSURE: 190000 163.368 -68.6629 -48.7331 -60.9932 213.045 -32.8736 -44.415 -0.959314 285.356
PRESSAVG: 190000 0.370328 2.41184 -7.71533 4.61523 -3.8925 17.3329 -11.9381 18.6504 2.0595
GPRESSAVG: 190000 0.362247 2.48009 -7.66058 4.65046 -3.78273 17.4224 -11.8874 18.5676 2.03535
TIMING: 190000  CPU: 17702, 0.0931916/step  Wall: 20141.5, 0.106097/step, 1.76829 hours remaining, 170.085083 MB of memory in use.
ENERGY:  190000      8823.6595     44773.1780     30755.2566       594.6296        -608434.4773     25311.1313       233.5999         0.0000    147223.6888        -350719.3336       309.4169   -497943.0224   -350363.3337       309.6901         -14322.9460       220.5896   2187676.8976        -0.4876        -0.4617

WRITING EXTENDED SYSTEM TO RESTART FILE AT STEP 190000
WRITING COORDINATES TO DCD FILE AT STEP 190000
WRITING COORDINATES TO RESTART FILE AT STEP 190000
FINISHED WRITING RESTART COORDINATES
WRITING VELOCITIES TO RESTART FILE AT STEP 190000
FINISHED WRITING RESTART VELOCITIES
LDB: ============= START OF LOAD BALANCING ============== 20393.8
LDB: ============== END OF LOAD BALANCING =============== 20393.8

LDB: ============= START OF LOAD BALANCING ============== 20404.6
LDB: TIME 20404.6 LOAD: AVG 9.38247 MAX 9.6678  PROXIES: TOTAL 632 MAXPE 27 MAXPATCH 4 None 1.66779
LDB: TIME 20404.7 LOAD: AVG 9.38247 MAX 9.6678  PROXIES: TOTAL 632 MAXPE 27 MAXPATCH 4 RefineTorusLB 1.66779
LDB: ============== END OF LOAD BALANCING =============== 20404.7

PRESSURE: 195000 -14384.1 16.6139 50.0683 -19.7864 -14508.3 94.7975 60.4461 73.7633 -14378.5
GPRESSURE: 195000 73.5924 107.466 -17.5053 0.52489 66.0195 41.5655 -5.8149 64.3133 48.5272
PRESSAVG: 195000 -0.388435 -13.6305 -19.3483 -1.38652 2.79592 14.3635 -10.6309 10.4382 4.55152
GPRESSAVG: 195000 -0.414121 -13.6806 -19.293 -1.35556 2.76139 14.3064 -10.6741 10.5372 4.55751
TIMING: 195000  CPU: 18169.3, 0.093444/step  Wall: 20671.9, 0.10608/step, 1.62066 hours remaining, 170.591339 MB of memory in use.
ENERGY:  195000      8949.3087     44832.2565     30799.2198       562.6435        -607252.3105     24709.0771       227.1556         0.0000    146528.1443        -350644.5050       307.9551   -497172.6493   -350302.8669       310.0401         -14423.6340        62.7131   2186835.2235         2.3197         2.3016

WRITING EXTENDED SYSTEM TO RESTART FILE AT STEP 195000
WRITING COORDINATES TO DCD FILE AT STEP 195000
WRITING COORDINATES TO RESTART FILE AT STEP 195000
FINISHED WRITING RESTART COORDINATES
WRITING VELOCITIES TO RESTART FILE AT STEP 195000
FINISHED WRITING RESTART VELOCITIES
LDB: ============= START OF LOAD BALANCING ============== 20818.3
LDB: ============== END OF LOAD BALANCING =============== 20818.3

LDB: ============= START OF LOAD BALANCING ============== 20829.1
LDB: TIME 20829.2 LOAD: AVG 9.39772 MAX 9.69852  PROXIES: TOTAL 632 MAXPE 27 MAXPATCH 4 None 1.67672
LDB: TIME 20829.2 LOAD: AVG 9.39772 MAX 9.69852  PROXIES: TOTAL 632 MAXPE 27 MAXPATCH 4 RefineTorusLB 1.67672
LDB: ============== END OF LOAD BALANCING =============== 20829.2

PRESSURE: 200000 -14430.3 64.9362 -4.6542 67.2697 -14608.5 14.9608 1.37793 9.18822 -14449.8
GPRESSURE: 200000 5.17171 40.8665 8.13386 161.229 -37.985 119.406 -25.2942 -20.0307 -98.9715
PRESSAVG: 200000 16.2233 8.23899 -15.7072 15.5266 -12.5863 12.3679 -7.86884 0.842553 5.44244
GPRESSAVG: 200000 16.216 8.19386 -15.6825 15.5409 -12.6106 12.4577 -7.68985 0.722137 5.58649
TIMING: 200000  CPU: 18636.4, 0.0934222/step  Wall: 21203.2, 0.106248/step, 1.47566 hours remaining, 170.382751 MB of memory in use.
ETITLE:      TS           BOND          ANGLE          DIHED          IMPRP               ELECT            VDW       BOUNDARY           MISC        KINETIC               TOTAL           TEMP      POTENTIAL         TOTAL3        TEMPAVG            PRESSURE      GPRESSURE         VOLUME       PRESSAVG      GPRESSAVG

ENERGY:  200000      8992.0236     44788.9274     30718.6857       557.6415        -607090.7467     24387.9958       229.3426         0.0000    146394.3541        -351021.7762       307.6740   -497416.1302   -350655.2711       310.1223         -14496.2084       -43.9283   2188911.2639         3.0265         3.0640

WRITING EXTENDED SYSTEM TO RESTART FILE AT STEP 200000
WRITING COORDINATES TO DCD FILE AT STEP 200000
WRITING COORDINATES TO RESTART FILE AT STEP 200000
FINISHED WRITING RESTART COORDINATES
WRITING VELOCITIES TO RESTART FILE AT STEP 200000
FINISHED WRITING RESTART VELOCITIES
LDB: ============= START OF LOAD BALANCING ============== 21243.1
LDB: ============== END OF LOAD BALANCING =============== 21243.1

LDB: ============= START OF LOAD BALANCING ============== 21253.8
LDB: TIME 21253.9 LOAD: AVG 9.38422 MAX 9.64214  PROXIES: TOTAL 632 MAXPE 27 MAXPATCH 4 None 1.67845
LDB: TIME 21253.9 LOAD: AVG 9.38422 MAX 9.64214  PROXIES: TOTAL 632 MAXPE 27 MAXPATCH 4 RefineTorusLB 1.67845
LDB: ============== END OF LOAD BALANCING =============== 21253.9

LDB: ============= START OF LOAD BALANCING ============== 21666.7
LDB: ============== END OF LOAD BALANCING =============== 21666.7

LDB: ============= START OF LOAD BALANCING ============== 21677.6
LDB: TIME 21677.6 LOAD: AVG 9.40865 MAX 9.7399  PROXIES: TOTAL 632 MAXPE 27 MAXPATCH 4 None 1.68556
LDB: TIME 21677.6 LOAD: AVG 9.40865 MAX 9.7399  PROXIES: TOTAL 632 MAXPE 27 MAXPATCH 4 RefineTorusLB 1.68556
LDB: ============== END OF LOAD BALANCING =============== 21677.7

PRESSURE: 205000 -14395.7 67.9374 111.207 54.9112 -14520.1 31.2159 108.979 66.647 -14448.1
GPRESSURE: 205000 85.0862 49.3126 78.3307 -7.90736 3.99798 27.5682 62.3757 44.5079 9.50633
PRESSAVG: 205000 -4.07589 17.7792 -31.4709 20.9544 0.552954 -10.9453 -12.6346 -13.1852 4.03327
GPRESSAVG: 205000 -4.1098 17.6536 -31.473 20.8782 0.538795 -10.8102 -12.5717 -13.291 4.00271
TIMING: 205000  CPU: 19102, 0.093118/step  Wall: 21732.9, 0.105948/step, 1.32435 hours remaining, 169.698486 MB of memory in use.
ENERGY:  205000      8839.5813     44938.7336     30795.8521       582.9061        -607619.9921     24387.7462       244.5139         0.0000    147441.9303        -350388.7286       309.8756   -497830.6589   -350036.5541       309.6875         -14454.6301        32.8635   2189546.9029         0.1701         0.1439

WRITING EXTENDED SYSTEM TO RESTART FILE AT STEP 205000
WRITING COORDINATES TO DCD FILE AT STEP 205000
WRITING COORDINATES TO RESTART FILE AT STEP 205000
FINISHED WRITING RESTART COORDINATES
WRITING VELOCITIES TO RESTART FILE AT STEP 205000
FINISHED WRITING RESTART VELOCITIES
LDB: ============= START OF LOAD BALANCING ============== 22090.5
LDB: ============== END OF LOAD BALANCING =============== 22090.5

LDB: ============= START OF LOAD BALANCING ============== 22101.4
LDB: TIME 22101.4 LOAD: AVG 9.42342 MAX 9.66568  PROXIES: TOTAL 632 MAXPE 27 MAXPATCH 4 None 1.69349
LDB: TIME 22101.5 LOAD: AVG 9.42342 MAX 9.66568  PROXIES: TOTAL 632 MAXPE 27 MAXPATCH 4 RefineTorusLB 1.69349
LDB: ============== END OF LOAD BALANCING =============== 22101.5

WRITING COORDINATES TO DCD FILE AT STEP 210000
WRITING COORDINATES TO RESTART FILE AT STEP 210000
FINISHED WRITING RESTART COORDINATES
PRESSURE: 210000 -14543.6 98.4544 99.751 62.786 -14593.4 -68.223 83.128 -6.99242 -14360.3
GPRESSURE: 210000 -91.6797 176.315 110.536 15.5982 -98.3493 -55.0915 110.152 -41.9448 96.8425
PRESSAVG: 210000 2.87183 18.5833 5.35931 22.0847 -2.20487 -17.7506 0.607617 8.36705 3.55074
GPRESSAVG: 210000 2.89845 18.6857 5.48275 21.963 -2.32672 -17.6034 0.453877 8.38874 3.51459
TIMING: 210000  CPU: 19568.6, 0.0933386/step  Wall: 22263.2, 0.106054/step, 1.17837 hours remaining, 168.861542 MB of memory in use.
ENERGY:  210000      8878.9050     44913.7451     30668.3543       554.7733        -606923.0948     23843.0862       246.8099         0.0000    147002.0858        -350815.3353       308.9512   -497817.4210   -350458.8978       309.9282         -14499.0755       -31.0622   2187441.1286         1.4059         1.3621

WRITING EXTENDED SYSTEM TO RESTART FILE AT STEP 210000
WRITING VELOCITIES TO RESTART FILE AT STEP 210000
FINISHED WRITING RESTART VELOCITIES
LDB: ============= START OF LOAD BALANCING ============== 22515.1
LDB: ============== END OF LOAD BALANCING =============== 22515.1

LDB: ============= START OF LOAD BALANCING ============== 22525.8
LDB: TIME 22525.8 LOAD: AVG 9.38424 MAX 9.70331  PROXIES: TOTAL 632 MAXPE 27 MAXPATCH 4 None 1.67839
LDB: TIME 22525.8 LOAD: AVG 9.38424 MAX 9.70331  PROXIES: TOTAL 632 MAXPE 27 MAXPATCH 4 RefineTorusLB 1.67839
LDB: ============== END OF LOAD BALANCING =============== 22525.8

PRESSURE: 215000 -14491.2 -64.4507 80.9655 -53.7619 -14869.2 18.9572 108.724 11.8891 -14463.4
GPRESSURE: 215000 -34.1401 -10.4148 122.055 -24.4353 -348.392 -26.9498 116.08 87.7639 -21.1087
PRESSAVG: 215000 -8.53191 0.100788 -8.09112 0.506847 8.95231 4.56175 2.19669 2.82023 1.37212
GPRESSAVG: 215000 -8.61176 0.126306 -7.97302 0.462019 8.98836 4.67987 2.24946 2.84582 1.31465
TIMING: 215000  CPU: 20035.8, 0.093436/step  Wall: 22793.8, 0.106128/step, 1.0318 hours remaining, 171.149261 MB of memory in use.
ENERGY:  215000      9037.0753     45066.6127     30743.3384       564.4654        -607018.1688     24026.4531       243.1600         0.0000    147263.2709        -350073.7929       309.5001   -497337.0638   -349688.7924       309.8450         -14607.9174      -134.5468   2191131.2114         0.5975         0.5638

WRITING EXTENDED SYSTEM TO RESTART FILE AT STEP 215000
WRITING COORDINATES TO DCD FILE AT STEP 215000
WRITING COORDINATES TO RESTART FILE AT STEP 215000
FINISHED WRITING RESTART COORDINATES
WRITING VELOCITIES TO RESTART FILE AT STEP 215000
FINISHED WRITING RESTART VELOCITIES
LDB: ============= START OF LOAD BALANCING ============== 22940.1
LDB: ============== END OF LOAD BALANCING =============== 22940.1

LDB: ============= START OF LOAD BALANCING ============== 22950.9
LDB: TIME 22951 LOAD: AVG 9.38164 MAX 9.79216  PROXIES: TOTAL 632 MAXPE 27 MAXPATCH 4 None 1.67798
LDB: TIME 22951 LOAD: AVG 9.38164 MAX 9.79216  PROXIES: TOTAL 632 MAXPE 27 MAXPATCH 4 RefineTorusLB 1.67798
LDB: ============== END OF LOAD BALANCING =============== 22951

PRESSURE: 220000 -14375.4 -92.1767 49.1453 -114.345 -14394.7 80.5278 2.08351 94.7917 -14562.8
GPRESSURE: 220000 156.41 -7.79574 44.1541 -98.5064 110.164 79.619 -8.24823 104.011 -41.9907
PRESSAVG: 220000 -0.806486 7.52887 -12.4843 -0.484191 -1.52825 8.96349 4.45125 -7.3208 2.94358
GPRESSAVG: 220000 -0.691112 7.51254 -12.4826 -0.332562 -1.55375 8.99998 4.32894 -7.13535 2.93621
TIMING: 220000  CPU: 20503.7, 0.0935702/step  Wall: 23324.7, 0.10618/step, 0.884837 hours remaining, 171.604828 MB of memory in use.
ENERGY:  220000      8957.7003     44992.9706     30595.7114       583.8069        -607729.7006     24627.1033       256.9461         0.0000    147729.1836        -349986.2784       310.4793   -497715.4621   -349629.3722       309.9025         -14444.2869        74.8610   2184070.0946         0.2029         0.2304

WRITING EXTENDED SYSTEM TO RESTART FILE AT STEP 220000
WRITING COORDINATES TO DCD FILE AT STEP 220000
WRITING COORDINATES TO RESTART FILE AT STEP 220000
FINISHED WRITING RESTART COORDINATES
WRITING VELOCITIES TO RESTART FILE AT STEP 220000
FINISHED WRITING RESTART VELOCITIES
LDB: ============= START OF LOAD BALANCING ============== 23364.7
LDB: ============== END OF LOAD BALANCING =============== 23364.7

LDB: ============= START OF LOAD BALANCING ============== 23375.5
LDB: TIME 23375.5 LOAD: AVG 9.39488 MAX 9.66061  PROXIES: TOTAL 632 MAXPE 27 MAXPATCH 4 None 1.67877
LDB: TIME 23375.6 LOAD: AVG 9.39488 MAX 9.66061  PROXIES: TOTAL 632 MAXPE 27 MAXPATCH 4 RefineTorusLB 1.67877
LDB: ============== END OF LOAD BALANCING =============== 23375.6

LDB: ============= START OF LOAD BALANCING ============== 23789.4
LDB: ============== END OF LOAD BALANCING =============== 23789.4

LDB: ============= START OF LOAD BALANCING ============== 23800.2
LDB: TIME 23800.2 LOAD: AVG 9.39642 MAX 9.63667  PROXIES: TOTAL 632 MAXPE 27 MAXPATCH 4 None 1.6942
LDB: TIME 23800.2 LOAD: AVG 9.39642 MAX 9.63667  PROXIES: TOTAL 632 MAXPE 27 MAXPATCH 4 RefineTorusLB 1.6942
LDB: ============== END OF LOAD BALANCING =============== 23800.2

PRESSURE: 225000 -14311.1 62.879 10.8462 48.3617 -14700.9 -7.07148 -34.1016 10.8916 -14594.3
GPRESSURE: 225000 101.865 17.2722 41.6969 62.6297 -201.675 54.6802 -14.3883 25.0811 -73.9614
PRESSAVG: 225000 8.19803 15.5838 -8.23467 3.06396 -10.7927 -11.9184 -19.107 -6.10663 1.03725
GPRESSAVG: 225000 8.12235 15.5951 -8.17463 2.88869 -10.8675 -11.8343 -19.2177 -6.10447 1.01671
TIMING: 225000  CPU: 20970.9, 0.093437/step  Wall: 23856, 0.106268/step, 0.737974 hours remaining, 170.763641 MB of memory in use.
ENERGY:  225000      8836.9717     44819.6802     30734.5305       584.8717        -607564.9988     24295.0067       245.1519         0.0000    147280.2781        -350768.5081       309.5359   -498048.7862   -350390.1768       309.6514         -14535.4208       -57.9240   2191301.8327        -0.5191        -0.5761

WRITING EXTENDED SYSTEM TO RESTART FILE AT STEP 225000
WRITING COORDINATES TO DCD FILE AT STEP 225000
WRITING COORDINATES TO RESTART FILE AT STEP 225000
FINISHED WRITING RESTART COORDINATES
WRITING VELOCITIES TO RESTART FILE AT STEP 225000
FINISHED WRITING RESTART VELOCITIES
LDB: ============= START OF LOAD BALANCING ============== 24213.9
LDB: ============== END OF LOAD BALANCING =============== 24213.9

LDB: ============= START OF LOAD BALANCING ============== 24224.7
LDB: TIME 24224.7 LOAD: AVG 9.38745 MAX 9.68245  PROXIES: TOTAL 632 MAXPE 27 MAXPATCH 4 None 1.67411
LDB: TIME 24224.8 LOAD: AVG 9.38745 MAX 9.68245  PROXIES: TOTAL 632 MAXPE 27 MAXPATCH 4 RefineTorusLB 1.67411
LDB: ============== END OF LOAD BALANCING =============== 24224.8

PRESSURE: 230000 -14560.5 182.332 -85.6949 241.051 -14360.1 -29.6593 -52.9487 -55.8184 -14143.1
GPRESSURE: 230000 -7.76176 177.976 -91.2916 179.699 178.208 33.4192 3.64786 -59.9467 264.131
PRESSAVG: 230000 23.0603 8.49796 5.70678 11.8016 -22.458 -2.91707 9.71631 -3.03657 -1.59086
GPRESSAVG: 230000 23.0796 8.54943 5.66007 11.9161 -22.3296 -2.91598 9.73813 -3.00724 -1.62293
TIMING: 230000  CPU: 21436.5, 0.0931272/step  Wall: 24386.3, 0.106055/step, 0.589195 hours remaining, 170.046997 MB of memory in use.
ENERGY:  230000      8926.5465     44943.5682     30759.6608       550.7938        -608764.6926     25308.8809       243.7587         0.0000    146866.7257        -351164.7580       308.6667   -498031.4837   -350808.2857       310.1020         -14354.5996       144.8591   2189294.5930        -0.3295        -0.2910

WRITING EXTENDED SYSTEM TO RESTART FILE AT STEP 230000
WRITING COORDINATES TO DCD FILE AT STEP 230000
WRITING COORDINATES TO RESTART FILE AT STEP 230000
FINISHED WRITING RESTART COORDINATES
WRITING VELOCITIES TO RESTART FILE AT STEP 230000
FINISHED WRITING RESTART VELOCITIES
LDB: ============= START OF LOAD BALANCING ============== 24638.6
LDB: ============== END OF LOAD BALANCING =============== 24638.6

LDB: ============= START OF LOAD BALANCING ============== 24649.5
LDB: TIME 24649.5 LOAD: AVG 9.38969 MAX 9.77518  PROXIES: TOTAL 632 MAXPE 27 MAXPATCH 4 None 1.68185
LDB: TIME 24649.5 LOAD: AVG 9.38969 MAX 9.77518  PROXIES: TOTAL 632 MAXPE 27 MAXPATCH 4 RefineTorusLB 1.68185
LDB: ============== END OF LOAD BALANCING =============== 24649.5

PRESSURE: 235000 -14564.8 132.991 128.203 90.6836 -14448.7 -44.6809 93.6087 -14.7477 -14594.8
GPRESSURE: 235000 -67.0976 135.755 100.132 91.8952 -24.2172 -53.2698 1.68251 5.1407 -73.7058
PRESSAVG: 235000 -12.596 16.7878 -17.5907 6.60209 5.33298 -4.17777 -9.58691 -0.695078 5.0596
GPRESSAVG: 235000 -12.5751 16.9212 -17.5444 6.44214 5.32701 -4.29457 -9.60826 -0.861842 4.98522
TIMING: 235000  CPU: 21903.2, 0.0933366/step  Wall: 24916.1, 0.105956/step, 0.441484 hours remaining, 170.917908 MB of memory in use.
ENERGY:  235000      8929.7540     45025.9006     30758.0225       581.4658        -607643.4799     24405.6863       235.9108         0.0000    147493.3206        -350213.4194       309.9836   -497706.7400   -349847.6133       309.7202         -14536.1034       -55.0069   2191898.4618        -0.7345        -0.7543

WRITING EXTENDED SYSTEM TO RESTART FILE AT STEP 235000
WRITING COORDINATES TO DCD FILE AT STEP 235000
WRITING COORDINATES TO RESTART FILE AT STEP 235000
FINISHED WRITING RESTART COORDINATES
WRITING VELOCITIES TO RESTART FILE AT STEP 235000
FINISHED WRITING RESTART VELOCITIES
LDB: ============= START OF LOAD BALANCING ============== 25061.8
LDB: ============== END OF LOAD BALANCING =============== 25061.8

LDB: ============= START OF LOAD BALANCING ============== 25072.7
LDB: TIME 25072.7 LOAD: AVG 9.40762 MAX 9.70059  PROXIES: TOTAL 632 MAXPE 27 MAXPATCH 4 None 1.68609
LDB: TIME 25072.7 LOAD: AVG 9.40762 MAX 9.70059  PROXIES: TOTAL 632 MAXPE 27 MAXPATCH 4 RefineTorusLB 1.68609
LDB: ============== END OF LOAD BALANCING =============== 25072.7

PRESSURE: 240000 -14700.8 -14.9791 -85.3952 -57.5838 -14708.7 39.2266 -95.446 24.1164 -14385.2
GPRESSURE: 240000 -63.6792 57.9395 29.8639 -46.221 -153.535 97.0175 -80.3003 22.1893 -9.86657
PRESSAVG: 240000 -1.47394 4.37355 -6.6891 -2.60303 -19.639 -5.0877 -2.13904 4.42719 -1.69254
GPRESSAVG: 240000 -1.46719 4.55455 -6.68855 -2.47324 -19.6726 -5.03705 -2.17326 4.65568 -1.64763
TIMING: 240000  CPU: 22370.6, 0.093488/step  Wall: 25446.7, 0.106129/step, 0.294802 hours remaining, 170.133698 MB of memory in use.
ENERGY:  240000      8900.1845     44741.9010     30829.0454       549.1708        -607506.4235     23997.2499       234.5678         0.0000    146701.6235        -351552.6807       308.3197   -498254.3042   -351187.5540       309.5496         -14598.2466       -75.6934   2184986.4871        -7.6018        -7.5958

WRITING EXTENDED SYSTEM TO RESTART FILE AT STEP 240000
WRITING COORDINATES TO DCD FILE AT STEP 240000
WRITING COORDINATES TO RESTART FILE AT STEP 240000
FINISHED WRITING RESTART COORDINATES
WRITING VELOCITIES TO RESTART FILE AT STEP 240000
FINISHED WRITING RESTART VELOCITIES
LDB: ============= START OF LOAD BALANCING ============== 25486.9
LDB: ============== END OF LOAD BALANCING =============== 25486.9

LDB: ============= START OF LOAD BALANCING ============== 25497.8
LDB: TIME 25497.8 LOAD: AVG 9.40288 MAX 9.70728  PROXIES: TOTAL 632 MAXPE 27 MAXPATCH 4 None 1.67398
LDB: TIME 25497.8 LOAD: AVG 9.40288 MAX 9.70728  PROXIES: TOTAL 632 MAXPE 27 MAXPATCH 4 RefineTorusLB 1.67398
LDB: ============== END OF LOAD BALANCING =============== 25497.8

LDB: ============= START OF LOAD BALANCING ============== 25911.4
LDB: ============== END OF LOAD BALANCING =============== 25911.4

LDB: ============= START OF LOAD BALANCING ============== 25922.3
LDB: TIME 25922.3 LOAD: AVG 9.40848 MAX 9.77926  PROXIES: TOTAL 632 MAXPE 27 MAXPATCH 4 None 1.68704
LDB: TIME 25922.4 LOAD: AVG 9.40848 MAX 9.77926  PROXIES: TOTAL 632 MAXPE 27 MAXPATCH 4 RefineTorusLB 1.68704
LDB: ============== END OF LOAD BALANCING =============== 25922.4

PRESSURE: 245000 -14592.4 52.6676 -82.734 14.2204 -14659.5 12.0836 -84.1974 -11.1953 -14437
GPRESSURE: 245000 -98.217 37.9731 -55.3634 -10.3957 -28.2776 -23.0537 -8.72803 -71.891 10.56
PRESSAVG: 245000 5.28841 0.588114 -0.618587 -15.6402 -6.60549 0.678042 13.3201 6.4974 -0.175077
GPRESSAVG: 245000 5.24468 0.661447 -0.549126 -15.6628 -6.50575 0.573696 13.3221 6.46961 -0.188662
TIMING: 245000  CPU: 22837.4, 0.0933634/step  Wall: 25977.9, 0.106241/step, 0.147557 hours remaining, 169.614777 MB of memory in use.
ENERGY:  245000      8957.6660     45117.7318     30697.9191       558.5387        -608391.5503     24752.5044       242.1866         0.0000    146963.8141        -351101.1896       308.8708   -498065.0037   -350740.3493       309.4476         -14562.9675       -38.6449   2186355.0501        -0.4974        -0.4832

WRITING EXTENDED SYSTEM TO RESTART FILE AT STEP 245000
WRITING COORDINATES TO DCD FILE AT STEP 245000
WRITING COORDINATES TO RESTART FILE AT STEP 245000
FINISHED WRITING RESTART COORDINATES
WRITING VELOCITIES TO RESTART FILE AT STEP 245000
FINISHED WRITING RESTART VELOCITIES
LDB: ============= START OF LOAD BALANCING ============== 26335.6
LDB: ============== END OF LOAD BALANCING =============== 26335.6

LDB: ============= START OF LOAD BALANCING ============== 26346.4
LDB: TIME 26346.5 LOAD: AVG 9.40576 MAX 9.67858  PROXIES: TOTAL 632 MAXPE 27 MAXPATCH 4 None 1.68644
LDB: TIME 26346.5 LOAD: AVG 9.40576 MAX 9.67858  PROXIES: TOTAL 632 MAXPE 27 MAXPATCH 4 RefineTorusLB 1.68644
LDB: ============== END OF LOAD BALANCING =============== 26346.5

PRESSURE: 250000 -14526.1 -85.6687 164.729 -104.726 -14814.8 16.1767 196.379 34.5841 -14239.1
GPRESSURE: 250000 -4.15275 -12.7325 38.8291 -23.0675 -281.717 -49.4852 107.05 1.39274 155.187
PRESSAVG: 250000 -13.1586 4.84016 -8.67159 -13.1263 25.0013 -3.43899 -14.165 -1.57508 2.17148
GPRESSAVG: 250000 -13.1456 4.73233 -8.7428 -12.9364 24.9471 -3.40512 -14.2594 -1.70193 2.31599
TIMING: 250000  CPU: 23304.7, 0.0934502/step  Wall: 26507.9, 0.105987/step, 0 hours remaining, 169.057007 MB of memory in use.
ETITLE:      TS           BOND          ANGLE          DIHED          IMPRP               ELECT            VDW       BOUNDARY           MISC        KINETIC               TOTAL           TEMP      POTENTIAL         TOTAL3        TEMPAVG            PRESSURE      GPRESSURE         VOLUME       PRESSAVG      GPRESSAVG

ENERGY:  250000      8891.3661     44827.0123     30606.0852       559.2682        -607499.8164     24542.6356       243.2270         0.0000    146362.7541        -351467.4679       307.6075   -497830.2220   -351119.7691       309.5617         -14526.6578       -43.5609   2190064.1463         4.6714         4.7058

WRITING EXTENDED SYSTEM TO RESTART FILE AT STEP 250000
WRITING COORDINATES TO DCD FILE AT STEP 250000
WRITING COORDINATES TO RESTART FILE AT STEP 250000
FINISHED WRITING RESTART COORDINATES
WRITING VELOCITIES TO RESTART FILE AT STEP 250000
FINISHED WRITING RESTART VELOCITIES
WRITING EXTENDED SYSTEM TO OUTPUT FILE AT STEP 250000
CLOSING EXTENDED SYSTEM TRAJECTORY FILE
WRITING COORDINATES TO OUTPUT FILE AT STEP 250000
CLOSING COORDINATE DCD FILE
WRITING VELOCITIES TO OUTPUT FILE AT STEP 250000
====================================================

WallClock: 26517.917969  CPUTime: 23312.187500  Memory: 167.589050 MB
