3935: Tue May  6 17:15:21 EDT 2014: Entering /tmp/24923.1.standard.q/ssh with args node067.pug.mib.pbtech -l jam2079 /bin/sh -f
3936: Tue May  6 17:15:21 EDT 2014: Entering /tmp/24923.1.standard.q/ssh with args node036.pug.mib.pbtech -l jam2079 /bin/sh -f
3955: Tue May  6 17:15:21 EDT 2014: Entering /tmp/24923.1.standard.q/ssh with args node067.pug.mib.pbtech -l jam2079 /bin/sh -f
3949: Tue May  6 17:15:21 EDT 2014: Entering /tmp/24923.1.standard.q/ssh with args node067.pug.mib.pbtech -l jam2079 /bin/sh -f
3940: Tue May  6 17:15:21 EDT 2014: Entering /tmp/24923.1.standard.q/ssh with args node036.pug.mib.pbtech -l jam2079 /bin/sh -f
3950: Tue May  6 17:15:21 EDT 2014: Entering /tmp/24923.1.standard.q/ssh with args node036.pug.mib.pbtech -l jam2079 /bin/sh -f
3939: Tue May  6 17:15:21 EDT 2014: Entering /tmp/24923.1.standard.q/ssh with args node067.pug.mib.pbtech -l jam2079 /bin/sh -f
3956: Tue May  6 17:15:21 EDT 2014: Entering /tmp/24923.1.standard.q/ssh with args node036.pug.mib.pbtech -l jam2079 /bin/sh -f
3941: Tue May  6 17:15:21 EDT 2014: Entering /tmp/24923.1.standard.q/ssh with args node067.pug.mib.pbtech -l jam2079 /bin/sh -f
3937: Tue May  6 17:15:21 EDT 2014: Entering /tmp/24923.1.standard.q/ssh with args node067.pug.mib.pbtech -l jam2079 /bin/sh -f
3957: Tue May  6 17:15:23 EDT 2014: Exiting /tmp/24923.1.standard.q/ssh
3947: Tue May  6 17:15:23 EDT 2014: Exiting /tmp/24923.1.standard.q/ssh
3939: Tue May  6 17:15:23 EDT 2014: Exiting /tmp/24923.1.standard.q/ssh
3935: Tue May  6 17:15:24 EDT 2014: Exiting /tmp/24923.1.standard.q/ssh
3938: Tue May  6 17:15:25 EDT 2014: Exiting /tmp/24923.1.standard.q/ssh
3942: Tue May  6 17:15:26 EDT 2014: Exiting /tmp/24923.1.standard.q/ssh
3946: Tue May  6 17:15:28 EDT 2014: Exiting /tmp/24923.1.standard.q/ssh
3943: Tue May  6 17:15:28 EDT 2014: Exiting /tmp/24923.1.standard.q/ssh
3948: Tue May  6 17:15:29 EDT 2014: Exiting /tmp/24923.1.standard.q/ssh
3953: Tue May  6 17:15:29 EDT 2014: Exiting /tmp/24923.1.standard.q/ssh
3941: Tue May  6 17:15:31 EDT 2014: Exiting /tmp/24923.1.standard.q/ssh
3954: Tue May  6 17:15:33 EDT 2014: Exiting /tmp/24923.1.standard.q/ssh
3955: Tue May  6 17:15:35 EDT 2014: Exiting /tmp/24923.1.standard.q/ssh
3937: Tue May  6 17:15:35 EDT 2014: Exiting /tmp/24923.1.standard.q/ssh
3940: Tue May  6 17:15:37 EDT 2014: Exiting /tmp/24923.1.standard.q/ssh
3952: Tue May  6 17:15:37 EDT 2014: Exiting /tmp/24923.1.standard.q/ssh
3949: Tue May  6 17:15:38 EDT 2014: Exiting /tmp/24923.1.standard.q/ssh
3936: Tue May  6 17:15:38 EDT 2014: Exiting /tmp/24923.1.standard.q/ssh
3950: Tue May  6 17:15:39 EDT 2014: Exiting /tmp/24923.1.standard.q/ssh
3951: Tue May  6 17:15:39 EDT 2014: Exiting /tmp/24923.1.standard.q/ssh
3945: Tue May  6 17:15:43 EDT 2014: Exiting /tmp/24923.1.standard.q/ssh
3958: Tue May  6 17:15:43 EDT 2014: Exiting /tmp/24923.1.standard.q/ssh
3944: Tue May  6 17:15:44 EDT 2014: Exiting /tmp/24923.1.standard.q/ssh
3956: Tue May  6 17:15:44 EDT 2014: Exiting /tmp/24923.1.standard.q/ssh
Warning> Randomization of stack pointer is turned on in kernel.
Charm++> synchronizing isomalloc memory region...
[0] consolidated Isomalloc memory region: 0x2bab40000000 - 0x7ffb00000000 (88407040 megs)
Charm++: scheduler running in netpoll mode.
Charm++> Running on 2 unique compute nodes (12-way SMP).
Charm++> Cpu topology info:
PE to node map: 0 1 0 1 0 1 0 1 0 1 0 1 0 1 0 1 0 1 0 1 0 1 0 1 
Node to PE map:
Chip #0: 0 2 4 6 8 10 12 14 16 18 20 22 
Chip #1: 1 3 5 7 9 11 13 15 17 19 21 23 
Charm++> cpu topology info is gathered in 0.049 seconds.
Info: NAMD 2.7 for Linux-x86_64
Info: 
Info: Please visit http://www.ks.uiuc.edu/Research/namd/
Info: and send feedback or bug reports to namd@ks.uiuc.edu
Info: 
Info: Please cite Phillips et al., J. Comp. Chem. 26:1781-1802 (2005)
Info: in all publications reporting results obtained with NAMD.
Info: 
Info: Based on Charm++/Converse 60202 for net-linux-x86_64
Info: Built Fri Jun 17 11:23:43 EDT 2011 by jason on node026.pug.pbtech
Info: 1 NAMD  2.7  Linux-x86_64  24    node067.pug.pbtech  jam2079
Info: Running on 24 processors.
Info: CPU topology information available.
Info: Charm++/Converse parallel runtime startup completed at 0.22429 s
Info: 1.64034 MB of memory in use based on CmiMemoryUsage
Info: Changed directory to phase2a
Info: Configuration file is rho_equil_phase2a4.np.in
TCL: Suspending until startup complete.
Info: EXTENDED SYSTEM FILE   /home/jam2079/Pathrover/3tt1/phase2a/dat_equil_phase2a3.restart.xsc
Info: SIMULATION PARAMETERS:
Info: TIMESTEP               1
Info: NUMBER OF STEPS        0
Info: STEPS PER CYCLE        20
Info: PERIODIC CELL BASIS 1  127.439 0 0
Info: PERIODIC CELL BASIS 2  0 132.802 0
Info: PERIODIC CELL BASIS 3  0 0 130.958
Info: PERIODIC CELL CENTER   39.571 42.926 -0.222
Info: WRAPPING ALL CLUSTERS AROUND PERIODIC BOUNDARIES ON OUTPUT.
Info: LOAD BALANCER  Centralized
Info: LOAD BALANCING STRATEGY  New Load Balancers -- ASB
Info: LDB PERIOD             4000 steps
Info: FIRST LDB TIMESTEP     100
Info: LAST LDB TIMESTEP     -1
Info: LDB BACKGROUND SCALING 1
Info: HOM BACKGROUND SCALING 1
Info: PME BACKGROUND SCALING 1
Info: MAX SELF PARTITIONS    20
Info: MAX PAIR PARTITIONS    8
Info: SELF PARTITION ATOMS   154
Info: SELF2 PARTITION ATOMS   154
Info: PAIR PARTITION ATOMS   318
Info: PAIR2 PARTITION ATOMS  637
Info: MIN ATOMS PER PATCH    100
Info: VELOCITY FILE          /home/jam2079/Pathrover/3tt1/phase2a/dat_equil_phase2a3.restart.vel
Info: CENTER OF MASS MOVING INITIALLY? NO
Info: DIELECTRIC             1
Info: EXCLUDE                SCALED ONE-FOUR
Info: 1-4 ELECTROSTATICS SCALED BY 1
Info: MODIFIED 1-4 VDW PARAMETERS WILL BE USED
Info: DCD FILENAME           ./dat_equil_phase2a4.np.dcd
Info: DCD FREQUENCY          5000
Info: DCD FIRST STEP         5000
Info: DCD FILE WILL CONTAIN UNIT CELL DATA
Info: XST FILENAME           ./dat_equil_phase2a4.np.xst
Info: XST FREQUENCY          5000
Info: NO VELOCITY DCD OUTPUT
Info: OUTPUT FILENAME        ./dat_equil_phase2a4.np
Info: RESTART FILENAME       ./dat_equil_phase2a4.np.restart
Info: RESTART FREQUENCY      5000
Info: BINARY RESTART FILES WILL BE USED
Info: SWITCHING ACTIVE
Info: SWITCHING ON           10
Info: SWITCHING OFF          12
Info: PAIRLIST DISTANCE      13.5
Info: PAIRLIST SHRINK RATE   0.01
Info: PAIRLIST GROW RATE     0.01
Info: PAIRLIST TRIGGER       0.3
Info: PAIRLISTS PER CYCLE    2
Info: PAIRLISTS ENABLED
Info: MARGIN                 1.5
Info: HYDROGEN GROUP CUTOFF  2.5
Info: PATCH DIMENSION        17.5
Info: ENERGY OUTPUT STEPS    5000
Info: CROSSTERM ENERGY INCLUDED IN DIHEDRAL
Info: TIMING OUTPUT STEPS    5000
Info: PRESSURE OUTPUT STEPS  5000
Info: HARMONIC CONSTRAINTS ACTIVE
Info: HARMONIC CONS EXP      2
Info: LANGEVIN DYNAMICS ACTIVE
Info: LANGEVIN TEMPERATURE   310
Info: LANGEVIN DAMPING COEFFICIENT IS 5 INVERSE PS
Info: LANGEVIN DYNAMICS NOT APPLIED TO HYDROGENS
Info: LANGEVIN PISTON PRESSURE CONTROL ACTIVE
Info:        TARGET PRESSURE IS 1.01325 BAR
Info:     OSCILLATION PERIOD IS 200 FS
Info:             DECAY TIME IS 50 FS
Info:     PISTON TEMPERATURE IS 310 K
Info:       PRESSURE CONTROL IS GROUP-BASED
Info:    INITIAL STRAIN RATE IS -2.10875e-05 -2.10875e-05 -3.21995e-05
Info:       CELL FLUCTUATION IS ANISOTROPIC
Info:     SHAPE OF CELL IS CONSTRAINED IN X-Y PLANE
Info: PARTICLE MESH EWALD (PME) ACTIVE
Info: PME TOLERANCE               1e-06
Info: PME EWALD COEFFICIENT       0.257952
Info: PME INTERPOLATION ORDER     4
Info: PME GRID DIMENSIONS         128 144 132
Info: PME MAXIMUM GRID SPACING    1
Info: Attempting to read FFTW data from FFTW_NAMD_2.7_Linux-x86_64.txt
Info: Optimizing 6 FFT steps.  1... 2... 3... 4... 5... 6...   Done.
Info: Writing FFTW data to FFTW_NAMD_2.7_Linux-x86_64.txt
Info: FULL ELECTROSTATIC EVALUATION FREQUENCY      4
Info: USING VERLET I (r-RESPA) MTS SCHEME.
Info: C1 SPLITTING OF LONG RANGE ELECTROSTATICS
Info: PLACING ATOMS IN PATCHES BY HYDROGEN GROUPS
Info: RIGID BONDS TO HYDROGEN : ALL
Info:         ERROR TOLERANCE : 1e-08
Info:          MAX ITERATIONS : 100
Info: RIGID WATER USING SETTLE ALGORITHM
Info: NONBONDED FORCES EVALUATED EVERY 2 STEPS
Info: RANDOM NUMBER SEED     1399410954
Info: USE HYDROGEN BONDS?    NO
Info: COORDINATE PDB         /home/jam2079/Pathrover/3tt1/phase2a/dat_equil_phase2a3.coor
Info: STRUCTURE FILE         /home/jam2079/Pathrover/3tt1/common/ionized.psf
Info: PARAMETER file: CHARMM format! 
Info: PARAMETERS             /home/jam2079/Pathrover/3tt1/common/parameters_all.prm
Info: USING ARITHMETIC MEAN TO COMBINE L-J SIGMA PARAMETERS
Info: BINARY COORDINATES     /home/jam2079/Pathrover/3tt1/phase2a/dat_equil_phase2a3.restart.coor
Info: SUMMARY OF PARAMETERS:
Info: 231 BONDS
Info: 615 ANGLES
Info: 936 DIHEDRAL
Info: 55 IMPROPER
Info: 6 CROSSTERM
Info: 152 VDW
Info: 0 VDW_PAIRS
Info: TIME FOR READING PSF FILE: 3.49253
Info: TIME FOR READING PDB FILE: 0.366175
Info: 
Info: Reading from binary file /home/jam2079/Pathrover/3tt1/phase2a/dat_equil_phase2a3.restart.coor
Info: ****************************
Info: STRUCTURE SUMMARY:
Info: 223945 ATOMS
Info: 174173 BONDS
Info: 193453 ANGLES
Info: 201079 DIHEDRALS
Info: 2283 IMPROPERS
Info: 0 CROSSTERMS
Info: 0 EXCLUSIONS
Info: 2063 CONSTRAINTS
Info: 192958 RIGID BONDS
Info: 478877 DEGREES OF FREEDOM
Info: 80205 HYDROGEN GROUPS
Info: 4 ATOMS IN LARGEST HYDROGEN GROUP
Info: 80205 MIGRATION GROUPS
Info: 4 ATOMS IN LARGEST MIGRATION GROUP
Info: TOTAL MASS = 1.33978e+06 amu
Info: TOTAL CHARGE = 5.37336e-05 e
Info: MASS DENSITY = 1.00382 g/cm^3
Info: ATOM DENSITY = 0.101042 atoms/A^3
Info: *****************************
Info: 
Info: Entering startup at 26.5733 s, 62.5483 MB of memory in use
Info: Startup phase 0 took 0.044575 s, 62.5453 MB of memory in use
Info: Startup phase 1 took 1.75538 s, 107.904 MB of memory in use
Info: Startup phase 2 took 0.044132 s, 109.618 MB of memory in use
Info: PATCH GRID IS 7 (PERIODIC) BY 7 (PERIODIC) BY 7 (PERIODIC)
Info: PATCH GRID IS 1-AWAY BY 1-AWAY BY 1-AWAY
Info: Reading from binary file /home/jam2079/Pathrover/3tt1/phase2a/dat_equil_phase2a3.restart.vel
Info: REMOVING COM VELOCITY 0.00660223 -0.00611776 0.0134895
Info: LARGEST PATCH (112) HAS 741 ATOMS
Info: Startup phase 3 took 0.195719 s, 145.344 MB of memory in use
Info: PME using 22 and 24 processors for FFT and reciprocal sum.
Info: PME GRID LOCATIONS: 1 2 3 4 5 6 7 8 9 10 ...
Info: PME TRANS LOCATIONS: 0 1 2 3 4 5 6 7 8 9 ...
Info: Optimizing 4 FFT steps.  1... 2... 3... 4...   Done.
Info: Startup phase 4 took 0.0610471 s, 146.235 MB of memory in use
Info: Startup phase 5 took 0.079088 s, 113.204 MB of memory in use
LDB: Central LB being created...
Info: Startup phase 6 took 2.4227 s, 113.258 MB of memory in use
Info: CREATING 12976 COMPUTE OBJECTS
Info: useSync: 1 useProxySync: 0
Info: NONBONDED TABLE R-SQUARED SPACING: 0.0625
Info: NONBONDED TABLE SIZE: 769 POINTS
Info: Startup phase 7 took 0.0501699 s, 116.87 MB of memory in use
Info: Startup phase 8 took 0.000178099 s, 118.762 MB of memory in use
Info: Finished startup at 31.2263 s, 118.762 MB of memory in use

TCL: Running for 250000 steps
PRESSURE: 0 -14124 16.2235 32.5921 58.5835 -14324.5 97.2124 -5.60942 93.051 -14499.3
GPRESSURE: 0 253.531 98.0893 79.6113 75.1218 -16.2461 110.663 58.2807 107.473 -210.711
ETITLE:      TS           BOND          ANGLE          DIHED          IMPRP               ELECT            VDW       BOUNDARY           MISC        KINETIC               TOTAL           TEMP      POTENTIAL         TOTAL3        TEMPAVG            PRESSURE      GPRESSURE         VOLUME       PRESSAVG      GPRESSAVG

ENERGY:       0      9006.3047     45097.1790     30933.0998       585.5267        -607289.0673     25858.2481       272.4275         0.0000    147163.5611        -348372.7203       309.2906   -495536.2815   -348006.8928       309.2906         -14315.9428         8.8582   2216353.3697    -14315.9428         8.8582

OPENING EXTENDED SYSTEM TRAJECTORY FILE
LDB: ============= START OF LOAD BALANCING ============== 41.4128
LDB: ============== END OF LOAD BALANCING =============== 41.4135

Info: Initial time: 24 CPUs 0.100585 s/step 1.16417 days/ns 141.72 MB memory
LDB: ============= START OF LOAD BALANCING ============== 51.8958
LDB: TIME 51.9217 LOAD: AVG 9.04666 MAX 9.75874  PROXIES: TOTAL 755 MAXPE 33 MAXPATCH 4 None 1.59028
LDB: TIME 52.0087 LOAD: AVG 9.04666 MAX 9.04781  PROXIES: TOTAL 755 MAXPE 33 MAXPATCH 4 TorusLB 1.59028
LDB: TIME 52.0089 LOAD: AVG 9.04666 MAX 9.04781  PROXIES: TOTAL 755 MAXPE 33 MAXPATCH 4 TorusLB 1.59028
LDB: ============== END OF LOAD BALANCING =============== 52.0375

Info: Initial time: 24 CPUs 0.103063 s/step 1.19285 days/ns 141.653 MB memory
LDB: ============= START OF LOAD BALANCING ============== 62.4666
LDB: TIME 62.5011 LOAD: AVG 9.08661 MAX 9.27855  PROXIES: TOTAL 755 MAXPE 33 MAXPATCH 4 None 1.59978
LDB: TIME 62.5209 LOAD: AVG 9.08661 MAX 9.27855  PROXIES: TOTAL 755 MAXPE 33 MAXPATCH 4 RefineTorusLB 1.59978
LDB: ============== END OF LOAD BALANCING =============== 62.5243

Info: Initial time: 24 CPUs 0.10248 s/step 1.18611 days/ns 142.666 MB memory
LDB: ============= START OF LOAD BALANCING ============== 72.7985
LDB: TIME 72.8324 LOAD: AVG 9.07796 MAX 9.3063  PROXIES: TOTAL 755 MAXPE 33 MAXPATCH 4 None 1.60199
LDB: TIME 72.8507 LOAD: AVG 9.07796 MAX 9.3063  PROXIES: TOTAL 755 MAXPE 33 MAXPATCH 4 RefineTorusLB 1.60199
LDB: ============== END OF LOAD BALANCING =============== 72.8529

Info: Benchmark time: 24 CPUs 0.100864 s/step 1.1674 days/ns 143.178 MB memory
Info: Benchmark time: 24 CPUs 0.102124 s/step 1.18199 days/ns 144.171 MB memory
Info: Benchmark time: 24 CPUs 0.101676 s/step 1.17681 days/ns 143.574 MB memory
LDB: ============= START OF LOAD BALANCING ============== 470.193
LDB: ============== END OF LOAD BALANCING =============== 470.194

LDB: ============= START OF LOAD BALANCING ============== 480.642
LDB: TIME 480.648 LOAD: AVG 9.13644 MAX 9.37326  PROXIES: TOTAL 755 MAXPE 33 MAXPATCH 4 None 1.61393
LDB: TIME 480.66 LOAD: AVG 9.13644 MAX 9.37326  PROXIES: TOTAL 755 MAXPE 33 MAXPATCH 4 RefineTorusLB 1.61393
LDB: ============== END OF LOAD BALANCING =============== 480.662

PRESSURE: 5000 -14329.7 -53.6268 210.64 -56.1586 -14215 -16.8388 155.335 -10.8254 -14250.5
GPRESSURE: 5000 175.479 -161.421 72.4247 -25.747 245.286 -12.9698 74.3494 -35.1656 199.256
PRESSAVG: 5000 16.4481 4.10764 -16.4205 11.1094 -9.07613 -14.002 1.99467 17.4128 0.794054
GPRESSAVG: 5000 16.4772 4.05086 -16.3896 11.189 -9.09041 -14.1742 1.8375 17.4113 0.906606
TIMING: 5000  CPU: 451.344, 0.0902115/step  Wall: 511.539, 0.102211/step, 6.95603 hours remaining, 163.057755 MB of memory in use.
ENERGY:    5000      9005.2881     44670.2835     30813.4953       561.9922        -609237.7630     26195.3516       239.4885         0.0000    147212.4019        -350539.4619       309.3932   -497751.8638   -350161.1984       309.4361         -14265.0567       206.6736   2201765.9450         2.7220         2.7645

WRITING EXTENDED SYSTEM TO RESTART FILE AT STEP 5000
OPENING COORDINATE DCD FILE
WRITING COORDINATES TO DCD FILE AT STEP 5000
WRITING COORDINATES TO RESTART FILE AT STEP 5000
FINISHED WRITING RESTART COORDINATES
WRITING VELOCITIES TO RESTART FILE AT STEP 5000
FINISHED WRITING RESTART VELOCITIES
LDB: ============= START OF LOAD BALANCING ============== 877.246
LDB: ============== END OF LOAD BALANCING =============== 877.247

LDB: ============= START OF LOAD BALANCING ============== 887.642
LDB: TIME 887.648 LOAD: AVG 9.13862 MAX 9.30179  PROXIES: TOTAL 755 MAXPE 33 MAXPATCH 4 None 1.61285
LDB: TIME 887.659 LOAD: AVG 9.13862 MAX 9.30179  PROXIES: TOTAL 755 MAXPE 33 MAXPATCH 4 RefineTorusLB 1.61285
LDB: ============== END OF LOAD BALANCING =============== 887.661

PRESSURE: 10000 -14460.3 117.089 28.8134 93.8694 -14409.1 31.6315 -19.1776 58.6401 -14392.6
GPRESSURE: 10000 -3.12843 99.2569 -27.5024 78.0779 -13.8467 -76.3619 -34.6309 -41.6654 -42.1251
PRESSAVG: 10000 2.46215 6.19036 0.609821 3.65834 -0.0562247 -13.5842 -8.85534 4.38184 -4.31076
GPRESSAVG: 10000 2.41466 6.14094 0.553935 3.719 -0.167375 -13.7835 -8.68014 4.54602 -4.11674
TIMING: 10000  CPU: 906.249, 0.090981/step  Wall: 1019.67, 0.101626/step, 6.77503 hours remaining, 163.821930 MB of memory in use.
ENERGY:   10000      8981.8014     44700.7144     30906.2093       582.8921        -607255.4092     25281.3934       261.1040         0.0000    147266.3011        -349274.9934       309.5065   -496541.2945   -348903.1791       309.5363         -14420.6457       -19.7001   2201804.2555        -0.6349        -0.6232

WRITING EXTENDED SYSTEM TO RESTART FILE AT STEP 10000
WRITING COORDINATES TO DCD FILE AT STEP 10000
WRITING COORDINATES TO RESTART FILE AT STEP 10000
FINISHED WRITING RESTART COORDINATES
WRITING VELOCITIES TO RESTART FILE AT STEP 10000
FINISHED WRITING RESTART VELOCITIES
LDB: ============= START OF LOAD BALANCING ============== 1284.32
LDB: ============== END OF LOAD BALANCING =============== 1284.32

LDB: ============= START OF LOAD BALANCING ============== 1294.77
LDB: TIME 1294.8 LOAD: AVG 9.15209 MAX 9.34688  PROXIES: TOTAL 755 MAXPE 33 MAXPATCH 4 None 1.61067
LDB: TIME 1294.82 LOAD: AVG 9.15209 MAX 9.34688  PROXIES: TOTAL 755 MAXPE 33 MAXPATCH 4 RefineTorusLB 1.61067
LDB: ============== END OF LOAD BALANCING =============== 1294.82

WRITING COORDINATES TO DCD FILE AT STEP 15000
WRITING COORDINATES TO RESTART FILE AT STEP 15000
FINISHED WRITING RESTART COORDINATES
WRITING VELOCITIES TO RESTART FILE AT STEP 15000
FINISHED WRITING RESTART VELOCITIES
PRESSURE: 15000 -14435 -12.6723 -66.9832 21.4664 -14276.7 49.0553 -33.3873 56.1523 -14362.7
GPRESSURE: 15000 110.201 62.2436 -20.7061 39.3248 153.506 23.4402 -66.83 40.2835 66.2087
PRESSAVG: 15000 -0.548932 12.743 -4.6727 7.79829 2.06532 -18.7509 7.18495 2.77791 2.12689
GPRESSAVG: 15000 -0.466134 12.8644 -4.63754 7.94566 2.08716 -18.7725 7.18207 2.78997 2.18357
TIMING: 15000  CPU: 1362.36, 0.0912217/step  Wall: 1529.92, 0.10205/step, 6.66158 hours remaining, 164.348297 MB of memory in use.
ENERGY:   15000      8980.3201     45009.1155     30743.7481       550.0249        -607973.4438     25203.0198       232.3081         0.0000    147336.5284        -349918.3790       309.6541   -497254.9074   -349558.4355       309.7904         -14358.1358       109.9718   2196594.7855         1.2144         1.2682

WRITING EXTENDED SYSTEM TO RESTART FILE AT STEP 15000
LDB: ============= START OF LOAD BALANCING ============== 1693.17
LDB: ============== END OF LOAD BALANCING =============== 1693.17

LDB: ============= START OF LOAD BALANCING ============== 1703.53
LDB: TIME 1703.56 LOAD: AVG 9.17161 MAX 9.31027  PROXIES: TOTAL 755 MAXPE 33 MAXPATCH 4 None 1.62505
LDB: TIME 1703.58 LOAD: AVG 9.17161 MAX 9.31027  PROXIES: TOTAL 755 MAXPE 33 MAXPATCH 4 RefineTorusLB 1.62505
LDB: ============== END OF LOAD BALANCING =============== 1703.58

PRESSURE: 20000 -14319.2 87.912 -114.901 69.0526 -14574.2 -119.099 -86.3008 -101.418 -14427.7
GPRESSURE: 20000 130.19 63.7955 -71.8688 44.9421 -107.846 -42.7603 -157.264 -92.1998 -69.9991
PRESSAVG: 20000 9.88479 23.6932 -4.44763 18.2427 -13.6515 -0.414125 -3.52869 8.92892 4.09551
GPRESSAVG: 20000 9.76213 23.6929 -4.41079 18.2912 -13.5084 -0.411761 -3.64868 9.04487 4.06275
TIMING: 20000  CPU: 1818.65, 0.0912585/step  Wall: 2039.43, 0.101902/step, 6.51044 hours remaining, 165.916992 MB of memory in use.
ENERGY:   20000      8901.3394     44896.8980     30757.6088       574.7827        -607293.2437     25345.5433       227.1656         0.0000    147274.0297        -349315.8761       309.5228   -496589.9058   -348948.3494       310.0984         -14440.3493       -15.8849   2198961.8614         0.1096         0.1055

WRITING EXTENDED SYSTEM TO RESTART FILE AT STEP 20000
WRITING COORDINATES TO DCD FILE AT STEP 20000
WRITING COORDINATES TO RESTART FILE AT STEP 20000
FINISHED WRITING RESTART COORDINATES
WRITING VELOCITIES TO RESTART FILE AT STEP 20000
FINISHED WRITING RESTART VELOCITIES
LDB: ============= START OF LOAD BALANCING ============== 2100.97
LDB: ============== END OF LOAD BALANCING =============== 2100.97

LDB: ============= START OF LOAD BALANCING ============== 2111.47
LDB: TIME 2111.5 LOAD: AVG 9.16578 MAX 9.43708  PROXIES: TOTAL 755 MAXPE 33 MAXPATCH 4 None 1.61975
LDB: TIME 2111.52 LOAD: AVG 9.16578 MAX 9.43708  PROXIES: TOTAL 755 MAXPE 33 MAXPATCH 4 RefineTorusLB 1.61975
LDB: ============== END OF LOAD BALANCING =============== 2111.52

LDB: ============= START OF LOAD BALANCING ============== 2509.42
LDB: ============== END OF LOAD BALANCING =============== 2509.42

LDB: ============= START OF LOAD BALANCING ============== 2519.99
LDB: TIME 2519.99 LOAD: AVG 9.19069 MAX 9.3767  PROXIES: TOTAL 755 MAXPE 33 MAXPATCH 4 None 1.63749
LDB: TIME 2520.01 LOAD: AVG 9.19069 MAX 9.3767  PROXIES: TOTAL 755 MAXPE 33 MAXPATCH 4 RefineTorusLB 1.63749
LDB: ============== END OF LOAD BALANCING =============== 2520.01

PRESSURE: 25000 -14543.8 -8.11185 110.462 -42.2542 -14310.8 -152.803 119.547 -163.142 -14230
GPRESSURE: 25000 20.1813 -36.4462 96.7286 -50.8506 149.292 -218.708 62.5244 -230.458 178.995
PRESSAVG: 25000 -1.14681 2.49817 -6.30041 10.7793 1.09409 -21.866 -8.91664 -19.6464 -3.30564
GPRESSAVG: 25000 -1.17998 2.50441 -6.1887 10.8405 1.07648 -21.9667 -8.86979 -19.7108 -3.28477
TIMING: 25000  CPU: 2272.97, 0.090863/step  Wall: 2551.02, 0.102318/step, 6.39489 hours remaining, 165.103546 MB of memory in use.
ENERGY:   25000      8894.0502     44589.8489     30807.7452       571.4834        -608191.7189     25196.7803       249.8105         0.0000    147617.1891        -350264.8113       310.2440   -497882.0004   -349915.4018       309.9383         -14361.5295       116.1560   2193980.6447        -1.1195        -1.1294

WRITING EXTENDED SYSTEM TO RESTART FILE AT STEP 25000
WRITING COORDINATES TO DCD FILE AT STEP 25000
WRITING COORDINATES TO RESTART FILE AT STEP 25000
FINISHED WRITING RESTART COORDINATES
WRITING VELOCITIES TO RESTART FILE AT STEP 25000
FINISHED WRITING RESTART VELOCITIES
LDB: ============= START OF LOAD BALANCING ============== 2918.83
LDB: ============== END OF LOAD BALANCING =============== 2918.83

LDB: ============= START OF LOAD BALANCING ============== 2929.13
LDB: TIME 2929.17 LOAD: AVG 9.19772 MAX 9.34313  PROXIES: TOTAL 755 MAXPE 33 MAXPATCH 4 None 1.63912
LDB: TIME 2929.19 LOAD: AVG 9.19772 MAX 9.34313  PROXIES: TOTAL 755 MAXPE 33 MAXPATCH 4 RefineTorusLB 1.63912
LDB: ============== END OF LOAD BALANCING =============== 2929.19

PRESSURE: 30000 -14499.2 -7.13097 -25.4674 -29.5983 -14365.2 -216.78 -39.574 -227.975 -14204.6
GPRESSURE: 30000 27.6147 -23.241 75.1227 -23.1124 110.197 -112.029 14.9459 -119.242 192.644
PRESSAVG: 30000 -11.1033 -8.20019 6.71347 -10.3296 1.75481 -30.321 9.67969 -24.417 2.5278
GPRESSAVG: 30000 -11.0959 -8.34409 6.67331 -10.2654 1.79697 -30.2962 9.80825 -24.3068 2.44829
TIMING: 30000  CPU: 2728.69, 0.0911455/step  Wall: 3061.57, 0.10211/step, 6.24005 hours remaining, 164.106873 MB of memory in use.
ENERGY:   30000      8979.1366     45173.2737     30755.5135       578.1779        -608225.5851     25473.4296       239.3943         0.0000    147000.4183        -350026.2413       308.9477   -497026.6596   -349675.6605       309.8306         -14356.3502       110.1516   2194383.6070        -2.2736        -2.2836

WRITING EXTENDED SYSTEM TO RESTART FILE AT STEP 30000
WRITING COORDINATES TO DCD FILE AT STEP 30000
WRITING COORDINATES TO RESTART FILE AT STEP 30000
FINISHED WRITING RESTART COORDINATES
WRITING VELOCITIES TO RESTART FILE AT STEP 30000
FINISHED WRITING RESTART VELOCITIES
LDB: ============= START OF LOAD BALANCING ============== 3336.14
LDB: ============== END OF LOAD BALANCING =============== 3336.14

LDB: ============= START OF LOAD BALANCING ============== 3346.54
LDB: TIME 3346.55 LOAD: AVG 9.16537 MAX 9.43942  PROXIES: TOTAL 755 MAXPE 33 MAXPATCH 4 None 1.60762
LDB: TIME 3346.57 LOAD: AVG 9.16537 MAX 9.43942  PROXIES: TOTAL 755 MAXPE 33 MAXPATCH 4 RefineTorusLB 1.60762
LDB: ============== END OF LOAD BALANCING =============== 3346.57

PRESSURE: 35000 -14544.9 88.4131 -10.9181 84.476 -14519.7 97.512 5.71465 116.074 -14375
GPRESSURE: 35000 -61.9455 27.5795 75.7829 -18.237 -25.8939 53.0627 7.04261 165.353 -40.6123
PRESSAVG: 35000 -10.2264 -2.304 14.367 0.216164 10.9633 -18.6414 0.580903 -16.7468 -0.233051
GPRESSAVG: 35000 -10.1884 -2.20529 14.293 0.153517 11.0698 -18.6896 0.455491 -16.8175 -0.416409
TIMING: 35000  CPU: 3184.06, 0.0910732/step  Wall: 3581.32, 0.103951/step, 6.20821 hours remaining, 167.206268 MB of memory in use.
ENERGY:   35000      8895.8752     45108.7813     30777.2943       568.6529        -607258.6298     24570.5156       272.9520         0.0000    146962.6410        -350101.9175       308.8683   -497064.5585   -349719.5255       309.8705         -14479.8651       -42.8172   2196616.4189         0.1680         0.1550

WRITING EXTENDED SYSTEM TO RESTART FILE AT STEP 35000
WRITING COORDINATES TO DCD FILE AT STEP 35000
WRITING COORDINATES TO RESTART FILE AT STEP 35000
FINISHED WRITING RESTART COORDINATES
WRITING VELOCITIES TO RESTART FILE AT STEP 35000
FINISHED WRITING RESTART VELOCITIES
LDB: ============= START OF LOAD BALANCING ============== 3744.96
LDB: ============== END OF LOAD BALANCING =============== 3744.96

LDB: ============= START OF LOAD BALANCING ============== 3755.43
LDB: TIME 3755.47 LOAD: AVG 9.17871 MAX 9.47652  PROXIES: TOTAL 755 MAXPE 33 MAXPATCH 4 None 1.62177
LDB: TIME 3755.49 LOAD: AVG 9.17871 MAX 9.47652  PROXIES: TOTAL 755 MAXPE 33 MAXPATCH 4 RefineTorusLB 1.62177
LDB: ============== END OF LOAD BALANCING =============== 3755.49

PRESSURE: 40000 -14507.8 101.606 23.3476 131.991 -14531.6 -4.11612 26.9102 4.7731 -14418.1
GPRESSURE: 40000 -15.4986 84.0835 32.0564 74.3383 -32.2406 -23.2785 19.0876 -14.638 -12.5774
PRESSAVG: 40000 -12.826 0.607213 -9.47265 -6.06455 18.4268 -18.8726 -9.69862 -9.67513 2.24461
GPRESSAVG: 40000 -12.9008 0.719027 -9.48831 -5.89146 18.3143 -18.6594 -9.722 -9.58137 2.26824
TIMING: 40000  CPU: 3639.89, 0.0911659/step  Wall: 4092.19, 0.102173/step, 5.96011 hours remaining, 165.256714 MB of memory in use.
ENERGY:   40000      8841.2680     45017.0635     30803.7286       580.4266        -608698.7331     25565.3797       250.2029         0.0000    147283.0851        -350357.5787       309.5418   -497640.6637   -349983.0007       309.9254         -14485.8305       -20.1056   2196942.2200         2.6151         2.5606

WRITING EXTENDED SYSTEM TO RESTART FILE AT STEP 40000
WRITING COORDINATES TO DCD FILE AT STEP 40000
WRITING COORDINATES TO RESTART FILE AT STEP 40000
FINISHED WRITING RESTART COORDINATES
WRITING VELOCITIES TO RESTART FILE AT STEP 40000
FINISHED WRITING RESTART VELOCITIES
LDB: ============= START OF LOAD BALANCING ============== 4198.97
LDB: ============== END OF LOAD BALANCING =============== 4198.97

LDB: ============= START OF LOAD BALANCING ============== 4209.57
LDB: TIME 4209.61 LOAD: AVG 9.18892 MAX 9.40125  PROXIES: TOTAL 755 MAXPE 33 MAXPATCH 4 None 1.626
LDB: TIME 4209.63 LOAD: AVG 9.18892 MAX 9.40125  PROXIES: TOTAL 755 MAXPE 33 MAXPATCH 4 RefineTorusLB 1.626
LDB: ============== END OF LOAD BALANCING =============== 4209.63

LDB: ============= START OF LOAD BALANCING ============== 4607.1
LDB: ============== END OF LOAD BALANCING =============== 4607.1

LDB: ============= START OF LOAD BALANCING ============== 4617.48
LDB: TIME 4617.52 LOAD: AVG 9.187 MAX 9.46466  PROXIES: TOTAL 755 MAXPE 33 MAXPATCH 4 None 1.63414
LDB: TIME 4617.54 LOAD: AVG 9.187 MAX 9.46466  PROXIES: TOTAL 755 MAXPE 33 MAXPATCH 4 RefineTorusLB 1.63414
LDB: ============== END OF LOAD BALANCING =============== 4617.54

PRESSURE: 45000 -14361.1 23.5089 -133.323 41.5721 -14425.2 -34.9512 -110.753 -33.4897 -14407.1
GPRESSURE: 45000 74.4309 8.19452 -109.785 22.9742 18.2315 -15.6321 -93.5637 31.7064 86.0093
PRESSAVG: 45000 1.48996 0.445736 11.0174 -5.15219 -10.2707 -18.0491 5.57779 -12.3384 1.76507
GPRESSAVG: 45000 1.47689 0.634097 11.0315 -5.17086 -10.306 -18.1736 5.75794 -12.3519 1.82479
TIMING: 45000  CPU: 4095.31, 0.0910836/step  Wall: 4648, 0.111161/step, 6.33003 hours remaining, 167.033661 MB of memory in use.
ENERGY:   45000      8923.2749     45071.3840     30671.7800       588.0981        -607635.9145     24858.1734       258.6817         0.0000    146847.3604        -350417.1621       308.6260   -497264.5225   -350059.9734       309.6388         -14397.7952        59.5572   2194368.8522        -2.3385        -2.3348

WRITING EXTENDED SYSTEM TO RESTART FILE AT STEP 45000
WRITING COORDINATES TO DCD FILE AT STEP 45000
WRITING COORDINATES TO RESTART FILE AT STEP 45000
FINISHED WRITING RESTART COORDINATES
WRITING VELOCITIES TO RESTART FILE AT STEP 45000
FINISHED WRITING RESTART VELOCITIES
LDB: ============= START OF LOAD BALANCING ============== 5016.15
LDB: ============== END OF LOAD BALANCING =============== 5016.15

LDB: ============= START OF LOAD BALANCING ============== 5026.75
LDB: TIME 5026.79 LOAD: AVG 9.18242 MAX 9.55863  PROXIES: TOTAL 755 MAXPE 33 MAXPATCH 4 None 1.61748
LDB: TIME 5026.81 LOAD: AVG 9.18242 MAX 9.55863  PROXIES: TOTAL 755 MAXPE 33 MAXPATCH 4 RefineTorusLB 1.61748
LDB: ============== END OF LOAD BALANCING =============== 5026.81

WRITING COORDINATES TO DCD FILE AT STEP 50000
WRITING COORDINATES TO RESTART FILE AT STEP 50000
FINISHED WRITING RESTART COORDINATES
PRESSURE: 50000 -14695 -31.2975 34.4599 7.97446 -14391.1 -0.663394 43.212 -2.32532 -14384.1
GPRESSURE: 50000 -141.238 -47.6026 0.658112 3.56309 72.0078 20.3472 -32.6779 22.3063 69.882
PRESSAVG: 50000 -5.50136 -4.10782 -8.5487 -6.89801 6.32582 1.00469 -1.01392 -1.11269 1.06918
GPRESSAVG: 50000 -5.58819 -4.09172 -8.62312 -6.89196 6.30591 1.0169 -1.00693 -1.04524 1.01213
TIMING: 50000  CPU: 4550.01, 0.09094/step  Wall: 5160.29, 0.102458/step, 5.6921 hours remaining, 164.031525 MB of memory in use.
ETITLE:      TS           BOND          ANGLE          DIHED          IMPRP               ELECT            VDW       BOUNDARY           MISC        KINETIC               TOTAL           TEMP      POTENTIAL         TOTAL3        TEMPAVG            PRESSURE      GPRESSURE         VOLUME       PRESSAVG      GPRESSAVG

ENERGY:   50000      8924.3364     44813.3772     30736.5019       564.9263        -607369.4434     24686.0808       221.2959         0.0000    147514.4503        -349908.4746       310.0280   -497422.9249   -349531.6585       309.6901         -14490.0806         0.2172   2189464.6690         0.6312         0.5766

WRITING EXTENDED SYSTEM TO RESTART FILE AT STEP 50000
WRITING VELOCITIES TO RESTART FILE AT STEP 50000
FINISHED WRITING RESTART VELOCITIES
LDB: ============= START OF LOAD BALANCING ============== 5425.92
LDB: ============== END OF LOAD BALANCING =============== 5425.92

LDB: ============= START OF LOAD BALANCING ============== 5436.28
LDB: TIME 5436.32 LOAD: AVG 9.175 MAX 9.26828  PROXIES: TOTAL 755 MAXPE 33 MAXPATCH 4 None 1.6187
LDB: TIME 5436.34 LOAD: AVG 9.175 MAX 9.26828  PROXIES: TOTAL 755 MAXPE 33 MAXPATCH 4 RefineTorusLB 1.6187
LDB: ============== END OF LOAD BALANCING =============== 5436.34

PRESSURE: 55000 -14566.5 -65.8707 -90.4666 -75.4347 -14337.2 -58.0769 -42.063 -56.3969 -14448.6
GPRESSURE: 55000 -16.7638 -53.4195 -74.9327 -42.323 194.211 -13.4288 -43.5566 -112.522 13.8325
PRESSAVG: 55000 1.76567 -10.2108 -24.0273 -10.8157 9.75005 15.3171 -26.1072 5.94447 -0.645627
GPRESSAVG: 55000 1.8245 -10.3338 -23.9502 -10.7278 9.789 15.5252 -26.1788 5.97901 -0.59002
TIMING: 55000  CPU: 5004.85, 0.090969/step  Wall: 5670.35, 0.102013/step, 5.52571 hours remaining, 166.616089 MB of memory in use.
ENERGY:   55000      8893.5709     45020.7796     30867.1561       552.9604        -608473.2221     24926.3535       241.5683         0.0000    147046.3224        -350924.5109       309.0442   -497970.8333   -350569.7280       309.9218         -14450.7295        63.7600   2188769.6905         3.6234         3.6745

WRITING EXTENDED SYSTEM TO RESTART FILE AT STEP 55000
WRITING COORDINATES TO DCD FILE AT STEP 55000
WRITING COORDINATES TO RESTART FILE AT STEP 55000
FINISHED WRITING RESTART COORDINATES
WRITING VELOCITIES TO RESTART FILE AT STEP 55000
FINISHED WRITING RESTART VELOCITIES
LDB: ============= START OF LOAD BALANCING ============== 5834.63
LDB: ============== END OF LOAD BALANCING =============== 5834.63

LDB: ============= START OF LOAD BALANCING ============== 5845.09
LDB: TIME 5845.12 LOAD: AVG 9.17768 MAX 9.39614  PROXIES: TOTAL 755 MAXPE 33 MAXPATCH 4 None 1.60422
LDB: TIME 5845.14 LOAD: AVG 9.17768 MAX 9.39614  PROXIES: TOTAL 755 MAXPE 33 MAXPATCH 4 RefineTorusLB 1.60422
LDB: ============== END OF LOAD BALANCING =============== 5845.14

PRESSURE: 60000 -14498.6 -144.551 69.1507 -123.483 -14581.2 -21.3508 80.4365 23.5415 -14524.9
GPRESSURE: 60000 -28.4014 -82.1354 39.4781 -130.197 -63.0546 -17.1987 83.0016 3.81172 -55.4146
PRESSAVG: 60000 4.79027 -11.1016 -15.6114 -17.4249 -2.25319 -1.2145 -16.0643 -3.74159 -0.514486
GPRESSAVG: 60000 4.60953 -10.9612 -15.6395 -17.642 -2.30067 -1.16337 -16.0844 -3.65725 -0.501885
TIMING: 60000  CPU: 5462, 0.0914301/step  Wall: 6182.15, 0.102359/step, 5.40231 hours remaining, 164.183685 MB of memory in use.
ENERGY:   60000      9022.6916     45165.8572     30752.9190       569.9771        -607752.1750     24694.2839       247.9121         0.0000    146749.0320        -350549.5021       308.4194   -497298.5341   -350171.9437       309.8765         -14534.9271       -48.9568   2190233.7935         0.6742         0.6023

WRITING EXTENDED SYSTEM TO RESTART FILE AT STEP 60000
WRITING COORDINATES TO DCD FILE AT STEP 60000
WRITING COORDINATES TO RESTART FILE AT STEP 60000
FINISHED WRITING RESTART COORDINATES
WRITING VELOCITIES TO RESTART FILE AT STEP 60000
FINISHED WRITING RESTART VELOCITIES
LDB: ============= START OF LOAD BALANCING ============== 6243.79
LDB: ============== END OF LOAD BALANCING =============== 6243.79

LDB: ============= START OF LOAD BALANCING ============== 6254.35
LDB: TIME 6254.39 LOAD: AVG 9.18901 MAX 9.45962  PROXIES: TOTAL 755 MAXPE 33 MAXPATCH 4 None 1.62234
LDB: TIME 6254.41 LOAD: AVG 9.18901 MAX 9.45962  PROXIES: TOTAL 755 MAXPE 33 MAXPATCH 4 RefineTorusLB 1.62234
LDB: ============== END OF LOAD BALANCING =============== 6254.41

LDB: ============= START OF LOAD BALANCING ============== 6653
LDB: ============== END OF LOAD BALANCING =============== 6653

LDB: ============= START OF LOAD BALANCING ============== 6663.49
LDB: TIME 6663.5 LOAD: AVG 9.17801 MAX 9.44969  PROXIES: TOTAL 755 MAXPE 33 MAXPATCH 4 None 1.61666
LDB: TIME 6663.51 LOAD: AVG 9.17801 MAX 9.44969  PROXIES: TOTAL 755 MAXPE 33 MAXPATCH 4 RefineTorusLB 1.61666
LDB: ============== END OF LOAD BALANCING =============== 6663.51

PRESSURE: 65000 -14397.8 38.582 5.74942 34.1034 -14413.6 -28.1904 -32.3856 13.7784 -14328.8
GPRESSURE: 65000 111.816 -1.41992 -31.1889 57.8735 96.2602 41.4879 -36.4894 49.1442 164.712
PRESSAVG: 65000 -5.44936 3.98978 -0.62183 -11.5379 8.82788 10.0476 4.44352 0.47875 -4.113
GPRESSAVG: 65000 -5.38097 3.94458 -0.506606 -11.4578 8.78367 10.0834 4.41933 0.630224 -4.05312
TIMING: 65000  CPU: 5917.22, 0.0910444/step  Wall: 6694.75, 0.102519/step, 5.26835 hours remaining, 165.799164 MB of memory in use.
ENERGY:   65000      8992.3759     44843.3638     30770.7852       569.1997        -608224.0483     25096.4569       248.8302         0.0000    147457.2143        -350245.8222       309.9077   -497703.0365   -349899.8387       309.9774         -14380.0724       124.2626   2189586.4594        -0.2448        -0.2168

WRITING EXTENDED SYSTEM TO RESTART FILE AT STEP 65000
WRITING COORDINATES TO DCD FILE AT STEP 65000
WRITING COORDINATES TO RESTART FILE AT STEP 65000
FINISHED WRITING RESTART COORDINATES
WRITING VELOCITIES TO RESTART FILE AT STEP 65000
FINISHED WRITING RESTART VELOCITIES
LDB: ============= START OF LOAD BALANCING ============== 7063.55
LDB: ============== END OF LOAD BALANCING =============== 7063.55

LDB: ============= START OF LOAD BALANCING ============== 7074.03
LDB: TIME 7074.03 LOAD: AVG 9.20368 MAX 9.4319  PROXIES: TOTAL 755 MAXPE 33 MAXPATCH 4 None 1.62411
LDB: TIME 7074.05 LOAD: AVG 9.20368 MAX 9.4319  PROXIES: TOTAL 755 MAXPE 33 MAXPATCH 4 RefineTorusLB 1.62411
LDB: ============== END OF LOAD BALANCING =============== 7074.05

WRITING COORDINATES TO DCD FILE AT STEP 70000
WRITING COORDINATES TO RESTART FILE AT STEP 70000
FINISHED WRITING RESTART COORDINATES
PRESSURE: 70000 -14575.6 4.50535 77.0755 5.49262 -14448 88.9355 65.354 115.571 -14384.4
GPRESSURE: 70000 -39.4242 -8.31674 23.383 31.7219 94.258 84.7751 62.6297 87.9729 65.4086
PRESSAVG: 70000 -10.1723 -1.27793 10.588 -4.19854 22.9002 12.5828 1.85251 12.0697 2.83132
GPRESSAVG: 70000 -10.1038 -1.54325 10.5947 -4.11122 22.7649 12.4107 1.77421 12.1201 2.80922
TIMING: 70000  CPU: 6374.48, 0.0914523/step  Wall: 7207.94, 0.102638/step, 5.13191 hours remaining, 164.762756 MB of memory in use.
ENERGY:   70000      9013.9146     45007.5037     30716.8120       550.3940        -608153.3979     24808.4694       246.0772         0.0000    147054.1186        -350756.1086       309.0606   -497810.2272   -350424.5565       309.8476         -14469.3304        40.0808   2188862.6635         5.1864         5.1568

WRITING EXTENDED SYSTEM TO RESTART FILE AT STEP 70000
WRITING VELOCITIES TO RESTART FILE AT STEP 70000
FINISHED WRITING RESTART VELOCITIES
LDB: ============= START OF LOAD BALANCING ============== 7476.22
LDB: ============== END OF LOAD BALANCING =============== 7476.22

LDB: ============= START OF LOAD BALANCING ============== 7486.71
LDB: TIME 7486.74 LOAD: AVG 9.19271 MAX 9.31623  PROXIES: TOTAL 755 MAXPE 33 MAXPATCH 4 None 1.61824
LDB: TIME 7486.77 LOAD: AVG 9.19271 MAX 9.31623  PROXIES: TOTAL 755 MAXPE 33 MAXPATCH 4 RefineTorusLB 1.61824
LDB: ============== END OF LOAD BALANCING =============== 7486.77

PRESSURE: 75000 -14577.9 20.5674 -1.63277 -19.2686 -14590.6 -59.3351 -44.3832 -76.6843 -14480.4
GPRESSURE: 75000 -50.5548 61.0221 26.5251 8.61277 -38.3093 -51.5753 -76.3832 -42.6571 -99.238
PRESSAVG: 75000 -10.0366 -2.95942 -12.0226 -10.2176 -4.73977 -16.3441 -7.93693 5.18562 -4.24841
GPRESSAVG: 75000 -10.1279 -2.94692 -12.0619 -10.1145 -4.94004 -16.346 -7.9374 5.27697 -4.08252
TIMING: 75000  CPU: 6831.92, 0.0914865/step  Wall: 7723.5, 0.103113/step, 5.01242 hours remaining, 165.929993 MB of memory in use.
ENERGY:   75000      8980.5381     44837.4914     30801.6416       555.3398        -608311.2916     24761.1053       234.1223         0.0000    147542.5728        -350598.4803       310.0871   -498141.0531   -350262.7492       309.8524         -14549.6378       -62.7007   2190279.0998        -6.3416        -6.3835

WRITING EXTENDED SYSTEM TO RESTART FILE AT STEP 75000
WRITING COORDINATES TO DCD FILE AT STEP 75000
WRITING COORDINATES TO RESTART FILE AT STEP 75000
FINISHED WRITING RESTART COORDINATES
WRITING VELOCITIES TO RESTART FILE AT STEP 75000
FINISHED WRITING RESTART VELOCITIES
LDB: ============= START OF LOAD BALANCING ============== 7888.53
LDB: ============== END OF LOAD BALANCING =============== 7888.53

LDB: ============= START OF LOAD BALANCING ============== 7899.18
LDB: TIME 7899.19 LOAD: AVG 9.21183 MAX 9.44499  PROXIES: TOTAL 755 MAXPE 33 MAXPATCH 4 None 1.62712
LDB: TIME 7899.2 LOAD: AVG 9.21183 MAX 9.44499  PROXIES: TOTAL 755 MAXPE 33 MAXPATCH 4 RefineTorusLB 1.62712
LDB: ============== END OF LOAD BALANCING =============== 7899.21

PRESSURE: 80000 -14404.7 -7.34671 5.88068 30.4118 -14502.7 42.7837 36.6403 101.997 -14296.6
GPRESSURE: 80000 63.5882 -11.2019 9.13921 -26.7267 44.7251 37.198 91.544 122.573 123.967
PRESSAVG: 80000 0.794417 -7.35053 6.33586 -6.01372 -5.45294 -15.6329 -4.34475 -5.43399 -0.309223
GPRESSAVG: 80000 0.847366 -7.29502 6.34067 -5.90525 -5.5195 -15.544 -4.27213 -5.63571 -0.379442
TIMING: 80000  CPU: 7289.95, 0.0916057/step  Wall: 8236.99, 0.102698/step, 4.84962 hours remaining, 165.034149 MB of memory in use.
ENERGY:   80000      9061.7760     44860.2532     30662.2499       569.8809        -606613.2880     23919.6859       262.0228         0.0000    147122.1548        -350155.2646       309.2036   -497277.4194   -349820.6865       309.8832         -14401.3348        77.4268   2185710.7791        -1.6559        -1.6839

WRITING EXTENDED SYSTEM TO RESTART FILE AT STEP 80000
WRITING COORDINATES TO DCD FILE AT STEP 80000
WRITING COORDINATES TO RESTART FILE AT STEP 80000
FINISHED WRITING RESTART COORDINATES
WRITING VELOCITIES TO RESTART FILE AT STEP 80000
FINISHED WRITING RESTART VELOCITIES
LDB: ============= START OF LOAD BALANCING ============== 8302.43
LDB: ============== END OF LOAD BALANCING =============== 8302.43

LDB: ============= START OF LOAD BALANCING ============== 8312.91
LDB: TIME 8312.92 LOAD: AVG 9.18953 MAX 9.48694  PROXIES: TOTAL 755 MAXPE 33 MAXPATCH 4 None 1.62193
LDB: TIME 8312.93 LOAD: AVG 9.18953 MAX 9.48694  PROXIES: TOTAL 755 MAXPE 33 MAXPATCH 4 RefineTorusLB 1.62193
LDB: ============== END OF LOAD BALANCING =============== 8312.93

LDB: ============= START OF LOAD BALANCING ============== 8712.41
LDB: ============== END OF LOAD BALANCING =============== 8712.41

LDB: ============= START OF LOAD BALANCING ============== 8722.9
LDB: TIME 8722.94 LOAD: AVG 9.18676 MAX 9.38311  PROXIES: TOTAL 755 MAXPE 33 MAXPATCH 4 None 1.61294
LDB: TIME 8722.96 LOAD: AVG 9.18676 MAX 9.38311  PROXIES: TOTAL 755 MAXPE 33 MAXPATCH 4 RefineTorusLB 1.61294
LDB: ============== END OF LOAD BALANCING =============== 8722.96

PRESSURE: 85000 -14543.1 87.971 -78.5481 74.968 -14687 -53.3274 -26.4626 -70.7577 -14476.7
GPRESSURE: 85000 -49.6381 65.7385 -83.1631 20.1003 -112.888 -45.1454 -66.1548 -68.39 -33.7029
PRESSAVG: 85000 -2.04215 -0.997365 1.99766 -2.12849 10.1618 -9.93371 5.56918 -16.2115 -5.85822
GPRESSAVG: 85000 -2.14699 -1.05995 1.97534 -2.06076 10.2634 -10.0566 5.48962 -16.1867 -5.89907
TIMING: 85000  CPU: 7748.35, 0.0916817/step  Wall: 8754.21, 0.103445/step, 4.74122 hours remaining, 166.059052 MB of memory in use.
ENERGY:   85000      9102.0394     44945.3580     30701.7222       557.6210        -608015.5331     24548.1194       254.7397         0.0000    147319.9709        -350585.9624       309.6193   -497905.9333   -350226.8449       309.6710         -14568.9066       -65.4097   2192062.4100         0.7538         0.7391

WRITING EXTENDED SYSTEM TO RESTART FILE AT STEP 85000
WRITING COORDINATES TO DCD FILE AT STEP 85000
WRITING COORDINATES TO RESTART FILE AT STEP 85000
FINISHED WRITING RESTART COORDINATES
WRITING VELOCITIES TO RESTART FILE AT STEP 85000
FINISHED WRITING RESTART VELOCITIES
LDB: ============= START OF LOAD BALANCING ============== 9143.85
LDB: ============== END OF LOAD BALANCING =============== 9143.85

LDB: ============= START OF LOAD BALANCING ============== 9154.34
LDB: TIME 9154.38 LOAD: AVG 9.21225 MAX 9.55105  PROXIES: TOTAL 755 MAXPE 33 MAXPATCH 4 None 1.62765
LDB: TIME 9154.4 LOAD: AVG 9.21225 MAX 9.55105  PROXIES: TOTAL 755 MAXPE 33 MAXPATCH 4 RefineTorusLB 1.62765
LDB: ============== END OF LOAD BALANCING =============== 9154.4

PRESSURE: 90000 -14531.7 23.135 -63.722 76.785 -14464.6 -19.1157 -15.0895 -21.0571 -14478
GPRESSURE: 90000 13.7709 -40.5862 -126.493 95.7241 34.8604 41.8754 15.5177 -14.9367 33.3697
PRESSAVG: 90000 -11.8701 -2.52485 -16.5307 -0.973555 4.11815 6.84474 -5.83231 1.05168 -2.57564
GPRESSAVG: 90000 -11.8891 -2.52876 -16.4594 -0.935118 4.05933 6.78826 -5.85595 0.934595 -2.42086
TIMING: 90000  CPU: 8206.96, 0.0917209/step  Wall: 9287.44, 0.106646/step, 4.73983 hours remaining, 166.288116 MB of memory in use.
ENERGY:   90000      8909.9707     44973.7636     30720.2639       566.6709        -607517.1715     24301.3260       242.6169         0.0000    146900.9413        -350901.6181       308.7386   -497802.5594   -350537.2882       309.7724         -14491.4409        27.3337   2184493.2242        -3.4425        -3.4169

WRITING EXTENDED SYSTEM TO RESTART FILE AT STEP 90000
WRITING COORDINATES TO DCD FILE AT STEP 90000
WRITING COORDINATES TO RESTART FILE AT STEP 90000
FINISHED WRITING RESTART COORDINATES
WRITING VELOCITIES TO RESTART FILE AT STEP 90000
FINISHED WRITING RESTART VELOCITIES
LDB: ============= START OF LOAD BALANCING ============== 9582.25
LDB: ============== END OF LOAD BALANCING =============== 9582.25

LDB: ============= START OF LOAD BALANCING ============== 9592.91
LDB: TIME 9592.94 LOAD: AVG 9.22446 MAX 9.55616  PROXIES: TOTAL 755 MAXPE 33 MAXPATCH 4 None 1.63245
LDB: TIME 9592.97 LOAD: AVG 9.22446 MAX 9.55616  PROXIES: TOTAL 755 MAXPE 33 MAXPATCH 4 RefineTorusLB 1.63245
LDB: ============== END OF LOAD BALANCING =============== 9592.97

PRESSURE: 95000 -14487 153.431 -29.1566 167.861 -14597.3 33.2279 4.14807 69.4779 -14419.4
GPRESSURE: 95000 -63.7563 71.3646 -130.177 221.592 17.7468 -50.944 -30.6453 40.1885 -5.70294
PRESSAVG: 95000 -14.8021 -1.10372 -5.10609 8.86386 21.5117 12.5945 -5.12711 2.85627 0.901678
GPRESSAVG: 95000 -14.8224 -1.09908 -5.10523 8.86481 21.5747 12.5442 -5.10372 2.8834 0.917276
TIMING: 95000  CPU: 8664.45, 0.0914979/step  Wall: 9828.9, 0.10829/step, 4.6625 hours remaining, 165.892059 MB of memory in use.
ENERGY:   95000      9024.9115     44946.2026     30537.0351       584.3010        -607136.5379     24109.6100       244.4854         0.0000    147077.4080        -350612.5843       309.1095   -497689.9923   -350254.3326       309.7297         -14501.2630       -17.2375   2188511.2515         2.5371         2.5565

WRITING EXTENDED SYSTEM TO RESTART FILE AT STEP 95000
WRITING COORDINATES TO DCD FILE AT STEP 95000
WRITING COORDINATES TO RESTART FILE AT STEP 95000
FINISHED WRITING RESTART COORDINATES
WRITING VELOCITIES TO RESTART FILE AT STEP 95000
FINISHED WRITING RESTART VELOCITIES
LDB: ============= START OF LOAD BALANCING ============== 10002.8
LDB: ============== END OF LOAD BALANCING =============== 10002.8

LDB: ============= START OF LOAD BALANCING ============== 10013.3
LDB: TIME 10013.4 LOAD: AVG 9.19901 MAX 9.54893  PROXIES: TOTAL 755 MAXPE 33 MAXPATCH 4 None 1.62568
LDB: TIME 10013.4 LOAD: AVG 9.19901 MAX 9.54893  PROXIES: TOTAL 755 MAXPE 33 MAXPATCH 4 RefineTorusLB 1.62568
LDB: ============== END OF LOAD BALANCING =============== 10013.4

PRESSURE: 100000 -14525.6 3.98617 -60.0748 -2.07038 -14413.9 -9.19759 -36.1137 -29.3723 -14545.9
GPRESSURE: 100000 -1.97074 -26.5788 -110.627 17.9769 76.6052 107.584 -55.4264 40.6323 -69.418
PRESSAVG: 100000 -9.27716 4.71459 4.88414 10.9884 9.61962 -9.03648 -9.97233 -4.22037 1.95778
GPRESSAVG: 100000 -9.42732 4.79129 4.89328 11.2083 9.56613 -8.83693 -10.0036 -4.25819 1.94477
TIMING: 100000  CPU: 9122.6, 0.0916303/step  Wall: 10350.5, 0.104321/step, 4.34669 hours remaining, 165.434509 MB of memory in use.
ETITLE:      TS           BOND          ANGLE          DIHED          IMPRP               ELECT            VDW       BOUNDARY           MISC        KINETIC               TOTAL           TEMP      POTENTIAL         TOTAL3        TEMPAVG            PRESSURE      GPRESSURE         VOLUME       PRESSAVG      GPRESSAVG

ENERGY:  100000      8943.0105     45052.8946     30812.6967       569.3975        -607996.7901     24753.2599       229.1598         0.0000    147236.4227        -350399.9483       309.4437   -497636.3710   -350042.5882       310.0908         -14495.1576         1.7388   2189011.5580         0.7667         0.6945

WRITING EXTENDED SYSTEM TO RESTART FILE AT STEP 100000
WRITING COORDINATES TO DCD FILE AT STEP 100000
WRITING COORDINATES TO RESTART FILE AT STEP 100000
FINISHED WRITING RESTART COORDINATES
WRITING VELOCITIES TO RESTART FILE AT STEP 100000
FINISHED WRITING RESTART VELOCITIES
LDB: ============= START OF LOAD BALANCING ============== 10412.4
LDB: ============== END OF LOAD BALANCING =============== 10412.4

LDB: ============= START OF LOAD BALANCING ============== 10422.9
LDB: TIME 10423 LOAD: AVG 9.19686 MAX 9.43817  PROXIES: TOTAL 755 MAXPE 33 MAXPATCH 4 None 1.61575
LDB: TIME 10423 LOAD: AVG 9.19686 MAX 9.43817  PROXIES: TOTAL 755 MAXPE 33 MAXPATCH 4 RefineTorusLB 1.61575
LDB: ============== END OF LOAD BALANCING =============== 10423

LDB: ============= START OF LOAD BALANCING ============== 10823.1
LDB: ============== END OF LOAD BALANCING =============== 10823.1

LDB: ============= START OF LOAD BALANCING ============== 10833.6
LDB: TIME 10833.6 LOAD: AVG 9.20199 MAX 9.34079  PROXIES: TOTAL 755 MAXPE 33 MAXPATCH 4 None 1.61776
LDB: TIME 10833.7 LOAD: AVG 9.20199 MAX 9.34079  PROXIES: TOTAL 755 MAXPE 33 MAXPATCH 4 RefineTorusLB 1.61776
LDB: ============== END OF LOAD BALANCING =============== 10833.7

PRESSURE: 105000 -14399.9 135.116 70.2192 108.33 -14483.4 -51.1956 32.9921 -21.1222 -14425.1
GPRESSURE: 105000 202.157 46.131 82.1428 54.9394 0.76578 -58.5036 68.3556 -69.6838 25.8428
PRESSAVG: 105000 -9.39714 2.50125 -11.3582 12.8169 11.4307 6.48282 -19.4779 4.95932 0.951249
GPRESSAVG: 105000 -9.36569 2.53663 -11.3246 12.9049 11.415 6.44137 -19.4613 5.02062 0.917404
TIMING: 105000  CPU: 9580.12, 0.0915047/step  Wall: 10864.7, 0.102834/step, 4.14194 hours remaining, 166.993317 MB of memory in use.
ENERGY:  105000      8887.9869     45138.0259     30712.4523       542.9480        -608728.4118     25093.5224       238.2822         0.0000    147267.0051        -350848.1891       309.5080   -498115.1941   -350480.3156       310.0692         -14436.1506        76.2551   2190344.6182         0.9949         0.9889

WRITING EXTENDED SYSTEM TO RESTART FILE AT STEP 105000
WRITING COORDINATES TO DCD FILE AT STEP 105000
WRITING COORDINATES TO RESTART FILE AT STEP 105000
FINISHED WRITING RESTART COORDINATES
WRITING VELOCITIES TO RESTART FILE AT STEP 105000
FINISHED WRITING RESTART VELOCITIES
LDB: ============= START OF LOAD BALANCING ============== 11235
LDB: ============== END OF LOAD BALANCING =============== 11235

LDB: ============= START OF LOAD BALANCING ============== 11245.5
LDB: TIME 11245.5 LOAD: AVG 9.18806 MAX 9.43511  PROXIES: TOTAL 755 MAXPE 33 MAXPATCH 4 None 1.61331
LDB: TIME 11245.5 LOAD: AVG 9.18806 MAX 9.43511  PROXIES: TOTAL 755 MAXPE 33 MAXPATCH 4 RefineTorusLB 1.61331
LDB: ============== END OF LOAD BALANCING =============== 11245.5

PRESSURE: 110000 -14511.8 -2.78265 -2.99968 -15.1283 -14630.6 -9.74736 2.71568 6.98435 -14485.1
GPRESSURE: 110000 -78.5745 -72.2902 -142.817 -129.374 -111.615 28.2369 -23.7487 -20.3792 89.3583
PRESSAVG: 110000 6.03217 3.44316 3.84817 -5.62767 -4.31058 6.85236 2.68141 -3.19305 1.8671
GPRESSAVG: 110000 5.9057 3.4236 3.80627 -5.64708 -4.23132 6.90829 2.58657 -3.23798 1.90507
TIMING: 110000  CPU: 10037.4, 0.0914579/step  Wall: 11379.7, 0.103003/step, 4.00566 hours remaining, 166.272156 MB of memory in use.
ENERGY:  110000      9068.2623     44817.1022     30679.7148       574.7554        -607643.9145     24415.4313       248.8108         0.0000    146870.9013        -350968.9364       308.6755   -497839.8377   -350613.6743       309.8526         -14542.5002       -33.6104   2187154.3271         1.1962         1.1932

WRITING EXTENDED SYSTEM TO RESTART FILE AT STEP 110000
WRITING COORDINATES TO DCD FILE AT STEP 110000
WRITING COORDINATES TO RESTART FILE AT STEP 110000
FINISHED WRITING RESTART COORDINATES
WRITING VELOCITIES TO RESTART FILE AT STEP 110000
FINISHED WRITING RESTART VELOCITIES
LDB: ============= START OF LOAD BALANCING ============== 11646.2
LDB: ============== END OF LOAD BALANCING =============== 11646.2

LDB: ============= START OF LOAD BALANCING ============== 11656.8
LDB: TIME 11656.8 LOAD: AVG 9.21768 MAX 9.53449  PROXIES: TOTAL 755 MAXPE 33 MAXPATCH 4 None 1.6365
LDB: TIME 11656.9 LOAD: AVG 9.21768 MAX 9.53449  PROXIES: TOTAL 755 MAXPE 33 MAXPATCH 4 RefineTorusLB 1.6365
LDB: ============== END OF LOAD BALANCING =============== 11656.9

PRESSURE: 115000 -14413.7 33.1357 18.8263 76.4995 -14282.9 -42.147 91.6903 -7.23452 -14487.5
GPRESSURE: 115000 61.2551 58.3689 31.8162 -45.9104 230.434 -48.8863 77.302 0.180942 22.6085
PRESSAVG: 115000 3.94201 -10.7944 -30.5668 -16.6078 9.50735 -12.9933 -16.9036 -5.626 8.09803
GPRESSAVG: 115000 3.87888 -10.8816 -30.4849 -16.5565 9.36162 -12.9906 -17.0048 -5.58168 8.15894
TIMING: 115000  CPU: 10496, 0.0917271/step  Wall: 11891.7, 0.102396/step, 3.83984 hours remaining, 166.447174 MB of memory in use.
ENERGY:  115000      8896.2713     44798.4920     30732.6042       546.5105        -608137.8075     24666.0880       242.6899         0.0000    146668.9128        -351586.2388       308.2510   -498255.1516   -351199.4642       309.7085         -14394.6725       104.7659   2188386.0500         7.1825         7.1331

WRITING EXTENDED SYSTEM TO RESTART FILE AT STEP 115000
WRITING COORDINATES TO DCD FILE AT STEP 115000
WRITING COORDINATES TO RESTART FILE AT STEP 115000
FINISHED WRITING RESTART COORDINATES
WRITING VELOCITIES TO RESTART FILE AT STEP 115000
FINISHED WRITING RESTART VELOCITIES
LDB: ============= START OF LOAD BALANCING ============== 12055.3
LDB: ============== END OF LOAD BALANCING =============== 12055.3

LDB: ============= START OF LOAD BALANCING ============== 12065.9
LDB: TIME 12065.9 LOAD: AVG 9.22087 MAX 9.41712  PROXIES: TOTAL 755 MAXPE 33 MAXPATCH 4 None 1.63468
LDB: TIME 12065.9 LOAD: AVG 9.22087 MAX 9.41712  PROXIES: TOTAL 755 MAXPE 33 MAXPATCH 4 RefineTorusLB 1.63468
LDB: ============== END OF LOAD BALANCING =============== 12065.9

PRESSURE: 120000 -14627.4 64.7136 -81.6808 44.6966 -14418.1 185.609 -82.599 145.871 -14519.7
GPRESSURE: 120000 -12.3991 76.2729 -116.366 19.6502 45.2961 158.714 -133.512 121.551 -63.5982
PRESSAVG: 120000 -0.46376 -7.79382 -17.5239 -11.28 11.7075 -11.1304 -13.2028 5.07497 -0.492649
GPRESSAVG: 120000 -0.46167 -7.83789 -17.3787 -11.3638 11.6295 -11.219 -13.2781 5.10455 -0.385369
TIMING: 120000  CPU: 10953.5, 0.0914879/step  Wall: 12405.6, 0.10278/step, 3.71149 hours remaining, 168.231964 MB of memory in use.
ENERGY:  120000      8893.6763     44827.4552     30710.8353       562.5766        -607670.3330     24378.6668       241.0282         0.0000    146749.9640        -351306.1307       308.4213   -498056.0947   -350963.3997       309.4907         -14521.7245       -10.2337   2186554.6816         3.5837         3.5941

WRITING EXTENDED SYSTEM TO RESTART FILE AT STEP 120000
WRITING COORDINATES TO DCD FILE AT STEP 120000
WRITING COORDINATES TO RESTART FILE AT STEP 120000
FINISHED WRITING RESTART COORDINATES
WRITING VELOCITIES TO RESTART FILE AT STEP 120000
FINISHED WRITING RESTART VELOCITIES
LDB: ============= START OF LOAD BALANCING ============== 12467.5
LDB: ============== END OF LOAD BALANCING =============== 12467.5

LDB: ============= START OF LOAD BALANCING ============== 12478.2
LDB: TIME 12478.2 LOAD: AVG 9.19655 MAX 9.53274  PROXIES: TOTAL 755 MAXPE 33 MAXPATCH 4 None 1.61917
LDB: TIME 12478.2 LOAD: AVG 9.19655 MAX 9.53274  PROXIES: TOTAL 755 MAXPE 33 MAXPATCH 4 RefineTorusLB 1.61917
LDB: ============== END OF LOAD BALANCING =============== 12478.2

LDB: ============= START OF LOAD BALANCING ============== 12877.7
LDB: ============== END OF LOAD BALANCING =============== 12877.7

LDB: ============= START OF LOAD BALANCING ============== 12888.2
LDB: TIME 12888.2 LOAD: AVG 9.22355 MAX 9.4596  PROXIES: TOTAL 755 MAXPE 33 MAXPATCH 4 None 1.62275
LDB: TIME 12888.2 LOAD: AVG 9.22355 MAX 9.4596  PROXIES: TOTAL 755 MAXPE 33 MAXPATCH 4 RefineTorusLB 1.62275
LDB: ============== END OF LOAD BALANCING =============== 12888.2

PRESSURE: 125000 -14667.8 -53.7884 -154.188 -40.3463 -14494.6 -27.0676 -110.451 -79.5707 -14432.4
GPRESSURE: 125000 -66.4621 -70.2266 -125.155 -55.9381 18.1954 -7.71816 -16.0687 -44.9444 -20.0789
PRESSAVG: 125000 -10.0371 4.69557 -10.7042 -0.694996 16.8821 8.11291 0.647898 4.67564 4.44747
GPRESSAVG: 125000 -9.97053 4.77519 -10.7033 -0.690512 16.889 8.06497 0.855252 4.67376 4.29755
TIMING: 125000  CPU: 11413.3, 0.091961/step  Wall: 12919.4, 0.102772/step, 3.56847 hours remaining, 169.308411 MB of memory in use.
ENERGY:  125000      9015.6571     44830.1178     30750.5804       548.4988        -607905.3247     24693.2485       252.0872         0.0000    147112.6393        -350702.4958       309.1836   -497815.1350   -350330.9444       310.0781         -14531.5834       -22.7819   2188850.1448         3.7642         3.7387

WRITING EXTENDED SYSTEM TO RESTART FILE AT STEP 125000
WRITING COORDINATES TO DCD FILE AT STEP 125000
WRITING COORDINATES TO RESTART FILE AT STEP 125000
FINISHED WRITING RESTART COORDINATES
WRITING VELOCITIES TO RESTART FILE AT STEP 125000
FINISHED WRITING RESTART VELOCITIES
LDB: ============= START OF LOAD BALANCING ============== 13289.5
LDB: ============== END OF LOAD BALANCING =============== 13289.5

LDB: ============= START OF LOAD BALANCING ============== 13300.1
LDB: TIME 13300.1 LOAD: AVG 9.19867 MAX 9.45787  PROXIES: TOTAL 755 MAXPE 33 MAXPATCH 4 None 1.62569
LDB: TIME 13300.2 LOAD: AVG 9.19867 MAX 9.45787  PROXIES: TOTAL 755 MAXPE 33 MAXPATCH 4 RefineTorusLB 1.62569
LDB: ============== END OF LOAD BALANCING =============== 13300.2

PRESSURE: 130000 -14439.3 63.3136 -88.0064 47.6629 -14371.6 -5.98923 -83.9868 -55.475 -14320.4
GPRESSURE: 130000 22.4115 86.0602 -93.3562 130.385 131.186 -23.599 -60.7238 -63.2068 127.127
PRESSAVG: 130000 -4.31337 3.04562 0.440189 -13.1812 4.86844 20.0111 11.3216 0.538948 1.0871
GPRESSAVG: 130000 -4.21337 3.01757 0.277752 -13.1801 4.80349 20.0766 11.2693 0.479792 1.1596
TIMING: 130000  CPU: 11870.1, 0.0913527/step  Wall: 13434, 0.102918/step, 3.4306 hours remaining, 165.236389 MB of memory in use.
ENERGY:  130000      8793.3827     45223.5830     30745.3004       568.1006        -607449.7709     24604.8631       252.5146         0.0000    147213.7651        -350048.2614       309.3961   -497262.0265   -349693.4058       309.8375         -14377.0915        93.5749   2188521.2399         0.5474         0.5832

WRITING EXTENDED SYSTEM TO RESTART FILE AT STEP 130000
WRITING COORDINATES TO DCD FILE AT STEP 130000
WRITING COORDINATES TO RESTART FILE AT STEP 130000
FINISHED WRITING RESTART COORDINATES
WRITING VELOCITIES TO RESTART FILE AT STEP 130000
FINISHED WRITING RESTART VELOCITIES
LDB: ============= START OF LOAD BALANCING ============== 13701.2
LDB: ============== END OF LOAD BALANCING =============== 13701.2

LDB: ============= START OF LOAD BALANCING ============== 13711.6
LDB: TIME 13711.7 LOAD: AVG 9.20365 MAX 9.34043  PROXIES: TOTAL 755 MAXPE 33 MAXPATCH 4 None 1.6286
LDB: TIME 13711.7 LOAD: AVG 9.20365 MAX 9.34043  PROXIES: TOTAL 755 MAXPE 33 MAXPATCH 4 RefineTorusLB 1.6286
LDB: ============== END OF LOAD BALANCING =============== 13711.7

PRESSURE: 135000 -14480.2 46.2075 -0.852675 50.7834 -14246.2 -126.187 -37.9877 -162.708 -14275.1
GPRESSURE: 135000 115.066 59.827 23.9825 97.8494 282.179 -99.9232 -29.311 -130.687 201.18
PRESSAVG: 135000 -5.08429 -9.95466 6.74256 -17.9473 7.69646 7.18007 -5.06303 -2.43231 -2.18718
GPRESSAVG: 135000 -5.01917 -9.9261 6.71358 -17.983 7.54898 7.20554 -4.94697 -2.48631 -2.15007
TIMING: 135000  CPU: 12329.2, 0.0918388/step  Wall: 13947.8, 0.102754/step, 3.28243 hours remaining, 168.200134 MB of memory in use.
ENERGY:  135000      8941.7158     44640.8713     30854.6508       567.2016        -608997.9570     25375.2343       250.0550         0.0000    147101.5812        -351266.6470       309.1603   -498368.2282   -350937.8984       309.6493         -14333.8096       199.4750   2188510.0594         0.1417         0.1266

WRITING EXTENDED SYSTEM TO RESTART FILE AT STEP 135000
WRITING COORDINATES TO DCD FILE AT STEP 135000
WRITING COORDINATES TO RESTART FILE AT STEP 135000
FINISHED WRITING RESTART COORDINATES
WRITING VELOCITIES TO RESTART FILE AT STEP 135000
FINISHED WRITING RESTART VELOCITIES
LDB: ============= START OF LOAD BALANCING ============== 14112.9
LDB: ============== END OF LOAD BALANCING =============== 14112.9

LDB: ============= START OF LOAD BALANCING ============== 14123.3
LDB: TIME 14123.4 LOAD: AVG 9.19578 MAX 9.36596  PROXIES: TOTAL 755 MAXPE 33 MAXPATCH 4 None 1.61532
LDB: TIME 14123.4 LOAD: AVG 9.19578 MAX 9.36596  PROXIES: TOTAL 755 MAXPE 33 MAXPATCH 4 RefineTorusLB 1.61532
LDB: ============== END OF LOAD BALANCING =============== 14123.4

PRESSURE: 140000 -14424.1 53.2996 31.818 34.5441 -14571.1 149.463 66.6985 189.11 -14460.6
GPRESSURE: 140000 3.75804 36.7624 2.19704 -16.3011 80.8233 232.839 68.3321 155.144 8.66961
PRESSAVG: 140000 -5.16485 15.4833 -22.026 0.0863219 14.7077 2.98812 4.70948 1.88478 3.92856
GPRESSAVG: 140000 -5.34844 15.3284 -21.9805 0.0458766 14.7466 3.09945 4.8142 1.78829 3.86293
TIMING: 140000  CPU: 12787.5, 0.0916529/step  Wall: 14462.1, 0.102858/step, 3.14288 hours remaining, 165.929932 MB of memory in use.
ENERGY:  140000      8734.8794     44801.0961     30711.9903       578.7163        -608399.3028     24586.8550       242.5420         0.0000    146741.0252        -352002.1985       308.4025   -498743.2237   -351623.9898       309.5760         -14485.2703        31.0837   2188743.4779         4.4905         4.4204

WRITING EXTENDED SYSTEM TO RESTART FILE AT STEP 140000
WRITING COORDINATES TO DCD FILE AT STEP 140000
WRITING COORDINATES TO RESTART FILE AT STEP 140000
FINISHED WRITING RESTART COORDINATES
WRITING VELOCITIES TO RESTART FILE AT STEP 140000
FINISHED WRITING RESTART VELOCITIES
LDB: ============= START OF LOAD BALANCING ============== 14524.1
LDB: ============== END OF LOAD BALANCING =============== 14524.1

LDB: ============= START OF LOAD BALANCING ============== 14534.7
LDB: TIME 14534.7 LOAD: AVG 9.22191 MAX 9.50314  PROXIES: TOTAL 755 MAXPE 33 MAXPATCH 4 None 1.62641
LDB: TIME 14534.7 LOAD: AVG 9.22191 MAX 9.50314  PROXIES: TOTAL 755 MAXPE 33 MAXPATCH 4 RefineTorusLB 1.62641
LDB: ============== END OF LOAD BALANCING =============== 14534.7

LDB: ============= START OF LOAD BALANCING ============== 14933.3
LDB: ============== END OF LOAD BALANCING =============== 14933.3

LDB: ============= START OF LOAD BALANCING ============== 14943.7
LDB: TIME 14943.7 LOAD: AVG 9.19582 MAX 9.44783  PROXIES: TOTAL 755 MAXPE 33 MAXPATCH 4 None 1.63317
LDB: TIME 14943.7 LOAD: AVG 9.19582 MAX 9.44783  PROXIES: TOTAL 755 MAXPE 33 MAXPATCH 4 RefineTorusLB 1.63317
LDB: ============== END OF LOAD BALANCING =============== 14943.7

PRESSURE: 145000 -14394.9 18.078 -37.5044 41.0527 -14657.8 -3.04541 -39.1281 -37.5738 -14275.1
GPRESSURE: 145000 142.707 79.2254 -72.9141 70.8205 -152.776 14.0353 -72.6598 -8.89834 182.995
PRESSAVG: 145000 -15.6624 -1.76656 8.17149 -6.41478 18.2405 34.1036 13.8644 31.1134 4.48895
GPRESSAVG: 145000 -15.6755 -1.78083 8.18714 -6.43355 18.2081 34.1435 13.8795 30.99 4.4762
TIMING: 145000  CPU: 13245.7, 0.0916353/step  Wall: 14974.6, 0.102497/step, 2.98949 hours remaining, 165.002106 MB of memory in use.
ENERGY:  145000      8944.8154     44843.2363     30707.1608       593.1597        -607998.7841     24612.0606       257.2832         0.0000    146941.9588        -351099.1093       308.8248   -498041.0681   -350737.0983       309.5740         -14442.5934        57.6418   2188350.3734         2.3557         2.3363

WRITING EXTENDED SYSTEM TO RESTART FILE AT STEP 145000
WRITING COORDINATES TO DCD FILE AT STEP 145000
WRITING COORDINATES TO RESTART FILE AT STEP 145000
FINISHED WRITING RESTART COORDINATES
WRITING VELOCITIES TO RESTART FILE AT STEP 145000
FINISHED WRITING RESTART VELOCITIES
LDB: ============= START OF LOAD BALANCING ============== 15342.6
LDB: ============== END OF LOAD BALANCING =============== 15342.6

LDB: ============= START OF LOAD BALANCING ============== 15353
LDB: TIME 15353 LOAD: AVG 9.19389 MAX 9.60165  PROXIES: TOTAL 755 MAXPE 33 MAXPATCH 4 None 1.62478
LDB: TIME 15353.1 LOAD: AVG 9.19389 MAX 9.60165  PROXIES: TOTAL 755 MAXPE 33 MAXPATCH 4 RefineTorusLB 1.62478
LDB: ============== END OF LOAD BALANCING =============== 15353.1

PRESSURE: 150000 -14631.1 53.162 7.05495 8.66963 -14543.4 -40.9618 45.3828 -76.1501 -14569
GPRESSURE: 150000 -140.312 71.9603 31.8362 -0.767099 24.2935 43.6466 33.8231 -27.2358 -154.961
PRESSAVG: 150000 -16.2678 5.23798 9.99293 7.93354 15.6876 23.6412 16.7591 21.7464 8.97329
GPRESSAVG: 150000 -16.2591 5.36623 10.0264 7.91361 15.8204 23.5997 16.7449 21.8245 8.83232
TIMING: 150000  CPU: 13704.2, 0.0917009/step  Wall: 15485.3, 0.102149/step, 2.83748 hours remaining, 167.766235 MB of memory in use.
ETITLE:      TS           BOND          ANGLE          DIHED          IMPRP               ELECT            VDW       BOUNDARY           MISC        KINETIC               TOTAL           TEMP      POTENTIAL         TOTAL3        TEMPAVG            PRESSURE      GPRESSURE         VOLUME       PRESSAVG      GPRESSAVG

ENERGY:  150000      9040.5300     45073.2339     30689.4605       562.1330        -607095.1645     24345.1447       254.1705         0.0000    147438.1606        -349692.3312       309.8677   -497130.4918   -349345.4744       309.8354         -14581.1395       -90.3266   2187646.6507         2.7977         2.7979

WRITING EXTENDED SYSTEM TO RESTART FILE AT STEP 150000
WRITING COORDINATES TO DCD FILE AT STEP 150000
WRITING COORDINATES TO RESTART FILE AT STEP 150000
FINISHED WRITING RESTART COORDINATES
WRITING VELOCITIES TO RESTART FILE AT STEP 150000
FINISHED WRITING RESTART VELOCITIES
LDB: ============= START OF LOAD BALANCING ============== 15751.2
LDB: ============== END OF LOAD BALANCING =============== 15751.2

LDB: ============= START OF LOAD BALANCING ============== 15761.7
LDB: TIME 15761.7 LOAD: AVG 9.20756 MAX 9.40244  PROXIES: TOTAL 755 MAXPE 33 MAXPATCH 4 None 1.62497
LDB: TIME 15761.7 LOAD: AVG 9.20756 MAX 9.40244  PROXIES: TOTAL 755 MAXPE 33 MAXPATCH 4 RefineTorusLB 1.62497
LDB: ============== END OF LOAD BALANCING =============== 15761.7

PRESSURE: 155000 -14751.1 54.6835 -34.9853 40.5724 -14729 -23.6079 -45.8657 -35.3306 -14467.1
GPRESSURE: 155000 -202.617 -0.535462 -48.5836 51.9172 -222.381 -45.7215 -64.0699 -51.5178 -76.5518
PRESSAVG: 155000 7.86795 0.319368 2.42325 -5.32037 -3.545 19.9738 -6.7164 18.7556 2.44265
GPRESSAVG: 155000 7.84886 0.261712 2.33446 -5.2847 -3.50913 20.0657 -6.64266 18.6559 2.43769
TIMING: 155000  CPU: 14161.5, 0.0914705/step  Wall: 15997.2, 0.102384/step, 2.70181 hours remaining, 166.463257 MB of memory in use.
ENERGY:  155000      9005.4763     44894.6044     30710.6475       568.5149        -607741.5372     24564.9052       241.8369         0.0000    146814.2914        -350941.2606       308.5565   -497755.5520   -350609.8153       309.7199         -14649.0690      -167.1835   2193767.0466         2.2552         2.2591

WRITING EXTENDED SYSTEM TO RESTART FILE AT STEP 155000
WRITING COORDINATES TO DCD FILE AT STEP 155000
WRITING COORDINATES TO RESTART FILE AT STEP 155000
FINISHED WRITING RESTART COORDINATES
WRITING VELOCITIES TO RESTART FILE AT STEP 155000
FINISHED WRITING RESTART VELOCITIES
LDB: ============= START OF LOAD BALANCING ============== 16161.2
LDB: ============== END OF LOAD BALANCING =============== 16161.2

LDB: ============= START OF LOAD BALANCING ============== 16171.9
LDB: TIME 16171.9 LOAD: AVG 9.19369 MAX 9.43024  PROXIES: TOTAL 755 MAXPE 33 MAXPATCH 4 None 1.62524
LDB: TIME 16171.9 LOAD: AVG 9.19369 MAX 9.43024  PROXIES: TOTAL 755 MAXPE 33 MAXPATCH 4 RefineTorusLB 1.62524
LDB: ============== END OF LOAD BALANCING =============== 16171.9

PRESSURE: 160000 -14668.8 56.8467 -4.98754 57.0196 -14596.1 -212.114 -4.17102 -171.356 -14616.6
GPRESSURE: 160000 -81.7738 -3.58966 46.288 46.9106 -165.094 -160.373 65.0844 -198.703 -177.901
PRESSAVG: 160000 -2.51292 7.85518 4.23476 18.5417 7.02505 -14.3265 12.2599 -23.5764 4.78214
GPRESSAVG: 160000 -2.6011 7.81551 4.32049 18.5658 6.95785 -14.444 12.3164 -23.6047 4.72119
TIMING: 160000  CPU: 14618.1, 0.0913141/step  Wall: 16509.3, 0.102419/step, 2.56048 hours remaining, 167.338501 MB of memory in use.
ENERGY:  160000      9059.1836     45108.7862     30696.9246       568.8522        -607777.3153     24320.2920       245.5296         0.0000    147237.3291        -350540.4179       309.4456   -497777.7470   -350171.8099       309.8051         -14627.1669      -141.5894   2189533.6835         3.0981         3.0260

WRITING EXTENDED SYSTEM TO RESTART FILE AT STEP 160000
WRITING COORDINATES TO DCD FILE AT STEP 160000
WRITING COORDINATES TO RESTART FILE AT STEP 160000
FINISHED WRITING RESTART COORDINATES
WRITING VELOCITIES TO RESTART FILE AT STEP 160000
FINISHED WRITING RESTART VELOCITIES
LDB: ============= START OF LOAD BALANCING ============== 16571.1
LDB: ============== END OF LOAD BALANCING =============== 16571.1

LDB: ============= START OF LOAD BALANCING ============== 16581.6
LDB: TIME 16581.6 LOAD: AVG 9.21547 MAX 9.43303  PROXIES: TOTAL 755 MAXPE 33 MAXPATCH 4 None 1.63931
LDB: TIME 16581.7 LOAD: AVG 9.21547 MAX 9.43303  PROXIES: TOTAL 755 MAXPE 33 MAXPATCH 4 RefineTorusLB 1.63931
LDB: ============== END OF LOAD BALANCING =============== 16581.7

LDB: ============= START OF LOAD BALANCING ============== 16980.9
LDB: ============== END OF LOAD BALANCING =============== 16980.9

LDB: ============= START OF LOAD BALANCING ============== 16991.3
LDB: TIME 16991.3 LOAD: AVG 9.20738 MAX 9.42356  PROXIES: TOTAL 755 MAXPE 33 MAXPATCH 4 None 1.63
LDB: TIME 16991.3 LOAD: AVG 9.20738 MAX 9.42356  PROXIES: TOTAL 755 MAXPE 33 MAXPATCH 4 RefineTorusLB 1.63
LDB: ============== END OF LOAD BALANCING =============== 16991.3

PRESSURE: 165000 -14455.4 -32.2289 69.3089 -60.1989 -14438.4 -2.02828 75.9659 -10.1784 -14628.5
GPRESSURE: 165000 -13.521 -23.5217 14.564 -54.0344 32.5036 6.27672 -20.0702 -65.6477 -157.484
PRESSAVG: 165000 8.78555 -8.05642 -25.8054 7.97601 -9.56974 0.928605 -6.94107 10.0711 0.671136
GPRESSAVG: 165000 8.85185 -8.02507 -25.613 7.94178 -9.44471 0.938848 -6.9374 10.0149 0.694385
TIMING: 165000  CPU: 15074.4, 0.0912489/step  Wall: 17022.2, 0.102579/step, 2.42201 hours remaining, 166.767609 MB of memory in use.
ENERGY:  165000      8959.5917     45083.3967     30657.0548       563.8109        -607009.2668     24336.3308       253.0580         0.0000    147125.9226        -350030.1012       309.2115   -497156.0238   -349690.4261       309.8831         -14507.4528       -46.1672   2190799.6055        -0.0377         0.0338

WRITING EXTENDED SYSTEM TO RESTART FILE AT STEP 165000
WRITING COORDINATES TO DCD FILE AT STEP 165000
WRITING COORDINATES TO RESTART FILE AT STEP 165000
FINISHED WRITING RESTART COORDINATES
WRITING VELOCITIES TO RESTART FILE AT STEP 165000
FINISHED WRITING RESTART VELOCITIES
LDB: ============= START OF LOAD BALANCING ============== 17391.3
LDB: ============== END OF LOAD BALANCING =============== 17391.3

LDB: ============= START OF LOAD BALANCING ============== 17401.7
LDB: TIME 17401.7 LOAD: AVG 9.21131 MAX 9.39482  PROXIES: TOTAL 755 MAXPE 33 MAXPATCH 4 None 1.63787
LDB: TIME 17401.7 LOAD: AVG 9.21131 MAX 9.39482  PROXIES: TOTAL 755 MAXPE 33 MAXPATCH 4 RefineTorusLB 1.63787
LDB: ============== END OF LOAD BALANCING =============== 17401.7

PRESSURE: 170000 -14539.7 -25.9402 -109.146 -50.0838 -14542.2 125.48 -83.6219 163.971 -14562.6
GPRESSURE: 170000 -71.337 -5.70878 -221.761 -39.8409 -87.6143 120.424 -134.536 167.494 -114.895
PRESSAVG: 170000 -7.3424 4.22072 3.07255 -9.35349 7.7811 -11.7615 11.2321 -4.77142 -2.49969
GPRESSAVG: 170000 -7.27901 4.15497 3.12264 -9.39877 7.91188 -11.9858 11.2839 -4.56405 -2.44753
TIMING: 170000  CPU: 15531.6, 0.0914525/step  Wall: 17535.4, 0.10263/step, 2.28066 hours remaining, 165.916199 MB of memory in use.
ENERGY:  170000      8985.2600     45032.8562     30767.3732       604.8332        -607312.4783     24112.3103       242.7607         0.0000    146914.6496        -350652.4351       308.7674   -497567.0847   -350282.7900       310.0271         -14548.1820       -91.2823   2190807.9165        -0.6870        -0.6049

WRITING EXTENDED SYSTEM TO RESTART FILE AT STEP 170000
WRITING COORDINATES TO DCD FILE AT STEP 170000
WRITING COORDINATES TO RESTART FILE AT STEP 170000
FINISHED WRITING RESTART COORDINATES
WRITING VELOCITIES TO RESTART FILE AT STEP 170000
FINISHED WRITING RESTART VELOCITIES
LDB: ============= START OF LOAD BALANCING ============== 17802.3
LDB: ============== END OF LOAD BALANCING =============== 17802.3

LDB: ============= START OF LOAD BALANCING ============== 17812.7
LDB: TIME 17812.7 LOAD: AVG 9.17698 MAX 9.46101  PROXIES: TOTAL 755 MAXPE 33 MAXPATCH 4 None 1.61761
LDB: TIME 17812.7 LOAD: AVG 9.17698 MAX 9.46101  PROXIES: TOTAL 755 MAXPE 33 MAXPATCH 4 RefineTorusLB 1.61761
LDB: ============== END OF LOAD BALANCING =============== 17812.7

PRESSURE: 175000 -14511.3 -40.9616 1.11944 -36.3264 -14625.5 222.505 -3.61378 204.928 -14586.8
GPRESSURE: 175000 -106.468 27.1321 -11.6517 68.2396 -118.982 169.409 -36.908 148.847 -47.1608
PRESSAVG: 175000 1.46221 11.5308 -4.64639 3.58865 5.65924 9.16195 5.66589 4.6356 -2.27976
GPRESSAVG: 175000 1.3658 11.643 -4.64709 3.66106 5.68286 9.32032 5.58308 4.42234 -2.20022
TIMING: 175000  CPU: 15988.4, 0.0913481/step  Wall: 18048.8, 0.102687/step, 2.1393 hours remaining, 166.295563 MB of memory in use.
ENERGY:  175000      8980.2135     44971.3023     30765.9769       551.9093        -607679.5944     24321.3750       230.8611         0.0000    147140.9397        -350717.0167       309.2430   -497857.9563   -350348.5524       309.6544         -14574.5656       -90.8702   2189979.0078         1.6139         1.6161

WRITING EXTENDED SYSTEM TO RESTART FILE AT STEP 175000
WRITING COORDINATES TO DCD FILE AT STEP 175000
WRITING COORDINATES TO RESTART FILE AT STEP 175000
FINISHED WRITING RESTART COORDINATES
WRITING VELOCITIES TO RESTART FILE AT STEP 175000
FINISHED WRITING RESTART VELOCITIES
LDB: ============= START OF LOAD BALANCING ============== 18213.6
LDB: ============== END OF LOAD BALANCING =============== 18213.6

LDB: ============= START OF LOAD BALANCING ============== 18224
LDB: TIME 18224 LOAD: AVG 9.19066 MAX 9.37786  PROXIES: TOTAL 755 MAXPE 33 MAXPATCH 4 None 1.61814
LDB: TIME 18224.1 LOAD: AVG 9.19066 MAX 9.37786  PROXIES: TOTAL 755 MAXPE 33 MAXPATCH 4 RefineTorusLB 1.61814
LDB: ============== END OF LOAD BALANCING =============== 18224.1

PRESSURE: 180000 -14615.2 -81.199 -32.9031 -42.4235 -14434.6 -104.986 -23.8047 -77.3647 -14401.4
GPRESSURE: 180000 -111.072 -82.2902 -30.4808 -8.34713 95.4519 -92.2532 -116.437 -35.4289 101.924
PRESSAVG: 180000 4.17334 17.2445 -0.707336 9.87698 7.51745 6.80526 3.57729 5.32722 0.32659
GPRESSAVG: 180000 4.1899 17.316 -0.675537 9.88569 7.59734 6.87707 3.51071 5.32384 0.427768
TIMING: 180000  CPU: 16444.7, 0.0912709/step  Wall: 18563.1, 0.102866/step, 2.00017 hours remaining, 167.394043 MB of memory in use.
ENERGY:  180000      8923.5744     44935.7872     30608.5564       588.3722        -608042.8879     24387.0734       259.0378         0.0000    147597.7540        -350742.7324       310.2031   -498340.4864   -350373.2554       309.7708         -14483.7195        28.7682   2187772.5679         4.0058         4.0717

WRITING EXTENDED SYSTEM TO RESTART FILE AT STEP 180000
WRITING COORDINATES TO DCD FILE AT STEP 180000
WRITING COORDINATES TO RESTART FILE AT STEP 180000
FINISHED WRITING RESTART COORDINATES
WRITING VELOCITIES TO RESTART FILE AT STEP 180000
FINISHED WRITING RESTART VELOCITIES
LDB: ============= START OF LOAD BALANCING ============== 18624.6
LDB: ============== END OF LOAD BALANCING =============== 18624.6

LDB: ============= START OF LOAD BALANCING ============== 18635
LDB: TIME 18635 LOAD: AVG 9.20432 MAX 9.4752  PROXIES: TOTAL 755 MAXPE 33 MAXPATCH 4 None 1.62224
LDB: TIME 18635 LOAD: AVG 9.20432 MAX 9.4752  PROXIES: TOTAL 755 MAXPE 33 MAXPATCH 4 RefineTorusLB 1.62224
LDB: ============== END OF LOAD BALANCING =============== 18635

LDB: ============= START OF LOAD BALANCING ============== 19035.1
LDB: ============== END OF LOAD BALANCING =============== 19035.1

LDB: ============= START OF LOAD BALANCING ============== 19045.6
LDB: TIME 19045.6 LOAD: AVG 9.19734 MAX 9.38073  PROXIES: TOTAL 755 MAXPE 33 MAXPATCH 4 None 1.61492
LDB: TIME 19045.6 LOAD: AVG 9.19734 MAX 9.38073  PROXIES: TOTAL 755 MAXPE 33 MAXPATCH 4 RefineTorusLB 1.61492
LDB: ============== END OF LOAD BALANCING =============== 19045.6

PRESSURE: 185000 -14521.8 -57.717 -127.204 -45.5569 -14251.9 -91.6143 -126.027 -75.1602 -14439.1
GPRESSURE: 185000 -0.411048 -73.5848 -61.0959 -85.1833 187.147 -73.3799 -55.3204 -11.1921 -49.5046
PRESSAVG: 185000 15.9997 -1.06177 3.84353 2.12449 -9.90196 6.51908 16.8181 -0.348017 0.786504
GPRESSAVG: 185000 16.0808 -0.891147 3.87958 2.3204 -9.83658 6.6311 16.9539 -0.438414 0.687283
TIMING: 185000  CPU: 16901.8, 0.0914159/step  Wall: 19076.6, 0.102687/step, 1.85407 hours remaining, 167.278748 MB of memory in use.
ENERGY:  185000      8912.6105     45119.7885     30665.7588       555.4039        -606932.3943     24153.4416       255.1360         0.0000    146872.2288        -350398.0262       308.6783   -497270.2549   -350033.9889       309.7487         -14404.2328        45.7437   2191062.6758         2.2948         2.3105

WRITING EXTENDED SYSTEM TO RESTART FILE AT STEP 185000
WRITING COORDINATES TO DCD FILE AT STEP 185000
WRITING COORDINATES TO RESTART FILE AT STEP 185000
FINISHED WRITING RESTART COORDINATES
WRITING VELOCITIES TO RESTART FILE AT STEP 185000
FINISHED WRITING RESTART VELOCITIES
LDB: ============= START OF LOAD BALANCING ============== 19445.5
LDB: ============== END OF LOAD BALANCING =============== 19445.5

LDB: ============= START OF LOAD BALANCING ============== 19455.9
LDB: TIME 19456 LOAD: AVG 9.18423 MAX 9.37852  PROXIES: TOTAL 755 MAXPE 33 MAXPATCH 4 None 1.61081
LDB: TIME 19456 LOAD: AVG 9.18423 MAX 9.37852  PROXIES: TOTAL 755 MAXPE 33 MAXPATCH 4 RefineTorusLB 1.61081
LDB: ============== END OF LOAD BALANCING =============== 19456

PRESSURE: 190000 -14694.9 -4.1041 13.3426 -5.8791 -14510.6 -104.047 22.4923 -92.1509 -14504.4
GPRESSURE: 190000 -123.909 -108.377 -57.2835 31.5767 -8.32774 -194.821 -70.7413 -78.729 -58.9477
PRESSAVG: 190000 -2.48383 7.20784 12.2056 4.37741 -3.27857 17.057 5.88226 5.23377 3.24306
GPRESSAVG: 190000 -2.52789 7.21694 12.2291 4.38754 -3.15736 17.0326 5.86222 5.05139 3.27302
TIMING: 190000  CPU: 17357.3, 0.0910936/step  Wall: 19589.3, 0.102556/step, 1.70926 hours remaining, 165.328156 MB of memory in use.
ENERGY:  190000      8849.7186     45019.9250     30672.2761       564.2561        -607323.5230     23990.3997       254.3547         0.0000    147689.5343        -350283.0584       310.3960   -497972.5927   -349916.8394       309.8607         -14569.9624       -63.7283   2187548.7395        -0.8398        -0.8041

WRITING EXTENDED SYSTEM TO RESTART FILE AT STEP 190000
WRITING COORDINATES TO DCD FILE AT STEP 190000
WRITING COORDINATES TO RESTART FILE AT STEP 190000
FINISHED WRITING RESTART COORDINATES
WRITING VELOCITIES TO RESTART FILE AT STEP 190000
FINISHED WRITING RESTART VELOCITIES
LDB: ============= START OF LOAD BALANCING ============== 19855.8
LDB: ============== END OF LOAD BALANCING =============== 19855.8

LDB: ============= START OF LOAD BALANCING ============== 19866.3
LDB: TIME 19866.3 LOAD: AVG 9.20044 MAX 9.50326  PROXIES: TOTAL 755 MAXPE 33 MAXPATCH 4 None 1.62838
LDB: TIME 19866.4 LOAD: AVG 9.20044 MAX 9.50326  PROXIES: TOTAL 755 MAXPE 33 MAXPATCH 4 RefineTorusLB 1.62838
LDB: ============== END OF LOAD BALANCING =============== 19866.4

PRESSURE: 195000 -14516.7 6.21058 73.7009 -22.1126 -14384.3 -204.361 65.3228 -173.756 -14287.9
GPRESSURE: 195000 56.8993 3.00464 95.4359 -60.8166 186.875 -139.471 60.7879 -106.655 207.242
PRESSAVG: 195000 -11.09 10.1499 -2.36672 4.98843 17.2162 6.99501 15.9957 7.59355 -2.76344
GPRESSAVG: 195000 -11.0258 10.1546 -2.37679 4.87977 17.2388 7.08423 16.0947 7.77771 -2.83358
TIMING: 195000  CPU: 17815.6, 0.0916673/step  Wall: 20101.4, 0.102405/step, 1.56452 hours remaining, 167.992828 MB of memory in use.
ENERGY:  195000      9040.0295     44652.0842     30602.7905       554.1666        -609057.4568     25278.0906       255.1025         0.0000    147455.6621        -351219.5309       309.9045   -498675.1930   -350849.5251       309.9018         -14396.3016       150.3389   2184517.7100         1.1209         1.1265

WRITING EXTENDED SYSTEM TO RESTART FILE AT STEP 195000
WRITING COORDINATES TO DCD FILE AT STEP 195000
WRITING COORDINATES TO RESTART FILE AT STEP 195000
FINISHED WRITING RESTART COORDINATES
WRITING VELOCITIES TO RESTART FILE AT STEP 195000
FINISHED WRITING RESTART VELOCITIES
LDB: ============= START OF LOAD BALANCING ============== 20265.6
LDB: ============== END OF LOAD BALANCING =============== 20265.6

LDB: ============= START OF LOAD BALANCING ============== 20276.1
LDB: TIME 20276.2 LOAD: AVG 9.19368 MAX 9.4626  PROXIES: TOTAL 755 MAXPE 33 MAXPATCH 4 None 1.62093
LDB: TIME 20276.2 LOAD: AVG 9.19368 MAX 9.4626  PROXIES: TOTAL 755 MAXPE 33 MAXPATCH 4 RefineTorusLB 1.62093
LDB: ============== END OF LOAD BALANCING =============== 20276.2

PRESSURE: 200000 -14448.7 -49.0726 -126.602 -64.6104 -14493.3 -117.879 -109.12 -103.765 -14438.1
GPRESSURE: 200000 46.7005 -40.1436 -67.0422 -89.9332 47.1681 -141.778 -46.2197 -65.8024 6.41906
PRESSAVG: 200000 -8.81241 -7.84248 -22.5806 -9.49134 19.4486 4.557 -20.7142 1.11965 9.11827
GPRESSAVG: 200000 -8.85713 -7.86174 -22.5582 -9.46798 19.4194 4.62281 -20.749 1.09722 9.03261
TIMING: 200000  CPU: 18271.2, 0.0911243/step  Wall: 20613.9, 0.102515/step, 1.42382 hours remaining, 167.234528 MB of memory in use.
ETITLE:      TS           BOND          ANGLE          DIHED          IMPRP               ELECT            VDW       BOUNDARY           MISC        KINETIC               TOTAL           TEMP      POTENTIAL         TOTAL3        TEMPAVG            PRESSURE      GPRESSURE         VOLUME       PRESSAVG      GPRESSAVG

ENERGY:  200000      8911.4416     44829.8104     30752.9342       569.3295        -608100.9939     24671.2896       235.4174         0.0000    146638.7753        -351491.9961       308.1876   -498130.7713   -351118.4237       309.7191         -14460.0381        33.4292   2189682.8075         6.5848         6.5316

WRITING EXTENDED SYSTEM TO RESTART FILE AT STEP 200000
WRITING COORDINATES TO DCD FILE AT STEP 200000
WRITING COORDINATES TO RESTART FILE AT STEP 200000
FINISHED WRITING RESTART COORDINATES
WRITING VELOCITIES TO RESTART FILE AT STEP 200000
FINISHED WRITING RESTART VELOCITIES
LDB: ============= START OF LOAD BALANCING ============== 20675.6
LDB: ============== END OF LOAD BALANCING =============== 20675.6

LDB: ============= START OF LOAD BALANCING ============== 20686.2
LDB: TIME 20686.2 LOAD: AVG 9.20854 MAX 9.42861  PROXIES: TOTAL 755 MAXPE 33 MAXPATCH 4 None 1.62788
LDB: TIME 20686.2 LOAD: AVG 9.20854 MAX 9.42861  PROXIES: TOTAL 755 MAXPE 33 MAXPATCH 4 RefineTorusLB 1.62788
LDB: ============== END OF LOAD BALANCING =============== 20686.2

LDB: ============= START OF LOAD BALANCING ============== 21086
LDB: ============== END OF LOAD BALANCING =============== 21086

LDB: ============= START OF LOAD BALANCING ============== 21096.4
LDB: TIME 21096.5 LOAD: AVG 9.20698 MAX 9.50594  PROXIES: TOTAL 755 MAXPE 33 MAXPATCH 4 None 1.63105
LDB: TIME 21096.5 LOAD: AVG 9.20698 MAX 9.50594  PROXIES: TOTAL 755 MAXPE 33 MAXPATCH 4 RefineTorusLB 1.63105
LDB: ============== END OF LOAD BALANCING =============== 21096.5

WRITING COORDINATES TO DCD FILE AT STEP 205000
WRITING COORDINATES TO RESTART FILE AT STEP 205000
FINISHED WRITING RESTART COORDINATES
PRESSURE: 205000 -14541.7 5.06178 65.3735 3.04409 -14723.9 -104.024 -8.91082 -89.2628 -14504.1
GPRESSURE: 205000 -41.0448 2.23424 62.5762 24.1579 -142.1 -153.822 -27.8242 -36.9112 -50.5744
PRESSAVG: 205000 10.4212 -3.20783 8.14148 -13.506 -5.96995 -21.748 -2.6181 1.49716 0.0128247
GPRESSAVG: 205000 10.4149 -3.25757 8.08081 -13.5363 -5.92375 -21.6837 -2.58073 1.50868 0.116562
TIMING: 205000  CPU: 18728.4, 0.0914439/step  Wall: 21127.4, 0.102683/step, 1.28354 hours remaining, 165.044189 MB of memory in use.
ENERGY:  205000      8915.0813     44617.9279     30700.9613       574.2888        -607905.5666     24301.7756       239.1140         0.0000    146893.1474        -351663.2704       308.7223   -498556.4177   -351299.5555       309.2400         -14589.9367       -77.9064   2186940.3559         1.4880         1.5359

WRITING EXTENDED SYSTEM TO RESTART FILE AT STEP 205000
WRITING VELOCITIES TO RESTART FILE AT STEP 205000
FINISHED WRITING RESTART VELOCITIES
LDB: ============= START OF LOAD BALANCING ============== 21497.8
LDB: ============== END OF LOAD BALANCING =============== 21497.8

LDB: ============= START OF LOAD BALANCING ============== 21508.1
LDB: TIME 21508.2 LOAD: AVG 9.17612 MAX 9.35477  PROXIES: TOTAL 755 MAXPE 33 MAXPATCH 4 None 1.60949
LDB: TIME 21508.2 LOAD: AVG 9.17612 MAX 9.35477  PROXIES: TOTAL 755 MAXPE 33 MAXPATCH 4 RefineTorusLB 1.60949
LDB: ============== END OF LOAD BALANCING =============== 21508.2

PRESSURE: 210000 -14610.5 -77.2896 60.8294 -55.6844 -14528.3 18.085 83.4938 -22.0252 -14525
GPRESSURE: 210000 0.752282 -78.5872 76.3036 -57.761 -17.5383 88.4555 167.13 26.2952 -137.764
PRESSAVG: 210000 5.66939 5.72166 13.5352 3.21637 -10.1523 -25.4265 8.92098 -10.6228 0.602544
GPRESSAVG: 210000 5.67421 5.72411 13.4826 3.32662 -10.2693 -25.5582 9.00219 -10.673 0.657238
TIMING: 210000  CPU: 19186.2, 0.0915591/step  Wall: 21642.2, 0.102961/step, 1.14401 hours remaining, 165.860657 MB of memory in use.
ENERGY:  210000      8919.6122     44829.7042     30796.1970       574.2939        -607456.7012     24154.1257       254.1972         0.0000    147723.0898        -350205.4810       310.4665   -497928.5708   -349837.3850       309.7522         -14554.6015       -51.5166   2183599.7126        -1.2934        -1.3126

WRITING EXTENDED SYSTEM TO RESTART FILE AT STEP 210000
WRITING COORDINATES TO DCD FILE AT STEP 210000
WRITING COORDINATES TO RESTART FILE AT STEP 210000
FINISHED WRITING RESTART COORDINATES
WRITING VELOCITIES TO RESTART FILE AT STEP 210000
FINISHED WRITING RESTART VELOCITIES
LDB: ============= START OF LOAD BALANCING ============== 21910.6
LDB: ============== END OF LOAD BALANCING =============== 21910.6

LDB: ============= START OF LOAD BALANCING ============== 21920.9
LDB: TIME 21920.9 LOAD: AVG 9.20804 MAX 9.39576  PROXIES: TOTAL 755 MAXPE 33 MAXPATCH 4 None 1.62308
LDB: TIME 21920.9 LOAD: AVG 9.20804 MAX 9.39576  PROXIES: TOTAL 755 MAXPE 33 MAXPATCH 4 RefineTorusLB 1.62308
LDB: ============== END OF LOAD BALANCING =============== 21920.9

PRESSURE: 215000 -14254.6 137.162 35.6567 138.444 -14471.2 -39.3164 4.90875 -38.3458 -14497.6
GPRESSURE: 215000 218.428 137.002 -22.7078 142.524 134.239 -74.0748 -15.9308 36.5802 14.5815
PRESSAVG: 215000 -1.85034 13.6007 21.3335 11.403 4.27324 -9.18114 4.75616 -3.12948 1.31963
GPRESSAVG: 215000 -1.74016 13.5765 21.3647 11.3227 4.36223 -9.15402 4.47595 -3.15513 1.23915
TIMING: 215000  CPU: 19644.4, 0.0916277/step  Wall: 22157.2, 0.103017/step, 1.00155 hours remaining, 167.596771 MB of memory in use.
ENERGY:  215000      8986.2083     44923.4353     30740.7621       590.9045        -608542.8792     24844.7465       251.8885         0.0000    147724.6923        -350480.2417       310.4699   -498204.9340   -350104.3453       310.1978         -14407.8048       122.4161   2184874.0735         1.2475         1.2871

WRITING EXTENDED SYSTEM TO RESTART FILE AT STEP 215000
WRITING COORDINATES TO DCD FILE AT STEP 215000
WRITING COORDINATES TO RESTART FILE AT STEP 215000
FINISHED WRITING RESTART COORDINATES
WRITING VELOCITIES TO RESTART FILE AT STEP 215000
FINISHED WRITING RESTART VELOCITIES
LDB: ============= START OF LOAD BALANCING ============== 22320.6
LDB: ============== END OF LOAD BALANCING =============== 22320.6

LDB: ============= START OF LOAD BALANCING ============== 22331.3
LDB: TIME 22331.3 LOAD: AVG 9.23837 MAX 9.48281  PROXIES: TOTAL 755 MAXPE 33 MAXPATCH 4 None 1.63456
LDB: TIME 22331.4 LOAD: AVG 9.23837 MAX 9.48281  PROXIES: TOTAL 755 MAXPE 33 MAXPATCH 4 RefineTorusLB 1.63456
LDB: ============== END OF LOAD BALANCING =============== 22331.4

WRITING COORDINATES TO DCD FILE AT STEP 220000
WRITING COORDINATES TO RESTART FILE AT STEP 220000
FINISHED WRITING RESTART COORDINATES
WRITING VELOCITIES TO RESTART FILE AT STEP 220000
FINISHED WRITING RESTART VELOCITIES
PRESSURE: 220000 -14647.3 18.9476 -22.2445 12.0364 -14518.7 -58.8635 -17.398 -40.6736 -14422
GPRESSURE: 220000 -111.298 -15.399 23.4012 -97.603 -28.4718 -29.5342 -44.485 0.464709 -43.3968
PRESSAVG: 220000 1.91163 10.8294 -4.5825 -4.99333 4.61833 11.5508 -9.96457 12.2176 4.29839
GPRESSAVG: 220000 1.87692 10.7282 -4.588 -4.9835 4.57815 11.7152 -10.0695 12.2616 4.35207
TIMING: 220000  CPU: 20102.1, 0.0915389/step  Wall: 22669.1, 0.10237/step, 0.853085 hours remaining, 166.060364 MB of memory in use.
ENERGY:  220000      8996.7125     45176.9410     30709.3407       581.0515        -607284.9400     24291.4916       242.7869         0.0000    147814.2771        -349472.3388       310.6582   -497286.6159   -349100.8125       309.8814         -14529.3611       -61.0554   2190208.0110         3.6095         3.6024

WRITING EXTENDED SYSTEM TO RESTART FILE AT STEP 220000
LDB: ============= START OF LOAD BALANCING ============== 22730.6
LDB: ============== END OF LOAD BALANCING =============== 22730.6

LDB: ============= START OF LOAD BALANCING ============== 22741.1
LDB: TIME 22741.1 LOAD: AVG 9.18749 MAX 9.5027  PROXIES: TOTAL 755 MAXPE 33 MAXPATCH 4 None 1.61612
LDB: TIME 22741.1 LOAD: AVG 9.18749 MAX 9.5027  PROXIES: TOTAL 755 MAXPE 33 MAXPATCH 4 RefineTorusLB 1.61612
LDB: ============== END OF LOAD BALANCING =============== 22741.1

LDB: ============= START OF LOAD BALANCING ============== 23140.7
LDB: ============== END OF LOAD BALANCING =============== 23140.7

LDB: ============= START OF LOAD BALANCING ============== 23151.1
LDB: TIME 23151.1 LOAD: AVG 9.1932 MAX 9.47189  PROXIES: TOTAL 755 MAXPE 33 MAXPATCH 4 None 1.61533
LDB: TIME 23151.1 LOAD: AVG 9.1932 MAX 9.47189  PROXIES: TOTAL 755 MAXPE 33 MAXPATCH 4 RefineTorusLB 1.61533
LDB: ============== END OF LOAD BALANCING =============== 23151.1

WRITING COORDINATES TO DCD FILE AT STEP 225000
WRITING COORDINATES TO RESTART FILE AT STEP 225000
FINISHED WRITING RESTART COORDINATES
PRESSURE: 225000 -14626.1 153.301 143.972 148.065 -14358.8 187.417 139.576 116.482 -14551.5
GPRESSURE: 225000 -58.9932 42.4078 180.9 141.836 113.533 195.627 49.4771 91.6573 -94.5672
PRESSAVG: 225000 6.4084 11.034 -5.70783 0.398815 -1.5449 11.7718 -3.35839 6.417 4.01386
GPRESSAVG: 225000 6.27448 10.9199 -5.65664 0.290329 -1.51708 11.7607 -3.26617 6.55033 3.96655
TIMING: 225000  CPU: 20558.8, 0.0913363/step  Wall: 23182.2, 0.102627/step, 0.712691 hours remaining, 165.854218 MB of memory in use.
ENERGY:  225000      8925.3718     44988.6646     30676.0154       544.5506        -607790.7986     24259.2789       256.2775         0.0000    147308.2425        -350832.3972       309.5947   -498140.6397   -350479.5326       309.8816         -14512.1645       -13.3425   2186313.9013         2.9591         2.9080

WRITING EXTENDED SYSTEM TO RESTART FILE AT STEP 225000
WRITING VELOCITIES TO RESTART FILE AT STEP 225000
FINISHED WRITING RESTART VELOCITIES
LDB: ============= START OF LOAD BALANCING ============== 23551.6
LDB: ============== END OF LOAD BALANCING =============== 23551.6

LDB: ============= START OF LOAD BALANCING ============== 23562.1
LDB: TIME 23562.2 LOAD: AVG 9.2159 MAX 9.42399  PROXIES: TOTAL 755 MAXPE 33 MAXPATCH 4 None 1.62913
LDB: TIME 23562.2 LOAD: AVG 9.2159 MAX 9.42399  PROXIES: TOTAL 755 MAXPE 33 MAXPATCH 4 RefineTorusLB 1.62913
LDB: ============== END OF LOAD BALANCING =============== 23562.2

PRESSURE: 230000 -14530.3 3.40832 -44.0241 -42.2028 -14443.8 70.2989 -59.1364 40.5547 -14443.7
GPRESSURE: 230000 -16.428 -36.6625 17.8075 -24.947 130.233 153.403 -49.3433 85.0032 -46.2159
PRESSAVG: 230000 0.900671 1.82724 14.9447 6.3446 -2.92192 1.02682 10.9389 7.7112 5.28879
GPRESSAVG: 230000 0.798905 1.86949 14.915 6.38306 -2.92475 1.08541 10.9142 7.67577 5.29183
TIMING: 230000  CPU: 21015.6, 0.0913675/step  Wall: 23694.7, 0.102503/step, 0.569463 hours remaining, 168.938232 MB of memory in use.
ENERGY:  230000      8910.1880     44901.5971     30632.6596       568.6330        -608190.2738     25005.1536       254.8752         0.0000    147255.0722        -350662.0952       309.4829   -497917.1674   -350287.2095       309.9199         -14472.6220        22.5296   2190976.9057         1.0892         1.0553

WRITING EXTENDED SYSTEM TO RESTART FILE AT STEP 230000
WRITING COORDINATES TO DCD FILE AT STEP 230000
WRITING COORDINATES TO RESTART FILE AT STEP 230000
FINISHED WRITING RESTART COORDINATES
WRITING VELOCITIES TO RESTART FILE AT STEP 230000
FINISHED WRITING RESTART VELOCITIES
LDB: ============= START OF LOAD BALANCING ============== 23960.9
LDB: ============== END OF LOAD BALANCING =============== 23960.9

LDB: ============= START OF LOAD BALANCING ============== 23971.3
LDB: TIME 23971.3 LOAD: AVG 9.1991 MAX 9.4885  PROXIES: TOTAL 755 MAXPE 33 MAXPATCH 4 None 1.63253
LDB: TIME 23971.3 LOAD: AVG 9.1991 MAX 9.4885  PROXIES: TOTAL 755 MAXPE 33 MAXPATCH 4 RefineTorusLB 1.63253
LDB: ============== END OF LOAD BALANCING =============== 23971.3

WRITING COORDINATES TO DCD FILE AT STEP 235000
WRITING COORDINATES TO RESTART FILE AT STEP 235000
FINISHED WRITING RESTART COORDINATES
PRESSURE: 235000 -14660.9 144.658 -79.2367 124.011 -14492.9 -40.3262 -88.2683 -38.4279 -14444.8
GPRESSURE: 235000 -126.063 141.675 -88.9332 187.471 14.5416 11.501 -96.4941 75.6926 -34.4707
PRESSAVG: 235000 16.909 6.81268 3.92628 10.9968 -25.0491 -3.65126 -4.29895 9.47796 1.23142
GPRESSAVG: 235000 17.0837 6.88999 3.90518 11.0615 -25.1118 -3.73419 -4.15325 9.45035 1.21012
TIMING: 235000  CPU: 21472.9, 0.0914521/step  Wall: 24208, 0.102645/step, 0.427689 hours remaining, 165.102905 MB of memory in use.
ENERGY:  235000      8941.9914     44751.5366     30735.5466       555.3109        -606968.6112     23459.3212       232.8990         0.0000    147341.2032        -350950.8024       309.6639   -498292.0056   -350579.4634       309.6736         -14532.8445       -48.6640   2188443.3284        -2.3029        -2.2727

WRITING EXTENDED SYSTEM TO RESTART FILE AT STEP 235000
WRITING VELOCITIES TO RESTART FILE AT STEP 235000
FINISHED WRITING RESTART VELOCITIES
LDB: ============= START OF LOAD BALANCING ============== 24372.3
LDB: ============== END OF LOAD BALANCING =============== 24372.3

LDB: ============= START OF LOAD BALANCING ============== 24382.7
LDB: TIME 24382.8 LOAD: AVG 9.18742 MAX 9.47064  PROXIES: TOTAL 755 MAXPE 33 MAXPATCH 4 None 1.61809
LDB: TIME 24382.8 LOAD: AVG 9.18742 MAX 9.47064  PROXIES: TOTAL 755 MAXPE 33 MAXPATCH 4 RefineTorusLB 1.61809
LDB: ============== END OF LOAD BALANCING =============== 24382.8

PRESSURE: 240000 -14495.9 126.023 90.8141 90.9877 -14415.4 -14.9831 68.1538 25.5438 -14514.8
GPRESSURE: 240000 128.602 161.154 66.1641 68.6057 24.3701 6.28496 57.8656 -28.1633 -133.644
PRESSAVG: 240000 7.00547 -8.19549 -28.783 -13.3764 -13.5212 -3.23876 -7.79876 10.1136 -0.990368
GPRESSAVG: 240000 6.91095 -8.21421 -28.755 -13.4322 -13.5436 -3.22156 -7.92851 10.0506 -0.86616
TIMING: 240000  CPU: 21929.8, 0.0913903/step  Wall: 24721.9, 0.102781/step, 0.285502 hours remaining, 167.088715 MB of memory in use.
ENERGY:  240000      8950.7932     45098.5577     30747.4713       560.3937        -607318.7916     24237.0110       242.5350         0.0000    146516.7715        -350965.2582       307.9312   -497482.0297   -350590.9069       309.6483         -14475.3895         6.4427   2191786.0465        -2.5020        -2.4996

WRITING EXTENDED SYSTEM TO RESTART FILE AT STEP 240000
WRITING COORDINATES TO DCD FILE AT STEP 240000
WRITING COORDINATES TO RESTART FILE AT STEP 240000
FINISHED WRITING RESTART COORDINATES
WRITING VELOCITIES TO RESTART FILE AT STEP 240000
FINISHED WRITING RESTART VELOCITIES
LDB: ============= START OF LOAD BALANCING ============== 24783.6
LDB: ============== END OF LOAD BALANCING =============== 24783.6

LDB: ============= START OF LOAD BALANCING ============== 24794
LDB: TIME 24794.1 LOAD: AVG 9.19797 MAX 9.55195  PROXIES: TOTAL 755 MAXPE 33 MAXPATCH 4 None 1.62357
LDB: TIME 24794.1 LOAD: AVG 9.19797 MAX 9.55195  PROXIES: TOTAL 755 MAXPE 33 MAXPATCH 4 RefineTorusLB 1.62357
LDB: ============== END OF LOAD BALANCING =============== 24794.1

LDB: ============= START OF LOAD BALANCING ============== 25194.1
LDB: ============== END OF LOAD BALANCING =============== 25194.1

LDB: ============= START OF LOAD BALANCING ============== 25204.7
LDB: TIME 25204.7 LOAD: AVG 9.22189 MAX 9.43375  PROXIES: TOTAL 755 MAXPE 33 MAXPATCH 4 None 1.6347
LDB: TIME 25204.8 LOAD: AVG 9.22189 MAX 9.43375  PROXIES: TOTAL 755 MAXPE 33 MAXPATCH 4 RefineTorusLB 1.6347
LDB: ============== END OF LOAD BALANCING =============== 25204.8

PRESSURE: 245000 -14374.9 47.3217 22.4254 -14.5827 -14717.8 1.37184 49.4303 41.0669 -14506.7
GPRESSURE: 245000 154.058 -42.8132 20.1637 -36.6347 -274.412 -70.997 131.711 15.7531 -83.8199
PRESSAVG: 245000 -20.7807 -1.63508 13.8867 -11.3749 27.1899 10.0381 8.14444 15.5624 3.184
GPRESSAVG: 245000 -20.869 -1.50024 13.8408 -11.4571 27.3403 9.92436 8.05696 15.3497 3.15374
TIMING: 245000  CPU: 22386.1, 0.0912589/step  Wall: 25235.5, 0.102733/step, 0.142685 hours remaining, 166.830292 MB of memory in use.
ENERGY:  245000      8957.1812     44988.3447     30773.9264       585.4197        -607362.5739     24525.0557       245.0686         0.0000    147249.2960        -350038.2816       309.4708   -497287.5776   -349676.9721       310.1315         -14533.1170       -68.0580   2190975.7311         3.1977         3.2084

WRITING EXTENDED SYSTEM TO RESTART FILE AT STEP 245000
WRITING COORDINATES TO DCD FILE AT STEP 245000
WRITING COORDINATES TO RESTART FILE AT STEP 245000
FINISHED WRITING RESTART COORDINATES
WRITING VELOCITIES TO RESTART FILE AT STEP 245000
FINISHED WRITING RESTART VELOCITIES
LDB: ============= START OF LOAD BALANCING ============== 25604.1
LDB: ============== END OF LOAD BALANCING =============== 25604.1

LDB: ============= START OF LOAD BALANCING ============== 25614.8
LDB: TIME 25614.8 LOAD: AVG 9.21226 MAX 9.50367  PROXIES: TOTAL 755 MAXPE 33 MAXPATCH 4 None 1.61392
LDB: TIME 25614.8 LOAD: AVG 9.21226 MAX 9.50367  PROXIES: TOTAL 755 MAXPE 33 MAXPATCH 4 RefineTorusLB 1.61392
LDB: ============== END OF LOAD BALANCING =============== 25614.8

PRESSURE: 250000 -14618.7 183.474 12.5612 218.767 -14733 -107.924 2.32197 -87.5117 -14490.5
GPRESSURE: 250000 -105.295 27.2513 -33.8738 169.173 -281.78 -57.8146 -37.0543 -164.44 -116.196
PRESSAVG: 250000 2.49351 -11.1832 4.17478 -7.14794 -2.87405 -12.4256 -4.61624 6.29014 6.67843
GPRESSAVG: 250000 2.46914 -11.2528 4.25143 -7.10353 -2.73012 -12.509 -4.7941 6.36647 6.67737
TIMING: 250000  CPU: 22843.2, 0.0914275/step  Wall: 25747.4, 0.102372/step, 0 hours remaining, 166.147583 MB of memory in use.
ETITLE:      TS           BOND          ANGLE          DIHED          IMPRP               ELECT            VDW       BOUNDARY           MISC        KINETIC               TOTAL           TEMP      POTENTIAL         TOTAL3        TEMPAVG            PRESSURE      GPRESSURE         VOLUME       PRESSAVG      GPRESSAVG

ENERGY:  250000      8918.6416     44795.6513     30692.4984       587.7997        -607150.8390     23959.7221       242.6668         0.0000    147157.9089        -350795.9502       309.2787   -497953.8591   -350424.0317       309.6523         -14614.0997      -167.7571   2191298.8512         2.0993         2.1388

WRITING EXTENDED SYSTEM TO RESTART FILE AT STEP 250000
WRITING COORDINATES TO DCD FILE AT STEP 250000
WRITING COORDINATES TO RESTART FILE AT STEP 250000
FINISHED WRITING RESTART COORDINATES
WRITING VELOCITIES TO RESTART FILE AT STEP 250000
FINISHED WRITING RESTART VELOCITIES
WRITING EXTENDED SYSTEM TO OUTPUT FILE AT STEP 250000
CLOSING EXTENDED SYSTEM TRAJECTORY FILE
WRITING COORDINATES TO OUTPUT FILE AT STEP 250000
CLOSING COORDINATE DCD FILE
WRITING VELOCITIES TO OUTPUT FILE AT STEP 250000
====================================================

WallClock: 25780.175781  CPUTime: 22872.363281  Memory: 163.267944 MB
