15406: Mon May 12 02:12:32 EDT 2014: Entering /tmp/25005.1.standard.q/ssh with args node046.pug.mib.pbtech -l jam2079 /bin/sh -f
15405: Mon May 12 02:12:32 EDT 2014: Entering /tmp/25005.1.standard.q/ssh with args node080.pug.mib.pbtech -l jam2079 /bin/sh -f
15409: Mon May 12 02:12:32 EDT 2014: Entering /tmp/25005.1.standard.q/ssh with args node080.pug.mib.pbtech -l jam2079 /bin/sh -f
15415: Mon May 12 02:12:32 EDT 2014: Entering /tmp/25005.1.standard.q/ssh with args node080.pug.mib.pbtech -l jam2079 /bin/sh -f
15407: Mon May 12 02:12:32 EDT 2014: Entering /tmp/25005.1.standard.q/ssh with args node080.pug.mib.pbtech -l jam2079 /bin/sh -f
15404: Mon May 12 02:12:32 EDT 2014: Entering /tmp/25005.1.standard.q/ssh with args node046.pug.mib.pbtech -l jam2079 /bin/sh -f
15408: Mon May 12 02:12:32 EDT 2014: Entering /tmp/25005.1.standard.q/ssh with args node046.pug.mib.pbtech -l jam2079 /bin/sh -f
15419: Mon May 12 02:12:32 EDT 2014: Entering /tmp/25005.1.standard.q/ssh with args node080.pug.mib.pbtech -l jam2079 /bin/sh -f
15411: Mon May 12 02:12:32 EDT 2014: Entering /tmp/25005.1.standard.q/ssh with args node080.pug.mib.pbtech -l jam2079 /bin/sh -f
15413: Mon May 12 02:12:32 EDT 2014: Exiting /tmp/25005.1.standard.q/ssh
15399: Mon May 12 02:12:34 EDT 2014: Exiting /tmp/25005.1.standard.q/ssh
15410: Mon May 12 02:12:35 EDT 2014: Exiting /tmp/25005.1.standard.q/ssh
15417: Mon May 12 02:12:35 EDT 2014: Exiting /tmp/25005.1.standard.q/ssh
15412: Mon May 12 02:12:36 EDT 2014: Exiting /tmp/25005.1.standard.q/ssh
15405: Mon May 12 02:12:36 EDT 2014: Exiting /tmp/25005.1.standard.q/ssh
15404: Mon May 12 02:12:39 EDT 2014: Exiting /tmp/25005.1.standard.q/ssh
15401: Mon May 12 02:12:40 EDT 2014: Exiting /tmp/25005.1.standard.q/ssh
15409: Mon May 12 02:12:41 EDT 2014: Exiting /tmp/25005.1.standard.q/ssh
15400: Mon May 12 02:12:41 EDT 2014: Exiting /tmp/25005.1.standard.q/ssh
15407: Mon May 12 02:12:42 EDT 2014: Exiting /tmp/25005.1.standard.q/ssh
15403: Mon May 12 02:12:43 EDT 2014: Exiting /tmp/25005.1.standard.q/ssh
15402: Mon May 12 02:12:45 EDT 2014: Exiting /tmp/25005.1.standard.q/ssh
15406: Mon May 12 02:12:45 EDT 2014: Exiting /tmp/25005.1.standard.q/ssh
15419: Mon May 12 02:12:46 EDT 2014: Exiting /tmp/25005.1.standard.q/ssh
15411: Mon May 12 02:12:46 EDT 2014: Exiting /tmp/25005.1.standard.q/ssh
15414: Mon May 12 02:12:47 EDT 2014: Exiting /tmp/25005.1.standard.q/ssh
15418: Mon May 12 02:12:49 EDT 2014: Exiting /tmp/25005.1.standard.q/ssh
15396: Mon May 12 02:12:50 EDT 2014: Exiting /tmp/25005.1.standard.q/ssh
15415: Mon May 12 02:12:52 EDT 2014: Exiting /tmp/25005.1.standard.q/ssh
15408: Mon May 12 02:12:52 EDT 2014: Exiting /tmp/25005.1.standard.q/ssh
15416: Mon May 12 02:12:53 EDT 2014: Exiting /tmp/25005.1.standard.q/ssh
15398: Mon May 12 02:12:54 EDT 2014: Exiting /tmp/25005.1.standard.q/ssh
15397: Mon May 12 02:12:55 EDT 2014: Exiting /tmp/25005.1.standard.q/ssh
Warning> Randomization of stack pointer is turned on in kernel.
Charm++> synchronizing isomalloc memory region...
[0] consolidated Isomalloc memory region: 0x2ba740000000 - 0x7ffb00000000 (88423424 megs)
Charm++: scheduler running in netpoll mode.
Charm++> Running on 2 unique compute nodes (12-way SMP).
Charm++> Cpu topology info:
PE to node map: 0 1 0 1 0 1 0 1 0 1 0 1 0 1 0 1 0 1 0 1 0 1 0 1 
Node to PE map:
Chip #0: 0 2 4 6 8 10 12 14 16 18 20 22 
Chip #1: 1 3 5 7 9 11 13 15 17 19 21 23 
Charm++> cpu topology info is gathered in 0.045 seconds.
Info: NAMD 2.7 for Linux-x86_64
Info: 
Info: Please visit http://www.ks.uiuc.edu/Research/namd/
Info: and send feedback or bug reports to namd@ks.uiuc.edu
Info: 
Info: Please cite Phillips et al., J. Comp. Chem. 26:1781-1802 (2005)
Info: in all publications reporting results obtained with NAMD.
Info: 
Info: Based on Charm++/Converse 60202 for net-linux-x86_64
Info: Built Fri Jun 17 11:23:43 EDT 2011 by jason on node026.pug.pbtech
Info: 1 NAMD  2.7  Linux-x86_64  24    node046.pug.pbtech  jam2079
Info: Running on 24 processors.
Info: CPU topology information available.
Info: Charm++/Converse parallel runtime startup completed at 0.200508 s
Info: 1.64034 MB of memory in use based on CmiMemoryUsage
Info: Changed directory to phase2a
Info: Configuration file is rho_equil_phase2a5.np.in
TCL: Suspending until startup complete.
Info: EXTENDED SYSTEM FILE   /home/jam2079/Pathrover/3tt1/phase2a/dat_equil_phase2a4.restart.xsc
Info: SIMULATION PARAMETERS:
Info: TIMESTEP               1
Info: NUMBER OF STEPS        0
Info: STEPS PER CYCLE        20
Info: PERIODIC CELL BASIS 1  126.746 0 0
Info: PERIODIC CELL BASIS 2  0 132.08 0
Info: PERIODIC CELL BASIS 3  0 0 132.15
Info: PERIODIC CELL CENTER   39.571 42.926 -0.222
Info: WRAPPING ALL CLUSTERS AROUND PERIODIC BOUNDARIES ON OUTPUT.
Info: LOAD BALANCER  Centralized
Info: LOAD BALANCING STRATEGY  New Load Balancers -- ASB
Info: LDB PERIOD             4000 steps
Info: FIRST LDB TIMESTEP     100
Info: LAST LDB TIMESTEP     -1
Info: LDB BACKGROUND SCALING 1
Info: HOM BACKGROUND SCALING 1
Info: PME BACKGROUND SCALING 1
Info: MAX SELF PARTITIONS    20
Info: MAX PAIR PARTITIONS    8
Info: SELF PARTITION ATOMS   154
Info: SELF2 PARTITION ATOMS   154
Info: PAIR PARTITION ATOMS   318
Info: PAIR2 PARTITION ATOMS  637
Info: MIN ATOMS PER PATCH    100
Info: VELOCITY FILE          /home/jam2079/Pathrover/3tt1/phase2a/dat_equil_phase2a4.restart.vel
Info: CENTER OF MASS MOVING INITIALLY? NO
Info: DIELECTRIC             1
Info: EXCLUDE                SCALED ONE-FOUR
Info: 1-4 ELECTROSTATICS SCALED BY 1
Info: MODIFIED 1-4 VDW PARAMETERS WILL BE USED
Info: DCD FILENAME           ./dat_equil_phase2a5.np.dcd
Info: DCD FREQUENCY          5000
Info: DCD FIRST STEP         5000
Info: DCD FILE WILL CONTAIN UNIT CELL DATA
Info: XST FILENAME           ./dat_equil_phase2a5.np.xst
Info: XST FREQUENCY          5000
Info: NO VELOCITY DCD OUTPUT
Info: OUTPUT FILENAME        ./dat_equil_phase2a5.np
Info: RESTART FILENAME       ./dat_equil_phase2a5.np.restart
Info: RESTART FREQUENCY      5000
Info: BINARY RESTART FILES WILL BE USED
Info: SWITCHING ACTIVE
Info: SWITCHING ON           10
Info: SWITCHING OFF          12
Info: PAIRLIST DISTANCE      13.5
Info: PAIRLIST SHRINK RATE   0.01
Info: PAIRLIST GROW RATE     0.01
Info: PAIRLIST TRIGGER       0.3
Info: PAIRLISTS PER CYCLE    2
Info: PAIRLISTS ENABLED
Info: MARGIN                 1.5
Info: HYDROGEN GROUP CUTOFF  2.5
Info: PATCH DIMENSION        17.5
Info: ENERGY OUTPUT STEPS    5000
Info: CROSSTERM ENERGY INCLUDED IN DIHEDRAL
Info: TIMING OUTPUT STEPS    5000
Info: PRESSURE OUTPUT STEPS  5000
Info: HARMONIC CONSTRAINTS ACTIVE
Info: HARMONIC CONS EXP      2
Info: LANGEVIN DYNAMICS ACTIVE
Info: LANGEVIN TEMPERATURE   310
Info: LANGEVIN DAMPING COEFFICIENT IS 5 INVERSE PS
Info: LANGEVIN DYNAMICS NOT APPLIED TO HYDROGENS
Info: LANGEVIN PISTON PRESSURE CONTROL ACTIVE
Info:        TARGET PRESSURE IS 1.01325 BAR
Info:     OSCILLATION PERIOD IS 200 FS
Info:             DECAY TIME IS 50 FS
Info:     PISTON TEMPERATURE IS 310 K
Info:       PRESSURE CONTROL IS GROUP-BASED
Info:    INITIAL STRAIN RATE IS -1.34339e-05 -1.34339e-05 -1.17198e-05
Info:       CELL FLUCTUATION IS ANISOTROPIC
Info:     SHAPE OF CELL IS CONSTRAINED IN X-Y PLANE
Info: PARTICLE MESH EWALD (PME) ACTIVE
Info: PME TOLERANCE               1e-06
Info: PME EWALD COEFFICIENT       0.257952
Info: PME INTERPOLATION ORDER     4
Info: PME GRID DIMENSIONS         128 144 144
Info: PME MAXIMUM GRID SPACING    1
Info: Attempting to read FFTW data from FFTW_NAMD_2.7_Linux-x86_64.txt
Info: Optimizing 6 FFT steps.  1... 2... 3... 4... 5... 6...   Done.
Info: Writing FFTW data to FFTW_NAMD_2.7_Linux-x86_64.txt
Info: FULL ELECTROSTATIC EVALUATION FREQUENCY      4
Info: USING VERLET I (r-RESPA) MTS SCHEME.
Info: C1 SPLITTING OF LONG RANGE ELECTROSTATICS
Info: PLACING ATOMS IN PATCHES BY HYDROGEN GROUPS
Info: RIGID BONDS TO HYDROGEN : ALL
Info:         ERROR TOLERANCE : 1e-08
Info:          MAX ITERATIONS : 100
Info: RIGID WATER USING SETTLE ALGORITHM
Info: NONBONDED FORCES EVALUATED EVERY 2 STEPS
Info: RANDOM NUMBER SEED     1399875186
Info: USE HYDROGEN BONDS?    NO
Info: COORDINATE PDB         /home/jam2079/Pathrover/3tt1/phase2a/dat_equil_phase2a4.coor
Info: STRUCTURE FILE         /home/jam2079/Pathrover/3tt1/common/ionized.psf
Info: PARAMETER file: CHARMM format! 
Info: PARAMETERS             /home/jam2079/Pathrover/3tt1/common/parameters_all.prm
Info: USING ARITHMETIC MEAN TO COMBINE L-J SIGMA PARAMETERS
Info: BINARY COORDINATES     /home/jam2079/Pathrover/3tt1/phase2a/dat_equil_phase2a4.restart.coor
Info: SUMMARY OF PARAMETERS:
Info: 231 BONDS
Info: 615 ANGLES
Info: 936 DIHEDRAL
Info: 55 IMPROPER
Info: 6 CROSSTERM
Info: 152 VDW
Info: 0 VDW_PAIRS
Info: TIME FOR READING PSF FILE: 3.74172
Info: TIME FOR READING PDB FILE: 0.376659
Info: 
Info: Reading from binary file /home/jam2079/Pathrover/3tt1/phase2a/dat_equil_phase2a4.restart.coor
Info: ****************************
Info: STRUCTURE SUMMARY:
Info: 223945 ATOMS
Info: 174173 BONDS
Info: 193453 ANGLES
Info: 201079 DIHEDRALS
Info: 2283 IMPROPERS
Info: 0 CROSSTERMS
Info: 0 EXCLUSIONS
Info: 2063 CONSTRAINTS
Info: 192958 RIGID BONDS
Info: 478877 DEGREES OF FREEDOM
Info: 80205 HYDROGEN GROUPS
Info: 4 ATOMS IN LARGEST HYDROGEN GROUP
Info: 80205 MIGRATION GROUPS
Info: 4 ATOMS IN LARGEST MIGRATION GROUP
Info: TOTAL MASS = 1.33978e+06 amu
Info: TOTAL CHARGE = 5.37336e-05 e
Info: MASS DENSITY = 1.00567 g/cm^3
Info: ATOM DENSITY = 0.101229 atoms/A^3
Info: *****************************
Info: 
Info: Entering startup at 30.6446 s, 62.5501 MB of memory in use
Info: Startup phase 0 took 0.0614481 s, 62.5495 MB of memory in use
Info: Startup phase 1 took 1.695 s, 107.911 MB of memory in use
Info: Startup phase 2 took 0.0449641 s, 109.625 MB of memory in use
Info: PATCH GRID IS 7 (PERIODIC) BY 7 (PERIODIC) BY 7 (PERIODIC)
Info: PATCH GRID IS 1-AWAY BY 1-AWAY BY 1-AWAY
Info: Reading from binary file /home/jam2079/Pathrover/3tt1/phase2a/dat_equil_phase2a4.restart.vel
Info: REMOVING COM VELOCITY 0.00870188 -0.0254658 -0.000241471
Info: LARGEST PATCH (232) HAS 740 ATOMS
Info: Startup phase 3 took 0.19509 s, 145.318 MB of memory in use
Info: PME using 22 and 24 processors for FFT and reciprocal sum.
Info: PME GRID LOCATIONS: 1 2 3 4 5 6 7 8 9 10 ...
Info: PME TRANS LOCATIONS: 0 1 2 3 4 5 6 7 8 9 ...
Info: Optimizing 4 FFT steps.  1... 2... 3... 4...   Done.
Info: Startup phase 4 took 0.0591068 s, 146.289 MB of memory in use
Info: Startup phase 5 took 0.082922 s, 113.393 MB of memory in use
LDB: Central LB being created...
Info: Startup phase 6 took 2.42223 s, 113.45 MB of memory in use
Info: CREATING 12987 COMPUTE OBJECTS
Info: useSync: 1 useProxySync: 0
Info: NONBONDED TABLE R-SQUARED SPACING: 0.0625
Info: NONBONDED TABLE SIZE: 769 POINTS
Info: Startup phase 7 took 0.048527 s, 117.11 MB of memory in use
Info: Startup phase 8 took 0.000288963 s, 119.128 MB of memory in use
Info: Finished startup at 35.2541 s, 119.128 MB of memory in use

TCL: Running for 250000 steps
PRESSURE: 0 -14247.3 33.5352 73.1109 37.2872 -14213.8 23.221 36.5254 32.5647 -14545.1
GPRESSURE: 0 144.838 23.8008 12.726 112.745 156.261 27.1679 44.5981 21.0854 -177.848
ETITLE:      TS           BOND          ANGLE          DIHED          IMPRP               ELECT            VDW       BOUNDARY           MISC        KINETIC               TOTAL           TEMP      POTENTIAL         TOTAL3        TEMPAVG            PRESSURE      GPRESSURE         VOLUME       PRESSAVG      GPRESSAVG

ENERGY:       0      8932.6802     44628.9024     30875.9726       572.2013        -608503.2373     25829.2579       266.4564         0.0000    147480.3541        -349917.4126       309.9564   -497397.7667   -349554.7298       309.9564         -14335.3704        41.0840   2212271.8335    -14335.3704        41.0840

OPENING EXTENDED SYSTEM TRAJECTORY FILE
LDB: ============= START OF LOAD BALANCING ============== 45.6059
LDB: ============== END OF LOAD BALANCING =============== 45.6065

Info: Initial time: 24 CPUs 0.102138 s/step 1.18216 days/ns 144.076 MB memory
LDB: ============= START OF LOAD BALANCING ============== 56.1924
LDB: TIME 56.2268 LOAD: AVG 9.20093 MAX 10.1363  PROXIES: TOTAL 759 MAXPE 33 MAXPATCH 4 None 1.65875
LDB: TIME 56.3099 LOAD: AVG 9.20093 MAX 9.21148  PROXIES: TOTAL 759 MAXPE 33 MAXPATCH 4 TorusLB 1.65875
LDB: TIME 56.3101 LOAD: AVG 9.20093 MAX 9.21148  PROXIES: TOTAL 759 MAXPE 33 MAXPATCH 4 TorusLB 1.65875
LDB: ============== END OF LOAD BALANCING =============== 56.3401

Info: Initial time: 24 CPUs 0.104458 s/step 1.20901 days/ns 142.609 MB memory
LDB: ============= START OF LOAD BALANCING ============== 66.7753
LDB: TIME 66.819 LOAD: AVG 9.27226 MAX 9.46049  PROXIES: TOTAL 759 MAXPE 33 MAXPATCH 4 None 1.69244
LDB: TIME 66.8388 LOAD: AVG 9.27226 MAX 9.46049  PROXIES: TOTAL 759 MAXPE 33 MAXPATCH 4 RefineTorusLB 1.69244
LDB: ============== END OF LOAD BALANCING =============== 66.8424

Info: Initial time: 24 CPUs 0.102421 s/step 1.18543 days/ns 143.894 MB memory
LDB: ============= START OF LOAD BALANCING ============== 77.3637
LDB: TIME 77.37 LOAD: AVG 9.27545 MAX 9.51605  PROXIES: TOTAL 759 MAXPE 33 MAXPATCH 4 None 1.69677
LDB: TIME 77.3855 LOAD: AVG 9.27545 MAX 9.51605  PROXIES: TOTAL 759 MAXPE 33 MAXPATCH 4 RefineTorusLB 1.69677
LDB: ============== END OF LOAD BALANCING =============== 77.3883

Info: Benchmark time: 24 CPUs 0.103443 s/step 1.19726 days/ns 144.136 MB memory
Info: Benchmark time: 24 CPUs 0.103574 s/step 1.19878 days/ns 144.961 MB memory
Info: Benchmark time: 24 CPUs 0.106022 s/step 1.22711 days/ns 144.534 MB memory
LDB: ============= START OF LOAD BALANCING ============== 485.588
LDB: ============== END OF LOAD BALANCING =============== 485.589

LDB: ============= START OF LOAD BALANCING ============== 496.216
LDB: TIME 496.249 LOAD: AVG 9.28218 MAX 9.69667  PROXIES: TOTAL 759 MAXPE 33 MAXPATCH 4 None 1.67876
LDB: TIME 496.269 LOAD: AVG 9.28218 MAX 9.69667  PROXIES: TOTAL 759 MAXPE 33 MAXPATCH 4 RefineTorusLB 1.67876
LDB: ============== END OF LOAD BALANCING =============== 496.272

PRESSURE: 5000 -14521.2 -4.55832 31.0487 26.2814 -14414.9 21.5347 24.9987 4.07539 -14430.3
GPRESSURE: 5000 -3.32324 15.3944 -86.2955 15.736 -27.0582 -39.421 -2.79118 71.8679 -116.043
PRESSAVG: 5000 -0.737678 3.85057 -19.4234 4.83425 4.52457 -9.15352 -3.08426 3.35644 -7.96897
GPRESSAVG: 5000 -0.904005 3.96627 -19.4652 4.9032 4.68504 -9.20319 -2.95239 3.3057 -7.99167
TIMING: 5000  CPU: 457.91, 0.0915123/step  Wall: 524.284, 0.104757/step, 7.12932 hours remaining, 164.452072 MB of memory in use.
ENERGY:    5000      8980.5790     45045.8002     30801.7261       578.6058        -607376.7944     24946.0316       260.6516         0.0000    147026.2004        -349737.1998       309.0019   -496763.4001   -349370.4859       309.6345         -14455.4462       -48.8080   2202923.4882        -1.3940        -1.4035

WRITING EXTENDED SYSTEM TO RESTART FILE AT STEP 5000
OPENING COORDINATE DCD FILE
WRITING COORDINATES TO DCD FILE AT STEP 5000
WRITING COORDINATES TO RESTART FILE AT STEP 5000
FINISHED WRITING RESTART COORDINATES
WRITING VELOCITIES TO RESTART FILE AT STEP 5000
FINISHED WRITING RESTART VELOCITIES
LDB: ============= START OF LOAD BALANCING ============== 905.104
LDB: ============== END OF LOAD BALANCING =============== 905.105

LDB: ============= START OF LOAD BALANCING ============== 915.847
LDB: TIME 915.853 LOAD: AVG 9.35471 MAX 9.67691  PROXIES: TOTAL 759 MAXPE 33 MAXPATCH 4 None 1.69374
LDB: TIME 915.873 LOAD: AVG 9.35471 MAX 9.67691  PROXIES: TOTAL 759 MAXPE 33 MAXPATCH 4 RefineTorusLB 1.69374
LDB: ============== END OF LOAD BALANCING =============== 915.875

PRESSURE: 10000 -14547.6 40.3539 0.65638 33.0776 -14467.7 -76.9998 17.5442 -84.6896 -14455.7
GPRESSURE: 10000 -6.16991 -19.1215 -17.9822 -57.0596 -16.7277 -100.306 48.4627 -33.5209 -49.7728
PRESSAVG: 10000 -22.7266 -2.42163 0.0511524 -9.28342 24.6443 -2.18508 12.8448 10.6525 -3.51949
GPRESSAVG: 10000 -22.7337 -2.45384 0.0527201 -9.43167 24.6152 -2.17969 12.7679 10.7569 -3.51903
TIMING: 10000  CPU: 918.731, 0.0921642/step  Wall: 1049.23, 0.104989/step, 6.99924 hours remaining, 166.084702 MB of memory in use.
ENERGY:   10000      9049.8899     44869.8339     30823.4530       554.1364        -607927.4106     25025.3460       255.7930         0.0000    147056.1015        -350292.8571       309.0647   -497348.9586   -349920.4815       309.5772         -14490.3462       -24.2235   2195091.2689        -0.5339        -0.5458

WRITING EXTENDED SYSTEM TO RESTART FILE AT STEP 10000
WRITING COORDINATES TO DCD FILE AT STEP 10000
WRITING COORDINATES TO RESTART FILE AT STEP 10000
FINISHED WRITING RESTART COORDINATES
WRITING VELOCITIES TO RESTART FILE AT STEP 10000
FINISHED WRITING RESTART VELOCITIES
LDB: ============= START OF LOAD BALANCING ============== 1325.45
LDB: ============== END OF LOAD BALANCING =============== 1325.45

LDB: ============= START OF LOAD BALANCING ============== 1336.16
LDB: TIME 1336.19 LOAD: AVG 9.35999 MAX 9.6115  PROXIES: TOTAL 759 MAXPE 33 MAXPATCH 4 None 1.7062
LDB: TIME 1336.21 LOAD: AVG 9.35999 MAX 9.6115  PROXIES: TOTAL 759 MAXPE 33 MAXPATCH 4 RefineTorusLB 1.7062
LDB: ============== END OF LOAD BALANCING =============== 1336.22

PRESSURE: 15000 -14633.1 75.5397 -124.259 51.5243 -14535.2 -127.281 -152.502 -65.4629 -14504
GPRESSURE: 15000 -103.461 24.7186 -75.6571 26.7114 -91.2637 -93.5266 -143.735 -37.8875 8.45679
PRESSAVG: 15000 1.23164 3.16157 -13.7327 -3.27424 8.0498 1.10854 -7.46032 14.6456 2.46382
GPRESSAVG: 15000 1.18769 3.1855 -13.5704 -3.36304 8.14212 1.07938 -7.60111 14.7648 2.53404
TIMING: 15000  CPU: 1378.84, 0.0920216/step  Wall: 1574.38, 0.10503/step, 6.85611 hours remaining, 165.414230 MB of memory in use.
ENERGY:   15000      8877.3073     45038.8039     30778.8748       539.5748        -608355.1657     24759.6225       267.7994         0.0000    147117.6468        -350975.5362       309.1941   -498093.1830   -350589.5880       309.8087         -14557.4590       -62.0894   2194374.3484         3.9151         3.9546

WRITING EXTENDED SYSTEM TO RESTART FILE AT STEP 15000
WRITING COORDINATES TO DCD FILE AT STEP 15000
WRITING COORDINATES TO RESTART FILE AT STEP 15000
FINISHED WRITING RESTART COORDINATES
WRITING VELOCITIES TO RESTART FILE AT STEP 15000
FINISHED WRITING RESTART VELOCITIES
LDB: ============= START OF LOAD BALANCING ============== 1745.56
LDB: ============== END OF LOAD BALANCING =============== 1745.56

LDB: ============= START OF LOAD BALANCING ============== 1756.27
LDB: TIME 1756.3 LOAD: AVG 9.34959 MAX 9.62184  PROXIES: TOTAL 759 MAXPE 33 MAXPATCH 4 None 1.69969
LDB: TIME 1756.32 LOAD: AVG 9.34959 MAX 9.62184  PROXIES: TOTAL 759 MAXPE 33 MAXPATCH 4 RefineTorusLB 1.69969
LDB: ============== END OF LOAD BALANCING =============== 1756.32

PRESSURE: 20000 -14570.3 17.3707 80.4061 26.1635 -14441.7 90.7194 97.9185 67.3366 -14609.3
GPRESSURE: 20000 -27.484 68.3505 91.5297 11.0531 -37.3813 140.095 162.768 40.2972 -119.206
PRESSAVG: 20000 11.0102 -1.67759 -3.76021 -3.24641 -8.45316 -5.34997 -3.04685 20.1336 5.59316
GPRESSAVG: 20000 11.1298 -1.78402 -3.88518 -3.17849 -8.48817 -5.17226 -3.10334 20.1868 5.63569
TIMING: 20000  CPU: 1839.7, 0.092173/step  Wall: 2098.63, 0.104851/step, 6.69884 hours remaining, 166.969193 MB of memory in use.
ENERGY:   20000      8965.7000     45138.1449     30845.9907       558.2188        -608436.8415     24879.2962       271.8870         0.0000    147058.4897        -350719.1141       309.0698   -497777.6038   -350367.5785       309.3782         -14540.3989       -61.3573   2195817.3596         2.7167         2.7591

WRITING EXTENDED SYSTEM TO RESTART FILE AT STEP 20000
WRITING COORDINATES TO DCD FILE AT STEP 20000
WRITING COORDINATES TO RESTART FILE AT STEP 20000
FINISHED WRITING RESTART COORDINATES
WRITING VELOCITIES TO RESTART FILE AT STEP 20000
FINISHED WRITING RESTART VELOCITIES
LDB: ============= START OF LOAD BALANCING ============== 2165.18
LDB: ============== END OF LOAD BALANCING =============== 2165.18

LDB: ============= START OF LOAD BALANCING ============== 2175.92
LDB: TIME 2175.95 LOAD: AVG 9.3553 MAX 9.64968  PROXIES: TOTAL 759 MAXPE 33 MAXPATCH 4 None 1.70172
LDB: TIME 2175.97 LOAD: AVG 9.3553 MAX 9.64968  PROXIES: TOTAL 759 MAXPE 33 MAXPATCH 4 RefineTorusLB 1.70172
LDB: ============== END OF LOAD BALANCING =============== 2175.98

LDB: ============= START OF LOAD BALANCING ============== 2585.38
LDB: ============== END OF LOAD BALANCING =============== 2585.39

LDB: ============= START OF LOAD BALANCING ============== 2596.11
LDB: TIME 2596.14 LOAD: AVG 9.34905 MAX 9.66278  PROXIES: TOTAL 759 MAXPE 33 MAXPATCH 4 None 1.69489
LDB: TIME 2596.16 LOAD: AVG 9.34905 MAX 9.66278  PROXIES: TOTAL 759 MAXPE 33 MAXPATCH 4 RefineTorusLB 1.69489
LDB: ============== END OF LOAD BALANCING =============== 2596.16

WRITING COORDINATES TO DCD FILE AT STEP 25000
WRITING COORDINATES TO RESTART FILE AT STEP 25000
FINISHED WRITING RESTART COORDINATES
WRITING VELOCITIES TO RESTART FILE AT STEP 25000
FINISHED WRITING RESTART VELOCITIES
PRESSURE: 25000 -14221.4 33.419 -117.459 -1.8112 -14479.2 -7.49109 -200.177 -10.3674 -14386.7
GPRESSURE: 25000 68.709 47.9448 -140.007 40.4998 26.6079 39.8631 -169.08 -48.4604 46.1778
PRESSAVG: 25000 15.7649 -0.285249 9.23024 -12.5504 -13.9042 15.2111 -11.0102 9.5456 -3.06631
GPRESSAVG: 25000 15.653 -0.339355 9.20822 -12.6192 -13.8332 15.3343 -10.9293 9.56174 -2.96036
TIMING: 25000  CPU: 2299.54, 0.091968/step  Wall: 2624.63, 0.105199/step, 6.57494 hours remaining, 164.692886 MB of memory in use.
ENERGY:   25000      8825.9047     45059.4038     30875.8807       595.1458        -606336.6748     24194.8774       248.1134         0.0000    146799.6672        -349737.6817       308.5258   -496537.3489   -349379.1601       310.0403         -14362.4389        47.1649   2196933.7532        -0.4019        -0.3802

WRITING EXTENDED SYSTEM TO RESTART FILE AT STEP 25000
LDB: ============= START OF LOAD BALANCING ============== 3005.05
LDB: ============== END OF LOAD BALANCING =============== 3005.05

LDB: ============= START OF LOAD BALANCING ============== 3015.78
LDB: TIME 3015.81 LOAD: AVG 9.35183 MAX 9.66634  PROXIES: TOTAL 759 MAXPE 33 MAXPATCH 4 None 1.69104
LDB: TIME 3015.83 LOAD: AVG 9.35183 MAX 9.66634  PROXIES: TOTAL 759 MAXPE 33 MAXPATCH 4 RefineTorusLB 1.69104
LDB: ============== END OF LOAD BALANCING =============== 3015.83

PRESSURE: 30000 -14479.7 21.2607 210.573 3.41952 -14595.1 -59.2922 191.343 -32.9378 -14469.7
GPRESSURE: 30000 62.1417 18.2142 157.28 -11.4981 -116.521 -12.2077 189.936 21.5336 -110.017
PRESSAVG: 30000 6.35835 4.91643 -1.21695 3.63823 -1.77935 -0.0140969 -5.30842 16.3888 4.3018
GPRESSAVG: 30000 6.51978 4.92045 -1.30449 3.52413 -1.76751 -0.0395727 -5.19762 16.5028 4.20828
TIMING: 30000  CPU: 2760.08, 0.0921074/step  Wall: 3149.46, 0.104966/step, 6.41461 hours remaining, 164.959885 MB of memory in use.
ENERGY:   30000      9091.6633     45174.2565     30822.0348       541.0601        -607200.4608     24129.7485       249.3332         0.0000    147067.6400        -350124.7243       309.0890   -497192.3643   -349741.8747       310.2246         -14514.8306       -54.7989   2191942.1080         2.9603         2.9868

WRITING EXTENDED SYSTEM TO RESTART FILE AT STEP 30000
WRITING COORDINATES TO DCD FILE AT STEP 30000
WRITING COORDINATES TO RESTART FILE AT STEP 30000
FINISHED WRITING RESTART COORDINATES
WRITING VELOCITIES TO RESTART FILE AT STEP 30000
FINISHED WRITING RESTART VELOCITIES
LDB: ============= START OF LOAD BALANCING ============== 3426.33
LDB: ============== END OF LOAD BALANCING =============== 3426.34

LDB: ============= START OF LOAD BALANCING ============== 3437.17
LDB: TIME 3437.21 LOAD: AVG 9.37851 MAX 9.72336  PROXIES: TOTAL 759 MAXPE 33 MAXPATCH 4 None 1.71006
LDB: TIME 3437.24 LOAD: AVG 9.37851 MAX 9.72336  PROXIES: TOTAL 759 MAXPE 33 MAXPATCH 4 RefineTorusLB 1.71006
LDB: ============== END OF LOAD BALANCING =============== 3437.24

PRESSURE: 35000 -14316.7 81.0731 21.4203 94.3089 -14381.8 -140.589 50.561 -140.111 -14180.6
GPRESSURE: 35000 115.036 23.3025 100.243 60.675 97.016 -124.923 56.055 -110.82 276.768
PRESSAVG: 35000 0.11006 8.17994 8.83204 -2.79623 2.51816 -9.2271 11.0864 5.82468 1.01787
GPRESSAVG: 35000 -0.0583299 8.20485 8.81024 -2.87961 2.41249 -9.28178 10.9961 6.02115 1.13484
TIMING: 35000  CPU: 3220.81, 0.0921466/step  Wall: 3675.17, 0.105142/step, 6.27934 hours remaining, 166.209305 MB of memory in use.
ENERGY:   35000      8766.8511     44713.4090     30678.3052       556.0916        -606992.8256     24576.8353       249.4309         0.0000    146714.4890        -350737.4135       308.3468   -497451.9025   -350379.6225       310.0108         -14293.0518       162.9399   2191956.4183         1.2154         1.1630

WRITING EXTENDED SYSTEM TO RESTART FILE AT STEP 35000
WRITING COORDINATES TO DCD FILE AT STEP 35000
WRITING COORDINATES TO RESTART FILE AT STEP 35000
FINISHED WRITING RESTART COORDINATES
WRITING VELOCITIES TO RESTART FILE AT STEP 35000
FINISHED WRITING RESTART VELOCITIES
LDB: ============= START OF LOAD BALANCING ============== 3846.95
LDB: ============== END OF LOAD BALANCING =============== 3846.96

LDB: ============= START OF LOAD BALANCING ============== 3857.8
LDB: TIME 3857.83 LOAD: AVG 9.3827 MAX 9.73584  PROXIES: TOTAL 759 MAXPE 33 MAXPATCH 4 None 1.69772
LDB: TIME 3857.85 LOAD: AVG 9.3827 MAX 9.73584  PROXIES: TOTAL 759 MAXPE 33 MAXPATCH 4 RefineTorusLB 1.69772
LDB: ============== END OF LOAD BALANCING =============== 3857.85

PRESSURE: 40000 -14268.3 -0.0387973 36.4371 -5.75409 -14374 -79.8019 44.6719 -49.6737 -14254.2
GPRESSURE: 40000 260.94 70.8112 40.6695 16.5026 109.655 -35.4254 24.3836 39.9428 117.024
PRESSAVG: 40000 -7.97274 6.06745 -4.71273 3.46226 6.19207 -6.93968 -0.71547 2.66958 -1.04622
GPRESSAVG: 40000 -8.01722 6.27622 -4.61631 3.49951 6.13239 -6.86448 -0.541657 2.55068 -1.01214
TIMING: 40000  CPU: 3683.17, 0.0924707/step  Wall: 4201.54, 0.105273/step, 6.14095 hours remaining, 165.430801 MB of memory in use.
ENERGY:   40000      8833.1387     44687.8270     30830.6489       579.7304        -607347.5515     24873.6257       266.7858         0.0000    147383.9842        -349891.8109       309.7538   -497275.7951   -349540.1593       310.0054         -14298.8637       162.5396   2192167.1075        -0.9423        -0.9657

WRITING EXTENDED SYSTEM TO RESTART FILE AT STEP 40000
WRITING COORDINATES TO DCD FILE AT STEP 40000
WRITING COORDINATES TO RESTART FILE AT STEP 40000
FINISHED WRITING RESTART COORDINATES
WRITING VELOCITIES TO RESTART FILE AT STEP 40000
FINISHED WRITING RESTART VELOCITIES
LDB: ============= START OF LOAD BALANCING ============== 4268.04
LDB: ============== END OF LOAD BALANCING =============== 4268.04

LDB: ============= START OF LOAD BALANCING ============== 4278.74
LDB: TIME 4278.78 LOAD: AVG 9.35686 MAX 9.61425  PROXIES: TOTAL 759 MAXPE 33 MAXPATCH 4 None 1.70224
LDB: TIME 4278.8 LOAD: AVG 9.35686 MAX 9.61425  PROXIES: TOTAL 759 MAXPE 33 MAXPATCH 4 RefineTorusLB 1.70224
LDB: ============== END OF LOAD BALANCING =============== 4278.8

LDB: ============= START OF LOAD BALANCING ============== 4688.71
LDB: ============== END OF LOAD BALANCING =============== 4688.72

LDB: ============= START OF LOAD BALANCING ============== 4699.52
LDB: TIME 4699.56 LOAD: AVG 9.37414 MAX 9.75768  PROXIES: TOTAL 759 MAXPE 33 MAXPATCH 4 None 1.6995
LDB: TIME 4699.58 LOAD: AVG 9.37414 MAX 9.75768  PROXIES: TOTAL 759 MAXPE 33 MAXPATCH 4 RefineTorusLB 1.6995
LDB: ============== END OF LOAD BALANCING =============== 4699.58

PRESSURE: 45000 -14355.5 91.1123 3.2103 123.299 -14500.4 -103.151 -28.6963 -142.736 -14483.2
GPRESSURE: 45000 165.476 98.9755 21.3013 141.835 -13.4322 -23.8876 20.5073 -62.0339 -167.912
PRESSAVG: 45000 -14.2094 14.9142 -5.70829 20.9116 15.6624 -2.84194 2.81008 11.8874 -2.81833
GPRESSAVG: 45000 -14.204 14.9078 -5.69891 20.8141 15.8863 -2.98353 2.775 11.9902 -2.91288
TIMING: 45000  CPU: 4145.6, 0.0924869/step  Wall: 4728.04, 0.105299/step, 5.99622 hours remaining, 166.267593 MB of memory in use.
ENERGY:   45000      8951.6104     45137.3642     30805.5744       556.3447        -606114.9212     23966.0430       240.2145         0.0000    147050.9515        -349406.8184       309.0539   -496457.7699   -349056.4531       309.7344         -14446.3762        -5.2892   2193258.2515        -0.4551        -0.4102

WRITING EXTENDED SYSTEM TO RESTART FILE AT STEP 45000
WRITING COORDINATES TO DCD FILE AT STEP 45000
WRITING COORDINATES TO RESTART FILE AT STEP 45000
FINISHED WRITING RESTART COORDINATES
WRITING VELOCITIES TO RESTART FILE AT STEP 45000
FINISHED WRITING RESTART VELOCITIES
LDB: ============= START OF LOAD BALANCING ============== 5110.18
LDB: ============== END OF LOAD BALANCING =============== 5110.18

LDB: ============= START OF LOAD BALANCING ============== 5120.91
LDB: TIME 5120.95 LOAD: AVG 9.36735 MAX 9.6166  PROXIES: TOTAL 759 MAXPE 33 MAXPATCH 4 None 1.70475
LDB: TIME 5120.97 LOAD: AVG 9.36735 MAX 9.6166  PROXIES: TOTAL 759 MAXPE 33 MAXPATCH 4 RefineTorusLB 1.70475
LDB: ============== END OF LOAD BALANCING =============== 5120.97

PRESSURE: 50000 -14521.1 -156.76 -104.593 -157.612 -14344 -114.353 -64.487 -114.649 -14521.1
GPRESSURE: 50000 68.8638 -157.464 -46.6329 -111.239 103.983 -60.8872 -16.7809 -30.6408 -131.816
PRESSAVG: 50000 -8.94001 -1.21034 1.74305 -4.36327 15.6581 23.4634 9.4539 4.49764 0.37097
GPRESSAVG: 50000 -9.03111 -1.08846 1.81312 -4.55246 15.6846 23.4266 9.35074 4.48833 0.39911
TIMING: 50000  CPU: 4608.29, 0.0925369/step  Wall: 5254.01, 0.105195/step, 5.84418 hours remaining, 166.361435 MB of memory in use.
ETITLE:      TS           BOND          ANGLE          DIHED          IMPRP               ELECT            VDW       BOUNDARY           MISC        KINETIC               TOTAL           TEMP      POTENTIAL         TOTAL3        TEMPAVG            PRESSURE      GPRESSURE         VOLUME       PRESSAVG      GPRESSAVG

ENERGY:   50000      8981.1684     44849.6388     30938.7895       565.0718        -607900.4061     25089.1539       249.7544         0.0000    147154.0864        -350072.7431       309.2707   -497226.8295   -349703.5727       309.6464         -14462.0707        13.6769   2193082.7713         2.3630         2.3509

WRITING EXTENDED SYSTEM TO RESTART FILE AT STEP 50000
WRITING COORDINATES TO DCD FILE AT STEP 50000
WRITING COORDINATES TO RESTART FILE AT STEP 50000
FINISHED WRITING RESTART COORDINATES
WRITING VELOCITIES TO RESTART FILE AT STEP 50000
FINISHED WRITING RESTART VELOCITIES
LDB: ============= START OF LOAD BALANCING ============== 5530.53
LDB: ============== END OF LOAD BALANCING =============== 5530.53

LDB: ============= START OF LOAD BALANCING ============== 5541.24
LDB: TIME 5541.27 LOAD: AVG 9.38255 MAX 9.62184  PROXIES: TOTAL 759 MAXPE 33 MAXPATCH 4 None 1.71305
LDB: TIME 5541.29 LOAD: AVG 9.38255 MAX 9.62184  PROXIES: TOTAL 759 MAXPE 33 MAXPATCH 4 RefineTorusLB 1.71305
LDB: ============== END OF LOAD BALANCING =============== 5541.3

PRESSURE: 55000 -14651.5 203.14 25.6948 228.446 -14378.7 -19.6263 24.2932 -52.7207 -14392
GPRESSURE: 55000 -29.945 130.154 56.4309 237.563 59.5408 -122.84 1.52374 -111.155 70.6479
PRESSAVG: 55000 -16.9815 3.1973 14.4472 -7.46817 10.3015 3.20535 14.2798 2.2612 2.00129
GPRESSAVG: 55000 -17.0429 3.13769 14.2871 -7.40033 10.316 3.30469 14.5625 2.34278 2.10666
TIMING: 55000  CPU: 5071.01, 0.0925447/step  Wall: 5779.94, 0.105185/step, 5.69752 hours remaining, 166.136093 MB of memory in use.
ENERGY:   55000      9039.9870     44972.4873     30998.5434       570.7707        -608439.6329     24629.3970       240.2596         0.0000    147105.3832        -350882.8047       309.1683   -497988.1879   -350513.4982       309.7601         -14474.0409        33.4146   2189366.3336        -1.5596        -1.5401

WRITING EXTENDED SYSTEM TO RESTART FILE AT STEP 55000
WRITING COORDINATES TO DCD FILE AT STEP 55000
WRITING COORDINATES TO RESTART FILE AT STEP 55000
FINISHED WRITING RESTART COORDINATES
WRITING VELOCITIES TO RESTART FILE AT STEP 55000
FINISHED WRITING RESTART VELOCITIES
LDB: ============= START OF LOAD BALANCING ============== 5951.45
LDB: ============== END OF LOAD BALANCING =============== 5951.45

LDB: ============= START OF LOAD BALANCING ============== 5962.25
LDB: TIME 5962.29 LOAD: AVG 9.38731 MAX 9.77112  PROXIES: TOTAL 759 MAXPE 33 MAXPATCH 4 None 1.70841
LDB: TIME 5962.31 LOAD: AVG 9.38731 MAX 9.77112  PROXIES: TOTAL 759 MAXPE 33 MAXPATCH 4 RefineTorusLB 1.70841
LDB: ============== END OF LOAD BALANCING =============== 5962.31

PRESSURE: 60000 -14641.5 17.4575 -42.6789 -12.6155 -14631.1 -46.1921 -52.2908 16.5998 -14689.8
GPRESSURE: 60000 -164.247 62.6742 -118.223 15.7383 -209.65 -67.8535 2.92691 42.6242 -212.446
PRESSAVG: 60000 3.54727 -17.4488 6.49561 -15.1532 4.40521 2.01203 4.14699 7.7304 2.21743
GPRESSAVG: 60000 3.46297 -17.3665 6.44683 -14.998 4.31173 1.97445 3.99786 7.59104 2.21924
TIMING: 60000  CPU: 5532.57, 0.0923126/step  Wall: 6305.63, 0.105139/step, 5.54903 hours remaining, 166.947647 MB of memory in use.
ENERGY:   60000      9055.1545     44899.7750     30887.5827       572.4082        -607572.2245     24136.3829       248.5244         0.0000    146232.6288        -351539.7680       307.3341   -497772.3968   -351197.3829       309.9292         -14654.1378      -195.4475   2194058.1084         3.3900         3.3313

WRITING EXTENDED SYSTEM TO RESTART FILE AT STEP 60000
WRITING COORDINATES TO DCD FILE AT STEP 60000
WRITING COORDINATES TO RESTART FILE AT STEP 60000
FINISHED WRITING RESTART COORDINATES
WRITING VELOCITIES TO RESTART FILE AT STEP 60000
FINISHED WRITING RESTART VELOCITIES
LDB: ============= START OF LOAD BALANCING ============== 6372.34
LDB: ============== END OF LOAD BALANCING =============== 6372.34

LDB: ============= START OF LOAD BALANCING ============== 6383.1
LDB: TIME 6383.13 LOAD: AVG 9.35899 MAX 9.64474  PROXIES: TOTAL 759 MAXPE 33 MAXPATCH 4 None 1.70206
LDB: TIME 6383.15 LOAD: AVG 9.35899 MAX 9.64474  PROXIES: TOTAL 759 MAXPE 33 MAXPATCH 4 RefineTorusLB 1.70206
LDB: ============== END OF LOAD BALANCING =============== 6383.16

LDB: ============= START OF LOAD BALANCING ============== 6795.15
LDB: ============== END OF LOAD BALANCING =============== 6795.15

LDB: ============= START OF LOAD BALANCING ============== 6806.04
LDB: TIME 6806.04 LOAD: AVG 9.40254 MAX 10.0139  PROXIES: TOTAL 759 MAXPE 33 MAXPATCH 4 None 1.71173
LDB: TIME 6806.06 LOAD: AVG 9.40254 MAX 9.85939  PROXIES: TOTAL 759 MAXPE 33 MAXPATCH 4 RefineTorusLB 1.71173
LDB: ============== END OF LOAD BALANCING =============== 6806.06

PRESSURE: 65000 -14495.6 121.756 -54.5087 80.2131 -14251.9 47.2468 -77.7015 39.6695 -14523
GPRESSURE: 65000 71.9895 103.039 45.6709 43.7436 176.696 98.2962 20.2813 71.4326 -106.92
PRESSAVG: 65000 11.29 25.2884 10.4709 10.8654 -13.6346 -4.6646 7.20344 -3.48629 2.44634
GPRESSAVG: 65000 11.2029 25.3399 10.3234 10.972 -13.7531 -4.55773 7.18851 -3.52782 2.51417
TIMING: 65000  CPU: 5995.15, 0.0925143/step  Wall: 6834.15, 0.105703/step, 5.43196 hours remaining, 167.155899 MB of memory in use.
ENERGY:   65000      8947.9300     45053.9675     30780.7980       543.2119        -607377.5067     24644.2516       259.3336         0.0000    146603.7937        -350544.2203       308.1141   -497148.0140   -350186.2872       309.8395         -14423.4778        47.2550   2190892.7933         0.0339        -0.0120

WRITING EXTENDED SYSTEM TO RESTART FILE AT STEP 65000
WRITING COORDINATES TO DCD FILE AT STEP 65000
WRITING COORDINATES TO RESTART FILE AT STEP 65000
FINISHED WRITING RESTART COORDINATES
WRITING VELOCITIES TO RESTART FILE AT STEP 65000
FINISHED WRITING RESTART VELOCITIES
LDB: ============= START OF LOAD BALANCING ============== 7216.24
LDB: ============== END OF LOAD BALANCING =============== 7216.24

LDB: ============= START OF LOAD BALANCING ============== 7227.09
LDB: TIME 7227.12 LOAD: AVG 9.39117 MAX 9.63289  PROXIES: TOTAL 759 MAXPE 33 MAXPATCH 4 None 1.70525
LDB: TIME 7227.14 LOAD: AVG 9.39117 MAX 9.63289  PROXIES: TOTAL 759 MAXPE 33 MAXPATCH 4 RefineTorusLB 1.70525
LDB: ============== END OF LOAD BALANCING =============== 7227.14

PRESSURE: 70000 -14594.2 52.0595 -101.637 70.1119 -14348 -147.355 -135.811 -74.8239 -14224.3
GPRESSURE: 70000 8.1015 -0.524275 -33.0901 17.7963 79.2745 -71.4135 -64.3792 34.9197 133.279
PRESSAVG: 70000 -0.473484 16.19 20.2229 18.1315 -5.85795 -11.4292 -17.3867 0.979565 0.545024
GPRESSAVG: 70000 -0.404386 16.2671 20.1511 17.9833 -5.63114 -11.651 -17.1492 0.916791 0.434847
TIMING: 70000  CPU: 6457.34, 0.0924397/step  Wall: 7360.4, 0.10525/step, 5.26252 hours remaining, 165.802750 MB of memory in use.
ENERGY:   70000      8911.1980     44789.6582     30723.8865       581.6023        -606834.7329     24173.6191       250.3674         0.0000    146675.9859        -350728.4155       308.2659   -497404.4014   -350361.3145       309.7685         -14388.8170        73.5516   2190044.8147        -1.9288        -1.8669

WRITING EXTENDED SYSTEM TO RESTART FILE AT STEP 70000
WRITING COORDINATES TO DCD FILE AT STEP 70000
WRITING COORDINATES TO RESTART FILE AT STEP 70000
FINISHED WRITING RESTART COORDINATES
WRITING VELOCITIES TO RESTART FILE AT STEP 70000
FINISHED WRITING RESTART VELOCITIES
LDB: ============= START OF LOAD BALANCING ============== 7636.07
LDB: ============== END OF LOAD BALANCING =============== 7636.07

LDB: ============= START OF LOAD BALANCING ============== 7646.83
LDB: TIME 7646.86 LOAD: AVG 9.35447 MAX 9.60224  PROXIES: TOTAL 759 MAXPE 33 MAXPATCH 4 None 1.68372
LDB: TIME 7646.89 LOAD: AVG 9.35447 MAX 9.60224  PROXIES: TOTAL 759 MAXPE 33 MAXPATCH 4 RefineTorusLB 1.68372
LDB: ============== END OF LOAD BALANCING =============== 7646.89

PRESSURE: 75000 -14380.6 -28.7408 125.678 12.7721 -14507 -146.71 125.518 -140.101 -14576.3
GPRESSURE: 75000 39.7511 -75.3527 54.212 -37.0801 67.1747 -83.4525 200.576 -44.5297 -137.334
PRESSAVG: 75000 -9.855 -10.9633 19.1643 -15.9913 13.4197 -9.00748 2.43636 -7.60171 -2.62934
GPRESSAVG: 75000 -9.87391 -10.8927 19.0224 -16.1423 13.3882 -8.91335 2.41049 -7.68907 -2.6135
TIMING: 75000  CPU: 6917.93, 0.0921168/step  Wall: 7884.59, 0.104838/step, 5.09628 hours remaining, 167.350174 MB of memory in use.
ENERGY:   75000      8956.5373     44946.4914     30748.1177       588.5034        -607656.7866     24505.2487       249.1446         0.0000    147270.3511        -350392.3924       309.5150   -497662.7436   -350015.0115       309.7119         -14487.9455       -10.1361   2189223.2916         0.3118         0.3003

WRITING EXTENDED SYSTEM TO RESTART FILE AT STEP 75000
WRITING COORDINATES TO DCD FILE AT STEP 75000
WRITING COORDINATES TO RESTART FILE AT STEP 75000
FINISHED WRITING RESTART COORDINATES
WRITING VELOCITIES TO RESTART FILE AT STEP 75000
FINISHED WRITING RESTART VELOCITIES
LDB: ============= START OF LOAD BALANCING ============== 8055.53
LDB: ============== END OF LOAD BALANCING =============== 8055.53

LDB: ============= START OF LOAD BALANCING ============== 8066.25
LDB: TIME 8066.28 LOAD: AVG 9.35482 MAX 9.58198  PROXIES: TOTAL 759 MAXPE 33 MAXPATCH 4 None 1.6922
LDB: TIME 8066.3 LOAD: AVG 9.35482 MAX 9.58198  PROXIES: TOTAL 759 MAXPE 33 MAXPATCH 4 RefineTorusLB 1.6922
LDB: ============== END OF LOAD BALANCING =============== 8066.31

PRESSURE: 80000 -14540.7 14.4022 82.7641 33.1727 -14475.5 101.601 155.809 134.281 -14403.6
GPRESSURE: 80000 -62.1087 17.8192 2.366 -30.5497 100.835 109.877 122.16 103.267 13.1418
PRESSAVG: 80000 -11.157 -8.69854 6.54693 -17.1745 20.134 -1.98705 13.9381 1.80442 3.13345
GPRESSAVG: 80000 -11.0967 -8.60237 6.49066 -17.2309 20.183 -1.83116 13.7436 1.92713 3.10587
TIMING: 80000  CPU: 7379.3, 0.0922746/step  Wall: 8409.08, 0.104897/step, 4.95347 hours remaining, 165.852829 MB of memory in use.
ENERGY:   80000      8833.8323     44886.9250     30804.8319       563.5055        -607698.9647     24443.3271       250.6548         0.0000    146853.8107        -351062.0773       308.6396   -497915.8880   -350707.8037       309.8824         -14473.2707        17.2893   2189240.7129         4.0368         4.0641

WRITING EXTENDED SYSTEM TO RESTART FILE AT STEP 80000
WRITING COORDINATES TO DCD FILE AT STEP 80000
WRITING COORDINATES TO RESTART FILE AT STEP 80000
FINISHED WRITING RESTART COORDINATES
WRITING VELOCITIES TO RESTART FILE AT STEP 80000
FINISHED WRITING RESTART VELOCITIES
LDB: ============= START OF LOAD BALANCING ============== 8475.47
LDB: ============== END OF LOAD BALANCING =============== 8475.47

LDB: ============= START OF LOAD BALANCING ============== 8486.19
LDB: TIME 8486.23 LOAD: AVG 9.38938 MAX 9.7113  PROXIES: TOTAL 759 MAXPE 33 MAXPATCH 4 None 1.71106
LDB: TIME 8486.25 LOAD: AVG 9.38938 MAX 9.7113  PROXIES: TOTAL 759 MAXPE 33 MAXPATCH 4 RefineTorusLB 1.71106
LDB: ============== END OF LOAD BALANCING =============== 8486.25

LDB: ============= START OF LOAD BALANCING ============== 8895.45
LDB: ============== END OF LOAD BALANCING =============== 8895.45

LDB: ============= START OF LOAD BALANCING ============== 8906.1
LDB: TIME 8906.13 LOAD: AVG 9.34243 MAX 9.6062  PROXIES: TOTAL 759 MAXPE 33 MAXPATCH 4 None 1.68591
LDB: TIME 8906.16 LOAD: AVG 9.34243 MAX 9.6062  PROXIES: TOTAL 759 MAXPE 33 MAXPATCH 4 RefineTorusLB 1.68591
LDB: ============== END OF LOAD BALANCING =============== 8906.16

WRITING COORDINATES TO DCD FILE AT STEP 85000
WRITING COORDINATES TO RESTART FILE AT STEP 85000
FINISHED WRITING RESTART COORDINATES
WRITING VELOCITIES TO RESTART FILE AT STEP 85000
FINISHED WRITING RESTART VELOCITIES
PRESSURE: 85000 -14482.9 -51.3255 27.8097 -37.5005 -14273.8 36.9775 38.1171 52.2028 -14364.5
GPRESSURE: 85000 32.9915 -10.74 30.1176 -28.1351 257.098 -17.1843 48.8246 102.09 32.1201
PRESSAVG: 85000 -6.34087 0.930164 3.69362 0.844893 -2.08815 3.99446 10.8707 9.74733 2.79676
GPRESSAVG: 85000 -6.18383 1.10637 3.65665 0.835253 -2.16243 3.91278 10.8737 9.55622 2.83766
TIMING: 85000  CPU: 7841.48, 0.0924349/step  Wall: 8934.55, 0.105096/step, 4.81689 hours remaining, 164.821884 MB of memory in use.
ENERGY:   85000      8916.8921     44744.3111     30803.0673       567.8426        -607649.8774     24816.5484       250.6014         0.0000    146698.4388        -350852.1757       308.3130   -497550.6145   -350501.9194       309.6653         -14373.7243       107.4032   2190260.6108        -1.8774        -1.8362

WRITING EXTENDED SYSTEM TO RESTART FILE AT STEP 85000
LDB: ============= START OF LOAD BALANCING ============== 9316.26
LDB: ============== END OF LOAD BALANCING =============== 9316.26

LDB: ============= START OF LOAD BALANCING ============== 9327.08
LDB: TIME 9327.11 LOAD: AVG 9.39544 MAX 9.79454  PROXIES: TOTAL 759 MAXPE 33 MAXPATCH 4 None 1.70247
LDB: TIME 9327.13 LOAD: AVG 9.39544 MAX 9.79454  PROXIES: TOTAL 759 MAXPE 33 MAXPATCH 4 RefineTorusLB 1.70247
LDB: ============== END OF LOAD BALANCING =============== 9327.13

PRESSURE: 90000 -14492.4 9.11036 23.9782 -18.6194 -14374.6 71.4721 56.3303 76.3243 -14211.3
GPRESSURE: 90000 56.5735 58.375 -43.0207 -53.0634 205.766 125.462 39.4246 124.751 195.129
PRESSAVG: 90000 -23.4714 11.6046 3.10983 0.555591 21.6072 -9.66552 5.24482 -0.896345 4.49321
GPRESSAVG: 90000 -23.6455 11.4963 2.9528 0.592058 21.648 -9.76316 5.16271 -0.706136 4.67337
TIMING: 90000  CPU: 8304.37, 0.0925797/step  Wall: 9459.85, 0.10506/step, 4.66931 hours remaining, 166.672958 MB of memory in use.
ENERGY:   90000      8927.0195     44931.6407     30798.8791       570.5996        -608586.5206     24999.0035       233.2951         0.0000    147764.8554        -350361.2278       310.5543   -498126.0832   -349980.4090       309.9355         -14359.4145       152.4895   2188438.6342         0.8763         0.8920

WRITING EXTENDED SYSTEM TO RESTART FILE AT STEP 90000
WRITING COORDINATES TO DCD FILE AT STEP 90000
WRITING COORDINATES TO RESTART FILE AT STEP 90000
FINISHED WRITING RESTART COORDINATES
WRITING VELOCITIES TO RESTART FILE AT STEP 90000
FINISHED WRITING RESTART VELOCITIES
LDB: ============= START OF LOAD BALANCING ============== 9736.41
LDB: ============== END OF LOAD BALANCING =============== 9736.41

LDB: ============= START OF LOAD BALANCING ============== 9747.21
LDB: TIME 9747.24 LOAD: AVG 9.37823 MAX 9.73042  PROXIES: TOTAL 759 MAXPE 33 MAXPATCH 4 None 1.69437
LDB: TIME 9747.26 LOAD: AVG 9.37823 MAX 9.73042  PROXIES: TOTAL 759 MAXPE 33 MAXPATCH 4 RefineTorusLB 1.69437
LDB: ============== END OF LOAD BALANCING =============== 9747.26

PRESSURE: 95000 -14447.9 32.0325 113.174 0.877125 -14452.4 75.8145 83.582 7.40233 -14232.4
GPRESSURE: 95000 114.892 16.8626 93.0171 -26.9135 68.9694 11.5324 103.677 35.8934 213.053
PRESSAVG: 95000 -16.0851 35.5187 -8.13658 26.6507 21.8966 26.2738 -9.21046 8.20832 2.27685
GPRESSAVG: 95000 -16.1688 35.4689 -8.08331 26.7232 21.8303 26.2485 -9.18803 8.12892 2.30318
TIMING: 95000  CPU: 8767.74, 0.0926721/step  Wall: 9986.22, 0.105273/step, 4.53257 hours remaining, 165.500015 MB of memory in use.
ENERGY:   95000      8919.9075     44784.6353     30716.9904       563.5221        -608478.9713     25163.6931       258.4310         0.0000    147006.7085        -351065.0834       308.9609   -498071.7919   -350706.3765       309.8694         -14377.5872       132.3049   2187800.6282         2.6961         2.6549

WRITING EXTENDED SYSTEM TO RESTART FILE AT STEP 95000
WRITING COORDINATES TO DCD FILE AT STEP 95000
WRITING COORDINATES TO RESTART FILE AT STEP 95000
FINISHED WRITING RESTART COORDINATES
WRITING VELOCITIES TO RESTART FILE AT STEP 95000
FINISHED WRITING RESTART VELOCITIES
LDB: ============= START OF LOAD BALANCING ============== 10157.4
LDB: ============== END OF LOAD BALANCING =============== 10157.4

LDB: ============= START OF LOAD BALANCING ============== 10168.3
LDB: TIME 10168.3 LOAD: AVG 9.38546 MAX 9.78204  PROXIES: TOTAL 759 MAXPE 33 MAXPATCH 4 None 1.69841
LDB: TIME 10168.3 LOAD: AVG 9.38546 MAX 9.78204  PROXIES: TOTAL 759 MAXPE 33 MAXPATCH 4 RefineTorusLB 1.69841
LDB: ============== END OF LOAD BALANCING =============== 10168.3

WRITING COORDINATES TO DCD FILE AT STEP 100000
WRITING COORDINATES TO RESTART FILE AT STEP 100000
FINISHED WRITING RESTART COORDINATES
PRESSURE: 100000 -14544.1 -224.301 -39.278 -227.602 -14527.3 65.465 -69.7534 24.0018 -14307.2
GPRESSURE: 100000 12.3592 -135.544 -33.3126 -137.266 -10.6036 -15.2479 7.9432 -67.9228 18.5505
PRESSAVG: 100000 -11.1279 6.1269 33.7395 -7.35259 2.82995 6.56373 19.7058 -4.62278 3.97309
GPRESSAVG: 100000 -11.1032 6.16603 33.8026 -7.33855 2.80271 6.63803 19.6076 -4.65096 3.9685
TIMING: 100000  CPU: 9229.49, 0.0923506/step  Wall: 10511.4, 0.105042/step, 4.37673 hours remaining, 166.073532 MB of memory in use.
ETITLE:      TS           BOND          ANGLE          DIHED          IMPRP               ELECT            VDW       BOUNDARY           MISC        KINETIC               TOTAL           TEMP      POTENTIAL         TOTAL3        TEMPAVG            PRESSURE      GPRESSURE         VOLUME       PRESSAVG      GPRESSAVG

ENERGY:  100000      8976.0675     45010.0512     30701.3684       578.6538        -607383.9923     24708.8201       249.4366         0.0000    147092.7491        -350066.8456       309.1418   -497159.5946   -349692.5236       309.8994         -14459.5365         6.7687   2190726.3248        -1.4416        -1.4440

WRITING EXTENDED SYSTEM TO RESTART FILE AT STEP 100000
WRITING VELOCITIES TO RESTART FILE AT STEP 100000
FINISHED WRITING RESTART VELOCITIES
LDB: ============= START OF LOAD BALANCING ============== 10577.8
LDB: ============== END OF LOAD BALANCING =============== 10577.8

LDB: ============= START OF LOAD BALANCING ============== 10588.7
LDB: TIME 10588.7 LOAD: AVG 9.39205 MAX 9.65296  PROXIES: TOTAL 759 MAXPE 33 MAXPATCH 4 None 1.69629
LDB: TIME 10588.7 LOAD: AVG 9.39205 MAX 9.65296  PROXIES: TOTAL 759 MAXPE 33 MAXPATCH 4 RefineTorusLB 1.69629
LDB: ============== END OF LOAD BALANCING =============== 10588.7

LDB: ============= START OF LOAD BALANCING ============== 10998
LDB: ============== END OF LOAD BALANCING =============== 10998

LDB: ============= START OF LOAD BALANCING ============== 11008.6
LDB: TIME 11008.7 LOAD: AVG 9.36027 MAX 9.68248  PROXIES: TOTAL 759 MAXPE 33 MAXPATCH 4 None 1.69459
LDB: TIME 11008.7 LOAD: AVG 9.36027 MAX 9.68248  PROXIES: TOTAL 759 MAXPE 33 MAXPATCH 4 RefineTorusLB 1.69459
LDB: ============== END OF LOAD BALANCING =============== 11008.7

PRESSURE: 105000 -14368.8 65.354 -55.9022 97.6666 -14369.9 21.6587 -19.351 38.7955 -14635.5
GPRESSURE: 105000 147.073 47.6371 -97.5071 42.0078 131.787 39.2686 15.3236 -8.07362 -136.643
PRESSAVG: 105000 8.9062 16.1006 13.0986 -1.90031 0.518341 -4.34777 8.91427 9.13682 3.46665
GPRESSAVG: 105000 8.95686 16.0904 13.0388 -2.09134 0.60829 -4.29079 9.02631 9.23056 3.52587
TIMING: 105000  CPU: 9692.43, 0.0925885/step  Wall: 11036.8, 0.105071/step, 4.23204 hours remaining, 168.203506 MB of memory in use.
ENERGY:  105000      8944.6692     45071.6258     30662.8042       593.0629        -608082.0024     24794.0545       242.7052         0.0000    146970.7124        -350802.3681       308.8853   -497773.0805   -350435.4340       310.1859         -14458.0746        47.4059   2188062.1866         4.2971         4.3637

WRITING EXTENDED SYSTEM TO RESTART FILE AT STEP 105000
WRITING COORDINATES TO DCD FILE AT STEP 105000
WRITING COORDINATES TO RESTART FILE AT STEP 105000
FINISHED WRITING RESTART COORDINATES
WRITING VELOCITIES TO RESTART FILE AT STEP 105000
FINISHED WRITING RESTART VELOCITIES
LDB: ============= START OF LOAD BALANCING ============== 11417.8
LDB: ============== END OF LOAD BALANCING =============== 11417.8

LDB: ============= START OF LOAD BALANCING ============== 11428.4
LDB: TIME 11428.4 LOAD: AVG 9.35812 MAX 9.6599  PROXIES: TOTAL 759 MAXPE 33 MAXPATCH 4 None 1.6893
LDB: TIME 11428.5 LOAD: AVG 9.35812 MAX 9.6599  PROXIES: TOTAL 759 MAXPE 33 MAXPATCH 4 RefineTorusLB 1.6893
LDB: ============== END OF LOAD BALANCING =============== 11428.5

PRESSURE: 110000 -14619.4 -27.7253 82.29 2.81322 -14507.8 -62.7013 37.6938 -96.7082 -14595.7
GPRESSURE: 110000 -89.5874 -10.5066 37.9679 64.3258 -101.949 -76.4299 -17.7502 -153.969 -121.082
PRESSAVG: 110000 -4.14076 12.7449 2.39632 10.7359 9.92654 1.47877 5.32764 -12.1615 2.003
GPRESSAVG: 110000 -4.36321 12.8674 2.25545 10.6984 9.95093 1.39938 5.55284 -12.2599 2.06628
TIMING: 110000  CPU: 10154.4, 0.0924018/step  Wall: 11561.6, 0.104974/step, 4.08231 hours remaining, 165.926743 MB of memory in use.
ENERGY:  110000      8969.9798     44874.2610     30790.9651       570.9542        -607145.9120     23912.7085       259.3198         0.0000    146524.2339        -351243.4896       307.9469   -497767.7235   -350889.2675       309.6819         -14574.2719      -104.2061   2191921.9805         2.5963         2.5513

WRITING EXTENDED SYSTEM TO RESTART FILE AT STEP 110000
WRITING COORDINATES TO DCD FILE AT STEP 110000
WRITING COORDINATES TO RESTART FILE AT STEP 110000
FINISHED WRITING RESTART COORDINATES
WRITING VELOCITIES TO RESTART FILE AT STEP 110000
FINISHED WRITING RESTART VELOCITIES
LDB: ============= START OF LOAD BALANCING ============== 11839
LDB: ============== END OF LOAD BALANCING =============== 11839

LDB: ============= START OF LOAD BALANCING ============== 11849.8
LDB: TIME 11849.8 LOAD: AVG 9.39501 MAX 9.71563  PROXIES: TOTAL 759 MAXPE 33 MAXPATCH 4 None 1.71144
LDB: TIME 11849.9 LOAD: AVG 9.39501 MAX 9.71563  PROXIES: TOTAL 759 MAXPE 33 MAXPATCH 4 RefineTorusLB 1.71144
LDB: ============== END OF LOAD BALANCING =============== 11849.9

PRESSURE: 115000 -14685.9 87.2041 96.8857 39.4875 -14393.6 113.989 78.2841 80.1836 -14477
GPRESSURE: 115000 -192.104 22.4552 73.8917 1.42499 69.6948 73.6283 5.7174 71.5783 -2.78623
PRESSAVG: 115000 2.69128 8.67451 8.06009 7.98755 2.82967 15.2014 14.8099 2.93917 -0.358327
GPRESSAVG: 115000 2.70673 8.62243 8.06905 8.03978 2.82165 15.2426 14.6601 3.1212 -0.317624
TIMING: 115000  CPU: 10618.9, 0.0928873/step  Wall: 12088.9, 0.105459/step, 3.95472 hours remaining, 165.906296 MB of memory in use.
ENERGY:  115000      8851.9578     44797.5542     30848.4304       561.6148        -607613.6763     24498.1316       255.0502         0.0000    146503.7710        -351297.1663       307.9039   -497800.9373   -350946.7062       309.5128         -14518.8211       -41.7320   2191110.0236         1.7209         1.7369

WRITING EXTENDED SYSTEM TO RESTART FILE AT STEP 115000
WRITING COORDINATES TO DCD FILE AT STEP 115000
WRITING COORDINATES TO RESTART FILE AT STEP 115000
FINISHED WRITING RESTART COORDINATES
WRITING VELOCITIES TO RESTART FILE AT STEP 115000
FINISHED WRITING RESTART VELOCITIES
LDB: ============= START OF LOAD BALANCING ============== 12260.3
LDB: ============== END OF LOAD BALANCING =============== 12260.3

LDB: ============= START OF LOAD BALANCING ============== 12270.9
LDB: TIME 12271 LOAD: AVG 9.35612 MAX 9.75886  PROXIES: TOTAL 759 MAXPE 33 MAXPATCH 4 None 1.69449
LDB: TIME 12271 LOAD: AVG 9.35612 MAX 9.75886  PROXIES: TOTAL 759 MAXPE 33 MAXPATCH 4 RefineTorusLB 1.69449
LDB: ============== END OF LOAD BALANCING =============== 12271

PRESSURE: 120000 -14312.9 57.1501 -24.8498 60.1439 -14420.1 53.0835 6.8602 22.2765 -14326.6
GPRESSURE: 120000 167.168 52.3881 31.8053 108.089 144.898 2.58489 11.8064 47.2185 72.1328
PRESSAVG: 120000 -15.3171 19.4839 0.570017 -1.49629 18.7871 17.9702 -5.31903 19.3942 5.15086
GPRESSAVG: 120000 -15.3791 19.6445 0.472724 -1.50445 18.8103 17.9208 -5.24643 19.4597 5.2719
TIMING: 120000  CPU: 11081.1, 0.0924415/step  Wall: 12614.8, 0.105177/step, 3.79806 hours remaining, 167.641556 MB of memory in use.
ENERGY:  120000      8931.1230     44943.0891     30761.1207       562.1218        -607289.0362     24245.2032       251.2400         0.0000    147297.3695        -350297.7689       309.5718   -497595.1384   -349921.1405       309.7935         -14353.2231       128.0661   2187687.3629         2.8736         2.9010

WRITING EXTENDED SYSTEM TO RESTART FILE AT STEP 120000
WRITING COORDINATES TO DCD FILE AT STEP 120000
WRITING COORDINATES TO RESTART FILE AT STEP 120000
FINISHED WRITING RESTART COORDINATES
WRITING VELOCITIES TO RESTART FILE AT STEP 120000
FINISHED WRITING RESTART VELOCITIES
LDB: ============= START OF LOAD BALANCING ============== 12681.5
LDB: ============== END OF LOAD BALANCING =============== 12681.5

LDB: ============= START OF LOAD BALANCING ============== 12692.3
LDB: TIME 12692.3 LOAD: AVG 9.3855 MAX 9.6886  PROXIES: TOTAL 759 MAXPE 33 MAXPATCH 4 None 1.70222
LDB: TIME 12692.3 LOAD: AVG 9.3855 MAX 9.6886  PROXIES: TOTAL 759 MAXPE 33 MAXPATCH 4 RefineTorusLB 1.70222
LDB: ============== END OF LOAD BALANCING =============== 12692.3

LDB: ============= START OF LOAD BALANCING ============== 13102.3
LDB: ============== END OF LOAD BALANCING =============== 13102.3

LDB: ============= START OF LOAD BALANCING ============== 13113
LDB: TIME 13113.1 LOAD: AVG 9.38615 MAX 9.6571  PROXIES: TOTAL 759 MAXPE 33 MAXPATCH 4 None 1.69754
LDB: TIME 13113.1 LOAD: AVG 9.38615 MAX 9.6571  PROXIES: TOTAL 759 MAXPE 33 MAXPATCH 4 RefineTorusLB 1.69754
LDB: ============== END OF LOAD BALANCING =============== 13113.1

PRESSURE: 125000 -14564.2 24.6004 -50.6423 -36.3105 -14369.5 61.0097 -32.0365 56.3075 -14516.4
GPRESSURE: 125000 -60.6544 -1.10025 76.6814 61.8024 101.367 73.6729 -19.8298 91.3182 -8.38935
PRESSAVG: 125000 -20.2097 10.3179 9.10231 7.11452 17.5585 15.1604 18.9802 6.77374 6.29796
GPRESSAVG: 125000 -20.2125 10.5119 9.07606 7.3793 17.4702 15.1036 18.843 6.80025 6.16996
TIMING: 125000  CPU: 11545.7, 0.0929305/step  Wall: 13141.6, 0.105358/step, 3.65827 hours remaining, 166.923996 MB of memory in use.
ENERGY:  125000      8935.9901     44859.5298     30822.8102       552.1634        -607544.0803     24572.0986       252.6599         0.0000    146740.8131        -350808.0152       308.4021   -497548.8283   -350431.7153       309.7175         -14483.3644        10.7743   2187151.1917         1.2156         1.1426

WRITING EXTENDED SYSTEM TO RESTART FILE AT STEP 125000
WRITING COORDINATES TO DCD FILE AT STEP 125000
WRITING COORDINATES TO RESTART FILE AT STEP 125000
FINISHED WRITING RESTART COORDINATES
WRITING VELOCITIES TO RESTART FILE AT STEP 125000
FINISHED WRITING RESTART VELOCITIES
LDB: ============= START OF LOAD BALANCING ============== 13522.9
LDB: ============== END OF LOAD BALANCING =============== 13522.9

LDB: ============= START OF LOAD BALANCING ============== 13533.7
LDB: TIME 13533.7 LOAD: AVG 9.38757 MAX 9.64648  PROXIES: TOTAL 759 MAXPE 33 MAXPATCH 4 None 1.70045
LDB: TIME 13533.7 LOAD: AVG 9.38757 MAX 9.64648  PROXIES: TOTAL 759 MAXPE 33 MAXPATCH 4 RefineTorusLB 1.70045
LDB: ============== END OF LOAD BALANCING =============== 13533.7

PRESSURE: 130000 -14506.8 10.606 6.75298 75.6288 -14582.1 6.77998 16.6526 -20.9693 -14188.3
GPRESSURE: 130000 -25.197 -132.503 63.702 3.87208 -98.7039 -35.8003 5.06723 -89.3181 185.549
PRESSAVG: 130000 -19.5888 1.43483 16.5086 -3.84913 8.49782 -10.2671 -3.60915 -15.7843 5.57929
GPRESSAVG: 130000 -19.5429 1.30038 16.5677 -3.99258 8.58769 -10.3185 -3.65415 -15.7149 5.60973
TIMING: 130000  CPU: 12008.6, 0.0925817/step  Wall: 13667.5, 0.105176/step, 3.50586 hours remaining, 167.026413 MB of memory in use.
ENERGY:  130000      9015.4019     45051.5641     30784.2205       569.8520        -607392.4741     24440.3534       248.3308         0.0000    147034.0062        -350248.7452       309.0183   -497282.7514   -349908.8167       309.8308         -14425.7496        20.5492   2194772.4868        -1.8372        -1.7818

WRITING EXTENDED SYSTEM TO RESTART FILE AT STEP 130000
WRITING COORDINATES TO DCD FILE AT STEP 130000
WRITING COORDINATES TO RESTART FILE AT STEP 130000
FINISHED WRITING RESTART COORDINATES
WRITING VELOCITIES TO RESTART FILE AT STEP 130000
FINISHED WRITING RESTART VELOCITIES
LDB: ============= START OF LOAD BALANCING ============== 13944
LDB: ============== END OF LOAD BALANCING =============== 13944

LDB: ============= START OF LOAD BALANCING ============== 13954.9
LDB: TIME 13954.9 LOAD: AVG 9.39453 MAX 9.6216  PROXIES: TOTAL 759 MAXPE 33 MAXPATCH 4 None 1.69755
LDB: TIME 13954.9 LOAD: AVG 9.39453 MAX 9.6216  PROXIES: TOTAL 759 MAXPE 33 MAXPATCH 4 RefineTorusLB 1.69755
LDB: ============== END OF LOAD BALANCING =============== 13954.9

PRESSURE: 135000 -14582.8 -7.1788 93.8965 -13.403 -14475.8 36.9717 133.925 -7.31185 -14557.4
GPRESSURE: 135000 -34.7946 69.7662 48.3976 -32.7117 8.28039 21.7276 81.1822 23.0124 -52.4691
PRESSAVG: 135000 2.71583 19.2196 -14.6595 10.7618 1.24426 -23.4671 -5.94777 -4.36714 3.56203
GPRESSAVG: 135000 2.73463 19.1962 -14.6705 10.7939 1.21399 -23.4555 -5.89341 -4.29382 3.59198
TIMING: 135000  CPU: 12472, 0.0926755/step  Wall: 14193.6, 0.105224/step, 3.36133 hours remaining, 166.386185 MB of memory in use.
ENERGY:  135000      8960.9571     44724.0342     30771.6491       570.4589        -608182.0234     24495.8790       253.9657         0.0000    146737.6954        -351667.3841       308.3955   -498405.0794   -351329.4153       309.8649         -14538.6996       -26.3278   2187483.0582         2.5074         2.5135

WRITING EXTENDED SYSTEM TO RESTART FILE AT STEP 135000
WRITING COORDINATES TO DCD FILE AT STEP 135000
WRITING COORDINATES TO RESTART FILE AT STEP 135000
FINISHED WRITING RESTART COORDINATES
WRITING VELOCITIES TO RESTART FILE AT STEP 135000
FINISHED WRITING RESTART VELOCITIES
LDB: ============= START OF LOAD BALANCING ============== 14364.9
LDB: ============== END OF LOAD BALANCING =============== 14364.9

LDB: ============= START OF LOAD BALANCING ============== 14375.7
LDB: TIME 14375.7 LOAD: AVG 9.40325 MAX 9.70138  PROXIES: TOTAL 759 MAXPE 33 MAXPATCH 4 None 1.69634
LDB: TIME 14375.8 LOAD: AVG 9.40325 MAX 9.70138  PROXIES: TOTAL 759 MAXPE 33 MAXPATCH 4 RefineTorusLB 1.69634
LDB: ============== END OF LOAD BALANCING =============== 14375.8

PRESSURE: 140000 -14554.2 -57.7648 51.3982 -9.60619 -14555.8 -29.848 115.106 -50.7656 -14541.7
GPRESSURE: 140000 -148.849 -35.2296 71.7182 11.3293 59.3474 38.7705 108.13 20.1712 -88.8224
PRESSAVG: 140000 2.90275 -1.63403 -27.827 1.27129 3.02664 17.8656 -4.12555 -6.01023 0.533832
GPRESSAVG: 140000 2.89717 -1.42956 -27.8529 1.13477 3.04025 17.8257 -4.11254 -6.0137 0.439175
TIMING: 140000  CPU: 12934, 0.0923994/step  Wall: 14719.5, 0.105169/step, 3.21349 hours remaining, 166.943588 MB of memory in use.
ENERGY:  140000      8972.0963     44869.7079     30725.8218       566.3729        -607022.0394     24213.3881       245.8689         0.0000    147068.1844        -350360.5990       309.0901   -497428.7834   -349996.4872       309.7495         -14550.5758       -59.4413   2185607.3678         2.1544         2.1255

WRITING EXTENDED SYSTEM TO RESTART FILE AT STEP 140000
WRITING COORDINATES TO DCD FILE AT STEP 140000
WRITING COORDINATES TO RESTART FILE AT STEP 140000
FINISHED WRITING RESTART COORDINATES
WRITING VELOCITIES TO RESTART FILE AT STEP 140000
FINISHED WRITING RESTART VELOCITIES
LDB: ============= START OF LOAD BALANCING ============== 14785.8
LDB: ============== END OF LOAD BALANCING =============== 14785.8

LDB: ============= START OF LOAD BALANCING ============== 14796.5
LDB: TIME 14796.6 LOAD: AVG 9.40604 MAX 9.76601  PROXIES: TOTAL 759 MAXPE 33 MAXPATCH 4 None 1.70949
LDB: TIME 14796.6 LOAD: AVG 9.40604 MAX 9.76601  PROXIES: TOTAL 759 MAXPE 33 MAXPATCH 4 RefineTorusLB 1.70949
LDB: ============== END OF LOAD BALANCING =============== 14796.6

LDB: ============= START OF LOAD BALANCING ============== 15206.5
LDB: ============== END OF LOAD BALANCING =============== 15206.5

LDB: ============= START OF LOAD BALANCING ============== 15217.2
LDB: TIME 15217.2 LOAD: AVG 9.37085 MAX 9.6106  PROXIES: TOTAL 759 MAXPE 33 MAXPATCH 4 None 1.69544
LDB: TIME 15217.2 LOAD: AVG 9.37085 MAX 9.6106  PROXIES: TOTAL 759 MAXPE 33 MAXPATCH 4 RefineTorusLB 1.69544
LDB: ============== END OF LOAD BALANCING =============== 15217.2

PRESSURE: 145000 -14478.9 57.587 35.7492 30.889 -14364.6 104.196 35.2408 36.4833 -14371.9
GPRESSURE: 145000 45.5699 -0.748512 63.5188 57.3028 75.2442 40.7862 37.9027 56.7483 134.924
PRESSAVG: 145000 3.60798 -4.43226 6.59398 -16.7531 3.62197 27.2099 -0.017681 10.6831 3.96446
GPRESSAVG: 145000 3.61401 -4.66881 6.6879 -16.658 3.49226 27.0968 0.00170627 10.571 4.03909
TIMING: 145000  CPU: 13398.3, 0.0928493/step  Wall: 15245.5, 0.10521/step, 3.06863 hours remaining, 168.433395 MB of memory in use.
ENERGY:  145000      8999.1759     45077.0746     30907.8914       578.6200        -607403.0236     24422.5583       244.7283         0.0000    146934.2313        -350238.7440       308.8086   -497172.9752   -349872.4895       309.8489         -14405.1282        85.2461   2186059.4928         3.7315         3.7151

WRITING EXTENDED SYSTEM TO RESTART FILE AT STEP 145000
WRITING COORDINATES TO DCD FILE AT STEP 145000
WRITING COORDINATES TO RESTART FILE AT STEP 145000
FINISHED WRITING RESTART COORDINATES
WRITING VELOCITIES TO RESTART FILE AT STEP 145000
FINISHED WRITING RESTART VELOCITIES
LDB: ============= START OF LOAD BALANCING ============== 15627.7
LDB: ============== END OF LOAD BALANCING =============== 15627.7

LDB: ============= START OF LOAD BALANCING ============== 15638.5
LDB: TIME 15638.5 LOAD: AVG 9.38652 MAX 9.67095  PROXIES: TOTAL 759 MAXPE 33 MAXPATCH 4 None 1.69681
LDB: TIME 15638.6 LOAD: AVG 9.38652 MAX 9.67095  PROXIES: TOTAL 759 MAXPE 33 MAXPATCH 4 RefineTorusLB 1.69681
LDB: ============== END OF LOAD BALANCING =============== 15638.6

PRESSURE: 150000 -14455.8 -56.0099 53.9167 -55.9162 -14548.7 -85.1505 81.3747 -10.826 -14207
GPRESSURE: 150000 130.484 -96.3486 44.6297 -42.3242 20.6381 -95.774 66.3987 114.595 149.627
PRESSAVG: 150000 14.3475 -16.0856 6.44186 -15.8483 -10.2403 10.7654 5.97649 17.2554 3.25483
GPRESSAVG: 150000 14.2173 -16.118 6.35962 -16.007 -10.2593 10.837 5.99708 17.1766 3.19108
TIMING: 150000  CPU: 13860.9, 0.0925299/step  Wall: 15771.7, 0.105236/step, 2.92324 hours remaining, 166.027542 MB of memory in use.
ETITLE:      TS           BOND          ANGLE          DIHED          IMPRP               ELECT            VDW       BOUNDARY           MISC        KINETIC               TOTAL           TEMP      POTENTIAL         TOTAL3        TEMPAVG            PRESSURE      GPRESSURE         VOLUME       PRESSAVG      GPRESSAVG

ENERGY:  150000      8863.7817     45033.7697     30825.0887       579.1774        -607905.3636     24397.6275       254.4959         0.0000    147194.3925        -350757.0303       309.3554   -497951.4228   -350382.9092       309.7703         -14403.8247       100.2497   2188127.2704         2.4540         2.3830

WRITING EXTENDED SYSTEM TO RESTART FILE AT STEP 150000
WRITING COORDINATES TO DCD FILE AT STEP 150000
WRITING COORDINATES TO RESTART FILE AT STEP 150000
FINISHED WRITING RESTART COORDINATES
WRITING VELOCITIES TO RESTART FILE AT STEP 150000
FINISHED WRITING RESTART VELOCITIES
LDB: ============= START OF LOAD BALANCING ============== 16049.5
LDB: ============== END OF LOAD BALANCING =============== 16049.5

LDB: ============= START OF LOAD BALANCING ============== 16060.1
LDB: TIME 16060.2 LOAD: AVG 9.38197 MAX 9.62772  PROXIES: TOTAL 759 MAXPE 33 MAXPATCH 4 None 1.70634
LDB: TIME 16060.2 LOAD: AVG 9.38197 MAX 9.62772  PROXIES: TOTAL 759 MAXPE 33 MAXPATCH 4 RefineTorusLB 1.70634
LDB: ============== END OF LOAD BALANCING =============== 16060.2

WRITING COORDINATES TO DCD FILE AT STEP 155000
WRITING COORDINATES TO RESTART FILE AT STEP 155000
FINISHED WRITING RESTART COORDINATES
PRESSURE: 155000 -14395.3 118.786 31.604 127.944 -14465.4 -88.291 65.4203 -103.243 -14443
GPRESSURE: 155000 93.3844 18.2594 42.5807 31.3527 37.8801 54.7763 88.7189 -64.9072 20.6474
PRESSAVG: 155000 15.1709 13.0098 13.6398 2.64124 -3.51521 -2.24347 9.83473 4.22732 1.85551
GPRESSAVG: 155000 15.1504 13.0365 13.5363 2.80574 -3.61957 -2.15336 9.71036 4.24407 2.04645
TIMING: 155000  CPU: 14325.3, 0.0928797/step  Wall: 16299.4, 0.105546/step, 2.78525 hours remaining, 166.118698 MB of memory in use.
ENERGY:  155000      9032.6675     44724.1398     30656.3790       530.3172        -607482.3272     24564.4878       249.1600         0.0000    147103.9889        -350621.1871       309.1654   -497725.1760   -350221.4340       309.4342         -14434.5788        50.6373   2187633.9821         4.5037         4.5257

WRITING EXTENDED SYSTEM TO RESTART FILE AT STEP 155000
WRITING VELOCITIES TO RESTART FILE AT STEP 155000
FINISHED WRITING RESTART VELOCITIES
LDB: ============= START OF LOAD BALANCING ============== 16470.3
LDB: ============== END OF LOAD BALANCING =============== 16470.3

LDB: ============= START OF LOAD BALANCING ============== 16481.1
LDB: TIME 16481.1 LOAD: AVG 9.38766 MAX 9.69782  PROXIES: TOTAL 759 MAXPE 33 MAXPATCH 4 None 1.7151
LDB: TIME 16481.1 LOAD: AVG 9.38766 MAX 9.69782  PROXIES: TOTAL 759 MAXPE 33 MAXPATCH 4 RefineTorusLB 1.7151
LDB: ============== END OF LOAD BALANCING =============== 16481.1

PRESSURE: 160000 -14384.4 -45.7227 20.2853 -33.3685 -14518.3 -72.7583 14.9871 -42.2272 -14552.1
GPRESSURE: 160000 117.124 -20.4613 7.42994 50.3861 -49.8533 -135.052 41.2212 -52.2237 -115.56
PRESSAVG: 160000 7.58329 14.7346 6.23607 19.9549 -13.7641 10.2576 2.11847 0.720703 8.45478
GPRESSAVG: 160000 7.48431 14.6993 6.29832 19.9493 -13.7402 10.2292 2.15896 0.662889 8.34729
TIMING: 160000  CPU: 14787.7, 0.0924763/step  Wall: 16825, 0.105123/step, 2.62808 hours remaining, 168.137192 MB of memory in use.
ENERGY:  160000      8959.1485     44889.5905     30836.7341       563.8628        -607306.6817     24287.4838       248.5405         0.0000    147373.5125        -350147.8090       309.7318   -497521.3215   -349777.0221       309.7565         -14484.9415       -16.0964   2192084.2707         0.7580         0.6971

WRITING EXTENDED SYSTEM TO RESTART FILE AT STEP 160000
WRITING COORDINATES TO DCD FILE AT STEP 160000
WRITING COORDINATES TO RESTART FILE AT STEP 160000
FINISHED WRITING RESTART COORDINATES
WRITING VELOCITIES TO RESTART FILE AT STEP 160000
FINISHED WRITING RESTART VELOCITIES
LDB: ============= START OF LOAD BALANCING ============== 16891.7
LDB: ============== END OF LOAD BALANCING =============== 16891.7

LDB: ============= START OF LOAD BALANCING ============== 16902.4
LDB: TIME 16902.4 LOAD: AVG 9.40035 MAX 9.71877  PROXIES: TOTAL 759 MAXPE 33 MAXPATCH 4 None 1.72291
LDB: TIME 16902.4 LOAD: AVG 9.40035 MAX 9.71877  PROXIES: TOTAL 759 MAXPE 33 MAXPATCH 4 RefineTorusLB 1.72291
LDB: ============== END OF LOAD BALANCING =============== 16902.4

LDB: ============= START OF LOAD BALANCING ============== 17313.1
LDB: ============== END OF LOAD BALANCING =============== 17313.1

LDB: ============= START OF LOAD BALANCING ============== 17323.8
LDB: TIME 17323.9 LOAD: AVG 9.38657 MAX 9.76645  PROXIES: TOTAL 759 MAXPE 33 MAXPATCH 4 None 1.70846
LDB: TIME 17323.9 LOAD: AVG 9.38657 MAX 9.76645  PROXIES: TOTAL 759 MAXPE 33 MAXPATCH 4 RefineTorusLB 1.70846
LDB: ============== END OF LOAD BALANCING =============== 17323.9

PRESSURE: 165000 -14442.2 227.776 134.955 195.991 -14271.3 28.8038 158.355 25.0152 -14321.4
GPRESSURE: 165000 104.973 146.673 111.891 97.2132 171.114 -18.1486 16.6671 17.7616 204.785
PRESSAVG: 165000 12.52 11.8226 -2.13803 -0.639836 -14.0948 -9.11118 13.3978 -5.98607 2.03576
GPRESSAVG: 165000 12.6372 11.9265 -2.15177 -0.638083 -14.1416 -9.14447 13.2611 -5.95726 1.92576
TIMING: 165000  CPU: 15250.8, 0.0926175/step  Wall: 17351.8, 0.105349/step, 2.48742 hours remaining, 165.812088 MB of memory in use.
ENERGY:  165000      8906.8331     44783.8365     30742.3834       589.7438        -607964.1214     25032.4901       244.1622         0.0000    147729.7303        -349934.9421       310.4805   -497664.6724   -349574.8019       310.0618         -14344.9752       160.2903   2188888.4579         0.1536         0.1405

WRITING EXTENDED SYSTEM TO RESTART FILE AT STEP 165000
WRITING COORDINATES TO DCD FILE AT STEP 165000
WRITING COORDINATES TO RESTART FILE AT STEP 165000
FINISHED WRITING RESTART COORDINATES
WRITING VELOCITIES TO RESTART FILE AT STEP 165000
FINISHED WRITING RESTART VELOCITIES
LDB: ============= START OF LOAD BALANCING ============== 17734
LDB: ============== END OF LOAD BALANCING =============== 17734

LDB: ============= START OF LOAD BALANCING ============== 17744.8
LDB: TIME 17744.8 LOAD: AVG 9.41453 MAX 9.68739  PROXIES: TOTAL 759 MAXPE 33 MAXPATCH 4 None 1.71382
LDB: TIME 17744.8 LOAD: AVG 9.41453 MAX 9.68739  PROXIES: TOTAL 759 MAXPE 33 MAXPATCH 4 RefineTorusLB 1.71382
LDB: ============== END OF LOAD BALANCING =============== 17744.8

WRITING COORDINATES TO DCD FILE AT STEP 170000
WRITING COORDINATES TO RESTART FILE AT STEP 170000
FINISHED WRITING RESTART COORDINATES
PRESSURE: 170000 -14437.4 -17.1729 130.991 -6.07467 -14280.2 5.65438 133.02 -6.41531 -14391.7
GPRESSURE: 170000 81.2219 3.67251 133.26 21.8828 219.071 43.5594 97.7463 -59.2226 34.6652
PRESSAVG: 170000 0.428841 0.650185 13.4278 2.11117 0.0960711 -9.2643 22.5335 -16.2722 5.05915
GPRESSAVG: 170000 0.357928 0.564931 13.5297 2.19613 0.0255411 -9.20613 22.4621 -16.1758 5.15514
TIMING: 170000  CPU: 15712.8, 0.0923954/step  Wall: 17878.6, 0.105369/step, 2.34153 hours remaining, 166.082626 MB of memory in use.
ENERGY:  170000      8969.7192     44974.2991     30792.5034       564.7506        -607685.1404     24529.0978       231.9275         0.0000    146344.8773        -351277.9657       307.5700   -497622.8429   -350927.9362       309.9091         -14369.7679       111.6528   2187325.5825         1.8614         1.8462

WRITING EXTENDED SYSTEM TO RESTART FILE AT STEP 170000
WRITING VELOCITIES TO RESTART FILE AT STEP 170000
FINISHED WRITING RESTART VELOCITIES
LDB: ============= START OF LOAD BALANCING ============== 18155.4
LDB: ============== END OF LOAD BALANCING =============== 18155.4

LDB: ============= START OF LOAD BALANCING ============== 18166.2
LDB: TIME 18166.3 LOAD: AVG 9.40652 MAX 9.87288  PROXIES: TOTAL 759 MAXPE 33 MAXPATCH 4 None 1.71358
LDB: TIME 18166.3 LOAD: AVG 9.40652 MAX 9.87288  PROXIES: TOTAL 759 MAXPE 33 MAXPATCH 4 RefineTorusLB 1.71358
LDB: ============== END OF LOAD BALANCING =============== 18166.3

PRESSURE: 175000 -14508 101.45 -165.598 106.706 -14645.4 83.0315 -126.152 34.9659 -14626
GPRESSURE: 175000 1.0887 30.8879 -83.929 70.4201 -143.511 85.9344 -151.641 59.4057 -174.254
PRESSAVG: 175000 17.817 9.33025 -5.90868 1.67435 -3.12459 4.40193 14.2976 4.38767 0.811116
GPRESSAVG: 175000 17.8921 9.32916 -5.9591 1.77497 -3.17048 4.43859 14.3451 4.40994 0.843892
TIMING: 175000  CPU: 16175.1, 0.0924779/step  Wall: 18405.1, 0.105301/step, 2.19377 hours remaining, 167.070969 MB of memory in use.
ENERGY:  175000      9006.6101     44875.6164     30771.6852       555.4324        -607574.2899     24028.4191       241.0440         0.0000    146543.4986        -351551.9841       307.9874   -498095.4827   -351157.9496       309.7094         -14593.1482      -105.5589   2188176.5503         5.1678         5.1885

WRITING EXTENDED SYSTEM TO RESTART FILE AT STEP 175000
WRITING COORDINATES TO DCD FILE AT STEP 175000
WRITING COORDINATES TO RESTART FILE AT STEP 175000
FINISHED WRITING RESTART COORDINATES
WRITING VELOCITIES TO RESTART FILE AT STEP 175000
FINISHED WRITING RESTART VELOCITIES
LDB: ============= START OF LOAD BALANCING ============== 18577.4
LDB: ============== END OF LOAD BALANCING =============== 18577.4

LDB: ============= START OF LOAD BALANCING ============== 18588.2
LDB: TIME 18588.2 LOAD: AVG 9.39182 MAX 9.68405  PROXIES: TOTAL 759 MAXPE 33 MAXPATCH 4 None 1.69841
LDB: TIME 18588.2 LOAD: AVG 9.39182 MAX 9.68405  PROXIES: TOTAL 759 MAXPE 33 MAXPATCH 4 RefineTorusLB 1.69841
LDB: ============== END OF LOAD BALANCING =============== 18588.2

PRESSURE: 180000 -14635.6 -37.5459 -90.9386 -29.1333 -14574.4 24.694 -89.5287 30.766 -14501.3
GPRESSURE: 180000 -84.3289 -81.3852 -20.274 -102.793 -12.964 21.6098 -44.0527 17.2317 -100.667
PRESSAVG: 180000 -2.76133 -10.833 -8.87832 -16.2042 7.28451 -10.5424 10.1318 -8.79665 4.71005
GPRESSAVG: 180000 -2.71729 -10.7736 -8.89922 -16.1324 7.19766 -10.5348 10.0891 -8.99551 4.77081
TIMING: 180000  CPU: 16637.7, 0.0925071/step  Wall: 18932.3, 0.10543/step, 2.05003 hours remaining, 167.067642 MB of memory in use.
ENERGY:  180000      8999.2448     44852.9083     30800.6608       582.6369        -607768.9195     24668.4387       228.6432         0.0000    147328.7802        -350307.6067       309.6378   -497636.3869   -349961.8058       309.6255         -14570.4359       -65.9867   2187697.8268         3.0777         3.0837

WRITING EXTENDED SYSTEM TO RESTART FILE AT STEP 180000
WRITING COORDINATES TO DCD FILE AT STEP 180000
WRITING COORDINATES TO RESTART FILE AT STEP 180000
FINISHED WRITING RESTART COORDINATES
WRITING VELOCITIES TO RESTART FILE AT STEP 180000
FINISHED WRITING RESTART VELOCITIES
LDB: ============= START OF LOAD BALANCING ============== 18998.9
LDB: ============== END OF LOAD BALANCING =============== 18998.9

LDB: ============= START OF LOAD BALANCING ============== 19009.6
LDB: TIME 19009.6 LOAD: AVG 9.3815 MAX 9.67143  PROXIES: TOTAL 759 MAXPE 33 MAXPATCH 4 None 1.69462
LDB: TIME 19009.6 LOAD: AVG 9.3815 MAX 9.67143  PROXIES: TOTAL 759 MAXPE 33 MAXPATCH 4 RefineTorusLB 1.69462
LDB: ============== END OF LOAD BALANCING =============== 19009.6

LDB: ============= START OF LOAD BALANCING ============== 19420.1
LDB: ============== END OF LOAD BALANCING =============== 19420.1

LDB: ============= START OF LOAD BALANCING ============== 19430.9
LDB: TIME 19430.9 LOAD: AVG 9.40018 MAX 9.70262  PROXIES: TOTAL 759 MAXPE 33 MAXPATCH 4 None 1.70919
LDB: TIME 19431 LOAD: AVG 9.40018 MAX 9.70262  PROXIES: TOTAL 759 MAXPE 33 MAXPATCH 4 RefineTorusLB 1.70919
LDB: ============== END OF LOAD BALANCING =============== 19431

WRITING COORDINATES TO DCD FILE AT STEP 185000
WRITING COORDINATES TO RESTART FILE AT STEP 185000
FINISHED WRITING RESTART COORDINATES
PRESSURE: 185000 -14486.5 32.5934 179.392 -1.98156 -14571 96.9519 178.319 83.1423 -14287.6
GPRESSURE: 185000 20.0809 92.1467 102.639 52.8599 15.2346 34.9364 59.0799 -30.2235 97.5438
PRESSAVG: 185000 -7.09728 -4.67309 24.1181 -6.12198 5.3934 -20.253 9.18163 -9.64365 -0.836467
GPRESSAVG: 185000 -7.19348 -4.65363 24.0069 -5.98526 5.51926 -20.2356 9.22242 -9.72842 -0.928366
TIMING: 185000  CPU: 17100.8, 0.0926255/step  Wall: 19459.3, 0.105396/step, 1.90299 hours remaining, 167.127304 MB of memory in use.
ENERGY:  185000      8893.5917     44972.5393     30650.4362       544.3187        -607355.8504     24527.7732       245.8351         0.0000    147640.2563        -349881.1000       310.2924   -497521.3563   -349525.0624       309.8537         -14448.3694        44.2864   2186889.5733        -0.8468        -0.8675

WRITING EXTENDED SYSTEM TO RESTART FILE AT STEP 185000
WRITING VELOCITIES TO RESTART FILE AT STEP 185000
FINISHED WRITING RESTART VELOCITIES
LDB: ============= START OF LOAD BALANCING ============== 19841.2
LDB: ============== END OF LOAD BALANCING =============== 19841.2

LDB: ============= START OF LOAD BALANCING ============== 19852
LDB: TIME 19852.1 LOAD: AVG 9.36807 MAX 9.68318  PROXIES: TOTAL 759 MAXPE 33 MAXPATCH 4 None 1.68532
LDB: TIME 19852.1 LOAD: AVG 9.36807 MAX 9.68318  PROXIES: TOTAL 759 MAXPE 33 MAXPATCH 4 RefineTorusLB 1.68532
LDB: ============== END OF LOAD BALANCING =============== 19852.1

PRESSURE: 190000 -14279 -49.7129 1.98776 -66.2896 -14676.4 -27.1292 -2.01426 -43.0896 -14638.4
GPRESSURE: 190000 96.7107 -54.8182 -63.4736 -37.5272 -92.6886 -14.0345 -57.2556 -36.3846 -162.254
PRESSAVG: 190000 -3.68401 -3.19535 -17.2113 -3.37599 2.06684 5.12737 -3.08227 -4.13524 -0.852999
GPRESSAVG: 190000 -3.58386 -3.26237 -17.0978 -3.62452 2.13399 5.05151 -3.17581 -4.12276 -0.904008
TIMING: 190000  CPU: 17564.6, 0.0927517/step  Wall: 19986.2, 0.105376/step, 1.75627 hours remaining, 167.729416 MB of memory in use.
ENERGY:  190000      8930.7752     44623.5747     30727.0741       574.1577        -607898.4561     24710.8200       239.1849         0.0000    147545.6191        -350547.2504       310.0935   -498092.8695   -350187.1809       310.1425         -14531.2819       -52.7440   2190299.3408        -0.8234        -0.7846

WRITING EXTENDED SYSTEM TO RESTART FILE AT STEP 190000
WRITING COORDINATES TO DCD FILE AT STEP 190000
WRITING COORDINATES TO RESTART FILE AT STEP 190000
FINISHED WRITING RESTART COORDINATES
WRITING VELOCITIES TO RESTART FILE AT STEP 190000
FINISHED WRITING RESTART VELOCITIES
LDB: ============= START OF LOAD BALANCING ============== 20263
LDB: ============== END OF LOAD BALANCING =============== 20263

LDB: ============= START OF LOAD BALANCING ============== 20273.6
LDB: TIME 20273.6 LOAD: AVG 9.36029 MAX 9.81022  PROXIES: TOTAL 759 MAXPE 33 MAXPATCH 4 None 1.69512
LDB: TIME 20273.7 LOAD: AVG 9.36029 MAX 9.81022  PROXIES: TOTAL 759 MAXPE 33 MAXPATCH 4 RefineTorusLB 1.69512
LDB: ============== END OF LOAD BALANCING =============== 20273.7

PRESSURE: 195000 -14639.6 60.7989 -165.002 50.7923 -14562.4 54.9571 -156.51 40.8847 -14604.1
GPRESSURE: 195000 -177.729 36.1104 -162.194 45.5858 -72.6338 -4.49785 -75.945 95.6757 -190.925
PRESSAVG: 195000 6.05684 -3.28456 -12.1581 -4.89024 -0.341018 4.73597 2.20924 -8.15066 0.131901
GPRESSAVG: 195000 5.98665 -3.17852 -12.1518 -4.77008 -0.302751 4.80107 2.24658 -8.20171 0.0422775
TIMING: 195000  CPU: 18028.1, 0.0927061/step  Wall: 20512.1, 0.105188/step, 1.60703 hours remaining, 166.007401 MB of memory in use.
ENERGY:  195000      9099.6648     44881.4921     30809.8900       549.2472        -606993.2599     23823.9819       235.5930         0.0000    146979.8248        -350613.5661       308.9044   -497593.3909   -350268.1528       310.0692         -14602.0304      -147.0957   2192017.8097         1.9492         1.9087

WRITING EXTENDED SYSTEM TO RESTART FILE AT STEP 195000
WRITING COORDINATES TO DCD FILE AT STEP 195000
WRITING COORDINATES TO RESTART FILE AT STEP 195000
FINISHED WRITING RESTART COORDINATES
WRITING VELOCITIES TO RESTART FILE AT STEP 195000
FINISHED WRITING RESTART VELOCITIES
LDB: ============= START OF LOAD BALANCING ============== 20683.8
LDB: ============== END OF LOAD BALANCING =============== 20683.8

LDB: ============= START OF LOAD BALANCING ============== 20694.4
LDB: TIME 20694.5 LOAD: AVG 9.37618 MAX 9.62792  PROXIES: TOTAL 759 MAXPE 33 MAXPATCH 4 None 1.70918
LDB: TIME 20694.5 LOAD: AVG 9.37618 MAX 9.62792  PROXIES: TOTAL 759 MAXPE 33 MAXPATCH 4 RefineTorusLB 1.70918
LDB: ============== END OF LOAD BALANCING =============== 20694.5

PRESSURE: 200000 -14672.4 35.6656 -87.4162 36.9808 -14721.9 -11.6864 -110.771 18.9145 -14360.7
GPRESSURE: 200000 -123.923 59.9019 -135.554 42.7478 -101.152 57.9539 -75.2496 -3.898 -14.8285
PRESSAVG: 200000 2.38911 -2.64898 -11.9812 4.43485 6.50219 -14.972 -10.0453 -14.4891 3.22418
GPRESSAVG: 200000 2.49888 -2.70609 -12.0118 4.56962 6.53116 -14.8317 -10.0799 -14.4571 3.16917
TIMING: 200000  CPU: 18491.7, 0.0927099/step  Wall: 21037.8, 0.105142/step, 1.46031 hours remaining, 167.590408 MB of memory in use.
ETITLE:      TS           BOND          ANGLE          DIHED          IMPRP               ELECT            VDW       BOUNDARY           MISC        KINETIC               TOTAL           TEMP      POTENTIAL         TOTAL3        TEMPAVG            PRESSURE      GPRESSURE         VOLUME       PRESSAVG      GPRESSAVG

ENERGY:  200000      8942.3841     44971.9790     30730.9871       571.4483        -607618.0237     23973.0722       240.9172         0.0000    147026.1423        -351161.0934       309.0018   -498187.2357   -350776.3019       310.0117         -14584.9963       -79.9679   2186500.2315         4.0385         4.0664

WRITING EXTENDED SYSTEM TO RESTART FILE AT STEP 200000
WRITING COORDINATES TO DCD FILE AT STEP 200000
WRITING COORDINATES TO RESTART FILE AT STEP 200000
FINISHED WRITING RESTART COORDINATES
WRITING VELOCITIES TO RESTART FILE AT STEP 200000
FINISHED WRITING RESTART VELOCITIES
LDB: ============= START OF LOAD BALANCING ============== 21104.4
LDB: ============== END OF LOAD BALANCING =============== 21104.5

LDB: ============= START OF LOAD BALANCING ============== 21115.3
LDB: TIME 21115.3 LOAD: AVG 9.42985 MAX 9.69542  PROXIES: TOTAL 759 MAXPE 33 MAXPATCH 4 None 1.72035
LDB: TIME 21115.3 LOAD: AVG 9.42985 MAX 9.69542  PROXIES: TOTAL 759 MAXPE 33 MAXPATCH 4 RefineTorusLB 1.72035
LDB: ============== END OF LOAD BALANCING =============== 21115.3

LDB: ============= START OF LOAD BALANCING ============== 21526.1
LDB: ============== END OF LOAD BALANCING =============== 21526.1

LDB: ============= START OF LOAD BALANCING ============== 21536.8
LDB: TIME 21536.9 LOAD: AVG 9.38836 MAX 9.69866  PROXIES: TOTAL 759 MAXPE 33 MAXPATCH 4 None 1.70342
LDB: TIME 21536.9 LOAD: AVG 9.38836 MAX 9.69866  PROXIES: TOTAL 759 MAXPE 33 MAXPATCH 4 RefineTorusLB 1.70342
LDB: ============== END OF LOAD BALANCING =============== 21536.9

PRESSURE: 205000 -14204.8 48.0308 55.3669 42.2561 -14542.1 -9.32365 71.4559 -49.379 -14587.7
GPRESSURE: 205000 307.856 65.4429 63.1926 36.5664 -53.3544 22.6655 0.44644 -39.1461 -188.68
PRESSAVG: 205000 9.72114 13.3384 2.47872 1.37271 -15.4364 -12.4197 -4.95454 -13.3665 -4.87377
GPRESSAVG: 205000 9.62592 13.3855 2.47486 1.29779 -15.4172 -12.57 -4.95126 -13.2862 -4.85275
TIMING: 205000  CPU: 18955.8, 0.0928381/step  Wall: 21565.2, 0.105471/step, 1.31838 hours remaining, 166.222305 MB of memory in use.
ENERGY:  205000      9073.1562     44857.4977     30756.9149       578.4874        -607888.5126     24757.2971       234.7392         0.0000    147062.4162        -350568.0040       309.0780   -497630.4202   -350230.9047       309.6851         -14444.8838        21.9403   2189576.7705        -3.5297        -3.5480

WRITING EXTENDED SYSTEM TO RESTART FILE AT STEP 205000
WRITING COORDINATES TO DCD FILE AT STEP 205000
WRITING COORDINATES TO RESTART FILE AT STEP 205000
FINISHED WRITING RESTART COORDINATES
WRITING VELOCITIES TO RESTART FILE AT STEP 205000
FINISHED WRITING RESTART VELOCITIES
LDB: ============= START OF LOAD BALANCING ============== 21948
LDB: ============== END OF LOAD BALANCING =============== 21948

LDB: ============= START OF LOAD BALANCING ============== 21958.6
LDB: TIME 21958.6 LOAD: AVG 9.38099 MAX 9.69357  PROXIES: TOTAL 759 MAXPE 33 MAXPATCH 4 None 1.7078
LDB: TIME 21958.6 LOAD: AVG 9.38099 MAX 9.69357  PROXIES: TOTAL 759 MAXPE 33 MAXPATCH 4 RefineTorusLB 1.7078
LDB: ============== END OF LOAD BALANCING =============== 21958.6

PRESSURE: 210000 -14665.9 -116.495 -118.758 -103.946 -14589.5 31.3247 -108.601 52.1927 -14401.2
GPRESSURE: 210000 -253.294 -157.627 -124.295 -92.5522 13.1118 18.7843 0.399933 -10.0169 91.4281
PRESSAVG: 210000 6.52843 18.4718 -6.75159 24.3589 7.63284 -11.3237 -2.4335 -7.31177 8.38715
GPRESSAVG: 210000 6.56602 18.488 -6.74552 24.3697 7.57362 -11.2048 -2.2869 -7.37184 8.35622
TIMING: 210000  CPU: 19420, 0.0928407/step  Wall: 22092.1, 0.105388/step, 1.17098 hours remaining, 166.660660 MB of memory in use.
ENERGY:  210000      8958.4415     44820.4536     30753.0728       558.9752        -607204.2429     23751.1796       243.4734         0.0000    146657.7811        -351460.8657       308.2276   -498118.6468   -351103.6022       309.7973         -14552.1912       -49.5848   2184943.4214         7.5161         7.4986

WRITING EXTENDED SYSTEM TO RESTART FILE AT STEP 210000
WRITING COORDINATES TO DCD FILE AT STEP 210000
WRITING COORDINATES TO RESTART FILE AT STEP 210000
FINISHED WRITING RESTART COORDINATES
WRITING VELOCITIES TO RESTART FILE AT STEP 210000
FINISHED WRITING RESTART VELOCITIES
LDB: ============= START OF LOAD BALANCING ============== 22368.8
LDB: ============== END OF LOAD BALANCING =============== 22368.9

LDB: ============= START OF LOAD BALANCING ============== 22379.5
LDB: TIME 22379.6 LOAD: AVG 9.38421 MAX 9.5676  PROXIES: TOTAL 759 MAXPE 33 MAXPATCH 4 None 1.71467
LDB: TIME 22379.6 LOAD: AVG 9.38421 MAX 9.5676  PROXIES: TOTAL 759 MAXPE 33 MAXPATCH 4 RefineTorusLB 1.71467
LDB: ============== END OF LOAD BALANCING =============== 22379.6

PRESSURE: 215000 -14473.4 8.17367 -109.629 38.9872 -14500.6 -99.3241 -78.4595 -99.7291 -14297.5
GPRESSURE: 215000 65.4313 18.6595 -93.1144 78.3441 37.8355 -115.58 -4.40697 -114.857 118.046
PRESSAVG: 215000 8.84855 22.44 -17.159 16.2723 -12.7212 6.31491 -20.2728 -0.565983 -4.44583
GPRESSAVG: 215000 8.85542 22.4409 -17.316 16.0607 -12.8333 6.50672 -20.3699 -0.467961 -4.5663
TIMING: 215000  CPU: 19882.9, 0.0925801/step  Wall: 22617.4, 0.105053/step, 1.02135 hours remaining, 166.600174 MB of memory in use.
ENERGY:  215000      8922.6518     45077.1518     30753.7134       566.8915        -608071.3413     24459.9343       222.6699         0.0000    147274.9206        -350793.4080       309.5246   -498068.3286   -350443.4946       309.8569         -14423.8125        73.7709   2188391.9070        -2.7728        -2.8481

WRITING EXTENDED SYSTEM TO RESTART FILE AT STEP 215000
WRITING COORDINATES TO DCD FILE AT STEP 215000
WRITING COORDINATES TO RESTART FILE AT STEP 215000
FINISHED WRITING RESTART COORDINATES
WRITING VELOCITIES TO RESTART FILE AT STEP 215000
FINISHED WRITING RESTART VELOCITIES
LDB: ============= START OF LOAD BALANCING ============== 22789.3
LDB: ============== END OF LOAD BALANCING =============== 22789.3

LDB: ============= START OF LOAD BALANCING ============== 22800
LDB: TIME 22800 LOAD: AVG 9.39356 MAX 9.64488  PROXIES: TOTAL 759 MAXPE 33 MAXPATCH 4 None 1.70715
LDB: TIME 22800 LOAD: AVG 9.39356 MAX 9.64488  PROXIES: TOTAL 759 MAXPE 33 MAXPATCH 4 RefineTorusLB 1.70715
LDB: ============== END OF LOAD BALANCING =============== 22800

PRESSURE: 220000 -14468.6 70.7428 -46.3956 45.8322 -14557.8 -18.4003 4.04779 42.2047 -14337.1
GPRESSURE: 220000 32.4677 44.6741 -72.7871 -51.7425 -4.9347 -74.7296 28.3111 -0.479508 104.811
PRESSAVG: 220000 -8.34911 31.6349 -13.9603 17.4588 -8.72908 10.4429 12.5995 -1.03581 -2.85376
GPRESSAVG: 220000 -8.32213 31.6357 -13.9124 17.4697 -8.73818 10.284 12.6726 -0.975994 -2.86127
TIMING: 220000  CPU: 20347.3, 0.0928617/step  Wall: 23144.2, 0.105371/step, 0.878092 hours remaining, 166.897141 MB of memory in use.
ENERGY:  220000      8916.0501     44970.9140     30666.2113       565.4732        -607738.1315     24578.1157       253.7064         0.0000    147597.0190        -350190.6418       310.2016   -497787.6608   -349819.3437       310.0356         -14454.4993        44.1147   2188190.3144        -6.6440        -6.6405

WRITING EXTENDED SYSTEM TO RESTART FILE AT STEP 220000
WRITING COORDINATES TO DCD FILE AT STEP 220000
WRITING COORDINATES TO RESTART FILE AT STEP 220000
FINISHED WRITING RESTART COORDINATES
WRITING VELOCITIES TO RESTART FILE AT STEP 220000
FINISHED WRITING RESTART VELOCITIES
LDB: ============= START OF LOAD BALANCING ============== 23210.9
LDB: ============== END OF LOAD BALANCING =============== 23210.9

LDB: ============= START OF LOAD BALANCING ============== 23221.8
LDB: TIME 23221.8 LOAD: AVG 9.43565 MAX 9.85809  PROXIES: TOTAL 759 MAXPE 33 MAXPATCH 4 None 1.72901
LDB: TIME 23221.8 LOAD: AVG 9.43565 MAX 9.85809  PROXIES: TOTAL 759 MAXPE 33 MAXPATCH 4 RefineTorusLB 1.72901
LDB: ============== END OF LOAD BALANCING =============== 23221.8

LDB: ============= START OF LOAD BALANCING ============== 23633.1
LDB: ============== END OF LOAD BALANCING =============== 23633.1

LDB: ============= START OF LOAD BALANCING ============== 23643.8
LDB: TIME 23643.9 LOAD: AVG 9.37823 MAX 9.73726  PROXIES: TOTAL 759 MAXPE 33 MAXPATCH 4 None 1.69936
LDB: TIME 23643.9 LOAD: AVG 9.37823 MAX 9.73726  PROXIES: TOTAL 759 MAXPE 33 MAXPATCH 4 RefineTorusLB 1.69936
LDB: ============== END OF LOAD BALANCING =============== 23643.9

PRESSURE: 225000 -14307 -118.519 -28.7111 -110.239 -14373.1 -20.2254 -5.70849 -11.1123 -14249
GPRESSURE: 225000 122.14 -173.441 21.7117 -91.3479 149.496 14.7771 -8.61032 -27.6157 216.556
PRESSAVG: 225000 21.2672 -5.1558 -11.6096 -19.1968 -14.4378 -20.3872 -2.70921 -8.77639 -1.75946
GPRESSAVG: 225000 21.1576 -5.19646 -11.6095 -19.0004 -14.5423 -20.3962 -2.6541 -8.77325 -1.78332
TIMING: 225000  CPU: 20811.9, 0.0929255/step  Wall: 23672.2, 0.105592/step, 0.733277 hours remaining, 167.128983 MB of memory in use.
ENERGY:  225000      8820.6160     44796.2395     30698.5350       549.8804        -607061.8976     24277.4983       239.9255         0.0000    146915.5681        -350763.6349       308.7694   -497679.2029   -350405.3721       309.9074         -14309.6717       162.7307   2188845.4216         1.6900         1.6107

WRITING EXTENDED SYSTEM TO RESTART FILE AT STEP 225000
WRITING COORDINATES TO DCD FILE AT STEP 225000
WRITING COORDINATES TO RESTART FILE AT STEP 225000
FINISHED WRITING RESTART COORDINATES
WRITING VELOCITIES TO RESTART FILE AT STEP 225000
FINISHED WRITING RESTART VELOCITIES
LDB: ============= START OF LOAD BALANCING ============== 24054.1
LDB: ============== END OF LOAD BALANCING =============== 24054.1

LDB: ============= START OF LOAD BALANCING ============== 24064.9
LDB: TIME 24065 LOAD: AVG 9.39936 MAX 9.73899  PROXIES: TOTAL 759 MAXPE 33 MAXPATCH 4 None 1.70166
LDB: TIME 24065 LOAD: AVG 9.39936 MAX 9.73899  PROXIES: TOTAL 759 MAXPE 33 MAXPATCH 4 RefineTorusLB 1.70166
LDB: ============== END OF LOAD BALANCING =============== 24065

PRESSURE: 230000 -14257.9 -3.1841 100.333 22.6994 -14501.4 7.02348 83.2936 -42.8716 -14364.1
GPRESSURE: 230000 192.983 38.8632 127.883 14.7626 84.0317 2.63676 -16.1089 -38.5073 88.0668
PRESSAVG: 230000 -0.123919 14.7549 6.12499 7.54041 1.74494 -7.76628 8.28997 -22.8656 1.81373
GPRESSAVG: 230000 -0.127107 14.6563 5.93312 7.46172 1.78113 -7.80188 8.27034 -22.6967 1.74383
TIMING: 230000  CPU: 21276.5, 0.0929193/step  Wall: 24198.2, 0.105202/step, 0.584454 hours remaining, 167.561905 MB of memory in use.
ENERGY:  230000      8947.7952     44744.2146     30870.9076       581.8556        -607735.8378     24560.0610       241.7450         0.0000    146954.3034        -350834.9553       308.8508   -497789.2587   -350473.2938       309.6500         -14374.4683       121.6938   2187523.1986         1.1449         1.1326

WRITING EXTENDED SYSTEM TO RESTART FILE AT STEP 230000
WRITING COORDINATES TO DCD FILE AT STEP 230000
WRITING COORDINATES TO RESTART FILE AT STEP 230000
FINISHED WRITING RESTART COORDINATES
WRITING VELOCITIES TO RESTART FILE AT STEP 230000
FINISHED WRITING RESTART VELOCITIES
LDB: ============= START OF LOAD BALANCING ============== 24475.9
LDB: ============== END OF LOAD BALANCING =============== 24475.9

LDB: ============= START OF LOAD BALANCING ============== 24486.8
LDB: TIME 24486.8 LOAD: AVG 9.41664 MAX 9.79005  PROXIES: TOTAL 759 MAXPE 33 MAXPATCH 4 None 1.71427
LDB: TIME 24486.8 LOAD: AVG 9.41664 MAX 9.79005  PROXIES: TOTAL 759 MAXPE 33 MAXPATCH 4 RefineTorusLB 1.71427
LDB: ============== END OF LOAD BALANCING =============== 24486.8

PRESSURE: 235000 -14488.2 137.854 -16.6666 191.18 -14755.7 -85.5951 -7.72387 -92.9643 -14383.5
GPRESSURE: 235000 -50.64 105.929 -73.9757 227.015 -157.235 -8.8964 -43.6809 -29.625 96.2951
PRESSAVG: 235000 -11.26 25.3798 -3.60541 29.4832 4.42643 -10.6547 -0.192274 -6.72304 -2.21453
GPRESSAVG: 235000 -11.1893 25.312 -3.63517 29.5808 4.40282 -10.6986 -0.437947 -6.63563 -2.08995
TIMING: 235000  CPU: 21740.3, 0.0927713/step  Wall: 24725.3, 0.105422/step, 0.439258 hours remaining, 168.169754 MB of memory in use.
ENERGY:  235000      8918.4234     44982.1979     30749.9504       568.2945        -607695.0590     23702.1522       253.4530         0.0000    147397.5121        -351123.0755       309.7823   -498520.5876   -350767.3666       309.8616         -14542.4430       -37.1934   2184464.4000        -3.0160        -2.9588

WRITING EXTENDED SYSTEM TO RESTART FILE AT STEP 235000
WRITING COORDINATES TO DCD FILE AT STEP 235000
WRITING COORDINATES TO RESTART FILE AT STEP 235000
FINISHED WRITING RESTART COORDINATES
WRITING VELOCITIES TO RESTART FILE AT STEP 235000
FINISHED WRITING RESTART VELOCITIES
LDB: ============= START OF LOAD BALANCING ============== 24897.4
LDB: ============== END OF LOAD BALANCING =============== 24897.5

LDB: ============= START OF LOAD BALANCING ============== 24908.2
LDB: TIME 24908.2 LOAD: AVG 9.39783 MAX 9.66598  PROXIES: TOTAL 759 MAXPE 33 MAXPATCH 4 None 1.71208
LDB: TIME 24908.2 LOAD: AVG 9.39783 MAX 9.66598  PROXIES: TOTAL 759 MAXPE 33 MAXPATCH 4 RefineTorusLB 1.71208
LDB: ============== END OF LOAD BALANCING =============== 24908.2

PRESSURE: 240000 -14567 -22.3877 -16.3505 -64.8641 -14914.9 68.2254 22.8057 78.2223 -14670.7
GPRESSURE: 240000 -121.442 23.9227 -8.47133 28 -438.606 37.174 66.1162 22.1905 -261.737
PRESSAVG: 240000 9.73498 11.6938 -23.6934 16.6573 -17.1284 10.5562 2.2491 -0.962297 -2.62568
GPRESSAVG: 240000 9.86342 11.7581 -23.6636 16.7468 -17.1949 10.4766 2.43872 -0.971474 -2.63958
TIMING: 240000  CPU: 22203.7, 0.0926697/step  Wall: 25251.6, 0.105259/step, 0.292385 hours remaining, 166.130569 MB of memory in use.
ENERGY:  240000      8973.6772     44767.4766     30691.7730       549.5843        -606575.0528     23327.6400       269.6267         0.0000    146557.3066        -351437.9683       308.0164   -497995.2749   -351080.1113       309.7596         -14717.5494      -273.9283   2190063.1679        -3.3397        -3.3237

WRITING EXTENDED SYSTEM TO RESTART FILE AT STEP 240000
WRITING COORDINATES TO DCD FILE AT STEP 240000
WRITING COORDINATES TO RESTART FILE AT STEP 240000
FINISHED WRITING RESTART COORDINATES
WRITING VELOCITIES TO RESTART FILE AT STEP 240000
FINISHED WRITING RESTART VELOCITIES
LDB: ============= START OF LOAD BALANCING ============== 25318
LDB: ============== END OF LOAD BALANCING =============== 25318

LDB: ============= START OF LOAD BALANCING ============== 25328.8
LDB: TIME 25328.8 LOAD: AVG 9.40065 MAX 9.67321  PROXIES: TOTAL 759 MAXPE 33 MAXPATCH 4 None 1.71804
LDB: TIME 25328.9 LOAD: AVG 9.40065 MAX 9.67321  PROXIES: TOTAL 759 MAXPE 33 MAXPATCH 4 RefineTorusLB 1.71804
LDB: ============== END OF LOAD BALANCING =============== 25328.9

LDB: ============= START OF LOAD BALANCING ============== 25740
LDB: ============== END OF LOAD BALANCING =============== 25740

LDB: ============= START OF LOAD BALANCING ============== 25750.7
LDB: TIME 25750.7 LOAD: AVG 9.39911 MAX 9.85054  PROXIES: TOTAL 759 MAXPE 33 MAXPATCH 4 None 1.71147
LDB: TIME 25750.7 LOAD: AVG 9.39911 MAX 9.85054  PROXIES: TOTAL 759 MAXPE 33 MAXPATCH 4 RefineTorusLB 1.71147
LDB: ============== END OF LOAD BALANCING =============== 25750.7

PRESSURE: 245000 -14568.2 62.5824 38.9129 47.6648 -14513.6 24.0185 46.0642 -16.8373 -14393.9
GPRESSURE: 245000 -108.64 145.578 20.0558 7.40593 57.5447 2.37945 23.2858 -17.3645 -44.5635
PRESSAVG: 245000 7.11814 16.6558 -5.72186 16.8427 -5.33532 2.19462 0.453431 -16.572 -0.34106
GPRESSAVG: 245000 7.07469 16.6486 -5.6394 16.9261 -5.29466 2.19468 0.591243 -16.6231 -0.368912
TIMING: 245000  CPU: 22666.8, 0.0926307/step  Wall: 25779.4, 0.10556/step, 0.146611 hours remaining, 166.882034 MB of memory in use.
ENERGY:  245000      8885.7053     44783.9086     30686.3442       531.0529        -607020.2317     24134.8115       245.5547         0.0000    147404.2947        -350348.5598       309.7965   -497752.8546   -349997.5928       309.6210         -14491.9076       -31.8863   2189571.4894         0.4806         0.4704

WRITING EXTENDED SYSTEM TO RESTART FILE AT STEP 245000
WRITING COORDINATES TO DCD FILE AT STEP 245000
WRITING COORDINATES TO RESTART FILE AT STEP 245000
FINISHED WRITING RESTART COORDINATES
WRITING VELOCITIES TO RESTART FILE AT STEP 245000
FINISHED WRITING RESTART VELOCITIES
LDB: ============= START OF LOAD BALANCING ============== 26160.7
LDB: ============== END OF LOAD BALANCING =============== 26160.7

LDB: ============= START OF LOAD BALANCING ============== 26171.5
LDB: TIME 26171.5 LOAD: AVG 9.40408 MAX 9.74689  PROXIES: TOTAL 759 MAXPE 33 MAXPATCH 4 None 1.7106
LDB: TIME 26171.5 LOAD: AVG 9.40408 MAX 9.74689  PROXIES: TOTAL 759 MAXPE 33 MAXPATCH 4 RefineTorusLB 1.7106
LDB: ============== END OF LOAD BALANCING =============== 26171.5

PRESSURE: 250000 -14694.1 109.57 -19.2235 116.251 -14380.3 46.7764 -37.0756 68.6246 -14436.8
GPRESSURE: 250000 -94.7091 112.917 -28.7061 108.13 122 -1.54781 -29.656 25.4475 -7.73121
PRESSAVG: 250000 16.0766 -8.2688 -10.6458 -13.2213 -15.1307 -5.23914 4.39519 -3.21867 -0.493957
GPRESSAVG: 250000 15.9244 -8.44076 -10.6718 -13.0267 -15.1908 -5.35809 4.32083 -3.34466 -0.37611
TIMING: 250000  CPU: 23130.2, 0.0926647/step  Wall: 26305, 0.105131/step, 0 hours remaining, 168.105362 MB of memory in use.
ETITLE:      TS           BOND          ANGLE          DIHED          IMPRP               ELECT            VDW       BOUNDARY           MISC        KINETIC               TOTAL           TEMP      POTENTIAL         TOTAL3        TEMPAVG            PRESSURE      GPRESSURE         VOLUME       PRESSAVG      GPRESSAVG

ENERGY:  250000      9061.9744     44915.3469     30682.5444       574.1922        -607871.6786     23987.5336       252.8090         0.0000    147165.3306        -351231.9475       309.2943   -498397.2781   -350887.3414       309.8034         -14503.7509         6.5199   2185707.8578         0.1506         0.1192

WRITING EXTENDED SYSTEM TO RESTART FILE AT STEP 250000
WRITING COORDINATES TO DCD FILE AT STEP 250000
WRITING COORDINATES TO RESTART FILE AT STEP 250000
FINISHED WRITING RESTART COORDINATES
WRITING VELOCITIES TO RESTART FILE AT STEP 250000
FINISHED WRITING RESTART VELOCITIES
WRITING EXTENDED SYSTEM TO OUTPUT FILE AT STEP 250000
CLOSING EXTENDED SYSTEM TRAJECTORY FILE
WRITING COORDINATES TO OUTPUT FILE AT STEP 250000
CLOSING COORDINATE DCD FILE
WRITING VELOCITIES TO OUTPUT FILE AT STEP 250000
====================================================

WallClock: 26341.890625  CPUTime: 23163.396484  Memory: 163.869705 MB
