5857: Sat May  3 14:54:26 EDT 2014: Entering /tmp/24822.1.standard.q/ssh with args node041.pug.mib.pbtech -l jam2079 /bin/sh -f
5875: Sat May  3 14:54:26 EDT 2014: Entering /tmp/24822.1.standard.q/ssh with args node041.pug.mib.pbtech -l jam2079 /bin/sh -f
5869: Sat May  3 14:54:26 EDT 2014: Entering /tmp/24822.1.standard.q/ssh with args node041.pug.mib.pbtech -l jam2079 /bin/sh -f
5864: Sat May  3 14:54:26 EDT 2014: Entering /tmp/24822.1.standard.q/ssh with args node047.pug.mib.pbtech -l jam2079 /bin/sh -f
5860: Sat May  3 14:54:26 EDT 2014: Exiting /tmp/24822.1.standard.q/ssh
5873: Sat May  3 14:54:30 EDT 2014: Exiting /tmp/24822.1.standard.q/ssh
5867: Sat May  3 14:54:33 EDT 2014: Exiting /tmp/24822.1.standard.q/ssh
5863: Sat May  3 14:54:33 EDT 2014: Exiting /tmp/24822.1.standard.q/ssh
5872: Sat May  3 14:54:33 EDT 2014: Exiting /tmp/24822.1.standard.q/ssh
5869: Sat May  3 14:54:35 EDT 2014: Exiting /tmp/24822.1.standard.q/ssh
5859: Sat May  3 14:54:37 EDT 2014: Exiting /tmp/24822.1.standard.q/ssh
5874: Sat May  3 14:54:38 EDT 2014: Exiting /tmp/24822.1.standard.q/ssh
5861: Sat May  3 14:54:39 EDT 2014: Exiting /tmp/24822.1.standard.q/ssh
5880: Sat May  3 14:54:39 EDT 2014: Exiting /tmp/24822.1.standard.q/ssh
5857: Sat May  3 14:54:40 EDT 2014: Exiting /tmp/24822.1.standard.q/ssh
5865: Sat May  3 14:54:40 EDT 2014: Exiting /tmp/24822.1.standard.q/ssh
5864: Sat May  3 14:54:41 EDT 2014: Exiting /tmp/24822.1.standard.q/ssh
5878: Sat May  3 14:54:41 EDT 2014: Exiting /tmp/24822.1.standard.q/ssh
5877: Sat May  3 14:54:42 EDT 2014: Exiting /tmp/24822.1.standard.q/ssh
5862: Sat May  3 14:54:43 EDT 2014: Exiting /tmp/24822.1.standard.q/ssh
5868: Sat May  3 14:54:44 EDT 2014: Exiting /tmp/24822.1.standard.q/ssh
5871: Sat May  3 14:54:44 EDT 2014: Exiting /tmp/24822.1.standard.q/ssh
5875: Sat May  3 14:54:46 EDT 2014: Exiting /tmp/24822.1.standard.q/ssh
5876: Sat May  3 14:54:46 EDT 2014: Exiting /tmp/24822.1.standard.q/ssh
5879: Sat May  3 14:54:47 EDT 2014: Exiting /tmp/24822.1.standard.q/ssh
5866: Sat May  3 14:54:50 EDT 2014: Exiting /tmp/24822.1.standard.q/ssh
5858: Sat May  3 14:54:50 EDT 2014: Exiting /tmp/24822.1.standard.q/ssh
5870: Sat May  3 14:54:50 EDT 2014: Exiting /tmp/24822.1.standard.q/ssh
Warning> Randomization of stack pointer is turned on in kernel.
Charm++> synchronizing isomalloc memory region...
[0] consolidated Isomalloc memory region: 0x2bae80000000 - 0x7ffb10000000 (88393984 megs)
Charm++: scheduler running in netpoll mode.
Charm++> Running on 2 unique compute nodes (12-way SMP).
Charm++> Cpu topology info:
PE to node map: 0 1 0 1 0 1 0 1 0 1 0 1 0 1 0 1 0 1 0 1 0 1 0 1 
Node to PE map:
Chip #0: 0 2 4 6 8 10 12 14 16 18 20 22 
Chip #1: 1 3 5 7 9 11 13 15 17 19 21 23 
Charm++> cpu topology info is gathered in 0.017 seconds.
Info: NAMD 2.7 for Linux-x86_64
Info: 
Info: Please visit http://www.ks.uiuc.edu/Research/namd/
Info: and send feedback or bug reports to namd@ks.uiuc.edu
Info: 
Info: Please cite Phillips et al., J. Comp. Chem. 26:1781-1802 (2005)
Info: in all publications reporting results obtained with NAMD.
Info: 
Info: Based on Charm++/Converse 60202 for net-linux-x86_64
Info: Built Fri Jun 17 11:23:43 EDT 2011 by jason on node026.pug.pbtech
Info: 1 NAMD  2.7  Linux-x86_64  24    node041.pug.pbtech  jam2079
Info: Running on 24 processors.
Info: CPU topology information available.
Info: Charm++/Converse parallel runtime startup completed at 0.180251 s
Info: 1.64034 MB of memory in use based on CmiMemoryUsage
Info: Changed directory to phase2a
Info: Configuration file is rho_equil_phase2a4.np.in
TCL: Suspending until startup complete.
Info: EXTENDED SYSTEM FILE   /home/jam2079/Pathrover/2jln/phase2a/dat_equil_phase2a3.restart.xsc
Info: SIMULATION PARAMETERS:
Info: TIMESTEP               1
Info: NUMBER OF STEPS        0
Info: STEPS PER CYCLE        20
Info: PERIODIC CELL BASIS 1  122.814 0 0
Info: PERIODIC CELL BASIS 2  0 123.915 0
Info: PERIODIC CELL BASIS 3  0 0 112.374
Info: PERIODIC CELL CENTER   -0.389 0.194 1.795
Info: WRAPPING ALL CLUSTERS AROUND PERIODIC BOUNDARIES ON OUTPUT.
Info: LOAD BALANCER  Centralized
Info: LOAD BALANCING STRATEGY  New Load Balancers -- ASB
Info: LDB PERIOD             4000 steps
Info: FIRST LDB TIMESTEP     100
Info: LAST LDB TIMESTEP     -1
Info: LDB BACKGROUND SCALING 1
Info: HOM BACKGROUND SCALING 1
Info: PME BACKGROUND SCALING 1
Info: MAX SELF PARTITIONS    20
Info: MAX PAIR PARTITIONS    8
Info: SELF PARTITION ATOMS   154
Info: SELF2 PARTITION ATOMS   154
Info: PAIR PARTITION ATOMS   318
Info: PAIR2 PARTITION ATOMS  637
Info: MIN ATOMS PER PATCH    100
Info: VELOCITY FILE          /home/jam2079/Pathrover/2jln/phase2a/dat_equil_phase2a3.restart.vel
Info: CENTER OF MASS MOVING INITIALLY? NO
Info: DIELECTRIC             1
Info: EXCLUDE                SCALED ONE-FOUR
Info: 1-4 ELECTROSTATICS SCALED BY 1
Info: MODIFIED 1-4 VDW PARAMETERS WILL BE USED
Info: DCD FILENAME           ./dat_equil_phase2a4.np.dcd
Info: DCD FREQUENCY          5000
Info: DCD FIRST STEP         5000
Info: DCD FILE WILL CONTAIN UNIT CELL DATA
Info: XST FILENAME           ./dat_equil_phase2a4.np.xst
Info: XST FREQUENCY          5000
Info: NO VELOCITY DCD OUTPUT
Info: OUTPUT FILENAME        ./dat_equil_phase2a4.np
Info: RESTART FILENAME       ./dat_equil_phase2a4.np.restart
Info: RESTART FREQUENCY      5000
Info: BINARY RESTART FILES WILL BE USED
Info: SWITCHING ACTIVE
Info: SWITCHING ON           10
Info: SWITCHING OFF          12
Info: PAIRLIST DISTANCE      13.5
Info: PAIRLIST SHRINK RATE   0.01
Info: PAIRLIST GROW RATE     0.01
Info: PAIRLIST TRIGGER       0.3
Info: PAIRLISTS PER CYCLE    2
Info: PAIRLISTS ENABLED
Info: MARGIN                 1.5
Info: HYDROGEN GROUP CUTOFF  2.5
Info: PATCH DIMENSION        17.5
Info: ENERGY OUTPUT STEPS    5000
Info: CROSSTERM ENERGY INCLUDED IN DIHEDRAL
Info: TIMING OUTPUT STEPS    5000
Info: PRESSURE OUTPUT STEPS  5000
Info: HARMONIC CONSTRAINTS ACTIVE
Info: HARMONIC CONS EXP      2
Info: LANGEVIN DYNAMICS ACTIVE
Info: LANGEVIN TEMPERATURE   310
Info: LANGEVIN DAMPING COEFFICIENT IS 5 INVERSE PS
Info: LANGEVIN DYNAMICS NOT APPLIED TO HYDROGENS
Info: LANGEVIN PISTON PRESSURE CONTROL ACTIVE
Info:        TARGET PRESSURE IS 1.01325 BAR
Info:     OSCILLATION PERIOD IS 200 FS
Info:             DECAY TIME IS 50 FS
Info:     PISTON TEMPERATURE IS 310 K
Info:       PRESSURE CONTROL IS GROUP-BASED
Info:    INITIAL STRAIN RATE IS 1.49473e-06 1.49473e-06 -2.5987e-05
Info:       CELL FLUCTUATION IS ANISOTROPIC
Info:     SHAPE OF CELL IS CONSTRAINED IN X-Y PLANE
Info: PARTICLE MESH EWALD (PME) ACTIVE
Info: PME TOLERANCE               1e-06
Info: PME EWALD COEFFICIENT       0.257952
Info: PME INTERPOLATION ORDER     4
Info: PME GRID DIMENSIONS         128 128 120
Info: PME MAXIMUM GRID SPACING    1
Info: Attempting to read FFTW data from FFTW_NAMD_2.7_Linux-x86_64.txt
Info: Optimizing 6 FFT steps.  1... 2... 3... 4... 5... 6...   Done.
Info: Writing FFTW data to FFTW_NAMD_2.7_Linux-x86_64.txt
Info: FULL ELECTROSTATIC EVALUATION FREQUENCY      4
Info: USING VERLET I (r-RESPA) MTS SCHEME.
Info: C1 SPLITTING OF LONG RANGE ELECTROSTATICS
Info: PLACING ATOMS IN PATCHES BY HYDROGEN GROUPS
Info: RIGID BONDS TO HYDROGEN : ALL
Info:         ERROR TOLERANCE : 1e-08
Info:          MAX ITERATIONS : 100
Info: RIGID WATER USING SETTLE ALGORITHM
Info: NONBONDED FORCES EVALUATED EVERY 2 STEPS
Info: RANDOM NUMBER SEED     1399143301
Info: USE HYDROGEN BONDS?    NO
Info: COORDINATE PDB         /home/jam2079/Pathrover/2jln/phase2a/dat_equil_phase2a3.coor
Info: STRUCTURE FILE         /home/jam2079/Pathrover/2jln/common/ionized.psf
Info: PARAMETER file: CHARMM format! 
Info: PARAMETERS             /home/jam2079/Pathrover/2jln/common/parameters_all.prm
Info: USING ARITHMETIC MEAN TO COMBINE L-J SIGMA PARAMETERS
Info: BINARY COORDINATES     /home/jam2079/Pathrover/2jln/phase2a/dat_equil_phase2a3.restart.coor
Info: SUMMARY OF PARAMETERS:
Info: 231 BONDS
Info: 615 ANGLES
Info: 936 DIHEDRAL
Info: 55 IMPROPER
Info: 6 CROSSTERM
Info: 152 VDW
Info: 0 VDW_PAIRS
Info: TIME FOR READING PSF FILE: 3.04481
Info: TIME FOR READING PDB FILE: 0.294185
Info: 
Info: Reading from binary file /home/jam2079/Pathrover/2jln/phase2a/dat_equil_phase2a3.restart.coor
Info: ****************************
Info: STRUCTURE SUMMARY:
Info: 172765 ATOMS
Info: 137441 BONDS
Info: 163935 ANGLES
Info: 179819 DIHEDRALS
Info: 2052 IMPROPERS
Info: 0 CROSSTERMS
Info: 0 EXCLUSIONS
Info: 1846 CONSTRAINTS
Info: 145106 RIGID BONDS
Info: 373189 DEGREES OF FREEDOM
Info: 62497 HYDROGEN GROUPS
Info: 4 ATOMS IN LARGEST HYDROGEN GROUP
Info: 62497 MIGRATION GROUPS
Info: 4 ATOMS IN LARGEST MIGRATION GROUP
Info: TOTAL MASS = 1.03211e+06 amu
Info: TOTAL CHARGE = 4.77266e-05 e
Info: MASS DENSITY = 1.00219 g/cm^3
Info: ATOM DENSITY = 0.101023 atoms/A^3
Info: *****************************
Info: 
Info: Entering startup at 33.3659 s, 49.5449 MB of memory in use
Info: Startup phase 0 took 0.0431209 s, 49.541 MB of memory in use
Info: Startup phase 1 took 1.42931 s, 86.5288 MB of memory in use
Info: Startup phase 2 took 0.0458808 s, 87.853 MB of memory in use
Info: PATCH GRID IS 7 (PERIODIC) BY 7 (PERIODIC) BY 6 (PERIODIC)
Info: PATCH GRID IS 1-AWAY BY 1-AWAY BY 1-AWAY
Info: Reading from binary file /home/jam2079/Pathrover/2jln/phase2a/dat_equil_phase2a3.restart.vel
Info: REMOVING COM VELOCITY 0.00711963 0.00887091 -0.00876046
Info: LARGEST PATCH (174) HAS 648 ATOMS
Info: Startup phase 3 took 0.175947 s, 111.34 MB of memory in use
Info: PME using 22 and 22 processors for FFT and reciprocal sum.
Info: PME GRID LOCATIONS: 1 2 3 4 5 6 7 8 9 10 ...
Info: PME TRANS LOCATIONS: 1 2 3 4 5 6 7 8 9 10 ...
Info: Startup phase 4 took 0.067137 s, 111.341 MB of memory in use
Info: Startup phase 5 took 0.076957 s, 89.8397 MB of memory in use
LDB: Central LB being created...
Info: Startup phase 6 took 1.26497 s, 89.889 MB of memory in use
Info: CREATING 9976 COMPUTE OBJECTS
Info: useSync: 1 useProxySync: 0
Info: NONBONDED TABLE R-SQUARED SPACING: 0.0625
Info: NONBONDED TABLE SIZE: 769 POINTS
Info: Startup phase 7 took 0.0518451 s, 93.0292 MB of memory in use
Info: Startup phase 8 took 0.000212908 s, 94.7954 MB of memory in use
Info: Finished startup at 36.5212 s, 94.7954 MB of memory in use

TCL: Running for 250000 steps
PRESSURE: 0 -12865.1 -24.0131 98.7726 -33.0127 -13067.5 -70.7198 108.19 -75.8639 -13437.3
GPRESSURE: 0 297.779 -23.3127 60.1966 -67.4647 260.298 -43.0009 61.3159 -16.1237 -149.885
ETITLE:      TS           BOND          ANGLE          DIHED          IMPRP               ELECT            VDW       BOUNDARY           MISC        KINETIC               TOTAL           TEMP      POTENTIAL         TOTAL3        TEMPAVG            PRESSURE      GPRESSURE         VOLUME       PRESSAVG      GPRESSAVG

ENERGY:       0      8066.8671     40021.9310     27758.5228       494.5958        -442471.7339     13519.4358       231.7721         0.0000    114725.7672        -237652.8422       309.4016   -352378.6094   -237358.3766       309.4016         -13123.2808       136.0642   1710163.3605    -13123.2808       136.0642

OPENING EXTENDED SYSTEM TRAJECTORY FILE
LDB: ============= START OF LOAD BALANCING ============== 44.3113
LDB: ============== END OF LOAD BALANCING =============== 44.312

Info: Initial time: 24 CPUs 0.0768106 s/step 0.889011 days/ns 114.029 MB memory
LDB: ============= START OF LOAD BALANCING ============== 52.3491
LDB: TIME 52.3536 LOAD: AVG 7.00051 MAX 7.44469  PROXIES: TOTAL 654 MAXPE 29 MAXPATCH 4 None 1.22235
LDB: TIME 52.3994 LOAD: AVG 7.00051 MAX 7.00991  PROXIES: TOTAL 654 MAXPE 29 MAXPATCH 4 TorusLB 1.22235
LDB: TIME 52.3995 LOAD: AVG 7.00051 MAX 7.00991  PROXIES: TOTAL 654 MAXPE 29 MAXPATCH 4 TorusLB 1.22235
LDB: ============== END OF LOAD BALANCING =============== 52.421

Info: Initial time: 24 CPUs 0.0790263 s/step 0.914657 days/ns 113.433 MB memory
LDB: ============= START OF LOAD BALANCING ============== 60.5504
LDB: TIME 60.5551 LOAD: AVG 7.0811 MAX 7.1937  PROXIES: TOTAL 654 MAXPE 29 MAXPATCH 4 None 1.25928
LDB: TIME 60.5647 LOAD: AVG 7.0811 MAX 7.1937  PROXIES: TOTAL 654 MAXPE 29 MAXPATCH 4 RefineTorusLB 1.25928
LDB: ============== END OF LOAD BALANCING =============== 60.5668

Info: Initial time: 24 CPUs 0.0792681 s/step 0.917455 days/ns 114.046 MB memory
LDB: ============= START OF LOAD BALANCING ============== 68.8523
LDB: TIME 68.8757 LOAD: AVG 7.05843 MAX 7.33067  PROXIES: TOTAL 654 MAXPE 29 MAXPATCH 4 None 1.23608
LDB: TIME 68.8865 LOAD: AVG 7.05843 MAX 7.33067  PROXIES: TOTAL 654 MAXPE 29 MAXPATCH 4 RefineTorusLB 1.23608
LDB: ============== END OF LOAD BALANCING =============== 68.8885

Info: Benchmark time: 24 CPUs 0.0809479 s/step 0.936898 days/ns 114.054 MB memory
Info: Benchmark time: 24 CPUs 0.0786469 s/step 0.910265 days/ns 114.333 MB memory
Info: Benchmark time: 24 CPUs 0.0803379 s/step 0.929836 days/ns 114.436 MB memory
LDB: ============= START OF LOAD BALANCING ============== 381.935
LDB: ============== END OF LOAD BALANCING =============== 381.936

LDB: ============= START OF LOAD BALANCING ============== 390.271
LDB: TIME 390.305 LOAD: AVG 7.11623 MAX 7.33185  PROXIES: TOTAL 654 MAXPE 29 MAXPATCH 4 None 1.2525
LDB: TIME 390.316 LOAD: AVG 7.11623 MAX 7.33185  PROXIES: TOTAL 654 MAXPE 29 MAXPATCH 4 RefineTorusLB 1.2525
LDB: ============== END OF LOAD BALANCING =============== 390.319

PRESSURE: 5000 -13498.2 -60.9115 -81.0996 -89.4594 -13178.6 72.8823 -48.1124 82.5085 -13484.5
GPRESSURE: 5000 -155.233 -42.6811 -24.9283 -80.38 111.4 46.7563 -22.5779 93.5914 -175.338
PRESSAVG: 5000 21.0033 7.33635 9.5776 -3.1613 -22.0195 13.5476 28.2962 -8.99679 1.19623
GPRESSAVG: 5000 20.9833 7.41816 9.64394 -3.16034 -21.9246 13.4508 28.3034 -8.81495 1.28461
TIMING: 5000  CPU: 354.313, 0.0708102/step  Wall: 402.57, 0.080433/step, 5.47391 hours remaining, 131.103729 MB of memory in use.
ENERGY:    5000      7961.2872     40285.7573     27702.4938       488.2436        -441937.6541     12834.0550       231.2826         0.0000    114788.7836        -237645.7510       309.5715   -352434.5346   -237369.4306       309.9920         -13387.1089       -73.0569   1701348.2285         0.0600         0.1145

WRITING EXTENDED SYSTEM TO RESTART FILE AT STEP 5000
OPENING COORDINATE DCD FILE
WRITING COORDINATES TO DCD FILE AT STEP 5000
WRITING COORDINATES TO RESTART FILE AT STEP 5000
FINISHED WRITING RESTART COORDINATES
WRITING VELOCITIES TO RESTART FILE AT STEP 5000
FINISHED WRITING RESTART VELOCITIES
LDB: ============= START OF LOAD BALANCING ============== 705.124
LDB: ============== END OF LOAD BALANCING =============== 705.125

LDB: ============= START OF LOAD BALANCING ============== 713.298
LDB: TIME 713.302 LOAD: AVG 7.11454 MAX 7.32809  PROXIES: TOTAL 654 MAXPE 29 MAXPATCH 4 None 1.25563
LDB: TIME 713.308 LOAD: AVG 7.11454 MAX 7.32809  PROXIES: TOTAL 654 MAXPE 29 MAXPATCH 4 RefineTorusLB 1.25563
LDB: ============== END OF LOAD BALANCING =============== 713.31

PRESSURE: 10000 -13166.7 -3.98543 2.9758 -46.8463 -13041.8 -58.3219 22.0881 -36.6214 -13273.7
GPRESSURE: 10000 218.437 35.2004 69.1499 -16.522 282.359 -49.8029 4.60997 -89.0597 108.945
PRESSAVG: 10000 10.8639 1.08019 -2.21128 -11.1214 -8.42981 12.6774 7.13648 -13.6882 0.541147
GPRESSAVG: 10000 10.8339 1.0024 -2.2447 -10.9451 -8.35338 12.8722 7.0359 -13.8334 0.6872
TIMING: 10000  CPU: 709.43, 0.0710234/step  Wall: 806.59, 0.080804/step, 5.38693 hours remaining, 132.902908 MB of memory in use.
ENERGY:   10000      7928.6235     40449.6067     27531.8483       512.6763        -443024.6562     13337.0080       237.0070         0.0000    114537.3780        -238490.5084       308.8935   -353027.8863   -238201.7687       310.0928         -13160.7416       203.2471   1697689.6683         0.9917         1.0559

WRITING EXTENDED SYSTEM TO RESTART FILE AT STEP 10000
WRITING COORDINATES TO DCD FILE AT STEP 10000
WRITING COORDINATES TO RESTART FILE AT STEP 10000
FINISHED WRITING RESTART COORDINATES
WRITING VELOCITIES TO RESTART FILE AT STEP 10000
FINISHED WRITING RESTART VELOCITIES
LDB: ============= START OF LOAD BALANCING ============== 1028.91
LDB: ============== END OF LOAD BALANCING =============== 1028.91

LDB: ============= START OF LOAD BALANCING ============== 1037.1
LDB: TIME 1037.13 LOAD: AVG 7.13822 MAX 7.3741  PROXIES: TOTAL 654 MAXPE 29 MAXPATCH 4 None 1.26936
LDB: TIME 1037.14 LOAD: AVG 7.13822 MAX 7.3741  PROXIES: TOTAL 654 MAXPE 29 MAXPATCH 4 RefineTorusLB 1.26936
LDB: ============== END OF LOAD BALANCING =============== 1037.14

PRESSURE: 15000 -13532.1 58.3919 -15.9869 68.1603 -13638.3 -3.67647 -11.251 -23.6825 -13262.5
GPRESSURE: 15000 -137.302 126.623 -76.0236 -30.8038 -192.546 26.8102 52.6614 -63.2465 11.0693
PRESSAVG: 15000 5.57415 12.2437 4.67514 4.61133 3.6068 -29.8664 -6.9661 -19.9953 -2.77499
GPRESSAVG: 15000 5.62517 12.3466 4.51052 4.6192 3.67249 -29.8521 -7.06631 -20.0554 -2.74633
TIMING: 15000  CPU: 1065.35, 0.0711832/step  Wall: 1211.17, 0.0809154/step, 5.28198 hours remaining, 133.187363 MB of memory in use.
ENERGY:   15000      8094.3953     40461.3984     27557.1795       511.4632        -442213.4908     12511.8833       233.7372         0.0000    115073.1873        -237770.2468       310.3385   -352843.4341   -237447.0598       309.6884         -13477.6372      -106.2596   1694515.8236         2.1353         2.1838

WRITING EXTENDED SYSTEM TO RESTART FILE AT STEP 15000
WRITING COORDINATES TO DCD FILE AT STEP 15000
WRITING COORDINATES TO RESTART FILE AT STEP 15000
FINISHED WRITING RESTART COORDINATES
WRITING VELOCITIES TO RESTART FILE AT STEP 15000
FINISHED WRITING RESTART VELOCITIES
LDB: ============= START OF LOAD BALANCING ============== 1352.6
LDB: ============== END OF LOAD BALANCING =============== 1352.6

LDB: ============= START OF LOAD BALANCING ============== 1360.82
LDB: TIME 1360.85 LOAD: AVG 7.15518 MAX 7.34014  PROXIES: TOTAL 654 MAXPE 29 MAXPATCH 4 None 1.27406
LDB: TIME 1360.86 LOAD: AVG 7.15518 MAX 7.34014  PROXIES: TOTAL 654 MAXPE 29 MAXPATCH 4 RefineTorusLB 1.27406
LDB: ============== END OF LOAD BALANCING =============== 1360.86

PRESSURE: 20000 -13732.7 -41.8664 69.4205 -12.7058 -13427.3 62.2817 55.3911 -1.51431 -13070.9
GPRESSURE: 20000 -226.644 -53.0206 77.5072 -99.4838 -27.6211 -0.0977572 69.5994 -40.7045 213.476
PRESSAVG: 20000 -5.81102 -10.0819 -17.7502 -6.46783 -6.05681 9.76188 -7.03588 -37.513 -4.70596
GPRESSAVG: 20000 -5.61483 -10.0204 -17.8248 -6.57898 -6.08128 9.798 -7.0136 -37.5336 -4.60988
TIMING: 20000  CPU: 1419.25, 0.0707804/step  Wall: 1616.82, 0.0811313/step, 5.18339 hours remaining, 133.330582 MB of memory in use.
ENERGY:   20000      8022.5251     40452.6518     27592.0918       481.4201        -442310.7304     12204.4340       224.3995         0.0000    114836.1144        -238497.0935       309.6992   -353333.2080   -238201.2621       309.9370         -13410.3377       -13.5964   1689853.2887        -5.5246        -5.4353

WRITING EXTENDED SYSTEM TO RESTART FILE AT STEP 20000
WRITING COORDINATES TO DCD FILE AT STEP 20000
WRITING COORDINATES TO RESTART FILE AT STEP 20000
FINISHED WRITING RESTART COORDINATES
WRITING VELOCITIES TO RESTART FILE AT STEP 20000
FINISHED WRITING RESTART VELOCITIES
LDB: ============= START OF LOAD BALANCING ============== 1677.66
LDB: ============== END OF LOAD BALANCING =============== 1677.66

LDB: ============= START OF LOAD BALANCING ============== 1685.84
LDB: TIME 1685.87 LOAD: AVG 7.13861 MAX 7.41738  PROXIES: TOTAL 654 MAXPE 29 MAXPATCH 4 None 1.25912
LDB: TIME 1685.88 LOAD: AVG 7.13861 MAX 7.41738  PROXIES: TOTAL 654 MAXPE 29 MAXPATCH 4 RefineTorusLB 1.25912
LDB: ============== END OF LOAD BALANCING =============== 1685.89

LDB: ============= START OF LOAD BALANCING ============== 2003.01
LDB: ============== END OF LOAD BALANCING =============== 2003.01

LDB: ============= START OF LOAD BALANCING ============== 2011.42
LDB: TIME 2011.45 LOAD: AVG 7.17496 MAX 7.46877  PROXIES: TOTAL 654 MAXPE 29 MAXPATCH 4 None 1.27119
LDB: TIME 2011.46 LOAD: AVG 7.17496 MAX 7.46877  PROXIES: TOTAL 654 MAXPE 29 MAXPATCH 4 RefineTorusLB 1.27119
LDB: ============== END OF LOAD BALANCING =============== 2011.47

PRESSURE: 25000 -13415 -81.9311 -148.319 -35.1747 -13286.6 34.732 -218.825 48.6209 -13364.5
GPRESSURE: 25000 53.966 -108.039 -168.888 -27.9145 172.086 72.9582 -248.733 95.4967 -19.7563
PRESSAVG: 25000 17.6744 3.67378 18.806 7.89643 -17.5523 -20.6921 -6.75144 -19.6415 -0.585453
GPRESSAVG: 25000 17.7314 3.66868 18.9373 8.01354 -17.5408 -20.7159 -6.91253 -19.8261 -0.605063
TIMING: 25000  CPU: 1775.42, 0.0712352/step  Wall: 2024.4, 0.0815158/step, 5.09474 hours remaining, 133.519424 MB of memory in use.
ENERGY:   25000      7953.7885     40585.8976     27489.3224       508.7636        -442823.9278     12758.9798       245.9671         0.0000    114941.8231        -238339.3857       309.9843   -353281.2088   -238040.0625       309.7831         -13355.3744        68.7653   1688254.5892        -0.1545        -0.1381

WRITING EXTENDED SYSTEM TO RESTART FILE AT STEP 25000
WRITING COORDINATES TO DCD FILE AT STEP 25000
WRITING COORDINATES TO RESTART FILE AT STEP 25000
FINISHED WRITING RESTART COORDINATES
WRITING VELOCITIES TO RESTART FILE AT STEP 25000
FINISHED WRITING RESTART VELOCITIES
LDB: ============= START OF LOAD BALANCING ============== 2329.86
LDB: ============== END OF LOAD BALANCING =============== 2329.86

LDB: ============= START OF LOAD BALANCING ============== 2338.19
LDB: TIME 2338.2 LOAD: AVG 7.17145 MAX 7.46817  PROXIES: TOTAL 654 MAXPE 29 MAXPATCH 4 None 1.26103
LDB: TIME 2338.21 LOAD: AVG 7.17145 MAX 7.46817  PROXIES: TOTAL 654 MAXPE 29 MAXPATCH 4 RefineTorusLB 1.26103
LDB: ============== END OF LOAD BALANCING =============== 2338.21

PRESSURE: 30000 -13442.3 -200.267 70.458 -230.78 -13495.9 -101.058 92.8147 -110.057 -13262.1
GPRESSURE: 30000 67.5739 -156.503 9.48241 -132.782 -5.82944 -58.6904 150.518 13.5823 107.966
PRESSAVG: 30000 13.2032 1.14807 9.49323 -11.606 1.20617 -3.35319 -19.573 -19.7734 -0.768007
GPRESSAVG: 30000 13.1306 1.36981 9.43529 -11.3649 1.19675 -3.46981 -19.3363 -19.78 -0.779717
TIMING: 30000  CPU: 2131.46, 0.071207/step  Wall: 2431.65, 0.0814494/step, 4.97746 hours remaining, 133.991806 MB of memory in use.
ENERGY:   30000      8019.7525     40465.7053     27646.4484       485.8684        -442832.7837     12650.8816       234.8922         0.0000    114950.1794        -238379.0560       310.0068   -353329.2354   -238078.3488       309.9336         -13400.0751        56.5702   1684360.7641         4.5471         4.5159

WRITING EXTENDED SYSTEM TO RESTART FILE AT STEP 30000
WRITING COORDINATES TO DCD FILE AT STEP 30000
WRITING COORDINATES TO RESTART FILE AT STEP 30000
FINISHED WRITING RESTART COORDINATES
WRITING VELOCITIES TO RESTART FILE AT STEP 30000
FINISHED WRITING RESTART VELOCITIES
LDB: ============= START OF LOAD BALANCING ============== 2655.29
LDB: ============== END OF LOAD BALANCING =============== 2655.29

LDB: ============= START OF LOAD BALANCING ============== 2663.54
LDB: TIME 2663.55 LOAD: AVG 7.15355 MAX 7.40384  PROXIES: TOTAL 654 MAXPE 29 MAXPATCH 4 None 1.24986
LDB: TIME 2663.55 LOAD: AVG 7.15355 MAX 7.40384  PROXIES: TOTAL 654 MAXPE 29 MAXPATCH 4 RefineTorusLB 1.24986
LDB: ============== END OF LOAD BALANCING =============== 2663.56

WRITING COORDINATES TO DCD FILE AT STEP 35000
WRITING COORDINATES TO RESTART FILE AT STEP 35000
FINISHED WRITING RESTART COORDINATES
PRESSURE: 35000 -13322 77.6972 124.073 80.1006 -13352.7 -5.68078 97.4738 58.6763 -13347
GPRESSURE: 35000 77.318 14.8912 26.8076 35.3909 63.4128 55.7932 67.8372 50.4545 -27.4392
PRESSAVG: 35000 20.8996 21.3996 -7.84061 -0.241527 -30.118 -1.45568 -18.3613 0.039418 3.55599
GPRESSAVG: 35000 20.8505 21.3424 -7.93089 -0.460535 -30.0898 -1.3465 -18.4837 0.129141 3.81137
TIMING: 35000  CPU: 2487.68, 0.0712434/step  Wall: 2838.14, 0.0812981/step, 4.8553 hours remaining, 133.556534 MB of memory in use.
ENERGY:   35000      8056.0677     40413.1355     27499.3559       506.5037        -441704.7610     12379.9351       236.5920         0.0000    114810.0963        -237803.0748       309.6290   -352613.1711   -237512.4993       309.9502         -13340.5638        37.7639   1688722.7849        -1.8875        -1.8093

WRITING EXTENDED SYSTEM TO RESTART FILE AT STEP 35000
WRITING VELOCITIES TO RESTART FILE AT STEP 35000
FINISHED WRITING RESTART VELOCITIES
LDB: ============= START OF LOAD BALANCING ============== 2980.6
LDB: ============== END OF LOAD BALANCING =============== 2980.6

LDB: ============= START OF LOAD BALANCING ============== 2988.76
LDB: TIME 2988.76 LOAD: AVG 7.16655 MAX 7.36715  PROXIES: TOTAL 654 MAXPE 29 MAXPATCH 4 None 1.2685
LDB: TIME 2988.77 LOAD: AVG 7.16655 MAX 7.36715  PROXIES: TOTAL 654 MAXPE 29 MAXPATCH 4 RefineTorusLB 1.2685
LDB: ============== END OF LOAD BALANCING =============== 2988.77

WRITING COORDINATES TO DCD FILE AT STEP 40000
WRITING COORDINATES TO RESTART FILE AT STEP 40000
FINISHED WRITING RESTART COORDINATES
PRESSURE: 40000 -13291.2 52.9093 65.9255 19.7664 -13408.2 5.98121 103.158 -18.936 -13242.8
GPRESSURE: 40000 115.416 114.862 2.67237 120.994 38.1933 13.4228 20.5836 -58.7926 128.648
PRESSAVG: 40000 30.0578 8.28925 -13.0375 8.5194 -17.0647 -7.36746 -5.14238 -16.1545 2.69978
GPRESSAVG: 40000 30.1277 8.32909 -13.0432 8.35053 -17.156 -7.37086 -5.16037 -16.2824 2.49335
TIMING: 40000  CPU: 2845.68, 0.0716017/step  Wall: 3245.49, 0.0814701/step, 4.75242 hours remaining, 133.333206 MB of memory in use.
ENERGY:   40000      7984.6859     40309.1539     27655.0724       529.6629        -441887.6272     12341.7750       247.0655         0.0000    115060.8444        -237759.3673       310.3052   -352820.2117   -237468.2887       310.0862         -13314.0686        94.0859   1686078.3913         5.2309         5.1550

WRITING EXTENDED SYSTEM TO RESTART FILE AT STEP 40000
WRITING VELOCITIES TO RESTART FILE AT STEP 40000
FINISHED WRITING RESTART VELOCITIES
LDB: ============= START OF LOAD BALANCING ============== 3306.48
LDB: ============== END OF LOAD BALANCING =============== 3306.48

LDB: ============= START OF LOAD BALANCING ============== 3314.96
LDB: TIME 3314.99 LOAD: AVG 7.17959 MAX 7.65427  PROXIES: TOTAL 654 MAXPE 29 MAXPATCH 4 None 1.27266
LDB: TIME 3315.01 LOAD: AVG 7.17959 MAX 7.52435  PROXIES: TOTAL 654 MAXPE 29 MAXPATCH 4 RefineTorusLB 1.27266
LDB: ============== END OF LOAD BALANCING =============== 3315.01

LDB: ============= START OF LOAD BALANCING ============== 3633.09
LDB: ============== END OF LOAD BALANCING =============== 3633.1

LDB: ============= START OF LOAD BALANCING ============== 3641.42
LDB: TIME 3641.43 LOAD: AVG 7.16341 MAX 7.36642  PROXIES: TOTAL 654 MAXPE 29 MAXPATCH 4 None 1.25413
LDB: TIME 3641.44 LOAD: AVG 7.16341 MAX 7.36642  PROXIES: TOTAL 654 MAXPE 29 MAXPATCH 4 RefineTorusLB 1.25413
LDB: ============== END OF LOAD BALANCING =============== 3641.44

PRESSURE: 45000 -13436.9 142.843 75.6944 143.377 -13487.3 101.812 102.444 44.7252 -13250.5
GPRESSURE: 45000 8.25185 28.6473 92.8951 85.2756 -44.6681 72.6518 71.1004 52.8456 38.4577
PRESSAVG: 45000 -16.9114 13.8396 18.0809 10.4419 19.32 9.40212 14.7277 0.976092 0.0941032
GPRESSAVG: 45000 -16.9888 13.7382 18.2595 10.5045 19.2307 9.3592 14.769 0.987543 0.177644
TIMING: 45000  CPU: 3201.32, 0.0711262/step  Wall: 3653.81, 0.0816646/step, 4.65034 hours remaining, 133.550827 MB of memory in use.
ENERGY:   45000      7929.9345     40589.0110     27622.7990       497.6012        -442045.6335     12146.0635       240.0230         0.0000    114733.5456        -238286.6556       309.4226   -353020.2013   -237985.9170       310.0217         -13391.5493         0.6805   1689435.0840         0.8342         0.8065

WRITING EXTENDED SYSTEM TO RESTART FILE AT STEP 45000
WRITING COORDINATES TO DCD FILE AT STEP 45000
WRITING COORDINATES TO RESTART FILE AT STEP 45000
FINISHED WRITING RESTART COORDINATES
WRITING VELOCITIES TO RESTART FILE AT STEP 45000
FINISHED WRITING RESTART VELOCITIES
LDB: ============= START OF LOAD BALANCING ============== 3958.91
LDB: ============== END OF LOAD BALANCING =============== 3958.92

LDB: ============= START OF LOAD BALANCING ============== 3967.27
LDB: TIME 3967.28 LOAD: AVG 7.17723 MAX 7.35735  PROXIES: TOTAL 654 MAXPE 29 MAXPATCH 4 None 1.26405
LDB: TIME 3967.28 LOAD: AVG 7.17723 MAX 7.35735  PROXIES: TOTAL 654 MAXPE 29 MAXPATCH 4 RefineTorusLB 1.26405
LDB: ============== END OF LOAD BALANCING =============== 3967.29

PRESSURE: 50000 -13598.2 105.67 -205.86 88.4308 -13552.1 160.659 -218.455 104.807 -13540.3
GPRESSURE: 50000 -193.231 47.7024 -177.639 -39.5313 -56.2376 107.658 -234.976 49.5204 -288.655
PRESSAVG: 50000 3.64071 17.0891 -10.2509 16.6402 -10.9769 24.6416 -7.62837 -4.54781 2.61933
GPRESSAVG: 50000 3.35854 17.1839 -10.2185 16.4069 -11.0489 24.5951 -7.59117 -4.46556 2.62309
TIMING: 50000  CPU: 3556.86, 0.0711094/step  Wall: 4061.62, 0.0815612/step, 4.53118 hours remaining, 133.555832 MB of memory in use.
ETITLE:      TS           BOND          ANGLE          DIHED          IMPRP               ELECT            VDW       BOUNDARY           MISC        KINETIC               TOTAL           TEMP      POTENTIAL         TOTAL3        TEMPAVG            PRESSURE      GPRESSURE         VOLUME       PRESSAVG      GPRESSAVG

ENERGY:   50000      7945.3965     40512.4862     27595.8855       500.7705        -442046.0750     12001.8302       251.1707         0.0000    114349.9767        -238888.5589       308.3881   -353238.5355   -238605.7606       309.7747         -13563.5537      -179.3745   1691566.7639        -1.5723        -1.6891

WRITING EXTENDED SYSTEM TO RESTART FILE AT STEP 50000
WRITING COORDINATES TO DCD FILE AT STEP 50000
WRITING COORDINATES TO RESTART FILE AT STEP 50000
FINISHED WRITING RESTART COORDINATES
WRITING VELOCITIES TO RESTART FILE AT STEP 50000
FINISHED WRITING RESTART VELOCITIES
LDB: ============= START OF LOAD BALANCING ============== 4285.29
LDB: ============== END OF LOAD BALANCING =============== 4285.29

LDB: ============= START OF LOAD BALANCING ============== 4293.58
LDB: TIME 4293.58 LOAD: AVG 7.16562 MAX 7.48651  PROXIES: TOTAL 654 MAXPE 29 MAXPATCH 4 None 1.26104
LDB: TIME 4293.59 LOAD: AVG 7.16562 MAX 7.48651  PROXIES: TOTAL 654 MAXPE 29 MAXPATCH 4 RefineTorusLB 1.26104
LDB: ============== END OF LOAD BALANCING =============== 4293.59

WRITING COORDINATES TO DCD FILE AT STEP 55000
WRITING COORDINATES TO RESTART FILE AT STEP 55000
FINISHED WRITING RESTART COORDINATES
WRITING VELOCITIES TO RESTART FILE AT STEP 55000
FINISHED WRITING RESTART VELOCITIES
PRESSURE: 55000 -13341.5 -87.2685 -1.21003 -91.523 -13505.1 27.3854 52.4776 -13.267 -13456.4
GPRESSURE: 55000 44.7777 -39.4633 28.7166 -39.9691 -58.4742 -38.673 -8.68309 -22.4791 -126.906
PRESSAVG: 55000 -0.205263 12.0712 5.38437 24.6275 -10.2972 15.2443 8.04135 0.706155 2.67602
GPRESSAVG: 55000 -0.142818 12.1915 5.19779 24.5441 -10.2375 15.3654 8.0747 0.631121 2.60049
TIMING: 55000  CPU: 3912.72, 0.071171/step  Wall: 4469.3, 0.0815352/step, 4.41649 hours remaining, 133.360977 MB of memory in use.
ENERGY:   55000      8051.5660     40521.1783     27543.4132       525.3249        -442188.2042     12293.5420       236.7871         0.0000    114598.7938        -238417.5990       309.0591   -353016.3928   -238108.0277       309.8130         -13434.3437       -46.8675   1689897.2535        -2.6088        -2.5933

WRITING EXTENDED SYSTEM TO RESTART FILE AT STEP 55000
LDB: ============= START OF LOAD BALANCING ============== 4612.01
LDB: ============== END OF LOAD BALANCING =============== 4612.01

LDB: ============= START OF LOAD BALANCING ============== 4620.27
LDB: TIME 4620.27 LOAD: AVG 7.18005 MAX 7.37178  PROXIES: TOTAL 654 MAXPE 29 MAXPATCH 4 None 1.27834
LDB: TIME 4620.28 LOAD: AVG 7.18005 MAX 7.37178  PROXIES: TOTAL 654 MAXPE 29 MAXPATCH 4 RefineTorusLB 1.27834
LDB: ============== END OF LOAD BALANCING =============== 4620.28

PRESSURE: 60000 -13349.3 40.3934 81.0371 49.806 -13301.8 75.4806 -12.3901 29.8854 -13348.1
GPRESSURE: 60000 10.4018 10.7245 168.566 -71.4516 111.848 126.163 20.535 116.362 30.091
PRESSAVG: 60000 -3.43877 -4.01947 16.5298 10.5022 -1.21613 2.1751 -6.3284 -22.2307 6.91902
GPRESSAVG: 60000 -3.36398 -3.84358 16.5812 10.3982 -1.37101 2.18221 -6.46533 -22.2173 7.19476
TIMING: 60000  CPU: 4269.24, 0.0713042/step  Wall: 4878.76, 0.0818924/step, 4.3221 hours remaining, 134.751358 MB of memory in use.
ENERGY:   60000      8035.9190     40217.1622     27610.2642       495.5196        -441735.2807     12065.3721       247.3112         0.0000    114909.3946        -238154.3378       309.8968   -353063.7324   -237849.3420       309.7076         -13333.0969        50.7803   1689079.2024         0.7547         0.8199

WRITING EXTENDED SYSTEM TO RESTART FILE AT STEP 60000
WRITING COORDINATES TO DCD FILE AT STEP 60000
WRITING COORDINATES TO RESTART FILE AT STEP 60000
FINISHED WRITING RESTART COORDINATES
WRITING VELOCITIES TO RESTART FILE AT STEP 60000
FINISHED WRITING RESTART VELOCITIES
LDB: ============= START OF LOAD BALANCING ============== 4939.1
LDB: ============== END OF LOAD BALANCING =============== 4939.1

LDB: ============= START OF LOAD BALANCING ============== 4947.45
LDB: TIME 4947.49 LOAD: AVG 7.15942 MAX 7.33494  PROXIES: TOTAL 654 MAXPE 29 MAXPATCH 4 None 1.26058
LDB: TIME 4947.5 LOAD: AVG 7.15942 MAX 7.33494  PROXIES: TOTAL 654 MAXPE 29 MAXPATCH 4 RefineTorusLB 1.26058
LDB: ============== END OF LOAD BALANCING =============== 4947.5

LDB: ============= START OF LOAD BALANCING ============== 5264.51
LDB: ============== END OF LOAD BALANCING =============== 5264.51

LDB: ============= START OF LOAD BALANCING ============== 5273.09
LDB: TIME 5273.09 LOAD: AVG 7.18861 MAX 7.44891  PROXIES: TOTAL 654 MAXPE 29 MAXPATCH 4 None 1.25561
LDB: TIME 5273.1 LOAD: AVG 7.18861 MAX 7.44891  PROXIES: TOTAL 654 MAXPE 29 MAXPATCH 4 RefineTorusLB 1.25561
LDB: ============== END OF LOAD BALANCING =============== 5273.1

PRESSURE: 65000 -13340.5 -7.23206 -229.106 -10.5028 -13491.2 195.121 -207.969 187.708 -13444.1
GPRESSURE: 65000 218.333 -52.6491 -146.24 -101.19 -90.62 73.1485 -94.8835 75.8233 -63.3279
PRESSAVG: 65000 4.1945 -2.68145 -6.21292 8.58098 -10.5918 12.8864 -10.6052 2.68469 1.98264
GPRESSAVG: 65000 4.34903 -2.58243 -6.22224 8.64989 -10.5115 12.8873 -10.711 2.67264 1.80839
TIMING: 65000  CPU: 4624.89, 0.0711314/step  Wall: 5286.29, 0.081506/step, 4.1885 hours remaining, 135.070511 MB of memory in use.
ENERGY:   65000      8096.2726     40214.1247     27671.1709       495.1644        -442304.2832     12230.6555       223.2375         0.0000    115049.6991        -238323.9583       310.2752   -353373.6574   -238039.6967       309.8274         -13425.2329        21.4617   1682245.2793        -1.4716        -1.4513

WRITING EXTENDED SYSTEM TO RESTART FILE AT STEP 65000
WRITING COORDINATES TO DCD FILE AT STEP 65000
WRITING COORDINATES TO RESTART FILE AT STEP 65000
FINISHED WRITING RESTART COORDINATES
WRITING VELOCITIES TO RESTART FILE AT STEP 65000
FINISHED WRITING RESTART VELOCITIES
LDB: ============= START OF LOAD BALANCING ============== 5591.38
LDB: ============== END OF LOAD BALANCING =============== 5591.38

LDB: ============= START OF LOAD BALANCING ============== 5599.73
LDB: TIME 5599.76 LOAD: AVG 7.17021 MAX 7.52681  PROXIES: TOTAL 654 MAXPE 29 MAXPATCH 4 None 1.25827
LDB: TIME 5599.77 LOAD: AVG 7.17021 MAX 7.52681  PROXIES: TOTAL 654 MAXPE 29 MAXPATCH 4 RefineTorusLB 1.25827
LDB: ============== END OF LOAD BALANCING =============== 5599.78

WRITING COORDINATES TO DCD FILE AT STEP 70000
WRITING COORDINATES TO RESTART FILE AT STEP 70000
FINISHED WRITING RESTART COORDINATES
PRESSURE: 70000 -13344.2 -43.25 186.762 17.1832 -13507.4 -98.4399 119.378 -67.9127 -13133.6
GPRESSURE: 70000 199.194 9.01109 122.239 81.5546 -104.723 -123.482 68.5821 28.9756 202.318
PRESSAVG: 70000 18.423 8.82611 0.290919 20.2274 -9.81681 -12.144 -19.7204 -11.0114 0.613313
GPRESSAVG: 70000 18.3117 8.94099 0.377035 20.0744 -9.92386 -12.0671 -19.7714 -10.9543 0.538759
TIMING: 70000  CPU: 4981.32, 0.0712842/step  Wall: 5694.02, 0.0815456/step, 4.07728 hours remaining, 133.820908 MB of memory in use.
ENERGY:   70000      7891.3718     40119.0882     27619.4610       510.2960        -442422.4768     12199.1843       246.4400         0.0000    114566.1778        -239270.4577       308.9712   -353836.6355   -238977.0340       309.8621         -13328.3803        98.9297   1686204.1157         3.0732         2.9755

WRITING EXTENDED SYSTEM TO RESTART FILE AT STEP 70000
WRITING VELOCITIES TO RESTART FILE AT STEP 70000
FINISHED WRITING RESTART VELOCITIES
LDB: ============= START OF LOAD BALANCING ============== 5917.84
LDB: ============== END OF LOAD BALANCING =============== 5917.84

LDB: ============= START OF LOAD BALANCING ============== 5926.27
LDB: TIME 5926.3 LOAD: AVG 7.17227 MAX 7.39989  PROXIES: TOTAL 654 MAXPE 29 MAXPATCH 4 None 1.25716
LDB: TIME 5926.31 LOAD: AVG 7.17227 MAX 7.39989  PROXIES: TOTAL 654 MAXPE 29 MAXPATCH 4 RefineTorusLB 1.25716
LDB: ============== END OF LOAD BALANCING =============== 5926.32

PRESSURE: 75000 -13621.6 -64.411 -25.3416 -41.0147 -13259.1 12.8463 -53.9369 -10.8321 -13420.1
GPRESSURE: 75000 65.8275 -4.81346 34.6545 -2.05672 163.991 45.2624 -34.0781 -84.1021 -85.2832
PRESSAVG: 75000 18.4879 12.8277 -1.69392 21.5947 -8.96269 -20.3784 1.94513 -32.3805 0.764385
GPRESSAVG: 75000 18.5338 12.6296 -1.61232 21.6104 -9.08439 -20.3957 1.96669 -32.7297 0.670437
TIMING: 75000  CPU: 5337.41, 0.0712198/step  Wall: 6102.16, 0.0816297/step, 3.96811 hours remaining, 133.542557 MB of memory in use.
ENERGY:   75000      8003.6607     40565.7753     27581.7834       522.7492        -443282.1201     12498.7453       238.2455         0.0000    114172.7919        -239698.3687       307.9103   -353871.1606   -239428.1924       309.8549         -13433.6068        48.1786   1682547.9096         3.4299         3.3733

WRITING EXTENDED SYSTEM TO RESTART FILE AT STEP 75000
WRITING COORDINATES TO DCD FILE AT STEP 75000
WRITING COORDINATES TO RESTART FILE AT STEP 75000
FINISHED WRITING RESTART COORDINATES
WRITING VELOCITIES TO RESTART FILE AT STEP 75000
FINISHED WRITING RESTART VELOCITIES
LDB: ============= START OF LOAD BALANCING ============== 6244.41
LDB: ============== END OF LOAD BALANCING =============== 6244.41

LDB: ============= START OF LOAD BALANCING ============== 6252.75
LDB: TIME 6252.75 LOAD: AVG 7.1738 MAX 7.43266  PROXIES: TOTAL 654 MAXPE 29 MAXPATCH 4 None 1.26409
LDB: TIME 6252.76 LOAD: AVG 7.1738 MAX 7.43266  PROXIES: TOTAL 654 MAXPE 29 MAXPATCH 4 RefineTorusLB 1.26409
LDB: ============== END OF LOAD BALANCING =============== 6252.76

PRESSURE: 80000 -13352.4 -11.1904 111.577 -39.0052 -13373.8 -16.7013 125.689 -27.7405 -13351.7
GPRESSURE: 80000 99.9595 13.1807 88.3513 -62.9014 -6.81278 1.53473 150.708 5.82938 -24.8472
PRESSAVG: 80000 -2.62573 0.524689 9.69123 16.929 4.7235 9.76875 1.32267 -20.0287 0.451676
GPRESSAVG: 80000 -2.72939 0.479835 9.67567 16.8384 4.77844 9.97286 1.26104 -19.9859 0.378346
TIMING: 80000  CPU: 5693.15, 0.0711466/step  Wall: 6510.04, 0.0815755/step, 3.85218 hours remaining, 134.672287 MB of memory in use.
ENERGY:   80000      7981.2853     40173.7649     27631.8760       508.3587        -441484.3461     11906.1697       237.4329         0.0000    114605.8276        -238439.6309       309.0781   -353045.4585   -238143.3719       309.9997         -13359.3087        22.7665   1687497.9973         0.8498         0.8091

WRITING EXTENDED SYSTEM TO RESTART FILE AT STEP 80000
WRITING COORDINATES TO DCD FILE AT STEP 80000
WRITING COORDINATES TO RESTART FILE AT STEP 80000
FINISHED WRITING RESTART COORDINATES
WRITING VELOCITIES TO RESTART FILE AT STEP 80000
FINISHED WRITING RESTART VELOCITIES
LDB: ============= START OF LOAD BALANCING ============== 6570.98
LDB: ============== END OF LOAD BALANCING =============== 6570.98

LDB: ============= START OF LOAD BALANCING ============== 6579.25
LDB: TIME 6579.25 LOAD: AVG 7.17835 MAX 7.48432  PROXIES: TOTAL 654 MAXPE 29 MAXPATCH 4 None 1.26662
LDB: TIME 6579.26 LOAD: AVG 7.17835 MAX 7.48432  PROXIES: TOTAL 654 MAXPE 29 MAXPATCH 4 RefineTorusLB 1.26662
LDB: ============== END OF LOAD BALANCING =============== 6579.26

LDB: ============= START OF LOAD BALANCING ============== 6896
LDB: ============== END OF LOAD BALANCING =============== 6896

LDB: ============= START OF LOAD BALANCING ============== 6904.37
LDB: TIME 6904.38 LOAD: AVG 7.16975 MAX 7.42489  PROXIES: TOTAL 654 MAXPE 29 MAXPATCH 4 None 1.25979
LDB: TIME 6904.39 LOAD: AVG 7.16975 MAX 7.42489  PROXIES: TOTAL 654 MAXPE 29 MAXPATCH 4 RefineTorusLB 1.25979
LDB: ============== END OF LOAD BALANCING =============== 6904.39

PRESSURE: 85000 -13389.6 54.0351 -14.4074 85.264 -13750.3 -107.738 -35.7297 -58.7524 -13289
GPRESSURE: 85000 -14.4119 45.7881 37.1706 117.496 -320.912 -206.949 19.7468 -0.358864 98.0452
PRESSAVG: 85000 30.6285 -13.0809 46.6586 6.44513 -27.7326 0.395263 30.7782 -7.49835 3.32066
GPRESSAVG: 85000 30.5273 -13.272 46.6363 6.26064 -27.6438 0.297212 30.762 -7.45266 3.25905
TIMING: 85000  CPU: 6048.82, 0.071135/step  Wall: 6917.36, 0.0814636/step, 3.73375 hours remaining, 133.764114 MB of memory in use.
ENERGY:   85000      7983.9382     40042.5094     27789.8835       501.7776        -441876.6875     11774.0327       240.8909         0.0000    114442.6940        -239100.9611       308.6382   -353543.6551   -238806.8074       309.4299         -13476.3028       -79.0931   1687436.7697         2.0722         2.0475

WRITING EXTENDED SYSTEM TO RESTART FILE AT STEP 85000
WRITING COORDINATES TO DCD FILE AT STEP 85000
WRITING COORDINATES TO RESTART FILE AT STEP 85000
FINISHED WRITING RESTART COORDINATES
WRITING VELOCITIES TO RESTART FILE AT STEP 85000
FINISHED WRITING RESTART VELOCITIES
LDB: ============= START OF LOAD BALANCING ============== 7222.42
LDB: ============== END OF LOAD BALANCING =============== 7222.42

LDB: ============= START OF LOAD BALANCING ============== 7230.75
LDB: TIME 7230.79 LOAD: AVG 7.18109 MAX 7.39318  PROXIES: TOTAL 654 MAXPE 29 MAXPATCH 4 None 1.26473
LDB: TIME 7230.8 LOAD: AVG 7.18109 MAX 7.39318  PROXIES: TOTAL 654 MAXPE 29 MAXPATCH 4 RefineTorusLB 1.26473
LDB: ============== END OF LOAD BALANCING =============== 7230.8

WRITING COORDINATES TO DCD FILE AT STEP 90000
WRITING COORDINATES TO RESTART FILE AT STEP 90000
FINISHED WRITING RESTART COORDINATES
PRESSURE: 90000 -13527.4 -155.025 64.2402 -165.183 -13431.6 130.081 -3.03489 46.883 -13259.9
GPRESSURE: 90000 -124.801 -78.6551 30.8817 -100.343 8.11585 115.808 -55.6809 -9.35372 83.0846
PRESSAVG: 90000 11.7253 38.8542 14.2075 50.4372 -6.91465 1.10045 12.7437 -6.60717 -0.146631
GPRESSAVG: 90000 11.8405 38.8318 14.2829 50.4919 -6.77586 1.09617 12.8785 -6.74853 -0.018454
TIMING: 90000  CPU: 6404.05, 0.0710458/step  Wall: 7324.94, 0.0815158/step, 3.62293 hours remaining, 133.413620 MB of memory in use.
ENERGY:   90000      8069.5317     40445.3398     27646.2660       528.1929        -441887.7617     11954.5295       241.0233         0.0000    114745.1892        -238257.6894       309.4540   -353002.8787   -237953.0702       309.7339         -13406.2945       -11.2001   1684832.8768         1.5547         1.6821

WRITING EXTENDED SYSTEM TO RESTART FILE AT STEP 90000
WRITING VELOCITIES TO RESTART FILE AT STEP 90000
FINISHED WRITING RESTART VELOCITIES
LDB: ============= START OF LOAD BALANCING ============== 7548.51
LDB: ============== END OF LOAD BALANCING =============== 7548.51

LDB: ============= START OF LOAD BALANCING ============== 7556.75
LDB: TIME 7556.78 LOAD: AVG 7.16583 MAX 7.45919  PROXIES: TOTAL 654 MAXPE 29 MAXPATCH 4 None 1.26354
LDB: TIME 7556.8 LOAD: AVG 7.16583 MAX 7.45919  PROXIES: TOTAL 654 MAXPE 29 MAXPATCH 4 RefineTorusLB 1.26354
LDB: ============== END OF LOAD BALANCING =============== 7556.8

PRESSURE: 95000 -13615.3 -82.6763 -20.6629 -93.1024 -13628.6 -35.8206 -24.971 -61.0158 -13401.7
GPRESSURE: 95000 -210.145 -66.9992 73.0621 -50.7511 -164.054 -64.6899 71.5656 -79.2253 -138.959
PRESSAVG: 95000 16.6165 32.1602 5.32124 32.958 -15.0791 12.4562 9.73795 -6.28685 -0.446002
GPRESSAVG: 95000 16.5895 32.2186 5.30639 32.9278 -15.1968 12.4036 9.73131 -6.41023 -0.476397
TIMING: 95000  CPU: 6759.12, 0.0710132/step  Wall: 7732.48, 0.0815079/step, 3.50937 hours remaining, 134.580887 MB of memory in use.
ENERGY:   95000      7943.5436     40199.9090     27748.5940       504.5762        -441361.6006     11663.1252       239.2654         0.0000    114271.7872        -238790.8000       308.1772   -353062.5872   -238494.9350       310.1026         -13548.5291      -171.0526   1688536.6020         0.3638         0.3054

WRITING EXTENDED SYSTEM TO RESTART FILE AT STEP 95000
WRITING COORDINATES TO DCD FILE AT STEP 95000
WRITING COORDINATES TO RESTART FILE AT STEP 95000
FINISHED WRITING RESTART COORDINATES
WRITING VELOCITIES TO RESTART FILE AT STEP 95000
FINISHED WRITING RESTART VELOCITIES
LDB: ============= START OF LOAD BALANCING ============== 7874.57
LDB: ============== END OF LOAD BALANCING =============== 7874.57

LDB: ============= START OF LOAD BALANCING ============== 7883.01
LDB: TIME 7883.04 LOAD: AVG 7.18251 MAX 7.49272  PROXIES: TOTAL 654 MAXPE 29 MAXPATCH 4 None 1.26707
LDB: TIME 7883.05 LOAD: AVG 7.18251 MAX 7.49272  PROXIES: TOTAL 654 MAXPE 29 MAXPATCH 4 RefineTorusLB 1.26707
LDB: ============== END OF LOAD BALANCING =============== 7883.06

WRITING COORDINATES TO DCD FILE AT STEP 100000
WRITING COORDINATES TO RESTART FILE AT STEP 100000
FINISHED WRITING RESTART COORDINATES
PRESSURE: 100000 -13416.3 -96.3284 1.10558 -155.697 -13341.9 31.4475 -10.5917 63.5003 -13351.1
GPRESSURE: 100000 35.3485 41.8808 8.6311 -127.567 165.589 48.8958 -120.955 28.2095 -94.0225
PRESSAVG: 100000 7.92645 31.252 4.40987 21.421 -22.0952 -14.6838 -13.5729 -0.833816 2.3734
GPRESSAVG: 100000 7.9312 31.2846 4.44628 21.5678 -22.076 -14.7359 -13.7676 -0.723923 2.32474
TIMING: 100000  CPU: 7114.55, 0.0710868/step  Wall: 8140.97, 0.0816978/step, 3.40407 hours remaining, 133.203690 MB of memory in use.
ETITLE:      TS           BOND          ANGLE          DIHED          IMPRP               ELECT            VDW       BOUNDARY           MISC        KINETIC               TOTAL           TEMP      POTENTIAL         TOTAL3        TEMPAVG            PRESSURE      GPRESSURE         VOLUME       PRESSAVG      GPRESSAVG

ENERGY:  100000      8100.1157     40298.1812     27670.6330       469.5905        -442515.6625     12475.0391       235.8061         0.0000    115062.2708        -238204.0260       310.3091   -353266.2968   -237920.4489       310.0357         -13369.7887        35.6383   1687849.5586        -3.9318        -3.9400

WRITING EXTENDED SYSTEM TO RESTART FILE AT STEP 100000
WRITING VELOCITIES TO RESTART FILE AT STEP 100000
FINISHED WRITING RESTART VELOCITIES
LDB: ============= START OF LOAD BALANCING ============== 8201.48
LDB: ============== END OF LOAD BALANCING =============== 8201.48

LDB: ============= START OF LOAD BALANCING ============== 8209.9
LDB: TIME 8209.9 LOAD: AVG 7.17197 MAX 7.49597  PROXIES: TOTAL 654 MAXPE 29 MAXPATCH 4 None 1.2609
LDB: TIME 8209.91 LOAD: AVG 7.17197 MAX 7.49597  PROXIES: TOTAL 654 MAXPE 29 MAXPATCH 4 RefineTorusLB 1.2609
LDB: ============== END OF LOAD BALANCING =============== 8209.91

LDB: ============= START OF LOAD BALANCING ============== 8527.4
LDB: ============== END OF LOAD BALANCING =============== 8527.4

LDB: ============= START OF LOAD BALANCING ============== 8535.79
LDB: TIME 8535.82 LOAD: AVG 7.15889 MAX 7.34459  PROXIES: TOTAL 654 MAXPE 29 MAXPATCH 4 None 1.26266
LDB: TIME 8535.83 LOAD: AVG 7.15889 MAX 7.34459  PROXIES: TOTAL 654 MAXPE 29 MAXPATCH 4 RefineTorusLB 1.26266
LDB: ============== END OF LOAD BALANCING =============== 8535.84

PRESSURE: 105000 -13412 16.8429 -3.97925 -13.0512 -13587 90.983 -21.2216 67.2325 -13366.9
GPRESSURE: 105000 4.55498 -67.3728 23.2507 -67.2762 -206.101 41.0304 5.43151 -21.0568 -48.3173
PRESSAVG: 105000 -4.59395 24.3667 4.36545 20.536 -10.8068 26.9248 10.1333 7.4772 3.7526
GPRESSAVG: 105000 -4.59182 24.4213 4.29454 20.4476 -10.7263 26.9286 10.1692 7.48528 3.85817
TIMING: 105000  CPU: 7470.37, 0.071164/step  Wall: 8548.62, 0.081531/step, 3.28389 hours remaining, 135.243820 MB of memory in use.
ENERGY:  105000      7945.2907     40316.7530     27711.1761       510.3023        -441365.1687     11569.3502       240.3480         0.0000    114662.3301        -238409.6184       309.2305   -353071.9485   -238118.9915       310.2422         -13455.3079       -83.2876   1688139.9255        -3.8827        -3.8200

WRITING EXTENDED SYSTEM TO RESTART FILE AT STEP 105000
WRITING COORDINATES TO DCD FILE AT STEP 105000
WRITING COORDINATES TO RESTART FILE AT STEP 105000
FINISHED WRITING RESTART COORDINATES
WRITING VELOCITIES TO RESTART FILE AT STEP 105000
FINISHED WRITING RESTART VELOCITIES
LDB: ============= START OF LOAD BALANCING ============== 8854.68
LDB: ============== END OF LOAD BALANCING =============== 8854.68

LDB: ============= START OF LOAD BALANCING ============== 8863.02
LDB: TIME 8863.05 LOAD: AVG 7.17825 MAX 7.47826  PROXIES: TOTAL 654 MAXPE 29 MAXPATCH 4 None 1.26753
LDB: TIME 8863.06 LOAD: AVG 7.17825 MAX 7.47826  PROXIES: TOTAL 654 MAXPE 29 MAXPATCH 4 RefineTorusLB 1.26753
LDB: ============== END OF LOAD BALANCING =============== 8863.06

PRESSURE: 110000 -13320.8 -133.316 -98.4779 -107.501 -13310.1 -59.1335 -143.211 -76.0893 -12976.4
GPRESSURE: 110000 192.184 -84.5616 -38.7142 -56.5058 117.597 -72.9747 -79.4471 -79.5335 315.663
PRESSAVG: 110000 20.6695 19.6308 15.7514 5.06763 -14.0193 -1.41509 1.49493 -18.0331 -0.47506
GPRESSAVG: 110000 20.5331 19.589 15.7377 5.05652 -13.9473 -1.34601 1.51724 -18.0338 -0.423144
TIMING: 110000  CPU: 7826.87, 0.0713002/step  Wall: 8957.57, 0.0817887/step, 3.18067 hours remaining, 133.962631 MB of memory in use.
ENERGY:  110000      7962.6192     40413.4953     27749.2681       514.6687        -442308.1556     12384.2838       246.8381         0.0000    114327.2109        -238709.7715       308.3267   -353036.9824   -238419.4916       310.4930         -13202.4267       208.4813   1685976.0314         2.0584         2.0542

WRITING EXTENDED SYSTEM TO RESTART FILE AT STEP 110000
WRITING COORDINATES TO DCD FILE AT STEP 110000
WRITING COORDINATES TO RESTART FILE AT STEP 110000
FINISHED WRITING RESTART COORDINATES
WRITING VELOCITIES TO RESTART FILE AT STEP 110000
FINISHED WRITING RESTART VELOCITIES
LDB: ============= START OF LOAD BALANCING ============== 9181.69
LDB: ============== END OF LOAD BALANCING =============== 9181.69

LDB: ============= START OF LOAD BALANCING ============== 9189.96
LDB: TIME 9189.97 LOAD: AVG 7.17475 MAX 7.42068  PROXIES: TOTAL 654 MAXPE 29 MAXPATCH 4 None 1.26257
LDB: TIME 9189.98 LOAD: AVG 7.17475 MAX 7.42068  PROXIES: TOTAL 654 MAXPE 29 MAXPATCH 4 RefineTorusLB 1.26257
LDB: ============== END OF LOAD BALANCING =============== 9189.98

PRESSURE: 115000 -13379.6 -85.0134 22.9811 -113.781 -13684.5 25.4167 41.5145 9.35658 -13508.6
GPRESSURE: 115000 -9.37489 -114.132 -15.0312 -36.1606 -187.434 2.99328 94.7373 122.803 -157.053
PRESSAVG: 115000 23.9534 22.5795 -16.3899 17.0679 -23.4132 22.5702 12.7113 9.90007 -7.75111
GPRESSAVG: 115000 24.0013 22.5337 -16.4395 16.9843 -23.4182 22.5107 12.5571 9.95628 -7.57403
TIMING: 115000  CPU: 8182.49, 0.0711228/step  Wall: 9364.96, 0.0814787/step, 3.05545 hours remaining, 134.581833 MB of memory in use.
ENERGY:  115000      8054.9253     40260.4445     27684.1745       506.6098        -441875.4962     11789.5831       239.0650         0.0000    114603.4046        -238737.2895       309.0716   -353340.6941   -238448.2849       309.3193         -13524.2586      -117.9539   1687655.7244        -2.4036        -2.3303

WRITING EXTENDED SYSTEM TO RESTART FILE AT STEP 115000
WRITING COORDINATES TO DCD FILE AT STEP 115000
WRITING COORDINATES TO RESTART FILE AT STEP 115000
FINISHED WRITING RESTART COORDINATES
WRITING VELOCITIES TO RESTART FILE AT STEP 115000
FINISHED WRITING RESTART VELOCITIES
LDB: ============= START OF LOAD BALANCING ============== 9507.31
LDB: ============== END OF LOAD BALANCING =============== 9507.31

LDB: ============= START OF LOAD BALANCING ============== 9515.61
LDB: TIME 9515.61 LOAD: AVG 7.16552 MAX 7.3821  PROXIES: TOTAL 654 MAXPE 29 MAXPATCH 4 None 1.2502
LDB: TIME 9515.62 LOAD: AVG 7.16552 MAX 7.3821  PROXIES: TOTAL 654 MAXPE 29 MAXPATCH 4 RefineTorusLB 1.2502
LDB: ============== END OF LOAD BALANCING =============== 9515.62

PRESSURE: 120000 -13421.5 96.6173 3.85256 34.6168 -13344.9 150.58 72.6806 122.779 -13447.6
GPRESSURE: 120000 12.6496 119.462 -66.9876 5.70333 21.3816 47.5507 -66.2866 84.4858 -70.6141
PRESSAVG: 120000 -9.10084 16.4878 28.8965 8.81897 1.11683 -3.87519 7.71771 -18.4514 4.9051
GPRESSAVG: 120000 -9.09966 16.5922 28.9337 9.01257 1.14249 -3.78651 7.77861 -18.5838 4.86331
TIMING: 120000  CPU: 8538.91, 0.0712856/step  Wall: 9772.85, 0.0815792/step, 2.94591 hours remaining, 134.642990 MB of memory in use.
ENERGY:  120000      7946.5502     40510.0146     27802.2947       506.2950        -442149.7349     11918.9213       226.2732         0.0000    114790.7454        -238448.6407       309.5768   -353239.3861   -238146.2908       309.9411         -13404.6587       -12.1943   1687406.1369        -1.0263        -1.0313

WRITING EXTENDED SYSTEM TO RESTART FILE AT STEP 120000
WRITING COORDINATES TO DCD FILE AT STEP 120000
WRITING COORDINATES TO RESTART FILE AT STEP 120000
FINISHED WRITING RESTART COORDINATES
WRITING VELOCITIES TO RESTART FILE AT STEP 120000
FINISHED WRITING RESTART VELOCITIES
LDB: ============= START OF LOAD BALANCING ============== 9833.7
LDB: ============== END OF LOAD BALANCING =============== 9833.7

LDB: ============= START OF LOAD BALANCING ============== 9842.1
LDB: TIME 9842.13 LOAD: AVG 7.16796 MAX 7.42892  PROXIES: TOTAL 654 MAXPE 29 MAXPATCH 4 None 1.25892
LDB: TIME 9842.15 LOAD: AVG 7.16796 MAX 7.42892  PROXIES: TOTAL 654 MAXPE 29 MAXPATCH 4 RefineTorusLB 1.25892
LDB: ============== END OF LOAD BALANCING =============== 9842.15

LDB: ============= START OF LOAD BALANCING ============== 10159.6
LDB: ============== END OF LOAD BALANCING =============== 10159.6

LDB: ============= START OF LOAD BALANCING ============== 10168
LDB: TIME 10168 LOAD: AVG 7.17366 MAX 7.30848  PROXIES: TOTAL 654 MAXPE 29 MAXPATCH 4 None 1.2584
LDB: TIME 10168 LOAD: AVG 7.17366 MAX 7.30848  PROXIES: TOTAL 654 MAXPE 29 MAXPATCH 4 RefineTorusLB 1.2584
LDB: ============== END OF LOAD BALANCING =============== 10168

WRITING COORDINATES TO DCD FILE AT STEP 125000
WRITING COORDINATES TO RESTART FILE AT STEP 125000
FINISHED WRITING RESTART COORDINATES
PRESSURE: 125000 -13414 -47.6954 32.4582 -89.2836 -13541.1 140.923 4.93043 81.1059 -13468.7
GPRESSURE: 125000 65.4268 10.2562 43.5637 -63.0679 -85.8096 87.5215 -77.806 47.1026 -177.902
PRESSAVG: 125000 -8.34062 12.7367 -8.17605 -3.13269 3.46816 42.6765 5.64858 11.7526 -0.493125
GPRESSAVG: 125000 -8.49729 12.6019 -7.98388 -3.07915 3.44643 42.6603 5.59764 11.7386 -0.615835
TIMING: 125000  CPU: 8895.66, 0.0713488/step  Wall: 10181.2, 0.0816719/step, 2.83583 hours remaining, 133.482224 MB of memory in use.
ENERGY:  125000      7949.3912     40360.6439     27678.4740       507.5871        -442029.4274     11819.4292       224.3959         0.0000    115090.1900        -238399.3161       310.3844   -353489.5061   -238101.7574       310.0888         -13474.6341       -66.0950   1684775.4928        -1.7885        -1.8889

WRITING EXTENDED SYSTEM TO RESTART FILE AT STEP 125000
WRITING VELOCITIES TO RESTART FILE AT STEP 125000
FINISHED WRITING RESTART VELOCITIES
LDB: ============= START OF LOAD BALANCING ============== 10487.1
LDB: ============== END OF LOAD BALANCING =============== 10487.1

LDB: ============= START OF LOAD BALANCING ============== 10495.4
LDB: TIME 10495.4 LOAD: AVG 7.18848 MAX 7.39542  PROXIES: TOTAL 654 MAXPE 29 MAXPATCH 4 None 1.2626
LDB: TIME 10495.4 LOAD: AVG 7.18848 MAX 7.39542  PROXIES: TOTAL 654 MAXPE 29 MAXPATCH 4 RefineTorusLB 1.2626
LDB: ============== END OF LOAD BALANCING =============== 10495.4

WRITING COORDINATES TO DCD FILE AT STEP 130000
WRITING COORDINATES TO RESTART FILE AT STEP 130000
FINISHED WRITING RESTART COORDINATES
PRESSURE: 130000 -13491.1 -25.3251 -15.0429 -67.0221 -13365 159.161 -14.1942 186.998 -13385.5
GPRESSURE: 130000 68.938 -44.9749 -39.3743 -100.287 178.702 88.6314 83.229 201.162 -15.5584
PRESSAVG: 130000 -0.188276 11.9027 -24.6197 6.38652 -5.58736 30.9836 -5.10202 4.19792 -1.30226
GPRESSAVG: 130000 -0.263892 11.8304 -24.5539 6.27483 -5.54877 30.931 -5.07746 4.27891 -1.26669
TIMING: 130000  CPU: 9252.08, 0.071284/step  Wall: 10589.6, 0.0816864/step, 2.72288 hours remaining, 133.661423 MB of memory in use.
ENERGY:  130000      8082.4406     40417.7228     27694.4613       516.8558        -443122.8885     12314.3772       242.6610         0.0000    114722.9133        -239131.4566       309.3939   -353854.3698   -238836.2413       309.7043         -13413.8993        77.3605   1679969.3782        -2.3593        -2.3598

WRITING EXTENDED SYSTEM TO RESTART FILE AT STEP 130000
WRITING VELOCITIES TO RESTART FILE AT STEP 130000
FINISHED WRITING RESTART VELOCITIES
LDB: ============= START OF LOAD BALANCING ============== 10813.4
LDB: ============== END OF LOAD BALANCING =============== 10813.4

LDB: ============= START OF LOAD BALANCING ============== 10821.8
LDB: TIME 10821.9 LOAD: AVG 7.1922 MAX 7.38337  PROXIES: TOTAL 654 MAXPE 29 MAXPATCH 4 None 1.26402
LDB: TIME 10821.9 LOAD: AVG 7.1922 MAX 7.38337  PROXIES: TOTAL 654 MAXPE 29 MAXPATCH 4 RefineTorusLB 1.26402
LDB: ============== END OF LOAD BALANCING =============== 10821.9

PRESSURE: 135000 -13298.7 -122.138 -33.7434 -104.97 -13435.2 75.7105 -84.9519 25.1452 -13329
GPRESSURE: 135000 147.9 -56.829 -111.778 -64.8291 -3.94038 61.2001 -8.53767 -11.0256 80.7415
PRESSAVG: 135000 34.4597 21.3907 -17.8942 17.0073 -26.9655 17.9033 -5.08447 18.5331 7.5241
GPRESSAVG: 135000 34.4174 21.4137 -17.8554 16.8981 -26.9973 17.8782 -5.19915 18.8008 7.58781
TIMING: 135000  CPU: 9609.01, 0.0713867/step  Wall: 10997.3, 0.0815306/step, 2.60445 hours remaining, 134.931412 MB of memory in use.
ENERGY:  135000      7952.0209     40143.8563     27540.7441       538.7507        -442656.4375     12534.1807       230.5642         0.0000    114495.5458        -239220.7748       308.7807   -353716.3206   -238952.9285       310.1784         -13354.3007        74.9004   1685857.2542         5.0061         5.0026

WRITING EXTENDED SYSTEM TO RESTART FILE AT STEP 135000
WRITING COORDINATES TO DCD FILE AT STEP 135000
WRITING COORDINATES TO RESTART FILE AT STEP 135000
FINISHED WRITING RESTART COORDINATES
WRITING VELOCITIES TO RESTART FILE AT STEP 135000
FINISHED WRITING RESTART VELOCITIES
LDB: ============= START OF LOAD BALANCING ============== 11139.5
LDB: ============== END OF LOAD BALANCING =============== 11139.5

LDB: ============= START OF LOAD BALANCING ============== 11147.9
LDB: TIME 11147.9 LOAD: AVG 7.18813 MAX 7.49148  PROXIES: TOTAL 654 MAXPE 29 MAXPATCH 4 None 1.26622
LDB: TIME 11147.9 LOAD: AVG 7.18813 MAX 7.49148  PROXIES: TOTAL 654 MAXPE 29 MAXPATCH 4 RefineTorusLB 1.26622
LDB: ============== END OF LOAD BALANCING =============== 11147.9

PRESSURE: 140000 -13343.5 27.1273 -111.211 -25.2451 -13488.4 116.659 -95.9752 104.473 -13309.1
GPRESSURE: 140000 85.1611 -6.08553 -157.135 -68.9605 -115.396 123.292 -27.551 113.661 -42.3301
PRESSAVG: 140000 13.0835 15.5434 -10.1731 -8.43073 -23.9296 6.95263 7.32075 2.72955 3.47601
GPRESSAVG: 140000 13.142 15.6868 -10.2497 -8.57171 -23.9105 7.11097 7.15394 2.54238 3.48678
TIMING: 140000  CPU: 9964.6, 0.0711182/step  Wall: 11404.4, 0.0814188/step, 2.4878 hours remaining, 134.608902 MB of memory in use.
ENERGY:  140000      7925.1319     40416.3877     27685.9519       517.4036        -441612.6262     12138.7722       227.0244         0.0000    114780.9129        -237921.0416       309.5503   -352701.9545   -237634.7926       309.9508         -13380.3591       -24.1883   1687812.7025        -2.4567        -2.4272

WRITING EXTENDED SYSTEM TO RESTART FILE AT STEP 140000
WRITING COORDINATES TO DCD FILE AT STEP 140000
WRITING COORDINATES TO RESTART FILE AT STEP 140000
FINISHED WRITING RESTART COORDINATES
WRITING VELOCITIES TO RESTART FILE AT STEP 140000
FINISHED WRITING RESTART VELOCITIES
LDB: ============= START OF LOAD BALANCING ============== 11465.3
LDB: ============== END OF LOAD BALANCING =============== 11465.3

LDB: ============= START OF LOAD BALANCING ============== 11473.5
LDB: TIME 11473.5 LOAD: AVG 7.16913 MAX 7.50963  PROXIES: TOTAL 654 MAXPE 29 MAXPATCH 4 None 1.25963
LDB: TIME 11473.5 LOAD: AVG 7.16913 MAX 7.50963  PROXIES: TOTAL 654 MAXPE 29 MAXPATCH 4 RefineTorusLB 1.25963
LDB: ============== END OF LOAD BALANCING =============== 11473.5

LDB: ============= START OF LOAD BALANCING ============== 11792.1
LDB: ============== END OF LOAD BALANCING =============== 11792.1

LDB: ============= START OF LOAD BALANCING ============== 11800.4
LDB: TIME 11800.5 LOAD: AVG 7.1811 MAX 7.36  PROXIES: TOTAL 654 MAXPE 29 MAXPATCH 4 None 1.26593
LDB: TIME 11800.5 LOAD: AVG 7.1811 MAX 7.36  PROXIES: TOTAL 654 MAXPE 29 MAXPATCH 4 RefineTorusLB 1.26593
LDB: ============== END OF LOAD BALANCING =============== 11800.5

PRESSURE: 145000 -13242.7 -27.9244 72.2461 -64.9663 -13336.7 -5.71874 95.631 -43.4966 -13250.7
GPRESSURE: 145000 233.143 -24.6636 98.523 -52.57 52.7295 -22.82 108.644 -143.308 127.542
PRESSAVG: 145000 30.1765 5.58373 3.88472 10.68 -29.6197 18.3573 -1.28284 -3.99558 -5.8625
GPRESSAVG: 145000 30.1815 5.30315 3.72398 10.776 -29.8053 18.259 -1.2064 -3.88064 -5.95417
TIMING: 145000  CPU: 10320.3, 0.071135/step  Wall: 11813.2, 0.081771/step, 2.38499 hours remaining, 133.646500 MB of memory in use.
ENERGY:  145000      7999.0964     40310.6949     27573.3117       491.4067        -442274.1077     12080.2269       242.5584         0.0000    114884.0773        -238692.7353       309.8285   -353576.8126   -238392.6682       309.9012         -13276.7331       137.8050   1684992.2937        -1.7686        -1.8593

WRITING EXTENDED SYSTEM TO RESTART FILE AT STEP 145000
WRITING COORDINATES TO DCD FILE AT STEP 145000
WRITING COORDINATES TO RESTART FILE AT STEP 145000
FINISHED WRITING RESTART COORDINATES
WRITING VELOCITIES TO RESTART FILE AT STEP 145000
FINISHED WRITING RESTART VELOCITIES
LDB: ============= START OF LOAD BALANCING ============== 12119.4
LDB: ============== END OF LOAD BALANCING =============== 12119.4

LDB: ============= START OF LOAD BALANCING ============== 12127.8
LDB: TIME 12127.8 LOAD: AVG 7.18766 MAX 7.43584  PROXIES: TOTAL 654 MAXPE 29 MAXPATCH 4 None 1.2641
LDB: TIME 12127.8 LOAD: AVG 7.18766 MAX 7.43584  PROXIES: TOTAL 654 MAXPE 29 MAXPATCH 4 RefineTorusLB 1.2641
LDB: ============== END OF LOAD BALANCING =============== 12127.8

PRESSURE: 150000 -13487.3 164.861 48.7833 159.737 -13464.4 -18.0244 -1.46878 -21.4918 -13217.5
GPRESSURE: 150000 -72.8405 64.6132 41.3981 15.1959 1.16656 -46.2485 -54.4969 -29.9094 203.988
PRESSAVG: 150000 4.74977 10.8917 18.3774 3.02519 -4.17615 0.504913 21.0367 8.42335 2.53929
GPRESSAVG: 150000 4.63022 10.9199 18.3312 2.98615 -4.15839 0.597763 20.9889 8.37125 2.66293
TIMING: 150000  CPU: 10675.9, 0.0711244/step  Wall: 12223, 0.0819406/step, 2.27613 hours remaining, 133.721054 MB of memory in use.
ETITLE:      TS           BOND          ANGLE          DIHED          IMPRP               ELECT            VDW       BOUNDARY           MISC        KINETIC               TOTAL           TEMP      POTENTIAL         TOTAL3        TEMPAVG            PRESSURE      GPRESSURE         VOLUME       PRESSAVG      GPRESSAVG

ENERGY:  150000      7998.4706     40588.9050     27628.0081       504.4992        -442613.6751     12166.8030       254.5378         0.0000    115082.4593        -238389.9919       310.3635   -353472.4512   -238100.6230       309.8514         -13389.7404        44.1048   1686999.6425         1.0376         1.0449

WRITING EXTENDED SYSTEM TO RESTART FILE AT STEP 150000
WRITING COORDINATES TO DCD FILE AT STEP 150000
WRITING COORDINATES TO RESTART FILE AT STEP 150000
FINISHED WRITING RESTART COORDINATES
WRITING VELOCITIES TO RESTART FILE AT STEP 150000
FINISHED WRITING RESTART VELOCITIES
LDB: ============= START OF LOAD BALANCING ============== 12447.5
LDB: ============== END OF LOAD BALANCING =============== 12447.5

LDB: ============= START OF LOAD BALANCING ============== 12455.8
LDB: TIME 12455.8 LOAD: AVG 7.16812 MAX 7.37899  PROXIES: TOTAL 654 MAXPE 29 MAXPATCH 4 None 1.26215
LDB: TIME 12455.8 LOAD: AVG 7.16812 MAX 7.37899  PROXIES: TOTAL 654 MAXPE 29 MAXPATCH 4 RefineTorusLB 1.26215
LDB: ============== END OF LOAD BALANCING =============== 12455.8

PRESSURE: 155000 -13482.2 -130.138 31.4846 -119.254 -13565.2 -19.0922 -5.19765 -77.0489 -13411.4
GPRESSURE: 155000 -72.0378 -52.3556 11.8408 -87.0685 -58.0058 -58.6365 1.99336 -98.6065 -86.0652
PRESSAVG: 155000 18.7426 -2.65579 -7.91386 -10.2349 -18.5706 10.502 -2.48481 5.75198 2.57117
GPRESSAVG: 155000 18.5632 -2.67412 -7.85305 -10.2581 -18.5612 10.3571 -2.51877 5.74666 2.53683
TIMING: 155000  CPU: 11032, 0.0712268/step  Wall: 12631.7, 0.0817572/step, 2.15748 hours remaining, 135.253647 MB of memory in use.
ENERGY:  155000      7918.9550     40158.8211     27610.5131       510.5603        -441693.8393     11681.5593       228.2662         0.0000    114708.6249        -238876.5394       309.3553   -353585.1643   -238566.1614       309.6318         -13486.2718       -72.0362   1684485.5574         0.9144         0.8463

WRITING EXTENDED SYSTEM TO RESTART FILE AT STEP 155000
WRITING COORDINATES TO DCD FILE AT STEP 155000
WRITING COORDINATES TO RESTART FILE AT STEP 155000
FINISHED WRITING RESTART COORDINATES
WRITING VELOCITIES TO RESTART FILE AT STEP 155000
FINISHED WRITING RESTART VELOCITIES
LDB: ============= START OF LOAD BALANCING ============== 12774.2
LDB: ============== END OF LOAD BALANCING =============== 12774.2

LDB: ============= START OF LOAD BALANCING ============== 12782.8
LDB: TIME 12782.8 LOAD: AVG 7.21569 MAX 7.59346  PROXIES: TOTAL 654 MAXPE 29 MAXPATCH 4 None 1.26821
LDB: TIME 12782.8 LOAD: AVG 7.21569 MAX 7.56195  PROXIES: TOTAL 654 MAXPE 29 MAXPATCH 4 RefineTorusLB 1.26821
LDB: ============== END OF LOAD BALANCING =============== 12782.8

PRESSURE: 160000 -13623.2 29.6253 -12.9154 110.375 -13495 140.106 -32.3216 137.768 -13341.1
GPRESSURE: 160000 -97.9342 -34.9602 -6.16442 65.0307 -63.4412 132.812 5.7126 97.4996 -69.7217
PRESSAVG: 160000 30.2598 -2.05685 -25.0026 7.31945 -19.0255 -12.4274 -19.6635 -7.97232 6.15786
GPRESSAVG: 160000 30.2085 -1.94314 -25.0242 7.22983 -19.0388 -12.4079 -19.5789 -8.01026 6.19075
TIMING: 160000  CPU: 11388.6, 0.0713188/step  Wall: 13040.9, 0.0818315/step, 2.04579 hours remaining, 135.201035 MB of memory in use.
ENERGY:  160000      8073.4870     40030.9902     27654.8306       486.7095        -441486.7103     11624.6003       239.0742         0.0000    115307.8266        -238069.1920       310.9713   -353377.0185   -237770.5582       310.0280         -13486.4560       -77.0324   1682664.9873         5.7974         5.7868

WRITING EXTENDED SYSTEM TO RESTART FILE AT STEP 160000
WRITING COORDINATES TO DCD FILE AT STEP 160000
WRITING COORDINATES TO RESTART FILE AT STEP 160000
FINISHED WRITING RESTART COORDINATES
WRITING VELOCITIES TO RESTART FILE AT STEP 160000
FINISHED WRITING RESTART VELOCITIES
LDB: ============= START OF LOAD BALANCING ============== 13101.8
LDB: ============== END OF LOAD BALANCING =============== 13101.8

LDB: ============= START OF LOAD BALANCING ============== 13110.1
LDB: TIME 13110.1 LOAD: AVG 7.18229 MAX 7.40889  PROXIES: TOTAL 654 MAXPE 29 MAXPATCH 4 None 1.26447
LDB: TIME 13110.1 LOAD: AVG 7.18229 MAX 7.40889  PROXIES: TOTAL 654 MAXPE 29 MAXPATCH 4 RefineTorusLB 1.26447
LDB: ============== END OF LOAD BALANCING =============== 13110.1

LDB: ============= START OF LOAD BALANCING ============== 13429.8
LDB: ============== END OF LOAD BALANCING =============== 13429.8

LDB: ============= START OF LOAD BALANCING ============== 13438.3
LDB: TIME 13438.3 LOAD: AVG 7.19179 MAX 7.42527  PROXIES: TOTAL 654 MAXPE 29 MAXPATCH 4 None 1.26544
LDB: TIME 13438.3 LOAD: AVG 7.19179 MAX 7.42527  PROXIES: TOTAL 654 MAXPE 29 MAXPATCH 4 RefineTorusLB 1.26544
LDB: ============== END OF LOAD BALANCING =============== 13438.3

PRESSURE: 165000 -13480 15.6811 188.503 46.7306 -13474.9 -25.1819 139.177 -45.1433 -13139
GPRESSURE: 165000 76.1045 19.3209 147.058 13.6049 146.396 36.9772 23.6136 -22.8169 165.927
PRESSAVG: 165000 26.8861 8.93524 -26.1103 13.3266 -36.3921 4.11753 -29.1761 6.38942 -0.0795251
GPRESSAVG: 165000 26.8185 9.00732 -26.0921 13.2737 -36.43 4.04826 -29.0846 6.55832 -0.0967201
TIMING: 165000  CPU: 11745.3, 0.0713376/step  Wall: 13451.6, 0.0821373/step, 1.93935 hours remaining, 134.439163 MB of memory in use.
ENERGY:  165000      8088.0659     40269.2260     27765.6188       499.4436        -443456.2016     12777.0107       255.9710         0.0000    114869.4505        -238931.4151       309.7891   -353800.8656   -238631.2873       310.0448         -13364.6535       129.4759   1681216.6935        -3.1952        -3.2360

WRITING EXTENDED SYSTEM TO RESTART FILE AT STEP 165000
WRITING COORDINATES TO DCD FILE AT STEP 165000
WRITING COORDINATES TO RESTART FILE AT STEP 165000
FINISHED WRITING RESTART COORDINATES
WRITING VELOCITIES TO RESTART FILE AT STEP 165000
FINISHED WRITING RESTART VELOCITIES
LDB: ============= START OF LOAD BALANCING ============== 13757.2
LDB: ============== END OF LOAD BALANCING =============== 13757.2

LDB: ============= START OF LOAD BALANCING ============== 13765.5
LDB: TIME 13765.5 LOAD: AVG 7.1818 MAX 7.39797  PROXIES: TOTAL 654 MAXPE 29 MAXPATCH 4 None 1.27134
LDB: TIME 13765.5 LOAD: AVG 7.1818 MAX 7.39797  PROXIES: TOTAL 654 MAXPE 29 MAXPATCH 4 RefineTorusLB 1.27134
LDB: ============== END OF LOAD BALANCING =============== 13765.5

PRESSURE: 170000 -13371.9 -83.959 20.1587 -77.8959 -13666.9 49.8038 -14.0855 89.5367 -13430.6
GPRESSURE: 170000 62.1716 -47.419 -6.42671 -64.3315 -158.56 19.2131 -31.0442 96.9106 -145.739
PRESSAVG: 170000 35.1364 -10.5871 -12.4193 0.849765 -33.8264 -24.2296 -4.08542 -26.0946 2.50107
GPRESSAVG: 170000 35.1482 -10.5966 -12.4849 0.783504 -33.8216 -24.1911 -3.938 -26.2997 2.58704
TIMING: 170000  CPU: 12101.6, 0.071264/step  Wall: 13860.4, 0.0817712/step, 1.81714 hours remaining, 133.947098 MB of memory in use.
ENERGY:  170000      7929.9645     40339.7938     27628.8172       543.4340        -442039.3098     12010.1840       255.8832         0.0000    114095.7044        -239235.5286       307.7024   -353331.2331   -238938.9776       309.2309         -13489.8307       -80.7093   1686361.9665         1.2703         1.3045

WRITING EXTENDED SYSTEM TO RESTART FILE AT STEP 170000
WRITING COORDINATES TO DCD FILE AT STEP 170000
WRITING COORDINATES TO RESTART FILE AT STEP 170000
FINISHED WRITING RESTART COORDINATES
WRITING VELOCITIES TO RESTART FILE AT STEP 170000
FINISHED WRITING RESTART VELOCITIES
LDB: ============= START OF LOAD BALANCING ============== 14084.1
LDB: ============== END OF LOAD BALANCING =============== 14084.1

LDB: ============= START OF LOAD BALANCING ============== 14092.3
LDB: TIME 14092.4 LOAD: AVG 7.18728 MAX 7.39691  PROXIES: TOTAL 654 MAXPE 29 MAXPATCH 4 None 1.27325
LDB: TIME 14092.4 LOAD: AVG 7.18728 MAX 7.39691  PROXIES: TOTAL 654 MAXPE 29 MAXPATCH 4 RefineTorusLB 1.27325
LDB: ============== END OF LOAD BALANCING =============== 14092.4

PRESSURE: 175000 -13048.2 27.0184 81.0709 35.8135 -13429.7 14.4234 54.9543 15.591 -13233.6
GPRESSURE: 175000 339.06 31.7203 47.6985 -45.6573 153.217 80.0309 51.4711 11.5083 110.822
PRESSAVG: 175000 20.5062 1.5617 -21.7524 -5.11273 -16.6606 -14.066 -30.2127 -26.9587 0.53781
GPRESSAVG: 175000 20.4517 1.40783 -21.7084 -5.1609 -16.5247 -14.0756 -30.196 -26.9127 0.4795
TIMING: 175000  CPU: 12457.5, 0.071179/step  Wall: 14268.7, 0.0816535/step, 1.70112 hours remaining, 135.251205 MB of memory in use.
ENERGY:  175000      7869.8249     40224.6526     27536.3813       522.7046        -442614.1362     12650.7525       236.3987         0.0000    114860.0677        -238713.3538       309.7638   -353573.4214   -238435.9368       309.5364         -13237.1717       201.0331   1683260.5792         1.4612         1.4688

WRITING EXTENDED SYSTEM TO RESTART FILE AT STEP 175000
WRITING COORDINATES TO DCD FILE AT STEP 175000
WRITING COORDINATES TO RESTART FILE AT STEP 175000
FINISHED WRITING RESTART COORDINATES
WRITING VELOCITIES TO RESTART FILE AT STEP 175000
FINISHED WRITING RESTART VELOCITIES
LDB: ============= START OF LOAD BALANCING ============== 14411.2
LDB: ============== END OF LOAD BALANCING =============== 14411.2

LDB: ============= START OF LOAD BALANCING ============== 14419.6
LDB: TIME 14419.6 LOAD: AVG 7.17896 MAX 7.43612  PROXIES: TOTAL 654 MAXPE 29 MAXPATCH 4 None 1.26507
LDB: TIME 14419.6 LOAD: AVG 7.17896 MAX 7.43612  PROXIES: TOTAL 654 MAXPE 29 MAXPATCH 4 RefineTorusLB 1.26507
LDB: ============== END OF LOAD BALANCING =============== 14419.6

PRESSURE: 180000 -13158.3 41.0883 53.6366 37.5022 -13107.5 -56.0307 43.443 -18.4664 -13418.3
GPRESSURE: 180000 175.38 21.8673 38.7107 40.8632 224.618 -134.76 -1.16031 -56.0244 51.7777
PRESSAVG: 180000 37.5933 -14.3644 -19.2211 -7.27471 -31.4234 2.75736 -15.6634 -4.18776 0.162268
GPRESSAVG: 180000 37.8087 -14.4073 -19.0456 -7.21337 -31.7232 2.81481 -15.7134 -4.24965 0.106015
TIMING: 180000  CPU: 12813.1, 0.0711138/step  Wall: 14676.5, 0.0815513/step, 1.58572 hours remaining, 134.261276 MB of memory in use.
ENERGY:  180000      7849.1516     40235.6936     27687.1769       526.5163        -441469.2892     11933.9737       242.8680         0.0000    114962.3200        -238031.5889       310.0395   -352993.9090   -237757.3893       310.2358         -13228.0352       150.5917   1686265.7365         2.1107         2.0639

WRITING EXTENDED SYSTEM TO RESTART FILE AT STEP 180000
WRITING COORDINATES TO DCD FILE AT STEP 180000
WRITING COORDINATES TO RESTART FILE AT STEP 180000
FINISHED WRITING RESTART COORDINATES
WRITING VELOCITIES TO RESTART FILE AT STEP 180000
FINISHED WRITING RESTART VELOCITIES
LDB: ============= START OF LOAD BALANCING ============== 14737.4
LDB: ============== END OF LOAD BALANCING =============== 14737.4

LDB: ============= START OF LOAD BALANCING ============== 14745.6
LDB: TIME 14745.7 LOAD: AVG 7.17346 MAX 7.40096  PROXIES: TOTAL 654 MAXPE 29 MAXPATCH 4 None 1.26592
LDB: TIME 14745.7 LOAD: AVG 7.17346 MAX 7.40096  PROXIES: TOTAL 654 MAXPE 29 MAXPATCH 4 RefineTorusLB 1.26592
LDB: ============== END OF LOAD BALANCING =============== 14745.7

LDB: ============= START OF LOAD BALANCING ============== 15063.6
LDB: ============== END OF LOAD BALANCING =============== 15063.6

LDB: ============= START OF LOAD BALANCING ============== 15072
LDB: TIME 15072 LOAD: AVG 7.17423 MAX 7.35267  PROXIES: TOTAL 654 MAXPE 29 MAXPATCH 4 None 1.27216
LDB: TIME 15072 LOAD: AVG 7.17423 MAX 7.35267  PROXIES: TOTAL 654 MAXPE 29 MAXPATCH 4 RefineTorusLB 1.27216
LDB: ============== END OF LOAD BALANCING =============== 15072

PRESSURE: 185000 -13168.9 -106.909 2.5368 -130.958 -13383.9 2.6242 7.45488 52.4468 -13375.9
GPRESSURE: 185000 226.029 -84.9478 60.954 -67.3539 13.0028 3.36364 15.9396 131.882 -70.6956
PRESSAVG: 185000 7.0415 -11.9601 18.2164 -4.75252 -1.19513 -0.541076 15.5648 -3.87627 -5.84556
GPRESSAVG: 185000 6.92743 -12.1098 18.2774 -4.5885 -1.14653 -0.423377 15.6523 -3.90394 -5.96881
TIMING: 185000  CPU: 13168.3, 0.0710372/step  Wall: 15085, 0.0817101/step, 1.47532 hours remaining, 134.042007 MB of memory in use.
ENERGY:  185000      7980.7983     40223.6702     27659.5354       529.5959        -441445.6233     11786.2721       230.6583         0.0000    114487.9971        -238547.0959       308.7603   -353035.0931   -238260.5513       309.8218         -13309.5949        56.1122   1687972.7183         0.0003        -0.0626

WRITING EXTENDED SYSTEM TO RESTART FILE AT STEP 185000
WRITING COORDINATES TO DCD FILE AT STEP 185000
WRITING COORDINATES TO RESTART FILE AT STEP 185000
FINISHED WRITING RESTART COORDINATES
WRITING VELOCITIES TO RESTART FILE AT STEP 185000
FINISHED WRITING RESTART VELOCITIES
LDB: ============= START OF LOAD BALANCING ============== 15391.7
LDB: ============== END OF LOAD BALANCING =============== 15391.7

LDB: ============= START OF LOAD BALANCING ============== 15399.9
LDB: TIME 15399.9 LOAD: AVG 7.1659 MAX 7.33107  PROXIES: TOTAL 654 MAXPE 29 MAXPATCH 4 None 1.26148
LDB: TIME 15399.9 LOAD: AVG 7.1659 MAX 7.33107  PROXIES: TOTAL 654 MAXPE 29 MAXPATCH 4 RefineTorusLB 1.26148
LDB: ============== END OF LOAD BALANCING =============== 15399.9

PRESSURE: 190000 -13606.2 9.60312 133.81 5.74684 -13601.7 -54.6624 182.861 -29.3041 -13222.2
GPRESSURE: 190000 -82.0047 47.0042 9.60785 117.091 -98.0435 26.8398 82.6382 17.492 -31.2682
PRESSAVG: 190000 12.189 -17.8574 8.71231 -11.9757 -8.15253 -14.1174 2.87736 -15.4309 0.240797
GPRESSAVG: 190000 12.3361 -17.6763 8.69851 -11.9032 -8.21098 -14.1955 2.85436 -15.5807 0.191412
TIMING: 190000  CPU: 13523.9, 0.0711312/step  Wall: 15494.6, 0.081927/step, 1.36545 hours remaining, 134.600235 MB of memory in use.
ENERGY:  190000      8123.5169     40238.9609     27718.2591       479.9606        -442089.3007     11767.2250       239.9081         0.0000    115039.2753        -238482.1948       310.2471   -353521.4702   -238173.3767       310.2108         -13476.6993       -70.4388   1685813.5234         1.4257         1.4388

WRITING EXTENDED SYSTEM TO RESTART FILE AT STEP 190000
WRITING COORDINATES TO DCD FILE AT STEP 190000
WRITING COORDINATES TO RESTART FILE AT STEP 190000
FINISHED WRITING RESTART COORDINATES
WRITING VELOCITIES TO RESTART FILE AT STEP 190000
FINISHED WRITING RESTART VELOCITIES
LDB: ============= START OF LOAD BALANCING ============== 15719.4
LDB: ============== END OF LOAD BALANCING =============== 15719.4

LDB: ============= START OF LOAD BALANCING ============== 15727.7
LDB: TIME 15727.7 LOAD: AVG 7.18325 MAX 7.39588  PROXIES: TOTAL 654 MAXPE 29 MAXPATCH 4 None 1.26874
LDB: TIME 15727.7 LOAD: AVG 7.18325 MAX 7.39588  PROXIES: TOTAL 654 MAXPE 29 MAXPATCH 4 RefineTorusLB 1.26874
LDB: ============== END OF LOAD BALANCING =============== 15727.7

PRESSURE: 195000 -13486.9 -236.587 -41.1995 -190.447 -13456.8 38.4323 -36.2443 4.25646 -13224.7
GPRESSURE: 195000 -13.2764 -257.745 15.6375 -197.157 33.3749 -57.3864 -98.8342 -35.4184 144.165
PRESSAVG: 195000 -1.39895 -4.12658 5.02017 2.71552 1.44025 -5.16832 -2.26708 0.803433 2.13501
GPRESSAVG: 195000 -1.41467 -4.00352 5.00502 2.74174 1.5178 -5.44537 -2.27056 0.940343 2.06632
TIMING: 195000  CPU: 13880.8, 0.0713624/step  Wall: 15904.6, 0.0819976/step, 1.25274 hours remaining, 134.208267 MB of memory in use.
ENERGY:  195000      8073.7348     40345.7896     27588.6606       514.1867        -443406.1278     12625.9415       240.3159         0.0000    114558.9483        -239458.5505       308.9517   -354017.4988   -239183.2284       309.8991         -13389.4886        54.7546   1686038.2406         0.7254         0.7232

WRITING EXTENDED SYSTEM TO RESTART FILE AT STEP 195000
WRITING COORDINATES TO DCD FILE AT STEP 195000
WRITING COORDINATES TO RESTART FILE AT STEP 195000
FINISHED WRITING RESTART COORDINATES
WRITING VELOCITIES TO RESTART FILE AT STEP 195000
FINISHED WRITING RESTART VELOCITIES
LDB: ============= START OF LOAD BALANCING ============== 16047.5
LDB: ============== END OF LOAD BALANCING =============== 16047.5

LDB: ============= START OF LOAD BALANCING ============== 16055.8
LDB: TIME 16055.9 LOAD: AVG 7.18386 MAX 7.50677  PROXIES: TOTAL 654 MAXPE 29 MAXPATCH 4 None 1.26424
LDB: TIME 16055.9 LOAD: AVG 7.18386 MAX 7.50677  PROXIES: TOTAL 654 MAXPE 29 MAXPATCH 4 RefineTorusLB 1.26424
LDB: ============== END OF LOAD BALANCING =============== 16055.9

PRESSURE: 200000 -12983.5 -99.3725 -30.39 -85.0907 -13560.7 106.939 7.97256 42.8577 -13325.8
GPRESSURE: 200000 327.846 -169.865 -96.2358 -160.48 -57.7929 75.8962 28.0294 51.338 130.843
PRESSAVG: 200000 2.09773 -35.656 11.5164 -15.7666 4.17763 -19.0583 -1.23942 -17.5742 1.77391
GPRESSAVG: 200000 2.13424 -35.727 11.7369 -15.6092 4.13389 -18.99 -1.3642 -17.5911 1.78669
TIMING: 200000  CPU: 14236.9, 0.0712236/step  Wall: 16313.9, 0.0818442/step, 1.13673 hours remaining, 133.968277 MB of memory in use.
ETITLE:      TS           BOND          ANGLE          DIHED          IMPRP               ELECT            VDW       BOUNDARY           MISC        KINETIC               TOTAL           TEMP      POTENTIAL         TOTAL3        TEMPAVG            PRESSURE      GPRESSURE         VOLUME       PRESSAVG      GPRESSAVG

ENERGY:  200000      7900.7182     40130.8446     27549.2367       506.1745        -442159.4709     12080.8761       232.3159         0.0000    114887.7115        -238871.5934       309.8383   -353759.3049   -238560.9167       309.8354         -13290.0390       133.6318   1684117.6802         2.6831         2.6849

WRITING EXTENDED SYSTEM TO RESTART FILE AT STEP 200000
WRITING COORDINATES TO DCD FILE AT STEP 200000
WRITING COORDINATES TO RESTART FILE AT STEP 200000
FINISHED WRITING RESTART COORDINATES
WRITING VELOCITIES TO RESTART FILE AT STEP 200000
FINISHED WRITING RESTART VELOCITIES
LDB: ============= START OF LOAD BALANCING ============== 16374.4
LDB: ============== END OF LOAD BALANCING =============== 16374.4

LDB: ============= START OF LOAD BALANCING ============== 16382.7
LDB: TIME 16382.7 LOAD: AVG 7.20116 MAX 7.50112  PROXIES: TOTAL 654 MAXPE 29 MAXPATCH 4 None 1.27273
LDB: TIME 16382.7 LOAD: AVG 7.20116 MAX 7.50112  PROXIES: TOTAL 654 MAXPE 29 MAXPATCH 4 RefineTorusLB 1.27273
LDB: ============== END OF LOAD BALANCING =============== 16382.7

LDB: ============= START OF LOAD BALANCING ============== 16701.1
LDB: ============== END OF LOAD BALANCING =============== 16701.1

LDB: ============= START OF LOAD BALANCING ============== 16709.5
LDB: TIME 16709.5 LOAD: AVG 7.1767 MAX 7.42733  PROXIES: TOTAL 654 MAXPE 29 MAXPATCH 4 None 1.25623
LDB: TIME 16709.6 LOAD: AVG 7.1767 MAX 7.42733  PROXIES: TOTAL 654 MAXPE 29 MAXPATCH 4 RefineTorusLB 1.25623
LDB: ============== END OF LOAD BALANCING =============== 16709.6

WRITING COORDINATES TO DCD FILE AT STEP 205000
WRITING COORDINATES TO RESTART FILE AT STEP 205000
FINISHED WRITING RESTART COORDINATES
WRITING VELOCITIES TO RESTART FILE AT STEP 205000
FINISHED WRITING RESTART VELOCITIES
PRESSURE: 205000 -13478.2 140.744 126.912 186.707 -13241.5 115.751 59.4795 120.501 -13609
GPRESSURE: 205000 33.8088 67.6969 96.8728 99.1749 218.088 122.685 107.709 66.5156 -256.303
PRESSAVG: 205000 0.144553 -38.0608 -6.91885 -9.17374 -2.64402 10.2905 0.955641 5.75238 7.5161
GPRESSAVG: 205000 0.242417 -38.0819 -7.04458 -9.24414 -2.84534 10.3038 1.06924 5.82066 7.56088
TIMING: 205000  CPU: 14592.1, 0.0710384/step  Wall: 16722.9, 0.0818019/step, 1.02252 hours remaining, 133.500473 MB of memory in use.
ENERGY:  205000      8012.3240     40227.0977     27631.5451       501.6406        -442911.1166     12463.6184       222.5618         0.0000    114234.2359        -239618.0932       308.0760   -353852.3290   -239334.1683       310.0203         -13442.8966        -1.4688   1684150.5457         1.6722         1.6527

WRITING EXTENDED SYSTEM TO RESTART FILE AT STEP 205000
LDB: ============= START OF LOAD BALANCING ============== 17029
LDB: ============== END OF LOAD BALANCING =============== 17029

LDB: ============= START OF LOAD BALANCING ============== 17037.4
LDB: TIME 17037.4 LOAD: AVG 7.18553 MAX 7.51752  PROXIES: TOTAL 654 MAXPE 29 MAXPATCH 4 None 1.26165
LDB: TIME 17037.4 LOAD: AVG 7.18553 MAX 7.51752  PROXIES: TOTAL 654 MAXPE 29 MAXPATCH 4 RefineTorusLB 1.26165
LDB: ============== END OF LOAD BALANCING =============== 17037.4

PRESSURE: 210000 -13448.5 -46.4087 12.2031 -70.5099 -13489.2 33.4837 18.2097 -52.7451 -13441.3
GPRESSURE: 210000 26.9357 -26.5503 17.3624 -4.24459 -67.2964 -5.05212 -6.17713 6.14282 -103.668
PRESSAVG: 210000 8.99771 -32.0432 -16.5928 -26.6612 -10.297 14.8621 -12.8177 7.31058 -0.234315
GPRESSAVG: 210000 9.2463 -31.962 -16.6371 -26.6443 -10.1919 14.9354 -12.8503 7.27948 -0.373048
TIMING: 210000  CPU: 14944.4, 0.0704633/step  Wall: 17133, 0.082023/step, 0.911367 hours remaining, 135.345810 MB of memory in use.
ENERGY:  210000      7892.0401     40334.5927     27593.3286       495.7146        -442587.4299     12053.6193       228.7025         0.0000    114195.8632        -239793.5689       307.9725   -353989.4320   -239508.1785       309.5933         -13459.6457       -48.0096   1684224.1458        -0.5112        -0.4396

WRITING EXTENDED SYSTEM TO RESTART FILE AT STEP 210000
WRITING COORDINATES TO DCD FILE AT STEP 210000
WRITING COORDINATES TO RESTART FILE AT STEP 210000
FINISHED WRITING RESTART COORDINATES
WRITING VELOCITIES TO RESTART FILE AT STEP 210000
FINISHED WRITING RESTART VELOCITIES
LDB: ============= START OF LOAD BALANCING ============== 17358.2
LDB: ============== END OF LOAD BALANCING =============== 17358.2

LDB: ============= START OF LOAD BALANCING ============== 17366.5
LDB: TIME 17366.5 LOAD: AVG 7.18961 MAX 7.4283  PROXIES: TOTAL 654 MAXPE 29 MAXPATCH 4 None 1.26933
LDB: TIME 17366.5 LOAD: AVG 7.18961 MAX 7.4283  PROXIES: TOTAL 654 MAXPE 29 MAXPATCH 4 RefineTorusLB 1.26933
LDB: ============== END OF LOAD BALANCING =============== 17366.5

WRITING COORDINATES TO DCD FILE AT STEP 215000
WRITING COORDINATES TO RESTART FILE AT STEP 215000
FINISHED WRITING RESTART COORDINATES
PRESSURE: 215000 -13445.3 -43.3904 -64.5292 7.95905 -13576.9 -2.95098 -48.198 -25.8219 -13252.5
GPRESSURE: 215000 23.7234 24.3595 -80.1761 57.4901 50.8432 -48.1187 11.2574 12.7378 -42.7348
PRESSAVG: 215000 1.96699 -1.98058 -32.9607 -13.482 2.5031 1.96474 6.55832 -22.1776 2.78253
GPRESSAVG: 215000 1.87237 -2.07499 -32.9832 -13.5785 2.53452 1.98405 6.51151 -21.9879 2.65893
TIMING: 215000  CPU: 15297.8, 0.0706773/step  Wall: 17544.2, 0.0822406/step, 0.799561 hours remaining, 134.298325 MB of memory in use.
ENERGY:  215000      8052.7669     40385.9957     27625.3801       498.0915        -442387.5801     12090.0315       223.3858         0.0000    114868.4521        -238643.4765       309.7864   -353511.9286   -238354.6721       309.5916         -13424.9056        10.6106   1684099.0118         2.4175         2.3553

WRITING EXTENDED SYSTEM TO RESTART FILE AT STEP 215000
WRITING VELOCITIES TO RESTART FILE AT STEP 215000
FINISHED WRITING RESTART VELOCITIES
LDB: ============= START OF LOAD BALANCING ============== 17687.3
LDB: ============== END OF LOAD BALANCING =============== 17687.3

LDB: ============= START OF LOAD BALANCING ============== 17695.6
LDB: TIME 17695.6 LOAD: AVG 7.14793 MAX 7.30125  PROXIES: TOTAL 654 MAXPE 29 MAXPATCH 4 None 1.24254
LDB: TIME 17695.6 LOAD: AVG 7.14793 MAX 7.30125  PROXIES: TOTAL 654 MAXPE 29 MAXPATCH 4 RefineTorusLB 1.24254
LDB: ============== END OF LOAD BALANCING =============== 17695.6

PRESSURE: 220000 -13443.6 163.295 -13.747 127.463 -13449.9 43.7797 87.9481 32.2641 -13413.4
GPRESSURE: 220000 -0.813954 110.064 13.3929 91.2013 51.4562 194.543 36.3007 51.6125 -49.068
PRESSAVG: 220000 3.86733 -19.0501 -41.3844 -11.7887 -5.08575 -3.08859 -26.3044 -5.03642 1.1912
GPRESSAVG: 220000 3.83813 -19.1267 -41.433 -11.8957 -5.07751 -3.08217 -26.2959 -5.12117 1.14533
TIMING: 220000  CPU: 15651.7, 0.0707892/step  Wall: 17954.1, 0.0819769/step, 0.683141 hours remaining, 134.540329 MB of memory in use.
ENERGY:  220000      8025.6206     40487.1964     27494.3633       493.6719        -442479.7706     11948.5720       238.7809         0.0000    114155.0384        -239636.5272       307.8624   -353791.5656   -239343.1859       309.5993         -13435.6247         0.5248   1683968.7484        -0.0091        -0.0314

WRITING EXTENDED SYSTEM TO RESTART FILE AT STEP 220000
WRITING COORDINATES TO DCD FILE AT STEP 220000
WRITING COORDINATES TO RESTART FILE AT STEP 220000
FINISHED WRITING RESTART COORDINATES
WRITING VELOCITIES TO RESTART FILE AT STEP 220000
FINISHED WRITING RESTART VELOCITIES
LDB: ============= START OF LOAD BALANCING ============== 18014.9
LDB: ============== END OF LOAD BALANCING =============== 18014.9

LDB: ============= START OF LOAD BALANCING ============== 18023.2
LDB: TIME 18023.3 LOAD: AVG 7.16601 MAX 7.40574  PROXIES: TOTAL 654 MAXPE 29 MAXPATCH 4 None 1.25552
LDB: TIME 18023.3 LOAD: AVG 7.16601 MAX 7.40574  PROXIES: TOTAL 654 MAXPE 29 MAXPATCH 4 RefineTorusLB 1.25552
LDB: ============== END OF LOAD BALANCING =============== 18023.3

LDB: ============= START OF LOAD BALANCING ============== 18343
LDB: ============== END OF LOAD BALANCING =============== 18343

LDB: ============= START OF LOAD BALANCING ============== 18351.4
LDB: TIME 18351.4 LOAD: AVG 7.18182 MAX 7.3993  PROXIES: TOTAL 654 MAXPE 29 MAXPATCH 4 None 1.26836
LDB: TIME 18351.4 LOAD: AVG 7.18182 MAX 7.3993  PROXIES: TOTAL 654 MAXPE 29 MAXPATCH 4 RefineTorusLB 1.26836
LDB: ============== END OF LOAD BALANCING =============== 18351.4

PRESSURE: 225000 -13592.1 -197.722 -94.5351 -231.758 -13528 113.713 -43.4769 94.8017 -13235.5
GPRESSURE: 225000 -129.278 -252.566 -215.225 -288.504 -132.965 166.843 21.1785 63.3906 30.8391
PRESSAVG: 225000 5.53273 -18.2432 -20.2671 -38.9795 -5.18302 1.21376 -8.45234 3.53123 -1.10253
GPRESSAVG: 225000 5.61277 -18.2129 -20.3038 -38.994 -5.17893 1.15608 -8.49907 3.45462 -1.23527
TIMING: 225000  CPU: 16006.2, 0.0708952/step  Wall: 18363.9, 0.0819726/step, 0.569254 hours remaining, 135.404556 MB of memory in use.
ENERGY:  225000      7987.4107     40152.0723     27503.8396       531.1015        -441779.0079     11866.7478       246.2954         0.0000    114756.4399        -238735.1007       309.4843   -353491.5406   -238452.0892       309.6084         -13451.8933       -77.1346   1689216.1778        -0.2509        -0.2671

WRITING EXTENDED SYSTEM TO RESTART FILE AT STEP 225000
WRITING COORDINATES TO DCD FILE AT STEP 225000
WRITING COORDINATES TO RESTART FILE AT STEP 225000
FINISHED WRITING RESTART COORDINATES
WRITING VELOCITIES TO RESTART FILE AT STEP 225000
FINISHED WRITING RESTART VELOCITIES
LDB: ============= START OF LOAD BALANCING ============== 18669.7
LDB: ============== END OF LOAD BALANCING =============== 18669.7

LDB: ============= START OF LOAD BALANCING ============== 18678
LDB: TIME 18678 LOAD: AVG 7.19769 MAX 7.43111  PROXIES: TOTAL 654 MAXPE 29 MAXPATCH 4 None 1.28079
LDB: TIME 18678 LOAD: AVG 7.19769 MAX 7.43111  PROXIES: TOTAL 654 MAXPE 29 MAXPATCH 4 RefineTorusLB 1.28079
LDB: ============== END OF LOAD BALANCING =============== 18678

PRESSURE: 230000 -13592 -62.1624 -16.4228 -112.811 -13406.2 -27.2249 36.696 -24.4412 -13498
GPRESSURE: 230000 -35.6924 -50.5956 -4.67539 -103.488 34.8527 -12.5653 14.3861 -61.3327 -145.083
PRESSAVG: 230000 15.2657 -6.66664 -2.4624 -16.6867 -14.8808 1.5402 -6.16175 -2.96236 -0.274893
GPRESSAVG: 230000 15.2207 -6.75671 -2.42365 -16.6902 -14.7425 1.49208 -6.17644 -3.01319 -0.293924
TIMING: 230000  CPU: 16361.9, 0.0711442/step  Wall: 18772.4, 0.0816981/step, 0.453878 hours remaining, 135.133377 MB of memory in use.
ENERGY:  230000      8025.0956     40522.5415     27607.9887       479.0549        -442736.8388     12144.0524       231.7220         0.0000    115271.7141        -238454.6695       310.8739   -353726.3837   -238160.4236       309.7133         -13498.7228       -48.6408   1683846.5704         0.0367         0.0614

WRITING EXTENDED SYSTEM TO RESTART FILE AT STEP 230000
WRITING COORDINATES TO DCD FILE AT STEP 230000
WRITING COORDINATES TO RESTART FILE AT STEP 230000
FINISHED WRITING RESTART COORDINATES
WRITING VELOCITIES TO RESTART FILE AT STEP 230000
FINISHED WRITING RESTART VELOCITIES
LDB: ============= START OF LOAD BALANCING ============== 18997.1
LDB: ============== END OF LOAD BALANCING =============== 18997.1

LDB: ============= START OF LOAD BALANCING ============== 19005.4
LDB: TIME 19005.4 LOAD: AVG 7.18199 MAX 7.3927  PROXIES: TOTAL 654 MAXPE 29 MAXPATCH 4 None 1.25967
LDB: TIME 19005.4 LOAD: AVG 7.18199 MAX 7.3927  PROXIES: TOTAL 654 MAXPE 29 MAXPATCH 4 RefineTorusLB 1.25967
LDB: ============== END OF LOAD BALANCING =============== 19005.4

PRESSURE: 235000 -13352.1 -63.103 49.0486 -77.5068 -13394.6 243.635 73.7258 160.262 -13425.4
GPRESSURE: 235000 63.9091 -20.2805 36.9123 -27.9703 167.726 217.915 118.281 124.464 -132.106
PRESSAVG: 235000 9.406 1.24543 -21.2945 -8.89034 -10.8562 8.75806 -11.2374 -6.65241 -1.97177
GPRESSAVG: 235000 9.33189 1.33456 -21.3583 -8.97681 -10.7471 8.77928 -11.3403 -6.5925 -2.06487
TIMING: 235000  CPU: 16716.6, 0.0709444/step  Wall: 19183, 0.0821174/step, 0.342156 hours remaining, 134.579361 MB of memory in use.
ENERGY:  235000      7985.7312     40081.5213     27489.0419       492.2654        -442129.2817     12099.0843       223.4069         0.0000    114298.7919        -239459.4387       308.2501   -353758.2306   -239161.6581       309.7205         -13390.6557        33.1764   1682025.3136        -1.1407        -1.1600

WRITING EXTENDED SYSTEM TO RESTART FILE AT STEP 235000
WRITING COORDINATES TO DCD FILE AT STEP 235000
WRITING COORDINATES TO RESTART FILE AT STEP 235000
FINISHED WRITING RESTART COORDINATES
WRITING VELOCITIES TO RESTART FILE AT STEP 235000
FINISHED WRITING RESTART VELOCITIES
LDB: ============= START OF LOAD BALANCING ============== 19325.6
LDB: ============== END OF LOAD BALANCING =============== 19325.6

LDB: ============= START OF LOAD BALANCING ============== 19334
LDB: TIME 19334 LOAD: AVG 7.19651 MAX 7.55609  PROXIES: TOTAL 654 MAXPE 29 MAXPATCH 4 None 1.26954
LDB: TIME 19334 LOAD: AVG 7.19651 MAX 7.55609  PROXIES: TOTAL 654 MAXPE 29 MAXPATCH 4 RefineTorusLB 1.26954
LDB: ============== END OF LOAD BALANCING =============== 19334

WRITING COORDINATES TO DCD FILE AT STEP 240000
WRITING COORDINATES TO RESTART FILE AT STEP 240000
FINISHED WRITING RESTART COORDINATES
PRESSURE: 240000 -13464.5 -51.6668 88.0158 -82.8861 -13541.4 80.2296 38.9236 23.8883 -13921.9
GPRESSURE: 240000 -85.3101 -15.6731 54.6082 -24.1927 -85.4154 -9.2646 28.3532 -24.8676 -437.67
PRESSAVG: 240000 9.57734 -19.5949 31.4492 -11.5163 4.50364 5.63021 0.912378 -1.82206 -4.4432
GPRESSAVG: 240000 9.66795 -19.4684 31.483 -11.3609 4.55896 5.61047 0.965461 -1.90131 -4.32536
TIMING: 240000  CPU: 17071.7, 0.0710184/step  Wall: 19593.5, 0.0820943/step, 0.22804 hours remaining, 134.016129 MB of memory in use.
ENERGY:  240000      7960.8862     40393.5605     27522.7871       489.1635        -442528.6110     11978.7069       229.1254         0.0000    114754.1247        -239200.2567       309.4781   -353954.3814   -238890.1281       309.9889         -13642.6038      -202.7984   1681373.6907         3.2126         3.3005

WRITING EXTENDED SYSTEM TO RESTART FILE AT STEP 240000
WRITING VELOCITIES TO RESTART FILE AT STEP 240000
FINISHED WRITING RESTART VELOCITIES
LDB: ============= START OF LOAD BALANCING ============== 19654.4
LDB: ============== END OF LOAD BALANCING =============== 19654.4

LDB: ============= START OF LOAD BALANCING ============== 19662.8
LDB: TIME 19662.8 LOAD: AVG 7.19983 MAX 7.41843  PROXIES: TOTAL 654 MAXPE 29 MAXPATCH 4 None 1.27002
LDB: TIME 19662.8 LOAD: AVG 7.19983 MAX 7.41843  PROXIES: TOTAL 654 MAXPE 29 MAXPATCH 4 RefineTorusLB 1.27002
LDB: ============== END OF LOAD BALANCING =============== 19662.8

LDB: ============= START OF LOAD BALANCING ============== 19981.5
LDB: ============== END OF LOAD BALANCING =============== 19981.5

LDB: ============= START OF LOAD BALANCING ============== 19989.8
LDB: TIME 19989.8 LOAD: AVG 7.17552 MAX 7.35396  PROXIES: TOTAL 654 MAXPE 29 MAXPATCH 4 None 1.26233
LDB: TIME 19989.9 LOAD: AVG 7.17552 MAX 7.35396  PROXIES: TOTAL 654 MAXPE 29 MAXPATCH 4 RefineTorusLB 1.26233
LDB: ============== END OF LOAD BALANCING =============== 19989.9

PRESSURE: 245000 -13376.6 27.4139 -75.2571 22.5539 -13631.7 160.703 -64.9605 124.074 -13488.3
GPRESSURE: 245000 36.1972 -6.65523 -88.1922 80.62 -162.547 63.3519 2.10514 153.289 -191.146
PRESSAVG: 245000 3.06066 3.25031 22.2295 -11.923 -10.77 11.1538 14.4395 -8.4562 -1.93404
GPRESSAVG: 245000 3.02035 3.25452 22.2068 -12.0806 -10.7946 11.0134 14.5363 -8.38184 -1.86977
TIMING: 245000  CPU: 17427.1, 0.0710852/step  Wall: 20002.7, 0.0818518/step, 0.113683 hours remaining, 134.706680 MB of memory in use.
ENERGY:  245000      8071.6769     40367.4474     27562.3050       534.9660        -442027.7268     11842.1652       221.6055         0.0000    114935.7280        -238491.8327       309.9678   -353427.5608   -238197.9145       309.8405         -13498.8769      -105.8320   1686317.8171        -3.2145        -3.2147

WRITING EXTENDED SYSTEM TO RESTART FILE AT STEP 245000
WRITING COORDINATES TO DCD FILE AT STEP 245000
WRITING COORDINATES TO RESTART FILE AT STEP 245000
FINISHED WRITING RESTART COORDINATES
WRITING VELOCITIES TO RESTART FILE AT STEP 245000
FINISHED WRITING RESTART VELOCITIES
LDB: ============= START OF LOAD BALANCING ============== 20308.5
LDB: ============== END OF LOAD BALANCING =============== 20308.5

LDB: ============= START OF LOAD BALANCING ============== 20316.8
LDB: TIME 20316.8 LOAD: AVG 7.18835 MAX 7.44945  PROXIES: TOTAL 654 MAXPE 29 MAXPATCH 4 None 1.2689
LDB: TIME 20316.8 LOAD: AVG 7.18835 MAX 7.44945  PROXIES: TOTAL 654 MAXPE 29 MAXPATCH 4 RefineTorusLB 1.2689
LDB: ============== END OF LOAD BALANCING =============== 20316.8

PRESSURE: 250000 -12985.8 55.7203 -15.4567 59.2069 -13085.5 117.289 80.2463 98.8956 -13545.6
GPRESSURE: 250000 392.284 87.157 -71.5281 90.9339 273.37 91.0616 29.7262 110.07 -26.6071
PRESSAVG: 250000 1.80338 9.33867 2.82713 2.35273 1.648 9.27555 -8.15165 9.0078 -1.06557
GPRESSAVG: 250000 1.74249 9.20969 2.81662 2.17975 1.62045 9.16633 -8.17478 9.02547 -1.11603
TIMING: 250000  CPU: 17782.8, 0.0711282/step  Wall: 20412.5, 0.0819509/step, 0 hours remaining, 133.760513 MB of memory in use.
ETITLE:      TS           BOND          ANGLE          DIHED          IMPRP               ELECT            VDW       BOUNDARY           MISC        KINETIC               TOTAL           TEMP      POTENTIAL         TOTAL3        TEMPAVG            PRESSURE      GPRESSURE         VOLUME       PRESSAVG      GPRESSAVG

ENERGY:  250000      8069.9807     40320.5146     27556.6747       490.8076        -442622.0836     12428.3067       232.5976         0.0000    114697.8919        -238825.3099       309.3264   -353523.2018   -238518.7659       309.6295         -13205.6267       213.0158   1685247.4880         0.7953         0.7490

WRITING EXTENDED SYSTEM TO RESTART FILE AT STEP 250000
WRITING COORDINATES TO DCD FILE AT STEP 250000
WRITING COORDINATES TO RESTART FILE AT STEP 250000
FINISHED WRITING RESTART COORDINATES
WRITING VELOCITIES TO RESTART FILE AT STEP 250000
FINISHED WRITING RESTART VELOCITIES
WRITING EXTENDED SYSTEM TO OUTPUT FILE AT STEP 250000
CLOSING EXTENDED SYSTEM TRAJECTORY FILE
WRITING COORDINATES TO OUTPUT FILE AT STEP 250000
CLOSING COORDINATE DCD FILE
WRITING VELOCITIES TO OUTPUT FILE AT STEP 250000
====================================================

WallClock: 20450.253906  CPUTime: 17818.394531  Memory: 131.924973 MB
