21181: Sun May  4 04:46:22 EDT 2014: Entering /tmp/24822.1.standard.q/ssh with args node047.pug.mib.pbtech -l jam2079 /bin/sh -f
21172: Sun May  4 04:46:22 EDT 2014: Entering /tmp/24822.1.standard.q/ssh with args node041.pug.mib.pbtech -l jam2079 /bin/sh -f
21185: Sun May  4 04:46:22 EDT 2014: Entering /tmp/24822.1.standard.q/ssh with args node047.pug.mib.pbtech -l jam2079 /bin/sh -f
21182: Sun May  4 04:46:22 EDT 2014: Entering /tmp/24822.1.standard.q/ssh with args node041.pug.mib.pbtech -l jam2079 /bin/sh -f
21177: Sun May  4 04:46:22 EDT 2014: Entering /tmp/24822.1.standard.q/ssh with args node047.pug.mib.pbtech -l jam2079 /bin/sh -f
21189: Sun May  4 04:46:22 EDT 2014: Entering /tmp/24822.1.standard.q/ssh with args node047.pug.mib.pbtech -l jam2079 /bin/sh -f
21171: Sun May  4 04:46:22 EDT 2014: Entering /tmp/24822.1.standard.q/ssh with args node047.pug.mib.pbtech -l jam2079 /bin/sh -f
21183: Sun May  4 04:46:22 EDT 2014: Exiting /tmp/24822.1.standard.q/ssh
21191: Sun May  4 04:46:24 EDT 2014: Exiting /tmp/24822.1.standard.q/ssh
21180: Sun May  4 04:46:25 EDT 2014: Exiting /tmp/24822.1.standard.q/ssh
21172: Sun May  4 04:46:26 EDT 2014: Exiting /tmp/24822.1.standard.q/ssh
21176: Sun May  4 04:46:26 EDT 2014: Exiting /tmp/24822.1.standard.q/ssh
21171: Sun May  4 04:46:26 EDT 2014: Exiting /tmp/24822.1.standard.q/ssh
21175: Sun May  4 04:46:27 EDT 2014: Exiting /tmp/24822.1.standard.q/ssh
21185: Sun May  4 04:46:30 EDT 2014: Exiting /tmp/24822.1.standard.q/ssh
21177: Sun May  4 04:46:30 EDT 2014: Exiting /tmp/24822.1.standard.q/ssh
21178: Sun May  4 04:46:31 EDT 2014: Exiting /tmp/24822.1.standard.q/ssh
21181: Sun May  4 04:46:36 EDT 2014: Exiting /tmp/24822.1.standard.q/ssh
21189: Sun May  4 04:46:39 EDT 2014: Exiting /tmp/24822.1.standard.q/ssh
21188: Sun May  4 04:46:41 EDT 2014: Exiting /tmp/24822.1.standard.q/ssh
21190: Sun May  4 04:46:42 EDT 2014: Exiting /tmp/24822.1.standard.q/ssh
21174: Sun May  4 04:46:42 EDT 2014: Exiting /tmp/24822.1.standard.q/ssh
21193: Sun May  4 04:46:42 EDT 2014: Exiting /tmp/24822.1.standard.q/ssh
21173: Sun May  4 04:46:42 EDT 2014: Exiting /tmp/24822.1.standard.q/ssh
21182: Sun May  4 04:46:43 EDT 2014: Exiting /tmp/24822.1.standard.q/ssh
21184: Sun May  4 04:46:43 EDT 2014: Exiting /tmp/24822.1.standard.q/ssh
21187: Sun May  4 04:46:43 EDT 2014: Exiting /tmp/24822.1.standard.q/ssh
21179: Sun May  4 04:46:44 EDT 2014: Exiting /tmp/24822.1.standard.q/ssh
21192: Sun May  4 04:46:45 EDT 2014: Exiting /tmp/24822.1.standard.q/ssh
21170: Sun May  4 04:46:45 EDT 2014: Exiting /tmp/24822.1.standard.q/ssh
21186: Sun May  4 04:46:45 EDT 2014: Exiting /tmp/24822.1.standard.q/ssh
Warning> Randomization of stack pointer is turned on in kernel.
Charm++> synchronizing isomalloc memory region...
[0] consolidated Isomalloc memory region: 0x2ba700000000 - 0x7ffb00000000 (88424448 megs)
Charm++: scheduler running in netpoll mode.
Charm++> Running on 2 unique compute nodes (12-way SMP).
Charm++> Cpu topology info:
PE to node map: 0 1 0 1 0 1 0 1 0 1 0 1 0 1 0 1 0 1 0 1 0 1 0 1 
Node to PE map:
Chip #0: 0 2 4 6 8 10 12 14 16 18 20 22 
Chip #1: 1 3 5 7 9 11 13 15 17 19 21 23 
Charm++> cpu topology info is gathered in 0.045 seconds.
Info: NAMD 2.7 for Linux-x86_64
Info: 
Info: Please visit http://www.ks.uiuc.edu/Research/namd/
Info: and send feedback or bug reports to namd@ks.uiuc.edu
Info: 
Info: Please cite Phillips et al., J. Comp. Chem. 26:1781-1802 (2005)
Info: in all publications reporting results obtained with NAMD.
Info: 
Info: Based on Charm++/Converse 60202 for net-linux-x86_64
Info: Built Fri Jun 17 11:23:43 EDT 2011 by jason on node026.pug.pbtech
Info: 1 NAMD  2.7  Linux-x86_64  24    node041.pug.pbtech  jam2079
Info: Running on 24 processors.
Info: CPU topology information available.
Info: Charm++/Converse parallel runtime startup completed at 0.414975 s
Info: 1.64034 MB of memory in use based on CmiMemoryUsage
Info: Changed directory to phase2a
Info: Configuration file is rho_equil_phase2a6.np.in
TCL: Suspending until startup complete.
Info: EXTENDED SYSTEM FILE   /home/jam2079/Pathrover/2jln/phase2a/dat_equil_phase2a5.restart.xsc
Info: SIMULATION PARAMETERS:
Info: TIMESTEP               1
Info: NUMBER OF STEPS        0
Info: STEPS PER CYCLE        20
Info: PERIODIC CELL BASIS 1  121.59 0 0
Info: PERIODIC CELL BASIS 2  0 122.68 0
Info: PERIODIC CELL BASIS 3  0 0 114.362
Info: PERIODIC CELL CENTER   -0.389 0.194 1.795
Info: WRAPPING ALL CLUSTERS AROUND PERIODIC BOUNDARIES ON OUTPUT.
Info: LOAD BALANCER  Centralized
Info: LOAD BALANCING STRATEGY  New Load Balancers -- ASB
Info: LDB PERIOD             4000 steps
Info: FIRST LDB TIMESTEP     100
Info: LAST LDB TIMESTEP     -1
Info: LDB BACKGROUND SCALING 1
Info: HOM BACKGROUND SCALING 1
Info: PME BACKGROUND SCALING 1
Info: MAX SELF PARTITIONS    20
Info: MAX PAIR PARTITIONS    8
Info: SELF PARTITION ATOMS   154
Info: SELF2 PARTITION ATOMS   154
Info: PAIR PARTITION ATOMS   318
Info: PAIR2 PARTITION ATOMS  637
Info: MIN ATOMS PER PATCH    100
Info: VELOCITY FILE          /home/jam2079/Pathrover/2jln/phase2a/dat_equil_phase2a5.restart.vel
Info: CENTER OF MASS MOVING INITIALLY? NO
Info: DIELECTRIC             1
Info: EXCLUDE                SCALED ONE-FOUR
Info: 1-4 ELECTROSTATICS SCALED BY 1
Info: MODIFIED 1-4 VDW PARAMETERS WILL BE USED
Info: DCD FILENAME           ./dat_equil_phase2a6.np.dcd
Info: DCD FREQUENCY          5000
Info: DCD FIRST STEP         5000
Info: DCD FILE WILL CONTAIN UNIT CELL DATA
Info: XST FILENAME           ./dat_equil_phase2a6.np.xst
Info: XST FREQUENCY          5000
Info: NO VELOCITY DCD OUTPUT
Info: OUTPUT FILENAME        ./dat_equil_phase2a6.np
Info: RESTART FILENAME       ./dat_equil_phase2a6.np.restart
Info: RESTART FREQUENCY      5000
Info: BINARY RESTART FILES WILL BE USED
Info: SWITCHING ACTIVE
Info: SWITCHING ON           10
Info: SWITCHING OFF          12
Info: PAIRLIST DISTANCE      13.5
Info: PAIRLIST SHRINK RATE   0.01
Info: PAIRLIST GROW RATE     0.01
Info: PAIRLIST TRIGGER       0.3
Info: PAIRLISTS PER CYCLE    2
Info: PAIRLISTS ENABLED
Info: MARGIN                 2.5
Info: HYDROGEN GROUP CUTOFF  2.5
Info: PATCH DIMENSION        18.5
Info: ENERGY OUTPUT STEPS    5000
Info: CROSSTERM ENERGY INCLUDED IN DIHEDRAL
Info: TIMING OUTPUT STEPS    5000
Info: PRESSURE OUTPUT STEPS  5000
Info: HARMONIC CONSTRAINTS ACTIVE
Info: HARMONIC CONS EXP      2
Info: LANGEVIN DYNAMICS ACTIVE
Info: LANGEVIN TEMPERATURE   310
Info: LANGEVIN DAMPING COEFFICIENT IS 5 INVERSE PS
Info: LANGEVIN DYNAMICS NOT APPLIED TO HYDROGENS
Info: LANGEVIN PISTON PRESSURE CONTROL ACTIVE
Info:        TARGET PRESSURE IS 1.01325 BAR
Info:     OSCILLATION PERIOD IS 200 FS
Info:             DECAY TIME IS 50 FS
Info:     PISTON TEMPERATURE IS 310 K
Info:       PRESSURE CONTROL IS GROUP-BASED
Info:    INITIAL STRAIN RATE IS -1.36039e-05 -1.36039e-05 4.42352e-05
Info:       CELL FLUCTUATION IS ANISOTROPIC
Info:     SHAPE OF CELL IS CONSTRAINED IN X-Y PLANE
Info: PARTICLE MESH EWALD (PME) ACTIVE
Info: PME TOLERANCE               1e-06
Info: PME EWALD COEFFICIENT       0.257952
Info: PME INTERPOLATION ORDER     4
Info: PME GRID DIMENSIONS         128 128 120
Info: PME MAXIMUM GRID SPACING    1
Info: Attempting to read FFTW data from FFTW_NAMD_2.7_Linux-x86_64.txt
Info: Optimizing 6 FFT steps.  1... 2... 3... 4... 5... 6...   Done.
Info: Writing FFTW data to FFTW_NAMD_2.7_Linux-x86_64.txt
Info: FULL ELECTROSTATIC EVALUATION FREQUENCY      4
Info: USING VERLET I (r-RESPA) MTS SCHEME.
Info: C1 SPLITTING OF LONG RANGE ELECTROSTATICS
Info: PLACING ATOMS IN PATCHES BY HYDROGEN GROUPS
Info: RIGID BONDS TO HYDROGEN : ALL
Info:         ERROR TOLERANCE : 1e-08
Info:          MAX ITERATIONS : 100
Info: RIGID WATER USING SETTLE ALGORITHM
Info: NONBONDED FORCES EVALUATED EVERY 2 STEPS
Info: RANDOM NUMBER SEED     1399193212
Info: USE HYDROGEN BONDS?    NO
Info: COORDINATE PDB         /home/jam2079/Pathrover/2jln/phase2a/dat_equil_phase2a5.coor
Info: STRUCTURE FILE         /home/jam2079/Pathrover/2jln/common/ionized.psf
Info: PARAMETER file: CHARMM format! 
Info: PARAMETERS             /home/jam2079/Pathrover/2jln/common/parameters_all.prm
Info: USING ARITHMETIC MEAN TO COMBINE L-J SIGMA PARAMETERS
Info: BINARY COORDINATES     /home/jam2079/Pathrover/2jln/phase2a/dat_equil_phase2a5.restart.coor
Info: SUMMARY OF PARAMETERS:
Info: 231 BONDS
Info: 615 ANGLES
Info: 936 DIHEDRAL
Info: 55 IMPROPER
Info: 6 CROSSTERM
Info: 152 VDW
Info: 0 VDW_PAIRS
Info: TIME FOR READING PSF FILE: 3.03518
Info: TIME FOR READING PDB FILE: 0.281816
Info: 
Info: Reading from binary file /home/jam2079/Pathrover/2jln/phase2a/dat_equil_phase2a5.restart.coor
Info: ****************************
Info: STRUCTURE SUMMARY:
Info: 172765 ATOMS
Info: 137441 BONDS
Info: 163935 ANGLES
Info: 179819 DIHEDRALS
Info: 2052 IMPROPERS
Info: 0 CROSSTERMS
Info: 0 EXCLUSIONS
Info: 1846 CONSTRAINTS
Info: 145106 RIGID BONDS
Info: 373189 DEGREES OF FREEDOM
Info: 62497 HYDROGEN GROUPS
Info: 4 ATOMS IN LARGEST HYDROGEN GROUP
Info: 62497 MIGRATION GROUPS
Info: 4 ATOMS IN LARGEST MIGRATION GROUP
Info: TOTAL MASS = 1.03211e+06 amu
Info: TOTAL CHARGE = 4.77266e-05 e
Info: MASS DENSITY = 1.00469 g/cm^3
Info: ATOM DENSITY = 0.101275 atoms/A^3
Info: *****************************
Info: 
Info: Entering startup at 4.39841 s, 49.5439 MB of memory in use
Info: Startup phase 0 took 0.042655 s, 49.5412 MB of memory in use
Info: Startup phase 1 took 1.42178 s, 86.3533 MB of memory in use
Info: Startup phase 2 took 0.043088 s, 87.6775 MB of memory in use
Info: PATCH GRID IS 6 (PERIODIC) BY 6 (PERIODIC) BY 6 (PERIODIC)
Info: PATCH GRID IS 1-AWAY BY 1-AWAY BY 1-AWAY
Info: Reading from binary file /home/jam2079/Pathrover/2jln/phase2a/dat_equil_phase2a5.restart.vel
Info: REMOVING COM VELOCITY 0.000520415 0.00266867 -0.00115105
Info: LARGEST PATCH (124) HAS 863 ATOMS
Info: Startup phase 3 took 0.16999 s, 110.86 MB of memory in use
Info: PME using 22 and 22 processors for FFT and reciprocal sum.
Info: PME GRID LOCATIONS: 1 2 3 4 5 6 7 8 9 10 ...
Info: PME TRANS LOCATIONS: 1 2 3 4 5 6 7 8 9 10 ...
Info: Startup phase 4 took 0.0582931 s, 110.861 MB of memory in use
Info: Startup phase 5 took 0.0679729 s, 89.4646 MB of memory in use
LDB: Central LB being created...
Info: Startup phase 6 took 2.42867 s, 89.5025 MB of memory in use
Info: CREATING 12425 COMPUTE OBJECTS
Info: useSync: 1 useProxySync: 0
Info: NONBONDED TABLE R-SQUARED SPACING: 0.0625
Info: NONBONDED TABLE SIZE: 769 POINTS
Info: Startup phase 7 took 0.048394 s, 92.8702 MB of memory in use
Info: Startup phase 8 took 0.000208139 s, 94.0058 MB of memory in use
Info: Finished startup at 8.67947 s, 94.0058 MB of memory in use

TCL: Running for 250000 steps
PRESSURE: 0 -13262.8 -69.2268 121.117 -60.2514 -13258 -10.5474 58.5744 -9.24274 -13342
GPRESSURE: 0 102.122 -42.264 28.6378 10.911 9.04071 24.6999 -48.1463 -56.8758 -244.712
ETITLE:      TS           BOND          ANGLE          DIHED          IMPRP               ELECT            VDW       BOUNDARY           MISC        KINETIC               TOTAL           TEMP      POTENTIAL         TOTAL3        TEMPAVG            PRESSURE      GPRESSURE         VOLUME       PRESSAVG      GPRESSAVG

ENERGY:       0      7974.5200     40239.0404     27805.9101       497.3329        -441470.3787     12743.0471       229.3619         0.0000    115510.6960        -236470.4704       311.5184   -351981.1664   -236176.2022       311.5184         -13287.6240       -44.5163   1705899.2082    -13287.6240       -44.5163

OPENING EXTENDED SYSTEM TRAJECTORY FILE
LDB: ============= START OF LOAD BALANCING ============== 16.8915
LDB: ============== END OF LOAD BALANCING =============== 16.8922

Info: Initial time: 24 CPUs 0.081137 s/step 0.939085 days/ns 111.627 MB memory
LDB: ============= START OF LOAD BALANCING ============== 25.4649
LDB: TIME 25.4725 LOAD: AVG 7.12591 MAX 7.80606  PROXIES: TOTAL 556 MAXPE 26 MAXPATCH 4 None 1.24129
LDB: TIME 25.5468 LOAD: AVG 7.12591 MAX 7.1309  PROXIES: TOTAL 556 MAXPE 26 MAXPATCH 4 TorusLB 1.24129
LDB: TIME 25.5469 LOAD: AVG 7.12591 MAX 7.1309  PROXIES: TOTAL 556 MAXPE 26 MAXPATCH 4 TorusLB 1.24129
LDB: ============== END OF LOAD BALANCING =============== 25.5714

Info: Initial time: 24 CPUs 0.0840234 s/step 0.972493 days/ns 112.509 MB memory
LDB: ============= START OF LOAD BALANCING ============== 33.8865
LDB: TIME 33.9197 LOAD: AVG 7.17894 MAX 7.36641  PROXIES: TOTAL 556 MAXPE 26 MAXPATCH 4 None 1.26874
LDB: TIME 33.9366 LOAD: AVG 7.17894 MAX 7.36641  PROXIES: TOTAL 556 MAXPE 26 MAXPATCH 4 RefineTorusLB 1.26874
LDB: ============== END OF LOAD BALANCING =============== 33.9399

Info: Initial time: 24 CPUs 0.0813039 s/step 0.941017 days/ns 113.691 MB memory
LDB: ============= START OF LOAD BALANCING ============== 42.3931
LDB: TIME 42.3987 LOAD: AVG 7.19406 MAX 7.40069  PROXIES: TOTAL 556 MAXPE 26 MAXPATCH 4 None 1.28368
LDB: TIME 42.4078 LOAD: AVG 7.19406 MAX 7.40069  PROXIES: TOTAL 556 MAXPE 26 MAXPATCH 4 RefineTorusLB 1.28368
LDB: ============== END OF LOAD BALANCING =============== 42.4102

Info: Benchmark time: 24 CPUs 0.0826132 s/step 0.956171 days/ns 113.757 MB memory
Info: Benchmark time: 24 CPUs 0.0809365 s/step 0.936765 days/ns 114.127 MB memory
Info: Benchmark time: 24 CPUs 0.0810058 s/step 0.937568 days/ns 114.408 MB memory
LDB: ============= START OF LOAD BALANCING ============== 359.839
LDB: ============== END OF LOAD BALANCING =============== 359.84

LDB: ============= START OF LOAD BALANCING ============== 368.261
LDB: TIME 368.267 LOAD: AVG 7.2209 MAX 7.35845  PROXIES: TOTAL 556 MAXPE 26 MAXPATCH 4 None 1.27784
LDB: TIME 368.281 LOAD: AVG 7.2209 MAX 7.35845  PROXIES: TOTAL 556 MAXPE 26 MAXPATCH 4 RefineTorusLB 1.27784
LDB: ============== END OF LOAD BALANCING =============== 368.284

PRESSURE: 5000 -13188 -26.8963 118.887 -46.5205 -13491.9 -43.6635 135.895 -6.17597 -13268.5
GPRESSURE: 5000 106.421 -12.5705 112.295 -46.5566 2.10952 19.556 53.3179 -30.4409 -50.4616
PRESSAVG: 5000 33.9662 -31.9581 18.4408 -27.4728 -22.9619 -30.7878 -0.675925 -22.0056 2.53345
GPRESSAVG: 5000 33.9684 -32.1985 18.3734 -27.2705 -22.723 -30.6736 -0.554619 -21.8944 2.46519
TIMING: 5000  CPU: 356.832, 0.0713246/step  Wall: 409.013, 0.0817229/step, 5.5617 hours remaining, 131.274658 MB of memory in use.
ENERGY:    5000      8030.5529     40240.9838     27793.4444       497.3034        -442022.1771     12751.3492       234.7760         0.0000    114366.1889        -238107.5785       308.4318   -352473.7674   -237833.8320       310.1044         -13316.1386        19.3562   1697528.5020         4.5126         4.5702

WRITING EXTENDED SYSTEM TO RESTART FILE AT STEP 5000
OPENING COORDINATE DCD FILE
WRITING COORDINATES TO DCD FILE AT STEP 5000
WRITING COORDINATES TO RESTART FILE AT STEP 5000
FINISHED WRITING RESTART COORDINATES
WRITING VELOCITIES TO RESTART FILE AT STEP 5000
FINISHED WRITING RESTART VELOCITIES
LDB: ============= START OF LOAD BALANCING ============== 686.739
LDB: ============== END OF LOAD BALANCING =============== 686.74

LDB: ============= START OF LOAD BALANCING ============== 695.042
LDB: TIME 695.076 LOAD: AVG 7.23268 MAX 7.491  PROXIES: TOTAL 556 MAXPE 26 MAXPATCH 4 None 1.2947
LDB: TIME 695.092 LOAD: AVG 7.23268 MAX 7.491  PROXIES: TOTAL 556 MAXPE 26 MAXPATCH 4 RefineTorusLB 1.2947
LDB: ============== END OF LOAD BALANCING =============== 695.094

PRESSURE: 10000 -13473.6 -2.32333 163.239 -4.45568 -13354.1 -7.71768 150.24 -57.8178 -13363.6
GPRESSURE: 10000 -74.562 -18.9283 116.757 -58.0525 48.5782 52.6398 81.8696 -60.234 7.83309
PRESSAVG: 10000 9.37698 -9.40229 -0.488631 -4.21785 -9.78843 -18.2594 -14.6111 -18.2749 2.61396
GPRESSAVG: 10000 9.28859 -9.27123 -0.474685 -4.18265 -9.57114 -18.1346 -14.3993 -18.2089 2.5705
TIMING: 10000  CPU: 716.348, 0.0719033/step  Wall: 817.652, 0.0817277/step, 5.44852 hours remaining, 133.373337 MB of memory in use.
ENERGY:   10000      8084.1928     40334.6583     27674.9264       480.0516        -442751.2892     12611.7688       245.9013         0.0000    114654.9428        -238664.8471       309.2106   -353319.7899   -238377.8504       310.0882         -13397.0708        -6.0502   1693655.7571         0.7342         0.7627

WRITING EXTENDED SYSTEM TO RESTART FILE AT STEP 10000
WRITING COORDINATES TO DCD FILE AT STEP 10000
WRITING COORDINATES TO RESTART FILE AT STEP 10000
FINISHED WRITING RESTART COORDINATES
WRITING VELOCITIES TO RESTART FILE AT STEP 10000
FINISHED WRITING RESTART VELOCITIES
LDB: ============= START OF LOAD BALANCING ============== 1014.25
LDB: ============== END OF LOAD BALANCING =============== 1014.25

LDB: ============= START OF LOAD BALANCING ============== 1022.73
LDB: TIME 1022.76 LOAD: AVG 7.25673 MAX 7.52498  PROXIES: TOTAL 556 MAXPE 26 MAXPATCH 4 None 1.29315
LDB: TIME 1022.78 LOAD: AVG 7.25673 MAX 7.52498  PROXIES: TOTAL 556 MAXPE 26 MAXPATCH 4 RefineTorusLB 1.29315
LDB: ============== END OF LOAD BALANCING =============== 1022.78

WRITING COORDINATES TO DCD FILE AT STEP 15000
WRITING COORDINATES TO RESTART FILE AT STEP 15000
FINISHED WRITING RESTART COORDINATES
WRITING VELOCITIES TO RESTART FILE AT STEP 15000
FINISHED WRITING RESTART VELOCITIES
PRESSURE: 15000 -13414.3 16.9935 -28.4508 23.1888 -13305.2 86.4351 -109.795 57.4255 -13128.2
GPRESSURE: 15000 84.0496 -38.7988 -53.8923 21.7568 60.0985 127.645 -137.282 24.8685 226.265
PRESSAVG: 15000 39.968 -22.8532 -2.09167 -12.1081 -21.16 -20.9993 -6.09665 -38.3904 -1.51741
GPRESSAVG: 15000 39.8612 -22.9447 -2.04235 -12.0704 -21.1484 -21.0252 -6.13728 -38.6402 -1.38997
TIMING: 15000  CPU: 1076.9, 0.0721108/step  Wall: 1227.36, 0.0819422/step, 5.34901 hours remaining, 132.577347 MB of memory in use.
ENERGY:   15000      7958.0860     40138.4459     27687.2163       509.2719        -442074.4514     12343.7843       217.2129         0.0000    114640.1529        -238580.2812       309.1707   -353220.4341   -238286.9871       309.7379         -13282.5561       123.4712   1688363.8070         5.7635         5.7743

WRITING EXTENDED SYSTEM TO RESTART FILE AT STEP 15000
LDB: ============= START OF LOAD BALANCING ============== 1342.29
LDB: ============== END OF LOAD BALANCING =============== 1342.29

LDB: ============= START OF LOAD BALANCING ============== 1350.56
LDB: TIME 1350.59 LOAD: AVG 7.23081 MAX 7.36827  PROXIES: TOTAL 556 MAXPE 26 MAXPATCH 4 None 1.28132
LDB: TIME 1350.61 LOAD: AVG 7.23081 MAX 7.36827  PROXIES: TOTAL 556 MAXPE 26 MAXPATCH 4 RefineTorusLB 1.28132
LDB: ============== END OF LOAD BALANCING =============== 1350.61

PRESSURE: 20000 -13259.9 -21.5546 4.9016 -10.8899 -13622.7 -33.2691 -51.6122 -2.56761 -13533
GPRESSURE: 20000 105.776 -79.1075 48.7677 -100.412 -105.423 -46.7225 -15.6616 -77.9035 -222.959
PRESSAVG: 20000 42.188 -23.5219 -25.0481 -20.442 -38.8189 -5.07467 -22.8458 -14.455 5.58127
GPRESSAVG: 20000 42.2818 -23.4366 -25.1191 -20.415 -38.8846 -5.3134 -22.9762 -14.4731 5.5531
TIMING: 20000  CPU: 1438.88, 0.0723954/step  Wall: 1638.53, 0.0822334/step, 5.2538 hours remaining, 134.882187 MB of memory in use.
ENERGY:   20000      8070.2804     40245.2957     27684.4483       484.3335        -442387.6783     12202.9604       226.9790         0.0000    114274.9513        -239198.4296       308.1858   -353473.3809   -238906.3903       309.6866         -13471.8967       -74.2020   1691715.9963         2.9834         2.9834

WRITING EXTENDED SYSTEM TO RESTART FILE AT STEP 20000
WRITING COORDINATES TO DCD FILE AT STEP 20000
WRITING COORDINATES TO RESTART FILE AT STEP 20000
FINISHED WRITING RESTART COORDINATES
WRITING VELOCITIES TO RESTART FILE AT STEP 20000
FINISHED WRITING RESTART VELOCITIES
LDB: ============= START OF LOAD BALANCING ============== 1671.68
LDB: ============== END OF LOAD BALANCING =============== 1671.68

LDB: ============= START OF LOAD BALANCING ============== 1680.07
LDB: TIME 1680.1 LOAD: AVG 7.24847 MAX 7.54323  PROXIES: TOTAL 556 MAXPE 26 MAXPATCH 4 None 1.29001
LDB: TIME 1680.12 LOAD: AVG 7.24847 MAX 7.54323  PROXIES: TOTAL 556 MAXPE 26 MAXPATCH 4 RefineTorusLB 1.29001
LDB: ============== END OF LOAD BALANCING =============== 1680.12

LDB: ============= START OF LOAD BALANCING ============== 2000.68
LDB: ============== END OF LOAD BALANCING =============== 2000.68

LDB: ============= START OF LOAD BALANCING ============== 2008.99
LDB: TIME 2009 LOAD: AVG 7.25239 MAX 7.47736  PROXIES: TOTAL 556 MAXPE 26 MAXPATCH 4 None 1.27881
LDB: TIME 2009.01 LOAD: AVG 7.25239 MAX 7.47736  PROXIES: TOTAL 556 MAXPE 26 MAXPATCH 4 RefineTorusLB 1.27881
LDB: ============== END OF LOAD BALANCING =============== 2009.01

PRESSURE: 25000 -13389.4 42.22 -85.1787 31.7017 -13086.1 -27.3656 -111.032 -34.3557 -13552.1
GPRESSURE: 25000 104.296 -7.58276 -104.823 -40.6965 325.534 -6.12731 -145.594 -49.0151 -163.466
PRESSAVG: 25000 28.8761 -30.7334 28.6766 -15.9027 -20.5002 4.63298 -5.44216 -3.65806 -0.53998
GPRESSAVG: 25000 28.9548 -30.9327 28.6932 -15.8352 -20.5784 4.6229 -5.38853 -3.78876 -0.61118
TIMING: 25000  CPU: 1800.04, 0.0722328/step  Wall: 2050.27, 0.0823477/step, 5.14673 hours remaining, 133.455124 MB of memory in use.
ENERGY:   25000      7909.8181     40186.3290     27698.0707       513.1150        -443068.8173     12768.8399       231.7686         0.0000    114556.8779        -239203.9981       308.9461   -353760.8760   -238918.5860       309.5543         -13342.5597        88.7876   1688505.7224         2.6120         2.5884

WRITING EXTENDED SYSTEM TO RESTART FILE AT STEP 25000
WRITING COORDINATES TO DCD FILE AT STEP 25000
WRITING COORDINATES TO RESTART FILE AT STEP 25000
FINISHED WRITING RESTART COORDINATES
WRITING VELOCITIES TO RESTART FILE AT STEP 25000
FINISHED WRITING RESTART VELOCITIES
LDB: ============= START OF LOAD BALANCING ============== 2329.17
LDB: ============== END OF LOAD BALANCING =============== 2329.17

LDB: ============= START OF LOAD BALANCING ============== 2337.52
LDB: TIME 2337.55 LOAD: AVG 7.24699 MAX 7.39363  PROXIES: TOTAL 556 MAXPE 26 MAXPATCH 4 None 1.27406
LDB: TIME 2337.58 LOAD: AVG 7.24699 MAX 7.39363  PROXIES: TOTAL 556 MAXPE 26 MAXPATCH 4 RefineTorusLB 1.27406
LDB: ============== END OF LOAD BALANCING =============== 2337.58

WRITING COORDINATES TO DCD FILE AT STEP 30000
WRITING COORDINATES TO RESTART FILE AT STEP 30000
FINISHED WRITING RESTART COORDINATES
WRITING VELOCITIES TO RESTART FILE AT STEP 30000
FINISHED WRITING RESTART VELOCITIES
PRESSURE: 30000 -13273.7 -15.3699 -44.1923 11.8132 -13450.6 -136.888 -50.3263 -109.752 -13375.7
GPRESSURE: 30000 118.459 17.5908 -36.4349 72.703 40.837 -115.545 16.8285 -22.292 -35.8428
PRESSAVG: 30000 -12.2132 -29.8601 17.4143 -11.161 19.1661 -3.71333 -3.96991 -2.51739 6.36196
GPRESSAVG: 30000 -12.1344 -29.7571 17.5592 -11.247 19.2508 -3.70269 -3.91218 -2.59592 6.3117
TIMING: 30000  CPU: 2161.98, 0.0723866/step  Wall: 2461.37, 0.082221/step, 5.02461 hours remaining, 132.968369 MB of memory in use.
ENERGY:   30000      7960.3911     40257.3143     27654.2362       518.0305        -442060.9495     11767.0080       238.6938         0.0000    114457.4391        -239207.8365       308.6779   -353665.2756   -238920.8050       309.7664         -13366.6778        41.1512   1686779.7751         4.4383         4.4760

WRITING EXTENDED SYSTEM TO RESTART FILE AT STEP 30000
LDB: ============= START OF LOAD BALANCING ============== 2659.07
LDB: ============== END OF LOAD BALANCING =============== 2659.07

LDB: ============= START OF LOAD BALANCING ============== 2667.44
LDB: TIME 2667.47 LOAD: AVG 7.25491 MAX 7.41239  PROXIES: TOTAL 556 MAXPE 26 MAXPATCH 4 None 1.28626
LDB: TIME 2667.49 LOAD: AVG 7.25491 MAX 7.41239  PROXIES: TOTAL 556 MAXPE 26 MAXPATCH 4 RefineTorusLB 1.28626
LDB: ============== END OF LOAD BALANCING =============== 2667.49

PRESSURE: 35000 -13539.8 106.144 59.0032 79.2717 -13592.8 -84.0508 53.9516 -63.0661 -13293.6
GPRESSURE: 35000 -76.852 25.9649 46.9179 -17.781 -89.2523 -2.79661 84.7095 -31.8105 -58.1362
PRESSAVG: 35000 6.64923 9.90241 5.78145 6.95324 -6.66853 -17.1402 -9.4052 4.33224 -2.07016
GPRESSAVG: 35000 6.81936 9.9379 5.68714 6.89596 -6.54701 -17.2158 -9.45221 4.44511 -2.12816
TIMING: 35000  CPU: 2523.37, 0.0722792/step  Wall: 2872.47, 0.0822192/step, 4.91031 hours remaining, 135.108780 MB of memory in use.
ENERGY:   35000      7926.8427     40166.4196     27744.9407       492.7119        -441725.5588     11998.1749       239.7014         0.0000    114417.4844        -238739.2833       308.5702   -353156.7677   -238437.1474       310.0979         -13475.3808       -74.7468   1688014.0533        -0.6965        -0.6186

WRITING EXTENDED SYSTEM TO RESTART FILE AT STEP 35000
WRITING COORDINATES TO DCD FILE AT STEP 35000
WRITING COORDINATES TO RESTART FILE AT STEP 35000
FINISHED WRITING RESTART COORDINATES
WRITING VELOCITIES TO RESTART FILE AT STEP 35000
FINISHED WRITING RESTART VELOCITIES
LDB: ============= START OF LOAD BALANCING ============== 2987.99
LDB: ============== END OF LOAD BALANCING =============== 2987.99

LDB: ============= START OF LOAD BALANCING ============== 2996.22
LDB: TIME 2996.26 LOAD: AVG 7.26774 MAX 7.44538  PROXIES: TOTAL 556 MAXPE 26 MAXPATCH 4 None 1.29139
LDB: TIME 2996.28 LOAD: AVG 7.26774 MAX 7.44538  PROXIES: TOTAL 556 MAXPE 26 MAXPATCH 4 RefineTorusLB 1.29139
LDB: ============== END OF LOAD BALANCING =============== 2996.28

PRESSURE: 40000 -13479.1 -70.3429 -23.9101 -24.7019 -13438 -172.096 -33.6928 -153.87 -13356.1
GPRESSURE: 40000 27.3116 -31.2661 -23.0943 -86.3333 25.7641 -93.7455 -46.3214 -40.282 -62.0769
PRESSAVG: 40000 0.130462 -0.522345 -5.18391 -13.0286 7.54776 3.06845 -5.33525 10.452 1.65228
GPRESSAVG: 40000 0.0227692 -0.527323 -5.09609 -13.0428 7.61204 3.17992 -5.39508 10.3399 1.74873
TIMING: 40000  CPU: 2884.22, 0.0721688/step  Wall: 3283.45, 0.0821968/step, 4.79481 hours remaining, 133.914200 MB of memory in use.
ENERGY:   40000      8042.2191     40059.7742     27596.5747       505.2610        -442094.3378     12238.9789       224.6707         0.0000    114322.6219        -239104.2373       308.3143   -353426.8592   -238801.1591       309.6492         -13424.3932        -3.0004   1686267.2598         3.1102         3.1278

WRITING EXTENDED SYSTEM TO RESTART FILE AT STEP 40000
WRITING COORDINATES TO DCD FILE AT STEP 40000
WRITING COORDINATES TO RESTART FILE AT STEP 40000
FINISHED WRITING RESTART COORDINATES
WRITING VELOCITIES TO RESTART FILE AT STEP 40000
FINISHED WRITING RESTART VELOCITIES
LDB: ============= START OF LOAD BALANCING ============== 3316.69
LDB: ============== END OF LOAD BALANCING =============== 3316.7

LDB: ============= START OF LOAD BALANCING ============== 3325.12
LDB: TIME 3325.15 LOAD: AVG 7.27371 MAX 7.41528  PROXIES: TOTAL 556 MAXPE 26 MAXPATCH 4 None 1.28983
LDB: TIME 3325.17 LOAD: AVG 7.27371 MAX 7.41528  PROXIES: TOTAL 556 MAXPE 26 MAXPATCH 4 RefineTorusLB 1.28983
LDB: ============== END OF LOAD BALANCING =============== 3325.17

LDB: ============= START OF LOAD BALANCING ============== 3646.53
LDB: ============== END OF LOAD BALANCING =============== 3646.53

LDB: ============= START OF LOAD BALANCING ============== 3654.84
LDB: TIME 3654.88 LOAD: AVG 7.28733 MAX 7.46096  PROXIES: TOTAL 556 MAXPE 26 MAXPATCH 4 None 1.29479
LDB: TIME 3654.89 LOAD: AVG 7.28733 MAX 7.46096  PROXIES: TOTAL 556 MAXPE 26 MAXPATCH 4 RefineTorusLB 1.29479
LDB: ============== END OF LOAD BALANCING =============== 3654.9

PRESSURE: 45000 -13276.3 -129.716 -81.0083 -141.68 -13699.8 -16.7191 -75.1483 -44.579 -13415.7
GPRESSURE: 45000 103.677 -60.4175 -33.5474 -140.472 -176.06 -19.4904 -59.0563 -40.9679 -30.7691
PRESSAVG: 45000 9.67331 2.94374 -10.682 -2.78217 -11.9787 -14.4092 -9.75781 -24.12 0.367116
GPRESSAVG: 45000 9.77014 2.94912 -10.6705 -2.82101 -11.9159 -14.5044 -9.74455 -24.2095 0.346076
TIMING: 45000  CPU: 3245.74, 0.0723056/step  Wall: 3696.09, 0.0825276/step, 4.69949 hours remaining, 134.047592 MB of memory in use.
ENERGY:   45000      7956.6472     40126.7128     27555.3208       500.0977        -442875.8943     12153.3967       244.5718         0.0000    114723.9808        -239615.1664       309.3968   -354339.1472   -239318.1869       309.7096         -13463.9506       -34.3841   1686543.9917        -0.6461        -0.5999

WRITING EXTENDED SYSTEM TO RESTART FILE AT STEP 45000
WRITING COORDINATES TO DCD FILE AT STEP 45000
WRITING COORDINATES TO RESTART FILE AT STEP 45000
FINISHED WRITING RESTART COORDINATES
WRITING VELOCITIES TO RESTART FILE AT STEP 45000
FINISHED WRITING RESTART VELOCITIES
LDB: ============= START OF LOAD BALANCING ============== 3976.8
LDB: ============== END OF LOAD BALANCING =============== 3976.8

LDB: ============= START OF LOAD BALANCING ============== 3985.25
LDB: TIME 3985.25 LOAD: AVG 7.29405 MAX 7.49581  PROXIES: TOTAL 556 MAXPE 26 MAXPATCH 4 None 1.292
LDB: TIME 3985.27 LOAD: AVG 7.29405 MAX 7.49581  PROXIES: TOTAL 556 MAXPE 26 MAXPATCH 4 RefineTorusLB 1.292
LDB: ============== END OF LOAD BALANCING =============== 3985.27

PRESSURE: 50000 -13109.5 77.6376 -7.70939 102.116 -13572.6 -2.67106 -57.2896 46.455 -13433.9
GPRESSURE: 50000 254.143 -38.7984 -44.2055 106.741 7.47975 -59.6832 -172.018 -50.2053 -103.089
PRESSAVG: 50000 23.3585 -12.7652 8.62272 8.68385 -14.3789 10.3609 -9.13829 -18.5087 -3.66249
GPRESSAVG: 50000 23.2217 -12.8026 8.6064 8.55873 -14.2938 10.2992 -9.24953 -18.4422 -3.65981
TIMING: 50000  CPU: 3608.3, 0.0725118/step  Wall: 4108.88, 0.0825578/step, 4.58654 hours remaining, 133.540237 MB of memory in use.
ETITLE:      TS           BOND          ANGLE          DIHED          IMPRP               ELECT            VDW       BOUNDARY           MISC        KINETIC               TOTAL           TEMP      POTENTIAL         TOTAL3        TEMPAVG            PRESSURE      GPRESSURE         VOLUME       PRESSAVG      GPRESSAVG

ENERGY:   50000      7849.8786     39871.6253     27682.5889       485.4358        -442545.6851     12406.0647       212.5742         0.0000    114334.1331        -239703.3847       308.3454   -354037.5178   -239414.0043       309.2407         -13371.9933        52.8446   1684466.7198         1.7724         1.7560

WRITING EXTENDED SYSTEM TO RESTART FILE AT STEP 50000
WRITING COORDINATES TO DCD FILE AT STEP 50000
WRITING COORDINATES TO RESTART FILE AT STEP 50000
FINISHED WRITING RESTART COORDINATES
WRITING VELOCITIES TO RESTART FILE AT STEP 50000
FINISHED WRITING RESTART VELOCITIES
LDB: ============= START OF LOAD BALANCING ============== 4307.19
LDB: ============== END OF LOAD BALANCING =============== 4307.19

LDB: ============= START OF LOAD BALANCING ============== 4315.5
LDB: TIME 4315.54 LOAD: AVG 7.25475 MAX 7.437  PROXIES: TOTAL 556 MAXPE 26 MAXPATCH 4 None 1.28061
LDB: TIME 4315.56 LOAD: AVG 7.25475 MAX 7.437  PROXIES: TOTAL 556 MAXPE 26 MAXPATCH 4 RefineTorusLB 1.28061
LDB: ============== END OF LOAD BALANCING =============== 4315.56

PRESSURE: 55000 -13431.8 -49.6833 110.962 9.00236 -13727.7 -86.2978 -28.1725 -114.552 -13436.2
GPRESSURE: 55000 -7.13009 -77.2974 46.498 -10.6124 -219.032 -60.9599 -101.464 -131.502 -87.145
PRESSAVG: 55000 28.4204 -9.10017 -0.35949 -1.39019 -16.7868 -14.7207 -23.7959 -3.71048 5.79298
GPRESSAVG: 55000 28.5007 -8.99105 -0.430527 -1.2622 -16.8683 -14.6925 -23.6925 -3.78271 6.04823
TIMING: 55000  CPU: 3970.09, 0.0723572/step  Wall: 4521.51, 0.0825258/step, 4.47015 hours remaining, 134.144608 MB of memory in use.
ENERGY:   55000      8008.8818     40182.6779     27627.7511       501.9133        -441985.5482     11998.7391       227.9921         0.0000    114587.9502        -238849.6427       309.0299   -353437.5929   -238546.0185       309.7252         -13531.8992      -104.4356   1686902.2504         5.8088         5.8935

WRITING EXTENDED SYSTEM TO RESTART FILE AT STEP 55000
WRITING COORDINATES TO DCD FILE AT STEP 55000
WRITING COORDINATES TO RESTART FILE AT STEP 55000
FINISHED WRITING RESTART COORDINATES
WRITING VELOCITIES TO RESTART FILE AT STEP 55000
FINISHED WRITING RESTART VELOCITIES
LDB: ============= START OF LOAD BALANCING ============== 4636.88
LDB: ============== END OF LOAD BALANCING =============== 4636.88

LDB: ============= START OF LOAD BALANCING ============== 4645.22
LDB: TIME 4645.26 LOAD: AVG 7.28167 MAX 7.41754  PROXIES: TOTAL 556 MAXPE 26 MAXPATCH 4 None 1.29397
LDB: TIME 4645.27 LOAD: AVG 7.28167 MAX 7.41754  PROXIES: TOTAL 556 MAXPE 26 MAXPATCH 4 RefineTorusLB 1.29397
LDB: ============== END OF LOAD BALANCING =============== 4645.28

PRESSURE: 60000 -13704.6 -28.9522 136.558 -52.6107 -13534.6 62.7384 59.5223 -0.0175208 -13227.8
GPRESSURE: 60000 -265.33 0.174688 155.035 -6.04322 -103.952 57.6027 -4.66806 42.0418 165.094
PRESSAVG: 60000 25.3152 24.4996 1.41083 27.3493 -18.3472 23.5819 -32.6922 0.932581 1.79251
GPRESSAVG: 60000 25.4215 24.4242 1.29764 27.3678 -18.3984 23.5609 -32.5841 1.1076 1.67782
TIMING: 60000  CPU: 4332.4, 0.0724622/step  Wall: 4934.22, 0.0825412/step, 4.35634 hours remaining, 133.481094 MB of memory in use.
ENERGY:   60000      7996.0184     40317.2272     27677.7059       493.9276        -441994.8344     11712.0536       232.7422         0.0000    114477.5538        -239087.6057       308.7322   -353565.1595   -238783.8568       309.7238         -13488.9845       -68.0629   1685826.9345         2.9202         2.9003

WRITING EXTENDED SYSTEM TO RESTART FILE AT STEP 60000
WRITING COORDINATES TO DCD FILE AT STEP 60000
WRITING COORDINATES TO RESTART FILE AT STEP 60000
FINISHED WRITING RESTART COORDINATES
WRITING VELOCITIES TO RESTART FILE AT STEP 60000
FINISHED WRITING RESTART VELOCITIES
LDB: ============= START OF LOAD BALANCING ============== 4967.59
LDB: ============== END OF LOAD BALANCING =============== 4967.59

LDB: ============= START OF LOAD BALANCING ============== 4975.99
LDB: TIME 4976.02 LOAD: AVG 7.26333 MAX 7.52061  PROXIES: TOTAL 556 MAXPE 26 MAXPATCH 4 None 1.27314
LDB: TIME 4976.04 LOAD: AVG 7.26333 MAX 7.52061  PROXIES: TOTAL 556 MAXPE 26 MAXPATCH 4 RefineTorusLB 1.27314
LDB: ============== END OF LOAD BALANCING =============== 4976.04

LDB: ============= START OF LOAD BALANCING ============== 5296.85
LDB: ============== END OF LOAD BALANCING =============== 5296.85

LDB: ============= START OF LOAD BALANCING ============== 5305.39
LDB: TIME 5305.39 LOAD: AVG 7.28431 MAX 7.59476  PROXIES: TOTAL 556 MAXPE 26 MAXPATCH 4 None 1.28167
LDB: TIME 5305.41 LOAD: AVG 7.28431 MAX 7.59476  PROXIES: TOTAL 556 MAXPE 26 MAXPATCH 4 RefineTorusLB 1.28167
LDB: ============== END OF LOAD BALANCING =============== 5305.41

WRITING COORDINATES TO DCD FILE AT STEP 65000
WRITING COORDINATES TO RESTART FILE AT STEP 65000
FINISHED WRITING RESTART COORDINATES
PRESSURE: 65000 -13370.4 92.7214 118.639 145.265 -13342.5 -2.22569 60.4696 42.2115 -12965.7
GPRESSURE: 65000 178.4 98.5236 160.586 174.792 224.77 -54.4707 -24.4801 -0.750103 239.927
PRESSAVG: 65000 1.25392 8.22722 16.1854 12.9983 3.65253 11.6188 -9.59681 -2.27141 -5.27104
GPRESSAVG: 65000 1.07597 8.25732 16.2905 12.7306 3.82931 11.6187 -9.70976 -2.45328 -5.33697
TIMING: 65000  CPU: 4693.74, 0.0722672/step  Wall: 5346.82, 0.08252/step, 4.24061 hours remaining, 133.242569 MB of memory in use.
ENERGY:   65000      7856.9466     40227.8164     27576.3323       494.1712        -442554.0208     12476.3015       231.8588         0.0000    114645.8689        -239044.7250       309.1861   -353690.5939   -238764.4265       309.6776         -13226.2023       214.3656   1684025.7213        -0.1215        -0.1439

WRITING EXTENDED SYSTEM TO RESTART FILE AT STEP 65000
WRITING VELOCITIES TO RESTART FILE AT STEP 65000
FINISHED WRITING RESTART VELOCITIES
LDB: ============= START OF LOAD BALANCING ============== 5626.8
LDB: ============== END OF LOAD BALANCING =============== 5626.8

LDB: ============= START OF LOAD BALANCING ============== 5635.22
LDB: TIME 5635.25 LOAD: AVG 7.26746 MAX 7.63506  PROXIES: TOTAL 556 MAXPE 26 MAXPATCH 4 None 1.28775
LDB: TIME 5635.27 LOAD: AVG 7.26746 MAX 7.62102  PROXIES: TOTAL 556 MAXPE 26 MAXPATCH 4 RefineTorusLB 1.28775
LDB: ============== END OF LOAD BALANCING =============== 5635.27

PRESSURE: 70000 -13445.9 167.114 -39.5669 155.445 -13501.4 -25.6458 -64.4343 5.01866 -13454.3
GPRESSURE: 70000 -64.3184 7.78812 -110.799 77.7544 -63.2094 -58.9758 -82.5397 7.53554 -70.1919
PRESSAVG: 70000 13.1765 -0.564081 5.53091 4.3908 -15.5497 -15.7414 -14.7044 -1.5865 2.54428
GPRESSAVG: 70000 13.2419 -0.658887 5.50216 4.40346 -15.5994 -15.772 -14.582 -1.24542 2.73344
TIMING: 70000  CPU: 5055.68, 0.0723886/step  Wall: 5758.81, 0.082399/step, 4.11995 hours remaining, 133.910995 MB of memory in use.
ENERGY:   70000      7944.5637     40218.4006     27674.4729       508.6106        -442045.2271     11737.5612       223.3041         0.0000    114720.0191        -239018.2949       309.3861   -353738.3140   -238720.3392       309.6859         -13467.2139       -65.9066   1687823.3232         0.0570         0.1253

WRITING EXTENDED SYSTEM TO RESTART FILE AT STEP 70000
WRITING COORDINATES TO DCD FILE AT STEP 70000
WRITING COORDINATES TO RESTART FILE AT STEP 70000
FINISHED WRITING RESTART COORDINATES
WRITING VELOCITIES TO RESTART FILE AT STEP 70000
FINISHED WRITING RESTART VELOCITIES
LDB: ============= START OF LOAD BALANCING ============== 5957.12
LDB: ============== END OF LOAD BALANCING =============== 5957.12

LDB: ============= START OF LOAD BALANCING ============== 5965.46
LDB: TIME 5965.5 LOAD: AVG 7.29069 MAX 7.58231  PROXIES: TOTAL 556 MAXPE 26 MAXPATCH 4 None 1.306
LDB: TIME 5965.51 LOAD: AVG 7.29069 MAX 7.58231  PROXIES: TOTAL 556 MAXPE 26 MAXPATCH 4 RefineTorusLB 1.306
LDB: ============== END OF LOAD BALANCING =============== 5965.52

PRESSURE: 75000 -13610.8 52.4083 -152.898 56.3853 -13557.2 -53.9794 -183.403 -133.681 -13149.5
GPRESSURE: 75000 -59.7101 106.823 -43.6279 113.266 47.1691 30.9161 -57.4061 -39.1692 80.3081
PRESSAVG: 75000 8.15495 6.56599 27.0125 7.81095 -1.63334 15.9887 10.2183 -8.5514 4.22387
GPRESSAVG: 75000 8.14269 6.75011 27.0488 8.05002 -1.56161 15.9577 10.2268 -8.71123 4.04842
TIMING: 75000  CPU: 5417.64, 0.0723926/step  Wall: 6171.9, 0.0826173/step, 4.01612 hours remaining, 133.907883 MB of memory in use.
ENERGY:   75000      7962.5507     40184.4098     27789.9543       497.1656        -442564.1283     11681.3182       238.4687         0.0000    114743.8449        -239466.4161       309.4503   -354210.2610   -239184.0388       309.9298         -13439.1601        22.5890   1680855.8911         3.5818         3.5432

WRITING EXTENDED SYSTEM TO RESTART FILE AT STEP 75000
WRITING COORDINATES TO DCD FILE AT STEP 75000
WRITING COORDINATES TO RESTART FILE AT STEP 75000
FINISHED WRITING RESTART COORDINATES
WRITING VELOCITIES TO RESTART FILE AT STEP 75000
FINISHED WRITING RESTART VELOCITIES
LDB: ============= START OF LOAD BALANCING ============== 6287.87
LDB: ============== END OF LOAD BALANCING =============== 6287.87

LDB: ============= START OF LOAD BALANCING ============== 6296.33
LDB: TIME 6296.37 LOAD: AVG 7.29454 MAX 7.54895  PROXIES: TOTAL 556 MAXPE 26 MAXPATCH 4 None 1.29298
LDB: TIME 6296.38 LOAD: AVG 7.29454 MAX 7.54895  PROXIES: TOTAL 556 MAXPE 26 MAXPATCH 4 RefineTorusLB 1.29298
LDB: ============== END OF LOAD BALANCING =============== 6296.39

PRESSURE: 80000 -13511.6 -151.263 11.6571 -98.5902 -13438.2 -55.8481 28.3895 -91.1687 -13017.7
GPRESSURE: 80000 13.919 -174.92 54.7 -36.2958 58.7415 -54.0514 25.7883 13.6697 274.717
PRESSAVG: 80000 20.2535 19.0944 -7.27727 22.4612 -19.2643 -2.02824 -14.0864 -9.22292 3.09065
GPRESSAVG: 80000 20.258 18.9748 -7.31316 22.429 -19.1502 -1.9185 -14.1106 -9.29718 3.03358
TIMING: 80000  CPU: 5780.69, 0.0726094/step  Wall: 6584.7, 0.0825605/step, 3.89869 hours remaining, 133.805740 MB of memory in use.
ENERGY:   80000      8050.1658     40159.1578     27626.3972       500.5562        -441998.6823     11991.5709       230.5724         0.0000    114758.9056        -238681.3564       309.4909   -353440.2621   -238387.8368       309.7433         -13322.4813       115.7924   1682569.7542         1.3599         1.3804

WRITING EXTENDED SYSTEM TO RESTART FILE AT STEP 80000
WRITING COORDINATES TO DCD FILE AT STEP 80000
WRITING COORDINATES TO RESTART FILE AT STEP 80000
FINISHED WRITING RESTART COORDINATES
WRITING VELOCITIES TO RESTART FILE AT STEP 80000
FINISHED WRITING RESTART VELOCITIES
LDB: ============= START OF LOAD BALANCING ============== 6617.97
LDB: ============== END OF LOAD BALANCING =============== 6617.97

LDB: ============= START OF LOAD BALANCING ============== 6626.31
LDB: TIME 6626.36 LOAD: AVG 7.27975 MAX 7.53269  PROXIES: TOTAL 556 MAXPE 26 MAXPATCH 4 None 1.2925
LDB: TIME 6626.38 LOAD: AVG 7.27975 MAX 7.53269  PROXIES: TOTAL 556 MAXPE 26 MAXPATCH 4 RefineTorusLB 1.2925
LDB: ============== END OF LOAD BALANCING =============== 6626.38

LDB: ============= START OF LOAD BALANCING ============== 6948.04
LDB: ============== END OF LOAD BALANCING =============== 6948.04

LDB: ============= START OF LOAD BALANCING ============== 6956.44
LDB: TIME 6956.44 LOAD: AVG 7.29306 MAX 7.59213  PROXIES: TOTAL 556 MAXPE 26 MAXPATCH 4 None 1.2885
LDB: TIME 6956.46 LOAD: AVG 7.29306 MAX 7.59213  PROXIES: TOTAL 556 MAXPE 26 MAXPATCH 4 RefineTorusLB 1.2885
LDB: ============== END OF LOAD BALANCING =============== 6956.46

PRESSURE: 85000 -13462.5 98.5261 204.825 111.182 -13306.6 69.4203 160.863 -13.6444 -13318.1
GPRESSURE: 85000 83.8266 -72.9907 197.134 -29.243 224.129 -15.4329 119.951 -159.395 -15.3188
PRESSAVG: 85000 25.5649 -1.60411 -1.46139 15.3021 -23.5512 7.40793 -10.5303 7.29054 0.106486
GPRESSAVG: 85000 25.7158 -1.72651 -1.25246 15.423 -23.5873 7.37793 -10.7154 7.49076 0.124709
TIMING: 85000  CPU: 6143.74, 0.0726096/step  Wall: 6997.36, 0.0825318/step, 3.78271 hours remaining, 135.346054 MB of memory in use.
ENERGY:   85000      8069.7835     40353.5881     27692.4263       504.1483        -442951.0964     12552.1065       225.6048         0.0000    114850.3075        -238703.1314       309.7374   -353553.4388   -238391.8438       309.8354         -13362.3933        97.5454   1683962.0520         0.7067         0.7511

WRITING EXTENDED SYSTEM TO RESTART FILE AT STEP 85000
WRITING COORDINATES TO DCD FILE AT STEP 85000
WRITING COORDINATES TO RESTART FILE AT STEP 85000
FINISHED WRITING RESTART COORDINATES
WRITING VELOCITIES TO RESTART FILE AT STEP 85000
FINISHED WRITING RESTART VELOCITIES
LDB: ============= START OF LOAD BALANCING ============== 7278.16
LDB: ============== END OF LOAD BALANCING =============== 7278.17

LDB: ============= START OF LOAD BALANCING ============== 7286.75
LDB: TIME 7286.79 LOAD: AVG 7.29582 MAX 7.59562  PROXIES: TOTAL 556 MAXPE 26 MAXPATCH 4 None 1.29303
LDB: TIME 7286.8 LOAD: AVG 7.29582 MAX 7.59562  PROXIES: TOTAL 556 MAXPE 26 MAXPATCH 4 RefineTorusLB 1.29303
LDB: ============== END OF LOAD BALANCING =============== 7286.81

PRESSURE: 90000 -13427.4 92.7836 177.41 97.4111 -13612.3 -4.22501 123.445 -24.3298 -13018.9
GPRESSURE: 90000 -3.96269 195.376 169.335 195.21 -3.49028 -111.102 13.2814 -112.366 275.005
PRESSAVG: 90000 5.43369 1.51536 24.0273 18.4469 -8.7037 -13.9294 -18.7336 -3.21012 4.82978
GPRESSAVG: 90000 5.48592 1.47699 24.0392 18.445 -8.75014 -13.9157 -18.7215 -3.42671 4.78804
TIMING: 90000  CPU: 6506.42, 0.0725368/step  Wall: 7410.26, 0.08258/step, 3.67022 hours remaining, 134.760056 MB of memory in use.
ENERGY:   90000      8051.3038     40373.5134     27706.6083       513.2951        -442524.7264     12253.8244       234.6967         0.0000    114721.4071        -238670.0775       309.3898   -353391.4846   -238354.4009       310.0030         -13352.8688        89.1839   1684740.9163         0.5199         0.5079

WRITING EXTENDED SYSTEM TO RESTART FILE AT STEP 90000
WRITING COORDINATES TO DCD FILE AT STEP 90000
WRITING COORDINATES TO RESTART FILE AT STEP 90000
FINISHED WRITING RESTART COORDINATES
WRITING VELOCITIES TO RESTART FILE AT STEP 90000
FINISHED WRITING RESTART VELOCITIES
LDB: ============= START OF LOAD BALANCING ============== 7608.36
LDB: ============== END OF LOAD BALANCING =============== 7608.36

LDB: ============= START OF LOAD BALANCING ============== 7616.78
LDB: TIME 7616.81 LOAD: AVG 7.28158 MAX 7.64205  PROXIES: TOTAL 556 MAXPE 26 MAXPATCH 4 None 1.28924
LDB: TIME 7616.83 LOAD: AVG 7.28158 MAX 7.64205  PROXIES: TOTAL 556 MAXPE 26 MAXPATCH 4 RefineTorusLB 1.28924
LDB: ============== END OF LOAD BALANCING =============== 7616.83

PRESSURE: 95000 -13519.3 46.0719 -54.045 90.9114 -13279.6 141.258 -57.316 199.506 -13440.4
GPRESSURE: 95000 1.25228 20.9459 -53.9358 90.3484 151.084 52.1394 -67.2897 169.477 -44.1248
PRESSAVG: 95000 9.57948 10.3477 -6.82494 17.73 -16.8758 -17.4698 -5.17732 -36.0469 5.08214
GPRESSAVG: 95000 9.57537 10.6568 -6.8364 17.802 -16.8712 -17.5942 -5.19825 -35.9348 5.0119
TIMING: 95000  CPU: 6869.95, 0.0727049/step  Wall: 7822.94, 0.0825363/step, 3.55365 hours remaining, 135.474716 MB of memory in use.
ENERGY:   95000      7942.4740     40255.0895     27555.1929       508.5168        -442358.8317     11760.0334       248.8373         0.0000    114796.2959        -239292.3919       309.5918   -354088.6878   -238989.7282       309.7647         -13413.0952        36.0704   1682956.0100        -0.7380        -0.7613

WRITING EXTENDED SYSTEM TO RESTART FILE AT STEP 95000
WRITING COORDINATES TO DCD FILE AT STEP 95000
WRITING COORDINATES TO RESTART FILE AT STEP 95000
FINISHED WRITING RESTART COORDINATES
WRITING VELOCITIES TO RESTART FILE AT STEP 95000
FINISHED WRITING RESTART VELOCITIES
LDB: ============= START OF LOAD BALANCING ============== 7938.61
LDB: ============== END OF LOAD BALANCING =============== 7938.61

LDB: ============= START OF LOAD BALANCING ============== 7947.11
LDB: TIME 7947.14 LOAD: AVG 7.29148 MAX 7.48248  PROXIES: TOTAL 556 MAXPE 26 MAXPATCH 4 None 1.28702
LDB: TIME 7947.17 LOAD: AVG 7.29148 MAX 7.48248  PROXIES: TOTAL 556 MAXPE 26 MAXPATCH 4 RefineTorusLB 1.28702
LDB: ============== END OF LOAD BALANCING =============== 7947.17

PRESSURE: 100000 -13645.7 -3.38088 102.363 -8.08663 -13626.9 89.6065 51.3823 152.604 -13339.6
GPRESSURE: 100000 -167.254 57.8512 18.928 -10.9989 -207.868 42.616 61.8591 86.3168 2.90205
PRESSAVG: 100000 17.0744 10.0339 -8.19414 16.6101 -3.90002 -15.9786 1.29021 -4.36769 -2.62686
GPRESSAVG: 100000 17.3383 9.99004 -8.19269 16.7962 -3.82905 -16.0136 1.36432 -4.25816 -2.67412
TIMING: 100000  CPU: 7232.26, 0.0724626/step  Wall: 8235.23, 0.0824579/step, 3.43575 hours remaining, 134.046341 MB of memory in use.
ETITLE:      TS           BOND          ANGLE          DIHED          IMPRP               ELECT            VDW       BOUNDARY           MISC        KINETIC               TOTAL           TEMP      POTENTIAL         TOTAL3        TEMPAVG            PRESSURE      GPRESSURE         VOLUME       PRESSAVG      GPRESSAVG

ENERGY:  100000      8038.4865     40415.1497     27557.2469       504.7364        -441836.6345     11845.8277       233.3431         0.0000    114555.3990        -238686.4451       308.9421   -353241.8441   -238387.8991       309.6829         -13537.3822      -124.0734   1687239.9389         3.5158         3.6117

WRITING EXTENDED SYSTEM TO RESTART FILE AT STEP 100000
WRITING COORDINATES TO DCD FILE AT STEP 100000
WRITING COORDINATES TO RESTART FILE AT STEP 100000
FINISHED WRITING RESTART COORDINATES
WRITING VELOCITIES TO RESTART FILE AT STEP 100000
FINISHED WRITING RESTART VELOCITIES
LDB: ============= START OF LOAD BALANCING ============== 8268.25
LDB: ============== END OF LOAD BALANCING =============== 8268.25

LDB: ============= START OF LOAD BALANCING ============== 8276.67
LDB: TIME 8276.71 LOAD: AVG 7.27398 MAX 7.48616  PROXIES: TOTAL 556 MAXPE 26 MAXPATCH 4 None 1.28161
LDB: TIME 8276.72 LOAD: AVG 7.27398 MAX 7.48616  PROXIES: TOTAL 556 MAXPE 26 MAXPATCH 4 RefineTorusLB 1.28161
LDB: ============== END OF LOAD BALANCING =============== 8276.73

LDB: ============= START OF LOAD BALANCING ============== 8598.35
LDB: ============== END OF LOAD BALANCING =============== 8598.35

LDB: ============= START OF LOAD BALANCING ============== 8606.81
LDB: TIME 8606.84 LOAD: AVG 7.29613 MAX 7.45825  PROXIES: TOTAL 556 MAXPE 26 MAXPATCH 4 None 1.29602
LDB: TIME 8606.86 LOAD: AVG 7.29613 MAX 7.45825  PROXIES: TOTAL 556 MAXPE 26 MAXPATCH 4 RefineTorusLB 1.29602
LDB: ============== END OF LOAD BALANCING =============== 8606.87

PRESSURE: 105000 -13546.3 -61.2349 28.8161 -43.301 -13400.5 -16.1595 -16.0377 -4.53298 -13121.2
GPRESSURE: 105000 -39.2571 -60.2765 81.6222 43.1372 3.5382 -64.0273 66.6111 -13.4664 200.173
PRESSAVG: 105000 5.61623 0.0710551 2.38108 5.56299 -4.96869 1.1045 8.81763 -1.68329 5.87072
GPRESSAVG: 105000 5.60647 0.234353 2.34128 5.63929 -4.89925 1.16499 8.87403 -1.60168 5.85485
TIMING: 105000  CPU: 7594.6, 0.072469/step  Wall: 8647.66, 0.0824867/step, 3.32238 hours remaining, 134.143021 MB of memory in use.
ENERGY:  105000      8055.5559     40356.8835     27603.4203       506.4802        -442215.0729     12303.7433       242.4275         0.0000    115213.5532        -237933.0091       310.7171   -353146.5623   -237645.6506       309.4131         -13355.9921        54.8182   1683792.8793         2.1728         2.1874

WRITING EXTENDED SYSTEM TO RESTART FILE AT STEP 105000
WRITING COORDINATES TO DCD FILE AT STEP 105000
WRITING COORDINATES TO RESTART FILE AT STEP 105000
FINISHED WRITING RESTART COORDINATES
WRITING VELOCITIES TO RESTART FILE AT STEP 105000
FINISHED WRITING RESTART VELOCITIES
LDB: ============= START OF LOAD BALANCING ============== 8926.96
LDB: ============== END OF LOAD BALANCING =============== 8926.96

LDB: ============= START OF LOAD BALANCING ============== 8935.41
LDB: TIME 8935.45 LOAD: AVG 7.28974 MAX 7.51138  PROXIES: TOTAL 556 MAXPE 26 MAXPATCH 4 None 1.3028
LDB: TIME 8935.47 LOAD: AVG 7.28974 MAX 7.51138  PROXIES: TOTAL 556 MAXPE 26 MAXPATCH 4 RefineTorusLB 1.3028
LDB: ============== END OF LOAD BALANCING =============== 8935.47

PRESSURE: 110000 -13382 -135.423 -165.808 -103.849 -13150.3 88.5724 -175.466 36.0544 -13320.9
GPRESSURE: 110000 50.9729 -82.1389 -133.55 39.8655 293.305 75.3412 -145.729 -0.515894 72.2989
PRESSAVG: 110000 13.4864 -21.1727 12.1591 0.755143 -15.4276 0.862083 -3.25038 -1.88011 2.96717
GPRESSAVG: 110000 13.5795 -21.0614 12.0804 0.551396 -15.2653 0.938703 -3.09833 -1.87951 3.01828
TIMING: 110000  CPU: 7956.07, 0.0722932/step  Wall: 9058.88, 0.0822442/step, 3.19838 hours remaining, 134.660324 MB of memory in use.
ENERGY:  110000      7909.9470     40509.5990     27553.1497       510.1392        -442424.3152     12413.0984       238.6707         0.0000    114354.7260        -238934.9852       308.4009   -353289.7112   -238619.2001       310.3083         -13284.3984       138.8588   1685257.1235         0.3420         0.4441

WRITING EXTENDED SYSTEM TO RESTART FILE AT STEP 110000
WRITING COORDINATES TO DCD FILE AT STEP 110000
WRITING COORDINATES TO RESTART FILE AT STEP 110000
FINISHED WRITING RESTART COORDINATES
WRITING VELOCITIES TO RESTART FILE AT STEP 110000
FINISHED WRITING RESTART VELOCITIES
LDB: ============= START OF LOAD BALANCING ============== 9257.45
LDB: ============== END OF LOAD BALANCING =============== 9257.45

LDB: ============= START OF LOAD BALANCING ============== 9266.04
LDB: TIME 9266.08 LOAD: AVG 7.28953 MAX 7.54792  PROXIES: TOTAL 556 MAXPE 26 MAXPATCH 4 None 1.28466
LDB: TIME 9266.1 LOAD: AVG 7.28953 MAX 7.54792  PROXIES: TOTAL 556 MAXPE 26 MAXPATCH 4 RefineTorusLB 1.28466
LDB: ============== END OF LOAD BALANCING =============== 9266.1

PRESSURE: 115000 -13143.7 -98.9144 209.07 -90.306 -13656.7 23.6003 205.915 -7.52331 -13139.2
GPRESSURE: 115000 296.91 0.370837 204.073 -87.1204 -65.3406 -7.23728 94.3267 -4.6872 119.264
PRESSAVG: 115000 12.6666 -14.1755 1.1915 -7.05212 -11.5221 3.67849 5.74984 -12.6231 0.90957
GPRESSAVG: 115000 12.6622 -14.3297 1.25104 -6.85424 -11.5691 3.64163 5.71986 -12.8103 0.857331
TIMING: 115000  CPU: 8317.45, 0.0722768/step  Wall: 9472.61, 0.0827446/step, 3.10292 hours remaining, 135.277786 MB of memory in use.
ENERGY:  115000      8027.0733     40449.5176     27629.6043       493.6824        -442485.2612     12154.8704       229.1140         0.0000    114980.6030        -238520.7963       310.0888   -353501.3993   -238225.2938       309.8378         -13313.1976       116.9445   1684191.1874         0.6847         0.6502

WRITING EXTENDED SYSTEM TO RESTART FILE AT STEP 115000
WRITING COORDINATES TO DCD FILE AT STEP 115000
WRITING COORDINATES TO RESTART FILE AT STEP 115000
FINISHED WRITING RESTART COORDINATES
WRITING VELOCITIES TO RESTART FILE AT STEP 115000
FINISHED WRITING RESTART VELOCITIES
LDB: ============= START OF LOAD BALANCING ============== 9588.41
LDB: ============== END OF LOAD BALANCING =============== 9588.41

LDB: ============= START OF LOAD BALANCING ============== 9596.89
LDB: TIME 9596.92 LOAD: AVG 7.28521 MAX 7.46977  PROXIES: TOTAL 556 MAXPE 26 MAXPATCH 4 None 1.28686
LDB: TIME 9596.94 LOAD: AVG 7.28521 MAX 7.46977  PROXIES: TOTAL 556 MAXPE 26 MAXPATCH 4 RefineTorusLB 1.28686
LDB: ============== END OF LOAD BALANCING =============== 9596.94

WRITING COORDINATES TO DCD FILE AT STEP 120000
WRITING COORDINATES TO RESTART FILE AT STEP 120000
FINISHED WRITING RESTART COORDINATES
WRITING VELOCITIES TO RESTART FILE AT STEP 120000
FINISHED WRITING RESTART VELOCITIES
PRESSURE: 120000 -13322.8 92.2642 -8.43551 70.0273 -13417.2 -24.2453 4.04611 35.7635 -13210
GPRESSURE: 120000 47.6952 174.636 -52.827 98.1442 156.902 19.5412 70.0129 -5.73307 133.946
PRESSAVG: 120000 17.2257 3.44384 -4.86601 9.11462 -11.2389 23.7725 8.78413 10.6059 -1.51609
GPRESSAVG: 120000 17.2077 3.45478 -4.76715 8.87637 -11.3553 23.8 8.70598 10.8 -1.44652
TIMING: 120000  CPU: 8680.09, 0.0725274/step  Wall: 9886.66, 0.0828097/step, 2.99035 hours remaining, 133.717911 MB of memory in use.
ENERGY:  120000      7983.4091     40232.2185     27451.5733       515.6952        -442800.9369     12462.6451       233.5461         0.0000    114916.3225        -239005.5270       309.9155   -353921.8495   -238701.0531       309.9848         -13316.6517       112.8477   1686951.0361         1.4902         1.4686

WRITING EXTENDED SYSTEM TO RESTART FILE AT STEP 120000
LDB: ============= START OF LOAD BALANCING ============== 9919.59
LDB: ============== END OF LOAD BALANCING =============== 9919.59

LDB: ============= START OF LOAD BALANCING ============== 9928.02
LDB: TIME 9928.05 LOAD: AVG 7.28225 MAX 7.4798  PROXIES: TOTAL 556 MAXPE 26 MAXPATCH 4 None 1.28937
LDB: TIME 9928.07 LOAD: AVG 7.28225 MAX 7.4798  PROXIES: TOTAL 556 MAXPE 26 MAXPATCH 4 RefineTorusLB 1.28937
LDB: ============== END OF LOAD BALANCING =============== 9928.07

LDB: ============= START OF LOAD BALANCING ============== 10249.2
LDB: ============== END OF LOAD BALANCING =============== 10249.2

LDB: ============= START OF LOAD BALANCING ============== 10257.7
LDB: TIME 10257.7 LOAD: AVG 7.27813 MAX 7.55165  PROXIES: TOTAL 556 MAXPE 26 MAXPATCH 4 None 1.28453
LDB: TIME 10257.7 LOAD: AVG 7.27813 MAX 7.55165  PROXIES: TOTAL 556 MAXPE 26 MAXPATCH 4 RefineTorusLB 1.28453
LDB: ============== END OF LOAD BALANCING =============== 10257.7

PRESSURE: 125000 -13480.7 15.6466 -74.2904 5.2367 -13551.2 50.9248 3.72318 98.182 -13824.4
GPRESSURE: 125000 -41.592 -41.2443 -57.2722 -102.005 -95.4661 44.2651 1.48295 95.6321 -493.563
PRESSAVG: 125000 11.4295 11.7388 -13.8115 10.3203 -5.51438 -28.6126 6.41836 -15.0219 1.72739
GPRESSAVG: 125000 11.3849 11.5139 -13.8021 10.3581 -5.54891 -28.6092 6.36479 -15.207 1.68495
TIMING: 125000  CPU: 9042.65, 0.0725118/step  Wall: 10298.9, 0.0824516/step, 2.8629 hours remaining, 134.459000 MB of memory in use.
ENERGY:  125000      7955.5979     40263.8084     27559.5531       514.5017        -442295.0503     11867.4938       251.0103         0.0000    114656.7554        -239226.3296       309.2155   -353883.0851   -238950.2804       309.4858         -13618.7881      -210.2069   1686805.2973         2.5475         2.5070

WRITING EXTENDED SYSTEM TO RESTART FILE AT STEP 125000
WRITING COORDINATES TO DCD FILE AT STEP 125000
WRITING COORDINATES TO RESTART FILE AT STEP 125000
FINISHED WRITING RESTART COORDINATES
WRITING VELOCITIES TO RESTART FILE AT STEP 125000
FINISHED WRITING RESTART VELOCITIES
LDB: ============= START OF LOAD BALANCING ============== 10579.3
LDB: ============== END OF LOAD BALANCING =============== 10579.3

LDB: ============= START OF LOAD BALANCING ============== 10587.7
LDB: TIME 10587.8 LOAD: AVG 7.29491 MAX 7.54492  PROXIES: TOTAL 556 MAXPE 26 MAXPATCH 4 None 1.29582
LDB: TIME 10587.8 LOAD: AVG 7.29491 MAX 7.54492  PROXIES: TOTAL 556 MAXPE 26 MAXPATCH 4 RefineTorusLB 1.29582
LDB: ============== END OF LOAD BALANCING =============== 10587.8

PRESSURE: 130000 -13474.7 50.4331 -217.498 62.8024 -13422.4 32.9101 -153.865 22.5041 -13396.8
GPRESSURE: 130000 -85.8175 28.5495 -176.967 32.0648 101.317 52.8407 -23.5588 -16.8857 -60.0541
PRESSAVG: 130000 2.63534 6.20365 -0.288825 11.1678 9.08704 17.5551 19.4017 0.130404 -1.01263
GPRESSAVG: 130000 2.59945 6.10192 -0.191403 11.3124 9.02057 17.7523 19.4207 0.240324 -0.897208
TIMING: 130000  CPU: 9405.1, 0.07249/step  Wall: 10711.4, 0.0825072/step, 2.75024 hours remaining, 134.043442 MB of memory in use.
ENERGY:  130000      8106.7651     40392.7365     27648.1329       515.6829        -441920.4295     12181.2856       230.3732         0.0000    114595.2920        -238250.1614       309.0497   -352845.4534   -237956.2011       309.9522         -13431.3089       -14.8515   1684599.0032         3.5699         3.5743

WRITING EXTENDED SYSTEM TO RESTART FILE AT STEP 130000
WRITING COORDINATES TO DCD FILE AT STEP 130000
WRITING COORDINATES TO RESTART FILE AT STEP 130000
FINISHED WRITING RESTART COORDINATES
WRITING VELOCITIES TO RESTART FILE AT STEP 130000
FINISHED WRITING RESTART VELOCITIES
LDB: ============= START OF LOAD BALANCING ============== 10908.9
LDB: ============== END OF LOAD BALANCING =============== 10908.9

LDB: ============= START OF LOAD BALANCING ============== 10917.3
LDB: TIME 10917.3 LOAD: AVG 7.31089 MAX 7.63011  PROXIES: TOTAL 556 MAXPE 26 MAXPATCH 4 None 1.30763
LDB: TIME 10917.3 LOAD: AVG 7.31089 MAX 7.63011  PROXIES: TOTAL 556 MAXPE 26 MAXPATCH 4 RefineTorusLB 1.30763
LDB: ============== END OF LOAD BALANCING =============== 10917.3

WRITING COORDINATES TO DCD FILE AT STEP 135000
WRITING COORDINATES TO RESTART FILE AT STEP 135000
FINISHED WRITING RESTART COORDINATES
WRITING VELOCITIES TO RESTART FILE AT STEP 135000
FINISHED WRITING RESTART VELOCITIES
PRESSURE: 135000 -13476.7 -47.229 61.2722 -90.8744 -13319.9 -57.7015 101.978 -72.1966 -13332.8
GPRESSURE: 135000 -18.5675 -92.0752 84.1649 -117.314 177.393 -12.1365 83.5419 -94.0834 94.6759
PRESSAVG: 135000 12.4828 -2.73638 -10.5981 -1.72669 -3.49611 0.72932 11.2022 5.49556 4.61144
GPRESSAVG: 135000 12.5255 -2.77098 -10.5432 -1.62883 -3.39644 0.792632 11.2456 5.41964 4.58696
TIMING: 135000  CPU: 9766.43, 0.0722662/step  Wall: 11122.7, 0.0822483/step, 2.62738 hours remaining, 133.084305 MB of memory in use.
ENERGY:  135000      7913.4028     40292.6876     27648.2093       518.3055        -443282.6977     12736.5046       225.3260         0.0000    114990.3933        -238957.8686       310.1152   -353948.2618   -238643.3337       310.0003         -13376.4460        84.5006   1683830.7791         4.5327         4.5720

WRITING EXTENDED SYSTEM TO RESTART FILE AT STEP 135000
LDB: ============= START OF LOAD BALANCING ============== 11238.2
LDB: ============== END OF LOAD BALANCING =============== 11238.2

LDB: ============= START OF LOAD BALANCING ============== 11246.5
LDB: TIME 11246.5 LOAD: AVG 7.28313 MAX 7.39156  PROXIES: TOTAL 556 MAXPE 26 MAXPATCH 4 None 1.30248
LDB: TIME 11246.5 LOAD: AVG 7.28313 MAX 7.39156  PROXIES: TOTAL 556 MAXPE 26 MAXPATCH 4 RefineTorusLB 1.30248
LDB: ============== END OF LOAD BALANCING =============== 11246.5

PRESSURE: 140000 -13411.8 -25.0409 -149.393 0.808244 -13713.6 -20.3161 -137.027 5.83015 -13094
GPRESSURE: 140000 142.357 -68.3757 -33.7742 32.1749 -227.382 -6.3616 -92.5003 -32.378 144.457
PRESSAVG: 140000 -10.1815 20.9141 -17.6695 7.6137 6.65635 11.8646 0.4805 7.00374 -1.03851
GPRESSAVG: 140000 -10.0111 21.1204 -17.5808 7.61169 6.51503 11.8217 0.5478 6.84929 -1.10809
TIMING: 140000  CPU: 10129.1, 0.072532/step  Wall: 11535.1, 0.0824796/step, 2.52021 hours remaining, 133.392075 MB of memory in use.
ENERGY:  140000      8045.2909     40457.8056     27563.4298       542.1624        -442548.8796     12074.3468       245.5705         0.0000    115084.2899        -238535.9838       310.3685   -353620.2737   -238247.8617       310.1154         -13406.4676        19.8110   1684902.6971        -1.5212        -1.5347

WRITING EXTENDED SYSTEM TO RESTART FILE AT STEP 140000
WRITING COORDINATES TO DCD FILE AT STEP 140000
WRITING COORDINATES TO RESTART FILE AT STEP 140000
FINISHED WRITING RESTART COORDINATES
WRITING VELOCITIES TO RESTART FILE AT STEP 140000
FINISHED WRITING RESTART VELOCITIES
LDB: ============= START OF LOAD BALANCING ============== 11568.3
LDB: ============== END OF LOAD BALANCING =============== 11568.3

LDB: ============= START OF LOAD BALANCING ============== 11576.9
LDB: TIME 11576.9 LOAD: AVG 7.31085 MAX 7.51943  PROXIES: TOTAL 556 MAXPE 26 MAXPATCH 4 None 1.30782
LDB: TIME 11577 LOAD: AVG 7.31085 MAX 7.51943  PROXIES: TOTAL 556 MAXPE 26 MAXPATCH 4 RefineTorusLB 1.30782
LDB: ============== END OF LOAD BALANCING =============== 11577

LDB: ============= START OF LOAD BALANCING ============== 11899.1
LDB: ============== END OF LOAD BALANCING =============== 11899.1

LDB: ============= START OF LOAD BALANCING ============== 11907.4
LDB: TIME 11907.4 LOAD: AVG 7.27097 MAX 7.53843  PROXIES: TOTAL 556 MAXPE 26 MAXPATCH 4 None 1.28716
LDB: TIME 11907.5 LOAD: AVG 7.27097 MAX 7.53843  PROXIES: TOTAL 556 MAXPE 26 MAXPATCH 4 RefineTorusLB 1.28716
LDB: ============== END OF LOAD BALANCING =============== 11907.5

PRESSURE: 145000 -13682.8 48.9381 167.25 21.2971 -13524.8 111.529 198.029 90.7929 -13321
GPRESSURE: 145000 -224.729 12.6847 135.486 59.1436 -72.9929 91.5678 170.785 26.6774 -6.40518
PRESSAVG: 145000 21.6094 -5.52293 -3.54435 -13.6248 -14.8002 14.2847 11.3102 15.4058 -0.398279
GPRESSAVG: 145000 21.604 -5.3845 -3.6048 -13.6499 -14.6825 14.1762 11.2334 15.4791 -0.30115
TIMING: 145000  CPU: 10491.1, 0.0724068/step  Wall: 11948.4, 0.0826574/step, 2.41084 hours remaining, 133.369827 MB of memory in use.
ENERGY:  145000      8067.9697     40599.0593     27615.0609       521.3327        -441975.8768     11745.1369       224.8119         0.0000    114132.2634        -239070.2421       307.8010   -353202.5055   -238772.8672       310.0763         -13509.5331      -101.3756   1684198.1487         2.1370         2.2068

WRITING EXTENDED SYSTEM TO RESTART FILE AT STEP 145000
WRITING COORDINATES TO DCD FILE AT STEP 145000
WRITING COORDINATES TO RESTART FILE AT STEP 145000
FINISHED WRITING RESTART COORDINATES
WRITING VELOCITIES TO RESTART FILE AT STEP 145000
FINISHED WRITING RESTART VELOCITIES
LDB: ============= START OF LOAD BALANCING ============== 12229.3
LDB: ============== END OF LOAD BALANCING =============== 12229.3

LDB: ============= START OF LOAD BALANCING ============== 12237.8
LDB: TIME 12237.8 LOAD: AVG 7.30292 MAX 7.56989  PROXIES: TOTAL 556 MAXPE 26 MAXPATCH 4 None 1.29821
LDB: TIME 12237.9 LOAD: AVG 7.30292 MAX 7.56989  PROXIES: TOTAL 556 MAXPE 26 MAXPATCH 4 RefineTorusLB 1.29821
LDB: ============== END OF LOAD BALANCING =============== 12237.9

PRESSURE: 150000 -13649.6 -219.857 74.0004 -168.49 -13569.1 16.2517 97.7516 19.8521 -13235.6
GPRESSURE: 150000 -48.3976 -134.514 61.4916 -47.6969 -122.38 61.5474 70.2479 28.4028 26.841
PRESSAVG: 150000 12.6003 -10.6952 -23.0551 0.385068 -1.31218 2.1589 -10.4458 -0.335571 -1.52846
GPRESSAVG: 150000 12.5503 -10.7245 -23.0032 0.290239 -1.35092 2.06308 -10.2156 -0.203348 -1.41982
TIMING: 150000  CPU: 10853.5, 0.072481/step  Wall: 12361.9, 0.0827043/step, 2.29734 hours remaining, 134.208817 MB of memory in use.
ETITLE:      TS           BOND          ANGLE          DIHED          IMPRP               ELECT            VDW       BOUNDARY           MISC        KINETIC               TOTAL           TEMP      POTENTIAL         TOTAL3        TEMPAVG            PRESSURE      GPRESSURE         VOLUME       PRESSAVG      GPRESSAVG

ENERGY:  150000      7858.7429     40427.5528     27654.5969       481.2950        -442851.9124     12067.1990       227.5083         0.0000    114478.2518        -239656.7656       308.7341   -354135.0174   -239367.3595       309.8176         -13484.7530       -47.9788   1685116.6579         3.2532         3.2598

WRITING EXTENDED SYSTEM TO RESTART FILE AT STEP 150000
WRITING COORDINATES TO DCD FILE AT STEP 150000
WRITING COORDINATES TO RESTART FILE AT STEP 150000
FINISHED WRITING RESTART COORDINATES
WRITING VELOCITIES TO RESTART FILE AT STEP 150000
FINISHED WRITING RESTART VELOCITIES
LDB: ============= START OF LOAD BALANCING ============== 12559.9
LDB: ============== END OF LOAD BALANCING =============== 12559.9

LDB: ============= START OF LOAD BALANCING ============== 12568.3
LDB: TIME 12568.3 LOAD: AVG 7.28468 MAX 7.48721  PROXIES: TOTAL 556 MAXPE 26 MAXPATCH 4 None 1.29512
LDB: TIME 12568.3 LOAD: AVG 7.28468 MAX 7.48721  PROXIES: TOTAL 556 MAXPE 26 MAXPATCH 4 RefineTorusLB 1.29512
LDB: ============== END OF LOAD BALANCING =============== 12568.3

PRESSURE: 155000 -13366.3 66.3065 15.0945 94.234 -13342.9 5.76322 -44.687 -31.354 -13295.4
GPRESSURE: 155000 12.3053 48.5983 36.6729 39.7838 150.996 68.9454 -104.699 -67.6661 13.6923
PRESSAVG: 155000 17.9944 -19.4247 10.1866 -0.852255 -18.6053 -9.88605 -1.93019 -6.05298 -3.08659
GPRESSAVG: 155000 18.1384 -19.3314 10.1334 -1.01203 -18.7116 -9.79386 -2.07 -5.96466 -2.92663
TIMING: 155000  CPU: 11215.5, 0.0723954/step  Wall: 12773.7, 0.0823672/step, 2.17358 hours remaining, 136.691238 MB of memory in use.
ENERGY:  155000      7876.1958     39858.5987     27658.4198       503.5887        -441567.6232     11792.8339       233.1080         0.0000    114680.3460        -238964.5322       309.2791   -353644.8782   -238674.1364       309.9113         -13334.8778        58.9980   1685988.7765        -1.2325        -1.1666

WRITING EXTENDED SYSTEM TO RESTART FILE AT STEP 155000
WRITING COORDINATES TO DCD FILE AT STEP 155000
WRITING COORDINATES TO RESTART FILE AT STEP 155000
FINISHED WRITING RESTART COORDINATES
WRITING VELOCITIES TO RESTART FILE AT STEP 155000
FINISHED WRITING RESTART VELOCITIES
LDB: ============= START OF LOAD BALANCING ============== 12889.1
LDB: ============== END OF LOAD BALANCING =============== 12889.1

LDB: ============= START OF LOAD BALANCING ============== 12897.6
LDB: TIME 12897.6 LOAD: AVG 7.28207 MAX 7.53623  PROXIES: TOTAL 556 MAXPE 26 MAXPATCH 4 None 1.28545
LDB: TIME 12897.6 LOAD: AVG 7.28207 MAX 7.53623  PROXIES: TOTAL 556 MAXPE 26 MAXPATCH 4 RefineTorusLB 1.28545
LDB: ============== END OF LOAD BALANCING =============== 12897.6

WRITING COORDINATES TO DCD FILE AT STEP 160000
WRITING COORDINATES TO RESTART FILE AT STEP 160000
FINISHED WRITING RESTART COORDINATES
WRITING VELOCITIES TO RESTART FILE AT STEP 160000
FINISHED WRITING RESTART VELOCITIES
PRESSURE: 160000 -13266 -233.211 25.2798 -267.909 -13345.6 -52.5573 32.2493 -14.1516 -13150.3
GPRESSURE: 160000 161.832 -87.918 84.1869 -117.078 187.245 -2.42975 119.518 11.4283 202.071
PRESSAVG: 160000 15.3807 13.9779 -15.7286 25.1513 -0.229361 -3.04295 -21.7679 3.56566 -1.42341
GPRESSAVG: 160000 15.1823 14.0035 -15.6892 25.2311 -0.202548 -3.04732 -21.7273 3.55604 -1.38996
TIMING: 160000  CPU: 11578.1, 0.072515/step  Wall: 13186.6, 0.0825797/step, 2.06449 hours remaining, 133.112076 MB of memory in use.
ENERGY:  160000      8027.7175     40199.2629     27713.7861       517.3595        -442636.2065     12218.8677       225.6272         0.0000    114945.3826        -238788.2031       309.9939   -353733.5857   -238485.3688       309.6272         -13253.9327       183.7157   1683965.7229         4.5760         4.5299

WRITING EXTENDED SYSTEM TO RESTART FILE AT STEP 160000
LDB: ============= START OF LOAD BALANCING ============== 13219.7
LDB: ============== END OF LOAD BALANCING =============== 13219.7

LDB: ============= START OF LOAD BALANCING ============== 13228.1
LDB: TIME 13228.1 LOAD: AVG 7.30749 MAX 7.48558  PROXIES: TOTAL 556 MAXPE 26 MAXPATCH 4 None 1.30296
LDB: TIME 13228.1 LOAD: AVG 7.30749 MAX 7.48558  PROXIES: TOTAL 556 MAXPE 26 MAXPATCH 4 RefineTorusLB 1.30296
LDB: ============== END OF LOAD BALANCING =============== 13228.1

LDB: ============= START OF LOAD BALANCING ============== 13549.9
LDB: ============== END OF LOAD BALANCING =============== 13549.9

LDB: ============= START OF LOAD BALANCING ============== 13558.4
LDB: TIME 13558.4 LOAD: AVG 7.28099 MAX 7.44533  PROXIES: TOTAL 556 MAXPE 26 MAXPATCH 4 None 1.28756
LDB: TIME 13558.4 LOAD: AVG 7.28099 MAX 7.44533  PROXIES: TOTAL 556 MAXPE 26 MAXPATCH 4 RefineTorusLB 1.28756
LDB: ============== END OF LOAD BALANCING =============== 13558.4

WRITING COORDINATES TO DCD FILE AT STEP 165000
WRITING COORDINATES TO RESTART FILE AT STEP 165000
FINISHED WRITING RESTART COORDINATES
PRESSURE: 165000 -13374.5 -67.8802 -153.37 -99.9584 -13779.1 216.909 -218.923 179.448 -13338.2
GPRESSURE: 165000 -1.42002 -135.09 -28.77 -114.853 -290.757 160.655 -144.771 108.285 -63.7848
PRESSAVG: 165000 20.7988 0.736931 -25.7836 -11.1636 -8.57467 10.0925 -3.01767 -3.32539 1.47885
GPRESSAVG: 165000 20.6647 0.530758 -25.6869 -11.2476 -8.55952 10.0481 -2.85025 -3.32662 1.49387
TIMING: 165000  CPU: 11941.3, 0.0726498/step  Wall: 13599.8, 0.0826383/step, 1.95118 hours remaining, 133.306595 MB of memory in use.
ENERGY:  165000      8034.4771     40353.8151     27592.4219       518.3384        -441231.9854     11694.3430       212.2066         0.0000    114755.1672        -238071.2162       309.4809   -352826.3834   -237787.2883       310.0765         -13497.2550      -118.6539   1687397.0983         4.5676         4.5330

WRITING EXTENDED SYSTEM TO RESTART FILE AT STEP 165000
WRITING VELOCITIES TO RESTART FILE AT STEP 165000
FINISHED WRITING RESTART VELOCITIES
LDB: ============= START OF LOAD BALANCING ============== 13880.5
LDB: ============== END OF LOAD BALANCING =============== 13880.5

LDB: ============= START OF LOAD BALANCING ============== 13888.9
LDB: TIME 13889 LOAD: AVG 7.28403 MAX 7.44792  PROXIES: TOTAL 556 MAXPE 26 MAXPATCH 4 None 1.29406
LDB: TIME 13889 LOAD: AVG 7.28403 MAX 7.44792  PROXIES: TOTAL 556 MAXPE 26 MAXPATCH 4 RefineTorusLB 1.29406
LDB: ============== END OF LOAD BALANCING =============== 13889

PRESSURE: 170000 -13230 -92.6854 -12.6689 -113.071 -13496.6 168.01 24.1728 124.493 -13629.9
GPRESSURE: 170000 169.417 10.0201 -6.91012 -68.4187 15.5227 124.384 -15.4895 100.023 -271.945
PRESSAVG: 170000 8.66811 14.3173 -12.8928 -1.99241 -8.84814 7.3274 9.65687 -10.1867 2.1342
GPRESSAVG: 170000 8.65594 14.2354 -12.9028 -1.93183 -8.8354 7.28493 9.57849 -10.1331 2.18648
TIMING: 170000  CPU: 12303.2, 0.0723758/step  Wall: 14012.4, 0.0825204/step, 1.83379 hours remaining, 134.824448 MB of memory in use.
ENERGY:  170000      8043.5742     40318.5803     27501.8408       517.5789        -442128.2700     11765.2624       237.5775         0.0000    114556.0411        -239187.8148       308.9438   -353743.8560   -238880.0588       310.1355         -13452.1276       -29.0019   1684300.1216         0.6514         0.6690

WRITING EXTENDED SYSTEM TO RESTART FILE AT STEP 170000
WRITING COORDINATES TO DCD FILE AT STEP 170000
WRITING COORDINATES TO RESTART FILE AT STEP 170000
FINISHED WRITING RESTART COORDINATES
WRITING VELOCITIES TO RESTART FILE AT STEP 170000
FINISHED WRITING RESTART VELOCITIES
LDB: ============= START OF LOAD BALANCING ============== 14210.1
LDB: ============== END OF LOAD BALANCING =============== 14210.1

LDB: ============= START OF LOAD BALANCING ============== 14218.6
LDB: TIME 14218.7 LOAD: AVG 7.31051 MAX 7.52896  PROXIES: TOTAL 556 MAXPE 26 MAXPATCH 4 None 1.29862
LDB: TIME 14218.7 LOAD: AVG 7.31051 MAX 7.52896  PROXIES: TOTAL 556 MAXPE 26 MAXPATCH 4 RefineTorusLB 1.29862
LDB: ============== END OF LOAD BALANCING =============== 14218.7

PRESSURE: 175000 -13635.4 164.494 34.3425 148.227 -13577.8 -102.579 17.8682 -126.645 -13261.8
GPRESSURE: 175000 -231.838 110.427 -0.155002 102.962 -117.209 -134.514 -10.8776 -101.49 156.365
PRESSAVG: 175000 28.6661 19.0024 3.22359 11.9318 -21.4422 -10.0983 14.7961 -13.5357 -1.20623
GPRESSAVG: 175000 28.5633 18.9777 3.00838 11.9123 -21.4015 -9.91974 14.7534 -13.4374 -1.16509
TIMING: 175000  CPU: 12664.8, 0.0723274/step  Wall: 14424.7, 0.0824554/step, 1.71782 hours remaining, 135.678696 MB of memory in use.
ENERGY:  175000      8013.9508     40305.0235     27669.8010       522.5835        -442222.5044     11974.5959       248.2423         0.0000    113980.3318        -239507.9756       307.3912   -353488.3074   -239238.9464       309.6315         -13491.6392       -64.2273   1683130.6329         2.0059         1.9989

WRITING EXTENDED SYSTEM TO RESTART FILE AT STEP 175000
WRITING COORDINATES TO DCD FILE AT STEP 175000
WRITING COORDINATES TO RESTART FILE AT STEP 175000
FINISHED WRITING RESTART COORDINATES
WRITING VELOCITIES TO RESTART FILE AT STEP 175000
FINISHED WRITING RESTART VELOCITIES
LDB: ============= START OF LOAD BALANCING ============== 14540.1
LDB: ============== END OF LOAD BALANCING =============== 14540.1

LDB: ============= START OF LOAD BALANCING ============== 14548.5
LDB: TIME 14548.6 LOAD: AVG 7.29491 MAX 7.45298  PROXIES: TOTAL 556 MAXPE 26 MAXPATCH 4 None 1.29174
LDB: TIME 14548.6 LOAD: AVG 7.29491 MAX 7.45298  PROXIES: TOTAL 556 MAXPE 26 MAXPATCH 4 RefineTorusLB 1.29174
LDB: ============== END OF LOAD BALANCING =============== 14548.6

WRITING COORDINATES TO DCD FILE AT STEP 180000
WRITING COORDINATES TO RESTART FILE AT STEP 180000
FINISHED WRITING RESTART COORDINATES
PRESSURE: 180000 -13584.2 15.3029 5.2609 -4.97216 -13577.4 -208.949 52.8845 -211.003 -13750.7
GPRESSURE: 180000 -206.279 -34.5507 -102.306 -21.0665 -143.078 -179.476 -29.2279 -192.45 -272.7
PRESSAVG: 180000 -9.22288 2.39581 -9.5887 -13.0248 0.638601 19.5311 2.4238 -4.97143 4.83307
GPRESSAVG: 180000 -9.13237 2.60722 -9.61446 -13.084 0.582598 19.5922 2.35773 -5.12616 4.84484
TIMING: 180000  CPU: 13027.7, 0.0725794/step  Wall: 14837, 0.0824561/step, 1.60331 hours remaining, 134.082169 MB of memory in use.
ENERGY:  180000      7965.1372     40367.6822     27517.1088       516.7356        -442272.7637     11604.8585       228.1340         0.0000    114349.6153        -239723.4919       308.3871   -354073.1073   -239407.9890       309.7502         -13637.4657      -207.3522   1684453.6622        -1.2504        -1.2350

WRITING EXTENDED SYSTEM TO RESTART FILE AT STEP 180000
WRITING VELOCITIES TO RESTART FILE AT STEP 180000
FINISHED WRITING RESTART VELOCITIES
LDB: ============= START OF LOAD BALANCING ============== 14870
LDB: ============== END OF LOAD BALANCING =============== 14870

LDB: ============= START OF LOAD BALANCING ============== 14878.3
LDB: TIME 14878.4 LOAD: AVG 7.29884 MAX 7.50711  PROXIES: TOTAL 556 MAXPE 26 MAXPATCH 4 None 1.29989
LDB: TIME 14878.4 LOAD: AVG 7.29884 MAX 7.50711  PROXIES: TOTAL 556 MAXPE 26 MAXPATCH 4 RefineTorusLB 1.29989
LDB: ============== END OF LOAD BALANCING =============== 14878.4

LDB: ============= START OF LOAD BALANCING ============== 15199.6
LDB: ============== END OF LOAD BALANCING =============== 15199.6

LDB: ============= START OF LOAD BALANCING ============== 15208
LDB: TIME 15208 LOAD: AVG 7.29342 MAX 7.50549  PROXIES: TOTAL 556 MAXPE 26 MAXPATCH 4 None 1.29424
LDB: TIME 15208.1 LOAD: AVG 7.29342 MAX 7.50549  PROXIES: TOTAL 556 MAXPE 26 MAXPATCH 4 RefineTorusLB 1.29424
LDB: ============== END OF LOAD BALANCING =============== 15208.1

WRITING COORDINATES TO DCD FILE AT STEP 185000
WRITING COORDINATES TO RESTART FILE AT STEP 185000
FINISHED WRITING RESTART COORDINATES
PRESSURE: 185000 -13447.1 55.4311 -5.56686 0.510509 -13485.2 37.9165 16.8014 -41.0946 -13201.3
GPRESSURE: 185000 3.40948 1.16662 -46.8561 -12.8573 -26.3029 72.5735 -44.7005 25.5741 217.33
PRESSAVG: 185000 -7.78122 -0.605363 -15.6112 -0.960403 13.3823 11.9196 -16.6506 -9.63295 -2.16222
GPRESSAVG: 185000 -7.84776 -0.628475 -15.6196 -1.0562 13.4338 11.9114 -16.4349 -9.47947 -2.1421
TIMING: 185000  CPU: 13390.3, 0.072515/step  Wall: 15249.4, 0.0824761/step, 1.48915 hours remaining, 133.663101 MB of memory in use.
ENERGY:  185000      7901.0773     40555.7660     27572.5583       492.0032        -442575.6642     12211.2633       233.8369         0.0000    114582.5523        -239026.6069       309.0153   -353609.1591   -238728.4936       309.7904         -13377.8454        64.8123   1683652.3976         1.1463         1.1480

WRITING EXTENDED SYSTEM TO RESTART FILE AT STEP 185000
WRITING VELOCITIES TO RESTART FILE AT STEP 185000
FINISHED WRITING RESTART VELOCITIES
LDB: ============= START OF LOAD BALANCING ============== 15530.3
LDB: ============== END OF LOAD BALANCING =============== 15530.3

LDB: ============= START OF LOAD BALANCING ============== 15538.7
LDB: TIME 15538.7 LOAD: AVG 7.27304 MAX 7.62624  PROXIES: TOTAL 556 MAXPE 26 MAXPATCH 4 None 1.2882
LDB: TIME 15538.8 LOAD: AVG 7.27304 MAX 7.62624  PROXIES: TOTAL 556 MAXPE 26 MAXPATCH 4 RefineTorusLB 1.2882
LDB: ============== END OF LOAD BALANCING =============== 15538.8

PRESSURE: 190000 -13601.4 45.8046 7.94122 54.9544 -13752.2 4.88493 21.9393 -4.17101 -13265.8
GPRESSURE: 190000 -73.6098 34.6877 -10.5161 74.3552 -226.744 -18.2405 7.56495 14.5388 132.326
PRESSAVG: 190000 -13.5601 23.4354 1.52643 13.5532 9.71313 -23.5001 -0.550391 -20.5385 6.00749
GPRESSAVG: 190000 -13.7496 23.3764 1.50287 13.4534 9.70865 -23.5076 -0.280694 -20.7543 6.20185
TIMING: 190000  CPU: 13752.2, 0.0723702/step  Wall: 15662.2, 0.0825594/step, 1.37599 hours remaining, 135.117111 MB of memory in use.
ENERGY:  190000      8032.7030     40320.3778     27552.6237       459.3111        -443354.0293     12244.9631       236.3914         0.0000    114555.0904        -239952.5687       308.9413   -354507.6591   -239659.8823       309.5587         -13539.7989       -56.0091   1682356.1593         0.7202         0.7203

WRITING EXTENDED SYSTEM TO RESTART FILE AT STEP 190000
WRITING COORDINATES TO DCD FILE AT STEP 190000
WRITING COORDINATES TO RESTART FILE AT STEP 190000
FINISHED WRITING RESTART COORDINATES
WRITING VELOCITIES TO RESTART FILE AT STEP 190000
FINISHED WRITING RESTART VELOCITIES
LDB: ============= START OF LOAD BALANCING ============== 15860
LDB: ============== END OF LOAD BALANCING =============== 15860

LDB: ============= START OF LOAD BALANCING ============== 15868.4
LDB: TIME 15868.4 LOAD: AVG 7.28271 MAX 7.54254  PROXIES: TOTAL 556 MAXPE 26 MAXPATCH 4 None 1.28668
LDB: TIME 15868.4 LOAD: AVG 7.28271 MAX 7.54254  PROXIES: TOTAL 556 MAXPE 26 MAXPATCH 4 RefineTorusLB 1.28668
LDB: ============== END OF LOAD BALANCING =============== 15868.4

PRESSURE: 195000 -13439.6 30.1448 -37.5703 40.6193 -13577.8 176.616 -66.5172 158.046 -13151.2
GPRESSURE: 195000 -10.2039 -39.6334 -25.9246 69.8782 -46.7058 160.309 -82.4719 42.9233 260.795
PRESSAVG: 195000 9.63705 10.0853 3.05167 16.5563 -0.782395 7.79813 6.62393 5.76201 4.6353
GPRESSAVG: 195000 9.58351 10.2732 3.00804 16.5704 -0.808509 7.85714 6.72888 5.77679 4.42699
TIMING: 195000  CPU: 14114.7, 0.072502/step  Wall: 16074.8, 0.0825277/step, 1.26084 hours remaining, 133.955246 MB of memory in use.
ENERGY:  195000      8017.9823     40287.8195     27499.0108       511.6812        -442875.9954     12225.9445       231.3504         0.0000    114768.7041        -239333.5026       309.5174   -354102.2067   -239056.9946       309.3671         -13389.5456        67.9618   1681490.7311         4.4967         4.4007

WRITING EXTENDED SYSTEM TO RESTART FILE AT STEP 195000
WRITING COORDINATES TO DCD FILE AT STEP 195000
WRITING COORDINATES TO RESTART FILE AT STEP 195000
FINISHED WRITING RESTART COORDINATES
WRITING VELOCITIES TO RESTART FILE AT STEP 195000
FINISHED WRITING RESTART VELOCITIES
LDB: ============= START OF LOAD BALANCING ============== 16190.3
LDB: ============== END OF LOAD BALANCING =============== 16190.3

LDB: ============= START OF LOAD BALANCING ============== 16198.8
LDB: TIME 16198.8 LOAD: AVG 7.29866 MAX 7.44814  PROXIES: TOTAL 556 MAXPE 26 MAXPATCH 4 None 1.29461
LDB: TIME 16198.9 LOAD: AVG 7.29866 MAX 7.44814  PROXIES: TOTAL 556 MAXPE 26 MAXPATCH 4 RefineTorusLB 1.29461
LDB: ============== END OF LOAD BALANCING =============== 16198.9

PRESSURE: 200000 -13436.7 -166.264 62.7521 -149.906 -13567.3 -68.7294 32.8738 -39.613 -13189.9
GPRESSURE: 200000 -0.421689 -132.502 79.0582 -157.376 -55.9561 1.97328 44.3847 -54.6659 131.689
PRESSAVG: 200000 -4.38726 -11.3526 13.5474 -8.54215 6.17003 -23.9074 -9.64604 -18.3033 -2.34142
GPRESSAVG: 200000 -4.30834 -11.3386 13.4268 -8.48349 6.34165 -24.03 -9.59 -18.0676 -2.22783
TIMING: 200000  CPU: 14477.4, 0.0725434/step  Wall: 16486.9, 0.0824278/step, 1.14483 hours remaining, 134.990891 MB of memory in use.
ETITLE:      TS           BOND          ANGLE          DIHED          IMPRP               ELECT            VDW       BOUNDARY           MISC        KINETIC               TOTAL           TEMP      POTENTIAL         TOTAL3        TEMPAVG            PRESSURE      GPRESSURE         VOLUME       PRESSAVG      GPRESSAVG

ENERGY:  200000      8028.3872     40416.4337     27666.2639       505.4719        -441883.9682     11799.8158       235.7705         0.0000    114503.2549        -238728.5702       308.8015   -353231.8251   -238431.8300       309.9990         -13397.9541        25.1036   1684917.4270        -0.1862        -0.0648

WRITING EXTENDED SYSTEM TO RESTART FILE AT STEP 200000
WRITING COORDINATES TO DCD FILE AT STEP 200000
WRITING COORDINATES TO RESTART FILE AT STEP 200000
FINISHED WRITING RESTART COORDINATES
WRITING VELOCITIES TO RESTART FILE AT STEP 200000
FINISHED WRITING RESTART VELOCITIES
LDB: ============= START OF LOAD BALANCING ============== 16520
LDB: ============== END OF LOAD BALANCING =============== 16520

LDB: ============= START OF LOAD BALANCING ============== 16528.4
LDB: TIME 16528.4 LOAD: AVG 7.28269 MAX 7.44414  PROXIES: TOTAL 556 MAXPE 26 MAXPATCH 4 None 1.27647
LDB: TIME 16528.5 LOAD: AVG 7.28269 MAX 7.44414  PROXIES: TOTAL 556 MAXPE 26 MAXPATCH 4 RefineTorusLB 1.27647
LDB: ============== END OF LOAD BALANCING =============== 16528.5

LDB: ============= START OF LOAD BALANCING ============== 16850.2
LDB: ============== END OF LOAD BALANCING =============== 16850.2

LDB: ============= START OF LOAD BALANCING ============== 16858.7
LDB: TIME 16858.7 LOAD: AVG 7.31901 MAX 7.58049  PROXIES: TOTAL 556 MAXPE 26 MAXPATCH 4 None 1.30891
LDB: TIME 16858.8 LOAD: AVG 7.31901 MAX 7.58049  PROXIES: TOTAL 556 MAXPE 26 MAXPATCH 4 RefineTorusLB 1.30891
LDB: ============== END OF LOAD BALANCING =============== 16858.8

PRESSURE: 205000 -13524.6 13.131 94.6443 -5.50482 -13253.8 -105.781 86.927 -148.338 -13199.9
GPRESSURE: 205000 -92.9746 -32.3938 67.602 42.6261 290.586 -72.3993 45.8004 -153.337 155.106
PRESSAVG: 205000 -4.67141 6.98135 -7.22313 -3.90224 5.2886 -22.6053 -5.78289 -26.6506 1.89117
GPRESSAVG: 205000 -4.73156 6.89245 -7.26068 -3.7587 5.37152 -22.5771 -6.01623 -26.795 1.85955
TIMING: 205000  CPU: 14839.6, 0.0724312/step  Wall: 16899.8, 0.0825807/step, 1.03226 hours remaining, 134.732407 MB of memory in use.
ENERGY:  205000      8036.4186     40508.1158     27553.0157       535.7619        -442465.5533     12205.8653       234.6812         0.0000    114320.8602        -239070.8346       308.3096   -353391.6947   -238768.3423       309.7323         -13326.0860       117.5727   1683371.2290         0.8361         0.8332

WRITING EXTENDED SYSTEM TO RESTART FILE AT STEP 205000
WRITING COORDINATES TO DCD FILE AT STEP 205000
WRITING COORDINATES TO RESTART FILE AT STEP 205000
FINISHED WRITING RESTART COORDINATES
WRITING VELOCITIES TO RESTART FILE AT STEP 205000
FINISHED WRITING RESTART VELOCITIES
LDB: ============= START OF LOAD BALANCING ============== 17179.7
LDB: ============== END OF LOAD BALANCING =============== 17179.7

LDB: ============= START OF LOAD BALANCING ============== 17188
LDB: TIME 17188.1 LOAD: AVG 7.27681 MAX 7.40304  PROXIES: TOTAL 556 MAXPE 26 MAXPATCH 4 None 1.28882
LDB: TIME 17188.1 LOAD: AVG 7.27681 MAX 7.40304  PROXIES: TOTAL 556 MAXPE 26 MAXPATCH 4 RefineTorusLB 1.28882
LDB: ============== END OF LOAD BALANCING =============== 17188.1

PRESSURE: 210000 -13741 -129.684 -0.664925 -121.517 -13610.2 70.4767 -83.5866 67.858 -13428.7
GPRESSURE: 210000 -177.226 -138.669 -21.5827 -107.989 -136.266 45.725 -158.482 -19.2778 -148.4
PRESSAVG: 210000 -0.933687 1.60827 -25.5426 -6.99972 6.50206 -25.4432 -21.4935 10.9686 3.20959
GPRESSAVG: 210000 -1 1.65022 -25.5914 -7.01614 6.51163 -25.3449 -21.6551 10.9996 3.24019
TIMING: 210000  CPU: 15200.8, 0.0722578/step  Wall: 17312.1, 0.082453/step, 0.916144 hours remaining, 133.868881 MB of memory in use.
ENERGY:  210000      7883.2422     40406.3472     27577.1050       496.7165        -441923.8033     11304.1028       238.4877         0.0000    114505.6930        -239512.1090       308.8081   -354017.8020   -239221.9564       309.6150         -13593.2930      -153.9640   1682922.5437         2.9260         2.9173

WRITING EXTENDED SYSTEM TO RESTART FILE AT STEP 210000
WRITING COORDINATES TO DCD FILE AT STEP 210000
WRITING COORDINATES TO RESTART FILE AT STEP 210000
FINISHED WRITING RESTART COORDINATES
WRITING VELOCITIES TO RESTART FILE AT STEP 210000
FINISHED WRITING RESTART VELOCITIES
LDB: ============= START OF LOAD BALANCING ============== 17510.1
LDB: ============== END OF LOAD BALANCING =============== 17510.1

LDB: ============= START OF LOAD BALANCING ============== 17518.5
LDB: TIME 17518.6 LOAD: AVG 7.30844 MAX 7.51696  PROXIES: TOTAL 556 MAXPE 26 MAXPATCH 4 None 1.3016
LDB: TIME 17518.6 LOAD: AVG 7.30844 MAX 7.51696  PROXIES: TOTAL 556 MAXPE 26 MAXPATCH 4 RefineTorusLB 1.3016
LDB: ============== END OF LOAD BALANCING =============== 17518.6

PRESSURE: 215000 -13386.9 -52.0512 -39.6099 -68.7298 -13560.2 143.164 -31.0482 151.632 -13278.3
GPRESSURE: 215000 8.97239 -32.858 19.9431 -60.1559 -65.7527 79.7785 -85.756 27.283 110.202
PRESSAVG: 215000 7.53219 3.66256 -40.9487 -4.2972 -6.90883 -7.41421 -30.8382 0.10557 -0.798844
GPRESSAVG: 215000 7.56521 3.65392 -40.9779 -4.47405 -6.92624 -7.41779 -30.7713 -0.0516147 -0.914552
TIMING: 215000  CPU: 15564, 0.072633/step  Wall: 17724.1, 0.0823968/step, 0.80108 hours remaining, 135.880569 MB of memory in use.
ENERGY:  215000      7985.4438     40335.9956     27580.8462       508.8364        -442437.9079     12091.4606       238.5860         0.0000    114317.0829        -239379.6564       308.2994   -353696.7393   -239091.7996       309.9098         -13408.4760        17.8071   1684686.4580        -0.0585        -0.0919

WRITING EXTENDED SYSTEM TO RESTART FILE AT STEP 215000
WRITING COORDINATES TO DCD FILE AT STEP 215000
WRITING COORDINATES TO RESTART FILE AT STEP 215000
FINISHED WRITING RESTART COORDINATES
WRITING VELOCITIES TO RESTART FILE AT STEP 215000
FINISHED WRITING RESTART VELOCITIES
LDB: ============= START OF LOAD BALANCING ============== 17840.2
LDB: ============== END OF LOAD BALANCING =============== 17840.2

LDB: ============= START OF LOAD BALANCING ============== 17848.7
LDB: TIME 17848.7 LOAD: AVG 7.30151 MAX 7.64675  PROXIES: TOTAL 556 MAXPE 26 MAXPATCH 4 None 1.29547
LDB: TIME 17848.7 LOAD: AVG 7.30151 MAX 7.64675  PROXIES: TOTAL 556 MAXPE 26 MAXPATCH 4 RefineTorusLB 1.29547
LDB: ============== END OF LOAD BALANCING =============== 17848.7

PRESSURE: 220000 -13305.9 -27.9062 169.421 29.5147 -13358.4 225.569 150.03 239.041 -13220.7
GPRESSURE: 220000 116.861 -53.5712 146.19 41.0947 205.825 135.459 21.8858 183.343 -2.32633
PRESSAVG: 220000 -5.61599 -10.3882 18.1498 -4.03962 15.4342 2.57068 9.65516 5.43316 0.16906
GPRESSAVG: 220000 -5.52576 -10.3605 18.0543 -3.99022 15.4702 2.56389 9.39567 5.22933 0.211134
TIMING: 220000  CPU: 15927.3, 0.072666/step  Wall: 18136.7, 0.0825195/step, 0.687663 hours remaining, 135.540146 MB of memory in use.
ENERGY:  220000      7969.4347     40453.0686     27466.2746       524.0983        -442124.7674     11943.7110       233.4755         0.0000    115068.2116        -238466.4931       310.3251   -353534.7047   -238177.5311       309.7748         -13294.9939       106.7866   1685107.0975         3.3291         3.3852

WRITING EXTENDED SYSTEM TO RESTART FILE AT STEP 220000
WRITING COORDINATES TO DCD FILE AT STEP 220000
WRITING COORDINATES TO RESTART FILE AT STEP 220000
FINISHED WRITING RESTART COORDINATES
WRITING VELOCITIES TO RESTART FILE AT STEP 220000
FINISHED WRITING RESTART VELOCITIES
LDB: ============= START OF LOAD BALANCING ============== 18169.7
LDB: ============== END OF LOAD BALANCING =============== 18169.7

LDB: ============= START OF LOAD BALANCING ============== 18178.3
LDB: TIME 18178.3 LOAD: AVG 7.30246 MAX 7.58269  PROXIES: TOTAL 556 MAXPE 26 MAXPATCH 4 None 1.3034
LDB: TIME 18178.3 LOAD: AVG 7.30246 MAX 7.58269  PROXIES: TOTAL 556 MAXPE 26 MAXPATCH 4 RefineTorusLB 1.3034
LDB: ============== END OF LOAD BALANCING =============== 18178.3

LDB: ============= START OF LOAD BALANCING ============== 18499.9
LDB: ============== END OF LOAD BALANCING =============== 18499.9

LDB: ============= START OF LOAD BALANCING ============== 18508.2
LDB: TIME 18508.3 LOAD: AVG 7.30218 MAX 7.46215  PROXIES: TOTAL 556 MAXPE 26 MAXPATCH 4 None 1.30417
LDB: TIME 18508.3 LOAD: AVG 7.30218 MAX 7.46215  PROXIES: TOTAL 556 MAXPE 26 MAXPATCH 4 RefineTorusLB 1.30417
LDB: ============== END OF LOAD BALANCING =============== 18508.3

PRESSURE: 225000 -13334 -57.7957 22.303 -115.444 -13299.5 -16.6104 -12.9122 -2.39399 -12948
GPRESSURE: 225000 78.0461 -28.2508 17.6067 16.0129 272.863 -20.4216 -20.1206 -0.784729 349.785
PRESSAVG: 225000 16.9056 8.70812 -16.1589 1.43107 -12.9287 5.90269 -18.4912 10.8412 -4.18295
GPRESSAVG: 225000 17.0001 8.50144 -16.2365 1.44013 -12.9045 5.7889 -18.3401 10.7525 -4.19013
TIMING: 225000  CPU: 16289.3, 0.0724028/step  Wall: 18549.3, 0.0825161/step, 0.573028 hours remaining, 134.315567 MB of memory in use.
ENERGY:  225000      8023.7268     40374.5713     27460.8623       507.8693        -442416.6712     12443.1625       233.1129         0.0000    115101.9837        -238271.3824       310.4162   -353373.3661   -237966.8605       309.8176         -13193.8435       233.5647   1683230.2052        -0.0687        -0.0315

WRITING EXTENDED SYSTEM TO RESTART FILE AT STEP 225000
WRITING COORDINATES TO DCD FILE AT STEP 225000
WRITING COORDINATES TO RESTART FILE AT STEP 225000
FINISHED WRITING RESTART COORDINATES
WRITING VELOCITIES TO RESTART FILE AT STEP 225000
FINISHED WRITING RESTART VELOCITIES
LDB: ============= START OF LOAD BALANCING ============== 18830.2
LDB: ============== END OF LOAD BALANCING =============== 18830.2

LDB: ============= START OF LOAD BALANCING ============== 18838.6
LDB: TIME 18838.6 LOAD: AVG 7.2981 MAX 7.55532  PROXIES: TOTAL 556 MAXPE 26 MAXPATCH 4 None 1.28855
LDB: TIME 18838.7 LOAD: AVG 7.2981 MAX 7.55532  PROXIES: TOTAL 556 MAXPE 26 MAXPATCH 4 RefineTorusLB 1.28855
LDB: ============== END OF LOAD BALANCING =============== 18838.7

PRESSURE: 230000 -13608.7 72.9059 -195.693 55.2717 -13223 -5.76101 -133.181 -24.6997 -12950.1
GPRESSURE: 230000 -130.805 71.0526 -201.203 29.0493 327.323 17.902 -14.6137 -33.3216 326.931
PRESSAVG: 230000 25.2529 -3.27889 -20.6537 -8.24571 -23.9205 -17.0259 -20.645 2.15227 2.65031
GPRESSAVG: 230000 25.3317 -3.36604 -20.7486 -8.41488 -24.0117 -16.8808 -20.5144 2.045 2.62784
TIMING: 230000  CPU: 16652.3, 0.0725856/step  Wall: 18962.3, 0.0826039/step, 0.458911 hours remaining, 134.794785 MB of memory in use.
ENERGY:  230000      7933.5570     40273.1324     27585.2354       538.6314        -442895.7538     12662.0577       236.5293         0.0000    114600.9284        -239065.6822       309.0649   -353666.6106   -238796.3458       310.1243         -13260.5773       174.4828   1684836.3448         1.3276         1.3159

WRITING EXTENDED SYSTEM TO RESTART FILE AT STEP 230000
WRITING COORDINATES TO DCD FILE AT STEP 230000
WRITING COORDINATES TO RESTART FILE AT STEP 230000
FINISHED WRITING RESTART COORDINATES
WRITING VELOCITIES TO RESTART FILE AT STEP 230000
FINISHED WRITING RESTART VELOCITIES
LDB: ============= START OF LOAD BALANCING ============== 19161
LDB: ============== END OF LOAD BALANCING =============== 19161

LDB: ============= START OF LOAD BALANCING ============== 19169.4
LDB: TIME 19169.5 LOAD: AVG 7.29941 MAX 7.52446  PROXIES: TOTAL 556 MAXPE 26 MAXPATCH 4 None 1.29895
LDB: TIME 19169.5 LOAD: AVG 7.29941 MAX 7.52446  PROXIES: TOTAL 556 MAXPE 26 MAXPATCH 4 RefineTorusLB 1.29895
LDB: ============== END OF LOAD BALANCING =============== 19169.5

PRESSURE: 235000 -13508.7 66.2801 -78.7412 88.3562 -13593.5 -16.8406 -138.293 16.6703 -13256.7
GPRESSURE: 235000 -73.9872 13.0426 38.8307 38.1277 -38.4549 18.0026 -78.459 15.1406 85.693
PRESSAVG: 235000 23.6712 17.6938 -21.2829 13.7794 -13.2848 6.20778 -11.0014 9.22109 -0.0777794
GPRESSAVG: 235000 23.5462 17.7106 -21.2615 13.5536 -13.3502 6.1824 -10.7638 9.41356 -0.0456736
TIMING: 235000  CPU: 17016.4, 0.0728193/step  Wall: 19376.6, 0.0828541/step, 0.345225 hours remaining, 134.475082 MB of memory in use.
ENERGY:  235000      8015.6568     40567.1429     27618.2732       524.0334        -442434.6963     12154.8607       236.0131         0.0000    114942.9848        -238375.7315       309.9874   -353318.7163   -238085.6125       309.9982         -13452.9558        -8.9164   1682876.8660         3.4362         3.3834

WRITING EXTENDED SYSTEM TO RESTART FILE AT STEP 235000
WRITING COORDINATES TO DCD FILE AT STEP 235000
WRITING COORDINATES TO RESTART FILE AT STEP 235000
FINISHED WRITING RESTART COORDINATES
WRITING VELOCITIES TO RESTART FILE AT STEP 235000
FINISHED WRITING RESTART VELOCITIES
LDB: ============= START OF LOAD BALANCING ============== 19492
LDB: ============== END OF LOAD BALANCING =============== 19492

LDB: ============= START OF LOAD BALANCING ============== 19500.4
LDB: TIME 19500.5 LOAD: AVG 7.27843 MAX 7.67113  PROXIES: TOTAL 556 MAXPE 26 MAXPATCH 4 None 1.28152
LDB: TIME 19500.5 LOAD: AVG 7.27843 MAX 7.63503  PROXIES: TOTAL 556 MAXPE 26 MAXPATCH 4 RefineTorusLB 1.28152
LDB: ============== END OF LOAD BALANCING =============== 19500.5

PRESSURE: 240000 -13314.3 68.5168 14.3086 52.9632 -13228.1 69.7035 -23.8988 138.585 -13202.2
GPRESSURE: 240000 203.988 64.8104 12.7938 74.6872 240.085 -90.9266 -80.0702 -0.144087 145.47
PRESSAVG: 240000 21.6902 25.1727 2.37273 19.4937 -12.4256 11.4196 -16.4284 -3.72193 -0.791367
GPRESSAVG: 240000 21.7337 25.0891 2.174 19.6135 -12.332 11.4335 -16.4978 -3.82691 -0.905943
TIMING: 240000  CPU: 17379.1, 0.0725394/step  Wall: 19788.4, 0.0823621/step, 0.228784 hours remaining, 134.249100 MB of memory in use.
ENERGY:  240000      7919.0787     40257.7427     27562.6658       481.0779        -442689.3773     12332.5475       229.9526         0.0000    114590.6931        -239315.6190       309.0373   -353906.3121   -239017.0156       310.2134         -13248.2145       196.5143   1683232.8196         2.8244         2.8319

WRITING EXTENDED SYSTEM TO RESTART FILE AT STEP 240000
WRITING COORDINATES TO DCD FILE AT STEP 240000
WRITING COORDINATES TO RESTART FILE AT STEP 240000
FINISHED WRITING RESTART COORDINATES
WRITING VELOCITIES TO RESTART FILE AT STEP 240000
FINISHED WRITING RESTART VELOCITIES
LDB: ============= START OF LOAD BALANCING ============== 19821.5
LDB: ============== END OF LOAD BALANCING =============== 19821.5

LDB: ============= START OF LOAD BALANCING ============== 19829.9
LDB: TIME 19829.9 LOAD: AVG 7.3032 MAX 7.52985  PROXIES: TOTAL 556 MAXPE 26 MAXPATCH 4 None 1.29678
LDB: TIME 19830 LOAD: AVG 7.3032 MAX 7.52985  PROXIES: TOTAL 556 MAXPE 26 MAXPATCH 4 RefineTorusLB 1.29678
LDB: ============== END OF LOAD BALANCING =============== 19830

LDB: ============= START OF LOAD BALANCING ============== 20151.6
LDB: ============== END OF LOAD BALANCING =============== 20151.6

LDB: ============= START OF LOAD BALANCING ============== 20160
LDB: TIME 20160 LOAD: AVG 7.27477 MAX 7.43963  PROXIES: TOTAL 556 MAXPE 26 MAXPATCH 4 None 1.29153
LDB: TIME 20160 LOAD: AVG 7.27477 MAX 7.43963  PROXIES: TOTAL 556 MAXPE 26 MAXPATCH 4 RefineTorusLB 1.29153
LDB: ============== END OF LOAD BALANCING =============== 20160

PRESSURE: 245000 -13674.9 -232.263 -18.4909 -198.858 -13503 -99.4776 -5.43558 -86.8984 -13475.5
GPRESSURE: 245000 -96.6145 -257.236 -35.8657 -247.989 -8.14041 -113.673 -92.6143 -81.0523 -133.593
PRESSAVG: 245000 11.1454 8.69263 -32.9036 14.414 -9.19479 -11.1605 -10.3727 7.1219 -0.694148
GPRESSAVG: 245000 11.1856 8.67212 -32.8071 14.5008 -9.0952 -11.2357 -10.3315 7.28082 -0.569383
TIMING: 245000  CPU: 17740.8, 0.072351/step  Wall: 20201.4, 0.082597/step, 0.114718 hours remaining, 133.950394 MB of memory in use.
ENERGY:  245000      8045.3696     40171.2173     27482.5482       503.3007        -442775.8812     12039.9159       244.6307         0.0000    114607.3344        -239681.5644       309.0822   -354288.8988   -239374.9142       309.3824         -13551.1607       -79.4495   1682620.2290         0.4188         0.5070

WRITING EXTENDED SYSTEM TO RESTART FILE AT STEP 245000
WRITING COORDINATES TO DCD FILE AT STEP 245000
WRITING COORDINATES TO RESTART FILE AT STEP 245000
FINISHED WRITING RESTART COORDINATES
WRITING VELOCITIES TO RESTART FILE AT STEP 245000
FINISHED WRITING RESTART VELOCITIES
LDB: ============= START OF LOAD BALANCING ============== 20481.9
LDB: ============== END OF LOAD BALANCING =============== 20481.9

LDB: ============= START OF LOAD BALANCING ============== 20490.5
LDB: TIME 20490.5 LOAD: AVG 7.2868 MAX 7.56972  PROXIES: TOTAL 556 MAXPE 26 MAXPATCH 4 None 1.2828
LDB: TIME 20490.5 LOAD: AVG 7.2868 MAX 7.56972  PROXIES: TOTAL 556 MAXPE 26 MAXPATCH 4 RefineTorusLB 1.2828
LDB: ============== END OF LOAD BALANCING =============== 20490.5

PRESSURE: 250000 -13275.6 51.9571 -9.02217 -4.56274 -13319.3 -88.5632 7.91548 -105.627 -13447.9
GPRESSURE: 250000 183.628 62.8681 39.2939 -29.5159 211.095 -31.7561 17.8486 -62.3956 -113.431
PRESSAVG: 250000 12.6245 1.72316 4.85027 18.4435 -5.00663 4.34561 14.8016 16.5164 1.82329
GPRESSAVG: 250000 12.5932 1.71496 4.91088 18.5431 -5.09871 4.33307 14.7143 16.4853 1.7833
TIMING: 250000  CPU: 18103.2, 0.0724808/step  Wall: 20614.1, 0.0825534/step, 0 hours remaining, 133.160324 MB of memory in use.
ETITLE:      TS           BOND          ANGLE          DIHED          IMPRP               ELECT            VDW       BOUNDARY           MISC        KINETIC               TOTAL           TEMP      POTENTIAL         TOTAL3        TEMPAVG            PRESSURE      GPRESSURE         VOLUME       PRESSAVG      GPRESSAVG

ENERGY:  250000      8092.5940     40192.3061     27627.7428       511.8859        -443011.4565     12697.7957       223.1173         0.0000    114716.7782        -238949.2365       309.3773   -353666.0147   -238653.0069       309.8833         -13347.6048        93.7638   1683713.7267         3.1470         3.0926

WRITING EXTENDED SYSTEM TO RESTART FILE AT STEP 250000
WRITING COORDINATES TO DCD FILE AT STEP 250000
WRITING COORDINATES TO RESTART FILE AT STEP 250000
FINISHED WRITING RESTART COORDINATES
WRITING VELOCITIES TO RESTART FILE AT STEP 250000
FINISHED WRITING RESTART VELOCITIES
WRITING EXTENDED SYSTEM TO OUTPUT FILE AT STEP 250000
CLOSING EXTENDED SYSTEM TRAJECTORY FILE
WRITING COORDINATES TO OUTPUT FILE AT STEP 250000
CLOSING COORDINATE DCD FILE
WRITING VELOCITIES TO OUTPUT FILE AT STEP 250000
====================================================

WallClock: 20623.787109  CPUTime: 18109.630859  Memory: 132.285477 MB
