26605: Sat May  3 00:55:04 EDT 2014: Entering /tmp/24822.1.standard.q/ssh with args node041.pug.mib.pbtech -l jam2079 /bin/sh -f
26621: Sat May  3 00:55:04 EDT 2014: Entering /tmp/24822.1.standard.q/ssh with args node041.pug.mib.pbtech -l jam2079 /bin/sh -f
26603: Sat May  3 00:55:04 EDT 2014: Entering /tmp/24822.1.standard.q/ssh with args node041.pug.mib.pbtech -l jam2079 /bin/sh -f
26616: Sat May  3 00:55:04 EDT 2014: Entering /tmp/24822.1.standard.q/ssh with args node047.pug.mib.pbtech -l jam2079 /bin/sh -f
26619: Sat May  3 00:55:04 EDT 2014: Entering /tmp/24822.1.standard.q/ssh with args node041.pug.mib.pbtech -l jam2079 /bin/sh -f
26613: Sat May  3 00:55:04 EDT 2014: Exiting /tmp/24822.1.standard.q/ssh
26617: Sat May  3 00:55:04 EDT 2014: Exiting /tmp/24822.1.standard.q/ssh
26607: Sat May  3 00:55:04 EDT 2014: Exiting /tmp/24822.1.standard.q/ssh
26621: Sat May  3 00:55:06 EDT 2014: Exiting /tmp/24822.1.standard.q/ssh
26606: Sat May  3 00:55:07 EDT 2014: Exiting /tmp/24822.1.standard.q/ssh
26601: Sat May  3 00:55:08 EDT 2014: Exiting /tmp/24822.1.standard.q/ssh
26605: Sat May  3 00:55:09 EDT 2014: Exiting /tmp/24822.1.standard.q/ssh
26619: Sat May  3 00:55:13 EDT 2014: Exiting /tmp/24822.1.standard.q/ssh
26610: Sat May  3 00:55:14 EDT 2014: Exiting /tmp/24822.1.standard.q/ssh
26624: Sat May  3 00:55:15 EDT 2014: Exiting /tmp/24822.1.standard.q/ssh
26623: Sat May  3 00:55:15 EDT 2014: Exiting /tmp/24822.1.standard.q/ssh
26603: Sat May  3 00:55:15 EDT 2014: Exiting /tmp/24822.1.standard.q/ssh
26608: Sat May  3 00:55:16 EDT 2014: Exiting /tmp/24822.1.standard.q/ssh
26602: Sat May  3 00:55:17 EDT 2014: Exiting /tmp/24822.1.standard.q/ssh
26615: Sat May  3 00:55:17 EDT 2014: Exiting /tmp/24822.1.standard.q/ssh
26618: Sat May  3 00:55:18 EDT 2014: Exiting /tmp/24822.1.standard.q/ssh
26609: Sat May  3 00:55:19 EDT 2014: Exiting /tmp/24822.1.standard.q/ssh
26604: Sat May  3 00:55:19 EDT 2014: Exiting /tmp/24822.1.standard.q/ssh
26612: Sat May  3 00:55:19 EDT 2014: Exiting /tmp/24822.1.standard.q/ssh
26616: Sat May  3 00:55:19 EDT 2014: Exiting /tmp/24822.1.standard.q/ssh
26611: Sat May  3 00:55:20 EDT 2014: Exiting /tmp/24822.1.standard.q/ssh
26620: Sat May  3 00:55:23 EDT 2014: Exiting /tmp/24822.1.standard.q/ssh
26614: Sat May  3 00:55:25 EDT 2014: Exiting /tmp/24822.1.standard.q/ssh
26622: Sat May  3 00:55:28 EDT 2014: Exiting /tmp/24822.1.standard.q/ssh
Warning> Randomization of stack pointer is turned on in kernel.
Charm++> synchronizing isomalloc memory region...
[0] consolidated Isomalloc memory region: 0x2ba500000000 - 0x7ffb00000000 (88432640 megs)
Charm++: scheduler running in netpoll mode.
Charm++> Running on 2 unique compute nodes (12-way SMP).
Charm++> Cpu topology info:
PE to node map: 0 1 0 1 0 1 0 1 0 1 0 1 0 1 0 1 0 1 0 1 0 1 0 1 
Node to PE map:
Chip #0: 0 2 4 6 8 10 12 14 16 18 20 22 
Chip #1: 1 3 5 7 9 11 13 15 17 19 21 23 
Charm++> cpu topology info is gathered in 0.026 seconds.
Info: NAMD 2.7 for Linux-x86_64
Info: 
Info: Please visit http://www.ks.uiuc.edu/Research/namd/
Info: and send feedback or bug reports to namd@ks.uiuc.edu
Info: 
Info: Please cite Phillips et al., J. Comp. Chem. 26:1781-1802 (2005)
Info: in all publications reporting results obtained with NAMD.
Info: 
Info: Based on Charm++/Converse 60202 for net-linux-x86_64
Info: Built Fri Jun 17 11:23:43 EDT 2011 by jason on node026.pug.pbtech
Info: 1 NAMD  2.7  Linux-x86_64  24    node041.pug.pbtech  jam2079
Info: Running on 24 processors.
Info: CPU topology information available.
Info: Charm++/Converse parallel runtime startup completed at 0.245366 s
Info: 1.64034 MB of memory in use based on CmiMemoryUsage
Info: Changed directory to phase2a
Info: Configuration file is rho_equil_phase2a2.np.in
TCL: Suspending until startup complete.
Info: EXTENDED SYSTEM FILE   /home/jam2079/Pathrover/2jln/phase2a/dat_equil_phase2a1.restart.xsc
Info: SIMULATION PARAMETERS:
Info: TIMESTEP               1
Info: NUMBER OF STEPS        0
Info: STEPS PER CYCLE        20
Info: PERIODIC CELL BASIS 1  125.381 0 0
Info: PERIODIC CELL BASIS 2  0 126.504 0
Info: PERIODIC CELL BASIS 3  0 0 107.48
Info: PERIODIC CELL CENTER   -0.389 0.194 1.795
Info: WRAPPING ALL CLUSTERS AROUND PERIODIC BOUNDARIES ON OUTPUT.
Info: LOAD BALANCER  Centralized
Info: LOAD BALANCING STRATEGY  New Load Balancers -- ASB
Info: LDB PERIOD             4000 steps
Info: FIRST LDB TIMESTEP     100
Info: LAST LDB TIMESTEP     -1
Info: LDB BACKGROUND SCALING 1
Info: HOM BACKGROUND SCALING 1
Info: PME BACKGROUND SCALING 1
Info: MAX SELF PARTITIONS    20
Info: MAX PAIR PARTITIONS    8
Info: SELF PARTITION ATOMS   154
Info: SELF2 PARTITION ATOMS   154
Info: PAIR PARTITION ATOMS   318
Info: PAIR2 PARTITION ATOMS  637
Info: MIN ATOMS PER PATCH    100
Info: VELOCITY FILE          /home/jam2079/Pathrover/2jln/phase2a/dat_equil_phase2a1.restart.vel
Info: CENTER OF MASS MOVING INITIALLY? NO
Info: DIELECTRIC             1
Info: EXCLUDE                SCALED ONE-FOUR
Info: 1-4 ELECTROSTATICS SCALED BY 1
Info: MODIFIED 1-4 VDW PARAMETERS WILL BE USED
Info: DCD FILENAME           ./dat_equil_phase2a2.np.dcd
Info: DCD FREQUENCY          5000
Info: DCD FIRST STEP         5000
Info: DCD FILE WILL CONTAIN UNIT CELL DATA
Info: XST FILENAME           ./dat_equil_phase2a2.np.xst
Info: XST FREQUENCY          5000
Info: NO VELOCITY DCD OUTPUT
Info: OUTPUT FILENAME        ./dat_equil_phase2a2.np
Info: RESTART FILENAME       ./dat_equil_phase2a2.np.restart
Info: RESTART FREQUENCY      5000
Info: BINARY RESTART FILES WILL BE USED
Info: SWITCHING ACTIVE
Info: SWITCHING ON           10
Info: SWITCHING OFF          12
Info: PAIRLIST DISTANCE      13.5
Info: PAIRLIST SHRINK RATE   0.01
Info: PAIRLIST GROW RATE     0.01
Info: PAIRLIST TRIGGER       0.3
Info: PAIRLISTS PER CYCLE    2
Info: PAIRLISTS ENABLED
Info: MARGIN                 2.5
Info: HYDROGEN GROUP CUTOFF  2.5
Info: PATCH DIMENSION        18.5
Info: ENERGY OUTPUT STEPS    5000
Info: CROSSTERM ENERGY INCLUDED IN DIHEDRAL
Info: TIMING OUTPUT STEPS    5000
Info: PRESSURE OUTPUT STEPS  5000
Info: HARMONIC CONSTRAINTS ACTIVE
Info: HARMONIC CONS EXP      2
Info: LANGEVIN DYNAMICS ACTIVE
Info: LANGEVIN TEMPERATURE   310
Info: LANGEVIN DAMPING COEFFICIENT IS 5 INVERSE PS
Info: LANGEVIN DYNAMICS NOT APPLIED TO HYDROGENS
Info: LANGEVIN PISTON PRESSURE CONTROL ACTIVE
Info:        TARGET PRESSURE IS 1.01325 BAR
Info:     OSCILLATION PERIOD IS 200 FS
Info:             DECAY TIME IS 50 FS
Info:     PISTON TEMPERATURE IS 310 K
Info:       PRESSURE CONTROL IS GROUP-BASED
Info:    INITIAL STRAIN RATE IS 1.92176e-06 1.92176e-06 -1.54881e-05
Info:       CELL FLUCTUATION IS ANISOTROPIC
Info:     SHAPE OF CELL IS CONSTRAINED IN X-Y PLANE
Info: PARTICLE MESH EWALD (PME) ACTIVE
Info: PME TOLERANCE               1e-06
Info: PME EWALD COEFFICIENT       0.257952
Info: PME INTERPOLATION ORDER     4
Info: PME GRID DIMENSIONS         128 128 108
Info: PME MAXIMUM GRID SPACING    1
Info: Attempting to read FFTW data from FFTW_NAMD_2.7_Linux-x86_64.txt
Info: Optimizing 6 FFT steps.  1... 2... 3... 4... 5... 6...   Done.
Info: Writing FFTW data to FFTW_NAMD_2.7_Linux-x86_64.txt
Info: FULL ELECTROSTATIC EVALUATION FREQUENCY      4
Info: USING VERLET I (r-RESPA) MTS SCHEME.
Info: C1 SPLITTING OF LONG RANGE ELECTROSTATICS
Info: PLACING ATOMS IN PATCHES BY HYDROGEN GROUPS
Info: RIGID BONDS TO HYDROGEN : ALL
Info:         ERROR TOLERANCE : 1e-08
Info:          MAX ITERATIONS : 100
Info: RIGID WATER USING SETTLE ALGORITHM
Info: NONBONDED FORCES EVALUATED EVERY 2 STEPS
Info: RANDOM NUMBER SEED     1399092939
Info: USE HYDROGEN BONDS?    NO
Info: COORDINATE PDB         /home/jam2079/Pathrover/2jln/phase2a/dat_equil_phase2a1.coor
Info: STRUCTURE FILE         /home/jam2079/Pathrover/2jln/common/ionized.psf
Info: PARAMETER file: CHARMM format! 
Info: PARAMETERS             /home/jam2079/Pathrover/2jln/common/parameters_all.prm
Info: USING ARITHMETIC MEAN TO COMBINE L-J SIGMA PARAMETERS
Info: BINARY COORDINATES     /home/jam2079/Pathrover/2jln/phase2a/dat_equil_phase2a1.restart.coor
Info: SUMMARY OF PARAMETERS:
Info: 231 BONDS
Info: 615 ANGLES
Info: 936 DIHEDRAL
Info: 55 IMPROPER
Info: 6 CROSSTERM
Info: 152 VDW
Info: 0 VDW_PAIRS
Info: TIME FOR READING PSF FILE: 3.03717
Info: TIME FOR READING PDB FILE: 0.279893
Info: 
Info: Reading from binary file /home/jam2079/Pathrover/2jln/phase2a/dat_equil_phase2a1.restart.coor
Info: ****************************
Info: STRUCTURE SUMMARY:
Info: 172765 ATOMS
Info: 137441 BONDS
Info: 163935 ANGLES
Info: 179819 DIHEDRALS
Info: 2052 IMPROPERS
Info: 0 CROSSTERMS
Info: 0 EXCLUSIONS
Info: 1846 CONSTRAINTS
Info: 145106 RIGID BONDS
Info: 373189 DEGREES OF FREEDOM
Info: 62497 HYDROGEN GROUPS
Info: 4 ATOMS IN LARGEST HYDROGEN GROUP
Info: 62497 MIGRATION GROUPS
Info: 4 ATOMS IN LARGEST MIGRATION GROUP
Info: TOTAL MASS = 1.03211e+06 amu
Info: TOTAL CHARGE = 4.77266e-05 e
Info: MASS DENSITY = 1.00536 g/cm^3
Info: ATOM DENSITY = 0.101343 atoms/A^3
Info: *****************************
Info: 
Info: Entering startup at 4.22336 s, 49.5395 MB of memory in use
Info: Startup phase 0 took 0.0500851 s, 49.5358 MB of memory in use
Info: Startup phase 1 took 1.4279 s, 86.4619 MB of memory in use
Info: Startup phase 2 took 0.0442979 s, 87.7862 MB of memory in use
Info: PATCH GRID IS 6 (PERIODIC) BY 6 (PERIODIC) BY 5 (PERIODIC)
Info: PATCH GRID IS 1-AWAY BY 1-AWAY BY 1-AWAY
Info: Reading from binary file /home/jam2079/Pathrover/2jln/phase2a/dat_equil_phase2a1.restart.vel
Info: REMOVING COM VELOCITY 0.019892 -0.00711709 0.0150475
Info: LARGEST PATCH (58) HAS 1033 ATOMS
Info: Startup phase 3 took 0.186596 s, 115.508 MB of memory in use
Info: PME using 22 and 22 processors for FFT and reciprocal sum.
Info: PME GRID LOCATIONS: 1 2 3 4 5 6 7 8 9 10 ...
Info: PME TRANS LOCATIONS: 1 2 3 4 5 6 7 8 9 10 ...
Info: Startup phase 4 took 0.0645351 s, 115.509 MB of memory in use
Info: Startup phase 5 took 0.065702 s, 89.7255 MB of memory in use
LDB: Central LB being created...
Info: Startup phase 6 took 1.2731 s, 89.7618 MB of memory in use
Info: CREATING 12609 COMPUTE OBJECTS
Info: useSync: 1 useProxySync: 0
Info: NONBONDED TABLE R-SQUARED SPACING: 0.0625
Info: NONBONDED TABLE SIZE: 769 POINTS
Info: Startup phase 7 took 0.0510712 s, 93.1442 MB of memory in use
Info: Startup phase 8 took 0.000329971 s, 94.1537 MB of memory in use
Info: Finished startup at 7.38698 s, 94.1537 MB of memory in use

TCL: Running for 250000 steps
PRESSURE: 0 -13304.3 86.7842 15.7813 116.169 -13269.3 -7.18225 -0.957475 -8.88177 -13419.7
GPRESSURE: 0 -34.8495 77.8905 -2.79542 58.2485 68.419 17.0455 -96.5044 -19.6525 -158.919
ETITLE:      TS           BOND          ANGLE          DIHED          IMPRP               ELECT            VDW       BOUNDARY           MISC        KINETIC               TOTAL           TEMP      POTENTIAL         TOTAL3        TEMPAVG            PRESSURE      GPRESSURE         VOLUME       PRESSAVG      GPRESSAVG

ENERGY:       0      7993.2276     40456.6012     27750.9451       525.1145        -442165.8525     13026.6245       235.9584         0.0000    114374.2203        -237803.1608       308.4535   -352177.3811   -237509.6425       308.4535         -13331.1189       -41.7831   1704761.5636    -13331.1189       -41.7831

OPENING EXTENDED SYSTEM TRAJECTORY FILE
LDB: ============= START OF LOAD BALANCING ============== 15.8938
LDB: ============== END OF LOAD BALANCING =============== 15.895

Info: Initial time: 24 CPUs 0.0839591 s/step 0.971749 days/ns 112.989 MB memory
LDB: ============= START OF LOAD BALANCING ============== 24.4983
LDB: TIME 24.5317 LOAD: AVG 7.12197 MAX 7.75467  PROXIES: TOTAL 480 MAXPE 22 MAXPATCH 4 None 1.20757
LDB: TIME 24.6128 LOAD: AVG 7.12197 MAX 7.12649  PROXIES: TOTAL 480 MAXPE 22 MAXPATCH 4 TorusLB 1.20757
LDB: TIME 24.6129 LOAD: AVG 7.12197 MAX 7.12649  PROXIES: TOTAL 480 MAXPE 22 MAXPATCH 4 TorusLB 1.20757
LDB: ============== END OF LOAD BALANCING =============== 24.643

Info: Initial time: 24 CPUs 0.0843227 s/step 0.975957 days/ns 113.375 MB memory
LDB: ============= START OF LOAD BALANCING ============== 32.9493
LDB: TIME 32.9555 LOAD: AVG 7.21684 MAX 7.36937  PROXIES: TOTAL 480 MAXPE 22 MAXPATCH 4 None 1.26988
LDB: TIME 32.9654 LOAD: AVG 7.21684 MAX 7.36937  PROXIES: TOTAL 480 MAXPE 22 MAXPATCH 4 RefineTorusLB 1.26988
LDB: ============== END OF LOAD BALANCING =============== 32.9673

Info: Initial time: 24 CPUs 0.0811166 s/step 0.938849 days/ns 114.106 MB memory
LDB: ============= START OF LOAD BALANCING ============== 41.1986
LDB: TIME 41.2046 LOAD: AVG 7.20333 MAX 7.31914  PROXIES: TOTAL 480 MAXPE 22 MAXPATCH 4 None 1.26634
LDB: TIME 41.2202 LOAD: AVG 7.20333 MAX 7.31914  PROXIES: TOTAL 480 MAXPE 22 MAXPATCH 4 RefineTorusLB 1.26634
LDB: ============== END OF LOAD BALANCING =============== 41.2231

Info: Benchmark time: 24 CPUs 0.0807135 s/step 0.934184 days/ns 114.456 MB memory
Info: Benchmark time: 24 CPUs 0.0816271 s/step 0.944758 days/ns 114.769 MB memory
Info: Benchmark time: 24 CPUs 0.0811414 s/step 0.939136 days/ns 114.957 MB memory
LDB: ============= START OF LOAD BALANCING ============== 361.408
LDB: ============== END OF LOAD BALANCING =============== 361.409

LDB: ============= START OF LOAD BALANCING ============== 369.739
LDB: TIME 369.773 LOAD: AVG 7.24999 MAX 7.45562  PROXIES: TOTAL 480 MAXPE 22 MAXPATCH 4 None 1.28089
LDB: TIME 369.789 LOAD: AVG 7.24999 MAX 7.45562  PROXIES: TOTAL 480 MAXPE 22 MAXPATCH 4 RefineTorusLB 1.28089
LDB: ============== END OF LOAD BALANCING =============== 369.791

PRESSURE: 5000 -13030.4 60.6975 -102.934 16.5278 -13485 -85.5921 -38.9458 -140.252 -13254.1
GPRESSURE: 5000 285.451 107.392 -90.019 18.511 -111.729 -162.66 -46.3232 -191.702 -42.6101
PRESSAVG: 5000 4.02326 0.414229 19.2923 6.7072 -9.58106 6.13632 13.5414 -43.4385 4.20343
GPRESSAVG: 5000 4.12432 0.397063 19.4751 6.75298 -9.53048 6.12247 13.5408 -43.4803 4.28975
TIMING: 5000  CPU: 359.054, 0.0717631/step  Wall: 412.397, 0.0823956/step, 5.60748 hours remaining, 130.928802 MB of memory in use.
ENERGY:    5000      8020.0018     40411.2845     27516.3916       494.3770        -441553.7870     12738.9772       250.2798         0.0000    114321.0737        -237801.4015       308.3102   -352122.4752   -237501.4021       309.5831         -13256.4859        43.7039   1699587.6611        -0.4515        -0.3721

WRITING EXTENDED SYSTEM TO RESTART FILE AT STEP 5000
OPENING COORDINATE DCD FILE
WRITING COORDINATES TO DCD FILE AT STEP 5000
WRITING COORDINATES TO RESTART FILE AT STEP 5000
FINISHED WRITING RESTART COORDINATES
WRITING VELOCITIES TO RESTART FILE AT STEP 5000
FINISHED WRITING RESTART VELOCITIES
LDB: ============= START OF LOAD BALANCING ============== 691.03
LDB: ============== END OF LOAD BALANCING =============== 691.03

LDB: ============= START OF LOAD BALANCING ============== 699.426
LDB: TIME 699.46 LOAD: AVG 7.27208 MAX 7.47907  PROXIES: TOTAL 480 MAXPE 22 MAXPATCH 4 None 1.29078
LDB: TIME 699.477 LOAD: AVG 7.27208 MAX 7.47907  PROXIES: TOTAL 480 MAXPE 22 MAXPATCH 4 RefineTorusLB 1.29078
LDB: ============== END OF LOAD BALANCING =============== 699.48

PRESSURE: 10000 -13455.6 107.47 154.406 18.3896 -13552.1 144.503 98.7428 179.4 -13349.8
GPRESSURE: 10000 24.3328 142.968 96.8555 92.433 -191.307 11.4534 183.464 49.8163 -64.6993
PRESSAVG: 10000 -3.28051 6.59812 4.90023 -6.92023 5.17066 -1.66683 -16.5456 -11.0407 0.445379
GPRESSAVG: 10000 -3.13082 6.42895 4.81266 -6.96345 5.24496 -1.73923 -16.3213 -11.1515 0.485228
TIMING: 10000  CPU: 719.901, 0.0721692/step  Wall: 824.328, 0.0823864/step, 5.49242 hours remaining, 133.804077 MB of memory in use.
ENERGY:   10000      8058.3316     40437.8354     27645.7639       537.4003        -442432.6592     12599.7517       250.4063         0.0000    115132.6132        -237770.5569       310.4988   -352903.1701   -237473.9268       310.1590         -13452.5053       -77.2246   1692533.8429         0.7785         0.8665

WRITING EXTENDED SYSTEM TO RESTART FILE AT STEP 10000
WRITING COORDINATES TO DCD FILE AT STEP 10000
WRITING COORDINATES TO RESTART FILE AT STEP 10000
FINISHED WRITING RESTART COORDINATES
WRITING VELOCITIES TO RESTART FILE AT STEP 10000
FINISHED WRITING RESTART VELOCITIES
LDB: ============= START OF LOAD BALANCING ============== 1020.57
LDB: ============== END OF LOAD BALANCING =============== 1020.57

LDB: ============= START OF LOAD BALANCING ============== 1029.05
LDB: TIME 1029.08 LOAD: AVG 7.27899 MAX 7.49596  PROXIES: TOTAL 480 MAXPE 22 MAXPATCH 4 None 1.28257
LDB: TIME 1029.1 LOAD: AVG 7.27899 MAX 7.49596  PROXIES: TOTAL 480 MAXPE 22 MAXPATCH 4 RefineTorusLB 1.28257
LDB: ============== END OF LOAD BALANCING =============== 1029.1

PRESSURE: 15000 -13160.6 -113.905 90.8305 -95.5195 -13284.2 92.5954 17.8566 82.0044 -13437.2
GPRESSURE: 15000 281.58 -62.7918 155.444 -9.86325 163.076 85.6579 21.7511 61.5939 -56.2232
PRESSAVG: 15000 -7.65907 1.78724 21.0593 -12.9853 17.824 -2.92059 -6.51129 -3.99511 -2.86292
GPRESSAVG: 15000 -7.72905 1.93646 21.0945 -12.9284 17.9834 -2.96697 -6.64394 -4.02988 -2.90463
TIMING: 15000  CPU: 1080.59, 0.0721376/step  Wall: 1236.2, 0.0823743/step, 5.37721 hours remaining, 133.970215 MB of memory in use.
ENERGY:   15000      8146.9168     40437.6574     27673.4770       532.0730        -442780.0170     12978.8963       262.7291         0.0000    115098.1842        -237650.0833       310.4059   -352748.2675   -237346.9249       310.1596         -13294.0148       129.4778   1689045.8993         2.4340         2.4499

WRITING EXTENDED SYSTEM TO RESTART FILE AT STEP 15000
WRITING COORDINATES TO DCD FILE AT STEP 15000
WRITING COORDINATES TO RESTART FILE AT STEP 15000
FINISHED WRITING RESTART COORDINATES
WRITING VELOCITIES TO RESTART FILE AT STEP 15000
FINISHED WRITING RESTART VELOCITIES
LDB: ============= START OF LOAD BALANCING ============== 1350.59
LDB: ============== END OF LOAD BALANCING =============== 1350.59

LDB: ============= START OF LOAD BALANCING ============== 1359.1
LDB: TIME 1359.13 LOAD: AVG 7.26095 MAX 7.51228  PROXIES: TOTAL 480 MAXPE 22 MAXPATCH 4 None 1.27391
LDB: TIME 1359.15 LOAD: AVG 7.26095 MAX 7.51228  PROXIES: TOTAL 480 MAXPE 22 MAXPATCH 4 RefineTorusLB 1.27391
LDB: ============== END OF LOAD BALANCING =============== 1359.15

PRESSURE: 20000 -13406.3 -33.1934 -102.989 -0.868031 -13413 -47.901 -143.93 -25.8184 -13254.4
GPRESSURE: 20000 100.842 -50.2896 -82.2508 -8.40547 32.988 30.1394 -149.021 -33.3777 101.864
PRESSAVG: 20000 -6.69734 4.54906 49.0951 1.05717 6.97486 -8.2434 30.0882 -9.58209 1.08257
GPRESSAVG: 20000 -6.73563 4.79519 49.1047 1.1316 6.93866 -8.21901 30.0984 -9.62418 1.18789
TIMING: 20000  CPU: 1442.81, 0.072445/step  Wall: 1649.39, 0.082638/step, 5.27965 hours remaining, 134.020844 MB of memory in use.
ENERGY:   20000      7948.4163     40417.0045     27570.9136       499.9831        -442920.6286     12635.6900       236.3117         0.0000    114525.5427        -239086.7667       308.8616   -353612.3093   -238792.2566       310.0365         -13357.8737        78.5645   1688088.9903         0.4534         0.4636

WRITING EXTENDED SYSTEM TO RESTART FILE AT STEP 20000
WRITING COORDINATES TO DCD FILE AT STEP 20000
WRITING COORDINATES TO RESTART FILE AT STEP 20000
FINISHED WRITING RESTART COORDINATES
WRITING VELOCITIES TO RESTART FILE AT STEP 20000
FINISHED WRITING RESTART VELOCITIES
LDB: ============= START OF LOAD BALANCING ============== 1681.35
LDB: ============== END OF LOAD BALANCING =============== 1681.35

LDB: ============= START OF LOAD BALANCING ============== 1689.81
LDB: TIME 1689.84 LOAD: AVG 7.27718 MAX 7.59126  PROXIES: TOTAL 480 MAXPE 22 MAXPATCH 4 None 1.27355
LDB: TIME 1689.86 LOAD: AVG 7.27718 MAX 7.59126  PROXIES: TOTAL 480 MAXPE 22 MAXPATCH 4 RefineTorusLB 1.27355
LDB: ============== END OF LOAD BALANCING =============== 1689.86

LDB: ============= START OF LOAD BALANCING ============== 2012.81
LDB: ============== END OF LOAD BALANCING =============== 2012.81

LDB: ============= START OF LOAD BALANCING ============== 2021.24
LDB: TIME 2021.27 LOAD: AVG 7.28048 MAX 7.46664  PROXIES: TOTAL 480 MAXPE 22 MAXPATCH 4 None 1.28269
LDB: TIME 2021.29 LOAD: AVG 7.28048 MAX 7.46664  PROXIES: TOTAL 480 MAXPE 22 MAXPATCH 4 RefineTorusLB 1.28269
LDB: ============== END OF LOAD BALANCING =============== 2021.29

PRESSURE: 25000 -13454.5 -109.376 -175.288 -122.006 -13767 2.36789 -192.211 58.6981 -13437
GPRESSURE: 25000 -28.1518 -55.3273 -69.2 -83.0532 -194.551 -17.7163 -200.132 -25.6897 -125.077
PRESSAVG: 25000 -1.28443 -13.4566 5.35836 7.98088 -8.83451 -0.806395 -1.77491 -4.54082 -4.03323
GPRESSAVG: 25000 -1.40659 -13.5152 5.39714 8.0149 -8.81301 -0.779487 -1.80206 -4.51443 -4.01104
TIMING: 25000  CPU: 1805.26, 0.0724898/step  Wall: 2064.03, 0.0829285/step, 5.18303 hours remaining, 133.959259 MB of memory in use.
ENERGY:   25000      8069.6690     40313.4477     27650.8355       523.6691        -442911.5179     12512.5151       242.6129         0.0000    114441.1454        -239157.6230       308.6340   -353598.7685   -238832.1751       309.6483         -13552.8206      -115.9267   1688456.6204        -4.7174        -4.7435

WRITING EXTENDED SYSTEM TO RESTART FILE AT STEP 25000
WRITING COORDINATES TO DCD FILE AT STEP 25000
WRITING COORDINATES TO RESTART FILE AT STEP 25000
FINISHED WRITING RESTART COORDINATES
WRITING VELOCITIES TO RESTART FILE AT STEP 25000
FINISHED WRITING RESTART VELOCITIES
LDB: ============= START OF LOAD BALANCING ============== 2344.12
LDB: ============== END OF LOAD BALANCING =============== 2344.12

LDB: ============= START OF LOAD BALANCING ============== 2352.58
LDB: TIME 2352.61 LOAD: AVG 7.29966 MAX 7.40889  PROXIES: TOTAL 480 MAXPE 22 MAXPATCH 4 None 1.29044
LDB: TIME 2352.64 LOAD: AVG 7.29966 MAX 7.40889  PROXIES: TOTAL 480 MAXPE 22 MAXPATCH 4 RefineTorusLB 1.29044
LDB: ============== END OF LOAD BALANCING =============== 2352.64

PRESSURE: 30000 -13396.6 -121.985 0.0253319 -82.758 -13265.2 50.9239 -10.2563 57.9229 -13313.6
GPRESSURE: 30000 -7.1495 -80.5849 104.454 -80.6448 150.609 27.9335 16.0628 102.664 72.4962
PRESSAVG: 30000 9.53371 -8.15638 -4.97928 -10.2859 -2.0189 -12.5161 -5.02072 -13.4685 0.125744
GPRESSAVG: 30000 9.49251 -8.05073 -5.14491 -10.2609 -2.02509 -12.3396 -5.05622 -13.5257 -0.00694471
TIMING: 30000  CPU: 2168.04, 0.072556/step  Wall: 2478.18, 0.0828293/step, 5.06179 hours remaining, 134.284607 MB of memory in use.
ENERGY:   30000      8057.3786     40246.8169     27722.6479       488.7800        -442200.2802     12563.7117       252.2379         0.0000    114704.3208        -238164.3864       309.3437   -352868.7071   -237876.8891       309.3338         -13325.1559        71.9852   1689831.1566         2.5468         2.4868

WRITING EXTENDED SYSTEM TO RESTART FILE AT STEP 30000
WRITING COORDINATES TO DCD FILE AT STEP 30000
WRITING COORDINATES TO RESTART FILE AT STEP 30000
FINISHED WRITING RESTART COORDINATES
WRITING VELOCITIES TO RESTART FILE AT STEP 30000
FINISHED WRITING RESTART VELOCITIES
LDB: ============= START OF LOAD BALANCING ============== 2675.6
LDB: ============== END OF LOAD BALANCING =============== 2675.6

LDB: ============= START OF LOAD BALANCING ============== 2684.08
LDB: TIME 2684.08 LOAD: AVG 7.29603 MAX 7.42336  PROXIES: TOTAL 480 MAXPE 22 MAXPATCH 4 None 1.29003
LDB: TIME 2684.09 LOAD: AVG 7.29603 MAX 7.42336  PROXIES: TOTAL 480 MAXPE 22 MAXPATCH 4 RefineTorusLB 1.29003
LDB: ============== END OF LOAD BALANCING =============== 2684.1

WRITING COORDINATES TO DCD FILE AT STEP 35000
WRITING COORDINATES TO RESTART FILE AT STEP 35000
FINISHED WRITING RESTART COORDINATES
PRESSURE: 35000 -13572.4 51.2917 -10.6992 14.8017 -13381.6 -75.4663 -8.22353 15.819 -13094.4
GPRESSURE: 35000 -80.026 10.7543 -12.235 -70.7555 69.7472 -41.3459 91.5264 57.5224 124.975
PRESSAVG: 35000 -0.843449 -11.3783 11.7241 -13.7183 4.91265 4.59469 2.95898 -7.07604 6.0233
GPRESSAVG: 35000 -0.810866 -11.4557 11.8637 -13.673 4.83507 4.47339 2.94357 -7.07409 6.01516
TIMING: 35000  CPU: 2530.08, 0.0724076/step  Wall: 2892.89, 0.0829423/step, 4.9535 hours remaining, 133.182739 MB of memory in use.
ENERGY:   35000      8024.3733     39912.1504     27727.7464       488.9178        -441803.1327     12394.2726       229.3648         0.0000    114638.9912        -238387.3162       309.1676   -353026.3074   -238079.1651       309.7397         -13349.4675        38.2322   1688439.5486         3.3642         3.3465

WRITING EXTENDED SYSTEM TO RESTART FILE AT STEP 35000
WRITING VELOCITIES TO RESTART FILE AT STEP 35000
FINISHED WRITING RESTART VELOCITIES
LDB: ============= START OF LOAD BALANCING ============== 3007.81
LDB: ============== END OF LOAD BALANCING =============== 3007.81

LDB: ============= START OF LOAD BALANCING ============== 3016.29
LDB: TIME 3016.3 LOAD: AVG 7.3013 MAX 7.53215  PROXIES: TOTAL 480 MAXPE 22 MAXPATCH 4 None 1.28569
LDB: TIME 3016.31 LOAD: AVG 7.3013 MAX 7.53215  PROXIES: TOTAL 480 MAXPE 22 MAXPATCH 4 RefineTorusLB 1.28569
LDB: ============== END OF LOAD BALANCING =============== 3016.31

PRESSURE: 40000 -13615.8 143.082 59.6175 182.615 -13725.7 -22.7659 25.8692 -24.7369 -13607
GPRESSURE: 40000 -78.9863 16.8105 28.5527 96.4398 -273.409 -61.773 70.416 -33.3471 -386.242
PRESSAVG: 40000 6.51632 0.872569 18.389 -5.7467 -8.31379 14.2211 21.5375 -17.205 -0.909431
GPRESSAVG: 40000 6.61808 0.732451 18.2855 -5.79296 -8.19406 14.3027 21.6004 -17.237 -1.01841
TIMING: 40000  CPU: 2893.01, 0.0725856/step  Wall: 3307.98, 0.0830174/step, 4.84268 hours remaining, 134.919617 MB of memory in use.
ENERGY:   40000      8118.8250     40394.3854     27711.7220       490.2953        -441855.8656     12230.4402       240.1780         0.0000    114463.1218        -238206.8978       308.6933   -352670.0196   -237894.3885       309.8788         -13649.4945      -246.2124   1689948.3379        -0.9023        -0.8648

WRITING EXTENDED SYSTEM TO RESTART FILE AT STEP 40000
WRITING COORDINATES TO DCD FILE AT STEP 40000
WRITING COORDINATES TO RESTART FILE AT STEP 40000
FINISHED WRITING RESTART COORDINATES
WRITING VELOCITIES TO RESTART FILE AT STEP 40000
FINISHED WRITING RESTART VELOCITIES
LDB: ============= START OF LOAD BALANCING ============== 3339.98
LDB: ============== END OF LOAD BALANCING =============== 3339.98

LDB: ============= START OF LOAD BALANCING ============== 3348.42
LDB: TIME 3348.46 LOAD: AVG 7.29054 MAX 7.443  PROXIES: TOTAL 480 MAXPE 22 MAXPATCH 4 None 1.28629
LDB: TIME 3348.47 LOAD: AVG 7.29054 MAX 7.443  PROXIES: TOTAL 480 MAXPE 22 MAXPATCH 4 RefineTorusLB 1.28629
LDB: ============== END OF LOAD BALANCING =============== 3348.48

LDB: ============= START OF LOAD BALANCING ============== 3671.74
LDB: ============== END OF LOAD BALANCING =============== 3671.74

LDB: ============= START OF LOAD BALANCING ============== 3680.14
LDB: TIME 3680.18 LOAD: AVG 7.28863 MAX 7.49877  PROXIES: TOTAL 480 MAXPE 22 MAXPATCH 4 None 1.2818
LDB: TIME 3680.2 LOAD: AVG 7.28863 MAX 7.49877  PROXIES: TOTAL 480 MAXPE 22 MAXPATCH 4 RefineTorusLB 1.2818
LDB: ============== END OF LOAD BALANCING =============== 3680.2

WRITING COORDINATES TO DCD FILE AT STEP 45000
WRITING COORDINATES TO RESTART FILE AT STEP 45000
FINISHED WRITING RESTART COORDINATES
PRESSURE: 45000 -13579.2 -0.394773 -75.213 -24.7604 -13457.1 -10.6063 9.06924 -27.4029 -13423.4
GPRESSURE: 45000 -205.683 1.21455 -102.611 -48.4139 -45.0586 88.5623 21.4111 51.5802 -95.3206
PRESSAVG: 45000 5.56536 5.63251 25.9356 16.2097 4.34462 2.97343 25.5014 -9.19663 1.85656
GPRESSAVG: 45000 5.59583 5.62806 25.7904 16.2782 4.44421 2.97203 25.3657 -9.01429 1.88093
TIMING: 45000  CPU: 3257.24, 0.0728473/step  Wall: 3722.71, 0.0829464/step, 4.72333 hours remaining, 133.505188 MB of memory in use.
ENERGY:   45000      7968.2805     40468.7479     27788.1310       517.3264        -441588.4832     11995.7154       239.7512         0.0000    114713.9803        -237896.5504       309.3698   -352610.5307   -237589.8603       309.7355         -13486.5777      -115.3542   1689749.0292         3.9222         3.9737

WRITING EXTENDED SYSTEM TO RESTART FILE AT STEP 45000
WRITING VELOCITIES TO RESTART FILE AT STEP 45000
FINISHED WRITING RESTART VELOCITIES
LDB: ============= START OF LOAD BALANCING ============== 4002.78
LDB: ============== END OF LOAD BALANCING =============== 4002.78

LDB: ============= START OF LOAD BALANCING ============== 4011.35
LDB: TIME 4011.38 LOAD: AVG 7.28721 MAX 7.45509  PROXIES: TOTAL 480 MAXPE 22 MAXPATCH 4 None 1.27111
LDB: TIME 4011.4 LOAD: AVG 7.28721 MAX 7.45509  PROXIES: TOTAL 480 MAXPE 22 MAXPATCH 4 RefineTorusLB 1.27111
LDB: ============== END OF LOAD BALANCING =============== 4011.4

WRITING COORDINATES TO DCD FILE AT STEP 50000
WRITING COORDINATES TO RESTART FILE AT STEP 50000
FINISHED WRITING RESTART COORDINATES
WRITING VELOCITIES TO RESTART FILE AT STEP 50000
FINISHED WRITING RESTART VELOCITIES
PRESSURE: 50000 -13571.6 67.5796 -1.23982 61.745 -13385.4 137.769 12.0044 44.8481 -13288.4
GPRESSURE: 50000 -86.3079 69.0145 -45.8024 -2.79895 22.5859 189.96 -72.4034 52.9146 41.0813
PRESSAVG: 50000 -2.92101 -2.16864 -10.285 22.6196 8.45062 14.0029 -0.469426 -2.89919 4.07719
GPRESSAVG: 50000 -2.98377 -2.12975 -10.4191 22.6422 8.33953 13.9119 -0.284943 -2.90878 4.12549
TIMING: 50000  CPU: 3619.61, 0.0724724/step  Wall: 4137.52, 0.0829613/step, 4.60896 hours remaining, 133.320648 MB of memory in use.
ETITLE:      TS           BOND          ANGLE          DIHED          IMPRP               ELECT            VDW       BOUNDARY           MISC        KINETIC               TOTAL           TEMP      POTENTIAL         TOTAL3        TEMPAVG            PRESSURE      GPRESSURE         VOLUME       PRESSAVG      GPRESSAVG

ENERGY:   50000      7878.7029     40367.5602     27689.9797       522.7849        -441880.5844     11697.7222       244.7701         0.0000    114969.2806        -238509.7838       310.0583   -353479.0644   -238217.9050       309.9529         -13415.1469        -7.5469   1684917.4064         3.2023         3.1604

WRITING EXTENDED SYSTEM TO RESTART FILE AT STEP 50000
LDB: ============= START OF LOAD BALANCING ============== 4335.77
LDB: ============== END OF LOAD BALANCING =============== 4335.77

LDB: ============= START OF LOAD BALANCING ============== 4344.13
LDB: TIME 4344.17 LOAD: AVG 7.28462 MAX 7.44867  PROXIES: TOTAL 480 MAXPE 22 MAXPATCH 4 None 1.27757
LDB: TIME 4344.19 LOAD: AVG 7.28462 MAX 7.44867  PROXIES: TOTAL 480 MAXPE 22 MAXPATCH 4 RefineTorusLB 1.27757
LDB: ============== END OF LOAD BALANCING =============== 4344.19

PRESSURE: 55000 -13356.8 -203.488 -74.0018 -168.659 -13462.4 14.57 -96.9246 10.6322 -13373
GPRESSURE: 55000 66.3875 -97.0344 -117.43 -127.733 -11.8624 40.1593 -144.501 63.0342 -35.9346
PRESSAVG: 55000 -4.17913 24.7862 11.0787 20.0661 16.8534 16.6961 3.71442 -8.14144 4.57677
GPRESSAVG: 55000 -4.09875 24.7746 11.0768 20.1677 16.9828 16.7839 3.72828 -8.07804 4.63994
TIMING: 55000  CPU: 3982.41, 0.0725604/step  Wall: 4552.34, 0.0829654/step, 4.49396 hours remaining, 134.905334 MB of memory in use.
ENERGY:   55000      8025.0265     40414.2336     27640.5966       502.0423        -441761.4400     12231.0466       236.5286         0.0000    114431.4573        -238280.5086       308.6079   -352711.9659   -237993.0489       309.7004         -13397.4118         6.1968   1686996.0457         5.7503         5.8413

WRITING EXTENDED SYSTEM TO RESTART FILE AT STEP 55000
WRITING COORDINATES TO DCD FILE AT STEP 55000
WRITING COORDINATES TO RESTART FILE AT STEP 55000
FINISHED WRITING RESTART COORDINATES
WRITING VELOCITIES TO RESTART FILE AT STEP 55000
FINISHED WRITING RESTART VELOCITIES
LDB: ============= START OF LOAD BALANCING ============== 4667.28
LDB: ============== END OF LOAD BALANCING =============== 4667.28

LDB: ============= START OF LOAD BALANCING ============== 4675.6
LDB: TIME 4675.64 LOAD: AVG 7.28405 MAX 7.44073  PROXIES: TOTAL 480 MAXPE 22 MAXPATCH 4 None 1.2762
LDB: TIME 4675.66 LOAD: AVG 7.28405 MAX 7.44073  PROXIES: TOTAL 480 MAXPE 22 MAXPATCH 4 RefineTorusLB 1.2762
LDB: ============== END OF LOAD BALANCING =============== 4675.66

PRESSURE: 60000 -13319.9 -86.8065 -5.11089 -104.686 -13442.9 190.422 39.1813 146.056 -13415.9
GPRESSURE: 60000 43.6433 -146.694 -13.123 -108.777 16.0613 177.31 -56.527 -7.34207 -91.7145
PRESSAVG: 60000 10.492 -0.595899 19.8784 5.56189 -11.1507 14.8765 16.8675 7.81931 3.6363
GPRESSAVG: 60000 10.4143 -0.765869 20.0183 5.75286 -11.2023 14.939 16.9512 7.77775 3.67752
TIMING: 60000  CPU: 4346.16, 0.0727507/step  Wall: 4966.9, 0.0829119/step, 4.37591 hours remaining, 135.001526 MB of memory in use.
ENERGY:   60000      8088.5266     40213.7148     27565.9314       528.8040        -441968.8620     12327.2492       242.7992         0.0000    114659.7894        -238342.0474       309.2236   -353001.8367   -238034.5634       309.6397         -13392.9091       -10.6700   1689601.0461         0.9925         0.9632

WRITING EXTENDED SYSTEM TO RESTART FILE AT STEP 60000
WRITING COORDINATES TO DCD FILE AT STEP 60000
WRITING COORDINATES TO RESTART FILE AT STEP 60000
FINISHED WRITING RESTART COORDINATES
WRITING VELOCITIES TO RESTART FILE AT STEP 60000
FINISHED WRITING RESTART VELOCITIES
LDB: ============= START OF LOAD BALANCING ============== 4998.85
LDB: ============== END OF LOAD BALANCING =============== 4998.85

LDB: ============= START OF LOAD BALANCING ============== 5007.31
LDB: TIME 5007.35 LOAD: AVG 7.29614 MAX 7.62158  PROXIES: TOTAL 480 MAXPE 22 MAXPATCH 4 None 1.28497
LDB: TIME 5007.37 LOAD: AVG 7.29614 MAX 7.62158  PROXIES: TOTAL 480 MAXPE 22 MAXPATCH 4 RefineTorusLB 1.28497
LDB: ============== END OF LOAD BALANCING =============== 5007.37

LDB: ============= START OF LOAD BALANCING ============== 5330.89
LDB: ============== END OF LOAD BALANCING =============== 5330.89

LDB: ============= START OF LOAD BALANCING ============== 5339.33
LDB: TIME 5339.37 LOAD: AVG 7.28522 MAX 7.46024  PROXIES: TOTAL 480 MAXPE 22 MAXPATCH 4 None 1.27261
LDB: TIME 5339.39 LOAD: AVG 7.28522 MAX 7.46024  PROXIES: TOTAL 480 MAXPE 22 MAXPATCH 4 RefineTorusLB 1.27261
LDB: ============== END OF LOAD BALANCING =============== 5339.39

WRITING COORDINATES TO DCD FILE AT STEP 65000
WRITING COORDINATES TO RESTART FILE AT STEP 65000
FINISHED WRITING RESTART COORDINATES
PRESSURE: 65000 -13339.6 -117.41 -73.3463 -119.529 -13280.9 -178.259 -114.071 -153.584 -13453.7
GPRESSURE: 65000 107.064 -107.938 -53.1325 -143.08 117.907 -141.642 -88.7252 -151.652 -135.81
PRESSAVG: 65000 -18.3251 5.86889 3.53111 13.7024 23.9489 6.37118 -7.36035 16.2852 1.18493
GPRESSAVG: 65000 -18.2337 5.89071 3.50836 13.7262 23.95 6.35871 -7.46713 16.2052 1.11966
TIMING: 65000  CPU: 4709.82, 0.0727313/step  Wall: 5382.04, 0.0830276/step, 4.2667 hours remaining, 134.261200 MB of memory in use.
ENERGY:   65000      8039.0704     40369.9396     27671.7942       516.3643        -441499.4454     12203.3447       259.7467         0.0000    114747.3794        -237691.8061       309.4599   -352439.1855   -237406.1425       309.8445         -13358.0367        29.7201   1688118.3084         2.2696         2.2787

WRITING EXTENDED SYSTEM TO RESTART FILE AT STEP 65000
WRITING VELOCITIES TO RESTART FILE AT STEP 65000
FINISHED WRITING RESTART VELOCITIES
LDB: ============= START OF LOAD BALANCING ============== 5662.06
LDB: ============== END OF LOAD BALANCING =============== 5662.06

LDB: ============= START OF LOAD BALANCING ============== 5670.57
LDB: TIME 5670.61 LOAD: AVG 7.30936 MAX 7.59554  PROXIES: TOTAL 480 MAXPE 22 MAXPATCH 4 None 1.28781
LDB: TIME 5670.62 LOAD: AVG 7.30936 MAX 7.59554  PROXIES: TOTAL 480 MAXPE 22 MAXPATCH 4 RefineTorusLB 1.28781
LDB: ============== END OF LOAD BALANCING =============== 5670.63

PRESSURE: 70000 -13449.9 -21.3804 -196.979 -80.5047 -13197.2 -68.5777 -112.35 -10.2419 -13400.9
GPRESSURE: 70000 -124.143 -25.9249 -158.068 -104.511 217.848 -53.771 -37.497 -114.277 13.0545
PRESSAVG: 70000 -2.76832 19.4104 -30.0895 1.06055 -1.49557 -12.294 -12.6304 -32.2893 3.10138
GPRESSAVG: 70000 -2.92548 19.3141 -30.1044 1.04083 -1.42633 -12.4094 -12.4973 -32.2634 3.19942
TIMING: 70000  CPU: 5072.94, 0.0726236/step  Wall: 5796.33, 0.0828574/step, 4.14287 hours remaining, 136.175415 MB of memory in use.
ENERGY:   70000      7913.1708     40311.5294     27678.0027       525.2245        -441252.6088     11907.1126       230.9562         0.0000    114815.6768        -237870.9359       309.6441   -352686.6128   -237555.9199       309.6597         -13349.3175        35.5864   1685556.9797        -0.3875        -0.3841

WRITING EXTENDED SYSTEM TO RESTART FILE AT STEP 70000
WRITING COORDINATES TO DCD FILE AT STEP 70000
WRITING COORDINATES TO RESTART FILE AT STEP 70000
FINISHED WRITING RESTART COORDINATES
WRITING VELOCITIES TO RESTART FILE AT STEP 70000
FINISHED WRITING RESTART VELOCITIES
LDB: ============= START OF LOAD BALANCING ============== 5993.91
LDB: ============== END OF LOAD BALANCING =============== 5993.91

LDB: ============= START OF LOAD BALANCING ============== 6002.3
LDB: TIME 6002.33 LOAD: AVG 7.28994 MAX 7.51663  PROXIES: TOTAL 480 MAXPE 22 MAXPATCH 4 None 1.28425
LDB: TIME 6002.35 LOAD: AVG 7.28994 MAX 7.51663  PROXIES: TOTAL 480 MAXPE 22 MAXPATCH 4 RefineTorusLB 1.28425
LDB: ============== END OF LOAD BALANCING =============== 6002.35

WRITING COORDINATES TO DCD FILE AT STEP 75000
WRITING COORDINATES TO RESTART FILE AT STEP 75000
FINISHED WRITING RESTART COORDINATES
PRESSURE: 75000 -13261.5 44.7093 -45.7183 85.0195 -13192.7 18.4545 -89.0557 -5.6173 -13259.7
GPRESSURE: 75000 115.778 103.965 -41.1982 25.2657 290.065 33.8049 -25.9596 -25.6604 38.7303
PRESSAVG: 75000 2.13548 21.4809 4.2239 20.3539 -0.0340347 -3.89818 6.16379 -22.5965 3.46412
GPRESSAVG: 75000 2.24516 21.6158 4.12359 20.3204 -0.21118 -3.94956 6.02462 -22.5362 3.38081
TIMING: 75000  CPU: 5436.51, 0.0727155/step  Wall: 6211.13, 0.0829609/step, 4.03282 hours remaining, 133.621094 MB of memory in use.
ENERGY:   75000      7839.5329     40439.1280     27625.7001       504.3672        -441965.1991     12495.1814       254.9280         0.0000    114662.5302        -238143.8313       309.2310   -352806.3615   -237853.4824       309.8678         -13237.9607       148.1909   1686182.4467         1.8552         1.8049

WRITING EXTENDED SYSTEM TO RESTART FILE AT STEP 75000
WRITING VELOCITIES TO RESTART FILE AT STEP 75000
FINISHED WRITING RESTART VELOCITIES
LDB: ============= START OF LOAD BALANCING ============== 6326.24
LDB: ============== END OF LOAD BALANCING =============== 6326.24

LDB: ============= START OF LOAD BALANCING ============== 6334.68
LDB: TIME 6334.71 LOAD: AVG 7.30881 MAX 7.55893  PROXIES: TOTAL 480 MAXPE 22 MAXPATCH 4 None 1.29087
LDB: TIME 6334.73 LOAD: AVG 7.30881 MAX 7.55893  PROXIES: TOTAL 480 MAXPE 22 MAXPATCH 4 RefineTorusLB 1.29087
LDB: ============== END OF LOAD BALANCING =============== 6334.74

PRESSURE: 80000 -13662.4 -4.83437 -34.2245 2.06712 -13503.5 12.8263 -16.1361 1.15671 -13433.1
GPRESSURE: 80000 -203.946 -35.2618 -27.189 13.6516 -40.0987 63.7583 -10.0498 -19.6338 -126.087
PRESSAVG: 80000 3.10035 15.6202 14.0758 30.2261 1.04364 22.4796 2.08569 -3.02191 -1.11496
GPRESSAVG: 80000 2.96104 15.7292 14.1373 30.1553 1.19127 22.6911 1.95435 -2.99562 -1.25773
TIMING: 80000  CPU: 5799.74, 0.0726452/step  Wall: 6626.71, 0.0831162/step, 3.92493 hours remaining, 134.812317 MB of memory in use.
ENERGY:   80000      8081.5246     40379.7053     27745.5329       529.5686        -441885.2307     12027.5949       247.4357         0.0000    114368.8830        -238504.9857       308.4391   -352873.8687   -238205.9108       310.0947         -13533.0191      -123.3772   1685450.2646         1.0097         0.9649

WRITING EXTENDED SYSTEM TO RESTART FILE AT STEP 80000
WRITING COORDINATES TO DCD FILE AT STEP 80000
WRITING COORDINATES TO RESTART FILE AT STEP 80000
FINISHED WRITING RESTART COORDINATES
WRITING VELOCITIES TO RESTART FILE AT STEP 80000
FINISHED WRITING RESTART VELOCITIES
LDB: ============= START OF LOAD BALANCING ============== 6658.84
LDB: ============== END OF LOAD BALANCING =============== 6658.85

LDB: ============= START OF LOAD BALANCING ============== 6667.3
LDB: TIME 6667.33 LOAD: AVG 7.30771 MAX 7.50906  PROXIES: TOTAL 480 MAXPE 22 MAXPATCH 4 None 1.27777
LDB: TIME 6667.35 LOAD: AVG 7.30771 MAX 7.50906  PROXIES: TOTAL 480 MAXPE 22 MAXPATCH 4 RefineTorusLB 1.27777
LDB: ============== END OF LOAD BALANCING =============== 6667.35

LDB: ============= START OF LOAD BALANCING ============== 6990.05
LDB: ============== END OF LOAD BALANCING =============== 6990.05

LDB: ============= START OF LOAD BALANCING ============== 6998.59
LDB: TIME 6998.64 LOAD: AVG 7.29515 MAX 7.52995  PROXIES: TOTAL 480 MAXPE 22 MAXPATCH 4 None 1.28349
LDB: TIME 6998.66 LOAD: AVG 7.29515 MAX 7.52995  PROXIES: TOTAL 480 MAXPE 22 MAXPATCH 4 RefineTorusLB 1.28349
LDB: ============== END OF LOAD BALANCING =============== 6998.66

PRESSURE: 85000 -13383.8 2.86747 -191.063 23.1074 -13454.1 -165.331 -157.725 -178.529 -13130.1
GPRESSURE: 85000 175.571 77.0455 -195.731 13.6808 27.5687 -170.559 -180.131 -118.303 4.42312
PRESSAVG: 85000 -18.0323 27.8687 -7.92394 18.395 17.1639 3.95246 -8.71339 4.30009 -3.7358
GPRESSAVG: 85000 -18.0514 27.7825 -7.8528 18.5189 17.0996 3.82818 -8.8018 4.29557 -3.68174
TIMING: 85000  CPU: 6163.5, 0.0727509/step  Wall: 7041.65, 0.0829874/step, 3.80359 hours remaining, 135.865784 MB of memory in use.
ENERGY:   85000      7985.1309     40407.3963     27584.3888       499.7260        -441720.8527     12007.4482       248.7931         0.0000    114576.4034        -238411.5659       308.9988   -352987.9693   -238133.4359       309.7148         -13322.6364        69.1877   1687584.4214        -1.5348        -1.5445

WRITING EXTENDED SYSTEM TO RESTART FILE AT STEP 85000
WRITING COORDINATES TO DCD FILE AT STEP 85000
WRITING COORDINATES TO RESTART FILE AT STEP 85000
FINISHED WRITING RESTART COORDINATES
WRITING VELOCITIES TO RESTART FILE AT STEP 85000
FINISHED WRITING RESTART VELOCITIES
LDB: ============= START OF LOAD BALANCING ============== 7322.22
LDB: ============== END OF LOAD BALANCING =============== 7322.22

LDB: ============= START OF LOAD BALANCING ============== 7330.76
LDB: TIME 7330.76 LOAD: AVG 7.31213 MAX 7.52673  PROXIES: TOTAL 480 MAXPE 22 MAXPATCH 4 None 1.28259
LDB: TIME 7330.77 LOAD: AVG 7.31213 MAX 7.52673  PROXIES: TOTAL 480 MAXPE 22 MAXPATCH 4 RefineTorusLB 1.28259
LDB: ============== END OF LOAD BALANCING =============== 7330.77

WRITING COORDINATES TO DCD FILE AT STEP 90000
WRITING COORDINATES TO RESTART FILE AT STEP 90000
FINISHED WRITING RESTART COORDINATES
PRESSURE: 90000 -13281.7 84.083 60.4116 107.123 -13596.1 -7.55804 51.587 -17.3396 -13408.4
GPRESSURE: 90000 170.019 -17.9256 -8.68753 100.836 -117.303 51.3989 -102.01 -39.1751 -77.0733
PRESSAVG: 90000 4.82048 4.84324 3.7846 0.286695 -5.22077 -15.4123 10.9582 -29.2981 -1.17482
GPRESSAVG: 90000 4.73762 4.73468 3.87939 0.277707 -5.30419 -15.5358 10.9468 -29.264 -1.1014
TIMING: 90000  CPU: 6526.84, 0.07267/step  Wall: 7456.37, 0.0829441/step, 3.68641 hours remaining, 133.551819 MB of memory in use.
ENERGY:   90000      8194.7035     40362.8163     27631.1031       487.7285        -442373.1526     12378.4484       245.7539         0.0000    114692.4425        -238380.1564       309.3117   -353072.5989   -238076.8763       309.7089         -13428.7510        -8.1192   1685138.8550        -0.5250        -0.5560

WRITING EXTENDED SYSTEM TO RESTART FILE AT STEP 90000
WRITING VELOCITIES TO RESTART FILE AT STEP 90000
FINISHED WRITING RESTART VELOCITIES
LDB: ============= START OF LOAD BALANCING ============== 7653.74
LDB: ============== END OF LOAD BALANCING =============== 7653.74

LDB: ============= START OF LOAD BALANCING ============== 7662.16
LDB: TIME 7662.17 LOAD: AVG 7.29857 MAX 7.54201  PROXIES: TOTAL 480 MAXPE 22 MAXPATCH 4 None 1.27762
LDB: TIME 7662.18 LOAD: AVG 7.29857 MAX 7.54201  PROXIES: TOTAL 480 MAXPE 22 MAXPATCH 4 RefineTorusLB 1.27762
LDB: ============== END OF LOAD BALANCING =============== 7662.18

PRESSURE: 95000 -13505.2 126.654 171.93 74.1328 -13431.6 106.625 132.686 42.1645 -13543.7
GPRESSURE: 95000 -175.133 77.1542 236.772 26.0168 -20.2316 168.813 62.9091 28.9601 -192.895
PRESSAVG: 95000 6.96166 18.1214 18.4678 26.5227 -0.851451 8.13211 -4.68433 6.2253 0.422351
GPRESSAVG: 95000 6.8748 17.9757 18.6631 26.3354 -0.888743 7.98113 -4.69627 6.10117 0.404249
TIMING: 95000  CPU: 6890.34, 0.0726985/step  Wall: 7870.62, 0.0828508/step, 3.56719 hours remaining, 134.082458 MB of memory in use.
ENERGY:   95000      7989.7733     40345.6664     27549.2976       505.6528        -441821.0519     12005.6509       239.2738         0.0000    114314.5584        -238871.1787       308.2926   -353185.7371   -238587.0040       309.7423         -13493.5188      -129.4197   1688813.9167         2.1775         2.1301

WRITING EXTENDED SYSTEM TO RESTART FILE AT STEP 95000
WRITING COORDINATES TO DCD FILE AT STEP 95000
WRITING COORDINATES TO RESTART FILE AT STEP 95000
FINISHED WRITING RESTART COORDINATES
WRITING VELOCITIES TO RESTART FILE AT STEP 95000
FINISHED WRITING RESTART VELOCITIES
LDB: ============= START OF LOAD BALANCING ============== 7985.36
LDB: ============== END OF LOAD BALANCING =============== 7985.36

LDB: ============= START OF LOAD BALANCING ============== 7993.75
LDB: TIME 7993.79 LOAD: AVG 7.31573 MAX 7.50722  PROXIES: TOTAL 480 MAXPE 22 MAXPATCH 4 None 1.29621
LDB: TIME 7993.81 LOAD: AVG 7.31573 MAX 7.50722  PROXIES: TOTAL 480 MAXPE 22 MAXPATCH 4 RefineTorusLB 1.29621
LDB: ============== END OF LOAD BALANCING =============== 7993.82

PRESSURE: 100000 -13542 128.334 -18.9909 146.847 -13620.4 -59.929 -52.3491 -103.252 -13460.1
GPRESSURE: 100000 -139.988 167.458 -14.153 134.102 -106.364 -87.8423 17.7495 -35.5695 -91.0375
PRESSAVG: 100000 4.33877 7.71188 11.9425 17.6357 -17.3928 10.3511 -3.27233 -24.8308 3.45709
GPRESSAVG: 100000 4.33899 7.76291 11.7932 17.7128 -17.3435 10.4397 -3.29629 -24.9821 3.36832
TIMING: 100000  CPU: 7253.06, 0.0725442/step  Wall: 8285.5, 0.082975/step, 3.45729 hours remaining, 135.295807 MB of memory in use.
ETITLE:      TS           BOND          ANGLE          DIHED          IMPRP               ELECT            VDW       BOUNDARY           MISC        KINETIC               TOTAL           TEMP      POTENTIAL         TOTAL3        TEMPAVG            PRESSURE      GPRESSURE         VOLUME       PRESSAVG      GPRESSAVG

ENERGY:  100000      8005.4494     40357.8831     27580.5593       486.5740        -442357.9099     12084.3798       244.9770         0.0000    114421.0557        -239177.0316       308.5798   -353598.0873   -238895.3228       309.7003         -13540.8587      -112.4629   1684261.7539        -3.1990        -3.2121

WRITING EXTENDED SYSTEM TO RESTART FILE AT STEP 100000
WRITING COORDINATES TO DCD FILE AT STEP 100000
WRITING COORDINATES TO RESTART FILE AT STEP 100000
FINISHED WRITING RESTART COORDINATES
WRITING VELOCITIES TO RESTART FILE AT STEP 100000
FINISHED WRITING RESTART VELOCITIES
LDB: ============= START OF LOAD BALANCING ============== 8317.55
LDB: ============== END OF LOAD BALANCING =============== 8317.55

LDB: ============= START OF LOAD BALANCING ============== 8325.93
LDB: TIME 8325.96 LOAD: AVG 7.30094 MAX 7.49353  PROXIES: TOTAL 480 MAXPE 22 MAXPATCH 4 None 1.28974
LDB: TIME 8325.98 LOAD: AVG 7.30094 MAX 7.49353  PROXIES: TOTAL 480 MAXPE 22 MAXPATCH 4 RefineTorusLB 1.28974
LDB: ============== END OF LOAD BALANCING =============== 8325.98

LDB: ============= START OF LOAD BALANCING ============== 8648.56
LDB: ============== END OF LOAD BALANCING =============== 8648.56

LDB: ============= START OF LOAD BALANCING ============== 8656.95
LDB: TIME 8656.98 LOAD: AVG 7.27627 MAX 7.45312  PROXIES: TOTAL 480 MAXPE 22 MAXPATCH 4 None 1.2776
LDB: TIME 8657 LOAD: AVG 7.27627 MAX 7.45312  PROXIES: TOTAL 480 MAXPE 22 MAXPATCH 4 RefineTorusLB 1.2776
LDB: ============== END OF LOAD BALANCING =============== 8657

WRITING COORDINATES TO DCD FILE AT STEP 105000
WRITING COORDINATES TO RESTART FILE AT STEP 105000
FINISHED WRITING RESTART COORDINATES
PRESSURE: 105000 -13398.2 27.1518 -72.2491 55.7124 -13073.9 -14.4439 -92.0486 -44.8907 -13342.2
GPRESSURE: 105000 81.3853 6.36971 -79.7418 5.2248 209.563 -7.84505 -73.1063 38.1785 53.7255
PRESSAVG: 105000 -8.92128 4.11558 22.7929 17.368 6.31048 -4.48137 -6.71998 -15.2618 -0.0415541
GPRESSAVG: 105000 -9.03636 4.25932 22.6815 17.2455 6.32931 -4.5395 -6.58633 -14.9663 0.0125247
TIMING: 105000  CPU: 7616.06, 0.0726006/step  Wall: 8699.64, 0.0828275/step, 3.33611 hours remaining, 133.692017 MB of memory in use.
ENERGY:  105000      7891.8523     40544.8717     27638.9154       496.1191        -442148.7171     12434.4237       250.6240         0.0000    114512.0698        -238379.8412       308.8253   -352891.9109   -238085.1302       309.7449         -13271.4462       114.8914   1688698.5896        -0.8841        -0.8982

WRITING EXTENDED SYSTEM TO RESTART FILE AT STEP 105000
WRITING VELOCITIES TO RESTART FILE AT STEP 105000
FINISHED WRITING RESTART VELOCITIES
LDB: ============= START OF LOAD BALANCING ============== 8979.54
LDB: ============== END OF LOAD BALANCING =============== 8979.54

LDB: ============= START OF LOAD BALANCING ============== 8987.95
LDB: TIME 8987.98 LOAD: AVG 7.29385 MAX 7.47229  PROXIES: TOTAL 480 MAXPE 22 MAXPATCH 4 None 1.27531
LDB: TIME 8988 LOAD: AVG 7.29385 MAX 7.47229  PROXIES: TOTAL 480 MAXPE 22 MAXPATCH 4 RefineTorusLB 1.27531
LDB: ============== END OF LOAD BALANCING =============== 8988

PRESSURE: 110000 -13549.7 128.757 -157.8 57.4494 -13423.4 118.713 -109.231 64.9499 -13175.8
GPRESSURE: 110000 -203.657 125.531 -90.4432 -28.8898 99.8787 110.772 -79.8872 25.5506 208.434
PRESSAVG: 110000 18.3624 42.5181 15.9418 22.6661 -12.8764 -2.68219 14.4624 -36.3029 -1.72159
GPRESSAVG: 110000 18.2099 42.5454 15.9834 22.639 -12.8951 -2.58459 14.5442 -36.5654 -1.85179
TIMING: 110000  CPU: 7979.07, 0.0726024/step  Wall: 9113.34, 0.0827405/step, 3.21768 hours remaining, 134.392395 MB of memory in use.
ENERGY:  110000      8063.6430     40197.6720     27678.0135       498.6660        -441892.5639     12034.0299       222.2172         0.0000    114317.5186        -238880.8036       308.3006   -353198.3222   -238570.2487       309.8026         -13382.9727        34.8852   1684157.0126         1.2548         1.1543

WRITING EXTENDED SYSTEM TO RESTART FILE AT STEP 110000
WRITING COORDINATES TO DCD FILE AT STEP 110000
WRITING COORDINATES TO RESTART FILE AT STEP 110000
FINISHED WRITING RESTART COORDINATES
WRITING VELOCITIES TO RESTART FILE AT STEP 110000
FINISHED WRITING RESTART VELOCITIES
LDB: ============= START OF LOAD BALANCING ============== 9310.71
LDB: ============== END OF LOAD BALANCING =============== 9310.71

LDB: ============= START OF LOAD BALANCING ============== 9319.17
LDB: TIME 9319.21 LOAD: AVG 7.29424 MAX 7.48851  PROXIES: TOTAL 480 MAXPE 22 MAXPATCH 4 None 1.27372
LDB: TIME 9319.22 LOAD: AVG 7.29424 MAX 7.48851  PROXIES: TOTAL 480 MAXPE 22 MAXPATCH 4 RefineTorusLB 1.27372
LDB: ============== END OF LOAD BALANCING =============== 9319.23

PRESSURE: 115000 -13315.5 77.98 89.0175 11.1139 -13678.9 -48.1581 59.6048 -16.941 -13410.2
GPRESSURE: 115000 85.9255 -22.3835 67.9219 -122.671 -218.232 -16.4708 85.6001 -52.1832 -56.2994
PRESSAVG: 115000 3.58106 24.925 10.9587 17.0136 18.4603 -17.6088 -3.51438 -10.3711 -2.00099
GPRESSAVG: 115000 3.65465 24.8281 10.976 17.0135 18.49 -17.5676 -3.5391 -10.585 -1.94138
TIMING: 115000  CPU: 8341.55, 0.0724952/step  Wall: 9526.34, 0.0826006/step, 3.09752 hours remaining, 134.286285 MB of memory in use.
ENERGY:  115000      7985.7703     40461.1675     27667.4548       518.9508        -442248.5866     12427.8901       242.5486         0.0000    114821.2343        -238123.5703       309.6590   -352944.8046   -237827.1758       309.8717         -13468.2071       -62.8687   1687575.7373         6.6801         6.7344

WRITING EXTENDED SYSTEM TO RESTART FILE AT STEP 115000
WRITING COORDINATES TO DCD FILE AT STEP 115000
WRITING COORDINATES TO RESTART FILE AT STEP 115000
FINISHED WRITING RESTART COORDINATES
WRITING VELOCITIES TO RESTART FILE AT STEP 115000
FINISHED WRITING RESTART VELOCITIES
LDB: ============= START OF LOAD BALANCING ============== 9641
LDB: ============== END OF LOAD BALANCING =============== 9641

LDB: ============= START OF LOAD BALANCING ============== 9649.46
LDB: TIME 9649.49 LOAD: AVG 7.30395 MAX 7.44036  PROXIES: TOTAL 480 MAXPE 22 MAXPATCH 4 None 1.29527
LDB: TIME 9649.51 LOAD: AVG 7.30395 MAX 7.44036  PROXIES: TOTAL 480 MAXPE 22 MAXPATCH 4 RefineTorusLB 1.29527
LDB: ============== END OF LOAD BALANCING =============== 9649.51

PRESSURE: 120000 -13252.1 -32.7195 55.8178 -81.0672 -13484.6 55.2158 77.3836 71.908 -13525.4
GPRESSURE: 120000 104.462 -24.2073 91.5093 -12.3817 54.2645 20.5898 66.2027 46.235 -192.192
PRESSAVG: 120000 7.90213 18.6173 5.60446 11.7092 -14.329 -8.51968 3.6561 -8.51166 1.29246
GPRESSAVG: 120000 7.88285 18.7359 5.525 11.7865 -14.2913 -8.82724 3.53991 -8.43346 1.27314
TIMING: 120000  CPU: 8704.29, 0.0725484/step  Wall: 9941.66, 0.0830637/step, 2.99952 hours remaining, 135.756561 MB of memory in use.
ENERGY:  120000      8011.4566     40504.6634     27724.6392       484.3195        -442351.8865     12193.8768       231.5579         0.0000    114509.7621        -238691.6108       308.8190   -353201.3729   -238411.6283       309.7471         -13420.7343       -11.1552   1685426.1333        -1.7115        -1.7118

WRITING EXTENDED SYSTEM TO RESTART FILE AT STEP 120000
WRITING COORDINATES TO DCD FILE AT STEP 120000
WRITING COORDINATES TO RESTART FILE AT STEP 120000
FINISHED WRITING RESTART COORDINATES
WRITING VELOCITIES TO RESTART FILE AT STEP 120000
FINISHED WRITING RESTART VELOCITIES
LDB: ============= START OF LOAD BALANCING ============== 9973.66
LDB: ============== END OF LOAD BALANCING =============== 9973.66

LDB: ============= START OF LOAD BALANCING ============== 9982.08
LDB: TIME 9982.11 LOAD: AVG 7.29301 MAX 7.51404  PROXIES: TOTAL 480 MAXPE 22 MAXPATCH 4 None 1.28025
LDB: TIME 9982.13 LOAD: AVG 7.29301 MAX 7.51404  PROXIES: TOTAL 480 MAXPE 22 MAXPATCH 4 RefineTorusLB 1.28025
LDB: ============== END OF LOAD BALANCING =============== 9982.13

LDB: ============= START OF LOAD BALANCING ============== 10305
LDB: ============== END OF LOAD BALANCING =============== 10305

LDB: ============= START OF LOAD BALANCING ============== 10313.5
LDB: TIME 10313.5 LOAD: AVG 7.28534 MAX 7.47995  PROXIES: TOTAL 480 MAXPE 22 MAXPATCH 4 None 1.28162
LDB: TIME 10313.5 LOAD: AVG 7.28534 MAX 7.47995  PROXIES: TOTAL 480 MAXPE 22 MAXPATCH 4 RefineTorusLB 1.28162
LDB: ============== END OF LOAD BALANCING =============== 10313.5

WRITING COORDINATES TO DCD FILE AT STEP 125000
WRITING COORDINATES TO RESTART FILE AT STEP 125000
FINISHED WRITING RESTART COORDINATES
WRITING VELOCITIES TO RESTART FILE AT STEP 125000
FINISHED WRITING RESTART VELOCITIES
PRESSURE: 125000 -13363.6 184.643 -32.9117 219.969 -13562.2 44.0278 16.4151 37.0146 -13281.4
GPRESSURE: 125000 129.377 217.498 -76.3541 203.826 -152.167 -10.6993 -16.548 -45.1996 2.16715
PRESSAVG: 125000 23.5158 15.0293 19.1671 7.03889 -18.4901 6.38801 13.8834 11.1821 5.07137
GPRESSAVG: 125000 23.5122 14.8807 19.1548 7.17318 -18.378 6.44447 13.7637 10.96 4.99109
TIMING: 125000  CPU: 9066.27, 0.072395/step  Wall: 10356.1, 0.082887/step, 2.87802 hours remaining, 133.457428 MB of memory in use.
ENERGY:  125000      7984.8012     40025.9384     27718.7222       508.2668        -442159.0301     12474.4647       237.3436         0.0000    115068.9826        -238140.5107       310.3272   -353209.4933   -237846.3355       309.8547         -13402.3903        -6.8745   1688368.2214         3.3657         3.3751

WRITING EXTENDED SYSTEM TO RESTART FILE AT STEP 125000
LDB: ============= START OF LOAD BALANCING ============== 10636
LDB: ============== END OF LOAD BALANCING =============== 10636

LDB: ============= START OF LOAD BALANCING ============== 10644.5
LDB: TIME 10644.6 LOAD: AVG 7.32291 MAX 7.55871  PROXIES: TOTAL 480 MAXPE 22 MAXPATCH 4 None 1.29032
LDB: TIME 10644.6 LOAD: AVG 7.32291 MAX 7.55871  PROXIES: TOTAL 480 MAXPE 22 MAXPATCH 4 RefineTorusLB 1.29032
LDB: ============== END OF LOAD BALANCING =============== 10644.6

PRESSURE: 130000 -13423.9 42.976 156.113 24.1309 -13257.4 -133.402 145.733 -104.615 -13535.7
GPRESSURE: 130000 30.6714 -33.2464 183.09 40.7389 140.331 -261.065 48.0345 -232.652 -180.176
PRESSAVG: 130000 6.60218 14.7659 8.47325 15.9845 -2.95696 -4.70919 -3.70182 25.2545 5.5959
GPRESSAVG: 130000 6.53654 14.6956 8.42642 15.7911 -2.75459 -4.58654 -3.64066 25.3309 5.58853
TIMING: 130000  CPU: 9428.74, 0.072495/step  Wall: 10769.8, 0.0827333/step, 2.75778 hours remaining, 135.231567 MB of memory in use.
ENERGY:  130000      7925.4615     40385.9473     27638.3403       517.0483        -442269.1039     12385.7491       234.7420         0.0000    114460.5639        -238721.2514       308.6864   -353181.8153   -238425.0609       309.6258         -13405.6684        -3.0580   1687606.3414         3.0804         3.1235

WRITING EXTENDED SYSTEM TO RESTART FILE AT STEP 130000
WRITING COORDINATES TO DCD FILE AT STEP 130000
WRITING COORDINATES TO RESTART FILE AT STEP 130000
FINISHED WRITING RESTART COORDINATES
WRITING VELOCITIES TO RESTART FILE AT STEP 130000
FINISHED WRITING RESTART VELOCITIES
LDB: ============= START OF LOAD BALANCING ============== 10967.6
LDB: ============== END OF LOAD BALANCING =============== 10967.6

LDB: ============= START OF LOAD BALANCING ============== 10976.1
LDB: TIME 10976.1 LOAD: AVG 7.30275 MAX 7.47016  PROXIES: TOTAL 480 MAXPE 22 MAXPATCH 4 None 1.27497
LDB: TIME 10976.1 LOAD: AVG 7.30275 MAX 7.47016  PROXIES: TOTAL 480 MAXPE 22 MAXPATCH 4 RefineTorusLB 1.27497
LDB: ============== END OF LOAD BALANCING =============== 10976.1

PRESSURE: 135000 -13593.5 10.2064 -141.323 -17.0363 -13677.2 40.1725 -105.049 -69.3876 -13214.9
GPRESSURE: 135000 -137.286 -30.3175 -145.758 -26.5758 -170.144 70.7577 -119.47 -37.5296 148.71
PRESSAVG: 135000 26.1558 20.0641 -26.2859 18.4429 -24.1395 12.5876 -23.1235 5.0363 1.83206
GPRESSAVG: 135000 26.2433 20.4117 -26.2586 18.3959 -24.2388 12.7506 -23.0945 5.24324 1.79102
TIMING: 135000  CPU: 9791.47, 0.0725456/step  Wall: 11185.8, 0.0832085/step, 2.65805 hours remaining, 133.737732 MB of memory in use.
ENERGY:  135000      7991.3693     40244.4206     27595.8312       519.0834        -442956.5215     12610.0989       252.0268         0.0000    114786.1350        -238957.5563       309.5644   -353743.6914   -238674.1868       309.8295         -13495.2237       -52.9066   1686856.8391         1.2828         1.2652

WRITING EXTENDED SYSTEM TO RESTART FILE AT STEP 135000
WRITING COORDINATES TO DCD FILE AT STEP 135000
WRITING COORDINATES TO RESTART FILE AT STEP 135000
FINISHED WRITING RESTART COORDINATES
WRITING VELOCITIES TO RESTART FILE AT STEP 135000
FINISHED WRITING RESTART VELOCITIES
LDB: ============= START OF LOAD BALANCING ============== 11300.4
LDB: ============== END OF LOAD BALANCING =============== 11300.4

LDB: ============= START OF LOAD BALANCING ============== 11308.7
LDB: TIME 11308.8 LOAD: AVG 7.29518 MAX 7.48424  PROXIES: TOTAL 480 MAXPE 22 MAXPATCH 4 None 1.28364
LDB: TIME 11308.8 LOAD: AVG 7.29518 MAX 7.48424  PROXIES: TOTAL 480 MAXPE 22 MAXPATCH 4 RefineTorusLB 1.28364
LDB: ============== END OF LOAD BALANCING =============== 11308.8

WRITING COORDINATES TO DCD FILE AT STEP 140000
WRITING COORDINATES TO RESTART FILE AT STEP 140000
FINISHED WRITING RESTART COORDINATES
PRESSURE: 140000 -13205.7 1.41717 115.355 23.7499 -13409.2 146.992 108.323 177.206 -13271.5
GPRESSURE: 140000 259.942 -12.28 179.684 -22.888 48.889 158.763 136.328 55.1396 17.7918
PRESSAVG: 140000 23.9822 16.4318 6.64292 2.74544 -18.1534 22.2743 -11.92 7.98036 -5.2173
GPRESSAVG: 140000 24.0768 16.315 6.60986 2.67416 -18.338 22.297 -11.8315 7.99467 -5.28027
TIMING: 140000  CPU: 10155, 0.0727003/step  Wall: 11599.8, 0.0827912/step, 2.52973 hours remaining, 134.904236 MB of memory in use.
ENERGY:  140000      8034.9688     40321.3842     27590.0743       511.5478        -441440.2667     11901.7358       245.8113         0.0000    114794.8396        -238039.9048       309.5879   -352834.7444   -237768.1041       310.1361         -13295.4761       108.8743   1686433.5584         0.2039         0.1528

WRITING EXTENDED SYSTEM TO RESTART FILE AT STEP 140000
WRITING VELOCITIES TO RESTART FILE AT STEP 140000
FINISHED WRITING RESTART VELOCITIES
LDB: ============= START OF LOAD BALANCING ============== 11631.5
LDB: ============== END OF LOAD BALANCING =============== 11631.5

LDB: ============= START OF LOAD BALANCING ============== 11640
LDB: TIME 11640 LOAD: AVG 7.2958 MAX 7.48728  PROXIES: TOTAL 480 MAXPE 22 MAXPATCH 4 None 1.27974
LDB: TIME 11640.1 LOAD: AVG 7.2958 MAX 7.48728  PROXIES: TOTAL 480 MAXPE 22 MAXPATCH 4 RefineTorusLB 1.27974
LDB: ============== END OF LOAD BALANCING =============== 11640.1

LDB: ============= START OF LOAD BALANCING ============== 11962.5
LDB: ============== END OF LOAD BALANCING =============== 11962.5

LDB: ============= START OF LOAD BALANCING ============== 11971
LDB: TIME 11971.1 LOAD: AVG 7.3188 MAX 7.59563  PROXIES: TOTAL 480 MAXPE 22 MAXPATCH 4 None 1.28936
LDB: TIME 11971.1 LOAD: AVG 7.3188 MAX 7.59563  PROXIES: TOTAL 480 MAXPE 22 MAXPATCH 4 RefineTorusLB 1.28936
LDB: ============== END OF LOAD BALANCING =============== 11971.1

PRESSURE: 145000 -13329 -33.844 20.8833 -14.5261 -13510.7 30.0653 33.5717 -9.80696 -13330.1
GPRESSURE: 145000 71.247 -23.0293 -24.1472 -21.4895 -19.0879 12.8812 99.3112 -55.8327 -39.6043
PRESSAVG: 145000 23.2585 18.6846 -0.808767 13.7606 -14.4124 -18.5902 -0.856364 -16.2071 1.19171
GPRESSAVG: 145000 23.22 18.6479 -0.804919 13.7621 -14.478 -18.6747 -0.837093 -15.9757 1.18162
TIMING: 145000  CPU: 10519.8, 0.0729597/step  Wall: 12013.9, 0.0828298/step, 2.41587 hours remaining, 134.756683 MB of memory in use.
ENERGY:  145000      7974.3882     40386.8694     27555.8084       495.6096        -441467.2633     11954.2613       246.5142         0.0000    114805.5443        -238048.2680       309.6167   -352853.8122   -237746.4640       309.7344         -13389.9597         4.1849   1686361.6746         3.3459         3.3079

WRITING EXTENDED SYSTEM TO RESTART FILE AT STEP 145000
WRITING COORDINATES TO DCD FILE AT STEP 145000
WRITING COORDINATES TO RESTART FILE AT STEP 145000
FINISHED WRITING RESTART COORDINATES
WRITING VELOCITIES TO RESTART FILE AT STEP 145000
FINISHED WRITING RESTART VELOCITIES
LDB: ============= START OF LOAD BALANCING ============== 12294.2
LDB: ============== END OF LOAD BALANCING =============== 12294.2

LDB: ============= START OF LOAD BALANCING ============== 12302.6
LDB: TIME 12302.6 LOAD: AVG 7.29367 MAX 7.48104  PROXIES: TOTAL 480 MAXPE 22 MAXPATCH 4 None 1.2779
LDB: TIME 12302.7 LOAD: AVG 7.29367 MAX 7.48104  PROXIES: TOTAL 480 MAXPE 22 MAXPATCH 4 RefineTorusLB 1.2779
LDB: ============== END OF LOAD BALANCING =============== 12302.7

PRESSURE: 150000 -13540.8 -106.045 -102.637 -95.3494 -13524.5 98.3158 -145.411 69.2635 -13300.6
GPRESSURE: 150000 -73.5103 -104.049 -174.462 -37.098 -75.6041 25.942 -165.63 35.5239 90.7113
PRESSAVG: 150000 8.70117 7.69728 0.975533 15.3026 2.19616 -1.99982 14.5416 4.87805 0.357838
GPRESSAVG: 150000 8.63849 7.72691 1.25052 15.2519 2.28809 -1.84236 14.3778 4.67878 0.394833
TIMING: 150000  CPU: 10882.2, 0.0724862/step  Wall: 12428.3, 0.0828683/step, 2.3019 hours remaining, 135.026031 MB of memory in use.
ETITLE:      TS           BOND          ANGLE          DIHED          IMPRP               ELECT            VDW       BOUNDARY           MISC        KINETIC               TOTAL           TEMP      POTENTIAL         TOTAL3        TEMPAVG            PRESSURE      GPRESSURE         VOLUME       PRESSAVG      GPRESSAVG

ENERGY:  150000      8093.7097     40239.2131     27611.3273       519.9885        -442186.5197     12379.5003       246.1096         0.0000    114454.3228        -238642.3485       308.6695   -353096.6713   -238366.6889       310.0859         -13455.2826       -19.4677   1682497.8146         3.7517         3.7738

WRITING EXTENDED SYSTEM TO RESTART FILE AT STEP 150000
WRITING COORDINATES TO DCD FILE AT STEP 150000
WRITING COORDINATES TO RESTART FILE AT STEP 150000
FINISHED WRITING RESTART COORDINATES
WRITING VELOCITIES TO RESTART FILE AT STEP 150000
FINISHED WRITING RESTART VELOCITIES
LDB: ============= START OF LOAD BALANCING ============== 12625.6
LDB: ============== END OF LOAD BALANCING =============== 12625.6

LDB: ============= START OF LOAD BALANCING ============== 12634.3
LDB: TIME 12634.3 LOAD: AVG 7.31891 MAX 7.47263  PROXIES: TOTAL 480 MAXPE 22 MAXPATCH 4 None 1.28712
LDB: TIME 12634.3 LOAD: AVG 7.31891 MAX 7.47263  PROXIES: TOTAL 480 MAXPE 22 MAXPATCH 4 RefineTorusLB 1.28712
LDB: ============== END OF LOAD BALANCING =============== 12634.3

WRITING COORDINATES TO DCD FILE AT STEP 155000
WRITING COORDINATES TO RESTART FILE AT STEP 155000
FINISHED WRITING RESTART COORDINATES
PRESSURE: 155000 -13487.6 -142.872 214.334 -164.551 -13578.2 118.543 192.42 110.88 -13446.1
GPRESSURE: 155000 -82.9666 -186.268 58.9855 -142.519 -110.923 160.702 58.7994 35.1596 -77.8746
PRESSAVG: 155000 7.75285 -10.7619 -11.3604 -0.709143 -12.5433 -14.2768 -7.57913 -25.4768 1.29858
GPRESSAVG: 155000 7.87011 -10.9016 -11.4368 -0.786438 -12.531 -14.2812 -7.51158 -25.518 1.27234
TIMING: 155000  CPU: 11245.9, 0.0727343/step  Wall: 12842.2, 0.0827847/step, 2.1846 hours remaining, 134.351746 MB of memory in use.
ENERGY:  155000      8106.7738     40506.1292     27553.7119       507.4335        -442041.1993     12347.9088       260.2823         0.0000    114259.8656        -238499.0943       308.1451   -352758.9599   -238206.1869       309.8135         -13503.9722       -90.5879   1684188.0064        -1.1640        -1.1295

WRITING EXTENDED SYSTEM TO RESTART FILE AT STEP 155000
WRITING VELOCITIES TO RESTART FILE AT STEP 155000
FINISHED WRITING RESTART VELOCITIES
LDB: ============= START OF LOAD BALANCING ============== 12957.2
LDB: ============== END OF LOAD BALANCING =============== 12957.2

LDB: ============= START OF LOAD BALANCING ============== 12965.8
LDB: TIME 12965.8 LOAD: AVG 7.31933 MAX 7.5428  PROXIES: TOTAL 480 MAXPE 22 MAXPATCH 4 None 1.28386
LDB: TIME 12965.8 LOAD: AVG 7.31933 MAX 7.5428  PROXIES: TOTAL 480 MAXPE 22 MAXPATCH 4 RefineTorusLB 1.28386
LDB: ============== END OF LOAD BALANCING =============== 12965.8

PRESSURE: 160000 -13461.8 76.8914 142.082 65.0349 -13455.4 -44.079 158.48 -59.7086 -13442.5
GPRESSURE: 160000 -47.9493 145.637 109.591 80.326 5.78103 -6.29835 139.549 -10.3142 -14.1346
PRESSAVG: 160000 17.5093 9.1879 16.3646 14.6213 -20.5326 -0.438812 10.3518 -2.69425 6.85956
GPRESSAVG: 160000 17.3571 9.41088 16.5387 14.4738 -20.5657 -0.377664 10.3934 -2.93458 6.95988
TIMING: 160000  CPU: 11609.3, 0.072678/step  Wall: 13257.8, 0.083122/step, 2.07805 hours remaining, 135.016174 MB of memory in use.
ENERGY:  160000      8007.9956     40133.1618     27568.1285       510.1059        -442721.8566     12333.2948       247.1408         0.0000    114605.4983        -239316.5309       309.0772   -353922.0292   -239032.4846       309.8838         -13453.2328       -18.7676   1686716.8462         1.2788         1.2504

WRITING EXTENDED SYSTEM TO RESTART FILE AT STEP 160000
WRITING COORDINATES TO DCD FILE AT STEP 160000
WRITING COORDINATES TO RESTART FILE AT STEP 160000
FINISHED WRITING RESTART COORDINATES
WRITING VELOCITIES TO RESTART FILE AT STEP 160000
FINISHED WRITING RESTART VELOCITIES
LDB: ============= START OF LOAD BALANCING ============== 13289.8
LDB: ============== END OF LOAD BALANCING =============== 13289.8

LDB: ============= START OF LOAD BALANCING ============== 13298.3
LDB: TIME 13298.3 LOAD: AVG 7.32715 MAX 7.45062  PROXIES: TOTAL 480 MAXPE 22 MAXPATCH 4 None 1.2951
LDB: TIME 13298.3 LOAD: AVG 7.32715 MAX 7.45062  PROXIES: TOTAL 480 MAXPE 22 MAXPATCH 4 RefineTorusLB 1.2951
LDB: ============== END OF LOAD BALANCING =============== 13298.3

LDB: ============= START OF LOAD BALANCING ============== 13622.4
LDB: ============== END OF LOAD BALANCING =============== 13622.4

LDB: ============= START OF LOAD BALANCING ============== 13630.9
LDB: TIME 13631 LOAD: AVG 7.3151 MAX 7.54731  PROXIES: TOTAL 480 MAXPE 22 MAXPATCH 4 None 1.28535
LDB: TIME 13631 LOAD: AVG 7.3151 MAX 7.54731  PROXIES: TOTAL 480 MAXPE 22 MAXPATCH 4 RefineTorusLB 1.28535
LDB: ============== END OF LOAD BALANCING =============== 13631

PRESSURE: 165000 -13558.9 90.7102 137.302 120.276 -13465.1 -10.61 67.1829 32.8732 -13560.6
GPRESSURE: 165000 -64.8864 19.1034 50.2111 148.831 -47.4054 -61.7597 68.1759 -34.4721 -225.536
PRESSAVG: 165000 -11.3269 21.1121 -9.28093 19.3789 15.7562 10.7648 6.38944 24.9432 -3.06778
GPRESSAVG: 165000 -11.2424 21.106 -9.44505 19.4325 15.7873 10.7309 6.29459 24.9653 -3.11957
TIMING: 165000  CPU: 11973.5, 0.0728495/step  Wall: 13674.1, 0.0832679/step, 1.96605 hours remaining, 136.256195 MB of memory in use.
ENERGY:  165000      7917.6940     40276.5226     27587.3132       495.8925        -441986.0304     12199.8560       249.7953         0.0000    114458.2051        -238800.7517       308.6800   -353258.9568   -238508.1274       309.5412         -13528.2043      -112.6092   1684945.1014         0.4538         0.4751

WRITING EXTENDED SYSTEM TO RESTART FILE AT STEP 165000
WRITING COORDINATES TO DCD FILE AT STEP 165000
WRITING COORDINATES TO RESTART FILE AT STEP 165000
FINISHED WRITING RESTART COORDINATES
WRITING VELOCITIES TO RESTART FILE AT STEP 165000
FINISHED WRITING RESTART VELOCITIES
LDB: ============= START OF LOAD BALANCING ============== 13954.9
LDB: ============== END OF LOAD BALANCING =============== 13954.9

LDB: ============= START OF LOAD BALANCING ============== 13963.4
LDB: TIME 13963.4 LOAD: AVG 7.31309 MAX 7.55611  PROXIES: TOTAL 480 MAXPE 22 MAXPATCH 4 None 1.2811
LDB: TIME 13963.4 LOAD: AVG 7.31309 MAX 7.55611  PROXIES: TOTAL 480 MAXPE 22 MAXPATCH 4 RefineTorusLB 1.2811
LDB: ============== END OF LOAD BALANCING =============== 13963.4

PRESSURE: 170000 -13538.8 -147.544 32.7968 -182.694 -13217.7 -30.0519 -2.93419 8.96 -13379.1
GPRESSURE: 170000 -167.685 -87.6743 -6.04181 -83.489 228.865 -32.5121 76.0395 22.0844 -62.6413
PRESSAVG: 170000 7.19299 30.736 -22.5661 19.3237 3.21894 -26.2467 -2.30649 -6.94483 4.68693
GPRESSAVG: 170000 7.25524 30.8035 -22.6859 19.2976 3.23589 -26.378 -2.25585 -6.64279 4.58329
TIMING: 170000  CPU: 12336.2, 0.0725416/step  Wall: 14089.1, 0.0830049/step, 1.84455 hours remaining, 136.614655 MB of memory in use.
ENERGY:  170000      8148.6154     40327.7251     27517.4413       504.0021        -441701.6381     12126.9494       260.6860         0.0000    114944.4820        -237871.7368       309.9914   -352816.2188   -237570.4230       309.9676         -13378.5355        -0.4873   1687902.7717         5.0330         5.0248

WRITING EXTENDED SYSTEM TO RESTART FILE AT STEP 170000
WRITING COORDINATES TO DCD FILE AT STEP 170000
WRITING COORDINATES TO RESTART FILE AT STEP 170000
FINISHED WRITING RESTART COORDINATES
WRITING VELOCITIES TO RESTART FILE AT STEP 170000
FINISHED WRITING RESTART VELOCITIES
LDB: ============= START OF LOAD BALANCING ============== 14287.9
LDB: ============== END OF LOAD BALANCING =============== 14287.9

LDB: ============= START OF LOAD BALANCING ============== 14296.4
LDB: TIME 14296.4 LOAD: AVG 7.31452 MAX 7.61029  PROXIES: TOTAL 480 MAXPE 22 MAXPATCH 4 None 1.28109
LDB: TIME 14296.4 LOAD: AVG 7.31452 MAX 7.61029  PROXIES: TOTAL 480 MAXPE 22 MAXPATCH 4 RefineTorusLB 1.28109
LDB: ============== END OF LOAD BALANCING =============== 14296.4

WRITING COORDINATES TO DCD FILE AT STEP 175000
WRITING COORDINATES TO RESTART FILE AT STEP 175000
FINISHED WRITING RESTART COORDINATES
PRESSURE: 175000 -13378.6 183.183 131.314 220.066 -13466.8 15.5307 51.8745 -13.5047 -13333.7
GPRESSURE: 175000 33.4455 43.3788 94.829 90.8786 -22.66 79.1387 -8.50282 38.3185 59.7078
PRESSAVG: 175000 15.7051 26.9261 -11.9279 25.4577 -22.7984 14.727 -14.1296 6.81643 -2.05267
GPRESSAVG: 175000 15.5791 27.0176 -11.765 25.4652 -22.7123 14.8669 -14.1397 6.80186 -2.04488
TIMING: 175000  CPU: 12699, 0.07256/step  Wall: 14505.1, 0.0831825/step, 1.73297 hours remaining, 134.917450 MB of memory in use.
ENERGY:  175000      8045.7222     40359.8464     27539.7905       500.5412        -442230.4914     12181.1787       244.2101         0.0000    114813.2057        -238545.9967       309.6374   -353359.2024   -238259.0355       310.1064         -13393.0092        23.4978   1685340.4697        -3.0487        -3.0593

WRITING EXTENDED SYSTEM TO RESTART FILE AT STEP 175000
WRITING VELOCITIES TO RESTART FILE AT STEP 175000
FINISHED WRITING RESTART VELOCITIES
LDB: ============= START OF LOAD BALANCING ============== 14619.8
LDB: ============== END OF LOAD BALANCING =============== 14619.8

LDB: ============= START OF LOAD BALANCING ============== 14628.3
LDB: TIME 14628.4 LOAD: AVG 7.30543 MAX 7.44203  PROXIES: TOTAL 480 MAXPE 22 MAXPATCH 4 None 1.27811
LDB: TIME 14628.4 LOAD: AVG 7.30543 MAX 7.44203  PROXIES: TOTAL 480 MAXPE 22 MAXPATCH 4 RefineTorusLB 1.27811
LDB: ============== END OF LOAD BALANCING =============== 14628.4

PRESSURE: 180000 -13744.1 78.8578 -31.9112 96.9796 -13614.1 86.0601 -53.0425 72.9086 -13329.8
GPRESSURE: 180000 -304.926 135.623 64.11 35.4339 -136.889 136.158 -106.47 52.1353 -73.0633
PRESSAVG: 180000 -16.2171 33.5521 0.990711 30.4139 0.679079 -8.8556 -1.87411 -19.7446 0.779412
GPRESSAVG: 180000 -16.2733 33.6418 1.00578 30.4903 0.676212 -8.92885 -2.04032 -19.6551 0.824319
TIMING: 180000  CPU: 13060.4, 0.072285/step  Wall: 14919.9, 0.0829744/step, 1.61339 hours remaining, 135.444977 MB of memory in use.
ENERGY:  180000      8173.7590     40345.1385     27594.1661       491.9208        -441808.1840     12047.1953       256.1282         0.0000    114646.4621        -238253.4140       309.1877   -352899.8761   -237975.6855       309.8489         -13562.6438      -171.6263   1687578.3870        -4.9196        -4.9242

WRITING EXTENDED SYSTEM TO RESTART FILE AT STEP 180000
WRITING COORDINATES TO DCD FILE AT STEP 180000
WRITING COORDINATES TO RESTART FILE AT STEP 180000
FINISHED WRITING RESTART COORDINATES
WRITING VELOCITIES TO RESTART FILE AT STEP 180000
FINISHED WRITING RESTART VELOCITIES
LDB: ============= START OF LOAD BALANCING ============== 14951.9
LDB: ============== END OF LOAD BALANCING =============== 14951.9

LDB: ============= START OF LOAD BALANCING ============== 14960.4
LDB: TIME 14960.5 LOAD: AVG 7.30876 MAX 7.59181  PROXIES: TOTAL 480 MAXPE 22 MAXPATCH 4 None 1.27461
LDB: TIME 14960.5 LOAD: AVG 7.30876 MAX 7.59181  PROXIES: TOTAL 480 MAXPE 22 MAXPATCH 4 RefineTorusLB 1.27461
LDB: ============== END OF LOAD BALANCING =============== 14960.5

LDB: ============= START OF LOAD BALANCING ============== 15285
LDB: ============== END OF LOAD BALANCING =============== 15285

LDB: ============= START OF LOAD BALANCING ============== 15293.6
LDB: TIME 15293.7 LOAD: AVG 7.32158 MAX 7.62759  PROXIES: TOTAL 480 MAXPE 22 MAXPATCH 4 None 1.28552
LDB: TIME 15293.7 LOAD: AVG 7.32158 MAX 7.62759  PROXIES: TOTAL 480 MAXPE 22 MAXPATCH 4 RefineTorusLB 1.28552
LDB: ============== END OF LOAD BALANCING =============== 15293.7

WRITING COORDINATES TO DCD FILE AT STEP 185000
WRITING COORDINATES TO RESTART FILE AT STEP 185000
FINISHED WRITING RESTART COORDINATES
PRESSURE: 185000 -13552 141.144 -112.029 179.132 -13702.2 69.9539 -160.081 126.66 -13306
GPRESSURE: 185000 -158.97 144.159 -31.6018 190.221 -165.578 93.077 -158.471 99.6446 89.2228
PRESSAVG: 185000 -0.212632 22.0134 -19.2758 32.8728 -4.80318 -13.1323 -27.9222 12.2675 4.54253
GPRESSAVG: 185000 -0.169795 22.0498 -19.2977 32.6728 -4.77898 -13.0942 -27.8774 12.2884 4.42276
TIMING: 185000  CPU: 13423.3, 0.072575/step  Wall: 15336.7, 0.0833552/step, 1.50502 hours remaining, 134.384827 MB of memory in use.
ENERGY:  185000      8086.4804     40276.8434     27645.0438       533.0701        -442589.1600     12618.7845       241.0611         0.0000    114443.8950        -238743.9818       308.6414   -353187.8768   -238445.6336       309.8950         -13520.0324       -78.4418   1684035.5512        -0.1578        -0.1753

WRITING EXTENDED SYSTEM TO RESTART FILE AT STEP 185000
WRITING VELOCITIES TO RESTART FILE AT STEP 185000
FINISHED WRITING RESTART VELOCITIES
LDB: ============= START OF LOAD BALANCING ============== 15617.8
LDB: ============== END OF LOAD BALANCING =============== 15617.8

LDB: ============= START OF LOAD BALANCING ============== 15626.3
LDB: TIME 15626.3 LOAD: AVG 7.30474 MAX 7.48549  PROXIES: TOTAL 480 MAXPE 22 MAXPATCH 4 None 1.28593
LDB: TIME 15626.3 LOAD: AVG 7.30474 MAX 7.48549  PROXIES: TOTAL 480 MAXPE 22 MAXPATCH 4 RefineTorusLB 1.28593
LDB: ============== END OF LOAD BALANCING =============== 15626.3

PRESSURE: 190000 -13475.7 33.2478 -51.3379 80.0442 -13481.9 175.927 -55.1685 196.317 -13345.1
GPRESSURE: 190000 -8.99904 108.304 -18.5334 140.406 -50.5164 136.449 -31.4881 130.4 17.8514
PRESSAVG: 190000 -3.72984 20.1236 -11.5222 22.5576 14.7644 -12.895 13.0372 4.48975 2.72395
GPRESSAVG: 190000 -3.80216 20.1735 -11.5681 22.7783 14.6249 -13.0198 12.9156 4.37173 2.8136
TIMING: 190000  CPU: 13786.4, 0.0726094/step  Wall: 15751.8, 0.0830235/step, 1.38373 hours remaining, 135.281586 MB of memory in use.
ENERGY:  190000      7951.1365     40288.3881     27568.1700       499.6207        -442449.1944     12404.7614       246.6583         0.0000    114623.8778        -238866.5815       309.1268   -353490.4594   -238583.0712       309.6879         -13434.2378       -13.8880   1684571.9021         4.5862         4.5454

WRITING EXTENDED SYSTEM TO RESTART FILE AT STEP 190000
WRITING COORDINATES TO DCD FILE AT STEP 190000
WRITING COORDINATES TO RESTART FILE AT STEP 190000
FINISHED WRITING RESTART COORDINATES
WRITING VELOCITIES TO RESTART FILE AT STEP 190000
FINISHED WRITING RESTART VELOCITIES
LDB: ============= START OF LOAD BALANCING ============== 15949.4
LDB: ============== END OF LOAD BALANCING =============== 15949.4

LDB: ============= START OF LOAD BALANCING ============== 15957.8
LDB: TIME 15957.8 LOAD: AVG 7.30365 MAX 7.53605  PROXIES: TOTAL 480 MAXPE 22 MAXPATCH 4 None 1.29028
LDB: TIME 15957.9 LOAD: AVG 7.30365 MAX 7.53605  PROXIES: TOTAL 480 MAXPE 22 MAXPATCH 4 RefineTorusLB 1.29028
LDB: ============== END OF LOAD BALANCING =============== 15957.9

WRITING COORDINATES TO DCD FILE AT STEP 195000
WRITING COORDINATES TO RESTART FILE AT STEP 195000
FINISHED WRITING RESTART COORDINATES
PRESSURE: 195000 -13418.3 -20.0581 26.6217 36.3618 -13224.3 81.8508 -21.5545 121.592 -13314.8
GPRESSURE: 195000 139.907 -117.522 93.9 -112.59 179.48 57.2919 54.4673 58.4596 21.5727
PRESSAVG: 195000 16.6138 18.9004 -12.1465 17.8427 -6.80608 -12.0388 -26.7633 2.51588 -3.04132
GPRESSAVG: 195000 16.903 18.9361 -12.1266 17.8996 -6.792 -11.874 -26.7409 2.74175 -3.25612
TIMING: 195000  CPU: 14150.2, 0.0727735/step  Wall: 16166.6, 0.0829578/step, 1.26741 hours remaining, 133.873138 MB of memory in use.
ENERGY:  195000      8062.9768     40379.4888     27691.9414       492.1560        -442137.1213     12053.2728       249.1184         0.0000    114192.9013        -239015.2657       307.9645   -353208.1670   -238727.5606       309.3421         -13319.1485       113.6532   1682394.8399         2.2555         2.2850

WRITING EXTENDED SYSTEM TO RESTART FILE AT STEP 195000
WRITING VELOCITIES TO RESTART FILE AT STEP 195000
FINISHED WRITING RESTART VELOCITIES
LDB: ============= START OF LOAD BALANCING ============== 16282.1
LDB: ============== END OF LOAD BALANCING =============== 16282.1

LDB: ============= START OF LOAD BALANCING ============== 16290.5
LDB: TIME 16290.6 LOAD: AVG 7.31249 MAX 7.54384  PROXIES: TOTAL 480 MAXPE 22 MAXPATCH 4 None 1.29245
LDB: TIME 16290.6 LOAD: AVG 7.31249 MAX 7.54384  PROXIES: TOTAL 480 MAXPE 22 MAXPATCH 4 RefineTorusLB 1.29245
LDB: ============== END OF LOAD BALANCING =============== 16290.6

WRITING COORDINATES TO DCD FILE AT STEP 200000
WRITING COORDINATES TO RESTART FILE AT STEP 200000
FINISHED WRITING RESTART COORDINATES
PRESSURE: 200000 -13744.2 -31.979 -108.941 12.4071 -13489.6 -27.7445 -90.0439 -12.5592 -13080.3
GPRESSURE: 200000 -222.881 -107.986 -48.4741 25.8334 -91.2253 -63.8776 40.0874 1.27515 220.089
PRESSAVG: 200000 18.7064 11.2289 -1.32294 7.72887 -6.1566 8.16098 -3.79916 17.2155 -5.46129
GPRESSAVG: 200000 18.7092 11.1199 -1.4154 7.80414 -6.14133 8.16672 -3.7295 17.1806 -5.48949
TIMING: 200000  CPU: 14513.5, 0.0726474/step  Wall: 16582.8, 0.083229/step, 1.15596 hours remaining, 134.534912 MB of memory in use.
ETITLE:      TS           BOND          ANGLE          DIHED          IMPRP               ELECT            VDW       BOUNDARY           MISC        KINETIC               TOTAL           TEMP      POTENTIAL         TOTAL3        TEMPAVG            PRESSURE      GPRESSURE         VOLUME       PRESSAVG      GPRESSAVG

ENERGY:  200000      8141.9983     40095.6934     27488.8895       479.5590        -441890.6331     12227.6948       227.6432         0.0000    114688.1295        -238541.0255       309.3001   -353229.1549   -238233.9536       309.6317         -13438.0263       -31.3392   1687190.3874         2.3628         2.3595

WRITING EXTENDED SYSTEM TO RESTART FILE AT STEP 200000
WRITING VELOCITIES TO RESTART FILE AT STEP 200000
FINISHED WRITING RESTART VELOCITIES
LDB: ============= START OF LOAD BALANCING ============== 16614.6
LDB: ============== END OF LOAD BALANCING =============== 16614.6

LDB: ============= START OF LOAD BALANCING ============== 16623
LDB: TIME 16623.1 LOAD: AVG 7.30905 MAX 7.50143  PROXIES: TOTAL 480 MAXPE 22 MAXPATCH 4 None 1.28784
LDB: TIME 16623.1 LOAD: AVG 7.30905 MAX 7.50143  PROXIES: TOTAL 480 MAXPE 22 MAXPATCH 4 RefineTorusLB 1.28784
LDB: ============== END OF LOAD BALANCING =============== 16623.1

LDB: ============= START OF LOAD BALANCING ============== 16946.4
LDB: ============== END OF LOAD BALANCING =============== 16946.4

LDB: ============= START OF LOAD BALANCING ============== 16955
LDB: TIME 16955 LOAD: AVG 7.32393 MAX 7.55306  PROXIES: TOTAL 480 MAXPE 22 MAXPATCH 4 None 1.29459
LDB: TIME 16955 LOAD: AVG 7.32393 MAX 7.55306  PROXIES: TOTAL 480 MAXPE 22 MAXPATCH 4 RefineTorusLB 1.29459
LDB: ============== END OF LOAD BALANCING =============== 16955

PRESSURE: 205000 -13162.2 134.682 -35.5115 151.61 -13570.9 33.2031 -36.5938 26.4481 -13172.3
GPRESSURE: 205000 231.2 118.968 28.0436 109.59 -19.143 -11.4082 92.1964 37.6951 153.193
PRESSAVG: 205000 5.63411 1.46311 -3.61245 -17.4727 -7.19016 0.34936 7.98336 3.82816 0.827459
GPRESSAVG: 205000 5.47142 1.84582 -3.38692 -17.4854 -7.27667 0.401953 7.94422 3.85948 0.740526
TIMING: 205000  CPU: 14877.6, 0.0728277/step  Wall: 16998.1, 0.0830736/step, 1.03842 hours remaining, 134.981354 MB of memory in use.
ENERGY:  205000      8044.3926     40414.6343     27505.9519       527.2955        -442684.6626     12820.8202       230.8962         0.0000    114629.5046        -238511.1674       309.1420   -353140.6720   -238206.0883       309.9457         -13301.7767       121.7499   1685076.7282        -0.2429        -0.3549

WRITING EXTENDED SYSTEM TO RESTART FILE AT STEP 205000
WRITING COORDINATES TO DCD FILE AT STEP 205000
WRITING COORDINATES TO RESTART FILE AT STEP 205000
FINISHED WRITING RESTART COORDINATES
WRITING VELOCITIES TO RESTART FILE AT STEP 205000
FINISHED WRITING RESTART VELOCITIES
LDB: ============= START OF LOAD BALANCING ============== 17279.1
LDB: ============== END OF LOAD BALANCING =============== 17279.1

LDB: ============= START OF LOAD BALANCING ============== 17287.8
LDB: TIME 17287.8 LOAD: AVG 7.33102 MAX 7.72414  PROXIES: TOTAL 480 MAXPE 22 MAXPATCH 4 None 1.29142
LDB: TIME 17287.8 LOAD: AVG 7.33102 MAX 7.6869  PROXIES: TOTAL 480 MAXPE 22 MAXPATCH 4 RefineTorusLB 1.29142
LDB: ============== END OF LOAD BALANCING =============== 17287.8

PRESSURE: 210000 -13437.9 91.2749 -164.63 103.116 -13667.7 28.8952 -191.862 23.1652 -13220.2
GPRESSURE: 210000 17.8323 111.212 -195.78 59.8204 -218.38 25.7275 -231.324 44.2604 67.1794
PRESSAVG: 210000 -1.29995 -2.25156 17.5587 7.70225 2.38353 28.6622 -3.3204 3.46517 1.06898
GPRESSAVG: 210000 -1.33749 -2.47719 17.5903 7.67319 2.5109 28.7403 -3.23064 3.51937 0.889541
TIMING: 210000  CPU: 15242, 0.0728751/step  Wall: 17413.4, 0.0830626/step, 0.922918 hours remaining, 134.966431 MB of memory in use.
ENERGY:  210000      7954.9666     40293.9554     27566.0540       501.4457        -442466.0403     12721.5759       250.6955         0.0000    114168.2993        -239009.0479       307.8982   -353177.3473   -238712.1198       309.5931         -13441.9397       -44.4562   1689523.4683         0.7175         0.6876

WRITING EXTENDED SYSTEM TO RESTART FILE AT STEP 210000
WRITING COORDINATES TO DCD FILE AT STEP 210000
WRITING COORDINATES TO RESTART FILE AT STEP 210000
FINISHED WRITING RESTART COORDINATES
WRITING VELOCITIES TO RESTART FILE AT STEP 210000
FINISHED WRITING RESTART VELOCITIES
LDB: ============= START OF LOAD BALANCING ============== 17611.7
LDB: ============== END OF LOAD BALANCING =============== 17611.7

LDB: ============= START OF LOAD BALANCING ============== 17620.3
LDB: TIME 17620.3 LOAD: AVG 7.31608 MAX 7.54901  PROXIES: TOTAL 480 MAXPE 22 MAXPATCH 4 None 1.28106
LDB: TIME 17620.3 LOAD: AVG 7.31608 MAX 7.54901  PROXIES: TOTAL 480 MAXPE 22 MAXPATCH 4 RefineTorusLB 1.28106
LDB: ============== END OF LOAD BALANCING =============== 17620.3

WRITING COORDINATES TO DCD FILE AT STEP 215000
WRITING COORDINATES TO RESTART FILE AT STEP 215000
FINISHED WRITING RESTART COORDINATES
WRITING VELOCITIES TO RESTART FILE AT STEP 215000
FINISHED WRITING RESTART VELOCITIES
PRESSURE: 215000 -13425.3 -124.333 -72.692 -142.73 -13569.8 -25.1802 -24.7879 -47.9729 -13232.6
GPRESSURE: 215000 75.4754 -76.9656 -128.331 -128.571 -40.0904 -18.7768 -14.3478 4.16808 90.7519
PRESSAVG: 215000 35.4953 -1.66418 -8.44461 10.8106 -14.2164 -9.31065 -9.33469 -8.78153 4.81333
GPRESSAVG: 215000 35.4936 -1.75094 -8.46956 10.7755 -14.1319 -9.25115 -9.35261 -8.75791 4.74265
TIMING: 215000  CPU: 15607, 0.0730107/step  Wall: 17828.9, 0.0830936/step, 0.807855 hours remaining, 134.152557 MB of memory in use.
ENERGY:  215000      8032.2830     40400.9812     27670.5122       526.3264        -442442.6585     12298.2255       243.7765         0.0000    114774.4196        -238496.1340       309.5328   -353270.5536   -238197.0079       309.5199         -13409.2220        42.0456   1681666.7425         8.6974         8.7014

WRITING EXTENDED SYSTEM TO RESTART FILE AT STEP 215000
LDB: ============= START OF LOAD BALANCING ============== 17943.8
LDB: ============== END OF LOAD BALANCING =============== 17943.8

LDB: ============= START OF LOAD BALANCING ============== 17952.2
LDB: TIME 17952.3 LOAD: AVG 7.31606 MAX 7.50219  PROXIES: TOTAL 480 MAXPE 22 MAXPATCH 4 None 1.28707
LDB: TIME 17952.3 LOAD: AVG 7.31606 MAX 7.50219  PROXIES: TOTAL 480 MAXPE 22 MAXPATCH 4 RefineTorusLB 1.28707
LDB: ============== END OF LOAD BALANCING =============== 17952.3

PRESSURE: 220000 -13288.1 -146.542 -106.325 -132.532 -13409.8 10.928 -100.412 20.5748 -13375.9
GPRESSURE: 220000 96.0177 -149.813 -42.0789 -27.5361 83.939 -79.4977 -34.9873 26.0342 22.9367
PRESSAVG: 220000 27.2095 -8.95261 -3.22117 7.39913 -18.5743 5.79432 6.77066 -6.70112 7.6576
GPRESSAVG: 220000 27.1556 -8.89947 -3.21546 7.35151 -18.6743 6.01714 6.72812 -6.75094 7.68813
TIMING: 220000  CPU: 15971.7, 0.0729397/step  Wall: 18244.6, 0.0831359/step, 0.692799 hours remaining, 133.827271 MB of memory in use.
ENERGY:  220000      8035.9940     40089.8394     27655.0881       505.5532        -442247.6733     12389.6093       229.0624         0.0000    114437.8868        -238904.6400       308.6252   -353342.5268   -238615.8051       309.6122         -13357.9260        67.6312   1682783.1623         5.4309         5.3898

WRITING EXTENDED SYSTEM TO RESTART FILE AT STEP 220000
WRITING COORDINATES TO DCD FILE AT STEP 220000
WRITING COORDINATES TO RESTART FILE AT STEP 220000
FINISHED WRITING RESTART COORDINATES
WRITING VELOCITIES TO RESTART FILE AT STEP 220000
FINISHED WRITING RESTART VELOCITIES
LDB: ============= START OF LOAD BALANCING ============== 18276.7
LDB: ============== END OF LOAD BALANCING =============== 18276.7

LDB: ============= START OF LOAD BALANCING ============== 18285.3
LDB: TIME 18285.3 LOAD: AVG 7.31541 MAX 7.4774  PROXIES: TOTAL 480 MAXPE 22 MAXPATCH 4 None 1.28224
LDB: TIME 18285.4 LOAD: AVG 7.31541 MAX 7.4774  PROXIES: TOTAL 480 MAXPE 22 MAXPATCH 4 RefineTorusLB 1.28224
LDB: ============== END OF LOAD BALANCING =============== 18285.4

LDB: ============= START OF LOAD BALANCING ============== 18609.2
LDB: ============== END OF LOAD BALANCING =============== 18609.2

LDB: ============= START OF LOAD BALANCING ============== 18617.6
LDB: TIME 18617.6 LOAD: AVG 7.30313 MAX 7.47217  PROXIES: TOTAL 480 MAXPE 22 MAXPATCH 4 None 1.28424
LDB: TIME 18617.6 LOAD: AVG 7.30313 MAX 7.47217  PROXIES: TOTAL 480 MAXPE 22 MAXPATCH 4 RefineTorusLB 1.28424
LDB: ============== END OF LOAD BALANCING =============== 18617.6

PRESSURE: 225000 -13344.7 61.8592 -58.2312 57.4753 -13383.5 -39.5274 -38.1761 -61.7306 -13203.5
GPRESSURE: 225000 142.368 -82.6093 -118.807 -52.2911 15.3824 24.7931 -72.4977 -55.3151 125.143
PRESSAVG: 225000 30.8757 -14.918 1.73908 0.0360948 -21.1889 3.91085 17.2607 -11.612 -0.106848
GPRESSAVG: 225000 30.7403 -15.178 1.90147 -0.117448 -21.1285 3.84333 17.3899 -11.346 -0.219894
TIMING: 225000  CPU: 16335.8, 0.0728231/step  Wall: 18660.3, 0.0831358/step, 0.577332 hours remaining, 134.546783 MB of memory in use.
ENERGY:  225000      7972.6227     40260.9029     27564.2012       523.4856        -441866.3857     11997.2574       232.1748         0.0000    114560.6514        -238755.0896       308.9563   -353315.7410   -238456.1264       309.6644         -13310.5585        94.2978   1685543.4250         3.1933         3.1306

WRITING EXTENDED SYSTEM TO RESTART FILE AT STEP 225000
WRITING COORDINATES TO DCD FILE AT STEP 225000
WRITING COORDINATES TO RESTART FILE AT STEP 225000
FINISHED WRITING RESTART COORDINATES
WRITING VELOCITIES TO RESTART FILE AT STEP 225000
FINISHED WRITING RESTART VELOCITIES
LDB: ============= START OF LOAD BALANCING ============== 18941.1
LDB: ============== END OF LOAD BALANCING =============== 18941.1

LDB: ============= START OF LOAD BALANCING ============== 18949.5
LDB: TIME 18949.5 LOAD: AVG 7.30137 MAX 7.50675  PROXIES: TOTAL 480 MAXPE 22 MAXPATCH 4 None 1.28763
LDB: TIME 18949.5 LOAD: AVG 7.30137 MAX 7.50675  PROXIES: TOTAL 480 MAXPE 22 MAXPATCH 4 RefineTorusLB 1.28763
LDB: ============== END OF LOAD BALANCING =============== 18949.5

PRESSURE: 230000 -13594.5 131.622 -55.7883 141.375 -13512.2 -41.1129 -75.436 -108.736 -13517.5
GPRESSURE: 230000 -209.625 144.616 47.4216 13.6004 12.8272 -89.8485 -31.993 -195.381 -289.835
PRESSAVG: 230000 12.3839 -12.8195 3.04494 -4.41141 -6.96563 16.9608 10.3592 3.36553 1.28271
GPRESSAVG: 230000 12.3513 -12.9012 2.92811 -4.45368 -6.93203 16.8141 10.3873 3.30658 1.11343
TIMING: 230000  CPU: 16699.8, 0.0727981/step  Wall: 19075.7, 0.0830865/step, 0.461592 hours remaining, 135.561218 MB of memory in use.
ENERGY:  230000      7912.6754     40325.1298     27529.1168       491.2541        -441724.2259     11945.2811       238.2364         0.0000    114477.1294        -238805.4029       308.7310   -353282.5323   -238499.1271       310.0242         -13541.3783      -162.2107   1687336.3250         2.2337         2.1776

WRITING EXTENDED SYSTEM TO RESTART FILE AT STEP 230000
WRITING COORDINATES TO DCD FILE AT STEP 230000
WRITING COORDINATES TO RESTART FILE AT STEP 230000
FINISHED WRITING RESTART COORDINATES
WRITING VELOCITIES TO RESTART FILE AT STEP 230000
FINISHED WRITING RESTART VELOCITIES
LDB: ============= START OF LOAD BALANCING ============== 19274.4
LDB: ============== END OF LOAD BALANCING =============== 19274.4

LDB: ============= START OF LOAD BALANCING ============== 19282.8
LDB: TIME 19282.8 LOAD: AVG 7.30607 MAX 7.53236  PROXIES: TOTAL 480 MAXPE 22 MAXPATCH 4 None 1.28977
LDB: TIME 19282.8 LOAD: AVG 7.30607 MAX 7.53236  PROXIES: TOTAL 480 MAXPE 22 MAXPATCH 4 RefineTorusLB 1.28977
LDB: ============== END OF LOAD BALANCING =============== 19282.8

PRESSURE: 235000 -13626.1 69.4112 155.71 49.2305 -13395.3 -25.5656 142.708 -87.4352 -13338.8
GPRESSURE: 235000 -132.138 3.49856 213.116 80.4458 143.915 -54.6575 96.3258 -104.226 -55.3509
PRESSAVG: 235000 -20.3398 -8.33687 15.2147 -13.289 9.89491 38.8837 6.53475 1.43097 -3.43394
GPRESSAVG: 235000 -20.3492 -8.25917 15.2674 -13.2823 9.74707 38.9137 6.35745 1.36609 -3.53265
TIMING: 235000  CPU: 17064.9, 0.0730037/step  Wall: 19492.1, 0.0832712/step, 0.346963 hours remaining, 134.866852 MB of memory in use.
ENERGY:  235000      8021.3599     39942.9099     27569.5354       523.7431        -442438.8969     12601.3502       239.8711         0.0000    114709.4895        -238830.6379       309.3577   -353540.1274   -238528.9480       310.0265         -13453.3995       -14.5246   1684125.7748        -4.6263        -4.7116

WRITING EXTENDED SYSTEM TO RESTART FILE AT STEP 235000
WRITING COORDINATES TO DCD FILE AT STEP 235000
WRITING COORDINATES TO RESTART FILE AT STEP 235000
FINISHED WRITING RESTART COORDINATES
WRITING VELOCITIES TO RESTART FILE AT STEP 235000
FINISHED WRITING RESTART VELOCITIES
LDB: ============= START OF LOAD BALANCING ============== 19606.8
LDB: ============== END OF LOAD BALANCING =============== 19606.8

LDB: ============= START OF LOAD BALANCING ============== 19615.2
LDB: TIME 19615.3 LOAD: AVG 7.30823 MAX 7.50155  PROXIES: TOTAL 480 MAXPE 22 MAXPATCH 4 None 1.28565
LDB: TIME 19615.3 LOAD: AVG 7.30823 MAX 7.50155  PROXIES: TOTAL 480 MAXPE 22 MAXPATCH 4 RefineTorusLB 1.28565
LDB: ============== END OF LOAD BALANCING =============== 19615.3

PRESSURE: 240000 -13068.8 -101.559 -65.826 -68.0399 -13381.5 -71.9744 -69.1311 -72.6026 -13287
GPRESSURE: 240000 389.586 -24.8799 -84.6915 -1.0652 138.646 -89.059 11.1228 -25.2839 196.571
PRESSAVG: 240000 10.7534 -10.365 2.7956 1.15056 -3.42467 4.49672 -10.3851 6.20279 4.47511
GPRESSAVG: 240000 10.6523 -10.1972 2.73603 1.11432 -3.50786 4.45879 -10.2135 6.15539 4.59781
TIMING: 240000  CPU: 17429.4, 0.0729125/step  Wall: 19907, 0.0829977/step, 0.230549 hours remaining, 135.330383 MB of memory in use.
ENERGY:  240000      7915.8376     40516.8698     27579.1321       508.8613        -443389.9644     12675.7845       248.3833         0.0000    114520.7790        -239424.3168       308.8487   -353945.0958   -239131.3162       309.4043         -13245.7478       241.6010   1678780.8801         3.9346         3.9141

WRITING EXTENDED SYSTEM TO RESTART FILE AT STEP 240000
WRITING COORDINATES TO DCD FILE AT STEP 240000
WRITING COORDINATES TO RESTART FILE AT STEP 240000
FINISHED WRITING RESTART COORDINATES
WRITING VELOCITIES TO RESTART FILE AT STEP 240000
FINISHED WRITING RESTART VELOCITIES
LDB: ============= START OF LOAD BALANCING ============== 19939.1
LDB: ============== END OF LOAD BALANCING =============== 19939.1

LDB: ============= START OF LOAD BALANCING ============== 19947.8
LDB: TIME 19947.8 LOAD: AVG 7.32419 MAX 7.52187  PROXIES: TOTAL 480 MAXPE 22 MAXPATCH 4 None 1.28802
LDB: TIME 19947.8 LOAD: AVG 7.32419 MAX 7.52187  PROXIES: TOTAL 480 MAXPE 22 MAXPATCH 4 RefineTorusLB 1.28802
LDB: ============== END OF LOAD BALANCING =============== 19947.8

LDB: ============= START OF LOAD BALANCING ============== 20272.3
LDB: ============== END OF LOAD BALANCING =============== 20272.3

LDB: ============= START OF LOAD BALANCING ============== 20280.7
LDB: TIME 20280.7 LOAD: AVG 7.30923 MAX 7.60564  PROXIES: TOTAL 480 MAXPE 22 MAXPATCH 4 None 1.28601
LDB: TIME 20280.8 LOAD: AVG 7.30923 MAX 7.60564  PROXIES: TOTAL 480 MAXPE 22 MAXPATCH 4 RefineTorusLB 1.28601
LDB: ============== END OF LOAD BALANCING =============== 20280.8

WRITING COORDINATES TO DCD FILE AT STEP 245000
WRITING COORDINATES TO RESTART FILE AT STEP 245000
FINISHED WRITING RESTART COORDINATES
PRESSURE: 245000 -13420.3 -102.124 -12.7992 -54.2472 -13250.8 -81.6511 1.43046 -80.6105 -13455.3
GPRESSURE: 245000 21.0868 -171.022 -114.379 -147.207 146.184 -56.8333 55.9412 -27.2843 -11.1096
PRESSAVG: 245000 8.54489 -6.76207 3.9093 7.67353 1.19675 -0.020525 11.5006 13.2568 1.46597
GPRESSAVG: 245000 8.51087 -6.82617 3.73982 7.71358 1.13324 -0.251724 11.5925 13.1981 1.51642
TIMING: 245000  CPU: 17793.8, 0.0728673/step  Wall: 20323.6, 0.0833045/step, 0.115701 hours remaining, 133.780823 MB of memory in use.
ENERGY:  245000      8046.4435     40206.8387     27633.9305       508.7339        -442487.4518     12830.1456       238.4889         0.0000    114178.7730        -238844.0975       307.9264   -353022.8706   -238571.0639       309.7248         -13375.4541        52.0538   1686807.2582         3.7359         3.7202

WRITING EXTENDED SYSTEM TO RESTART FILE AT STEP 245000
WRITING VELOCITIES TO RESTART FILE AT STEP 245000
FINISHED WRITING RESTART VELOCITIES
LDB: ============= START OF LOAD BALANCING ============== 20604.9
LDB: ============== END OF LOAD BALANCING =============== 20604.9

LDB: ============= START OF LOAD BALANCING ============== 20613.3
LDB: TIME 20613.4 LOAD: AVG 7.31634 MAX 7.55382  PROXIES: TOTAL 480 MAXPE 22 MAXPATCH 4 None 1.28398
LDB: TIME 20613.4 LOAD: AVG 7.31634 MAX 7.55382  PROXIES: TOTAL 480 MAXPE 22 MAXPATCH 4 RefineTorusLB 1.28398
LDB: ============== END OF LOAD BALANCING =============== 20613.4

PRESSURE: 250000 -13718.7 17.9613 52.3787 43.4682 -13423.4 4.9757 71.4403 -8.16909 -13464.3
GPRESSURE: 250000 -259.65 -95.0489 32.7016 17.7708 50.5092 27.9113 -25.7725 7.43566 -193.055
PRESSAVG: 250000 -5.48956 5.49072 -6.67145 -11.2472 14.497 1.78964 5.49736 1.88324 3.90681
GPRESSAVG: 250000 -5.55476 5.50651 -6.4312 -11.2669 14.4487 1.94953 5.5177 2.12575 3.93001
TIMING: 250000  CPU: 18158, 0.0728521/step  Wall: 20739.6, 0.0832125/step, 0 hours remaining, 134.451019 MB of memory in use.
ETITLE:      TS           BOND          ANGLE          DIHED          IMPRP               ELECT            VDW       BOUNDARY           MISC        KINETIC               TOTAL           TEMP      POTENTIAL         TOTAL3        TEMPAVG            PRESSURE      GPRESSURE         VOLUME       PRESSAVG      GPRESSAVG

ENERGY:  250000      7931.3870     40230.9525     27619.2693       513.5604        -441648.8318     11897.7159       241.0726         0.0000    114418.2909        -238796.5833       308.5723   -353214.8742   -238513.4341       309.5382         -13535.4708      -134.0652   1686363.0974         4.3047         4.2747

WRITING EXTENDED SYSTEM TO RESTART FILE AT STEP 250000
WRITING COORDINATES TO DCD FILE AT STEP 250000
WRITING COORDINATES TO RESTART FILE AT STEP 250000
FINISHED WRITING RESTART COORDINATES
WRITING VELOCITIES TO RESTART FILE AT STEP 250000
FINISHED WRITING RESTART VELOCITIES
WRITING EXTENDED SYSTEM TO OUTPUT FILE AT STEP 250000
CLOSING EXTENDED SYSTEM TRAJECTORY FILE
WRITING COORDINATES TO OUTPUT FILE AT STEP 250000
CLOSING COORDINATE DCD FILE
WRITING VELOCITIES TO OUTPUT FILE AT STEP 250000
====================================================

WallClock: 20748.187500  CPUTime: 18164.431641  Memory: 132.827271 MB
