11307: Sat May  3 21:49:34 EDT 2014: Entering /tmp/24822.1.standard.q/ssh with args node041.pug.mib.pbtech -l jam2079 /bin/sh -f
11324: Sat May  3 21:49:34 EDT 2014: Entering /tmp/24822.1.standard.q/ssh with args node047.pug.mib.pbtech -l jam2079 /bin/sh -f
11323: Sat May  3 21:49:34 EDT 2014: Entering /tmp/24822.1.standard.q/ssh with args node041.pug.mib.pbtech -l jam2079 /bin/sh -f
11320: Sat May  3 21:49:34 EDT 2014: Entering /tmp/24822.1.standard.q/ssh with args node047.pug.mib.pbtech -l jam2079 /bin/sh -f
11309: Sat May  3 21:49:34 EDT 2014: Entering /tmp/24822.1.standard.q/ssh with args node041.pug.mib.pbtech -l jam2079 /bin/sh -f
11303: Sat May  3 21:49:34 EDT 2014: Entering /tmp/24822.1.standard.q/ssh with args node041.pug.mib.pbtech -l jam2079 /bin/sh -f
11316: Sat May  3 21:49:34 EDT 2014: Entering /tmp/24822.1.standard.q/ssh with args node047.pug.mib.pbtech -l jam2079 /bin/sh -f
11321: Sat May  3 21:49:34 EDT 2014: Entering /tmp/24822.1.standard.q/ssh with args node041.pug.mib.pbtech -l jam2079 /bin/sh -f
11319: Sat May  3 21:49:34 EDT 2014: Entering /tmp/24822.1.standard.q/ssh with args node041.pug.mib.pbtech -l jam2079 /bin/sh -f
11314: Sat May  3 21:49:34 EDT 2014: Exiting /tmp/24822.1.standard.q/ssh
11323: Sat May  3 21:49:35 EDT 2014: Exiting /tmp/24822.1.standard.q/ssh
11315: Sat May  3 21:49:37 EDT 2014: Exiting /tmp/24822.1.standard.q/ssh
11306: Sat May  3 21:49:37 EDT 2014: Exiting /tmp/24822.1.standard.q/ssh
11304: Sat May  3 21:49:37 EDT 2014: Exiting /tmp/24822.1.standard.q/ssh
11305: Sat May  3 21:49:38 EDT 2014: Exiting /tmp/24822.1.standard.q/ssh
11303: Sat May  3 21:49:39 EDT 2014: Exiting /tmp/24822.1.standard.q/ssh
11316: Sat May  3 21:49:40 EDT 2014: Exiting /tmp/24822.1.standard.q/ssh
11322: Sat May  3 21:49:40 EDT 2014: Exiting /tmp/24822.1.standard.q/ssh
11309: Sat May  3 21:49:41 EDT 2014: Exiting /tmp/24822.1.standard.q/ssh
11312: Sat May  3 21:49:45 EDT 2014: Exiting /tmp/24822.1.standard.q/ssh
11310: Sat May  3 21:49:46 EDT 2014: Exiting /tmp/24822.1.standard.q/ssh
11311: Sat May  3 21:49:48 EDT 2014: Exiting /tmp/24822.1.standard.q/ssh
11313: Sat May  3 21:49:48 EDT 2014: Exiting /tmp/24822.1.standard.q/ssh
11319: Sat May  3 21:49:49 EDT 2014: Exiting /tmp/24822.1.standard.q/ssh
11324: Sat May  3 21:49:50 EDT 2014: Exiting /tmp/24822.1.standard.q/ssh
11325: Sat May  3 21:49:50 EDT 2014: Exiting /tmp/24822.1.standard.q/ssh
11326: Sat May  3 21:49:52 EDT 2014: Exiting /tmp/24822.1.standard.q/ssh
11308: Sat May  3 21:49:52 EDT 2014: Exiting /tmp/24822.1.standard.q/ssh
11321: Sat May  3 21:49:53 EDT 2014: Exiting /tmp/24822.1.standard.q/ssh
11307: Sat May  3 21:49:54 EDT 2014: Exiting /tmp/24822.1.standard.q/ssh
11320: Sat May  3 21:49:56 EDT 2014: Exiting /tmp/24822.1.standard.q/ssh
11317: Sat May  3 21:49:56 EDT 2014: Exiting /tmp/24822.1.standard.q/ssh
11318: Sat May  3 21:49:56 EDT 2014: Exiting /tmp/24822.1.standard.q/ssh
Warning> Randomization of stack pointer is turned on in kernel.
Charm++> synchronizing isomalloc memory region...
[0] consolidated Isomalloc memory region: 0x2ba980000000 - 0x7ffb00000000 (88414208 megs)
Charm++: scheduler running in netpoll mode.
Charm++> Running on 2 unique compute nodes (12-way SMP).
Charm++> Cpu topology info:
PE to node map: 0 1 0 1 0 1 0 1 0 1 0 1 0 1 0 1 0 1 0 1 0 1 0 1 
Node to PE map:
Chip #0: 0 2 4 6 8 10 12 14 16 18 20 22 
Chip #1: 1 3 5 7 9 11 13 15 17 19 21 23 
Charm++> cpu topology info is gathered in 0.014 seconds.
Info: NAMD 2.7 for Linux-x86_64
Info: 
Info: Please visit http://www.ks.uiuc.edu/Research/namd/
Info: and send feedback or bug reports to namd@ks.uiuc.edu
Info: 
Info: Please cite Phillips et al., J. Comp. Chem. 26:1781-1802 (2005)
Info: in all publications reporting results obtained with NAMD.
Info: 
Info: Based on Charm++/Converse 60202 for net-linux-x86_64
Info: Built Fri Jun 17 11:23:43 EDT 2011 by jason on node026.pug.pbtech
Info: 1 NAMD  2.7  Linux-x86_64  24    node041.pug.pbtech  jam2079
Info: Running on 24 processors.
Info: CPU topology information available.
Info: Charm++/Converse parallel runtime startup completed at 0.186564 s
Info: 1.64034 MB of memory in use based on CmiMemoryUsage
Info: Changed directory to phase2a
Info: Configuration file is rho_equil_phase2a5.np.in
TCL: Suspending until startup complete.
Info: EXTENDED SYSTEM FILE   /home/jam2079/Pathrover/2jln/phase2a/dat_equil_phase2a4.restart.xsc
Info: SIMULATION PARAMETERS:
Info: TIMESTEP               1
Info: NUMBER OF STEPS        0
Info: STEPS PER CYCLE        20
Info: PERIODIC CELL BASIS 1  121.779 0 0
Info: PERIODIC CELL BASIS 2  0 122.87 0
Info: PERIODIC CELL BASIS 3  0 0 113.88
Info: PERIODIC CELL CENTER   -0.389 0.194 1.795
Info: WRAPPING ALL CLUSTERS AROUND PERIODIC BOUNDARIES ON OUTPUT.
Info: LOAD BALANCER  Centralized
Info: LOAD BALANCING STRATEGY  New Load Balancers -- ASB
Info: LDB PERIOD             4000 steps
Info: FIRST LDB TIMESTEP     100
Info: LAST LDB TIMESTEP     -1
Info: LDB BACKGROUND SCALING 1
Info: HOM BACKGROUND SCALING 1
Info: PME BACKGROUND SCALING 1
Info: MAX SELF PARTITIONS    20
Info: MAX PAIR PARTITIONS    8
Info: SELF PARTITION ATOMS   154
Info: SELF2 PARTITION ATOMS   154
Info: PAIR PARTITION ATOMS   318
Info: PAIR2 PARTITION ATOMS  637
Info: MIN ATOMS PER PATCH    100
Info: VELOCITY FILE          /home/jam2079/Pathrover/2jln/phase2a/dat_equil_phase2a4.restart.vel
Info: CENTER OF MASS MOVING INITIALLY? NO
Info: DIELECTRIC             1
Info: EXCLUDE                SCALED ONE-FOUR
Info: 1-4 ELECTROSTATICS SCALED BY 1
Info: MODIFIED 1-4 VDW PARAMETERS WILL BE USED
Info: DCD FILENAME           ./dat_equil_phase2a5.np.dcd
Info: DCD FREQUENCY          5000
Info: DCD FIRST STEP         5000
Info: DCD FILE WILL CONTAIN UNIT CELL DATA
Info: XST FILENAME           ./dat_equil_phase2a5.np.xst
Info: XST FREQUENCY          5000
Info: NO VELOCITY DCD OUTPUT
Info: OUTPUT FILENAME        ./dat_equil_phase2a5.np
Info: RESTART FILENAME       ./dat_equil_phase2a5.np.restart
Info: RESTART FREQUENCY      5000
Info: BINARY RESTART FILES WILL BE USED
Info: SWITCHING ACTIVE
Info: SWITCHING ON           10
Info: SWITCHING OFF          12
Info: PAIRLIST DISTANCE      13.5
Info: PAIRLIST SHRINK RATE   0.01
Info: PAIRLIST GROW RATE     0.01
Info: PAIRLIST TRIGGER       0.3
Info: PAIRLISTS PER CYCLE    2
Info: PAIRLISTS ENABLED
Info: MARGIN                 1.5
Info: HYDROGEN GROUP CUTOFF  2.5
Info: PATCH DIMENSION        17.5
Info: ENERGY OUTPUT STEPS    5000
Info: CROSSTERM ENERGY INCLUDED IN DIHEDRAL
Info: TIMING OUTPUT STEPS    5000
Info: PRESSURE OUTPUT STEPS  5000
Info: HARMONIC CONSTRAINTS ACTIVE
Info: HARMONIC CONS EXP      2
Info: LANGEVIN DYNAMICS ACTIVE
Info: LANGEVIN TEMPERATURE   310
Info: LANGEVIN DAMPING COEFFICIENT IS 5 INVERSE PS
Info: LANGEVIN DYNAMICS NOT APPLIED TO HYDROGENS
Info: LANGEVIN PISTON PRESSURE CONTROL ACTIVE
Info:        TARGET PRESSURE IS 1.01325 BAR
Info:     OSCILLATION PERIOD IS 200 FS
Info:             DECAY TIME IS 50 FS
Info:     PISTON TEMPERATURE IS 310 K
Info:       PRESSURE CONTROL IS GROUP-BASED
Info:    INITIAL STRAIN RATE IS 1.2826e-05 1.2826e-05 3.56739e-06
Info:       CELL FLUCTUATION IS ANISOTROPIC
Info:     SHAPE OF CELL IS CONSTRAINED IN X-Y PLANE
Info: PARTICLE MESH EWALD (PME) ACTIVE
Info: PME TOLERANCE               1e-06
Info: PME EWALD COEFFICIENT       0.257952
Info: PME INTERPOLATION ORDER     4
Info: PME GRID DIMENSIONS         128 128 120
Info: PME MAXIMUM GRID SPACING    1
Info: Attempting to read FFTW data from FFTW_NAMD_2.7_Linux-x86_64.txt
Info: Optimizing 6 FFT steps.  1... 2... 3... 4... 5... 6...   Done.
Info: Writing FFTW data to FFTW_NAMD_2.7_Linux-x86_64.txt
Info: FULL ELECTROSTATIC EVALUATION FREQUENCY      4
Info: USING VERLET I (r-RESPA) MTS SCHEME.
Info: C1 SPLITTING OF LONG RANGE ELECTROSTATICS
Info: PLACING ATOMS IN PATCHES BY HYDROGEN GROUPS
Info: RIGID BONDS TO HYDROGEN : ALL
Info:         ERROR TOLERANCE : 1e-08
Info:          MAX ITERATIONS : 100
Info: RIGID WATER USING SETTLE ALGORITHM
Info: NONBONDED FORCES EVALUATED EVERY 2 STEPS
Info: RANDOM NUMBER SEED     1399168207
Info: USE HYDROGEN BONDS?    NO
Info: COORDINATE PDB         /home/jam2079/Pathrover/2jln/phase2a/dat_equil_phase2a4.coor
Info: STRUCTURE FILE         /home/jam2079/Pathrover/2jln/common/ionized.psf
Info: PARAMETER file: CHARMM format! 
Info: PARAMETERS             /home/jam2079/Pathrover/2jln/common/parameters_all.prm
Info: USING ARITHMETIC MEAN TO COMBINE L-J SIGMA PARAMETERS
Info: BINARY COORDINATES     /home/jam2079/Pathrover/2jln/phase2a/dat_equil_phase2a4.restart.coor
Info: SUMMARY OF PARAMETERS:
Info: 231 BONDS
Info: 615 ANGLES
Info: 936 DIHEDRAL
Info: 55 IMPROPER
Info: 6 CROSSTERM
Info: 152 VDW
Info: 0 VDW_PAIRS
Info: TIME FOR READING PSF FILE: 3.04754
Info: TIME FOR READING PDB FILE: 0.29368
Info: 
Info: Reading from binary file /home/jam2079/Pathrover/2jln/phase2a/dat_equil_phase2a4.restart.coor
Info: ****************************
Info: STRUCTURE SUMMARY:
Info: 172765 ATOMS
Info: 137441 BONDS
Info: 163935 ANGLES
Info: 179819 DIHEDRALS
Info: 2052 IMPROPERS
Info: 0 CROSSTERMS
Info: 0 EXCLUSIONS
Info: 1846 CONSTRAINTS
Info: 145106 RIGID BONDS
Info: 373189 DEGREES OF FREEDOM
Info: 62497 HYDROGEN GROUPS
Info: 4 ATOMS IN LARGEST HYDROGEN GROUP
Info: 62497 MIGRATION GROUPS
Info: 4 ATOMS IN LARGEST MIGRATION GROUP
Info: TOTAL MASS = 1.03211e+06 amu
Info: TOTAL CHARGE = 4.77266e-05 e
Info: MASS DENSITY = 1.00582 g/cm^3
Info: ATOM DENSITY = 0.101389 atoms/A^3
Info: *****************************
Info: 
Info: Entering startup at 4.19626 s, 49.5438 MB of memory in use
Info: Startup phase 0 took 0.042212 s, 49.541 MB of memory in use
Info: Startup phase 1 took 1.39372 s, 86.3596 MB of memory in use
Info: Startup phase 2 took 0.0430529 s, 87.6835 MB of memory in use
Info: PATCH GRID IS 6 (PERIODIC) BY 7 (PERIODIC) BY 6 (PERIODIC)
Info: PATCH GRID IS 1-AWAY BY 1-AWAY BY 1-AWAY
Info: Reading from binary file /home/jam2079/Pathrover/2jln/phase2a/dat_equil_phase2a4.restart.vel
Info: REMOVING COM VELOCITY -0.0187205 -0.0150536 0.0284931
Info: LARGEST PATCH (137) HAS 756 ATOMS
Info: Startup phase 3 took 0.17156 s, 114.442 MB of memory in use
Info: PME using 22 and 22 processors for FFT and reciprocal sum.
Info: PME GRID LOCATIONS: 1 2 3 4 5 6 7 8 9 10 ...
Info: PME TRANS LOCATIONS: 1 2 3 4 5 6 7 8 9 10 ...
Info: Startup phase 4 took 0.055367 s, 114.444 MB of memory in use
Info: Startup phase 5 took 0.067421 s, 89.6793 MB of memory in use
LDB: Central LB being created...
Info: Startup phase 6 took 1.26665 s, 89.7238 MB of memory in use
Info: CREATING 10274 COMPUTE OBJECTS
Info: useSync: 1 useProxySync: 0
Info: NONBONDED TABLE R-SQUARED SPACING: 0.0625
Info: NONBONDED TABLE SIZE: 769 POINTS
Info: Startup phase 7 took 0.0411451 s, 92.8272 MB of memory in use
Info: Startup phase 8 took 0.000339031 s, 94.2152 MB of memory in use
Info: Finished startup at 7.27772 s, 94.2152 MB of memory in use

TCL: Running for 250000 steps
PRESSURE: 0 -13078.6 76.7618 3.37182 70.7793 -13277.6 84.6844 43.7456 47.1587 -13276.2
GPRESSURE: 0 237.629 -121.855 14.7896 51.8607 77.4295 100.433 23.3873 -2.27278 -56.6022
ETITLE:      TS           BOND          ANGLE          DIHED          IMPRP               ELECT            VDW       BOUNDARY           MISC        KINETIC               TOTAL           TEMP      POTENTIAL         TOTAL3        TEMPAVG            PRESSURE      GPRESSURE         VOLUME       PRESSAVG      GPRESSAVG

ENERGY:       0      7996.4754     40385.7105     27654.7900       527.5958        -442156.5319     12742.6586       243.0368         0.0000    115339.5453        -237266.7195       311.0569   -352606.2648   -236972.3984       311.0569         -13210.8023        86.1520   1703984.8149    -13210.8023        86.1520

OPENING EXTENDED SYSTEM TRAJECTORY FILE
LDB: ============= START OF LOAD BALANCING ============== 15.4886
LDB: ============== END OF LOAD BALANCING =============== 15.4892

Info: Initial time: 24 CPUs 0.0809346 s/step 0.936743 days/ns 113.076 MB memory
LDB: ============= START OF LOAD BALANCING ============== 23.8739
LDB: TIME 23.8782 LOAD: AVG 7.0733 MAX 7.6529  PROXIES: TOTAL 624 MAXPE 27 MAXPATCH 4 None 1.25003
LDB: TIME 23.9341 LOAD: AVG 7.0733 MAX 7.07682  PROXIES: TOTAL 624 MAXPE 27 MAXPATCH 4 TorusLB 1.25003
LDB: TIME 23.9343 LOAD: AVG 7.0733 MAX 7.07682  PROXIES: TOTAL 624 MAXPE 27 MAXPATCH 4 TorusLB 1.25003
LDB: ============== END OF LOAD BALANCING =============== 23.9563

Info: Initial time: 24 CPUs 0.0821539 s/step 0.950856 days/ns 112.987 MB memory
LDB: ============= START OF LOAD BALANCING ============== 32.2218
LDB: TIME 32.2279 LOAD: AVG 7.15183 MAX 7.34036  PROXIES: TOTAL 624 MAXPE 27 MAXPATCH 4 None 1.2935
LDB: TIME 32.2376 LOAD: AVG 7.15183 MAX 7.34036  PROXIES: TOTAL 624 MAXPE 27 MAXPATCH 4 RefineTorusLB 1.2935
LDB: ============== END OF LOAD BALANCING =============== 32.2395

Info: Initial time: 24 CPUs 0.0807685 s/step 0.93482 days/ns 114.184 MB memory
LDB: ============= START OF LOAD BALANCING ============== 40.492
LDB: TIME 40.5256 LOAD: AVG 7.13052 MAX 7.25711  PROXIES: TOTAL 624 MAXPE 27 MAXPATCH 4 None 1.28723
LDB: TIME 40.5368 LOAD: AVG 7.13052 MAX 7.25711  PROXIES: TOTAL 624 MAXPE 27 MAXPATCH 4 RefineTorusLB 1.28723
LDB: ============== END OF LOAD BALANCING =============== 40.5392

Info: Benchmark time: 24 CPUs 0.0807932 s/step 0.935107 days/ns 114.342 MB memory
Info: Benchmark time: 24 CPUs 0.0809724 s/step 0.93718 days/ns 114.552 MB memory
Info: Benchmark time: 24 CPUs 0.0803709 s/step 0.930219 days/ns 114.779 MB memory
LDB: ============= START OF LOAD BALANCING ============== 357.416
LDB: ============== END OF LOAD BALANCING =============== 357.417

LDB: ============= START OF LOAD BALANCING ============== 365.757
LDB: TIME 365.79 LOAD: AVG 7.17485 MAX 7.52336  PROXIES: TOTAL 624 MAXPE 27 MAXPATCH 4 None 1.3065
LDB: TIME 365.802 LOAD: AVG 7.17485 MAX 7.52336  PROXIES: TOTAL 624 MAXPE 27 MAXPATCH 4 RefineTorusLB 1.3065
LDB: ============== END OF LOAD BALANCING =============== 365.805

OPENING COORDINATE DCD FILE
WRITING COORDINATES TO DCD FILE AT STEP 5000
WRITING COORDINATES TO RESTART FILE AT STEP 5000
FINISHED WRITING RESTART COORDINATES
PRESSURE: 5000 -13507.5 15.8724 -120.839 30.018 -13653.3 221.832 -181.394 170.768 -13497.2
GPRESSURE: 5000 -165.954 -94.776 -57.6823 12.3284 -234.215 120.726 -131.626 77.9434 -298.337
PRESSAVG: 5000 8.75095 -30.0357 18.2366 -14.7123 -0.517515 5.46193 -3.17748 -13.8286 -4.08046
GPRESSAVG: 5000 9.00895 -30.0895 18.1814 -14.5283 -0.542915 5.5357 -3.34204 -13.8393 -4.30678
TIMING: 5000  CPU: 355.325, 0.0710086/step  Wall: 408.026, 0.0815224/step, 5.54805 hours remaining, 131.421143 MB of memory in use.
ENERGY:    5000      8116.7673     39996.4311     27752.3412       514.1267        -441986.3506     12231.7119       244.2220         0.0000    114592.3223        -238538.4281       309.0417   -353130.7505   -238231.1753       310.1122         -13552.6901      -232.8351   1702148.7077         1.3843         1.3864

WRITING EXTENDED SYSTEM TO RESTART FILE AT STEP 5000
WRITING VELOCITIES TO RESTART FILE AT STEP 5000
FINISHED WRITING RESTART VELOCITIES
LDB: ============= START OF LOAD BALANCING ============== 682.63
LDB: ============== END OF LOAD BALANCING =============== 682.631

LDB: ============= START OF LOAD BALANCING ============== 690.859
LDB: TIME 690.892 LOAD: AVG 7.18685 MAX 7.35553  PROXIES: TOTAL 624 MAXPE 27 MAXPATCH 4 None 1.30843
LDB: TIME 690.903 LOAD: AVG 7.18685 MAX 7.35553  PROXIES: TOTAL 624 MAXPE 27 MAXPATCH 4 RefineTorusLB 1.30843
LDB: ============== END OF LOAD BALANCING =============== 690.906

WRITING COORDINATES TO DCD FILE AT STEP 10000
WRITING COORDINATES TO RESTART FILE AT STEP 10000
FINISHED WRITING RESTART COORDINATES
PRESSURE: 10000 -13651.2 108.562 -19.217 102.913 -13344.1 267.869 -64.9847 240.084 -13276.1
GPRESSURE: 10000 -185.467 -21.2517 -41.126 18.6418 61.1891 304.431 -81.2562 272.865 26.3533
PRESSAVG: 10000 0.258311 -8.81322 -6.17556 -7.51304 -2.99949 -9.50374 5.85595 -25.522 -3.55009
GPRESSAVG: 10000 0.149593 -8.83051 -6.10677 -7.47105 -2.90132 -9.55301 5.80373 -25.4935 -3.4802
TIMING: 10000  CPU: 711.483, 0.0712316/step  Wall: 814.037, 0.0812022/step, 5.41348 hours remaining, 132.865509 MB of memory in use.
ENERGY:   10000      7882.4281     40100.9020     27837.3245       547.0935        -442451.7970     12604.1854       244.9541         0.0000    114681.4257        -238553.4836       309.2820   -353234.9093   -238251.7607       310.0631         -13423.8104       -32.6415   1693513.7391        -2.0971        -2.0773

WRITING EXTENDED SYSTEM TO RESTART FILE AT STEP 10000
WRITING VELOCITIES TO RESTART FILE AT STEP 10000
FINISHED WRITING RESTART VELOCITIES
LDB: ============= START OF LOAD BALANCING ============== 1008.76
LDB: ============== END OF LOAD BALANCING =============== 1008.76

LDB: ============= START OF LOAD BALANCING ============== 1017.17
LDB: TIME 1017.17 LOAD: AVG 7.18058 MAX 7.43725  PROXIES: TOTAL 624 MAXPE 27 MAXPATCH 4 None 1.29379
LDB: TIME 1017.18 LOAD: AVG 7.18058 MAX 7.43725  PROXIES: TOTAL 624 MAXPE 27 MAXPATCH 4 RefineTorusLB 1.29379
LDB: ============== END OF LOAD BALANCING =============== 1017.18

PRESSURE: 15000 -13658.1 -159.337 -78.6681 -155.523 -13515.8 -59.9979 -42.1343 -126.391 -13132.8
GPRESSURE: 15000 -208.023 -24.8428 -62.8935 -114.735 -147.154 -20.0485 -67.2067 -83.1117 156.183
PRESSAVG: 15000 5.94464 7.55283 -7.83692 -20.7568 -12.567 25.818 5.26498 3.54965 -7.91108
GPRESSAVG: 15000 5.91312 7.58445 -7.80538 -20.7999 -12.6751 25.7113 5.38721 3.77629 -7.83751
TIMING: 15000  CPU: 1068.11, 0.071325/step  Wall: 1222.46, 0.0816852/step, 5.33223 hours remaining, 133.409576 MB of memory in use.
ENERGY:   15000      8054.5156     40102.0427     27615.5259       516.8276        -441795.8469     12243.5287       230.5146         0.0000    114561.2294        -238471.6625       308.9578   -353032.8919   -238161.8721       309.6219         -13435.5901       -66.3316   1691603.2388        -4.8445        -4.8665

WRITING EXTENDED SYSTEM TO RESTART FILE AT STEP 15000
WRITING COORDINATES TO DCD FILE AT STEP 15000
WRITING COORDINATES TO RESTART FILE AT STEP 15000
FINISHED WRITING RESTART COORDINATES
WRITING VELOCITIES TO RESTART FILE AT STEP 15000
FINISHED WRITING RESTART VELOCITIES
LDB: ============= START OF LOAD BALANCING ============== 1335.46
LDB: ============== END OF LOAD BALANCING =============== 1335.47

LDB: ============= START OF LOAD BALANCING ============== 1343.77
LDB: TIME 1343.77 LOAD: AVG 7.18534 MAX 7.41224  PROXIES: TOTAL 624 MAXPE 27 MAXPATCH 4 None 1.29654
LDB: TIME 1343.78 LOAD: AVG 7.18534 MAX 7.41224  PROXIES: TOTAL 624 MAXPE 27 MAXPATCH 4 RefineTorusLB 1.29654
LDB: ============== END OF LOAD BALANCING =============== 1343.78

PRESSURE: 20000 -13258 79.2292 -238.189 51.6569 -13351.5 14.9599 -201.207 11.3885 -13327.2
GPRESSURE: 20000 235.495 -30.3292 -186.853 -7.59362 83.8144 85.7494 -126.277 85.7889 -40.5167
PRESSAVG: 20000 22.7556 0.603033 8.31299 -2.60299 -11.4288 8.42856 -6.18067 -15.0509 1.8966
GPRESSAVG: 20000 22.6979 0.668549 8.35499 -2.47747 -11.4459 8.34998 -6.24355 -14.9694 1.78607
TIMING: 20000  CPU: 1424.91, 0.0713604/step  Wall: 1630.28, 0.0815639/step, 5.21103 hours remaining, 132.717682 MB of memory in use.
ENERGY:   20000      7966.9692     40176.7988     27572.4095       489.8613        -442785.9633     12968.6365       241.9928         0.0000    114612.6141        -238756.6810       309.0964   -353369.2951   -238489.7463       309.7839         -13312.2418        92.9309   1692388.6721         4.4078         4.3460

WRITING EXTENDED SYSTEM TO RESTART FILE AT STEP 20000
WRITING COORDINATES TO DCD FILE AT STEP 20000
WRITING COORDINATES TO RESTART FILE AT STEP 20000
FINISHED WRITING RESTART COORDINATES
WRITING VELOCITIES TO RESTART FILE AT STEP 20000
FINISHED WRITING RESTART VELOCITIES
LDB: ============= START OF LOAD BALANCING ============== 1661.84
LDB: ============== END OF LOAD BALANCING =============== 1661.84

LDB: ============= START OF LOAD BALANCING ============== 1670.15
LDB: TIME 1670.15 LOAD: AVG 7.19881 MAX 7.41419  PROXIES: TOTAL 624 MAXPE 27 MAXPATCH 4 None 1.29676
LDB: TIME 1670.16 LOAD: AVG 7.19881 MAX 7.41419  PROXIES: TOTAL 624 MAXPE 27 MAXPATCH 4 RefineTorusLB 1.29676
LDB: ============== END OF LOAD BALANCING =============== 1670.16

LDB: ============= START OF LOAD BALANCING ============== 1989.1
LDB: ============== END OF LOAD BALANCING =============== 1989.1

LDB: ============= START OF LOAD BALANCING ============== 1997.55
LDB: TIME 1997.59 LOAD: AVG 7.19787 MAX 7.41099  PROXIES: TOTAL 624 MAXPE 27 MAXPATCH 4 None 1.30278
LDB: TIME 1997.6 LOAD: AVG 7.19787 MAX 7.41099  PROXIES: TOTAL 624 MAXPE 27 MAXPATCH 4 RefineTorusLB 1.30278
LDB: ============== END OF LOAD BALANCING =============== 1997.6

PRESSURE: 25000 -13310.4 36.3088 97.8656 50.7853 -13366.8 42.6443 55.8148 54.0511 -12974.3
GPRESSURE: 25000 180.649 11.8578 106.15 -28.526 115.873 -6.60068 6.77174 36.842 217.084
PRESSAVG: 25000 2.3561 2.15472 -5.20583 2.65823 -1.48557 -23.5957 11.5382 -5.73085 0.647089
GPRESSAVG: 25000 2.32581 2.12027 -5.18068 2.48462 -1.27539 -23.6746 11.7386 -5.74634 0.695144
TIMING: 25000  CPU: 1782.2, 0.0714575/step  Wall: 2039.91, 0.0819245/step, 5.12028 hours remaining, 134.023071 MB of memory in use.
ENERGY:   25000      8024.8979     40262.2836     27634.6717       510.5567        -443039.2789     12925.3866       243.1996         0.0000    114738.0052        -238700.2775       309.4346   -353438.2827   -238401.7432       310.1003         -13217.1595       171.2021   1693371.9717         0.5059         0.5819

WRITING EXTENDED SYSTEM TO RESTART FILE AT STEP 25000
WRITING COORDINATES TO DCD FILE AT STEP 25000
WRITING COORDINATES TO RESTART FILE AT STEP 25000
FINISHED WRITING RESTART COORDINATES
WRITING VELOCITIES TO RESTART FILE AT STEP 25000
FINISHED WRITING RESTART VELOCITIES
LDB: ============= START OF LOAD BALANCING ============== 2316.25
LDB: ============== END OF LOAD BALANCING =============== 2316.25

LDB: ============= START OF LOAD BALANCING ============== 2324.5
LDB: TIME 2324.51 LOAD: AVG 7.16988 MAX 7.42039  PROXIES: TOTAL 624 MAXPE 27 MAXPATCH 4 None 1.2803
LDB: TIME 2324.51 LOAD: AVG 7.16988 MAX 7.42039  PROXIES: TOTAL 624 MAXPE 27 MAXPATCH 4 RefineTorusLB 1.2803
LDB: ============== END OF LOAD BALANCING =============== 2324.52

PRESSURE: 30000 -13571.9 190.554 -71.81 213.33 -13411.4 18.9217 -66.6725 0.134432 -13251.8
GPRESSURE: 30000 -121.396 57.303 -35.9914 86.8456 115.813 -24.8488 -86.6534 -47.7767 78.6731
PRESSAVG: 30000 -6.08628 9.98314 9.62975 10.932 -1.03983 11.4907 0.33103 14.8068 0.24332
GPRESSAVG: 30000 -6.12674 10.0455 9.75199 11.0832 -1.09731 11.6179 0.378779 14.7411 0.267376
TIMING: 30000  CPU: 2140.13, 0.0715865/step  Wall: 2448.39, 0.0816964/step, 4.99256 hours remaining, 133.852081 MB of memory in use.
ENERGY:   30000      7941.0258     40141.1617     27682.4241       501.2195        -442903.1499     12695.2040       239.0772         0.0000    114740.9080        -238962.1296       309.4424   -353703.0376   -238649.1088       309.8594         -13411.6908        24.3634   1689062.2000        -2.2943        -2.3189

WRITING EXTENDED SYSTEM TO RESTART FILE AT STEP 30000
WRITING COORDINATES TO DCD FILE AT STEP 30000
WRITING COORDINATES TO RESTART FILE AT STEP 30000
FINISHED WRITING RESTART COORDINATES
WRITING VELOCITIES TO RESTART FILE AT STEP 30000
FINISHED WRITING RESTART VELOCITIES
LDB: ============= START OF LOAD BALANCING ============== 2644.39
LDB: ============== END OF LOAD BALANCING =============== 2644.39

LDB: ============= START OF LOAD BALANCING ============== 2652.9
LDB: TIME 2652.9 LOAD: AVG 7.19387 MAX 7.38666  PROXIES: TOTAL 624 MAXPE 27 MAXPATCH 4 None 1.2831
LDB: TIME 2652.91 LOAD: AVG 7.19387 MAX 7.38666  PROXIES: TOTAL 624 MAXPE 27 MAXPATCH 4 RefineTorusLB 1.2831
LDB: ============== END OF LOAD BALANCING =============== 2652.92

WRITING COORDINATES TO DCD FILE AT STEP 35000
WRITING COORDINATES TO RESTART FILE AT STEP 35000
FINISHED WRITING RESTART COORDINATES
PRESSURE: 35000 -13424.9 -61.1873 63.455 -60.5007 -13774.7 -101.408 57.4006 -111.836 -13299
GPRESSURE: 35000 31.1061 -41.2188 107.621 -26.0019 -154.282 -73.0479 65.2796 -108.256 -117.579
PRESSAVG: 35000 -4.0034 -8.75994 10.4975 -6.00769 -5.79121 11.0965 -3.2829 -16.8663 1.38369
GPRESSAVG: 35000 -3.98552 -8.85916 10.3764 -6.03436 -5.86318 11.1214 -3.24241 -16.9496 1.50182
TIMING: 35000  CPU: 2498.66, 0.0717063/step  Wall: 2858.44, 0.0820106/step, 4.89785 hours remaining, 132.433594 MB of memory in use.
ENERGY:   35000      7851.5536     40336.9833     27714.2149       507.8513        -442264.6170     12020.7322       226.9615         0.0000    115145.5022        -238460.8181       310.5335   -353606.3203   -238172.9226       310.0122         -13499.5541       -80.2516   1689042.3110        -2.8036        -2.7823

WRITING EXTENDED SYSTEM TO RESTART FILE AT STEP 35000
WRITING VELOCITIES TO RESTART FILE AT STEP 35000
FINISHED WRITING RESTART VELOCITIES
LDB: ============= START OF LOAD BALANCING ============== 2971.3
LDB: ============== END OF LOAD BALANCING =============== 2971.3

LDB: ============= START OF LOAD BALANCING ============== 2979.72
LDB: TIME 2979.76 LOAD: AVG 7.17311 MAX 7.40028  PROXIES: TOTAL 624 MAXPE 27 MAXPATCH 4 None 1.27436
LDB: TIME 2979.77 LOAD: AVG 7.17311 MAX 7.40028  PROXIES: TOTAL 624 MAXPE 27 MAXPATCH 4 RefineTorusLB 1.27436
LDB: ============== END OF LOAD BALANCING =============== 2979.77

PRESSURE: 40000 -13443.4 25.9985 114.589 -8.67414 -13332.3 -104.751 183.257 -85.8197 -13667.1
GPRESSURE: 40000 27.142 -1.20092 101.596 -41.7342 83.1146 -53.3609 132.098 41.0153 -297.931
PRESSAVG: 40000 2.3302 20.34 -8.02499 10.2467 2.44382 5.57991 12.2618 6.50599 1.13125
GPRESSAVG: 40000 2.20656 20.4562 -8.06227 10.1254 2.49031 5.63395 12.2621 6.5289 1.28722
TIMING: 40000  CPU: 2857.05, 0.0716787/step  Wall: 3267.1, 0.0817315/step, 4.76767 hours remaining, 132.580750 MB of memory in use.
ENERGY:   40000      8053.4584     40217.9841     27662.7079       490.0189        -442709.3735     12450.1432       230.8232         0.0000    114894.3002        -238709.9376       309.8561   -353604.2378   -238409.6912       309.9631         -13480.9383       -62.5582   1686128.1323         1.9684         1.9947

WRITING EXTENDED SYSTEM TO RESTART FILE AT STEP 40000
WRITING COORDINATES TO DCD FILE AT STEP 40000
WRITING COORDINATES TO RESTART FILE AT STEP 40000
FINISHED WRITING RESTART COORDINATES
WRITING VELOCITIES TO RESTART FILE AT STEP 40000
FINISHED WRITING RESTART VELOCITIES
LDB: ============= START OF LOAD BALANCING ============== 3298.81
LDB: ============== END OF LOAD BALANCING =============== 3298.81

LDB: ============= START OF LOAD BALANCING ============== 3307.12
LDB: TIME 3307.16 LOAD: AVG 7.19827 MAX 7.34061  PROXIES: TOTAL 624 MAXPE 27 MAXPATCH 4 None 1.28605
LDB: TIME 3307.17 LOAD: AVG 7.19827 MAX 7.34061  PROXIES: TOTAL 624 MAXPE 27 MAXPATCH 4 RefineTorusLB 1.28605
LDB: ============== END OF LOAD BALANCING =============== 3307.17

LDB: ============= START OF LOAD BALANCING ============== 3625.45
LDB: ============== END OF LOAD BALANCING =============== 3625.45

LDB: ============= START OF LOAD BALANCING ============== 3633.83
LDB: TIME 3633.87 LOAD: AVG 7.20916 MAX 7.44676  PROXIES: TOTAL 624 MAXPE 27 MAXPATCH 4 None 1.28865
LDB: TIME 3633.88 LOAD: AVG 7.20916 MAX 7.44676  PROXIES: TOTAL 624 MAXPE 27 MAXPATCH 4 RefineTorusLB 1.28865
LDB: ============== END OF LOAD BALANCING =============== 3633.88

PRESSURE: 45000 -13536 35.3985 55.1564 50.2806 -13705.5 103.421 15.4945 86.3713 -13310.5
GPRESSURE: 45000 -41.0268 8.40894 46.1653 -1.49154 -228.801 45.3054 -31.375 22.3591 -27.6955
PRESSAVG: 45000 3.73123 21.1244 12.9598 3.81098 3.489 23.2864 3.30492 10.3645 -3.13547
GPRESSAVG: 45000 3.76679 21.0843 12.9654 3.91714 3.55303 23.2357 3.31395 10.3578 -3.1332
TIMING: 45000  CPU: 3215.14, 0.0716169/step  Wall: 3676.05, 0.0817913/step, 4.65756 hours remaining, 132.909698 MB of memory in use.
ENERGY:   45000      7953.1354     40267.0136     27576.7089       521.6311        -442267.7915     12287.3997       236.5330         0.0000    114493.9330        -238931.4367       308.7763   -353425.3697   -238619.3816       309.5183         -13517.3389       -99.1743   1687799.4248         1.3616         1.3955

WRITING EXTENDED SYSTEM TO RESTART FILE AT STEP 45000
WRITING COORDINATES TO DCD FILE AT STEP 45000
WRITING COORDINATES TO RESTART FILE AT STEP 45000
FINISHED WRITING RESTART COORDINATES
WRITING VELOCITIES TO RESTART FILE AT STEP 45000
FINISHED WRITING RESTART VELOCITIES
LDB: ============= START OF LOAD BALANCING ============== 3952.18
LDB: ============== END OF LOAD BALANCING =============== 3952.18

LDB: ============= START OF LOAD BALANCING ============== 3960.51
LDB: TIME 3960.51 LOAD: AVG 7.20098 MAX 7.40767  PROXIES: TOTAL 624 MAXPE 27 MAXPATCH 4 None 1.28467
LDB: TIME 3960.52 LOAD: AVG 7.20098 MAX 7.40767  PROXIES: TOTAL 624 MAXPE 27 MAXPATCH 4 RefineTorusLB 1.28467
LDB: ============== END OF LOAD BALANCING =============== 3960.52

PRESSURE: 50000 -13582.3 -172.584 -48.3016 -171.823 -13483.1 26.5688 -63.6619 41.5012 -13442.4
GPRESSURE: 50000 -101.417 -98.829 -88.0487 -140.681 -71.797 112.952 -52.6632 1.24138 39.9241
PRESSAVG: 50000 4.75924 -14.7134 27.0501 -3.22768 -1.58251 3.90622 -3.65869 4.86594 2.13422
GPRESSAVG: 50000 4.82327 -14.5033 27.1468 -3.21368 -1.7018 3.96722 -3.66951 4.86505 2.29107
TIMING: 50000  CPU: 3574.21, 0.0718149/step  Wall: 4085.06, 0.0818023/step, 4.54457 hours remaining, 133.044952 MB of memory in use.
ETITLE:      TS           BOND          ANGLE          DIHED          IMPRP               ELECT            VDW       BOUNDARY           MISC        KINETIC               TOTAL           TEMP      POTENTIAL         TOTAL3        TEMPAVG            PRESSURE      GPRESSURE         VOLUME       PRESSAVG      GPRESSAVG

ENERGY:   50000      8061.4410     40188.5289     27540.9538       503.6254        -442881.6097     12439.7552       249.3806         0.0000    114913.6013        -238984.3233       309.9081   -353897.9247   -238692.1609       309.6573         -13502.5748       -44.4300   1685284.5847         1.7703         1.8042

WRITING EXTENDED SYSTEM TO RESTART FILE AT STEP 50000
WRITING COORDINATES TO DCD FILE AT STEP 50000
WRITING COORDINATES TO RESTART FILE AT STEP 50000
FINISHED WRITING RESTART COORDINATES
WRITING VELOCITIES TO RESTART FILE AT STEP 50000
FINISHED WRITING RESTART VELOCITIES
LDB: ============= START OF LOAD BALANCING ============== 4280.31
LDB: ============== END OF LOAD BALANCING =============== 4280.31

LDB: ============= START OF LOAD BALANCING ============== 4288.68
LDB: TIME 4288.71 LOAD: AVG 7.21299 MAX 7.4094  PROXIES: TOTAL 624 MAXPE 27 MAXPATCH 4 None 1.29302
LDB: TIME 4288.72 LOAD: AVG 7.21299 MAX 7.4094  PROXIES: TOTAL 624 MAXPE 27 MAXPATCH 4 RefineTorusLB 1.29302
LDB: ============== END OF LOAD BALANCING =============== 4288.72

PRESSURE: 55000 -13343.6 -14.5159 36.4165 -11.8492 -13290.2 -65.5178 55.9106 -51.8948 -12873.7
GPRESSURE: 55000 199.093 -45.8664 -6.02501 -47.4052 80.6192 -139.721 -29.6949 -100.986 490.68
PRESSAVG: 55000 9.39957 -24.6295 26.6066 -5.49734 -13.1119 3.05942 6.24107 13.2662 -0.88955
GPRESSAVG: 55000 9.35877 -24.6174 26.5857 -5.41077 -13.0455 2.87058 6.20473 13.4121 -0.996728
TIMING: 55000  CPU: 3931.71, 0.0714999/step  Wall: 4494.69, 0.0819247/step, 4.43759 hours remaining, 134.041016 MB of memory in use.
ENERGY:   55000      7992.2174     40262.4534     27640.6338       514.9769        -442252.9607     12046.8834       245.1789         0.0000    114711.7865        -238838.8304       309.3639   -353550.6169   -238547.3202       309.4418         -13169.1505       256.7972   1686110.5307        -1.5339        -1.5612

WRITING EXTENDED SYSTEM TO RESTART FILE AT STEP 55000
WRITING COORDINATES TO DCD FILE AT STEP 55000
WRITING COORDINATES TO RESTART FILE AT STEP 55000
FINISHED WRITING RESTART COORDINATES
WRITING VELOCITIES TO RESTART FILE AT STEP 55000
FINISHED WRITING RESTART VELOCITIES
LDB: ============= START OF LOAD BALANCING ============== 4608.24
LDB: ============== END OF LOAD BALANCING =============== 4608.24

LDB: ============= START OF LOAD BALANCING ============== 4616.6
LDB: TIME 4616.61 LOAD: AVG 7.22401 MAX 7.5053  PROXIES: TOTAL 624 MAXPE 27 MAXPATCH 4 None 1.30094
LDB: TIME 4616.61 LOAD: AVG 7.22401 MAX 7.5053  PROXIES: TOTAL 624 MAXPE 27 MAXPATCH 4 RefineTorusLB 1.30094
LDB: ============== END OF LOAD BALANCING =============== 4616.61

WRITING COORDINATES TO DCD FILE AT STEP 60000
WRITING COORDINATES TO RESTART FILE AT STEP 60000
FINISHED WRITING RESTART COORDINATES
WRITING VELOCITIES TO RESTART FILE AT STEP 60000
FINISHED WRITING RESTART VELOCITIES
PRESSURE: 60000 -13483.9 53.2905 127.776 67.6779 -13480.4 -72.6698 97.9836 -60.2962 -13473.5
GPRESSURE: 60000 16.8748 -18.3427 68.0497 -68.5038 -56.2601 -50.4564 24.5435 -153.061 -238.558
PRESSAVG: 60000 0.351007 -33.7774 0.797117 -30.6345 -8.39339 7.99449 5.10244 0.499876 2.6701
GPRESSAVG: 60000 0.444944 -33.6307 0.709758 -30.6456 -8.622 8.10521 5.13716 0.65509 2.69791
TIMING: 60000  CPU: 4290.17, 0.0716905/step  Wall: 4904.46, 0.0819546/step, 4.32538 hours remaining, 132.457581 MB of memory in use.
ENERGY:   60000      8131.4811     40308.2619     27544.4149       467.4694        -442166.9311     12126.3312       238.1877         0.0000    114539.9646        -238810.8202       308.9005   -353350.7848   -238502.6326       309.7743         -13479.2864       -92.6479   1690300.6250        -1.7908        -1.8264

WRITING EXTENDED SYSTEM TO RESTART FILE AT STEP 60000
LDB: ============= START OF LOAD BALANCING ============== 4935.9
LDB: ============== END OF LOAD BALANCING =============== 4935.9

LDB: ============= START OF LOAD BALANCING ============== 4944.21
LDB: TIME 4944.21 LOAD: AVG 7.20623 MAX 7.50474  PROXIES: TOTAL 624 MAXPE 27 MAXPATCH 4 None 1.2953
LDB: TIME 4944.22 LOAD: AVG 7.20623 MAX 7.50474  PROXIES: TOTAL 624 MAXPE 27 MAXPATCH 4 RefineTorusLB 1.2953
LDB: ============== END OF LOAD BALANCING =============== 4944.22

LDB: ============= START OF LOAD BALANCING ============== 5263.75
LDB: ============== END OF LOAD BALANCING =============== 5263.75

LDB: ============= START OF LOAD BALANCING ============== 5272.23
LDB: TIME 5272.26 LOAD: AVG 7.22734 MAX 7.43991  PROXIES: TOTAL 624 MAXPE 27 MAXPATCH 4 None 1.2973
LDB: TIME 5272.27 LOAD: AVG 7.22734 MAX 7.43991  PROXIES: TOTAL 624 MAXPE 27 MAXPATCH 4 RefineTorusLB 1.2973
LDB: ============== END OF LOAD BALANCING =============== 5272.28

PRESSURE: 65000 -13286.2 -67.9053 -62.4222 -98.3324 -13697.8 -236.525 -79.6071 -182.537 -13447.9
GPRESSURE: 65000 126.657 -43.9261 -68.7073 -69.8592 -192.62 -234.346 -78.105 -91.0351 -63.5205
PRESSAVG: 65000 0.159801 0.165776 4.78527 -19.046 -1.31003 3.9555 9.49418 -6.83819 -0.254085
GPRESSAVG: 65000 0.127728 0.141049 4.78376 -18.8114 -1.18217 3.98763 9.41958 -6.74195 -0.14057
TIMING: 65000  CPU: 4647.19, 0.0714055/step  Wall: 5314.7, 0.0820469/step, 4.2163 hours remaining, 133.194000 MB of memory in use.
ENERGY:   65000      8033.3716     40133.7733     27685.9961       515.6047        -442753.7346     12534.9958       244.6463         0.0000    114870.9431        -238734.4037       309.7931   -353605.3467   -238438.1336       309.8884         -13477.3073       -43.1611   1686891.5238        -0.4681        -0.3983

WRITING EXTENDED SYSTEM TO RESTART FILE AT STEP 65000
WRITING COORDINATES TO DCD FILE AT STEP 65000
WRITING COORDINATES TO RESTART FILE AT STEP 65000
FINISHED WRITING RESTART COORDINATES
WRITING VELOCITIES TO RESTART FILE AT STEP 65000
FINISHED WRITING RESTART VELOCITIES
LDB: ============= START OF LOAD BALANCING ============== 5593.01
LDB: ============== END OF LOAD BALANCING =============== 5593.01

LDB: ============= START OF LOAD BALANCING ============== 5601.43
LDB: TIME 5601.46 LOAD: AVG 7.21293 MAX 7.55786  PROXIES: TOTAL 624 MAXPE 27 MAXPATCH 4 None 1.28666
LDB: TIME 5601.48 LOAD: AVG 7.21293 MAX 7.55786  PROXIES: TOTAL 624 MAXPE 27 MAXPATCH 4 RefineTorusLB 1.28666
LDB: ============== END OF LOAD BALANCING =============== 5601.48

PRESSURE: 70000 -13294 -92.3525 -137.192 -82.558 -13444.7 -84.071 -108.536 -114.838 -13408.9
GPRESSURE: 70000 47.5384 -124.921 -107.499 -100.974 -33.632 41.3453 51.7908 -58.4763 -27.9762
PRESSAVG: 70000 -2.15429 -5.50825 -11.9448 6.58631 2.47771 -19.7107 -6.07544 -16.7789 -0.455492
GPRESSAVG: 70000 -2.26168 -5.49786 -12.0716 6.53755 2.41112 -19.5824 -6.12966 -16.8858 -0.358613
TIMING: 70000  CPU: 5006.19, 0.0717993/step  Wall: 5725.59, 0.0821784/step, 4.10892 hours remaining, 133.874664 MB of memory in use.
ENERGY:   70000      7979.3147     39975.0268     27565.2579       467.3090        -440973.4249     11524.5748       237.5481         0.0000    114623.6247        -238600.7689       309.1261   -353224.3937   -238320.9459       309.5402         -13382.5346        -4.6899   1686324.4953        -0.0440        -0.0697

WRITING EXTENDED SYSTEM TO RESTART FILE AT STEP 70000
WRITING COORDINATES TO DCD FILE AT STEP 70000
WRITING COORDINATES TO RESTART FILE AT STEP 70000
FINISHED WRITING RESTART COORDINATES
WRITING VELOCITIES TO RESTART FILE AT STEP 70000
FINISHED WRITING RESTART VELOCITIES
LDB: ============= START OF LOAD BALANCING ============== 5921.09
LDB: ============== END OF LOAD BALANCING =============== 5921.09

LDB: ============= START OF LOAD BALANCING ============== 5929.36
LDB: TIME 5929.4 LOAD: AVG 7.21328 MAX 7.4446  PROXIES: TOTAL 624 MAXPE 27 MAXPATCH 4 None 1.29063
LDB: TIME 5929.41 LOAD: AVG 7.21328 MAX 7.4446  PROXIES: TOTAL 624 MAXPE 27 MAXPATCH 4 RefineTorusLB 1.29063
LDB: ============== END OF LOAD BALANCING =============== 5929.41

PRESSURE: 75000 -13662.7 96.5124 20.1265 96.4945 -13406.9 -58.6115 -32.8685 -68.5491 -13683.3
GPRESSURE: 75000 -203.149 66.478 89.4669 124.375 91.1693 -26.4298 53.156 -34.4178 -425.773
PRESSAVG: 75000 -2.03751 2.41427 0.108584 15.6544 -1.87676 1.28582 3.11785 -0.251933 1.70001
GPRESSAVG: 75000 -2.11781 2.50715 0.375649 15.7349 -1.89648 1.28873 3.05901 -0.134736 1.86461
TIMING: 75000  CPU: 5364.42, 0.0716453/step  Wall: 6135.77, 0.0820365/step, 3.98789 hours remaining, 132.567322 MB of memory in use.
ENERGY:   75000      8060.4953     40160.6427     27570.9609       493.8238        -441976.5500     11601.0176       249.1572         0.0000    114638.3741        -239202.0784       309.1659   -353840.4525   -238920.5166       309.9290         -13584.3291      -179.2509   1685344.9391        -0.7381        -0.7166

WRITING EXTENDED SYSTEM TO RESTART FILE AT STEP 75000
WRITING COORDINATES TO DCD FILE AT STEP 75000
WRITING COORDINATES TO RESTART FILE AT STEP 75000
FINISHED WRITING RESTART COORDINATES
WRITING VELOCITIES TO RESTART FILE AT STEP 75000
FINISHED WRITING RESTART VELOCITIES
LDB: ============= START OF LOAD BALANCING ============== 6249.43
LDB: ============== END OF LOAD BALANCING =============== 6249.43

LDB: ============= START OF LOAD BALANCING ============== 6257.7
LDB: TIME 6257.74 LOAD: AVG 7.19851 MAX 7.39839  PROXIES: TOTAL 624 MAXPE 27 MAXPATCH 4 None 1.2874
LDB: TIME 6257.75 LOAD: AVG 7.19851 MAX 7.39839  PROXIES: TOTAL 624 MAXPE 27 MAXPATCH 4 RefineTorusLB 1.2874
LDB: ============== END OF LOAD BALANCING =============== 6257.75

PRESSURE: 80000 -13256.7 67.0278 -48.3521 78.8052 -13156.4 -26.4453 -8.48409 -86.0671 -12840.6
GPRESSURE: 80000 252.139 61.0198 -145.765 76.1736 251.247 16.0205 -87.8531 -25.6641 517.475
PRESSAVG: 80000 10.0503 7.15303 11.0544 -7.32795 -17.4684 -14.7603 9.23092 -20.9184 -0.847347
GPRESSAVG: 80000 10.0327 7.22685 10.9826 -7.37499 -17.4569 -14.8354 9.40258 -20.7337 -0.812499
TIMING: 80000  CPU: 5721.8, 0.0714757/step  Wall: 6545.01, 0.0818474/step, 3.86502 hours remaining, 133.569702 MB of memory in use.
ENERGY:   80000      7908.8058     40024.8559     27603.8775       518.8845        -442963.5519     13144.7500       233.1123         0.0000    114501.3324        -239027.9336       308.7963   -353529.2660   -238724.4633       309.7210         -13084.5973       340.2871   1685796.5660        -2.7551        -2.7456

WRITING EXTENDED SYSTEM TO RESTART FILE AT STEP 80000
WRITING COORDINATES TO DCD FILE AT STEP 80000
WRITING COORDINATES TO RESTART FILE AT STEP 80000
FINISHED WRITING RESTART COORDINATES
WRITING VELOCITIES TO RESTART FILE AT STEP 80000
FINISHED WRITING RESTART VELOCITIES
LDB: ============= START OF LOAD BALANCING ============== 6576.52
LDB: ============== END OF LOAD BALANCING =============== 6576.53

LDB: ============= START OF LOAD BALANCING ============== 6585.02
LDB: TIME 6585.03 LOAD: AVG 7.21011 MAX 7.5029  PROXIES: TOTAL 624 MAXPE 27 MAXPATCH 4 None 1.29474
LDB: TIME 6585.03 LOAD: AVG 7.21011 MAX 7.5029  PROXIES: TOTAL 624 MAXPE 27 MAXPATCH 4 RefineTorusLB 1.29474
LDB: ============== END OF LOAD BALANCING =============== 6585.03

LDB: ============= START OF LOAD BALANCING ============== 6904.49
LDB: ============== END OF LOAD BALANCING =============== 6904.49

LDB: ============= START OF LOAD BALANCING ============== 6912.89
LDB: TIME 6912.92 LOAD: AVG 7.21121 MAX 7.47392  PROXIES: TOTAL 624 MAXPE 27 MAXPATCH 4 None 1.29182
LDB: TIME 6912.94 LOAD: AVG 7.21121 MAX 7.47392  PROXIES: TOTAL 624 MAXPE 27 MAXPATCH 4 RefineTorusLB 1.29182
LDB: ============== END OF LOAD BALANCING =============== 6912.94

PRESSURE: 85000 -13364.3 -17.0389 42.8441 -2.26824 -13126.7 -46.7613 22.856 -90.3141 -13056.5
GPRESSURE: 85000 156.269 -18.1351 85.1311 -134.941 215.431 -86.5246 -38.9526 -61.5326 335.859
PRESSAVG: 85000 10.8202 4.73487 -0.720189 8.03414 -0.0449079 -13.8322 -6.23587 -10.3327 3.74657
GPRESSAVG: 85000 10.7722 4.57757 -0.726296 7.88488 -0.0488162 -13.7172 -6.23198 -10.2872 3.69685
TIMING: 85000  CPU: 6080.35, 0.0717101/step  Wall: 6955.01, 0.0820008/step, 3.75837 hours remaining, 133.737366 MB of memory in use.
ENERGY:   85000      7974.1806     40355.7449     27570.6627       516.2521        -442446.6910     12527.4468       233.7844         0.0000    114898.9533        -238369.6661       309.8686   -353268.6194   -238077.3287       309.7290         -13182.5004       235.8532   1686136.7481         4.8406         4.8068

WRITING EXTENDED SYSTEM TO RESTART FILE AT STEP 85000
WRITING COORDINATES TO DCD FILE AT STEP 85000
WRITING COORDINATES TO RESTART FILE AT STEP 85000
FINISHED WRITING RESTART COORDINATES
WRITING VELOCITIES TO RESTART FILE AT STEP 85000
FINISHED WRITING RESTART VELOCITIES
LDB: ============= START OF LOAD BALANCING ============== 7232.77
LDB: ============== END OF LOAD BALANCING =============== 7232.77

LDB: ============= START OF LOAD BALANCING ============== 7241.21
LDB: TIME 7241.21 LOAD: AVG 7.21155 MAX 7.43724  PROXIES: TOTAL 624 MAXPE 27 MAXPATCH 4 None 1.2936
LDB: TIME 7241.22 LOAD: AVG 7.21155 MAX 7.43724  PROXIES: TOTAL 624 MAXPE 27 MAXPATCH 4 RefineTorusLB 1.2936
LDB: ============== END OF LOAD BALANCING =============== 7241.22

PRESSURE: 90000 -13441.5 -84.3639 31.8352 -113.365 -13631.4 41.9773 -16.619 -12.516 -13494.8
GPRESSURE: 90000 -16.2446 -83.7357 -14.6495 -20.7363 -152.513 51.5369 -32.9612 -53.9699 -154.669
PRESSAVG: 90000 13.3726 -9.79784 -3.81461 -7.81359 -7.54549 -26.9866 -9.49425 -30.3983 -1.4206
GPRESSAVG: 90000 13.283 -9.91033 -3.79498 -7.82576 -7.50019 -26.9475 -9.59185 -30.5524 -1.4748
TIMING: 90000  CPU: 6437.07, 0.071345/step  Wall: 7365.8, 0.0821582/step, 3.65148 hours remaining, 133.442169 MB of memory in use.
ENERGY:   90000      8001.4097     40355.0221     27555.1176       496.3081        -442242.1027     12102.3125       230.9458         0.0000    114268.5736        -239232.4133       308.1686   -353500.9869   -238942.4476       309.6156         -13522.5599      -107.8088   1685332.1484         1.4688         1.4360

WRITING EXTENDED SYSTEM TO RESTART FILE AT STEP 90000
WRITING COORDINATES TO DCD FILE AT STEP 90000
WRITING COORDINATES TO RESTART FILE AT STEP 90000
FINISHED WRITING RESTART COORDINATES
WRITING VELOCITIES TO RESTART FILE AT STEP 90000
FINISHED WRITING RESTART VELOCITIES
LDB: ============= START OF LOAD BALANCING ============== 7561.89
LDB: ============== END OF LOAD BALANCING =============== 7561.89

LDB: ============= START OF LOAD BALANCING ============== 7570.33
LDB: TIME 7570.34 LOAD: AVG 7.21005 MAX 7.42951  PROXIES: TOTAL 624 MAXPE 27 MAXPATCH 4 None 1.2913
LDB: TIME 7570.34 LOAD: AVG 7.21005 MAX 7.42951  PROXIES: TOTAL 624 MAXPE 27 MAXPATCH 4 RefineTorusLB 1.2913
LDB: ============== END OF LOAD BALANCING =============== 7570.35

PRESSURE: 95000 -13432.4 -157.735 0.822226 -164.994 -13298.1 186.163 34.7159 141.278 -13273.1
GPRESSURE: 95000 106.41 -127.232 -46.3179 -57.9578 234.413 197.337 -5.40927 177.292 23.6548
PRESSAVG: 95000 14.4788 22.7995 -10.1261 -0.493824 -6.03908 -7.38386 8.07515 -2.51025 -1.94401
GPRESSAVG: 95000 14.7483 22.8775 -10.0769 -0.344797 -6.24604 -7.47006 8.04653 -2.47654 -1.84828
TIMING: 95000  CPU: 6794.03, 0.0713913/step  Wall: 7777.23, 0.0822855/step, 3.54285 hours remaining, 133.536896 MB of memory in use.
ENERGY:   95000      8085.7025     40327.8846     27604.0165       489.8038        -443237.1403     13027.7514       236.1470         0.0000    114361.7392        -239104.0952       308.4198   -353465.8345   -238831.3001       309.6404         -13334.5671       121.4927   1685841.3151         2.1652         2.2180

WRITING EXTENDED SYSTEM TO RESTART FILE AT STEP 95000
WRITING COORDINATES TO DCD FILE AT STEP 95000
WRITING COORDINATES TO RESTART FILE AT STEP 95000
FINISHED WRITING RESTART COORDINATES
WRITING VELOCITIES TO RESTART FILE AT STEP 95000
FINISHED WRITING RESTART VELOCITIES
LDB: ============= START OF LOAD BALANCING ============== 7891.34
LDB: ============== END OF LOAD BALANCING =============== 7891.34

LDB: ============= START OF LOAD BALANCING ============== 7899.9
LDB: TIME 7899.93 LOAD: AVG 7.20991 MAX 7.6277  PROXIES: TOTAL 624 MAXPE 27 MAXPATCH 4 None 1.28916
LDB: TIME 7899.95 LOAD: AVG 7.20991 MAX 7.56833  PROXIES: TOTAL 624 MAXPE 27 MAXPATCH 4 RefineTorusLB 1.28916
LDB: ============== END OF LOAD BALANCING =============== 7899.95

PRESSURE: 100000 -13034 -180.101 42.8578 -140.013 -13461.2 -24.8043 83.2282 -66.4081 -13239.9
GPRESSURE: 100000 283.672 -189.826 85.6444 -55.1544 -33.514 -101.337 73.8412 -78.7954 183.014
PRESSAVG: 100000 4.23535 0.631454 -14.1538 -0.0108618 1.14863 -6.9448 4.91167 5.10768 1.33692
GPRESSAVG: 100000 4.06057 0.588194 -14.1139 -0.0527506 1.31059 -6.94439 5.08169 4.92215 1.30507
TIMING: 100000  CPU: 7150.83, 0.07136/step  Wall: 8189.14, 0.0823815/step, 3.43256 hours remaining, 133.289246 MB of memory in use.
ETITLE:      TS           BOND          ANGLE          DIHED          IMPRP               ELECT            VDW       BOUNDARY           MISC        KINETIC               TOTAL           TEMP      POTENTIAL         TOTAL3        TEMPAVG            PRESSURE      GPRESSURE         VOLUME       PRESSAVG      GPRESSAVG

ENERGY:  100000      7981.8830     40270.2799     27535.9301       507.8801        -441646.1387     11812.6152       224.6851         0.0000    115204.1042        -238108.7610       310.6916   -353312.8652   -237816.4431       309.9576         -13245.0185       144.3907   1685422.7341         2.2403         2.2254

WRITING EXTENDED SYSTEM TO RESTART FILE AT STEP 100000
WRITING COORDINATES TO DCD FILE AT STEP 100000
WRITING COORDINATES TO RESTART FILE AT STEP 100000
FINISHED WRITING RESTART COORDINATES
WRITING VELOCITIES TO RESTART FILE AT STEP 100000
FINISHED WRITING RESTART VELOCITIES
LDB: ============= START OF LOAD BALANCING ============== 8221.04
LDB: ============== END OF LOAD BALANCING =============== 8221.04

LDB: ============= START OF LOAD BALANCING ============== 8229.42
LDB: TIME 8229.42 LOAD: AVG 7.23162 MAX 7.38525  PROXIES: TOTAL 624 MAXPE 27 MAXPATCH 4 None 1.29436
LDB: TIME 8229.43 LOAD: AVG 7.23162 MAX 7.38525  PROXIES: TOTAL 624 MAXPE 27 MAXPATCH 4 RefineTorusLB 1.29436
LDB: ============== END OF LOAD BALANCING =============== 8229.43

LDB: ============= START OF LOAD BALANCING ============== 8550.05
LDB: ============== END OF LOAD BALANCING =============== 8550.06

LDB: ============= START OF LOAD BALANCING ============== 8558.49
LDB: TIME 8558.52 LOAD: AVG 7.20244 MAX 7.40418  PROXIES: TOTAL 624 MAXPE 27 MAXPATCH 4 None 1.28292
LDB: TIME 8558.54 LOAD: AVG 7.20244 MAX 7.40418  PROXIES: TOTAL 624 MAXPE 27 MAXPATCH 4 RefineTorusLB 1.28292
LDB: ============== END OF LOAD BALANCING =============== 8558.54

PRESSURE: 105000 -13377.1 -9.50518 89.0213 -49.2055 -13404.4 -108.044 97.7733 -100.252 -13201.6
GPRESSURE: 105000 65.0055 15.4419 24.6821 10.1207 87.752 -107.222 60.6465 -60.0955 90.3115
PRESSAVG: 105000 1.40374 43.0599 -8.66433 23.9007 -13.7001 0.734919 15.7396 3.8506 2.26009
GPRESSAVG: 105000 1.3719 42.9461 -8.84724 23.86 -13.6441 0.76737 15.7433 3.62324 2.27882
TIMING: 105000  CPU: 7506.77, 0.0711894/step  Wall: 8600.75, 0.0823225/step, 3.31577 hours remaining, 132.800354 MB of memory in use.
ENERGY:  105000      7797.1988     40396.9673     27640.0582       515.8441        -441889.1830     12016.2068       231.7478         0.0000    114816.5044        -238474.6558       309.6463   -353291.1602   -238203.8408       310.1522         -13327.7413        81.0230   1684734.0234        -3.3454        -3.3311

WRITING EXTENDED SYSTEM TO RESTART FILE AT STEP 105000
WRITING COORDINATES TO DCD FILE AT STEP 105000
WRITING COORDINATES TO RESTART FILE AT STEP 105000
FINISHED WRITING RESTART COORDINATES
WRITING VELOCITIES TO RESTART FILE AT STEP 105000
FINISHED WRITING RESTART VELOCITIES
LDB: ============= START OF LOAD BALANCING ============== 8878.81
LDB: ============== END OF LOAD BALANCING =============== 8878.81

LDB: ============= START OF LOAD BALANCING ============== 8887.17
LDB: TIME 8887.17 LOAD: AVG 7.21085 MAX 7.46445  PROXIES: TOTAL 624 MAXPE 27 MAXPATCH 4 None 1.29558
LDB: TIME 8887.18 LOAD: AVG 7.21085 MAX 7.46445  PROXIES: TOTAL 624 MAXPE 27 MAXPATCH 4 RefineTorusLB 1.29558
LDB: ============== END OF LOAD BALANCING =============== 8887.19

PRESSURE: 110000 -13353.7 71.7139 -5.15013 44.3954 -13592.1 -53.8832 64.683 -100.806 -13539.6
GPRESSURE: 110000 6.25239 26.6186 -29.8921 85.0994 -132.08 -89.0109 -23.5755 -135.365 -119.879
PRESSAVG: 110000 6.80035 38.9865 -12.3758 29.2787 -5.95055 -28.1108 2.47774 -19.9777 -5.81971
GPRESSAVG: 110000 6.83736 39.0335 -12.2262 29.3096 -5.8406 -28.0455 2.30364 -19.9629 -5.7364
TIMING: 110000  CPU: 7865.27, 0.0716995/step  Wall: 9011.37, 0.0821242/step, 3.19372 hours remaining, 132.017944 MB of memory in use.
ENERGY:  110000      7977.8221     40392.8090     27538.1969       493.7864        -441901.0719     11868.3407       230.2002         0.0000    114484.1919        -238915.7248       308.7501   -353399.9167   -238612.5863       309.9086         -13495.1357       -81.9022   1683980.9065        -1.6566        -1.5799

WRITING EXTENDED SYSTEM TO RESTART FILE AT STEP 110000
WRITING COORDINATES TO DCD FILE AT STEP 110000
WRITING COORDINATES TO RESTART FILE AT STEP 110000
FINISHED WRITING RESTART COORDINATES
WRITING VELOCITIES TO RESTART FILE AT STEP 110000
FINISHED WRITING RESTART VELOCITIES
LDB: ============= START OF LOAD BALANCING ============== 9206.75
LDB: ============== END OF LOAD BALANCING =============== 9206.75

LDB: ============= START OF LOAD BALANCING ============== 9215.18
LDB: TIME 9215.21 LOAD: AVG 7.2307 MAX 7.52369  PROXIES: TOTAL 624 MAXPE 27 MAXPATCH 4 None 1.30023
LDB: TIME 9215.23 LOAD: AVG 7.2307 MAX 7.52369  PROXIES: TOTAL 624 MAXPE 27 MAXPATCH 4 RefineTorusLB 1.30023
LDB: ============== END OF LOAD BALANCING =============== 9215.23

PRESSURE: 115000 -13621.9 -54.6318 -24.6478 -3.32418 -13805.6 23.3476 -45.3141 -10.123 -13506.7
GPRESSURE: 115000 -178.266 -110.266 -13.0872 -45.3986 -304.763 96.2695 35.4088 28.8427 -174.808
PRESSAVG: 115000 4.11294 -21.5105 -12.4735 -5.86055 -8.43133 -8.68111 -14.3318 -9.78292 -0.702176
GPRESSAVG: 115000 4.11287 -21.5761 -12.5972 -5.98089 -8.45624 -8.5503 -14.1803 -9.73436 -0.673492
TIMING: 115000  CPU: 8222.82, 0.0715099/step  Wall: 9422.1, 0.082145/step, 3.08044 hours remaining, 133.071106 MB of memory in use.
ENERGY:  115000      8139.6282     40465.7161     27728.8151       510.2580        -442236.3899     12100.4729       234.1105         0.0000    114677.5880        -238379.8011       309.2716   -353057.3891   -238085.6829       309.9853         -13644.7022      -219.2790   1686472.4541        -1.6735        -1.6723

WRITING EXTENDED SYSTEM TO RESTART FILE AT STEP 115000
WRITING COORDINATES TO DCD FILE AT STEP 115000
WRITING COORDINATES TO RESTART FILE AT STEP 115000
FINISHED WRITING RESTART COORDINATES
WRITING VELOCITIES TO RESTART FILE AT STEP 115000
FINISHED WRITING RESTART VELOCITIES
LDB: ============= START OF LOAD BALANCING ============== 9535.79
LDB: ============== END OF LOAD BALANCING =============== 9535.79

LDB: ============= START OF LOAD BALANCING ============== 9544.21
LDB: TIME 9544.25 LOAD: AVG 7.23013 MAX 7.38463  PROXIES: TOTAL 624 MAXPE 27 MAXPATCH 4 None 1.28582
LDB: TIME 9544.26 LOAD: AVG 7.23013 MAX 7.38463  PROXIES: TOTAL 624 MAXPE 27 MAXPATCH 4 RefineTorusLB 1.28582
LDB: ============== END OF LOAD BALANCING =============== 9544.26

PRESSURE: 120000 -13203.6 67.6158 -142.138 60.8035 -13258.6 -51.8745 -118.95 -98.2167 -12969
GPRESSURE: 120000 259.341 35.3896 -131.581 29.012 335.882 -60.2817 -1.43586 -47.7071 302.383
PRESSAVG: 120000 12.0093 3.66568 -3.01521 11.2661 -12.7242 -9.75049 11.9768 -7.83398 7.21466
GPRESSAVG: 120000 11.9384 3.70667 -2.79316 11.2433 -12.6196 -9.82759 11.8924 -8.08745 7.27663
TIMING: 120000  CPU: 8579.51, 0.0713384/step  Wall: 9832.4, 0.0820618/step, 2.96334 hours remaining, 134.424377 MB of memory in use.
ENERGY:  120000      7991.4978     40217.3465     27664.7181       510.7894        -442840.2835     12729.5132       242.7578         0.0000    114819.0849        -238664.5759       309.6532   -353483.6608   -238364.5181       309.9406         -13143.7296       299.2018   1683755.9955         2.1666         2.1985

WRITING EXTENDED SYSTEM TO RESTART FILE AT STEP 120000
WRITING COORDINATES TO DCD FILE AT STEP 120000
WRITING COORDINATES TO RESTART FILE AT STEP 120000
FINISHED WRITING RESTART COORDINATES
WRITING VELOCITIES TO RESTART FILE AT STEP 120000
FINISHED WRITING RESTART VELOCITIES
LDB: ============= START OF LOAD BALANCING ============== 9863.92
LDB: ============== END OF LOAD BALANCING =============== 9863.92

LDB: ============= START OF LOAD BALANCING ============== 9872.37
LDB: TIME 9872.38 LOAD: AVG 7.21812 MAX 7.42222  PROXIES: TOTAL 624 MAXPE 27 MAXPATCH 4 None 1.29093
LDB: TIME 9872.39 LOAD: AVG 7.21812 MAX 7.42222  PROXIES: TOTAL 624 MAXPE 27 MAXPATCH 4 RefineTorusLB 1.29093
LDB: ============== END OF LOAD BALANCING =============== 9872.39

LDB: ============= START OF LOAD BALANCING ============== 10192
LDB: ============== END OF LOAD BALANCING =============== 10192

LDB: ============= START OF LOAD BALANCING ============== 10200.4
LDB: TIME 10200.4 LOAD: AVG 7.21529 MAX 7.34747  PROXIES: TOTAL 624 MAXPE 27 MAXPATCH 4 None 1.2879
LDB: TIME 10200.4 LOAD: AVG 7.21529 MAX 7.34747  PROXIES: TOTAL 624 MAXPE 27 MAXPATCH 4 RefineTorusLB 1.2879
LDB: ============== END OF LOAD BALANCING =============== 10200.4

PRESSURE: 125000 -13638 25.3622 51.5624 -14.0224 -13187.2 7.10238 73.5287 13.3203 -13424.9
GPRESSURE: 125000 -140.068 26.2456 30.0588 -91.4604 172.346 33.981 18.7973 50.7546 -10.6548
PRESSAVG: 125000 -2.80763 -1.80725 14.4866 -0.619382 2.56773 -5.17659 12.0382 -13.7293 4.06998
GPRESSAVG: 125000 -2.96794 -1.62219 14.403 -0.627341 2.46262 -5.32912 12.1585 -13.6206 4.08773
TIMING: 125000  CPU: 8938.44, 0.0717851/step  Wall: 10242.8, 0.082088/step, 2.85028 hours remaining, 133.864929 MB of memory in use.
ENERGY:  125000      7873.3497     40359.4822     27769.9310       506.0455        -442059.8244     11771.9499       251.2882         0.0000    114889.1715        -238638.6064       309.8423   -353527.7778   -238351.0106       309.8868         -13416.6928         7.2078   1685141.6397         1.2767         1.1941

WRITING EXTENDED SYSTEM TO RESTART FILE AT STEP 125000
WRITING COORDINATES TO DCD FILE AT STEP 125000
WRITING COORDINATES TO RESTART FILE AT STEP 125000
FINISHED WRITING RESTART COORDINATES
WRITING VELOCITIES TO RESTART FILE AT STEP 125000
FINISHED WRITING RESTART VELOCITIES
LDB: ============= START OF LOAD BALANCING ============== 10520.3
LDB: ============== END OF LOAD BALANCING =============== 10520.3

LDB: ============= START OF LOAD BALANCING ============== 10528.7
LDB: TIME 10528.7 LOAD: AVG 7.20738 MAX 7.47076  PROXIES: TOTAL 624 MAXPE 27 MAXPATCH 4 None 1.28997
LDB: TIME 10528.7 LOAD: AVG 7.20738 MAX 7.47076  PROXIES: TOTAL 624 MAXPE 27 MAXPATCH 4 RefineTorusLB 1.28997
LDB: ============== END OF LOAD BALANCING =============== 10528.7

PRESSURE: 130000 -13521.1 18.4386 -247.962 -32.7837 -13161.4 32.5774 -207.742 54.8454 -13372.4
GPRESSURE: 130000 -42.1027 68.0354 -117.123 -21.7649 256.045 24.3367 -41.6723 95.8383 16.8278
PRESSAVG: 130000 -24.645 -1.06346 -6.58284 2.35345 20.033 -24.4502 -8.948 -14.0454 -5.12262
GPRESSAVG: 130000 -24.4133 -1.09622 -6.42512 2.36182 19.9487 -24.5631 -8.83829 -14.0031 -5.10402
TIMING: 130000  CPU: 9295.9, 0.0714929/step  Wall: 10653.3, 0.0820943/step, 2.73648 hours remaining, 132.771606 MB of memory in use.
ENERGY:  130000      7992.4058     40177.9428     27739.9712       501.4058        -442224.5622     12474.3051       259.7473         0.0000    114596.2647        -238482.5195       309.0523   -353078.7843   -238204.7811       310.2485         -13351.6344        76.9234   1684842.1399        -3.2449        -3.1895

WRITING EXTENDED SYSTEM TO RESTART FILE AT STEP 130000
WRITING COORDINATES TO DCD FILE AT STEP 130000
WRITING COORDINATES TO RESTART FILE AT STEP 130000
FINISHED WRITING RESTART COORDINATES
WRITING VELOCITIES TO RESTART FILE AT STEP 130000
FINISHED WRITING RESTART VELOCITIES
LDB: ============= START OF LOAD BALANCING ============== 10849
LDB: ============== END OF LOAD BALANCING =============== 10849

LDB: ============= START OF LOAD BALANCING ============== 10857.5
LDB: TIME 10857.5 LOAD: AVG 7.23001 MAX 7.53228  PROXIES: TOTAL 624 MAXPE 27 MAXPATCH 4 None 1.29968
LDB: TIME 10857.5 LOAD: AVG 7.23001 MAX 7.53228  PROXIES: TOTAL 624 MAXPE 27 MAXPATCH 4 RefineTorusLB 1.29968
LDB: ============== END OF LOAD BALANCING =============== 10857.5

PRESSURE: 135000 -13511.2 109.203 -84.8595 78.6104 -13634 -141.569 -85.6711 -148.311 -13539.7
GPRESSURE: 135000 3.7075 86.7383 20.5832 -5.25212 -132.114 -114.757 44.0411 -53.1537 -207.388
PRESSAVG: 135000 -19.834 5.64587 -19.9399 -12.6763 12.2737 -5.69178 -14.4703 -19.7771 0.93155
GPRESSAVG: 135000 -19.8123 5.55345 -19.9568 -12.6195 12.2567 -5.72583 -14.4816 -19.8815 0.929262
TIMING: 135000  CPU: 9654.82, 0.0717827/step  Wall: 11064.3, 0.0821941/step, 2.62565 hours remaining, 133.723114 MB of memory in use.
ENERGY:  135000      8001.5675     40299.7188     27697.9526       479.9943        -442175.8701     11796.5397       242.5435         0.0000    114822.0911        -238835.4625       309.6613   -353657.5536   -238552.1502       309.9148         -13561.6558      -111.9313   1681217.6984        -2.2096        -2.2088

WRITING EXTENDED SYSTEM TO RESTART FILE AT STEP 135000
WRITING COORDINATES TO DCD FILE AT STEP 135000
WRITING COORDINATES TO RESTART FILE AT STEP 135000
FINISHED WRITING RESTART COORDINATES
WRITING VELOCITIES TO RESTART FILE AT STEP 135000
FINISHED WRITING RESTART VELOCITIES
LDB: ============= START OF LOAD BALANCING ============== 11178
LDB: ============== END OF LOAD BALANCING =============== 11178

LDB: ============= START OF LOAD BALANCING ============== 11186.4
LDB: TIME 11186.4 LOAD: AVG 7.22322 MAX 7.37708  PROXIES: TOTAL 624 MAXPE 27 MAXPATCH 4 None 1.29295
LDB: TIME 11186.4 LOAD: AVG 7.22322 MAX 7.37708  PROXIES: TOTAL 624 MAXPE 27 MAXPATCH 4 RefineTorusLB 1.29295
LDB: ============== END OF LOAD BALANCING =============== 11186.4

PRESSURE: 140000 -13602.1 -79.6352 -79.9655 -83.4325 -13501 -64.0163 -85.2582 -87.1438 -13467.1
GPRESSURE: 140000 -114.034 -42.7358 -100.607 -92.9675 -31.3153 0.315402 -84.5289 -148.783 -151.058
PRESSAVG: 140000 -2.8773 9.42367 -16.4169 4.76961 11.5193 -7.00085 -21.5574 -35.0027 -4.29554
GPRESSAVG: 140000 -2.80995 9.41452 -16.3663 4.94714 11.4338 -6.95879 -21.5721 -34.9584 -4.17272
TIMING: 140000  CPU: 10012.1, 0.0714573/step  Wall: 11474.8, 0.0821011/step, 2.50865 hours remaining, 132.858978 MB of memory in use.
ENERGY:  140000      8081.5747     40458.3736     27597.0924       508.5446        -442463.7601     12208.6832       222.3360         0.0000    114433.8190        -238953.3365       308.6142   -353387.1556   -238638.7000       309.9633         -13523.3758       -98.8023   1685572.8273         1.4488         1.4837

WRITING EXTENDED SYSTEM TO RESTART FILE AT STEP 140000
WRITING COORDINATES TO DCD FILE AT STEP 140000
WRITING COORDINATES TO RESTART FILE AT STEP 140000
FINISHED WRITING RESTART COORDINATES
WRITING VELOCITIES TO RESTART FILE AT STEP 140000
FINISHED WRITING RESTART VELOCITIES
LDB: ============= START OF LOAD BALANCING ============== 11506.4
LDB: ============== END OF LOAD BALANCING =============== 11506.4

LDB: ============= START OF LOAD BALANCING ============== 11515
LDB: TIME 11515.1 LOAD: AVG 7.23848 MAX 7.52604  PROXIES: TOTAL 624 MAXPE 27 MAXPATCH 4 None 1.2918
LDB: TIME 11515.1 LOAD: AVG 7.23848 MAX 7.52604  PROXIES: TOTAL 624 MAXPE 27 MAXPATCH 4 RefineTorusLB 1.2918
LDB: ============== END OF LOAD BALANCING =============== 11515.1

LDB: ============= START OF LOAD BALANCING ============== 11834.4
LDB: ============== END OF LOAD BALANCING =============== 11834.4

LDB: ============= START OF LOAD BALANCING ============== 11842.8
LDB: TIME 11842.8 LOAD: AVG 7.22119 MAX 7.42489  PROXIES: TOTAL 624 MAXPE 27 MAXPATCH 4 None 1.29064
LDB: TIME 11842.9 LOAD: AVG 7.22119 MAX 7.42489  PROXIES: TOTAL 624 MAXPE 27 MAXPATCH 4 RefineTorusLB 1.29064
LDB: ============== END OF LOAD BALANCING =============== 11842.9

PRESSURE: 145000 -13351.7 29.0401 -85.6031 36.4736 -13682.9 16.3966 -94.1546 -55.7148 -13173.3
GPRESSURE: 145000 84.4358 114.177 -108.397 30.3713 50.0204 -36.8751 -126.48 -4.41545 210.512
PRESSAVG: 145000 -11.7116 4.60744 -17.8974 -8.20987 5.51837 -34.611 -37.5092 -36.7637 10.699
GPRESSAVG: 145000 -11.5979 4.83922 -17.9368 -8.1852 5.52236 -34.582 -37.6851 -36.8261 10.6739
TIMING: 145000  CPU: 10369.6, 0.0715081/step  Wall: 11884.9, 0.0820124/step, 2.39203 hours remaining, 134.947693 MB of memory in use.
ENERGY:  145000      8010.3254     40238.1149     27583.4499       519.3646        -443973.7635     12823.1930       248.9959         0.0000    114391.9059        -240158.4138       308.5012   -354550.3197   -239867.9655       309.5415         -13402.6344       114.9895   1681051.8506         1.5019         1.5328

WRITING EXTENDED SYSTEM TO RESTART FILE AT STEP 145000
WRITING COORDINATES TO DCD FILE AT STEP 145000
WRITING COORDINATES TO RESTART FILE AT STEP 145000
FINISHED WRITING RESTART COORDINATES
WRITING VELOCITIES TO RESTART FILE AT STEP 145000
FINISHED WRITING RESTART VELOCITIES
LDB: ============= START OF LOAD BALANCING ============== 12161.8
LDB: ============== END OF LOAD BALANCING =============== 12161.8

LDB: ============= START OF LOAD BALANCING ============== 12170
LDB: TIME 12170.1 LOAD: AVG 7.21771 MAX 7.41619  PROXIES: TOTAL 624 MAXPE 27 MAXPATCH 4 None 1.29789
LDB: TIME 12170.1 LOAD: AVG 7.21771 MAX 7.41619  PROXIES: TOTAL 624 MAXPE 27 MAXPATCH 4 RefineTorusLB 1.29789
LDB: ============== END OF LOAD BALANCING =============== 12170.1

PRESSURE: 150000 -13432.7 -167.518 -31.4778 -177.7 -13625.1 17.5598 -8.81701 43.9785 -13338.2
GPRESSURE: 150000 96.371 -160.416 -45.0887 -152.688 -157.878 41.8476 61.7978 54.0849 -136.53
PRESSAVG: 150000 5.87933 -11.724 -11.521 -2.97389 -4.76568 -27.1572 -15.5354 -26.6942 -1.01469
GPRESSAVG: 150000 5.87571 -11.6888 -11.536 -2.97959 -4.88661 -27.0501 -15.3367 -26.7687 -0.917203
TIMING: 150000  CPU: 10728, 0.0716757/step  Wall: 12294.4, 0.0819164/step, 2.27546 hours remaining, 133.429108 MB of memory in use.
ETITLE:      TS           BOND          ANGLE          DIHED          IMPRP               ELECT            VDW       BOUNDARY           MISC        KINETIC               TOTAL           TEMP      POTENTIAL         TOTAL3        TEMPAVG            PRESSURE      GPRESSURE         VOLUME       PRESSAVG      GPRESSAVG

ENERGY:  150000      8025.5302     40155.6120     27588.0845       489.3224        -442131.3861     12470.2063       225.5787         0.0000    114600.1447        -238576.9073       309.0628   -353177.0520   -238270.2984       309.4444         -13465.3320       -66.0125   1685636.3367         0.0330         0.0240

WRITING EXTENDED SYSTEM TO RESTART FILE AT STEP 150000
WRITING COORDINATES TO DCD FILE AT STEP 150000
WRITING COORDINATES TO RESTART FILE AT STEP 150000
FINISHED WRITING RESTART COORDINATES
WRITING VELOCITIES TO RESTART FILE AT STEP 150000
FINISHED WRITING RESTART VELOCITIES
LDB: ============= START OF LOAD BALANCING ============== 12490.7
LDB: ============== END OF LOAD BALANCING =============== 12490.7

LDB: ============= START OF LOAD BALANCING ============== 12499
LDB: TIME 12499 LOAD: AVG 7.22207 MAX 7.42389  PROXIES: TOTAL 624 MAXPE 27 MAXPATCH 4 None 1.29428
LDB: TIME 12499 LOAD: AVG 7.22207 MAX 7.42389  PROXIES: TOTAL 624 MAXPE 27 MAXPATCH 4 RefineTorusLB 1.29428
LDB: ============== END OF LOAD BALANCING =============== 12499

PRESSURE: 155000 -13415.8 73.7598 -69.9867 76.5283 -13304.8 66.6682 -94.5048 61.5197 -13097.8
GPRESSURE: 155000 50.675 -39.3133 -73.6018 33.6694 185.994 57.0348 -121.232 77.922 230.753
PRESSAVG: 155000 14.8895 -8.61451 2.58874 -5.20825 -8.90668 -3.59919 -1.14633 16.8086 0.756648
GPRESSAVG: 155000 14.9649 -8.70751 2.60241 -5.25796 -8.97461 -3.51954 -1.21832 16.7766 0.751418
TIMING: 155000  CPU: 11087.1, 0.0718207/step  Wall: 12705.9, 0.0822884/step, 2.1715 hours remaining, 132.762085 MB of memory in use.
ENERGY:  155000      7901.6895     40422.4895     27597.6878       500.4790        -442588.5868     12564.8216       235.7814         0.0000    114457.3830        -238908.2551       308.6778   -353365.6381   -238614.6408       310.0805         -13272.8174       155.8073   1684513.7108         2.2465         2.2472

WRITING EXTENDED SYSTEM TO RESTART FILE AT STEP 155000
WRITING COORDINATES TO DCD FILE AT STEP 155000
WRITING COORDINATES TO RESTART FILE AT STEP 155000
FINISHED WRITING RESTART COORDINATES
WRITING VELOCITIES TO RESTART FILE AT STEP 155000
FINISHED WRITING RESTART VELOCITIES
LDB: ============= START OF LOAD BALANCING ============== 12819.5
LDB: ============== END OF LOAD BALANCING =============== 12819.5

LDB: ============= START OF LOAD BALANCING ============== 12828
LDB: TIME 12828.1 LOAD: AVG 7.24288 MAX 7.37065  PROXIES: TOTAL 624 MAXPE 27 MAXPATCH 4 None 1.3026
LDB: TIME 12828.1 LOAD: AVG 7.24288 MAX 7.37065  PROXIES: TOTAL 624 MAXPE 27 MAXPATCH 4 RefineTorusLB 1.3026
LDB: ============== END OF LOAD BALANCING =============== 12828.1

PRESSURE: 160000 -13267.6 -125.151 -189.129 -95.1033 -13519.5 139.143 -169.596 144.731 -13382.1
GPRESSURE: 160000 111.71 -165.698 -241.558 -108.578 -18.2176 111.588 -152.163 6.4668 -1.65958
PRESSAVG: 160000 -3.98757 -34.0575 -4.9321 -24.6151 -1.3982 4.39043 3.8004 -11.1294 5.55384
GPRESSAVG: 160000 -4.01652 -34.0407 -4.80854 -24.5399 -1.48129 4.33836 3.75183 -11.292 5.86772
TIMING: 160000  CPU: 11445.3, 0.0716353/step  Wall: 13116.4, 0.0820984/step, 2.05246 hours remaining, 133.644867 MB of memory in use.
ENERGY:  160000      8076.1941     40114.4494     27525.1128       509.7706        -442167.9943     11968.7111       236.5476         0.0000    114470.7909        -239266.4179       308.7139   -353737.2088   -238957.7649       309.8932         -13389.7366        30.6108   1686196.5944         0.0560         0.1233

WRITING EXTENDED SYSTEM TO RESTART FILE AT STEP 160000
WRITING COORDINATES TO DCD FILE AT STEP 160000
WRITING COORDINATES TO RESTART FILE AT STEP 160000
FINISHED WRITING RESTART COORDINATES
WRITING VELOCITIES TO RESTART FILE AT STEP 160000
FINISHED WRITING RESTART VELOCITIES
LDB: ============= START OF LOAD BALANCING ============== 13147.8
LDB: ============== END OF LOAD BALANCING =============== 13147.8

LDB: ============= START OF LOAD BALANCING ============== 13156.3
LDB: TIME 13156.3 LOAD: AVG 7.21988 MAX 7.40246  PROXIES: TOTAL 624 MAXPE 27 MAXPATCH 4 None 1.28786
LDB: TIME 13156.3 LOAD: AVG 7.21988 MAX 7.40246  PROXIES: TOTAL 624 MAXPE 27 MAXPATCH 4 RefineTorusLB 1.28786
LDB: ============== END OF LOAD BALANCING =============== 13156.3

LDB: ============= START OF LOAD BALANCING ============== 13475.6
LDB: ============== END OF LOAD BALANCING =============== 13475.6

LDB: ============= START OF LOAD BALANCING ============== 13484.1
LDB: TIME 13484.1 LOAD: AVG 7.23433 MAX 7.46693  PROXIES: TOTAL 624 MAXPE 27 MAXPATCH 4 None 1.29715
LDB: TIME 13484.1 LOAD: AVG 7.23433 MAX 7.46693  PROXIES: TOTAL 624 MAXPE 27 MAXPATCH 4 RefineTorusLB 1.29715
LDB: ============== END OF LOAD BALANCING =============== 13484.1

WRITING COORDINATES TO DCD FILE AT STEP 165000
WRITING COORDINATES TO RESTART FILE AT STEP 165000
FINISHED WRITING RESTART COORDINATES
PRESSURE: 165000 -13591.4 122.61 -11.3963 134.806 -13304.6 -126.535 -38.6432 -156.303 -13306.3
GPRESSURE: 165000 -108.403 33.6011 18.112 1.01978 165.902 -135.252 22.3245 -108.639 24.3044
PRESSAVG: 165000 -11.0518 -4.04207 -15.8396 -12.0828 -0.796405 13.407 2.05107 2.91733 -0.524061
GPRESSAVG: 165000 -10.9458 -4.12354 -15.9178 -12.3287 -0.936671 13.2362 2.02797 2.95578 -0.53858
TIMING: 165000  CPU: 11803.1, 0.0715617/step  Wall: 13526.9, 0.0821037/step, 1.93856 hours remaining, 132.536438 MB of memory in use.
ENERGY:  165000      8052.6384     40306.9276     27587.6162       506.4386        -442373.9980     12085.0075       239.8934         0.0000    114501.2330        -239094.2433       308.7960   -353595.4763   -238797.5670       309.5617         -13400.7369        27.2680   1684934.8886        -4.1241        -4.1403

WRITING EXTENDED SYSTEM TO RESTART FILE AT STEP 165000
WRITING VELOCITIES TO RESTART FILE AT STEP 165000
FINISHED WRITING RESTART VELOCITIES
LDB: ============= START OF LOAD BALANCING ============== 13805
LDB: ============== END OF LOAD BALANCING =============== 13805

LDB: ============= START OF LOAD BALANCING ============== 13813.5
LDB: TIME 13813.6 LOAD: AVG 7.23557 MAX 7.36467  PROXIES: TOTAL 624 MAXPE 27 MAXPATCH 4 None 1.29188
LDB: TIME 13813.6 LOAD: AVG 7.23557 MAX 7.36467  PROXIES: TOTAL 624 MAXPE 27 MAXPATCH 4 RefineTorusLB 1.29188
LDB: ============== END OF LOAD BALANCING =============== 13813.6

PRESSURE: 170000 -13450.7 133.715 66.8517 186.482 -13401.5 -16.5347 33.6878 4.75772 -13420.2
GPRESSURE: 170000 -11.8626 76.3465 -10.0672 56.0638 19.0028 -3.55967 69.9365 -59.0522 -41.9681
PRESSAVG: 170000 3.71863 -16.0611 7.13888 -23.568 6.26896 -8.43524 13.7154 -4.19998 -1.03178
GPRESSAVG: 170000 3.6432 -16.1219 7.0262 -23.627 6.27488 -8.44751 13.7431 -4.3084 -1.05895
TIMING: 170000  CPU: 12161.5, 0.0716779/step  Wall: 13938.4, 0.0823035/step, 1.82897 hours remaining, 132.989166 MB of memory in use.
ENERGY:  170000      8081.9954     40351.3945     27597.8497       479.4950        -441894.4721     12096.0593       233.8976         0.0000    114636.7462        -238417.0344       309.1615   -353053.7806   -238152.1330       309.7876         -13424.1174       -11.6093   1684024.9698         2.9853         2.9530

WRITING EXTENDED SYSTEM TO RESTART FILE AT STEP 170000
WRITING COORDINATES TO DCD FILE AT STEP 170000
WRITING COORDINATES TO RESTART FILE AT STEP 170000
FINISHED WRITING RESTART COORDINATES
WRITING VELOCITIES TO RESTART FILE AT STEP 170000
FINISHED WRITING RESTART VELOCITIES
LDB: ============= START OF LOAD BALANCING ============== 14134.2
LDB: ============== END OF LOAD BALANCING =============== 14134.2

LDB: ============= START OF LOAD BALANCING ============== 14142.6
LDB: TIME 14142.7 LOAD: AVG 7.22459 MAX 7.44621  PROXIES: TOTAL 624 MAXPE 27 MAXPATCH 4 None 1.29429
LDB: TIME 14142.7 LOAD: AVG 7.22459 MAX 7.44621  PROXIES: TOTAL 624 MAXPE 27 MAXPATCH 4 RefineTorusLB 1.29429
LDB: ============== END OF LOAD BALANCING =============== 14142.7

PRESSURE: 175000 -13616.5 -52.3364 -0.778601 -69.7761 -13525.4 37.2533 31.1802 17.6937 -13208
GPRESSURE: 175000 -177.958 -145.175 43.809 -72.2217 -32.7022 -21.8308 68.056 44.7981 120.462
PRESSAVG: 175000 27.7366 8.14507 -25.0123 4.53713 -9.1376 -2.26001 -8.8985 -10.2486 2.4846
GPRESSAVG: 175000 27.7646 8.31689 -24.96 4.67058 -9.17105 -2.13461 -8.88336 -10.0694 2.5826
TIMING: 175000  CPU: 12519.1, 0.0715163/step  Wall: 14349.8, 0.0822878/step, 1.71433 hours remaining, 134.150421 MB of memory in use.
ENERGY:  175000      8012.6406     40234.7559     27673.8360       546.2588        -441889.7392     11820.7336       239.0842         0.0000    115121.8997        -238240.5305       310.4699   -353362.4302   -237962.4410       309.9477         -13449.9764       -30.0659   1684988.4451         7.0279         7.0587

WRITING EXTENDED SYSTEM TO RESTART FILE AT STEP 175000
WRITING COORDINATES TO DCD FILE AT STEP 175000
WRITING COORDINATES TO RESTART FILE AT STEP 175000
FINISHED WRITING RESTART COORDINATES
WRITING VELOCITIES TO RESTART FILE AT STEP 175000
FINISHED WRITING RESTART VELOCITIES
LDB: ============= START OF LOAD BALANCING ============== 14464.1
LDB: ============== END OF LOAD BALANCING =============== 14464.1

LDB: ============= START OF LOAD BALANCING ============== 14472.5
LDB: TIME 14472.5 LOAD: AVG 7.2351 MAX 7.44699  PROXIES: TOTAL 624 MAXPE 27 MAXPATCH 4 None 1.29927
LDB: TIME 14472.5 LOAD: AVG 7.2351 MAX 7.44699  PROXIES: TOTAL 624 MAXPE 27 MAXPATCH 4 RefineTorusLB 1.29927
LDB: ============== END OF LOAD BALANCING =============== 14472.5

WRITING COORDINATES TO DCD FILE AT STEP 180000
WRITING COORDINATES TO RESTART FILE AT STEP 180000
FINISHED WRITING RESTART COORDINATES
PRESSURE: 180000 -13425.4 -21.3819 23.7474 -16.1152 -13348.5 -56.6789 4.71291 -106.624 -13535.6
GPRESSURE: 180000 -34.126 -25.8054 49.6939 -105.465 54.424 -48.9755 -3.11409 -158.154 -96.6219
PRESSAVG: 180000 13.2713 4.14058 -1.25254 -3.72602 -8.00497 16.9177 -5.12464 0.337656 -1.38462
GPRESSAVG: 180000 13.1618 4.01404 -1.23427 -3.6572 -7.93155 16.835 -5.06971 0.50483 -1.5447
TIMING: 180000  CPU: 12876.7, 0.0715317/step  Wall: 14762.1, 0.082448/step, 1.60315 hours remaining, 132.909729 MB of memory in use.
ENERGY:  180000      8129.3663     40173.1871     27573.9981       517.9449        -442323.8822     12398.5644       242.9926         0.0000    114595.4397        -238692.3890       309.0501   -353287.8288   -238415.3908       309.7281         -13436.5092       -25.4413   1685122.7847         1.2939         1.2285

WRITING EXTENDED SYSTEM TO RESTART FILE AT STEP 180000
WRITING VELOCITIES TO RESTART FILE AT STEP 180000
FINISHED WRITING RESTART VELOCITIES
LDB: ============= START OF LOAD BALANCING ============== 14793.7
LDB: ============== END OF LOAD BALANCING =============== 14793.7

LDB: ============= START OF LOAD BALANCING ============== 14802.1
LDB: TIME 14802.1 LOAD: AVG 7.23424 MAX 7.61142  PROXIES: TOTAL 624 MAXPE 27 MAXPATCH 4 None 1.30226
LDB: TIME 14802.1 LOAD: AVG 7.23424 MAX 7.59487  PROXIES: TOTAL 624 MAXPE 27 MAXPATCH 4 RefineTorusLB 1.30226
LDB: ============== END OF LOAD BALANCING =============== 14802.1

LDB: ============= START OF LOAD BALANCING ============== 15122.9
LDB: ============== END OF LOAD BALANCING =============== 15122.9

LDB: ============= START OF LOAD BALANCING ============== 15131.2
LDB: TIME 15131.3 LOAD: AVG 7.23351 MAX 7.37471  PROXIES: TOTAL 624 MAXPE 27 MAXPATCH 4 None 1.2961
LDB: TIME 15131.3 LOAD: AVG 7.23351 MAX 7.37471  PROXIES: TOTAL 624 MAXPE 27 MAXPATCH 4 RefineTorusLB 1.2961
LDB: ============== END OF LOAD BALANCING =============== 15131.3

PRESSURE: 185000 -13719.3 -165.305 -0.887226 -146.667 -13613.2 -22.3156 -70.8403 -60.7123 -13107.9
GPRESSURE: 185000 -177.975 -63.6043 61.8106 -91.5433 -84.0269 -92.3239 -37.9369 -62.4975 139.139
PRESSAVG: 185000 14.1613 3.62632 -7.04176 -1.18405 -4.49014 -3.88483 -0.177325 -12.7289 -2.31609
GPRESSAVG: 185000 14.3464 3.81413 -6.82962 -1.14525 -4.4776 -3.8707 -0.186527 -12.65 -2.40717
TIMING: 185000  CPU: 13236.4, 0.0719331/step  Wall: 15173.7, 0.0823194/step, 1.48632 hours remaining, 133.867401 MB of memory in use.
ENERGY:  185000      8024.6640     40115.9339     27634.2496       496.1686        -442214.2980     11991.8886       249.1635         0.0000    114841.1246        -238861.1054       309.7127   -353702.2300   -238579.1627       309.9552         -13480.1321       -40.9543   1683355.9417         2.4517         2.4872

WRITING EXTENDED SYSTEM TO RESTART FILE AT STEP 185000
WRITING COORDINATES TO DCD FILE AT STEP 185000
WRITING COORDINATES TO RESTART FILE AT STEP 185000
FINISHED WRITING RESTART COORDINATES
WRITING VELOCITIES TO RESTART FILE AT STEP 185000
FINISHED WRITING RESTART VELOCITIES
LDB: ============= START OF LOAD BALANCING ============== 15451.2
LDB: ============== END OF LOAD BALANCING =============== 15451.2

LDB: ============= START OF LOAD BALANCING ============== 15459.5
LDB: TIME 15459.5 LOAD: AVG 7.2188 MAX 7.41537  PROXIES: TOTAL 624 MAXPE 27 MAXPATCH 4 None 1.29488
LDB: TIME 15459.5 LOAD: AVG 7.2188 MAX 7.41537  PROXIES: TOTAL 624 MAXPE 27 MAXPATCH 4 RefineTorusLB 1.29488
LDB: ============== END OF LOAD BALANCING =============== 15459.5

PRESSURE: 190000 -13576.4 -19.3936 2.03489 -15.7772 -13497.6 242.116 -16.1326 244.273 -13431.7
GPRESSURE: 190000 -28.4257 -114.239 52.7864 -26.7897 19.2452 119.507 36.2077 144.253 -85.6009
PRESSAVG: 190000 16.0603 -7.56547 28.6103 -15.4179 -3.96891 18.4052 -9.24076 13.4545 -0.0601559
GPRESSAVG: 190000 16.0047 -7.60046 28.5801 -15.5831 -3.99781 18.3936 -9.08642 13.4086 -0.00621045
TIMING: 190000  CPU: 13595.3, 0.0717727/step  Wall: 15584.4, 0.082135/step, 1.36892 hours remaining, 133.745880 MB of memory in use.
ENERGY:  190000      7993.1145     40069.4508     27801.1971       501.3972        -442833.1689     12384.6844       229.2787         0.0000    114207.5347        -239646.5114       308.0040   -353854.0461   -239338.8348       309.9095         -13501.9241       -31.5938   1682562.7139         4.0104         4.0002

WRITING EXTENDED SYSTEM TO RESTART FILE AT STEP 190000
WRITING COORDINATES TO DCD FILE AT STEP 190000
WRITING COORDINATES TO RESTART FILE AT STEP 190000
FINISHED WRITING RESTART COORDINATES
WRITING VELOCITIES TO RESTART FILE AT STEP 190000
FINISHED WRITING RESTART VELOCITIES
LDB: ============= START OF LOAD BALANCING ============== 15780.1
LDB: ============== END OF LOAD BALANCING =============== 15780.1

LDB: ============= START OF LOAD BALANCING ============== 15788.6
LDB: TIME 15788.7 LOAD: AVG 7.23999 MAX 7.63077  PROXIES: TOTAL 624 MAXPE 27 MAXPATCH 4 None 1.2997
LDB: TIME 15788.7 LOAD: AVG 7.23999 MAX 7.60153  PROXIES: TOTAL 624 MAXPE 27 MAXPATCH 4 RefineTorusLB 1.2997
LDB: ============== END OF LOAD BALANCING =============== 15788.7

WRITING COORDINATES TO DCD FILE AT STEP 195000
WRITING COORDINATES TO RESTART FILE AT STEP 195000
FINISHED WRITING RESTART COORDINATES
PRESSURE: 195000 -13229.6 228.643 -51.8861 156.5 -13412.4 -39.991 -56.9778 -55.1698 -13376
GPRESSURE: 195000 180.685 165.31 -40.2808 75.3669 123.165 21.9148 30.0446 -33.3736 5.97293
PRESSAVG: 195000 3.06264 -2.53492 -8.75639 -3.91504 -0.735105 -0.569315 -7.88687 -8.03414 -3.75473
GPRESSAVG: 195000 3.25816 -2.55841 -8.6178 -3.95755 -0.873186 -0.71241 -7.94288 -7.77498 -3.85799
TIMING: 195000  CPU: 13955, 0.0719497/step  Wall: 15995.3, 0.0821844/step, 1.2556 hours remaining, 132.922455 MB of memory in use.
ENERGY:  195000      7910.8358     40344.5243     27489.9366       517.5153        -442195.0032     12106.0206       235.1694         0.0000    114781.3657        -238809.6354       309.5515   -353591.0011   -238499.0895       310.3654         -13339.3421       103.2742   1682355.8657        -0.4757        -0.4910

WRITING EXTENDED SYSTEM TO RESTART FILE AT STEP 195000
WRITING VELOCITIES TO RESTART FILE AT STEP 195000
FINISHED WRITING RESTART VELOCITIES
LDB: ============= START OF LOAD BALANCING ============== 16108.9
LDB: ============== END OF LOAD BALANCING =============== 16108.9

LDB: ============= START OF LOAD BALANCING ============== 16117.3
LDB: TIME 16117.3 LOAD: AVG 7.22018 MAX 7.47897  PROXIES: TOTAL 624 MAXPE 27 MAXPATCH 4 None 1.28273
LDB: TIME 16117.3 LOAD: AVG 7.22018 MAX 7.47897  PROXIES: TOTAL 624 MAXPE 27 MAXPATCH 4 RefineTorusLB 1.28273
LDB: ============== END OF LOAD BALANCING =============== 16117.3

PRESSURE: 200000 -13508.3 -53.5306 -0.337824 -29.3552 -13355.5 0.00432614 -17.0587 -16.911 -13426.8
GPRESSURE: 200000 -35.8324 -100.388 -29.2529 -49.5359 42.1066 -5.17463 -54.0907 8.76527 -83.9166
PRESSAVG: 200000 -2.61079 3.74271 -2.57259 -10.4209 8.45284 15.1276 -1.7726 2.47309 -3.43366
GPRESSAVG: 200000 -2.6892 3.68351 -2.77857 -10.2963 8.54329 14.973 -1.84654 2.72387 -3.28093
TIMING: 200000  CPU: 14313.4, 0.0716735/step  Wall: 16406.8, 0.0823112/step, 1.14321 hours remaining, 133.408905 MB of memory in use.
ETITLE:      TS           BOND          ANGLE          DIHED          IMPRP               ELECT            VDW       BOUNDARY           MISC        KINETIC               TOTAL           TEMP      POTENTIAL         TOTAL3        TEMPAVG            PRESSURE      GPRESSURE         VOLUME       PRESSAVG      GPRESSAVG

ENERGY:  200000      8057.4262     40524.2561     27562.1949       516.9702        -441994.6159     12259.1456       243.5737         0.0000    114724.9549        -238106.0943       309.3994   -352831.0492   -237813.8394       309.8905         -13430.2177       -25.8808   1684902.6385         0.8028         0.8577

WRITING EXTENDED SYSTEM TO RESTART FILE AT STEP 200000
WRITING COORDINATES TO DCD FILE AT STEP 200000
WRITING COORDINATES TO RESTART FILE AT STEP 200000
FINISHED WRITING RESTART COORDINATES
WRITING VELOCITIES TO RESTART FILE AT STEP 200000
FINISHED WRITING RESTART VELOCITIES
LDB: ============= START OF LOAD BALANCING ============== 16438.5
LDB: ============== END OF LOAD BALANCING =============== 16438.5

LDB: ============= START OF LOAD BALANCING ============== 16446.8
LDB: TIME 16446.9 LOAD: AVG 7.2264 MAX 7.42071  PROXIES: TOTAL 624 MAXPE 27 MAXPATCH 4 None 1.29459
LDB: TIME 16446.9 LOAD: AVG 7.2264 MAX 7.42071  PROXIES: TOTAL 624 MAXPE 27 MAXPATCH 4 RefineTorusLB 1.29459
LDB: ============== END OF LOAD BALANCING =============== 16446.9

LDB: ============= START OF LOAD BALANCING ============== 16766.4
LDB: ============== END OF LOAD BALANCING =============== 16766.4

LDB: ============= START OF LOAD BALANCING ============== 16774.7
LDB: TIME 16774.8 LOAD: AVG 7.22292 MAX 7.48584  PROXIES: TOTAL 624 MAXPE 27 MAXPATCH 4 None 1.297
LDB: TIME 16774.8 LOAD: AVG 7.22292 MAX 7.48584  PROXIES: TOTAL 624 MAXPE 27 MAXPATCH 4 RefineTorusLB 1.297
LDB: ============== END OF LOAD BALANCING =============== 16774.8

PRESSURE: 205000 -13552.8 4.41779 -209.625 -64.1632 -13373.3 14.4743 -187.613 78.7236 -13497.4
GPRESSURE: 205000 -113.873 3.19698 -189.916 -63.8599 86.3299 -38.6961 -70.596 -41.0375 -182.225
PRESSAVG: 205000 -5.60975 7.47528 14.4738 -9.59105 12.8777 -9.66156 29.4446 5.89874 5.31134
GPRESSAVG: 205000 -5.64613 7.40148 14.4583 -9.64489 12.8623 -9.50799 29.5215 5.92819 5.11983
TIMING: 205000  CPU: 14670.9, 0.0714951/step  Wall: 16817.4, 0.0821031/step, 1.02629 hours remaining, 133.683441 MB of memory in use.
ENERGY:  205000      8065.8245     40332.1933     27557.7061       512.9801        -442429.2587     12398.3848       224.3017         0.0000    115110.1601        -238227.7082       310.4382   -353337.8683   -237931.1535       309.8784         -13474.5169       -69.9228   1687197.6523         4.1931         4.1120

WRITING EXTENDED SYSTEM TO RESTART FILE AT STEP 205000
WRITING COORDINATES TO DCD FILE AT STEP 205000
WRITING COORDINATES TO RESTART FILE AT STEP 205000
FINISHED WRITING RESTART COORDINATES
WRITING VELOCITIES TO RESTART FILE AT STEP 205000
FINISHED WRITING RESTART VELOCITIES
LDB: ============= START OF LOAD BALANCING ============== 17095
LDB: ============== END OF LOAD BALANCING =============== 17095

LDB: ============= START OF LOAD BALANCING ============== 17103.4
LDB: TIME 17103.4 LOAD: AVG 7.22377 MAX 7.50911  PROXIES: TOTAL 624 MAXPE 27 MAXPATCH 4 None 1.29343
LDB: TIME 17103.4 LOAD: AVG 7.22377 MAX 7.50911  PROXIES: TOTAL 624 MAXPE 27 MAXPATCH 4 RefineTorusLB 1.29343
LDB: ============== END OF LOAD BALANCING =============== 17103.4

PRESSURE: 210000 -13554.1 30.9641 -148.009 19.0268 -13630.5 6.19175 -83.9368 8.90163 -13389.9
GPRESSURE: 210000 2.66121 28.0805 -102.864 -84.6099 -178.302 -86.7297 -53.1228 -20.8908 -183.642
PRESSAVG: 210000 -2.73872 12.2158 7.43703 16.0398 6.04897 -14.9296 17.2649 13.4613 -3.51793
GPRESSAVG: 210000 -2.92738 12.0222 7.43119 16.1049 6.09309 -14.8952 17.1807 13.4683 -3.39608
TIMING: 210000  CPU: 15029.7, 0.0717693/step  Wall: 17227.1, 0.0819444/step, 0.910493 hours remaining, 132.973907 MB of memory in use.
ENERGY:  210000      8066.5254     40214.9399     27602.4827       522.9824        -441611.2049     11534.2098       247.6480         0.0000    114753.4180        -238668.9986       309.4761   -353422.4167   -238361.4508       309.3399         -13524.8624      -119.7607   1686252.1686        -0.0692        -0.0768

WRITING EXTENDED SYSTEM TO RESTART FILE AT STEP 210000
WRITING COORDINATES TO DCD FILE AT STEP 210000
WRITING COORDINATES TO RESTART FILE AT STEP 210000
FINISHED WRITING RESTART COORDINATES
WRITING VELOCITIES TO RESTART FILE AT STEP 210000
FINISHED WRITING RESTART VELOCITIES
LDB: ============= START OF LOAD BALANCING ============== 17422.5
LDB: ============== END OF LOAD BALANCING =============== 17422.5

LDB: ============= START OF LOAD BALANCING ============== 17430.9
LDB: TIME 17430.9 LOAD: AVG 7.24514 MAX 7.4454  PROXIES: TOTAL 624 MAXPE 27 MAXPATCH 4 None 1.31339
LDB: TIME 17430.9 LOAD: AVG 7.24514 MAX 7.4454  PROXIES: TOTAL 624 MAXPE 27 MAXPATCH 4 RefineTorusLB 1.31339
LDB: ============== END OF LOAD BALANCING =============== 17430.9

PRESSURE: 215000 -13337.1 31.0395 45.8469 4.993 -13598.3 0.39553 58.2715 -51.5601 -13045
GPRESSURE: 215000 117.072 40.5489 -53.4792 -29.742 -128.803 23.4795 88.3744 -28.2754 293.694
PRESSAVG: 215000 -18.2405 23.3395 12.3391 22.4034 15.0206 7.03561 17.6197 -9.2127 2.41983
GPRESSAVG: 215000 -18.1482 23.313 12.3652 22.4976 15.1093 7.03498 17.5765 -9.30419 2.46958
TIMING: 215000  CPU: 15388.3, 0.0717133/step  Wall: 17637.2, 0.0820321/step, 0.797535 hours remaining, 132.882782 MB of memory in use.
ENERGY:  215000      8013.8832     40018.2063     27545.4336       541.9455        -442858.9192     12608.7148       224.4055         0.0000    114989.0798        -238917.2505       310.1117   -353906.3303   -238624.9648       309.8285         -13326.8396        93.9874   1687258.6264        -0.2667        -0.1898

WRITING EXTENDED SYSTEM TO RESTART FILE AT STEP 215000
WRITING COORDINATES TO DCD FILE AT STEP 215000
WRITING COORDINATES TO RESTART FILE AT STEP 215000
FINISHED WRITING RESTART COORDINATES
WRITING VELOCITIES TO RESTART FILE AT STEP 215000
FINISHED WRITING RESTART VELOCITIES
LDB: ============= START OF LOAD BALANCING ============== 17750.6
LDB: ============== END OF LOAD BALANCING =============== 17750.6

LDB: ============= START OF LOAD BALANCING ============== 17759.1
LDB: TIME 17759.1 LOAD: AVG 7.23196 MAX 7.58852  PROXIES: TOTAL 624 MAXPE 27 MAXPATCH 4 None 1.29924
LDB: TIME 17759.1 LOAD: AVG 7.23196 MAX 7.58852  PROXIES: TOTAL 624 MAXPE 27 MAXPATCH 4 RefineTorusLB 1.29924
LDB: ============== END OF LOAD BALANCING =============== 17759.1

PRESSURE: 220000 -13490.1 55.3252 50.008 89.7825 -13739 -167.37 61.3226 -167.924 -13354
GPRESSURE: 220000 -37.5676 -8.12825 1.34002 66.3146 -209.131 -186.789 40.9032 -174.222 -89.3912
PRESSAVG: 220000 14.6781 7.25199 -5.75532 24.1625 -9.15506 -7.34167 -11.4628 -4.98706 9.07108
GPRESSAVG: 220000 14.5656 7.06487 -5.73955 24.1438 -9.14335 -7.30176 -11.4469 -5.01376 9.00335
TIMING: 220000  CPU: 15747.7, 0.0718775/step  Wall: 18047.1, 0.0819748/step, 0.683124 hours remaining, 133.148956 MB of memory in use.
ENERGY:  220000      7984.4463     40156.0308     27522.8677       461.5493        -441927.7774     11914.4141       231.2760         0.0000    114372.2579        -239284.9355       308.4482   -353657.1934   -238992.2464       309.6325         -13527.7074      -112.0298   1686851.9259         4.8647         4.8085

WRITING EXTENDED SYSTEM TO RESTART FILE AT STEP 220000
WRITING COORDINATES TO DCD FILE AT STEP 220000
WRITING COORDINATES TO RESTART FILE AT STEP 220000
FINISHED WRITING RESTART COORDINATES
WRITING VELOCITIES TO RESTART FILE AT STEP 220000
FINISHED WRITING RESTART VELOCITIES
LDB: ============= START OF LOAD BALANCING ============== 18078.7
LDB: ============== END OF LOAD BALANCING =============== 18078.7

LDB: ============= START OF LOAD BALANCING ============== 18087
LDB: TIME 18087 LOAD: AVG 7.21024 MAX 7.3732  PROXIES: TOTAL 624 MAXPE 27 MAXPATCH 4 None 1.28885
LDB: TIME 18087 LOAD: AVG 7.21024 MAX 7.3732  PROXIES: TOTAL 624 MAXPE 27 MAXPATCH 4 RefineTorusLB 1.28885
LDB: ============== END OF LOAD BALANCING =============== 18087

LDB: ============= START OF LOAD BALANCING ============== 18407.5
LDB: ============== END OF LOAD BALANCING =============== 18407.5

LDB: ============= START OF LOAD BALANCING ============== 18415.8
LDB: TIME 18415.8 LOAD: AVG 7.2203 MAX 7.40128  PROXIES: TOTAL 624 MAXPE 27 MAXPATCH 4 None 1.29084
LDB: TIME 18415.8 LOAD: AVG 7.2203 MAX 7.40128  PROXIES: TOTAL 624 MAXPE 27 MAXPATCH 4 RefineTorusLB 1.29084
LDB: ============== END OF LOAD BALANCING =============== 18415.8

PRESSURE: 225000 -12983.9 262.164 0.863081 333.944 -13221.6 -164.584 47.2795 -130.916 -13117.7
GPRESSURE: 225000 437.907 201.655 9.18422 102.484 311.331 -173.358 28.8252 -163.967 205.112
PRESSAVG: 225000 -5.88902 11.3637 3.60302 21.5692 -0.671334 -17.6024 20.4453 -20.2981 3.08245
GPRESSAVG: 225000 -5.88171 11.4141 3.68281 21.7244 -0.675154 -17.5735 20.4737 -20.3116 3.02639
TIMING: 225000  CPU: 16106.4, 0.0717447/step  Wall: 18458.2, 0.0822127/step, 0.570921 hours remaining, 134.167938 MB of memory in use.
ENERGY:  225000      7857.8540     40473.2081     27719.7742       510.5542        -442244.5616     12196.5506       237.0422         0.0000    114535.9043        -238713.6741       308.8895   -353249.5784   -238419.1059       309.6964         -13107.7475       318.1171   1683024.8660        -1.1593        -1.1768

WRITING EXTENDED SYSTEM TO RESTART FILE AT STEP 225000
WRITING COORDINATES TO DCD FILE AT STEP 225000
WRITING COORDINATES TO RESTART FILE AT STEP 225000
FINISHED WRITING RESTART COORDINATES
WRITING VELOCITIES TO RESTART FILE AT STEP 225000
FINISHED WRITING RESTART VELOCITIES
LDB: ============= START OF LOAD BALANCING ============== 18735.7
LDB: ============== END OF LOAD BALANCING =============== 18735.7

LDB: ============= START OF LOAD BALANCING ============== 18744.2
LDB: TIME 18744.2 LOAD: AVG 7.24194 MAX 7.66157  PROXIES: TOTAL 624 MAXPE 27 MAXPATCH 4 None 1.30765
LDB: TIME 18744.2 LOAD: AVG 7.24194 MAX 7.59858  PROXIES: TOTAL 624 MAXPE 27 MAXPATCH 4 RefineTorusLB 1.30765
LDB: ============== END OF LOAD BALANCING =============== 18744.2

PRESSURE: 230000 -13503.3 27.8847 -54.8349 19.6685 -13500.2 124.427 -102.591 144.468 -13273.4
GPRESSURE: 230000 -34.3386 61.0345 -91.4483 80.0287 -4.57218 73.9286 -13.2828 161.543 50.2871
PRESSAVG: 230000 5.85839 -7.77747 7.69767 18.3305 2.55489 -8.31006 -5.17705 1.62929 0.995489
GPRESSAVG: 230000 5.81128 -7.82972 7.72593 18.4249 2.56099 -8.16416 -5.18029 1.72321 1.03784
TIMING: 230000  CPU: 16464.9, 0.0716957/step  Wall: 18868.4, 0.0820506/step, 0.455837 hours remaining, 133.175140 MB of memory in use.
ENERGY:  230000      8062.0974     40250.3899     27529.6020       527.2289        -442577.8052     11952.3359       229.6611         0.0000    114662.6457        -239363.8443       309.2313   -354026.4900   -239084.8483       309.9772         -13425.6311         3.7921   1684855.3081         3.1363         3.1367

WRITING EXTENDED SYSTEM TO RESTART FILE AT STEP 230000
WRITING COORDINATES TO DCD FILE AT STEP 230000
WRITING COORDINATES TO RESTART FILE AT STEP 230000
FINISHED WRITING RESTART COORDINATES
WRITING VELOCITIES TO RESTART FILE AT STEP 230000
FINISHED WRITING RESTART VELOCITIES
LDB: ============= START OF LOAD BALANCING ============== 19064.6
LDB: ============== END OF LOAD BALANCING =============== 19064.6

LDB: ============= START OF LOAD BALANCING ============== 19073.1
LDB: TIME 19073.1 LOAD: AVG 7.22377 MAX 7.41865  PROXIES: TOTAL 624 MAXPE 27 MAXPATCH 4 None 1.29543
LDB: TIME 19073.1 LOAD: AVG 7.22377 MAX 7.41865  PROXIES: TOTAL 624 MAXPE 27 MAXPATCH 4 RefineTorusLB 1.29543
LDB: ============== END OF LOAD BALANCING =============== 19073.1

PRESSURE: 235000 -13452.8 76.5711 94.6891 58.7472 -13595 35.0906 70.4845 22.8854 -13427.4
GPRESSURE: 235000 -89.8657 33.9017 63.9905 34.8347 -170.301 -18.0599 26.3436 18.2111 -76.6431
PRESSAVG: 235000 7.5206 19.545 -3.47181 2.04632 -11.3554 13.6967 -1.79699 1.44699 2.26719
GPRESSAVG: 235000 7.48724 19.5227 -3.41949 2.07106 -11.3649 13.5393 -1.75835 1.49551 2.28427
TIMING: 235000  CPU: 16822.3, 0.0714831/step  Wall: 19279.9, 0.0823/step, 0.342917 hours remaining, 133.779358 MB of memory in use.
ENERGY:  235000      8036.7577     40378.4766     27681.6177       516.5380        -441644.5539     12203.2801       232.0118         0.0000    114300.8923        -238294.9797       308.2557   -352595.8720   -238007.5005       309.5388         -13491.7053      -112.2699   1686610.9002        -0.5225        -0.5311

WRITING EXTENDED SYSTEM TO RESTART FILE AT STEP 235000
WRITING COORDINATES TO DCD FILE AT STEP 235000
WRITING COORDINATES TO RESTART FILE AT STEP 235000
FINISHED WRITING RESTART COORDINATES
WRITING VELOCITIES TO RESTART FILE AT STEP 235000
FINISHED WRITING RESTART VELOCITIES
LDB: ============= START OF LOAD BALANCING ============== 19394.2
LDB: ============== END OF LOAD BALANCING =============== 19394.2

LDB: ============= START OF LOAD BALANCING ============== 19402.5
LDB: TIME 19402.5 LOAD: AVG 7.22035 MAX 7.40287  PROXIES: TOTAL 624 MAXPE 27 MAXPATCH 4 None 1.28779
LDB: TIME 19402.5 LOAD: AVG 7.22035 MAX 7.40287  PROXIES: TOTAL 624 MAXPE 27 MAXPATCH 4 RefineTorusLB 1.28779
LDB: ============== END OF LOAD BALANCING =============== 19402.5

PRESSURE: 240000 -13624.6 120.052 -126.337 95.7152 -13568.3 -61.376 -68.8843 -10.2302 -13303.6
GPRESSURE: 240000 -136.091 120.377 -125.897 114.885 -59.5724 -54.3352 -2.44605 4.79427 -67.1627
PRESSAVG: 240000 -6.7596 7.20174 2.49766 -0.332915 1.57478 1.0958 1.23401 8.65583 0.988096
GPRESSAVG: 240000 -6.79231 7.37897 2.62866 -0.367142 1.57092 1.22611 1.2144 8.69857 0.963468
TIMING: 240000  CPU: 17179.5, 0.0714541/step  Wall: 19690.5, 0.0821114/step, 0.228087 hours remaining, 133.816956 MB of memory in use.
ENERGY:  240000      8052.4257     40202.1736     27680.0492       526.4116        -441714.1190     11469.0719       229.6190         0.0000    114174.1568        -239380.2112       307.9139   -353554.3680   -239103.1760       309.8867         -13498.8252       -87.6088   1683652.9190        -1.3989        -1.4193

WRITING EXTENDED SYSTEM TO RESTART FILE AT STEP 240000
WRITING COORDINATES TO DCD FILE AT STEP 240000
WRITING COORDINATES TO RESTART FILE AT STEP 240000
FINISHED WRITING RESTART COORDINATES
WRITING VELOCITIES TO RESTART FILE AT STEP 240000
FINISHED WRITING RESTART VELOCITIES
LDB: ============= START OF LOAD BALANCING ============== 19722.3
LDB: ============== END OF LOAD BALANCING =============== 19722.3

LDB: ============= START OF LOAD BALANCING ============== 19730.7
LDB: TIME 19730.7 LOAD: AVG 7.21818 MAX 7.40039  PROXIES: TOTAL 624 MAXPE 27 MAXPATCH 4 None 1.29008
LDB: TIME 19730.7 LOAD: AVG 7.21818 MAX 7.40039  PROXIES: TOTAL 624 MAXPE 27 MAXPATCH 4 RefineTorusLB 1.29008
LDB: ============== END OF LOAD BALANCING =============== 19730.7

LDB: ============= START OF LOAD BALANCING ============== 20050.3
LDB: ============== END OF LOAD BALANCING =============== 20050.3

LDB: ============= START OF LOAD BALANCING ============== 20058.6
LDB: TIME 20058.6 LOAD: AVG 7.22738 MAX 7.37724  PROXIES: TOTAL 624 MAXPE 27 MAXPATCH 4 None 1.29836
LDB: TIME 20058.6 LOAD: AVG 7.22738 MAX 7.37724  PROXIES: TOTAL 624 MAXPE 27 MAXPATCH 4 RefineTorusLB 1.29836
LDB: ============== END OF LOAD BALANCING =============== 20058.6

PRESSURE: 245000 -13484.8 3.20511 -44.8821 -1.94421 -13481.2 3.84355 -49.8995 -16.048 -13449.1
GPRESSURE: 245000 -32.2582 112.259 -74.4987 2.09712 35.4286 -91.7941 -27.0956 -15.4278 -104.137
PRESSAVG: 245000 -4.73018 8.45113 -21.6131 4.74412 9.76202 -1.89456 -8.78409 -5.6723 1.98174
GPRESSAVG: 245000 -4.70175 8.38677 -21.5839 5.10529 9.86949 -1.87805 -8.5581 -5.73405 1.79716
TIMING: 245000  CPU: 17537.9, 0.0716639/step  Wall: 20100.7, 0.0820437/step, 0.11395 hours remaining, 133.179352 MB of memory in use.
ENERGY:  245000      7987.7425     40360.5458     27709.6761       493.1091        -441911.6866     11548.9235       220.9495         0.0000    115107.8633        -238482.8767       310.4320   -353590.7400   -238177.2451       309.7423         -13471.6818       -33.6555   1683279.4393         2.3379         2.3216

WRITING EXTENDED SYSTEM TO RESTART FILE AT STEP 245000
WRITING COORDINATES TO DCD FILE AT STEP 245000
WRITING COORDINATES TO RESTART FILE AT STEP 245000
FINISHED WRITING RESTART COORDINATES
WRITING VELOCITIES TO RESTART FILE AT STEP 245000
FINISHED WRITING RESTART VELOCITIES
LDB: ============= START OF LOAD BALANCING ============== 20378.9
LDB: ============== END OF LOAD BALANCING =============== 20378.9

LDB: ============= START OF LOAD BALANCING ============== 20387.4
LDB: TIME 20387.4 LOAD: AVG 7.21591 MAX 7.41238  PROXIES: TOTAL 624 MAXPE 27 MAXPATCH 4 None 1.27927
LDB: TIME 20387.4 LOAD: AVG 7.21591 MAX 7.41238  PROXIES: TOTAL 624 MAXPE 27 MAXPATCH 4 RefineTorusLB 1.27927
LDB: ============== END OF LOAD BALANCING =============== 20387.4

PRESSURE: 250000 -13530.6 -90.2147 197.474 -94.7865 -13311.6 23.4746 190.451 -17.3029 -13325.4
GPRESSURE: 250000 -19.0183 -74.5559 109.24 -79.3024 215.223 124.221 114.904 -72.7907 -106.614
PRESSAVG: 250000 -31.4601 -17.5652 6.29867 3.89059 34.0231 -17.318 -0.867091 -8.5672 0.0775377
GPRESSAVG: 250000 -31.3539 -17.4577 6.33596 3.67457 34.0049 -17.5173 -0.917343 -8.40706 0.108397
TIMING: 250000  CPU: 17896.2, 0.0716651/step  Wall: 20511.8, 0.0822235/step, 0 hours remaining, 132.819275 MB of memory in use.
ETITLE:      TS           BOND          ANGLE          DIHED          IMPRP               ELECT            VDW       BOUNDARY           MISC        KINETIC               TOTAL           TEMP      POTENTIAL         TOTAL3        TEMPAVG            PRESSURE      GPRESSURE         VOLUME       PRESSAVG      GPRESSAVG

ENERGY:  250000      7914.1417     40351.4172     27597.6937       501.1849        -442192.0714     11859.0065       253.5419         0.0000    115053.3283        -238661.7573       310.2850   -353715.0855   -238355.5596       310.0198         -13389.1983        29.8638   1684693.0041         0.8802         0.9198

WRITING EXTENDED SYSTEM TO RESTART FILE AT STEP 250000
WRITING COORDINATES TO DCD FILE AT STEP 250000
WRITING COORDINATES TO RESTART FILE AT STEP 250000
FINISHED WRITING RESTART COORDINATES
WRITING VELOCITIES TO RESTART FILE AT STEP 250000
FINISHED WRITING RESTART VELOCITIES
WRITING EXTENDED SYSTEM TO OUTPUT FILE AT STEP 250000
CLOSING EXTENDED SYSTEM TRAJECTORY FILE
WRITING COORDINATES TO OUTPUT FILE AT STEP 250000
CLOSING COORDINATE DCD FILE
WRITING VELOCITIES TO OUTPUT FILE AT STEP 250000
====================================================

WallClock: 20520.283203  CPUTime: 17902.605469  Memory: 131.329468 MB
