32689: Sat May  3 07:55:10 EDT 2014: Entering /tmp/24822.1.standard.q/ssh with args node041.pug.mib.pbtech -l jam2079 /bin/sh -f
32696: Sat May  3 07:55:10 EDT 2014: Entering /tmp/24822.1.standard.q/ssh with args node047.pug.mib.pbtech -l jam2079 /bin/sh -f
32694: Sat May  3 07:55:10 EDT 2014: Entering /tmp/24822.1.standard.q/ssh with args node047.pug.mib.pbtech -l jam2079 /bin/sh -f
32675: Sat May  3 07:55:10 EDT 2014: Entering /tmp/24822.1.standard.q/ssh with args node041.pug.mib.pbtech -l jam2079 /bin/sh -f
32681: Sat May  3 07:55:10 EDT 2014: Entering /tmp/24822.1.standard.q/ssh with args node041.pug.mib.pbtech -l jam2079 /bin/sh -f
32684: Sat May  3 07:55:10 EDT 2014: Entering /tmp/24822.1.standard.q/ssh with args node047.pug.mib.pbtech -l jam2079 /bin/sh -f
32692: Sat May  3 07:55:10 EDT 2014: Entering /tmp/24822.1.standard.q/ssh with args node047.pug.mib.pbtech -l jam2079 /bin/sh -f
32685: Sat May  3 07:55:10 EDT 2014: Entering /tmp/24822.1.standard.q/ssh with args node041.pug.mib.pbtech -l jam2079 /bin/sh -f
32697: Sat May  3 07:55:10 EDT 2014: Entering /tmp/24822.1.standard.q/ssh with args node041.pug.mib.pbtech -l jam2079 /bin/sh -f
32698: Sat May  3 07:55:10 EDT 2014: Entering /tmp/24822.1.standard.q/ssh with args node047.pug.mib.pbtech -l jam2079 /bin/sh -f
32697: Sat May  3 07:55:10 EDT 2014: Exiting /tmp/24822.1.standard.q/ssh
32676: Sat May  3 07:55:14 EDT 2014: Exiting /tmp/24822.1.standard.q/ssh
32689: Sat May  3 07:55:15 EDT 2014: Exiting /tmp/24822.1.standard.q/ssh
32686: Sat May  3 07:55:15 EDT 2014: Exiting /tmp/24822.1.standard.q/ssh
32681: Sat May  3 07:55:15 EDT 2014: Exiting /tmp/24822.1.standard.q/ssh
32680: Sat May  3 07:55:16 EDT 2014: Exiting /tmp/24822.1.standard.q/ssh
32690: Sat May  3 07:55:16 EDT 2014: Exiting /tmp/24822.1.standard.q/ssh
32696: Sat May  3 07:55:17 EDT 2014: Exiting /tmp/24822.1.standard.q/ssh
32692: Sat May  3 07:55:18 EDT 2014: Exiting /tmp/24822.1.standard.q/ssh
32677: Sat May  3 07:55:19 EDT 2014: Exiting /tmp/24822.1.standard.q/ssh
32685: Sat May  3 07:55:19 EDT 2014: Exiting /tmp/24822.1.standard.q/ssh
32684: Sat May  3 07:55:22 EDT 2014: Exiting /tmp/24822.1.standard.q/ssh
32682: Sat May  3 07:55:23 EDT 2014: Exiting /tmp/24822.1.standard.q/ssh
32698: Sat May  3 07:55:25 EDT 2014: Exiting /tmp/24822.1.standard.q/ssh
32693: Sat May  3 07:55:26 EDT 2014: Exiting /tmp/24822.1.standard.q/ssh
32695: Sat May  3 07:55:27 EDT 2014: Exiting /tmp/24822.1.standard.q/ssh
32683: Sat May  3 07:55:27 EDT 2014: Exiting /tmp/24822.1.standard.q/ssh
32675: Sat May  3 07:55:28 EDT 2014: Exiting /tmp/24822.1.standard.q/ssh
32687: Sat May  3 07:55:28 EDT 2014: Exiting /tmp/24822.1.standard.q/ssh
32678: Sat May  3 07:55:28 EDT 2014: Exiting /tmp/24822.1.standard.q/ssh
32679: Sat May  3 07:55:29 EDT 2014: Exiting /tmp/24822.1.standard.q/ssh
32694: Sat May  3 07:55:31 EDT 2014: Exiting /tmp/24822.1.standard.q/ssh
32691: Sat May  3 07:55:33 EDT 2014: Exiting /tmp/24822.1.standard.q/ssh
32688: Sat May  3 07:55:33 EDT 2014: Exiting /tmp/24822.1.standard.q/ssh
Warning> Randomization of stack pointer is turned on in kernel.
Charm++> synchronizing isomalloc memory region...
[0] consolidated Isomalloc memory region: 0x2ba5c0000000 - 0x7ffb00000000 (88429568 megs)
Charm++: scheduler running in netpoll mode.
Charm++> Running on 2 unique compute nodes (12-way SMP).
Charm++> Cpu topology info:
PE to node map: 0 1 0 1 0 1 0 1 0 1 0 1 0 1 0 1 0 1 0 1 0 1 0 1 
Node to PE map:
Chip #0: 0 2 4 6 8 10 12 14 16 18 20 22 
Chip #1: 1 3 5 7 9 11 13 15 17 19 21 23 
Charm++> cpu topology info is gathered in 0.015 seconds.
Info: NAMD 2.7 for Linux-x86_64
Info: 
Info: Please visit http://www.ks.uiuc.edu/Research/namd/
Info: and send feedback or bug reports to namd@ks.uiuc.edu
Info: 
Info: Please cite Phillips et al., J. Comp. Chem. 26:1781-1802 (2005)
Info: in all publications reporting results obtained with NAMD.
Info: 
Info: Based on Charm++/Converse 60202 for net-linux-x86_64
Info: Built Fri Jun 17 11:23:43 EDT 2011 by jason on node026.pug.pbtech
Info: 1 NAMD  2.7  Linux-x86_64  24    node041.pug.pbtech  jam2079
Info: Running on 24 processors.
Info: CPU topology information available.
Info: Charm++/Converse parallel runtime startup completed at 0.188389 s
Info: 1.64034 MB of memory in use based on CmiMemoryUsage
Info: Changed directory to phase2a
Info: Configuration file is rho_equil_phase2a3.np.in
TCL: Suspending until startup complete.
Info: EXTENDED SYSTEM FILE   /home/jam2079/Pathrover/2jln/phase2a/dat_equil_phase2a2.restart.xsc
Info: SIMULATION PARAMETERS:
Info: TIMESTEP               1
Info: NUMBER OF STEPS        0
Info: STEPS PER CYCLE        20
Info: PERIODIC CELL BASIS 1  124.423 0 0
Info: PERIODIC CELL BASIS 2  0 125.538 0
Info: PERIODIC CELL BASIS 3  0 0 109.093
Info: PERIODIC CELL CENTER   -0.389 0.194 1.795
Info: WRAPPING ALL CLUSTERS AROUND PERIODIC BOUNDARIES ON OUTPUT.
Info: LOAD BALANCER  Centralized
Info: LOAD BALANCING STRATEGY  New Load Balancers -- ASB
Info: LDB PERIOD             4000 steps
Info: FIRST LDB TIMESTEP     100
Info: LAST LDB TIMESTEP     -1
Info: LDB BACKGROUND SCALING 1
Info: HOM BACKGROUND SCALING 1
Info: PME BACKGROUND SCALING 1
Info: MAX SELF PARTITIONS    20
Info: MAX PAIR PARTITIONS    8
Info: SELF PARTITION ATOMS   154
Info: SELF2 PARTITION ATOMS   154
Info: PAIR PARTITION ATOMS   318
Info: PAIR2 PARTITION ATOMS  637
Info: MIN ATOMS PER PATCH    100
Info: VELOCITY FILE          /home/jam2079/Pathrover/2jln/phase2a/dat_equil_phase2a2.restart.vel
Info: CENTER OF MASS MOVING INITIALLY? NO
Info: DIELECTRIC             1
Info: EXCLUDE                SCALED ONE-FOUR
Info: 1-4 ELECTROSTATICS SCALED BY 1
Info: MODIFIED 1-4 VDW PARAMETERS WILL BE USED
Info: DCD FILENAME           ./dat_equil_phase2a3.np.dcd
Info: DCD FREQUENCY          5000
Info: DCD FIRST STEP         5000
Info: DCD FILE WILL CONTAIN UNIT CELL DATA
Info: XST FILENAME           ./dat_equil_phase2a3.np.xst
Info: XST FREQUENCY          5000
Info: NO VELOCITY DCD OUTPUT
Info: OUTPUT FILENAME        ./dat_equil_phase2a3.np
Info: RESTART FILENAME       ./dat_equil_phase2a3.np.restart
Info: RESTART FREQUENCY      5000
Info: BINARY RESTART FILES WILL BE USED
Info: SWITCHING ACTIVE
Info: SWITCHING ON           10
Info: SWITCHING OFF          12
Info: PAIRLIST DISTANCE      13.5
Info: PAIRLIST SHRINK RATE   0.01
Info: PAIRLIST GROW RATE     0.01
Info: PAIRLIST TRIGGER       0.3
Info: PAIRLISTS PER CYCLE    2
Info: PAIRLISTS ENABLED
Info: MARGIN                 2.5
Info: HYDROGEN GROUP CUTOFF  2.5
Info: PATCH DIMENSION        18.5
Info: ENERGY OUTPUT STEPS    5000
Info: CROSSTERM ENERGY INCLUDED IN DIHEDRAL
Info: TIMING OUTPUT STEPS    5000
Info: PRESSURE OUTPUT STEPS  5000
Info: HARMONIC CONSTRAINTS ACTIVE
Info: HARMONIC CONS EXP      2
Info: LANGEVIN DYNAMICS ACTIVE
Info: LANGEVIN TEMPERATURE   310
Info: LANGEVIN DAMPING COEFFICIENT IS 5 INVERSE PS
Info: LANGEVIN DYNAMICS NOT APPLIED TO HYDROGENS
Info: LANGEVIN PISTON PRESSURE CONTROL ACTIVE
Info:        TARGET PRESSURE IS 1.01325 BAR
Info:     OSCILLATION PERIOD IS 200 FS
Info:             DECAY TIME IS 50 FS
Info:     PISTON TEMPERATURE IS 310 K
Info:       PRESSURE CONTROL IS GROUP-BASED
Info:    INITIAL STRAIN RATE IS 1.60798e-06 1.60798e-06 3.67121e-06
Info:       CELL FLUCTUATION IS ANISOTROPIC
Info:     SHAPE OF CELL IS CONSTRAINED IN X-Y PLANE
Info: PARTICLE MESH EWALD (PME) ACTIVE
Info: PME TOLERANCE               1e-06
Info: PME EWALD COEFFICIENT       0.257952
Info: PME INTERPOLATION ORDER     4
Info: PME GRID DIMENSIONS         128 128 112
Info: PME MAXIMUM GRID SPACING    1
Info: Attempting to read FFTW data from FFTW_NAMD_2.7_Linux-x86_64.txt
Info: Optimizing 6 FFT steps.  1... 2... 3... 4... 5... 6...   Done.
Info: Writing FFTW data to FFTW_NAMD_2.7_Linux-x86_64.txt
Info: FULL ELECTROSTATIC EVALUATION FREQUENCY      4
Info: USING VERLET I (r-RESPA) MTS SCHEME.
Info: C1 SPLITTING OF LONG RANGE ELECTROSTATICS
Info: PLACING ATOMS IN PATCHES BY HYDROGEN GROUPS
Info: RIGID BONDS TO HYDROGEN : ALL
Info:         ERROR TOLERANCE : 1e-08
Info:          MAX ITERATIONS : 100
Info: RIGID WATER USING SETTLE ALGORITHM
Info: NONBONDED FORCES EVALUATED EVERY 2 STEPS
Info: RANDOM NUMBER SEED     1399118144
Info: USE HYDROGEN BONDS?    NO
Info: COORDINATE PDB         /home/jam2079/Pathrover/2jln/phase2a/dat_equil_phase2a2.coor
Info: STRUCTURE FILE         /home/jam2079/Pathrover/2jln/common/ionized.psf
Info: PARAMETER file: CHARMM format! 
Info: PARAMETERS             /home/jam2079/Pathrover/2jln/common/parameters_all.prm
Info: USING ARITHMETIC MEAN TO COMBINE L-J SIGMA PARAMETERS
Info: BINARY COORDINATES     /home/jam2079/Pathrover/2jln/phase2a/dat_equil_phase2a2.restart.coor
Info: SUMMARY OF PARAMETERS:
Info: 231 BONDS
Info: 615 ANGLES
Info: 936 DIHEDRAL
Info: 55 IMPROPER
Info: 6 CROSSTERM
Info: 152 VDW
Info: 0 VDW_PAIRS
Info: TIME FOR READING PSF FILE: 3.02698
Info: TIME FOR READING PDB FILE: 0.280933
Info: 
Info: Reading from binary file /home/jam2079/Pathrover/2jln/phase2a/dat_equil_phase2a2.restart.coor
Info: ****************************
Info: STRUCTURE SUMMARY:
Info: 172765 ATOMS
Info: 137441 BONDS
Info: 163935 ANGLES
Info: 179819 DIHEDRALS
Info: 2052 IMPROPERS
Info: 0 CROSSTERMS
Info: 0 EXCLUSIONS
Info: 1846 CONSTRAINTS
Info: 145106 RIGID BONDS
Info: 373189 DEGREES OF FREEDOM
Info: 62497 HYDROGEN GROUPS
Info: 4 ATOMS IN LARGEST HYDROGEN GROUP
Info: 62497 MIGRATION GROUPS
Info: 4 ATOMS IN LARGEST MIGRATION GROUP
Info: TOTAL MASS = 1.03211e+06 amu
Info: TOTAL CHARGE = 4.77266e-05 e
Info: MASS DENSITY = 1.00581 g/cm^3
Info: ATOM DENSITY = 0.101387 atoms/A^3
Info: *****************************
Info: 
Info: Entering startup at 4.16877 s, 49.5395 MB of memory in use
Info: Startup phase 0 took 0.0450029 s, 49.5358 MB of memory in use
Info: Startup phase 1 took 1.42242 s, 86.4612 MB of memory in use
Info: Startup phase 2 took 0.0438311 s, 87.7854 MB of memory in use
Info: PATCH GRID IS 6 (PERIODIC) BY 6 (PERIODIC) BY 5 (PERIODIC)
Info: PATCH GRID IS 1-AWAY BY 1-AWAY BY 1-AWAY
Info: Reading from binary file /home/jam2079/Pathrover/2jln/phase2a/dat_equil_phase2a2.restart.vel
Info: REMOVING COM VELOCITY 0.0152261 0.0174189 0.0135577
Info: LARGEST PATCH (53) HAS 1040 ATOMS
Info: Startup phase 3 took 0.17398 s, 115.216 MB of memory in use
Info: PME using 22 and 22 processors for FFT and reciprocal sum.
Info: PME GRID LOCATIONS: 1 2 3 4 5 6 7 8 9 10 ...
Info: PME TRANS LOCATIONS: 1 2 3 4 5 6 7 8 9 10 ...
Info: Startup phase 4 took 0.054002 s, 115.217 MB of memory in use
Info: Startup phase 5 took 0.0689058 s, 89.7733 MB of memory in use
LDB: Central LB being created...
Info: Startup phase 6 took 2.42918 s, 89.8064 MB of memory in use
Info: CREATING 12617 COMPUTE OBJECTS
Info: useSync: 1 useProxySync: 0
Info: NONBONDED TABLE R-SQUARED SPACING: 0.0625
Info: NONBONDED TABLE SIZE: 769 POINTS
Info: Startup phase 7 took 0.0501461 s, 93.1897 MB of memory in use
Info: Startup phase 8 took 0.000191927 s, 94.1989 MB of memory in use
Info: Finished startup at 8.45643 s, 94.1989 MB of memory in use

TCL: Running for 250000 steps
PRESSURE: 0 -13252 -31.1013 134.12 -41.3025 -13382.6 192.739 131.695 181.477 -13338.7
GPRESSURE: 0 119.465 -60.1371 145.525 31.403 -18.349 149.316 79.5184 149.542 -157.944
ETITLE:      TS           BOND          ANGLE          DIHED          IMPRP               ELECT            VDW       BOUNDARY           MISC        KINETIC               TOTAL           TEMP      POTENTIAL         TOTAL3        TEMPAVG            PRESSURE      GPRESSURE         VOLUME       PRESSAVG      GPRESSAVG

ENERGY:       0      8027.2479     40300.1264     27748.2842       497.6559        -442382.6627     13404.6714       232.7306         0.0000    114812.1813        -237359.7650       309.6346   -352171.9463   -237066.1547       309.6346         -13324.4341       -18.9426   1704012.4313    -13324.4341       -18.9426

OPENING EXTENDED SYSTEM TRAJECTORY FILE
LDB: ============= START OF LOAD BALANCING ============== 16.8777
LDB: ============== END OF LOAD BALANCING =============== 16.8783

Info: Initial time: 24 CPUs 0.0832595 s/step 0.963652 days/ns 112.872 MB memory
LDB: ============= START OF LOAD BALANCING ============== 25.527
LDB: TIME 25.5593 LOAD: AVG 7.14478 MAX 7.77632  PROXIES: TOTAL 480 MAXPE 22 MAXPATCH 4 None 1.23612
LDB: TIME 25.6353 LOAD: AVG 7.14478 MAX 7.14682  PROXIES: TOTAL 480 MAXPE 22 MAXPATCH 4 TorusLB 1.23612
LDB: TIME 25.6354 LOAD: AVG 7.14478 MAX 7.14682  PROXIES: TOTAL 480 MAXPE 22 MAXPATCH 4 TorusLB 1.23612
LDB: ============== END OF LOAD BALANCING =============== 25.6624

Info: Initial time: 24 CPUs 0.0844625 s/step 0.977575 days/ns 113.097 MB memory
LDB: ============= START OF LOAD BALANCING ============== 34.0568
LDB: TIME 34.0907 LOAD: AVG 7.20546 MAX 7.40925  PROXIES: TOTAL 480 MAXPE 22 MAXPATCH 4 None 1.26633
LDB: TIME 34.1059 LOAD: AVG 7.20546 MAX 7.40925  PROXIES: TOTAL 480 MAXPE 22 MAXPATCH 4 RefineTorusLB 1.26633
LDB: ============== END OF LOAD BALANCING =============== 34.1083

Info: Initial time: 24 CPUs 0.0819468 s/step 0.948458 days/ns 114.56 MB memory
LDB: ============= START OF LOAD BALANCING ============== 42.2835
LDB: TIME 42.3191 LOAD: AVG 7.20331 MAX 7.3515  PROXIES: TOTAL 480 MAXPE 22 MAXPATCH 4 None 1.27569
LDB: TIME 42.3363 LOAD: AVG 7.20331 MAX 7.3515  PROXIES: TOTAL 480 MAXPE 22 MAXPATCH 4 RefineTorusLB 1.27569
LDB: ============== END OF LOAD BALANCING =============== 42.3388

Info: Benchmark time: 24 CPUs 0.0800938 s/step 0.927011 days/ns 114.811 MB memory
Info: Benchmark time: 24 CPUs 0.0809374 s/step 0.936776 days/ns 115.044 MB memory
Info: Benchmark time: 24 CPUs 0.0821529 s/step 0.950844 days/ns 115.137 MB memory
LDB: ============= START OF LOAD BALANCING ============== 361.395
LDB: ============== END OF LOAD BALANCING =============== 361.396

LDB: ============= START OF LOAD BALANCING ============== 369.85
LDB: TIME 369.875 LOAD: AVG 7.23874 MAX 7.5409  PROXIES: TOTAL 480 MAXPE 22 MAXPATCH 4 None 1.27089
LDB: TIME 369.892 LOAD: AVG 7.23874 MAX 7.5409  PROXIES: TOTAL 480 MAXPE 22 MAXPATCH 4 RefineTorusLB 1.27089
LDB: ============== END OF LOAD BALANCING =============== 369.895

PRESSURE: 5000 -13258.9 -46.8375 -75.0351 -14.7085 -13280.5 -92.8822 -112.625 -153.402 -13116.5
GPRESSURE: 5000 55.7162 -45.9648 -37.3972 137.507 157.451 -92.7743 -56.3859 -199.357 134.045
PRESSAVG: 5000 6.31945 4.60743 0.291934 -3.47543 -5.33457 -1.79997 -12.5541 -25.942 3.79291
GPRESSAVG: 5000 6.37615 4.72307 0.297019 -3.43972 -5.28537 -1.78762 -12.5883 -25.7018 3.89497
TIMING: 5000  CPU: 358.425, 0.0716351/step  Wall: 411.16, 0.0821457/step, 5.59047 hours remaining, 133.257019 MB of memory in use.
ENERGY:    5000      7924.5553     40508.1380     27640.3125       508.9992        -441725.7704     12619.5535       251.5819         0.0000    114044.6936        -238227.9365       307.5648   -352272.6301   -237927.0829       309.7976         -13218.6405       115.7373   1696011.2085         1.5926         1.6619

WRITING EXTENDED SYSTEM TO RESTART FILE AT STEP 5000
OPENING COORDINATE DCD FILE
WRITING COORDINATES TO DCD FILE AT STEP 5000
WRITING COORDINATES TO RESTART FILE AT STEP 5000
FINISHED WRITING RESTART COORDINATES
WRITING VELOCITIES TO RESTART FILE AT STEP 5000
FINISHED WRITING RESTART VELOCITIES
LDB: ============= START OF LOAD BALANCING ============== 689.863
LDB: ============== END OF LOAD BALANCING =============== 689.863

LDB: ============= START OF LOAD BALANCING ============== 698.263
LDB: TIME 698.298 LOAD: AVG 7.2578 MAX 7.52617  PROXIES: TOTAL 480 MAXPE 22 MAXPATCH 4 None 1.28911
LDB: TIME 698.315 LOAD: AVG 7.2578 MAX 7.52617  PROXIES: TOTAL 480 MAXPE 22 MAXPATCH 4 RefineTorusLB 1.28911
LDB: ============== END OF LOAD BALANCING =============== 698.317

PRESSURE: 10000 -13549.3 48.3783 89.6503 23.1378 -13308 -86.4407 121.881 -120.922 -13391.8
GPRESSURE: 10000 -94.7168 25.3459 41.2123 107.077 -71.2177 -83.4865 49.6898 -124.653 27.6054
PRESSAVG: 10000 6.54731 -5.06128 11.3692 -1.56816 -10.5619 11.9939 -2.73715 -22.9144 4.1975
GPRESSAVG: 10000 6.3798 -5.00091 11.4756 -1.65015 -10.6118 12.1845 -2.649 -22.9888 4.26183
TIMING: 10000  CPU: 720.054, 0.0723258/step  Wall: 821.694, 0.0821069/step, 5.47379 hours remaining, 135.755661 MB of memory in use.
ENERGY:   10000      7928.2616     40433.9736     27729.0919       508.4382        -442457.9575     12970.3451       240.4875         0.0000    114470.1775        -238177.1820       308.7123   -352647.3595   -237904.9616       309.6924         -13416.3696       -46.1097   1694276.3937         0.0610         0.0099

WRITING EXTENDED SYSTEM TO RESTART FILE AT STEP 10000
WRITING COORDINATES TO DCD FILE AT STEP 10000
WRITING COORDINATES TO RESTART FILE AT STEP 10000
FINISHED WRITING RESTART COORDINATES
WRITING VELOCITIES TO RESTART FILE AT STEP 10000
FINISHED WRITING RESTART VELOCITIES
LDB: ============= START OF LOAD BALANCING ============== 1018.65
LDB: ============== END OF LOAD BALANCING =============== 1018.65

LDB: ============= START OF LOAD BALANCING ============== 1026.99
LDB: TIME 1027.01 LOAD: AVG 7.27798 MAX 7.49706  PROXIES: TOTAL 480 MAXPE 22 MAXPATCH 4 None 1.29468
LDB: TIME 1027.03 LOAD: AVG 7.27798 MAX 7.49706  PROXIES: TOTAL 480 MAXPE 22 MAXPATCH 4 RefineTorusLB 1.29468
LDB: ============== END OF LOAD BALANCING =============== 1027.03

PRESSURE: 15000 -13328.1 -32.9828 68.0044 8.99623 -13476.1 115.97 49.0737 90.1454 -13160.3
GPRESSURE: 15000 22.2084 -51.0069 72.1713 -0.0159695 -81.9357 40.6992 27.8475 0.857394 243.777
PRESSAVG: 15000 -4.30264 -1.65471 9.7631 -7.4798 -0.779372 8.02562 -5.83163 -24.2834 3.64521
GPRESSAVG: 15000 -4.11989 -1.66596 9.67477 -7.501 -0.758356 7.94766 -5.87532 -24.1601 3.56465
TIMING: 15000  CPU: 1081.34, 0.0722576/step  Wall: 1232.32, 0.0821247/step, 5.36092 hours remaining, 135.467422 MB of memory in use.
ENERGY:   15000      7981.2827     40309.6450     27592.6895       519.6147        -441873.6375     12278.6321       236.8108         0.0000    114668.0906        -238286.8722       309.2460   -352954.9628   -238010.9635       309.7077         -13321.4643        61.3498   1692219.0008        -0.4789        -0.4379

WRITING EXTENDED SYSTEM TO RESTART FILE AT STEP 15000
WRITING COORDINATES TO DCD FILE AT STEP 15000
WRITING COORDINATES TO RESTART FILE AT STEP 15000
FINISHED WRITING RESTART COORDINATES
WRITING VELOCITIES TO RESTART FILE AT STEP 15000
FINISHED WRITING RESTART VELOCITIES
LDB: ============= START OF LOAD BALANCING ============== 1347.3
LDB: ============== END OF LOAD BALANCING =============== 1347.3

LDB: ============= START OF LOAD BALANCING ============== 1355.76
LDB: TIME 1355.79 LOAD: AVG 7.27466 MAX 7.48783  PROXIES: TOTAL 480 MAXPE 22 MAXPATCH 4 None 1.29326
LDB: TIME 1355.81 LOAD: AVG 7.27466 MAX 7.48783  PROXIES: TOTAL 480 MAXPE 22 MAXPATCH 4 RefineTorusLB 1.29326
LDB: ============== END OF LOAD BALANCING =============== 1355.81

PRESSURE: 20000 -13303.9 35.6555 -237.685 8.97871 -13478.7 7.02661 -167.9 -3.83394 -13261.3
GPRESSURE: 20000 142.194 47.7432 -290.258 33.1357 -107.816 -45.1127 -208.053 -19.3317 -32.4893
PRESSAVG: 20000 6.97348 5.28855 -0.405038 21.9563 -15.3728 -0.373222 -8.73108 -19.3259 1.79534
GPRESSAVG: 20000 6.9916 5.28023 -0.200005 21.8722 -15.4443 -0.361026 -8.66532 -19.3059 1.55704
TIMING: 20000  CPU: 1442.38, 0.072207/step  Wall: 1643.74, 0.0822852/step, 5.25711 hours remaining, 136.331497 MB of memory in use.
ENERGY:   20000      7995.4126     40188.1178     27711.1879       482.0072        -441941.8779     12369.6150       231.7084         0.0000    114315.8331        -238647.9959       308.2960   -352963.8290   -238341.5126       310.0126         -13347.9580         0.6295   1693543.1946        -2.2013        -2.2986

WRITING EXTENDED SYSTEM TO RESTART FILE AT STEP 20000
WRITING COORDINATES TO DCD FILE AT STEP 20000
WRITING COORDINATES TO RESTART FILE AT STEP 20000
FINISHED WRITING RESTART COORDINATES
WRITING VELOCITIES TO RESTART FILE AT STEP 20000
FINISHED WRITING RESTART VELOCITIES
LDB: ============= START OF LOAD BALANCING ============== 1676.57
LDB: ============== END OF LOAD BALANCING =============== 1676.57

LDB: ============= START OF LOAD BALANCING ============== 1685.21
LDB: TIME 1685.24 LOAD: AVG 7.30495 MAX 7.70351  PROXIES: TOTAL 480 MAXPE 22 MAXPATCH 4 None 1.29754
LDB: TIME 1685.26 LOAD: AVG 7.30495 MAX 7.66048  PROXIES: TOTAL 480 MAXPE 22 MAXPATCH 4 RefineTorusLB 1.29754
LDB: ============== END OF LOAD BALANCING =============== 1685.26

LDB: ============= START OF LOAD BALANCING ============== 2006.84
LDB: ============== END OF LOAD BALANCING =============== 2006.84

LDB: ============= START OF LOAD BALANCING ============== 2015.4
LDB: TIME 2015.43 LOAD: AVG 7.29404 MAX 7.43424  PROXIES: TOTAL 480 MAXPE 22 MAXPATCH 4 None 1.29044
LDB: TIME 2015.45 LOAD: AVG 7.29404 MAX 7.43424  PROXIES: TOTAL 480 MAXPE 22 MAXPATCH 4 RefineTorusLB 1.29044
LDB: ============== END OF LOAD BALANCING =============== 2015.45

PRESSURE: 25000 -13312.2 79.6651 61.3132 70.4768 -13413.3 184.184 23.9923 212.119 -13270.4
GPRESSURE: 25000 90.8167 135.374 78.3593 13.9874 22.4579 65.2923 41.547 193.605 52.5286
PRESSAVG: 25000 9.54377 -1.24566 -18.7148 -6.06872 -1.83886 11.4032 -12.6602 14.3913 -1.09925
GPRESSAVG: 25000 9.42053 -1.10042 -18.7857 -6.089 -1.83444 11.3224 -12.6312 14.4435 -0.938888
TIMING: 25000  CPU: 1803.69, 0.072263/step  Wall: 2057.06, 0.0826642/step, 5.16651 hours remaining, 136.838242 MB of memory in use.
ENERGY:   25000      8058.2518     40305.6839     27658.0635       506.9208        -442093.1037     12330.0513       244.4236         0.0000    114675.8463        -238313.8623       309.2669   -352989.7086   -238025.2919       309.8512         -13331.9813        55.2677   1687628.8451         2.2019         2.2157

WRITING EXTENDED SYSTEM TO RESTART FILE AT STEP 25000
WRITING COORDINATES TO DCD FILE AT STEP 25000
WRITING COORDINATES TO RESTART FILE AT STEP 25000
FINISHED WRITING RESTART COORDINATES
WRITING VELOCITIES TO RESTART FILE AT STEP 25000
FINISHED WRITING RESTART VELOCITIES
LDB: ============= START OF LOAD BALANCING ============== 2337.17
LDB: ============== END OF LOAD BALANCING =============== 2337.17

LDB: ============= START OF LOAD BALANCING ============== 2345.6
LDB: TIME 2345.64 LOAD: AVG 7.28905 MAX 7.40621  PROXIES: TOTAL 480 MAXPE 22 MAXPATCH 4 None 1.28775
LDB: TIME 2345.66 LOAD: AVG 7.28905 MAX 7.40621  PROXIES: TOTAL 480 MAXPE 22 MAXPATCH 4 RefineTorusLB 1.28775
LDB: ============== END OF LOAD BALANCING =============== 2345.66

PRESSURE: 30000 -13355.1 88.6541 -49.3939 60.4153 -13556.4 -1.37706 -72.282 65.7472 -13205.2
GPRESSURE: 30000 81.6114 79.0219 -31.8784 40.6352 -121.135 -4.16367 -62.796 -28.4731 137.196
PRESSAVG: 30000 13.2598 9.85667 0.15577 3.02202 -13.9499 -22.9247 -0.684566 -9.99597 3.05
GPRESSAVG: 30000 13.236 9.80716 0.275142 3.01211 -13.8723 -22.8973 -0.681189 -10.0653 3.05864
TIMING: 30000  CPU: 2166.48, 0.072558/step  Wall: 2469.89, 0.0825644/step, 5.0456 hours remaining, 135.007889 MB of memory in use.
ENERGY:   30000      8064.3478     40490.0079     27615.1112       480.8367        -442083.2127     11929.8823       242.7554         0.0000    114618.5095        -238641.7619       309.1123   -353260.2713   -238333.1900       309.6383         -13372.2223        32.5575   1686627.1780         0.7867         0.8074

WRITING EXTENDED SYSTEM TO RESTART FILE AT STEP 30000
WRITING COORDINATES TO DCD FILE AT STEP 30000
WRITING COORDINATES TO RESTART FILE AT STEP 30000
FINISHED WRITING RESTART COORDINATES
WRITING VELOCITIES TO RESTART FILE AT STEP 30000
FINISHED WRITING RESTART VELOCITIES
LDB: ============= START OF LOAD BALANCING ============== 2667.57
LDB: ============== END OF LOAD BALANCING =============== 2667.58

LDB: ============= START OF LOAD BALANCING ============== 2676.19
LDB: TIME 2676.22 LOAD: AVG 7.30312 MAX 7.51964  PROXIES: TOTAL 480 MAXPE 22 MAXPATCH 4 None 1.27704
LDB: TIME 2676.24 LOAD: AVG 7.30312 MAX 7.51964  PROXIES: TOTAL 480 MAXPE 22 MAXPATCH 4 RefineTorusLB 1.27704
LDB: ============== END OF LOAD BALANCING =============== 2676.24

PRESSURE: 35000 -13310.5 146.468 97.664 133.778 -13337.2 185.575 124.58 198.442 -13214.1
GPRESSURE: 35000 123.003 26.3101 118.559 129.266 134.995 141.463 52.195 118.725 126.671
PRESSAVG: 35000 5.36506 2.57101 -8.96455 -14.4851 -7.01384 -12.5038 -14.0859 -8.92017 -1.5756
GPRESSAVG: 35000 5.38655 2.57773 -9.04241 -14.5779 -7.06356 -12.4854 -13.974 -9.03983 -1.54092
TIMING: 35000  CPU: 2529.46, 0.072595/step  Wall: 2882.95, 0.0826126/step, 4.93381 hours remaining, 136.500381 MB of memory in use.
ENERGY:   35000      7941.1414     40428.5740     27712.5293       506.0631        -442256.0398     12522.3595       234.9858         0.0000    114603.3216        -238307.0650       309.0714   -352910.3866   -238024.1760       309.5803         -13287.2406       128.2232   1686588.8275        -1.0748        -1.0726

WRITING EXTENDED SYSTEM TO RESTART FILE AT STEP 35000
WRITING COORDINATES TO DCD FILE AT STEP 35000
WRITING COORDINATES TO RESTART FILE AT STEP 35000
FINISHED WRITING RESTART COORDINATES
WRITING VELOCITIES TO RESTART FILE AT STEP 35000
FINISHED WRITING RESTART VELOCITIES
LDB: ============= START OF LOAD BALANCING ============== 2998.73
LDB: ============== END OF LOAD BALANCING =============== 2998.73

LDB: ============= START OF LOAD BALANCING ============== 3007.22
LDB: TIME 3007.22 LOAD: AVG 7.26832 MAX 7.51543  PROXIES: TOTAL 480 MAXPE 22 MAXPATCH 4 None 1.27407
LDB: TIME 3007.24 LOAD: AVG 7.26832 MAX 7.51543  PROXIES: TOTAL 480 MAXPE 22 MAXPATCH 4 RefineTorusLB 1.27407
LDB: ============== END OF LOAD BALANCING =============== 3007.24

WRITING COORDINATES TO DCD FILE AT STEP 40000
WRITING COORDINATES TO RESTART FILE AT STEP 40000
FINISHED WRITING RESTART COORDINATES
WRITING VELOCITIES TO RESTART FILE AT STEP 40000
FINISHED WRITING RESTART VELOCITIES
PRESSURE: 40000 -13349 -121.025 29.1454 -112.076 -13431.2 116.075 32.0627 147.4 -13305.6
GPRESSURE: 40000 160.379 -93.8244 -12.9146 -121.452 39.0426 12.3574 25.4002 20.4253 68.4416
PRESSAVG: 40000 5.31109 5.37335 -7.78824 9.15395 -11.1186 -11.9594 -5.21262 -17.7167 8.72062
GPRESSAVG: 40000 5.33382 5.29244 -7.67428 9.04608 -11.073 -12.0404 -5.24285 -17.6135 8.5829
TIMING: 40000  CPU: 2893.46, 0.0728003/step  Wall: 3296.4, 0.0826894/step, 4.82355 hours remaining, 134.332108 MB of memory in use.
ENERGY:   40000      7892.8395     40254.4328     27720.6416       535.2720        -442875.1757     12354.3106       227.3470         0.0000    114402.1974        -239488.1350       308.5289   -353890.3323   -239189.2859       309.8602         -13361.9420        89.2879   1684555.5528         0.9711         0.9479

WRITING EXTENDED SYSTEM TO RESTART FILE AT STEP 40000
LDB: ============= START OF LOAD BALANCING ============== 3329.2
LDB: ============== END OF LOAD BALANCING =============== 3329.2

LDB: ============= START OF LOAD BALANCING ============== 3337.61
LDB: TIME 3337.64 LOAD: AVG 7.29819 MAX 7.57694  PROXIES: TOTAL 480 MAXPE 22 MAXPATCH 4 None 1.28499
LDB: TIME 3337.66 LOAD: AVG 7.29819 MAX 7.57694  PROXIES: TOTAL 480 MAXPE 22 MAXPATCH 4 RefineTorusLB 1.28499
LDB: ============== END OF LOAD BALANCING =============== 3337.66

LDB: ============= START OF LOAD BALANCING ============== 3660.16
LDB: ============== END OF LOAD BALANCING =============== 3660.16

LDB: ============= START OF LOAD BALANCING ============== 3668.58
LDB: TIME 3668.62 LOAD: AVG 7.29495 MAX 7.43298  PROXIES: TOTAL 480 MAXPE 22 MAXPATCH 4 None 1.28856
LDB: TIME 3668.63 LOAD: AVG 7.29495 MAX 7.43298  PROXIES: TOTAL 480 MAXPE 22 MAXPATCH 4 RefineTorusLB 1.28856
LDB: ============== END OF LOAD BALANCING =============== 3668.64

PRESSURE: 45000 -13499.5 24.2655 27.7702 -11.1906 -13511.2 38.6446 -31.3066 75.5581 -13654.2
GPRESSURE: 45000 -41.1466 19.1965 -9.18371 -43.7292 -11.1907 105.194 -59.3382 82.9712 -318.789
PRESSAVG: 45000 27.9543 -2.77701 11.8532 1.25516 -23.896 -13.4616 23.4959 -16.4418 6.16826
GPRESSAVG: 45000 27.9077 -2.70284 11.8816 1.13233 -23.8338 -13.5084 23.3613 -16.4402 6.12247
TIMING: 45000  CPU: 3255.15, 0.0723374/step  Wall: 3710.09, 0.0827396/step, 4.71156 hours remaining, 136.287521 MB of memory in use.
ENERGY:   45000      8044.9605     40342.1899     27664.8022       487.9725        -442346.7383     12554.7403       233.5279         0.0000    114386.0482        -238632.4969       308.4854   -353018.5451   -238341.7134       309.3577         -13554.9877      -123.7088   1687547.9499         3.4089         3.3988

WRITING EXTENDED SYSTEM TO RESTART FILE AT STEP 45000
WRITING COORDINATES TO DCD FILE AT STEP 45000
WRITING COORDINATES TO RESTART FILE AT STEP 45000
FINISHED WRITING RESTART COORDINATES
WRITING VELOCITIES TO RESTART FILE AT STEP 45000
FINISHED WRITING RESTART VELOCITIES
LDB: ============= START OF LOAD BALANCING ============== 3991.47
LDB: ============== END OF LOAD BALANCING =============== 3991.48

LDB: ============= START OF LOAD BALANCING ============== 3999.94
LDB: TIME 3999.97 LOAD: AVG 7.2988 MAX 7.54353  PROXIES: TOTAL 480 MAXPE 22 MAXPATCH 4 None 1.28692
LDB: TIME 3999.99 LOAD: AVG 7.2988 MAX 7.54353  PROXIES: TOTAL 480 MAXPE 22 MAXPATCH 4 RefineTorusLB 1.28692
LDB: ============== END OF LOAD BALANCING =============== 3999.99

PRESSURE: 50000 -13489.7 -85.3022 -23.3657 -103.705 -13360.2 141.213 -46.9417 54.3799 -12997.4
GPRESSURE: 50000 -57.5932 -71.5756 -45.3305 -89.7448 40.9011 143.537 8.27166 42.137 344.643
PRESSAVG: 50000 19.9041 -8.81821 -8.48048 -3.67418 -19.5931 -12.3421 -10.3433 -21.0264 0.659875
GPRESSAVG: 50000 19.8076 -8.89107 -8.34911 -3.59661 -19.5496 -12.4518 -10.2627 -20.9039 0.700151
TIMING: 50000  CPU: 3618.52, 0.0726758/step  Wall: 4123.99, 0.0827796/step, 4.59887 hours remaining, 135.824936 MB of memory in use.
ETITLE:      TS           BOND          ANGLE          DIHED          IMPRP               ELECT            VDW       BOUNDARY           MISC        KINETIC               TOTAL           TEMP      POTENTIAL         TOTAL3        TEMPAVG            PRESSURE      GPRESSURE         VOLUME       PRESSAVG      GPRESSAVG

ENERGY:   50000      7953.1559     40497.1165     27572.8566       522.2339        -441853.0719     12184.7146       239.2825         0.0000    114549.0535        -238334.6584       308.9250   -352883.7119   -238047.9166       309.8466         -13282.4220       109.3169   1688408.3248         0.3236         0.3194

WRITING EXTENDED SYSTEM TO RESTART FILE AT STEP 50000
WRITING COORDINATES TO DCD FILE AT STEP 50000
WRITING COORDINATES TO RESTART FILE AT STEP 50000
FINISHED WRITING RESTART COORDINATES
WRITING VELOCITIES TO RESTART FILE AT STEP 50000
FINISHED WRITING RESTART VELOCITIES
LDB: ============= START OF LOAD BALANCING ============== 4322.93
LDB: ============== END OF LOAD BALANCING =============== 4322.93

LDB: ============= START OF LOAD BALANCING ============== 4331.38
LDB: TIME 4331.42 LOAD: AVG 7.28588 MAX 7.45044  PROXIES: TOTAL 480 MAXPE 22 MAXPATCH 4 None 1.28446
LDB: TIME 4331.43 LOAD: AVG 7.28588 MAX 7.45044  PROXIES: TOTAL 480 MAXPE 22 MAXPATCH 4 RefineTorusLB 1.28446
LDB: ============== END OF LOAD BALANCING =============== 4331.43

PRESSURE: 55000 -13453.4 -63.1902 -82.0808 -66.4439 -13522.1 191.989 -78.2573 131.144 -13129.4
GPRESSURE: 55000 83.8092 -70.5081 -164.217 -21.7941 20.0849 170.07 -169.251 53.5163 104.526
PRESSAVG: 55000 5.48503 -12.6013 -10.8297 -11.8689 -8.21018 -1.58991 -1.36414 -40.7146 0.439419
GPRESSAVG: 55000 5.45731 -12.5896 -10.566 -11.8121 -8.13143 -1.65313 -1.37096 -40.8903 0.57908
TIMING: 55000  CPU: 3982.99, 0.0728941/step  Wall: 4538.36, 0.0828727/step, 4.48894 hours remaining, 136.195450 MB of memory in use.
ENERGY:   55000      8050.8886     40367.2739     27633.4244       534.5465        -443086.0735     12778.8668       237.8016         0.0000    114817.0583        -238666.2135       309.6478   -353483.2718   -238355.8702       309.5246         -13368.3058        69.4733   1686975.3514        -0.7619        -0.6983

WRITING EXTENDED SYSTEM TO RESTART FILE AT STEP 55000
WRITING COORDINATES TO DCD FILE AT STEP 55000
WRITING COORDINATES TO RESTART FILE AT STEP 55000
FINISHED WRITING RESTART COORDINATES
WRITING VELOCITIES TO RESTART FILE AT STEP 55000
FINISHED WRITING RESTART VELOCITIES
LDB: ============= START OF LOAD BALANCING ============== 4653.6
LDB: ============== END OF LOAD BALANCING =============== 4653.6

LDB: ============= START OF LOAD BALANCING ============== 4662.08
LDB: TIME 4662.11 LOAD: AVG 7.30387 MAX 7.53886  PROXIES: TOTAL 480 MAXPE 22 MAXPATCH 4 None 1.29958
LDB: TIME 4662.13 LOAD: AVG 7.30387 MAX 7.53886  PROXIES: TOTAL 480 MAXPE 22 MAXPATCH 4 RefineTorusLB 1.29958
LDB: ============== END OF LOAD BALANCING =============== 4662.13

PRESSURE: 60000 -13210.6 -42.3121 -36.3867 18.9213 -13654.8 46.959 -52.2452 25.521 -13522.5
GPRESSURE: 60000 142.7 -3.35224 5.57168 52.7634 -176.677 104.975 -22.6832 -24.3907 -170.731
PRESSAVG: 60000 4.62556 -20.2502 -9.90305 -14.4189 1.31075 -17.6264 -18.2088 -38.8164 1.61221
GPRESSAVG: 60000 4.63337 -20.2431 -9.88116 -14.5131 1.18229 -17.5407 -18.1386 -38.8282 1.64721
TIMING: 60000  CPU: 4346.8, 0.0727607/step  Wall: 4950.45, 0.0824177/step, 4.34983 hours remaining, 136.646622 MB of memory in use.
ENERGY:   60000      8045.8385     40504.1203     27637.5085       522.4256        -441903.8241     11824.7359       226.1588         0.0000    114755.4160        -238387.6207       309.4815   -353143.0366   -238096.4683       309.9679         -13462.6606       -68.2356   1686696.3553         2.5162         2.4876

WRITING EXTENDED SYSTEM TO RESTART FILE AT STEP 60000
WRITING COORDINATES TO DCD FILE AT STEP 60000
WRITING COORDINATES TO RESTART FILE AT STEP 60000
FINISHED WRITING RESTART COORDINATES
WRITING VELOCITIES TO RESTART FILE AT STEP 60000
FINISHED WRITING RESTART VELOCITIES
LDB: ============= START OF LOAD BALANCING ============== 4983.21
LDB: ============== END OF LOAD BALANCING =============== 4983.21

LDB: ============= START OF LOAD BALANCING ============== 4991.55
LDB: TIME 4991.58 LOAD: AVG 7.29292 MAX 7.52237  PROXIES: TOTAL 480 MAXPE 22 MAXPATCH 4 None 1.2967
LDB: TIME 4991.61 LOAD: AVG 7.29292 MAX 7.52237  PROXIES: TOTAL 480 MAXPE 22 MAXPATCH 4 RefineTorusLB 1.2967
LDB: ============== END OF LOAD BALANCING =============== 4991.61

LDB: ============= START OF LOAD BALANCING ============== 5312.95
LDB: ============== END OF LOAD BALANCING =============== 5312.95

LDB: ============= START OF LOAD BALANCING ============== 5321.31
LDB: TIME 5321.34 LOAD: AVG 7.29247 MAX 7.53323  PROXIES: TOTAL 480 MAXPE 22 MAXPATCH 4 None 1.2823
LDB: TIME 5321.36 LOAD: AVG 7.29247 MAX 7.53323  PROXIES: TOTAL 480 MAXPE 22 MAXPATCH 4 RefineTorusLB 1.2823
LDB: ============== END OF LOAD BALANCING =============== 5321.36

PRESSURE: 65000 -13427.3 217.437 213.364 217.168 -13799.4 -70.9183 259.6 2.35694 -13313.4
GPRESSURE: 65000 -35.4486 148.945 137.862 204.009 -384.709 -6.40207 253.072 -35.1536 43.059
PRESSAVG: 65000 7.78741 -0.427167 10.7954 20.1287 -0.349761 -3.23918 -12.14 -9.93888 4.131
GPRESSAVG: 65000 7.77596 -0.522509 10.6891 20.1982 -0.399567 -3.09124 -12.0161 -9.8475 4.21782
TIMING: 65000  CPU: 4711.01, 0.0728419/step  Wall: 5362.67, 0.0824449/step, 4.23675 hours remaining, 136.281540 MB of memory in use.
ENERGY:   65000      7958.4224     40262.7477     27743.3345       513.4142        -441541.0260     11859.9738       225.6960         0.0000    114502.0382        -238475.3992       308.7982   -352977.4374   -238200.1738       309.8817         -13513.3801      -125.6995   1687531.2041         3.8562         3.8647

WRITING EXTENDED SYSTEM TO RESTART FILE AT STEP 65000
WRITING COORDINATES TO DCD FILE AT STEP 65000
WRITING COORDINATES TO RESTART FILE AT STEP 65000
FINISHED WRITING RESTART COORDINATES
WRITING VELOCITIES TO RESTART FILE AT STEP 65000
FINISHED WRITING RESTART VELOCITIES
LDB: ============= START OF LOAD BALANCING ============== 5643.24
LDB: ============== END OF LOAD BALANCING =============== 5643.24

LDB: ============= START OF LOAD BALANCING ============== 5651.6
LDB: TIME 5651.63 LOAD: AVG 7.29775 MAX 7.49979  PROXIES: TOTAL 480 MAXPE 22 MAXPATCH 4 None 1.29676
LDB: TIME 5651.65 LOAD: AVG 7.29775 MAX 7.49979  PROXIES: TOTAL 480 MAXPE 22 MAXPATCH 4 RefineTorusLB 1.29676
LDB: ============== END OF LOAD BALANCING =============== 5651.66

PRESSURE: 70000 -13529.4 1.54974 200.114 -10.9354 -13441 68.7764 196.318 63.2436 -13224.4
GPRESSURE: 70000 -66.5867 100.406 87.0944 37.3089 -39.9626 60.6568 109.568 -3.72177 13.7339
PRESSAVG: 70000 13.4296 -14.798 -2.19776 -7.84044 -7.2466 15.4576 4.00667 12.9562 3.22636
GPRESSAVG: 70000 13.3471 -14.6546 -2.18224 -7.90361 -7.18965 15.3565 3.78997 12.7807 3.22867
TIMING: 70000  CPU: 5074.78, 0.0727545/step  Wall: 5775.9, 0.0826469/step, 4.13235 hours remaining, 135.724686 MB of memory in use.
ENERGY:   70000      8029.7741     40356.2617     27633.9054       484.9869        -441560.7437     12387.7541       246.2064         0.0000    114463.6694        -237958.1858       308.6947   -352421.8551   -237684.2930       310.3275         -13398.2678       -30.9385   1689143.4957         3.1365         3.1287

WRITING EXTENDED SYSTEM TO RESTART FILE AT STEP 70000
WRITING COORDINATES TO DCD FILE AT STEP 70000
WRITING COORDINATES TO RESTART FILE AT STEP 70000
FINISHED WRITING RESTART COORDINATES
WRITING VELOCITIES TO RESTART FILE AT STEP 70000
FINISHED WRITING RESTART VELOCITIES
LDB: ============= START OF LOAD BALANCING ============== 5974.74
LDB: ============== END OF LOAD BALANCING =============== 5974.74

LDB: ============= START OF LOAD BALANCING ============== 5983.26
LDB: TIME 5983.29 LOAD: AVG 7.29227 MAX 7.44403  PROXIES: TOTAL 480 MAXPE 22 MAXPATCH 4 None 1.28761
LDB: TIME 5983.31 LOAD: AVG 7.29227 MAX 7.44403  PROXIES: TOTAL 480 MAXPE 22 MAXPATCH 4 RefineTorusLB 1.28761
LDB: ============== END OF LOAD BALANCING =============== 5983.32

PRESSURE: 75000 -13570.9 -69.0409 114.01 -74.503 -13662.7 -42.5413 93.4144 -75.714 -13071.8
GPRESSURE: 75000 -33.1667 -15.9709 45.1015 36.6149 -183.731 -50.8304 -7.18447 16.9649 167.121
PRESSAVG: 75000 12.5869 -0.997202 18.8582 5.79899 -9.89642 -7.44969 -6.6671 13.0695 2.86944
GPRESSAVG: 75000 12.6471 -1.02842 18.8016 5.94618 -9.95578 -7.41973 -6.78318 13.115 3.00695
TIMING: 75000  CPU: 5438.06, 0.072655/step  Wall: 6189.67, 0.0827534/step, 4.02273 hours remaining, 135.955307 MB of memory in use.
ENERGY:   75000      8017.5170     40305.7433     27729.6994       480.0366        -441825.8817     11693.5975       226.6940         0.0000    114720.6322        -238651.9616       309.3877   -353372.5938   -238347.3908       309.6695         -13435.1057       -16.5923   1685220.4833         1.8533         1.8994

WRITING EXTENDED SYSTEM TO RESTART FILE AT STEP 75000
WRITING COORDINATES TO DCD FILE AT STEP 75000
WRITING COORDINATES TO RESTART FILE AT STEP 75000
FINISHED WRITING RESTART COORDINATES
WRITING VELOCITIES TO RESTART FILE AT STEP 75000
FINISHED WRITING RESTART VELOCITIES
LDB: ============= START OF LOAD BALANCING ============== 6304.96
LDB: ============== END OF LOAD BALANCING =============== 6304.96

LDB: ============= START OF LOAD BALANCING ============== 6313.47
LDB: TIME 6313.5 LOAD: AVG 7.30773 MAX 7.61782  PROXIES: TOTAL 480 MAXPE 22 MAXPATCH 4 None 1.29465
LDB: TIME 6313.51 LOAD: AVG 7.30773 MAX 7.61782  PROXIES: TOTAL 480 MAXPE 22 MAXPATCH 4 RefineTorusLB 1.29465
LDB: ============== END OF LOAD BALANCING =============== 6313.52

PRESSURE: 80000 -13408.4 -75.0169 -45.6851 -84.3968 -13320.3 112.275 33.4845 104.375 -13455.1
GPRESSURE: 80000 131.035 -18.9561 -69.8007 20.3512 63.871 108.461 -12.2245 185.769 -119.735
PRESSAVG: 80000 -9.15 -12.3027 10.0963 -18.3295 12.9158 -9.88324 7.73232 -4.56617 2.27501
GPRESSAVG: 80000 -9.14763 -12.1908 9.96392 -18.3213 12.9952 -9.89562 7.88611 -4.63505 2.21883
TIMING: 80000  CPU: 5802.78, 0.0729445/step  Wall: 6603.4, 0.0827452/step, 3.90741 hours remaining, 136.925339 MB of memory in use.
ENERGY:   80000      7935.8838     40172.5681     27662.9350       543.8084        -442439.5035     12310.6588       230.9932         0.0000    114543.6055        -239039.0507       308.9103   -353582.6562   -238755.9120       309.6586         -13394.5847        25.0569   1685406.3106         2.0136         2.0221

WRITING EXTENDED SYSTEM TO RESTART FILE AT STEP 80000
WRITING COORDINATES TO DCD FILE AT STEP 80000
WRITING COORDINATES TO RESTART FILE AT STEP 80000
FINISHED WRITING RESTART COORDINATES
WRITING VELOCITIES TO RESTART FILE AT STEP 80000
FINISHED WRITING RESTART VELOCITIES
LDB: ============= START OF LOAD BALANCING ============== 6636.54
LDB: ============== END OF LOAD BALANCING =============== 6636.54

LDB: ============= START OF LOAD BALANCING ============== 6645
LDB: TIME 6645.05 LOAD: AVG 7.30448 MAX 7.63719  PROXIES: TOTAL 480 MAXPE 22 MAXPATCH 4 None 1.29102
LDB: TIME 6645.07 LOAD: AVG 7.30448 MAX 7.63719  PROXIES: TOTAL 480 MAXPE 22 MAXPATCH 4 RefineTorusLB 1.29102
LDB: ============== END OF LOAD BALANCING =============== 6645.07

LDB: ============= START OF LOAD BALANCING ============== 6967.34
LDB: ============== END OF LOAD BALANCING =============== 6967.34

LDB: ============= START OF LOAD BALANCING ============== 6975.81
LDB: TIME 6975.82 LOAD: AVG 7.30706 MAX 7.45062  PROXIES: TOTAL 480 MAXPE 22 MAXPATCH 4 None 1.29355
LDB: TIME 6975.83 LOAD: AVG 7.30706 MAX 7.45062  PROXIES: TOTAL 480 MAXPE 22 MAXPATCH 4 RefineTorusLB 1.29355
LDB: ============== END OF LOAD BALANCING =============== 6975.83

WRITING COORDINATES TO DCD FILE AT STEP 85000
WRITING COORDINATES TO RESTART FILE AT STEP 85000
FINISHED WRITING RESTART COORDINATES
WRITING VELOCITIES TO RESTART FILE AT STEP 85000
FINISHED WRITING RESTART VELOCITIES
PRESSURE: 85000 -13264.9 -123.631 95.1259 -115.949 -13332.6 -49.9276 27.3219 2.28813 -13307.9
GPRESSURE: 85000 128.103 -107.925 106.6 -92.5293 100.937 -63.9396 57.1904 -33.9216 104.593
PRESSAVG: 85000 1.54201 -25.8296 1.33897 -28.5162 -2.8918 7.63046 6.23774 0.265373 -1.98758
GPRESSAVG: 85000 1.39609 -25.7965 1.38978 -28.6666 -2.88868 7.40512 6.0793 0.40128 -1.94902
TIMING: 85000  CPU: 6167.19, 0.0728825/step  Wall: 7018.03, 0.0829269/step, 3.80082 hours remaining, 134.661545 MB of memory in use.
ENERGY:   85000      7948.4471     40354.0327     27739.9389       482.7839        -441993.0469     12369.0450       249.5077         0.0000    114821.1207        -238028.1708       309.6587   -352849.2915   -237722.8104       309.5779         -13301.8168       111.2109   1686708.5114        -1.1125        -1.1472

WRITING EXTENDED SYSTEM TO RESTART FILE AT STEP 85000
LDB: ============= START OF LOAD BALANCING ============== 7298.32
LDB: ============== END OF LOAD BALANCING =============== 7298.32

LDB: ============= START OF LOAD BALANCING ============== 7306.8
LDB: TIME 7306.8 LOAD: AVG 7.2942 MAX 7.52468  PROXIES: TOTAL 480 MAXPE 22 MAXPATCH 4 None 1.28471
LDB: TIME 7306.82 LOAD: AVG 7.2942 MAX 7.52468  PROXIES: TOTAL 480 MAXPE 22 MAXPATCH 4 RefineTorusLB 1.28471
LDB: ============== END OF LOAD BALANCING =============== 7306.82

PRESSURE: 90000 -13154 -101.255 -124.654 -105.371 -13091.1 150.38 -152.422 100.85 -13214.9
GPRESSURE: 90000 286.345 -103.589 -25.0021 -5.55318 290.594 99.9081 -91.6913 25.6049 242.355
PRESSAVG: 90000 -13.0222 -16.3939 19.9396 -8.33009 10.2463 -18.85 -12.7629 -7.29007 5.17395
GPRESSAVG: 90000 -12.7834 -16.3882 19.8792 -8.35759 10.1731 -18.882 -12.8579 -7.36365 5.30309
TIMING: 90000  CPU: 6530.33, 0.072627/step  Wall: 7431.22, 0.0826384/step, 3.67282 hours remaining, 136.224289 MB of memory in use.
ENERGY:   90000      8082.3179     40546.0665     27588.9667       507.4962        -442530.4242     12470.5539       236.3273         0.0000    114367.6171        -238731.0786       308.4357   -353098.6957   -238441.5408       309.9007         -13153.3460       273.0979   1683770.2263         0.7993         0.8976

WRITING EXTENDED SYSTEM TO RESTART FILE AT STEP 90000
WRITING COORDINATES TO DCD FILE AT STEP 90000
WRITING COORDINATES TO RESTART FILE AT STEP 90000
FINISHED WRITING RESTART COORDINATES
WRITING VELOCITIES TO RESTART FILE AT STEP 90000
FINISHED WRITING RESTART VELOCITIES
LDB: ============= START OF LOAD BALANCING ============== 7629.81
LDB: ============== END OF LOAD BALANCING =============== 7629.81

LDB: ============= START OF LOAD BALANCING ============== 7638.25
LDB: TIME 7638.28 LOAD: AVG 7.30214 MAX 7.51254  PROXIES: TOTAL 480 MAXPE 22 MAXPATCH 4 None 1.29423
LDB: TIME 7638.31 LOAD: AVG 7.30214 MAX 7.51254  PROXIES: TOTAL 480 MAXPE 22 MAXPATCH 4 RefineTorusLB 1.29423
LDB: ============== END OF LOAD BALANCING =============== 7638.31

PRESSURE: 95000 -13496.7 -62.4323 9.50061 -70.693 -13488.2 -35.1332 -61.113 -12.2365 -13383.1
GPRESSURE: 95000 -65.7694 -24.0723 67.5561 -56.0047 -30.8686 52.8985 -77.1481 69.8244 -33.7242
PRESSAVG: 95000 -3.30748 0.0449426 12.4921 -4.91306 5.87456 -1.49801 -3.72282 -12.5292 -0.0514046
GPRESSAVG: 95000 -3.19717 0.168088 12.7502 -4.79428 5.79791 -1.37189 -3.86232 -12.373 0.0312284
TIMING: 95000  CPU: 6893.27, 0.0725898/step  Wall: 7845.05, 0.0827647/step, 3.56348 hours remaining, 136.536362 MB of memory in use.
ENERGY:   95000      8120.2633     40330.4046     27727.7809       494.1214        -442041.5406     12100.4076       230.8904         0.0000    114609.1422        -238428.5301       309.0871   -353037.6724   -238132.5521       309.7190         -13456.0029       -43.4541   1686320.8534         0.8386         0.8773

WRITING EXTENDED SYSTEM TO RESTART FILE AT STEP 95000
WRITING COORDINATES TO DCD FILE AT STEP 95000
WRITING COORDINATES TO RESTART FILE AT STEP 95000
FINISHED WRITING RESTART COORDINATES
WRITING VELOCITIES TO RESTART FILE AT STEP 95000
FINISHED WRITING RESTART VELOCITIES
LDB: ============= START OF LOAD BALANCING ============== 7960.47
LDB: ============== END OF LOAD BALANCING =============== 7960.47

LDB: ============= START OF LOAD BALANCING ============== 7968.95
LDB: TIME 7968.96 LOAD: AVG 7.31394 MAX 7.53781  PROXIES: TOTAL 480 MAXPE 22 MAXPATCH 4 None 1.28819
LDB: TIME 7968.97 LOAD: AVG 7.31394 MAX 7.53781  PROXIES: TOTAL 480 MAXPE 22 MAXPATCH 4 RefineTorusLB 1.28819
LDB: ============== END OF LOAD BALANCING =============== 7968.97

PRESSURE: 100000 -13629.6 26.6027 109.371 20.4554 -13377.2 56.4365 124.761 33.3117 -13383.8
GPRESSURE: 100000 -100.569 -26.0387 -13.0053 -2.80869 125.656 7.1212 13.663 -62.2012 -1.88674
PRESSAVG: 100000 6.43039 6.62772 -21.5551 6.27543 5.15345 0.304668 -7.73664 5.63913 2.36545
GPRESSAVG: 100000 6.41589 6.55851 -21.7364 6.41392 5.32443 0.176333 -7.58182 5.96317 2.28421
TIMING: 100000  CPU: 7257.03, 0.0727519/step  Wall: 8258.8, 0.0827511/step, 3.44796 hours remaining, 136.168777 MB of memory in use.
ETITLE:      TS           BOND          ANGLE          DIHED          IMPRP               ELECT            VDW       BOUNDARY           MISC        KINETIC               TOTAL           TEMP      POTENTIAL         TOTAL3        TEMPAVG            PRESSURE      GPRESSURE         VOLUME       PRESSAVG      GPRESSAVG

ENERGY:  100000      8167.5214     40283.2154     27644.3183       542.4111        -443065.2579     12642.6688       237.9689         0.0000    114623.5870        -238923.5671       309.1260   -353547.1541   -238634.3249       309.8785         -13463.5385         7.7337   1682249.7419         4.6498         4.6748

WRITING EXTENDED SYSTEM TO RESTART FILE AT STEP 100000
WRITING COORDINATES TO DCD FILE AT STEP 100000
WRITING COORDINATES TO RESTART FILE AT STEP 100000
FINISHED WRITING RESTART COORDINATES
WRITING VELOCITIES TO RESTART FILE AT STEP 100000
FINISHED WRITING RESTART VELOCITIES
LDB: ============= START OF LOAD BALANCING ============== 8291.74
LDB: ============== END OF LOAD BALANCING =============== 8291.74

LDB: ============= START OF LOAD BALANCING ============== 8300.32
LDB: TIME 8300.35 LOAD: AVG 7.32645 MAX 7.58093  PROXIES: TOTAL 480 MAXPE 22 MAXPATCH 4 None 1.29345
LDB: TIME 8300.37 LOAD: AVG 7.32645 MAX 7.58093  PROXIES: TOTAL 480 MAXPE 22 MAXPATCH 4 RefineTorusLB 1.29345
LDB: ============== END OF LOAD BALANCING =============== 8300.38

LDB: ============= START OF LOAD BALANCING ============== 8622.85
LDB: ============== END OF LOAD BALANCING =============== 8622.85

LDB: ============= START OF LOAD BALANCING ============== 8631.34
LDB: TIME 8631.35 LOAD: AVG 7.31125 MAX 7.4782  PROXIES: TOTAL 480 MAXPE 22 MAXPATCH 4 None 1.2914
LDB: TIME 8631.36 LOAD: AVG 7.31125 MAX 7.4782  PROXIES: TOTAL 480 MAXPE 22 MAXPATCH 4 RefineTorusLB 1.2914
LDB: ============== END OF LOAD BALANCING =============== 8631.36

PRESSURE: 105000 -13566.8 66.5504 -3.62592 94.0605 -13747.5 78.3816 42.0317 100.134 -13496.4
GPRESSURE: 105000 -44.9456 4.34445 -63.5391 169.894 -227.453 110.691 -42.8134 49.212 -216.536
PRESSAVG: 105000 -2.76334 14.9451 5.5396 21.0981 2.20545 5.37647 17.8704 -3.40109 2.90437
GPRESSAVG: 105000 -2.81023 14.9236 5.52131 20.9002 2.37667 5.41564 17.6583 -3.3445 3.03744
TIMING: 105000  CPU: 7619.48, 0.0724886/step  Wall: 8673.02, 0.0828439/step, 3.33677 hours remaining, 136.501694 MB of memory in use.
ENERGY:  105000      7993.2260     40423.3221     27672.0496       514.9948        -442401.5104     11993.1407       235.4937         0.0000    115027.7082        -238541.5753       310.2159   -353569.2835   -238231.3145       309.3973         -13603.5428      -162.9781   1684048.9735         0.7822         0.8680

WRITING EXTENDED SYSTEM TO RESTART FILE AT STEP 105000
WRITING COORDINATES TO DCD FILE AT STEP 105000
WRITING COORDINATES TO RESTART FILE AT STEP 105000
FINISHED WRITING RESTART COORDINATES
WRITING VELOCITIES TO RESTART FILE AT STEP 105000
FINISHED WRITING RESTART VELOCITIES
LDB: ============= START OF LOAD BALANCING ============== 8954.48
LDB: ============== END OF LOAD BALANCING =============== 8954.48

LDB: ============= START OF LOAD BALANCING ============== 8963.13
LDB: TIME 8963.17 LOAD: AVG 7.3141 MAX 7.48956  PROXIES: TOTAL 480 MAXPE 22 MAXPATCH 4 None 1.28908
LDB: TIME 8963.19 LOAD: AVG 7.3141 MAX 7.48956  PROXIES: TOTAL 480 MAXPE 22 MAXPATCH 4 RefineTorusLB 1.28908
LDB: ============== END OF LOAD BALANCING =============== 8963.19

WRITING COORDINATES TO DCD FILE AT STEP 110000
WRITING COORDINATES TO RESTART FILE AT STEP 110000
FINISHED WRITING RESTART COORDINATES
PRESSURE: 110000 -13317.3 160.585 -225.121 115.985 -13550.4 68.1494 -209.172 32.2348 -13096.9
GPRESSURE: 110000 58.7061 -12.3218 -190.07 53.2322 -58.6678 -37.9447 -131.596 -68.9186 209.665
PRESSAVG: 110000 22.4515 -1.66102 -4.67705 7.88582 -21.0794 14.2624 4.19597 6.34714 -1.8348
GPRESSAVG: 110000 22.3953 -1.65002 -4.63062 7.74456 -21.0661 14.3393 4.29168 6.24458 -1.76291
TIMING: 110000  CPU: 7982.79, 0.0726634/step  Wall: 9087.47, 0.0828896/step, 3.22349 hours remaining, 134.849380 MB of memory in use.
ENERGY:  110000      8002.0806     40178.3750     27532.9830       487.9673        -442622.3510     13162.9877       243.4472         0.0000    114847.9177        -238166.5926       309.7310   -353014.5103   -237879.0069       309.9411         -13321.5281        69.9010   1688843.0105        -0.1542        -0.1445

WRITING EXTENDED SYSTEM TO RESTART FILE AT STEP 110000
WRITING VELOCITIES TO RESTART FILE AT STEP 110000
FINISHED WRITING RESTART VELOCITIES
LDB: ============= START OF LOAD BALANCING ============== 9286.51
LDB: ============== END OF LOAD BALANCING =============== 9286.51

LDB: ============= START OF LOAD BALANCING ============== 9295.12
LDB: TIME 9295.12 LOAD: AVG 7.3064 MAX 7.47286  PROXIES: TOTAL 480 MAXPE 22 MAXPATCH 4 None 1.27593
LDB: TIME 9295.14 LOAD: AVG 7.3064 MAX 7.47286  PROXIES: TOTAL 480 MAXPE 22 MAXPATCH 4 RefineTorusLB 1.27593
LDB: ============== END OF LOAD BALANCING =============== 9295.14

PRESSURE: 115000 -13666.6 111.9 96.6968 148.711 -13816.2 155.221 84.3416 149.452 -13425.6
GPRESSURE: 115000 -175.81 107.664 120.298 172.043 -203.799 133.126 124.683 133.582 -243.364
PRESSAVG: 115000 5.34632 -10.0529 -11.1384 -8.61838 -12.8523 -0.0523776 -0.97638 -11.5871 -0.127272
GPRESSAVG: 115000 5.24013 -10.1706 -11.0842 -8.41407 -12.9024 0.0411888 -0.917847 -11.5719 -0.0786187
TIMING: 115000  CPU: 8346.49, 0.0727387/step  Wall: 9502.74, 0.0830548/step, 3.11456 hours remaining, 135.121262 MB of memory in use.
ENERGY:  115000      8041.4148     40626.5583     27598.4951       489.7231        -442325.0223     12048.5116       238.4156         0.0000    114708.6423        -238573.2615       309.3554   -353281.9038   -238274.5826       309.6496         -13636.1024      -207.6578   1686749.5225        -2.5444        -2.5803

WRITING EXTENDED SYSTEM TO RESTART FILE AT STEP 115000
WRITING COORDINATES TO DCD FILE AT STEP 115000
WRITING COORDINATES TO RESTART FILE AT STEP 115000
FINISHED WRITING RESTART COORDINATES
WRITING VELOCITIES TO RESTART FILE AT STEP 115000
FINISHED WRITING RESTART VELOCITIES
LDB: ============= START OF LOAD BALANCING ============== 9618.98
LDB: ============== END OF LOAD BALANCING =============== 9618.98

LDB: ============= START OF LOAD BALANCING ============== 9627.49
LDB: TIME 9627.52 LOAD: AVG 7.31284 MAX 7.58237  PROXIES: TOTAL 480 MAXPE 22 MAXPATCH 4 None 1.29541
LDB: TIME 9627.54 LOAD: AVG 7.31284 MAX 7.58237  PROXIES: TOTAL 480 MAXPE 22 MAXPATCH 4 RefineTorusLB 1.29541
LDB: ============== END OF LOAD BALANCING =============== 9627.55

PRESSURE: 120000 -13636 30.2878 19.5712 9.65076 -13461.2 32.9057 36.1534 41.6932 -13592
GPRESSURE: 120000 -191.421 3.94486 69.6228 -91.607 -10.4174 -25.7561 0.022488 26.9522 -228.921
PRESSAVG: 120000 8.75754 -11.8223 7.41125 -19.594 -15.9165 3.48412 3.9339 -5.04629 -1.32473
GPRESSAVG: 120000 8.80274 -11.929 7.54312 -19.8 -15.9436 3.3934 3.65954 -5.07013 -1.26835
TIMING: 120000  CPU: 8710.03, 0.0727095/step  Wall: 9916.61, 0.0827723/step, 2.989 hours remaining, 136.918289 MB of memory in use.
ENERGY:  120000      8004.1873     40447.6794     27572.8041       493.9270        -441810.2466     11836.8126       239.8192         0.0000    114714.4819        -238500.5352       309.3711   -353215.0171   -238198.8713       309.7437         -13563.0784      -143.5862   1686108.1774        -2.8279        -2.8031

WRITING EXTENDED SYSTEM TO RESTART FILE AT STEP 120000
WRITING COORDINATES TO DCD FILE AT STEP 120000
WRITING COORDINATES TO RESTART FILE AT STEP 120000
FINISHED WRITING RESTART COORDINATES
WRITING VELOCITIES TO RESTART FILE AT STEP 120000
FINISHED WRITING RESTART VELOCITIES
LDB: ============= START OF LOAD BALANCING ============== 9949.65
LDB: ============== END OF LOAD BALANCING =============== 9949.65

LDB: ============= START OF LOAD BALANCING ============== 9958.24
LDB: TIME 9958.28 LOAD: AVG 7.31488 MAX 7.69467  PROXIES: TOTAL 480 MAXPE 22 MAXPATCH 4 None 1.29253
LDB: TIME 9958.3 LOAD: AVG 7.31488 MAX 7.66916  PROXIES: TOTAL 480 MAXPE 22 MAXPATCH 4 RefineTorusLB 1.29253
LDB: ============== END OF LOAD BALANCING =============== 9958.3

LDB: ============= START OF LOAD BALANCING ============== 10279.9
LDB: ============== END OF LOAD BALANCING =============== 10279.9

LDB: ============= START OF LOAD BALANCING ============== 10288.3
LDB: TIME 10288.3 LOAD: AVG 7.31083 MAX 7.5032  PROXIES: TOTAL 480 MAXPE 22 MAXPATCH 4 None 1.29061
LDB: TIME 10288.3 LOAD: AVG 7.31083 MAX 7.5032  PROXIES: TOTAL 480 MAXPE 22 MAXPATCH 4 RefineTorusLB 1.29061
LDB: ============== END OF LOAD BALANCING =============== 10288.3

PRESSURE: 125000 -13503.5 216.851 93.2729 170.823 -13711 47.0942 68.4197 22.6864 -13308.1
GPRESSURE: 125000 0.0345899 120.257 35.7348 124.828 -162.492 -25.3876 42.6487 -18.2534 -11.7076
PRESSAVG: 125000 16.8756 -15.282 -1.14779 -22.5859 -13.5828 -7.5592 11.5344 -17.1501 2.47505
GPRESSAVG: 125000 16.7625 -15.3301 -1.27555 -22.5447 -13.6285 -7.44517 11.7277 -17.1244 2.43598
TIMING: 125000  CPU: 9074.07, 0.0728071/step  Wall: 10329.6, 0.0825947/step, 2.86787 hours remaining, 135.171768 MB of memory in use.
ENERGY:  125000      7991.3632     40146.6851     27570.5897       519.5503        -442463.5280     12344.5854       233.2009         0.0000    114380.1031        -239277.4502       308.4694   -353657.5533   -238976.9958       309.6554         -13507.5045       -58.0549   1683567.0113         1.9226         1.8567

WRITING EXTENDED SYSTEM TO RESTART FILE AT STEP 125000
WRITING COORDINATES TO DCD FILE AT STEP 125000
WRITING COORDINATES TO RESTART FILE AT STEP 125000
FINISHED WRITING RESTART COORDINATES
WRITING VELOCITIES TO RESTART FILE AT STEP 125000
FINISHED WRITING RESTART VELOCITIES
LDB: ============= START OF LOAD BALANCING ============== 10610.6
LDB: ============== END OF LOAD BALANCING =============== 10610.6

LDB: ============= START OF LOAD BALANCING ============== 10619
LDB: TIME 10619 LOAD: AVG 7.31029 MAX 7.61298  PROXIES: TOTAL 480 MAXPE 22 MAXPATCH 4 None 1.29649
LDB: TIME 10619 LOAD: AVG 7.31029 MAX 7.61298  PROXIES: TOTAL 480 MAXPE 22 MAXPATCH 4 RefineTorusLB 1.29649
LDB: ============== END OF LOAD BALANCING =============== 10619.1

PRESSURE: 130000 -13339.4 -179.64 30.8994 -164.427 -13602.5 -84.3796 62.8492 -96.9791 -13226.9
GPRESSURE: 130000 -33.1162 -144.249 95.6266 -177.996 -55.7134 -124.176 88.667 -52.5099 126.446
PRESSAVG: 130000 8.05448 21.6588 0.514168 13.2398 7.83794 18.7561 14.4588 -4.01807 3.48198
GPRESSAVG: 130000 7.94832 21.6355 0.672236 13.3121 7.64344 18.6666 14.4385 -3.93668 3.49451
TIMING: 130000  CPU: 9439.05, 0.0729949/step  Wall: 10744.2, 0.0829145/step, 2.76382 hours remaining, 136.674850 MB of memory in use.
ENERGY:  130000      8046.6018     40209.4535     27530.4044       516.1737        -442026.8629     12238.3684       235.8262         0.0000    114528.4929        -238721.5421       308.8696   -353250.0350   -238427.1740       309.8971         -13389.5759        12.5387   1685801.9879         6.4581         6.3621

WRITING EXTENDED SYSTEM TO RESTART FILE AT STEP 130000
WRITING COORDINATES TO DCD FILE AT STEP 130000
WRITING COORDINATES TO RESTART FILE AT STEP 130000
FINISHED WRITING RESTART COORDINATES
WRITING VELOCITIES TO RESTART FILE AT STEP 130000
FINISHED WRITING RESTART VELOCITIES
LDB: ============= START OF LOAD BALANCING ============== 10943.3
LDB: ============== END OF LOAD BALANCING =============== 10943.3

LDB: ============= START OF LOAD BALANCING ============== 10951.6
LDB: TIME 10951.7 LOAD: AVG 7.30236 MAX 7.59132  PROXIES: TOTAL 480 MAXPE 22 MAXPATCH 4 None 1.29326
LDB: TIME 10951.7 LOAD: AVG 7.30236 MAX 7.59132  PROXIES: TOTAL 480 MAXPE 22 MAXPATCH 4 RefineTorusLB 1.29326
LDB: ============== END OF LOAD BALANCING =============== 10951.7

PRESSURE: 135000 -13615 106.733 13.2215 53.1208 -13531.4 108.899 25.4438 114.761 -13131.5
GPRESSURE: 135000 -160.986 74.4455 131.674 71.4117 -103.341 150.349 -11.3738 177.834 222.275
PRESSAVG: 135000 -10.2086 5.18812 -12.5074 0.481681 10.4952 2.46364 15.2429 -20.5523 0.154209
GPRESSAVG: 135000 -10.131 4.98637 -12.5737 0.509594 10.4973 2.60433 15.0521 -20.622 0.124783
TIMING: 135000  CPU: 9803.96, 0.0729823/step  Wall: 11159.3, 0.083033/step, 2.65244 hours remaining, 136.131485 MB of memory in use.
ENERGY:  135000      7912.9330     40178.4452     27586.2934       511.4800        -442565.6928     12315.8460       225.7845         0.0000    114289.2449        -239545.6659       308.2243   -353834.9108   -239239.1819       309.7112         -13425.9712       -14.0176   1687295.9068         0.1469         0.1637

WRITING EXTENDED SYSTEM TO RESTART FILE AT STEP 135000
WRITING COORDINATES TO DCD FILE AT STEP 135000
WRITING COORDINATES TO RESTART FILE AT STEP 135000
FINISHED WRITING RESTART COORDINATES
WRITING VELOCITIES TO RESTART FILE AT STEP 135000
FINISHED WRITING RESTART VELOCITIES
LDB: ============= START OF LOAD BALANCING ============== 11275.5
LDB: ============== END OF LOAD BALANCING =============== 11275.5

LDB: ============= START OF LOAD BALANCING ============== 11284
LDB: TIME 11284 LOAD: AVG 7.3186 MAX 7.65479  PROXIES: TOTAL 480 MAXPE 22 MAXPATCH 4 None 1.29788
LDB: TIME 11284 LOAD: AVG 7.3186 MAX 7.65479  PROXIES: TOTAL 480 MAXPE 22 MAXPATCH 4 RefineTorusLB 1.29788
LDB: ============== END OF LOAD BALANCING =============== 11284

WRITING COORDINATES TO DCD FILE AT STEP 140000
WRITING COORDINATES TO RESTART FILE AT STEP 140000
FINISHED WRITING RESTART COORDINATES
WRITING VELOCITIES TO RESTART FILE AT STEP 140000
FINISHED WRITING RESTART VELOCITIES
PRESSURE: 140000 -13412.4 90.324 -46.6854 88.875 -13506.7 -88.2316 -41.0831 -101.635 -13573
GPRESSURE: 140000 31.6776 115.973 -2.06721 65.2353 -86.824 -122.293 -85.5912 -48.3754 -85.5187
PRESSAVG: 140000 -3.11424 -2.47325 2.49879 4.16646 2.61913 1.75136 1.52801 5.82218 2.30937
GPRESSAVG: 140000 -3.14897 -2.55444 2.54019 4.27326 2.59758 1.78328 1.63399 5.76739 2.40315
TIMING: 140000  CPU: 10168.5, 0.0729025/step  Wall: 11573.7, 0.0828702/step, 2.53215 hours remaining, 134.690140 MB of memory in use.
ENERGY:  140000      8106.6005     40437.0314     27538.7592       481.4428        -442862.7431     12185.9649       232.5794         0.0000    114241.3021        -239639.0628       308.0950   -353880.3649   -239350.7892       309.5762         -13497.3938       -46.8883   1683248.5420         0.6048         0.6173

WRITING EXTENDED SYSTEM TO RESTART FILE AT STEP 140000
LDB: ============= START OF LOAD BALANCING ============== 11606.5
LDB: ============== END OF LOAD BALANCING =============== 11606.5

LDB: ============= START OF LOAD BALANCING ============== 11615
LDB: TIME 11615 LOAD: AVG 7.31994 MAX 7.6006  PROXIES: TOTAL 480 MAXPE 22 MAXPATCH 4 None 1.29284
LDB: TIME 11615 LOAD: AVG 7.31994 MAX 7.6006  PROXIES: TOTAL 480 MAXPE 22 MAXPATCH 4 RefineTorusLB 1.29284
LDB: ============== END OF LOAD BALANCING =============== 11615

LDB: ============= START OF LOAD BALANCING ============== 11938.7
LDB: ============== END OF LOAD BALANCING =============== 11938.7

LDB: ============= START OF LOAD BALANCING ============== 11947.2
LDB: TIME 11947.2 LOAD: AVG 7.31637 MAX 7.47764  PROXIES: TOTAL 480 MAXPE 22 MAXPATCH 4 None 1.28943
LDB: TIME 11947.3 LOAD: AVG 7.31637 MAX 7.47764  PROXIES: TOTAL 480 MAXPE 22 MAXPATCH 4 RefineTorusLB 1.28943
LDB: ============== END OF LOAD BALANCING =============== 11947.3

WRITING COORDINATES TO DCD FILE AT STEP 145000
WRITING COORDINATES TO RESTART FILE AT STEP 145000
FINISHED WRITING RESTART COORDINATES
PRESSURE: 145000 -13633.2 65.747 -0.516787 37.4888 -13514.3 -88.6798 63.8101 -76.2288 -13517
GPRESSURE: 145000 -110.543 179.798 -65.9678 -57.2576 -85.6216 -84.7975 -34.649 13.9498 -177.055
PRESSAVG: 145000 -11.667 27.7017 -23.1731 4.81071 22.267 1.47973 3.00206 -4.32611 0.951149
GPRESSAVG: 145000 -11.831 27.7771 -23.109 4.78466 22.5136 1.55681 3.13057 -4.32032 0.739465
TIMING: 145000  CPU: 10532.7, 0.0728501/step  Wall: 11988.9, 0.0830375/step, 2.42193 hours remaining, 134.983322 MB of memory in use.
ENERGY:  145000      8021.5818     40401.0813     27556.5191       519.2717        -442179.4322     11637.4082       236.6650         0.0000    114793.0490        -239013.8560       309.5830   -353806.9050   -238717.9096       309.7396         -13554.8366      -124.4064   1682689.3180         3.8504         3.8073

WRITING EXTENDED SYSTEM TO RESTART FILE AT STEP 145000
WRITING VELOCITIES TO RESTART FILE AT STEP 145000
FINISHED WRITING RESTART VELOCITIES
LDB: ============= START OF LOAD BALANCING ============== 12271
LDB: ============== END OF LOAD BALANCING =============== 12271

LDB: ============= START OF LOAD BALANCING ============== 12279.4
LDB: TIME 12279.5 LOAD: AVG 7.31558 MAX 7.63147  PROXIES: TOTAL 480 MAXPE 22 MAXPATCH 4 None 1.29166
LDB: TIME 12279.5 LOAD: AVG 7.31558 MAX 7.63147  PROXIES: TOTAL 480 MAXPE 22 MAXPATCH 4 RefineTorusLB 1.29166
LDB: ============== END OF LOAD BALANCING =============== 12279.5

PRESSURE: 150000 -13405.4 333.602 -101.082 286.435 -13647.4 -111.907 -84.4498 -133.799 -13301.3
GPRESSURE: 150000 -43.2161 261.694 -96.2035 233.368 -114.71 -132.299 -94.6093 -97.8922 114.182
PRESSAVG: 150000 22.3368 5.80024 -19.2397 -0.761408 -13.3682 8.58374 -10.5344 18.0026 3.98057
GPRESSAVG: 150000 22.412 5.76183 -19.1395 -0.65793 -13.5493 8.74699 -10.5197 17.9635 4.06124
TIMING: 150000  CPU: 10897.3, 0.0729177/step  Wall: 12404.3, 0.0830867/step, 2.30796 hours remaining, 134.871292 MB of memory in use.
ETITLE:      TS           BOND          ANGLE          DIHED          IMPRP               ELECT            VDW       BOUNDARY           MISC        KINETIC               TOTAL           TEMP      POTENTIAL         TOTAL3        TEMPAVG            PRESSURE      GPRESSURE         VOLUME       PRESSAVG      GPRESSAVG

ENERGY:  150000      8000.9893     40420.5813     27638.1483       505.2426        -442228.9119     12137.9723       236.4658         0.0000    114648.5780        -238640.9343       309.1934   -353289.5123   -238380.6465       310.0257         -13451.3731       -14.5812   1684599.4089         4.3164         4.3080

WRITING EXTENDED SYSTEM TO RESTART FILE AT STEP 150000
WRITING COORDINATES TO DCD FILE AT STEP 150000
WRITING COORDINATES TO RESTART FILE AT STEP 150000
FINISHED WRITING RESTART COORDINATES
WRITING VELOCITIES TO RESTART FILE AT STEP 150000
FINISHED WRITING RESTART VELOCITIES
LDB: ============= START OF LOAD BALANCING ============== 12603.7
LDB: ============== END OF LOAD BALANCING =============== 12603.7

LDB: ============= START OF LOAD BALANCING ============== 12612.2
LDB: TIME 12612.3 LOAD: AVG 7.32235 MAX 7.62757  PROXIES: TOTAL 480 MAXPE 22 MAXPATCH 4 None 1.29995
LDB: TIME 12612.3 LOAD: AVG 7.32235 MAX 7.62757  PROXIES: TOTAL 480 MAXPE 22 MAXPATCH 4 RefineTorusLB 1.29995
LDB: ============== END OF LOAD BALANCING =============== 12612.3

PRESSURE: 155000 -13437.4 -14.4949 177.939 12.6533 -13536.1 174.497 121.727 219.691 -13201.8
GPRESSURE: 155000 18.4335 14.6978 152.239 36.5399 -50.7143 103.75 152.005 53.687 242.837
PRESSAVG: 155000 -10.1177 -6.4246 0.423626 -20.8657 15.496 7.544 12.1634 1.20733 4.12744
GPRESSAVG: 155000 -10.289 -6.35769 0.440988 -20.9921 15.5256 7.46814 12.1341 1.06042 4.17125
TIMING: 155000  CPU: 11262.3, 0.0729889/step  Wall: 12819.4, 0.0830265/step, 2.19098 hours remaining, 136.770859 MB of memory in use.
ENERGY:  155000      8082.3644     40181.6659     27639.1731       490.7840        -442573.5391     12255.1695       243.3484         0.0000    114271.9829        -239409.0511       308.1778   -353681.0340   -239118.5730       310.1494         -13391.7614        70.1855   1682446.1847         3.1686         3.1360

WRITING EXTENDED SYSTEM TO RESTART FILE AT STEP 155000
WRITING COORDINATES TO DCD FILE AT STEP 155000
WRITING COORDINATES TO RESTART FILE AT STEP 155000
FINISHED WRITING RESTART COORDINATES
WRITING VELOCITIES TO RESTART FILE AT STEP 155000
FINISHED WRITING RESTART VELOCITIES
LDB: ============= START OF LOAD BALANCING ============== 12935.7
LDB: ============== END OF LOAD BALANCING =============== 12935.7

LDB: ============= START OF LOAD BALANCING ============== 12944.3
LDB: TIME 12944.3 LOAD: AVG 7.32119 MAX 7.63977  PROXIES: TOTAL 480 MAXPE 22 MAXPATCH 4 None 1.29401
LDB: TIME 12944.3 LOAD: AVG 7.32119 MAX 7.63977  PROXIES: TOTAL 480 MAXPE 22 MAXPATCH 4 RefineTorusLB 1.29401
LDB: ============== END OF LOAD BALANCING =============== 12944.3

PRESSURE: 160000 -13694.4 -25.7835 90.7411 -15.6455 -13679.4 -130.733 72.1667 -98.3038 -13565.8
GPRESSURE: 160000 -184.538 -14.9657 193.361 21.8715 -132.178 -190.84 145.026 -74.5868 -246.793
PRESSAVG: 160000 16.484 -45.4509 41.309 -32.4292 -6.55593 15.054 31.2369 2.39736 2.3391
GPRESSAVG: 160000 16.6625 -45.522 41.2584 -32.5018 -6.68192 15.0336 31.2193 2.63361 2.4031
TIMING: 160000  CPU: 11628.3, 0.0732143/step  Wall: 13235.2, 0.0831655/step, 2.07914 hours remaining, 136.993088 MB of memory in use.
ENERGY:  160000      7994.5742     40120.3552     27522.3765       488.5020        -442569.8331     11997.5831       232.2171         0.0000    114732.7937        -239481.4312       309.4205   -354214.2250   -239199.7151       309.5193         -13646.5422      -187.8360   1682474.4699         4.0891         4.1279

WRITING EXTENDED SYSTEM TO RESTART FILE AT STEP 160000
WRITING COORDINATES TO DCD FILE AT STEP 160000
WRITING COORDINATES TO RESTART FILE AT STEP 160000
FINISHED WRITING RESTART COORDINATES
WRITING VELOCITIES TO RESTART FILE AT STEP 160000
FINISHED WRITING RESTART VELOCITIES
LDB: ============= START OF LOAD BALANCING ============== 13268.6
LDB: ============== END OF LOAD BALANCING =============== 13268.6

LDB: ============= START OF LOAD BALANCING ============== 13277.2
LDB: TIME 13277.2 LOAD: AVG 7.31898 MAX 7.68762  PROXIES: TOTAL 480 MAXPE 22 MAXPATCH 4 None 1.28863
LDB: TIME 13277.3 LOAD: AVG 7.31898 MAX 7.67706  PROXIES: TOTAL 480 MAXPE 22 MAXPATCH 4 RefineTorusLB 1.28863
LDB: ============== END OF LOAD BALANCING =============== 13277.3

LDB: ============= START OF LOAD BALANCING ============== 13600.7
LDB: ============== END OF LOAD BALANCING =============== 13600.7

LDB: ============= START OF LOAD BALANCING ============== 13609.1
LDB: TIME 13609.1 LOAD: AVG 7.31905 MAX 7.56735  PROXIES: TOTAL 480 MAXPE 22 MAXPATCH 4 None 1.29536
LDB: TIME 13609.2 LOAD: AVG 7.31905 MAX 7.56735  PROXIES: TOTAL 480 MAXPE 22 MAXPATCH 4 RefineTorusLB 1.29536
LDB: ============== END OF LOAD BALANCING =============== 13609.2

WRITING COORDINATES TO DCD FILE AT STEP 165000
WRITING COORDINATES TO RESTART FILE AT STEP 165000
FINISHED WRITING RESTART COORDINATES
PRESSURE: 165000 -13753.2 83.8824 143.142 93.3804 -13474.4 -82.0285 176.525 -98.4883 -13506.4
GPRESSURE: 165000 -312.562 63.8762 192.218 57.0629 -3.55488 -50.5582 123.452 -135.135 -92.9188
PRESSAVG: 165000 -8.25543 -20.4378 37.3945 -11.8486 11.5932 9.2204 35.8407 -6.309 2.51195
GPRESSAVG: 165000 -8.36583 -20.3976 37.4432 -11.8671 11.4921 9.39666 35.989 -6.28313 2.64161
TIMING: 165000  CPU: 11992.8, 0.0728923/step  Wall: 13650.7, 0.0830832/step, 1.96169 hours remaining, 135.084183 MB of memory in use.
ENERGY:  165000      8063.4497     39997.4292     27492.3562       488.5385        -442456.7546     12134.8011       235.3756         0.0000    114978.5381        -239066.2662       310.0833   -354044.8043   -238780.1526       309.9961         -13578.0150      -136.3452   1683949.9645         1.9499         1.9226

WRITING EXTENDED SYSTEM TO RESTART FILE AT STEP 165000
WRITING VELOCITIES TO RESTART FILE AT STEP 165000
FINISHED WRITING RESTART VELOCITIES
LDB: ============= START OF LOAD BALANCING ============== 13932.5
LDB: ============== END OF LOAD BALANCING =============== 13932.5

LDB: ============= START OF LOAD BALANCING ============== 13941
LDB: TIME 13941.1 LOAD: AVG 7.3231 MAX 7.60343  PROXIES: TOTAL 480 MAXPE 22 MAXPATCH 4 None 1.28994
LDB: TIME 13941.1 LOAD: AVG 7.3231 MAX 7.60343  PROXIES: TOTAL 480 MAXPE 22 MAXPATCH 4 RefineTorusLB 1.28994
LDB: ============== END OF LOAD BALANCING =============== 13941.1

WRITING COORDINATES TO DCD FILE AT STEP 170000
WRITING COORDINATES TO RESTART FILE AT STEP 170000
FINISHED WRITING RESTART COORDINATES
PRESSURE: 170000 -13443.1 0.864824 60.7535 15.4418 -13695.4 114.365 -23.7857 62.5764 -13322.4
GPRESSURE: 170000 70.9445 10.2728 98.2783 71.3297 -157.181 185.917 -40.9793 -1.50392 70.3905
PRESSAVG: 170000 -4.58917 -15.536 16.9455 -7.96931 5.4282 14.3509 15.3901 -13.4779 1.43008
GPRESSAVG: 170000 -4.68968 -15.6893 16.878 -7.87014 5.4379 14.3994 15.2826 -13.4061 1.41783
TIMING: 170000  CPU: 12358.3, 0.0731063/step  Wall: 14066.4, 0.083145/step, 1.84767 hours remaining, 135.270950 MB of memory in use.
ENERGY:  170000      8060.2427     40283.9865     27613.5206       480.8204        -443128.6880     12643.3051       250.3580         0.0000    114411.8757        -239384.5790       308.5550   -353796.4548   -239108.3966       309.7445         -13486.9813        -5.2820   1680269.5776         0.7564         0.7220

WRITING EXTENDED SYSTEM TO RESTART FILE AT STEP 170000
WRITING VELOCITIES TO RESTART FILE AT STEP 170000
FINISHED WRITING RESTART VELOCITIES
LDB: ============= START OF LOAD BALANCING ============== 14264.4
LDB: ============== END OF LOAD BALANCING =============== 14264.4

LDB: ============= START OF LOAD BALANCING ============== 14272.8
LDB: TIME 14272.8 LOAD: AVG 7.3227 MAX 7.58892  PROXIES: TOTAL 480 MAXPE 22 MAXPATCH 4 None 1.29946
LDB: TIME 14272.8 LOAD: AVG 7.3227 MAX 7.58892  PROXIES: TOTAL 480 MAXPE 22 MAXPATCH 4 RefineTorusLB 1.29946
LDB: ============== END OF LOAD BALANCING =============== 14272.8

PRESSURE: 175000 -13640.9 39.1201 138.197 27.8427 -13512.9 130.784 128.33 83.1615 -13461.6
GPRESSURE: 175000 -120.841 89.9947 109.758 100.765 -101.07 110.154 22.9803 46.3187 -126.924
PRESSAVG: 175000 6.58104 7.9564 1.30292 15.6984 -5.85823 12.2709 13.0613 -1.52253 2.96407
GPRESSAVG: 175000 6.67746 7.90217 1.35527 15.4939 -5.99749 12.2825 13.1073 -1.70341 3.01482
TIMING: 175000  CPU: 12722.9, 0.0729241/step  Wall: 14480.4, 0.0828044/step, 1.72509 hours remaining, 135.795364 MB of memory in use.
ENERGY:  175000      8110.3867     40187.9877     27576.8498       488.0313        -442630.7494     12366.1523       240.8071         0.0000    114781.5211        -238879.0133       309.5519   -353660.5345   -238595.7294       310.0110         -13538.4417      -116.2785   1685675.4488         1.2290         1.2316

WRITING EXTENDED SYSTEM TO RESTART FILE AT STEP 175000
WRITING COORDINATES TO DCD FILE AT STEP 175000
WRITING COORDINATES TO RESTART FILE AT STEP 175000
FINISHED WRITING RESTART COORDINATES
WRITING VELOCITIES TO RESTART FILE AT STEP 175000
FINISHED WRITING RESTART VELOCITIES
LDB: ============= START OF LOAD BALANCING ============== 14596.6
LDB: ============== END OF LOAD BALANCING =============== 14596.6

LDB: ============= START OF LOAD BALANCING ============== 14605
LDB: TIME 14605.1 LOAD: AVG 7.29691 MAX 7.50227  PROXIES: TOTAL 480 MAXPE 22 MAXPATCH 4 None 1.28146
LDB: TIME 14605.1 LOAD: AVG 7.29691 MAX 7.50227  PROXIES: TOTAL 480 MAXPE 22 MAXPATCH 4 RefineTorusLB 1.28146
LDB: ============== END OF LOAD BALANCING =============== 14605.1

PRESSURE: 180000 -13650.6 -56.0652 126.007 -46.5312 -13684.6 25.8712 161.154 -24.4297 -13513
GPRESSURE: 180000 -170.957 -50.6187 126.834 -42.4582 -132.405 46.2088 204.191 -75.4232 -181.676
PRESSAVG: 180000 -4.79985 11.582 -9.76722 10.3215 -0.561943 -2.12682 -0.736579 -19.3435 4.80147
GPRESSAVG: 180000 -4.88546 11.5438 -9.75527 10.3953 -0.616484 -2.00898 -0.750749 -19.314 4.73586
TIMING: 180000  CPU: 13087, 0.0728213/step  Wall: 14895.8, 0.0830732/step, 1.61531 hours remaining, 135.676559 MB of memory in use.
ENERGY:  180000      8064.9708     40170.5592     27659.2537       511.2569        -442293.1319     11904.8095       247.4656         0.0000    114675.0709        -239059.7453       309.2649   -353734.8162   -238762.0884       309.9037         -13616.0633      -161.6797   1681308.4376        -0.1868        -0.2554

WRITING EXTENDED SYSTEM TO RESTART FILE AT STEP 180000
WRITING COORDINATES TO DCD FILE AT STEP 180000
WRITING COORDINATES TO RESTART FILE AT STEP 180000
FINISHED WRITING RESTART COORDINATES
WRITING VELOCITIES TO RESTART FILE AT STEP 180000
FINISHED WRITING RESTART VELOCITIES
LDB: ============= START OF LOAD BALANCING ============== 14929.1
LDB: ============== END OF LOAD BALANCING =============== 14929.1

LDB: ============= START OF LOAD BALANCING ============== 14937.5
LDB: TIME 14937.6 LOAD: AVG 7.31196 MAX 7.46664  PROXIES: TOTAL 480 MAXPE 22 MAXPATCH 4 None 1.28632
LDB: TIME 14937.6 LOAD: AVG 7.31196 MAX 7.46664  PROXIES: TOTAL 480 MAXPE 22 MAXPATCH 4 RefineTorusLB 1.28632
LDB: ============== END OF LOAD BALANCING =============== 14937.6

LDB: ============= START OF LOAD BALANCING ============== 15260.9
LDB: ============== END OF LOAD BALANCING =============== 15260.9

LDB: ============= START OF LOAD BALANCING ============== 15269.3
LDB: TIME 15269.3 LOAD: AVG 7.32757 MAX 7.60791  PROXIES: TOTAL 480 MAXPE 22 MAXPATCH 4 None 1.3025
LDB: TIME 15269.4 LOAD: AVG 7.32757 MAX 7.60791  PROXIES: TOTAL 480 MAXPE 22 MAXPATCH 4 RefineTorusLB 1.3025
LDB: ============== END OF LOAD BALANCING =============== 15269.4

PRESSURE: 185000 -13635.7 -87.398 -179.419 -61.4907 -13699.9 65.2795 -181.553 -15.7599 -13372.9
GPRESSURE: 185000 -76.1631 -24.2443 -180.05 44.6057 -297.038 99.4118 -255.078 -80.3802 -170.769
PRESSAVG: 185000 -9.70631 -18.6099 3.9344 7.92268 5.13025 -3.66361 2.66988 -4.94679 3.83741
GPRESSAVG: 185000 -9.85231 -18.4109 3.84422 7.90123 5.02657 -3.58756 2.63227 -4.89389 3.86853
TIMING: 185000  CPU: 13451.9, 0.0729649/step  Wall: 15310.5, 0.0829518/step, 1.49774 hours remaining, 135.277603 MB of memory in use.
ENERGY:  185000      7953.1055     40184.8439     27619.6860       490.2863        -441572.8898     11810.7192       249.1768         0.0000    114733.5713        -238531.5009       309.4226   -353265.0722   -238240.4030       309.7209         -13569.4936      -181.3232   1687037.1201        -0.2462        -0.3191

WRITING EXTENDED SYSTEM TO RESTART FILE AT STEP 185000
WRITING COORDINATES TO DCD FILE AT STEP 185000
WRITING COORDINATES TO RESTART FILE AT STEP 185000
FINISHED WRITING RESTART COORDINATES
WRITING VELOCITIES TO RESTART FILE AT STEP 185000
FINISHED WRITING RESTART VELOCITIES
LDB: ============= START OF LOAD BALANCING ============== 15591.2
LDB: ============== END OF LOAD BALANCING =============== 15591.2

LDB: ============= START OF LOAD BALANCING ============== 15599.5
LDB: TIME 15599.5 LOAD: AVG 7.29956 MAX 7.5285  PROXIES: TOTAL 480 MAXPE 22 MAXPATCH 4 None 1.29288
LDB: TIME 15599.6 LOAD: AVG 7.29956 MAX 7.5285  PROXIES: TOTAL 480 MAXPE 22 MAXPATCH 4 RefineTorusLB 1.29288
LDB: ============== END OF LOAD BALANCING =============== 15599.6

PRESSURE: 190000 -13491.9 -63.2622 96.7477 -67.6312 -13354.2 161.441 66.1102 175.946 -13040.1
GPRESSURE: 190000 -81.2662 -71.0627 78.1643 -147.933 123.292 115.053 -18.7384 135.7 257.334
PRESSAVG: 190000 -14.709 -1.25036 14.6049 13.1822 33.3126 -1.88728 22.2239 -8.91106 11.7671
GPRESSAVG: 190000 -14.8176 -1.42663 14.5062 13.1803 33.3602 -1.81107 22.2647 -8.93745 11.84
TIMING: 190000  CPU: 13815.2, 0.0726754/step  Wall: 15723.4, 0.0825825/step, 1.37638 hours remaining, 136.011398 MB of memory in use.
ENERGY:  190000      7906.0466     40335.2892     27678.1474       513.1188        -442310.4100     12381.8681       232.3521         0.0000    114847.4822        -238416.1056       309.7298   -353263.5879   -238119.9454       309.7177         -13295.3858        99.7864   1689760.6078        10.1236        10.1276

WRITING EXTENDED SYSTEM TO RESTART FILE AT STEP 190000
WRITING COORDINATES TO DCD FILE AT STEP 190000
WRITING COORDINATES TO RESTART FILE AT STEP 190000
FINISHED WRITING RESTART COORDINATES
WRITING VELOCITIES TO RESTART FILE AT STEP 190000
FINISHED WRITING RESTART VELOCITIES
LDB: ============= START OF LOAD BALANCING ============== 15922.2
LDB: ============== END OF LOAD BALANCING =============== 15922.2

LDB: ============= START OF LOAD BALANCING ============== 15930.6
LDB: TIME 15930.7 LOAD: AVG 7.30876 MAX 7.63466  PROXIES: TOTAL 480 MAXPE 22 MAXPATCH 4 None 1.28518
LDB: TIME 15930.7 LOAD: AVG 7.30876 MAX 7.63466  PROXIES: TOTAL 480 MAXPE 22 MAXPATCH 4 RefineTorusLB 1.28518
LDB: ============== END OF LOAD BALANCING =============== 15930.7

PRESSURE: 195000 -13506.3 66.256 -77.9266 89.9951 -13314 -119.387 -99.8969 -94.144 -13471.3
GPRESSURE: 195000 -24.3934 74.2136 -117.68 62.599 97.4746 -103.408 -42.6785 -18.4668 -92.6338
PRESSAVG: 195000 -29.027 6.85553 1.6719 17.7868 31.4748 -43.8702 17.8856 -26.7268 4.24795
GPRESSAVG: 195000 -29.0017 6.80809 1.73217 17.883 31.4978 -43.9746 17.7939 -26.5611 4.32177
TIMING: 195000  CPU: 14179.2, 0.0727855/step  Wall: 16137.1, 0.0827224/step, 1.26381 hours remaining, 136.890366 MB of memory in use.
ENERGY:  195000      7944.6541     40349.1105     27715.7025       487.5887        -442488.0949     12322.3756       248.1189         0.0000    114661.2552        -238759.2892       309.2276   -353420.5445   -238449.2270       309.6337         -13430.4966        -6.5175   1687142.3109         2.2319         2.2726

WRITING EXTENDED SYSTEM TO RESTART FILE AT STEP 195000
WRITING COORDINATES TO DCD FILE AT STEP 195000
WRITING COORDINATES TO RESTART FILE AT STEP 195000
FINISHED WRITING RESTART COORDINATES
WRITING VELOCITIES TO RESTART FILE AT STEP 195000
FINISHED WRITING RESTART VELOCITIES
LDB: ============= START OF LOAD BALANCING ============== 16253.1
LDB: ============== END OF LOAD BALANCING =============== 16253.1

LDB: ============= START OF LOAD BALANCING ============== 16261.5
LDB: TIME 16261.5 LOAD: AVG 7.2949 MAX 7.67961  PROXIES: TOTAL 480 MAXPE 22 MAXPATCH 4 None 1.29584
LDB: TIME 16261.6 LOAD: AVG 7.2949 MAX 7.65815  PROXIES: TOTAL 480 MAXPE 22 MAXPATCH 4 RefineTorusLB 1.29584
LDB: ============== END OF LOAD BALANCING =============== 16261.6

PRESSURE: 200000 -13496.6 -11.7223 -86.6287 10.039 -13403 -98.1825 -104.065 -142.751 -13614.6
GPRESSURE: 200000 23.4284 35.0028 -21.5662 38.9848 56.5515 -44.6027 -55.2057 -179.121 -270.382
PRESSAVG: 200000 -13.1069 18.8064 12.423 11.2563 16.0818 -9.18802 -5.29204 -5.74528 -3.40544
GPRESSAVG: 200000 -13.0333 18.8512 12.5516 11.1839 16.0673 -9.15426 -5.17416 -5.74571 -3.41418
TIMING: 200000  CPU: 14543.6, 0.0728901/step  Wall: 16551.4, 0.0828662/step, 1.15092 hours remaining, 136.205032 MB of memory in use.
ETITLE:      TS           BOND          ANGLE          DIHED          IMPRP               ELECT            VDW       BOUNDARY           MISC        KINETIC               TOTAL           TEMP      POTENTIAL         TOTAL3        TEMPAVG            PRESSURE      GPRESSURE         VOLUME       PRESSAVG      GPRESSAVG

ENERGY:  200000      7986.4814     40349.3599     27662.8304       527.5348        -442803.2148     12407.2480       256.5109         0.0000    114729.6956        -238883.5537       309.4122   -353613.2493   -238591.2836       309.6541         -13504.7211       -63.4674   1685155.0765        -0.1435        -0.1267

WRITING EXTENDED SYSTEM TO RESTART FILE AT STEP 200000
WRITING COORDINATES TO DCD FILE AT STEP 200000
WRITING COORDINATES TO RESTART FILE AT STEP 200000
FINISHED WRITING RESTART COORDINATES
WRITING VELOCITIES TO RESTART FILE AT STEP 200000
FINISHED WRITING RESTART VELOCITIES
LDB: ============= START OF LOAD BALANCING ============== 16584.4
LDB: ============== END OF LOAD BALANCING =============== 16584.4

LDB: ============= START OF LOAD BALANCING ============== 16592.9
LDB: TIME 16592.9 LOAD: AVG 7.29846 MAX 7.53373  PROXIES: TOTAL 480 MAXPE 22 MAXPATCH 4 None 1.28582
LDB: TIME 16592.9 LOAD: AVG 7.29846 MAX 7.53373  PROXIES: TOTAL 480 MAXPE 22 MAXPATCH 4 RefineTorusLB 1.28582
LDB: ============== END OF LOAD BALANCING =============== 16592.9

LDB: ============= START OF LOAD BALANCING ============== 16916.2
LDB: ============== END OF LOAD BALANCING =============== 16916.2

LDB: ============= START OF LOAD BALANCING ============== 16924.6
LDB: TIME 16924.6 LOAD: AVG 7.31081 MAX 7.51856  PROXIES: TOTAL 480 MAXPE 22 MAXPATCH 4 None 1.29116
LDB: TIME 16924.7 LOAD: AVG 7.31081 MAX 7.51856  PROXIES: TOTAL 480 MAXPE 22 MAXPATCH 4 RefineTorusLB 1.29116
LDB: ============== END OF LOAD BALANCING =============== 16924.7

PRESSURE: 205000 -13532.8 64.7519 -80.4254 44.7801 -13473.4 -65.7949 -96.1925 -85.2509 -13613.4
GPRESSURE: 205000 -125.946 74.6742 -43.5533 20.9323 -22.4073 -19.46 -45.9608 -108.206 -199.62
PRESSAVG: 205000 1.40236 8.5243 -8.80161 11.9324 1.15429 -1.98851 -12.8319 13.1777 3.34589
GPRESSAVG: 205000 1.40466 8.58278 -8.79435 12.02 0.959783 -2.02946 -12.7932 13.1276 3.34706
TIMING: 205000  CPU: 14907.7, 0.0728055/step  Wall: 16966.2, 0.0829552/step, 1.03694 hours remaining, 137.058975 MB of memory in use.
ENERGY:  205000      7949.3099     40346.4477     27568.3701       531.3649        -442521.9333     11974.1104       233.0817         0.0000    114617.8912        -239301.3575       309.1106   -353919.2487   -239014.4204       309.6782         -13539.8987      -115.9910   1686110.2825         1.9675         1.9038

WRITING EXTENDED SYSTEM TO RESTART FILE AT STEP 205000
WRITING COORDINATES TO DCD FILE AT STEP 205000
WRITING COORDINATES TO RESTART FILE AT STEP 205000
FINISHED WRITING RESTART COORDINATES
WRITING VELOCITIES TO RESTART FILE AT STEP 205000
FINISHED WRITING RESTART VELOCITIES
LDB: ============= START OF LOAD BALANCING ============== 17248.2
LDB: ============== END OF LOAD BALANCING =============== 17248.2

LDB: ============= START OF LOAD BALANCING ============== 17256.6
LDB: TIME 17256.6 LOAD: AVG 7.30831 MAX 7.59134  PROXIES: TOTAL 480 MAXPE 22 MAXPATCH 4 None 1.2953
LDB: TIME 17256.6 LOAD: AVG 7.30831 MAX 7.59134  PROXIES: TOTAL 480 MAXPE 22 MAXPATCH 4 RefineTorusLB 1.2953
LDB: ============== END OF LOAD BALANCING =============== 17256.6

PRESSURE: 210000 -13474.5 -58.1567 -29.9524 -80.6199 -13428 -72.1784 -56.3382 -140.324 -13316.4
GPRESSURE: 210000 28.156 -32.6259 -70.7338 -100.82 -9.40607 -10.3453 -104.254 -217.448 11.4863
PRESSAVG: 210000 9.34263 -2.00985 2.66582 2.03425 -3.77164 -2.76417 3.71182 5.15352 -2.75649
GPRESSAVG: 210000 9.39703 -2.0392 2.72021 2.02255 -3.72579 -2.68932 3.50087 5.14176 -2.84236
TIMING: 210000  CPU: 15272.3, 0.0729227/step  Wall: 17381.1, 0.0829813/step, 0.922014 hours remaining, 136.910324 MB of memory in use.
ENERGY:  210000      7975.3812     40470.2245     27696.4291       489.9757        -442057.7866     11682.5342       233.8659         0.0000    114863.6871        -238645.6889       309.7735   -353509.3760   -238343.6476       309.5029         -13406.2988        10.0788   1683719.3933         0.9382         0.9430

WRITING EXTENDED SYSTEM TO RESTART FILE AT STEP 210000
WRITING COORDINATES TO DCD FILE AT STEP 210000
WRITING COORDINATES TO RESTART FILE AT STEP 210000
FINISHED WRITING RESTART COORDINATES
WRITING VELOCITIES TO RESTART FILE AT STEP 210000
FINISHED WRITING RESTART VELOCITIES
LDB: ============= START OF LOAD BALANCING ============== 17580.4
LDB: ============== END OF LOAD BALANCING =============== 17580.4

LDB: ============= START OF LOAD BALANCING ============== 17589
LDB: TIME 17589.1 LOAD: AVG 7.32904 MAX 7.6212  PROXIES: TOTAL 480 MAXPE 22 MAXPATCH 4 None 1.30082
LDB: TIME 17589.1 LOAD: AVG 7.32904 MAX 7.6212  PROXIES: TOTAL 480 MAXPE 22 MAXPATCH 4 RefineTorusLB 1.30082
LDB: ============== END OF LOAD BALANCING =============== 17589.1

PRESSURE: 215000 -13477.3 -84.5956 -282.454 -73.484 -13483.3 -27.7608 -272.199 -14.0797 -13302.8
GPRESSURE: 215000 -38.8454 -137.969 -216.858 -90.333 64.036 3.10219 -149.261 -34.4505 -33.4359
PRESSAVG: 215000 19.707 -4.27008 6.47942 -2.13669 -19.587 2.49108 11.7844 4.51857 -0.861181
GPRESSAVG: 215000 19.9112 -4.46802 6.59269 -1.99262 -19.6342 2.62048 11.812 4.50807 -0.913027
TIMING: 215000  CPU: 15636.4, 0.0728173/step  Wall: 17796.8, 0.0831473/step, 0.808377 hours remaining, 137.261490 MB of memory in use.
ENERGY:  215000      8044.5465     40251.3470     27529.1607       541.0463        -442037.3590     12514.9537       238.9501         0.0000    114419.0850        -238498.2696       308.5745   -352917.3546   -238201.7078       309.8242         -13421.1245        -2.7484   1685938.9969        -0.2471        -0.2120

WRITING EXTENDED SYSTEM TO RESTART FILE AT STEP 215000
WRITING COORDINATES TO DCD FILE AT STEP 215000
WRITING COORDINATES TO RESTART FILE AT STEP 215000
FINISHED WRITING RESTART COORDINATES
WRITING VELOCITIES TO RESTART FILE AT STEP 215000
FINISHED WRITING RESTART VELOCITIES
LDB: ============= START OF LOAD BALANCING ============== 17912.5
LDB: ============== END OF LOAD BALANCING =============== 17912.5

LDB: ============= START OF LOAD BALANCING ============== 17921
LDB: TIME 17921 LOAD: AVG 7.32357 MAX 7.53962  PROXIES: TOTAL 480 MAXPE 22 MAXPATCH 4 None 1.30129
LDB: TIME 17921 LOAD: AVG 7.32357 MAX 7.53962  PROXIES: TOTAL 480 MAXPE 22 MAXPATCH 4 RefineTorusLB 1.30129
LDB: ============== END OF LOAD BALANCING =============== 17921.1

PRESSURE: 220000 -13762.9 136.487 15.2372 157.436 -13544.8 96.0031 26.093 72.0917 -13277.3
GPRESSURE: 220000 -263.082 83.6948 85.1416 131.621 -25.4264 56.1002 39.2673 153.245 -24.1519
PRESSAVG: 220000 3.02002 -3.22524 19.1842 -4.33669 -12.0765 16.0638 10.8353 -15.1346 1.18702
GPRESSAVG: 220000 3.07073 -3.06242 19.149 -4.31578 -12.1847 16.068 10.9359 -15.1631 1.13538
TIMING: 220000  CPU: 16000.4, 0.0728193/step  Wall: 18210.1, 0.0826659/step, 0.688883 hours remaining, 135.593979 MB of memory in use.
ENERGY:  220000      8064.9188     40320.5714     27628.5351       516.7677        -442591.7589     12284.1890       219.4557         0.0000    114851.5707        -238705.7505       309.7409   -353557.3212   -238430.8625       309.9537         -13528.3261      -104.2200   1684845.3754        -2.6231        -2.6595

WRITING EXTENDED SYSTEM TO RESTART FILE AT STEP 220000
WRITING COORDINATES TO DCD FILE AT STEP 220000
WRITING COORDINATES TO RESTART FILE AT STEP 220000
FINISHED WRITING RESTART COORDINATES
WRITING VELOCITIES TO RESTART FILE AT STEP 220000
FINISHED WRITING RESTART VELOCITIES
LDB: ============= START OF LOAD BALANCING ============== 18243.2
LDB: ============== END OF LOAD BALANCING =============== 18243.2

LDB: ============= START OF LOAD BALANCING ============== 18251.6
LDB: TIME 18251.7 LOAD: AVG 7.30838 MAX 7.41935  PROXIES: TOTAL 480 MAXPE 22 MAXPATCH 4 None 1.29054
LDB: TIME 18251.7 LOAD: AVG 7.30838 MAX 7.41935  PROXIES: TOTAL 480 MAXPE 22 MAXPATCH 4 RefineTorusLB 1.29054
LDB: ============== END OF LOAD BALANCING =============== 18251.7

LDB: ============= START OF LOAD BALANCING ============== 18574.5
LDB: ============== END OF LOAD BALANCING =============== 18574.5

LDB: ============= START OF LOAD BALANCING ============== 18583
LDB: TIME 18583 LOAD: AVG 7.31613 MAX 7.60172  PROXIES: TOTAL 480 MAXPE 22 MAXPATCH 4 None 1.29434
LDB: TIME 18583 LOAD: AVG 7.31613 MAX 7.60172  PROXIES: TOTAL 480 MAXPE 22 MAXPATCH 4 RefineTorusLB 1.29434
LDB: ============== END OF LOAD BALANCING =============== 18583

PRESSURE: 225000 -13309.6 -2.67176 -77.8503 -28.5972 -13407.4 -12.0007 -40.7208 -15.2038 -13469.3
GPRESSURE: 225000 165.883 6.42864 -144.005 -1.59873 104.178 -75.0105 -91.8199 -12.9313 -69.7696
PRESSAVG: 225000 -12.5876 19.3486 -3.78115 21.7331 6.49137 -7.57383 14.4513 -6.7762 -3.90809
GPRESSAVG: 225000 -12.4707 19.4064 -3.74813 21.5983 6.54674 -7.59292 14.3735 -6.74638 -3.91909
TIMING: 225000  CPU: 16364.6, 0.0728321/step  Wall: 18624.7, 0.0829019/step, 0.575708 hours remaining, 136.604080 MB of memory in use.
ENERGY:  225000      8007.8384     40419.1088     27635.0059       529.2356        -443480.8498     12829.7938       242.5023         0.0000    114695.5250        -239121.8400       309.3200   -353817.3650   -238827.9918       309.5942         -13395.4124        66.7639   1683017.2187        -3.3348        -3.2810

WRITING EXTENDED SYSTEM TO RESTART FILE AT STEP 225000
WRITING COORDINATES TO DCD FILE AT STEP 225000
WRITING COORDINATES TO RESTART FILE AT STEP 225000
FINISHED WRITING RESTART COORDINATES
WRITING VELOCITIES TO RESTART FILE AT STEP 225000
FINISHED WRITING RESTART VELOCITIES
LDB: ============= START OF LOAD BALANCING ============== 18905.6
LDB: ============== END OF LOAD BALANCING =============== 18905.6

LDB: ============= START OF LOAD BALANCING ============== 18914.2
LDB: TIME 18914.2 LOAD: AVG 7.31463 MAX 7.63376  PROXIES: TOTAL 480 MAXPE 22 MAXPATCH 4 None 1.2891
LDB: TIME 18914.2 LOAD: AVG 7.31463 MAX 7.63376  PROXIES: TOTAL 480 MAXPE 22 MAXPATCH 4 RefineTorusLB 1.2891
LDB: ============== END OF LOAD BALANCING =============== 18914.2

PRESSURE: 230000 -13227.8 -125.428 17.5243 -207.215 -13319.8 -43.6563 41.0394 -60.969 -13331.6
GPRESSURE: 230000 129.942 -123.047 -46.632 -187.699 104.259 -45.5397 18.5323 -89.0203 95.5174
PRESSAVG: 230000 -2.55218 10.8205 -9.17693 0.994841 7.34613 -11.8761 7.68052 -1.61122 0.621158
GPRESSAVG: 230000 -2.71857 10.8845 -9.21464 0.962056 7.28395 -11.8801 7.4316 -1.69652 0.88025
TIMING: 230000  CPU: 16728, 0.0726869/step  Wall: 19038.2, 0.0827162/step, 0.459534 hours remaining, 135.500229 MB of memory in use.
ENERGY:  230000      7967.2619     40148.6173     27623.7093       492.0172        -442026.9824     12366.7715       245.3183         0.0000    114827.7171        -238355.5699       309.6765   -353183.2870   -238080.8652       309.7177         -13293.0459       109.9064   1686474.9028         1.8050         1.8152

WRITING EXTENDED SYSTEM TO RESTART FILE AT STEP 230000
WRITING COORDINATES TO DCD FILE AT STEP 230000
WRITING COORDINATES TO RESTART FILE AT STEP 230000
FINISHED WRITING RESTART COORDINATES
WRITING VELOCITIES TO RESTART FILE AT STEP 230000
FINISHED WRITING RESTART VELOCITIES
LDB: ============= START OF LOAD BALANCING ============== 19236.5
LDB: ============== END OF LOAD BALANCING =============== 19236.5

LDB: ============= START OF LOAD BALANCING ============== 19244.9
LDB: TIME 19244.9 LOAD: AVG 7.31094 MAX 7.4621  PROXIES: TOTAL 480 MAXPE 22 MAXPATCH 4 None 1.29149
LDB: TIME 19244.9 LOAD: AVG 7.31094 MAX 7.4621  PROXIES: TOTAL 480 MAXPE 22 MAXPATCH 4 RefineTorusLB 1.29149
LDB: ============== END OF LOAD BALANCING =============== 19245

PRESSURE: 235000 -13319.5 18.5948 69.7397 57.0725 -13194.3 90.5988 28.0575 84.1491 -13306.3
GPRESSURE: 235000 155.599 -82.6674 -50.9837 45.2006 302.542 53.0437 -59.6076 131.781 80.4932
PRESSAVG: 235000 19.2402 -4.72293 -0.372612 -11.4914 -13.62 -14.7056 13.6709 -14.0849 4.78618
GPRESSAVG: 235000 19.0867 -4.56541 -0.437389 -11.4253 -13.5767 -14.6463 13.8448 -14.2727 4.82763
TIMING: 235000  CPU: 17091.6, 0.0727175/step  Wall: 19451.7, 0.0826881/step, 0.344534 hours remaining, 135.656815 MB of memory in use.
ENERGY:  235000      7977.0967     40228.6904     27646.2395       523.0777        -442568.5225     12349.1008       241.0287         0.0000    115116.0886        -238487.2002       310.4542   -353603.2888   -238202.5312       309.7320         -13273.3569       179.5449   1683432.8230         3.4688         3.4459

WRITING EXTENDED SYSTEM TO RESTART FILE AT STEP 235000
WRITING COORDINATES TO DCD FILE AT STEP 235000
WRITING COORDINATES TO RESTART FILE AT STEP 235000
FINISHED WRITING RESTART COORDINATES
WRITING VELOCITIES TO RESTART FILE AT STEP 235000
FINISHED WRITING RESTART VELOCITIES
LDB: ============= START OF LOAD BALANCING ============== 19567.6
LDB: ============== END OF LOAD BALANCING =============== 19567.6

LDB: ============= START OF LOAD BALANCING ============== 19576.3
LDB: TIME 19576.3 LOAD: AVG 7.33561 MAX 7.73382  PROXIES: TOTAL 480 MAXPE 22 MAXPATCH 4 None 1.29424
LDB: TIME 19576.3 LOAD: AVG 7.33561 MAX 7.69671  PROXIES: TOTAL 480 MAXPE 22 MAXPATCH 4 RefineTorusLB 1.29424
LDB: ============== END OF LOAD BALANCING =============== 19576.3

PRESSURE: 240000 -13572.2 53.2535 -39.3374 35.5558 -13658.8 -126.953 -47.5696 -115.013 -13612.1
GPRESSURE: 240000 -120.202 56.1137 -32.8886 1.56881 -77.7533 -103.115 -79.9797 -79.8756 -266.939
PRESSAVG: 240000 -3.14809 3.93947 -28.729 -0.075491 14.8749 1.11839 -13.3085 2.72563 3.68724
GPRESSAVG: 240000 -3.25989 3.95381 -28.5951 -0.180772 14.8551 1.19416 -13.4653 2.79106 3.69472
TIMING: 240000  CPU: 17456.2, 0.0729193/step  Wall: 19867.7, 0.0832064/step, 0.231129 hours remaining, 136.005692 MB of memory in use.
ENERGY:  240000      8100.5330     40230.4040     27669.4345       498.3685        -442834.3335     12290.0104       245.8186         0.0000    114473.6049        -239326.1596       308.7215   -353799.7644   -239034.6003       309.4161         -13614.3599      -154.9647   1683162.4418         5.1380         5.0966

WRITING EXTENDED SYSTEM TO RESTART FILE AT STEP 240000
WRITING COORDINATES TO DCD FILE AT STEP 240000
WRITING COORDINATES TO RESTART FILE AT STEP 240000
FINISHED WRITING RESTART COORDINATES
WRITING VELOCITIES TO RESTART FILE AT STEP 240000
FINISHED WRITING RESTART VELOCITIES
LDB: ============= START OF LOAD BALANCING ============== 19900.8
LDB: ============== END OF LOAD BALANCING =============== 19900.8

LDB: ============= START OF LOAD BALANCING ============== 19909.3
LDB: TIME 19909.3 LOAD: AVG 7.33202 MAX 7.59892  PROXIES: TOTAL 480 MAXPE 22 MAXPATCH 4 None 1.29405
LDB: TIME 19909.3 LOAD: AVG 7.33202 MAX 7.59892  PROXIES: TOTAL 480 MAXPE 22 MAXPATCH 4 RefineTorusLB 1.29405
LDB: ============== END OF LOAD BALANCING =============== 19909.3

LDB: ============= START OF LOAD BALANCING ============== 20231.7
LDB: ============== END OF LOAD BALANCING =============== 20231.7

LDB: ============= START OF LOAD BALANCING ============== 20240
LDB: TIME 20240.1 LOAD: AVG 7.28726 MAX 7.55593  PROXIES: TOTAL 480 MAXPE 22 MAXPATCH 4 None 1.27596
LDB: TIME 20240.1 LOAD: AVG 7.28726 MAX 7.55593  PROXIES: TOTAL 480 MAXPE 22 MAXPATCH 4 RefineTorusLB 1.27596
LDB: ============== END OF LOAD BALANCING =============== 20240.1

PRESSURE: 245000 -13602.7 129.982 -90.1133 71.2724 -13456.4 24.4042 -68.2348 33.1289 -13228.3
GPRESSURE: 245000 -148.555 59.902 -108.276 68.5445 38.4598 -2.58312 64.5258 -55.92 90.1382
PRESSAVG: 245000 17.1297 -6.36952 28.2808 -8.92803 -7.66473 -20.7588 7.5264 3.84439 2.99867
GPRESSAVG: 245000 17.2259 -6.35077 28.3851 -8.96694 -7.78829 -20.8601 7.40339 3.83195 3.23234
TIMING: 245000  CPU: 17820.9, 0.0729301/step  Wall: 20281.7, 0.0828069/step, 0.11501 hours remaining, 137.458511 MB of memory in use.
ENERGY:  245000      8029.1052     40445.2498     27591.3586       540.2077        -442027.5778     11700.4112       224.0716         0.0000    114951.7554        -238545.4182       310.0110   -353497.1736   -238253.8915       309.6698         -13429.1166        -6.6524   1684547.5575         4.1546         4.2233

WRITING EXTENDED SYSTEM TO RESTART FILE AT STEP 245000
WRITING COORDINATES TO DCD FILE AT STEP 245000
WRITING COORDINATES TO RESTART FILE AT STEP 245000
FINISHED WRITING RESTART COORDINATES
WRITING VELOCITIES TO RESTART FILE AT STEP 245000
FINISHED WRITING RESTART VELOCITIES
LDB: ============= START OF LOAD BALANCING ============== 20562.7
LDB: ============== END OF LOAD BALANCING =============== 20562.7

LDB: ============= START OF LOAD BALANCING ============== 20571
LDB: TIME 20571.1 LOAD: AVG 7.29972 MAX 7.4296  PROXIES: TOTAL 480 MAXPE 22 MAXPATCH 4 None 1.28196
LDB: TIME 20571.1 LOAD: AVG 7.29972 MAX 7.4296  PROXIES: TOTAL 480 MAXPE 22 MAXPATCH 4 RefineTorusLB 1.28196
LDB: ============== END OF LOAD BALANCING =============== 20571.1

PRESSURE: 250000 -13840.6 4.18602 -59.3564 -10.8804 -13376.3 129.58 -61.204 202.495 -13344.4
GPRESSURE: 250000 -267.063 33.7175 -14.9143 78.3062 125.196 114.936 24.3617 145.765 -185.826
PRESSAVG: 250000 -16.8308 0.996749 0.912788 2.73483 19.2023 -5.9409 4.74622 17.3955 0.438462
GPRESSAVG: 250000 -16.8786 1.01767 0.901516 2.76463 19.1786 -6.00375 4.57765 17.3942 0.443552
TIMING: 250000  CPU: 18184.8, 0.0727857/step  Wall: 20695.6, 0.0827757/step, 0 hours remaining, 135.899277 MB of memory in use.
ETITLE:      TS           BOND          ANGLE          DIHED          IMPRP               ELECT            VDW       BOUNDARY           MISC        KINETIC               TOTAL           TEMP      POTENTIAL         TOTAL3        TEMPAVG            PRESSURE      GPRESSURE         VOLUME       PRESSAVG      GPRESSAVG

ENERGY:  250000      8053.1687     40376.6865     27607.0349       538.1682        -441970.0290     11891.4931       238.7855         0.0000    114744.5578        -238520.1344       309.4523   -353264.6921   -238214.9259       309.9181         -13520.4251      -109.2311   1685759.9311         0.9367         0.9145

WRITING EXTENDED SYSTEM TO RESTART FILE AT STEP 250000
WRITING COORDINATES TO DCD FILE AT STEP 250000
WRITING COORDINATES TO RESTART FILE AT STEP 250000
FINISHED WRITING RESTART COORDINATES
WRITING VELOCITIES TO RESTART FILE AT STEP 250000
FINISHED WRITING RESTART VELOCITIES
WRITING EXTENDED SYSTEM TO OUTPUT FILE AT STEP 250000
CLOSING EXTENDED SYSTEM TRAJECTORY FILE
WRITING COORDINATES TO OUTPUT FILE AT STEP 250000
CLOSING COORDINATE DCD FILE
WRITING VELOCITIES TO OUTPUT FILE AT STEP 250000
====================================================

WallClock: 20705.560547  CPUTime: 18191.191406  Memory: 133.941422 MB
