7121: Wed May  7 06:57:06 EDT 2014: Entering /tmp/24825.1.standard.q/ssh with args node064.pug.mib.pbtech -l jam2079 /bin/sh -f
7126: Wed May  7 06:57:06 EDT 2014: Entering /tmp/24825.1.standard.q/ssh with args node057.pug.mib.pbtech -l jam2079 /bin/sh -f
7132: Wed May  7 06:57:06 EDT 2014: Entering /tmp/24825.1.standard.q/ssh with args node057.pug.mib.pbtech -l jam2079 /bin/sh -f
7131: Wed May  7 06:57:06 EDT 2014: Entering /tmp/24825.1.standard.q/ssh with args node064.pug.mib.pbtech -l jam2079 /bin/sh -f
7138: Wed May  7 06:57:06 EDT 2014: Entering /tmp/24825.1.standard.q/ssh with args node057.pug.mib.pbtech -l jam2079 /bin/sh -f
7120: Wed May  7 06:57:06 EDT 2014: Entering /tmp/24825.1.standard.q/ssh with args node057.pug.mib.pbtech -l jam2079 /bin/sh -f
7124: Wed May  7 06:57:06 EDT 2014: Entering /tmp/24825.1.standard.q/ssh with args node057.pug.mib.pbtech -l jam2079 /bin/sh -f
7135: Wed May  7 06:57:09 EDT 2014: Exiting /tmp/24825.1.standard.q/ssh
7139: Wed May  7 06:57:12 EDT 2014: Exiting /tmp/24825.1.standard.q/ssh
7136: Wed May  7 06:57:13 EDT 2014: Exiting /tmp/24825.1.standard.q/ssh
7143: Wed May  7 06:57:13 EDT 2014: Exiting /tmp/24825.1.standard.q/ssh
7120: Wed May  7 06:57:14 EDT 2014: Exiting /tmp/24825.1.standard.q/ssh
7142: Wed May  7 06:57:18 EDT 2014: Exiting /tmp/24825.1.standard.q/ssh
7138: Wed May  7 06:57:18 EDT 2014: Exiting /tmp/24825.1.standard.q/ssh
7140: Wed May  7 06:57:18 EDT 2014: Exiting /tmp/24825.1.standard.q/ssh
7131: Wed May  7 06:57:20 EDT 2014: Exiting /tmp/24825.1.standard.q/ssh
7132: Wed May  7 06:57:21 EDT 2014: Exiting /tmp/24825.1.standard.q/ssh
7134: Wed May  7 06:57:23 EDT 2014: Exiting /tmp/24825.1.standard.q/ssh
7128: Wed May  7 06:57:24 EDT 2014: Exiting /tmp/24825.1.standard.q/ssh
7130: Wed May  7 06:57:25 EDT 2014: Exiting /tmp/24825.1.standard.q/ssh
7137: Wed May  7 06:57:25 EDT 2014: Exiting /tmp/24825.1.standard.q/ssh
7127: Wed May  7 06:57:26 EDT 2014: Exiting /tmp/24825.1.standard.q/ssh
7129: Wed May  7 06:57:27 EDT 2014: Exiting /tmp/24825.1.standard.q/ssh
7122: Wed May  7 06:57:27 EDT 2014: Exiting /tmp/24825.1.standard.q/ssh
7125: Wed May  7 06:57:28 EDT 2014: Exiting /tmp/24825.1.standard.q/ssh
7126: Wed May  7 06:57:28 EDT 2014: Exiting /tmp/24825.1.standard.q/ssh
7121: Wed May  7 06:57:29 EDT 2014: Exiting /tmp/24825.1.standard.q/ssh
7133: Wed May  7 06:57:30 EDT 2014: Exiting /tmp/24825.1.standard.q/ssh
7124: Wed May  7 06:57:30 EDT 2014: Exiting /tmp/24825.1.standard.q/ssh
7123: Wed May  7 06:57:31 EDT 2014: Exiting /tmp/24825.1.standard.q/ssh
7141: Wed May  7 06:57:31 EDT 2014: Exiting /tmp/24825.1.standard.q/ssh
Warning> Randomization of stack pointer is turned on in kernel.
Charm++> synchronizing isomalloc memory region...
[0] consolidated Isomalloc memory region: 0x2bad40000000 - 0x7ffb20000000 (88399360 megs)
Charm++: scheduler running in netpoll mode.
Charm++> Running on 2 unique compute nodes (12-way SMP).
Charm++> Cpu topology info:
PE to node map: 0 1 0 1 0 1 0 1 0 1 0 1 0 1 0 1 0 1 0 1 0 1 0 1 
Node to PE map:
Chip #0: 0 2 4 6 8 10 12 14 16 18 20 22 
Chip #1: 1 3 5 7 9 11 13 15 17 19 21 23 
Charm++> cpu topology info is gathered in 0.040 seconds.
Info: NAMD 2.7 for Linux-x86_64
Info: 
Info: Please visit http://www.ks.uiuc.edu/Research/namd/
Info: and send feedback or bug reports to namd@ks.uiuc.edu
Info: 
Info: Please cite Phillips et al., J. Comp. Chem. 26:1781-1802 (2005)
Info: in all publications reporting results obtained with NAMD.
Info: 
Info: Based on Charm++/Converse 60202 for net-linux-x86_64
Info: Built Fri Jun 17 11:23:43 EDT 2011 by jason on node026.pug.pbtech
Info: 1 NAMD  2.7  Linux-x86_64  24    node057.pug.pbtech  jam2079
Info: Running on 24 processors.
Info: CPU topology information available.
Info: Charm++/Converse parallel runtime startup completed at 0.202193 s
Info: 1.64034 MB of memory in use based on CmiMemoryUsage
Info: Changed directory to phase2a
Info: Configuration file is rho_equil_phase2a5.np.in
TCL: Suspending until startup complete.
Info: EXTENDED SYSTEM FILE   /home/jam2079/Pathrover/3tt3/phase2a/dat_equil_phase2a4.restart.xsc
Info: SIMULATION PARAMETERS:
Info: TIMESTEP               1
Info: NUMBER OF STEPS        0
Info: STEPS PER CYCLE        20
Info: PERIODIC CELL BASIS 1  127.138 0 0
Info: PERIODIC CELL BASIS 2  0 132.489 0
Info: PERIODIC CELL BASIS 3  0 0 131.123
Info: PERIODIC CELL CENTER   39.547 42.92 2.551
Info: WRAPPING ALL CLUSTERS AROUND PERIODIC BOUNDARIES ON OUTPUT.
Info: LOAD BALANCER  Centralized
Info: LOAD BALANCING STRATEGY  New Load Balancers -- ASB
Info: LDB PERIOD             4000 steps
Info: FIRST LDB TIMESTEP     100
Info: LAST LDB TIMESTEP     -1
Info: LDB BACKGROUND SCALING 1
Info: HOM BACKGROUND SCALING 1
Info: PME BACKGROUND SCALING 1
Info: MAX SELF PARTITIONS    20
Info: MAX PAIR PARTITIONS    8
Info: SELF PARTITION ATOMS   154
Info: SELF2 PARTITION ATOMS   154
Info: PAIR PARTITION ATOMS   318
Info: PAIR2 PARTITION ATOMS  637
Info: MIN ATOMS PER PATCH    100
Info: VELOCITY FILE          /home/jam2079/Pathrover/3tt3/phase2a/dat_equil_phase2a4.restart.vel
Info: CENTER OF MASS MOVING INITIALLY? NO
Info: DIELECTRIC             1
Info: EXCLUDE                SCALED ONE-FOUR
Info: 1-4 ELECTROSTATICS SCALED BY 1
Info: MODIFIED 1-4 VDW PARAMETERS WILL BE USED
Info: DCD FILENAME           ./dat_equil_phase2a5.np.dcd
Info: DCD FREQUENCY          5000
Info: DCD FIRST STEP         5000
Info: DCD FILE WILL CONTAIN UNIT CELL DATA
Info: XST FILENAME           ./dat_equil_phase2a5.np.xst
Info: XST FREQUENCY          5000
Info: NO VELOCITY DCD OUTPUT
Info: OUTPUT FILENAME        ./dat_equil_phase2a5.np
Info: RESTART FILENAME       ./dat_equil_phase2a5.np.restart
Info: RESTART FREQUENCY      5000
Info: BINARY RESTART FILES WILL BE USED
Info: SWITCHING ACTIVE
Info: SWITCHING ON           10
Info: SWITCHING OFF          12
Info: PAIRLIST DISTANCE      13.5
Info: PAIRLIST SHRINK RATE   0.01
Info: PAIRLIST GROW RATE     0.01
Info: PAIRLIST TRIGGER       0.3
Info: PAIRLISTS PER CYCLE    2
Info: PAIRLISTS ENABLED
Info: MARGIN                 1.5
Info: HYDROGEN GROUP CUTOFF  2.5
Info: PATCH DIMENSION        17.5
Info: ENERGY OUTPUT STEPS    5000
Info: CROSSTERM ENERGY INCLUDED IN DIHEDRAL
Info: TIMING OUTPUT STEPS    5000
Info: PRESSURE OUTPUT STEPS  5000
Info: HARMONIC CONSTRAINTS ACTIVE
Info: HARMONIC CONS EXP      2
Info: LANGEVIN DYNAMICS ACTIVE
Info: LANGEVIN TEMPERATURE   310
Info: LANGEVIN DAMPING COEFFICIENT IS 5 INVERSE PS
Info: LANGEVIN DYNAMICS NOT APPLIED TO HYDROGENS
Info: LANGEVIN PISTON PRESSURE CONTROL ACTIVE
Info:        TARGET PRESSURE IS 1.01325 BAR
Info:     OSCILLATION PERIOD IS 200 FS
Info:             DECAY TIME IS 50 FS
Info:     PISTON TEMPERATURE IS 310 K
Info:       PRESSURE CONTROL IS GROUP-BASED
Info:    INITIAL STRAIN RATE IS -5.65301e-07 -5.65301e-07 2.76931e-07
Info:       CELL FLUCTUATION IS ANISOTROPIC
Info:     SHAPE OF CELL IS CONSTRAINED IN X-Y PLANE
Info: PARTICLE MESH EWALD (PME) ACTIVE
Info: PME TOLERANCE               1e-06
Info: PME EWALD COEFFICIENT       0.257952
Info: PME INTERPOLATION ORDER     4
Info: PME GRID DIMENSIONS         128 144 132
Info: PME MAXIMUM GRID SPACING    1
Info: Attempting to read FFTW data from FFTW_NAMD_2.7_Linux-x86_64.txt
Info: Optimizing 6 FFT steps.  1... 2... 3... 4... 5... 6...   Done.
Info: Writing FFTW data to FFTW_NAMD_2.7_Linux-x86_64.txt
Info: FULL ELECTROSTATIC EVALUATION FREQUENCY      4
Info: USING VERLET I (r-RESPA) MTS SCHEME.
Info: C1 SPLITTING OF LONG RANGE ELECTROSTATICS
Info: PLACING ATOMS IN PATCHES BY HYDROGEN GROUPS
Info: RIGID BONDS TO HYDROGEN : ALL
Info:         ERROR TOLERANCE : 1e-08
Info:          MAX ITERATIONS : 100
Info: RIGID WATER USING SETTLE ALGORITHM
Info: NONBONDED FORCES EVALUATED EVERY 2 STEPS
Info: RANDOM NUMBER SEED     1399460262
Info: USE HYDROGEN BONDS?    NO
Info: COORDINATE PDB         /home/jam2079/Pathrover/3tt3/phase2a/dat_equil_phase2a4.coor
Info: STRUCTURE FILE         /home/jam2079/Pathrover/3tt3/common/ionized.psf
Info: PARAMETER file: CHARMM format! 
Info: PARAMETERS             /home/jam2079/Pathrover/3tt3/common/parameters_all.prm
Info: USING ARITHMETIC MEAN TO COMBINE L-J SIGMA PARAMETERS
Info: BINARY COORDINATES     /home/jam2079/Pathrover/3tt3/phase2a/dat_equil_phase2a4.restart.coor
Info: SUMMARY OF PARAMETERS:
Info: 231 BONDS
Info: 615 ANGLES
Info: 936 DIHEDRAL
Info: 55 IMPROPER
Info: 6 CROSSTERM
Info: 152 VDW
Info: 0 VDW_PAIRS
Info: TIME FOR READING PSF FILE: 3.45863
Info: TIME FOR READING PDB FILE: 0.369727
Info: 
Info: Reading from binary file /home/jam2079/Pathrover/3tt3/phase2a/dat_equil_phase2a4.restart.coor
Info: ****************************
Info: STRUCTURE SUMMARY:
Info: 222884 ATOMS
Info: 173098 BONDS
Info: 191327 ANGLES
Info: 198094 DIHEDRALS
Info: 2265 IMPROPERS
Info: 0 CROSSTERMS
Info: 0 EXCLUSIONS
Info: 2061 CONSTRAINTS
Info: 192346 RIGID BONDS
Info: 476306 DEGREES OF FREEDOM
Info: 79781 HYDROGEN GROUPS
Info: 4 ATOMS IN LARGEST HYDROGEN GROUP
Info: 79781 MIGRATION GROUPS
Info: 4 ATOMS IN LARGEST MIGRATION GROUP
Info: TOTAL MASS = 1.33362e+06 amu
Info: TOTAL CHARGE = 5.30519e-05 e
Info: MASS DENSITY = 1.00267 g/cm^3
Info: ATOM DENSITY = 0.100912 atoms/A^3
Info: *****************************
Info: 
Info: Entering startup at 11.013 s, 62.2026 MB of memory in use
Info: Startup phase 0 took 0.049376 s, 62.1987 MB of memory in use
Info: Startup phase 1 took 1.74467 s, 107.402 MB of memory in use
Info: Startup phase 2 took 0.0439069 s, 109.106 MB of memory in use
Info: PATCH GRID IS 7 (PERIODIC) BY 7 (PERIODIC) BY 7 (PERIODIC)
Info: PATCH GRID IS 1-AWAY BY 1-AWAY BY 1-AWAY
Info: Reading from binary file /home/jam2079/Pathrover/3tt3/phase2a/dat_equil_phase2a4.restart.vel
Info: REMOVING COM VELOCITY -0.0067587 -0.00573441 0.0124961
Info: LARGEST PATCH (234) HAS 719 ATOMS
Info: Startup phase 3 took 0.200143 s, 144.894 MB of memory in use
Info: PME using 22 and 24 processors for FFT and reciprocal sum.
Info: PME GRID LOCATIONS: 1 2 3 4 5 6 7 8 9 10 ...
Info: PME TRANS LOCATIONS: 0 1 2 3 4 5 6 7 8 9 ...
Info: Optimizing 4 FFT steps.  1... 2... 3... 4...   Done.
Info: Startup phase 4 took 0.060385 s, 145.785 MB of memory in use
Info: Startup phase 5 took 0.0825379 s, 112.755 MB of memory in use
LDB: Central LB being created...
Info: Startup phase 6 took 2.42743 s, 112.808 MB of memory in use
Info: CREATING 12892 COMPUTE OBJECTS
Info: useSync: 1 useProxySync: 0
Info: NONBONDED TABLE R-SQUARED SPACING: 0.0625
Info: NONBONDED TABLE SIZE: 769 POINTS
Info: Startup phase 7 took 0.051084 s, 116.417 MB of memory in use
Info: Startup phase 8 took 0.000137091 s, 118.31 MB of memory in use
Info: Finished startup at 15.6727 s, 118.31 MB of memory in use

TCL: Running for 250000 steps
PRESSURE: 0 -14596.6 232.4 39.4403 212.69 -14284.6 -64.6486 15.1822 -84.0808 -14600.7
GPRESSURE: 0 -164.462 146.285 72.7777 161.869 54.4677 -68.2364 37.8139 30.4706 -254.579
ETITLE:      TS           BOND          ANGLE          DIHED          IMPRP               ELECT            VDW       BOUNDARY           MISC        KINETIC               TOTAL           TEMP      POTENTIAL         TOTAL3        TEMPAVG            PRESSURE      GPRESSURE         VOLUME       PRESSAVG      GPRESSAVG

ENERGY:       0      8840.8148     44263.2343     30580.3825       603.9532        -605854.3094     25347.8553       310.1030         0.0000    146303.7472        -349604.2190       309.1433   -495907.9662   -349244.3062       309.1433         -14493.9939      -121.5242   2208686.4887    -14493.9939      -121.5242

OPENING EXTENDED SYSTEM TRAJECTORY FILE
LDB: ============= START OF LOAD BALANCING ============== 25.1902
LDB: ============== END OF LOAD BALANCING =============== 25.1908

Info: Initial time: 24 CPUs 0.0942182 s/step 1.09049 days/ns 142.196 MB memory
LDB: ============= START OF LOAD BALANCING ============== 34.9222
LDB: TIME 34.9276 LOAD: AVG 8.89252 MAX 9.3013  PROXIES: TOTAL 751 MAXPE 33 MAXPATCH 4 None 1.54328
LDB: TIME 35.0014 LOAD: AVG 8.89252 MAX 8.90464  PROXIES: TOTAL 751 MAXPE 33 MAXPATCH 4 TorusLB 1.54328
LDB: TIME 35.0015 LOAD: AVG 8.89252 MAX 8.90464  PROXIES: TOTAL 751 MAXPE 33 MAXPATCH 4 TorusLB 1.54328
LDB: ============== END OF LOAD BALANCING =============== 35.0295

Info: Initial time: 24 CPUs 0.0956244 s/step 1.10676 days/ns 140.819 MB memory
LDB: ============= START OF LOAD BALANCING ============== 45.332
LDB: TIME 45.3373 LOAD: AVG 9.03339 MAX 9.2471  PROXIES: TOTAL 751 MAXPE 33 MAXPATCH 4 None 1.60273
LDB: TIME 45.3507 LOAD: AVG 9.03339 MAX 9.2471  PROXIES: TOTAL 751 MAXPE 33 MAXPATCH 4 RefineTorusLB 1.60273
LDB: ============== END OF LOAD BALANCING =============== 45.3532

Info: Initial time: 24 CPUs 0.101218 s/step 1.1715 days/ns 142.458 MB memory
LDB: ============= START OF LOAD BALANCING ============== 55.719
LDB: TIME 55.7533 LOAD: AVG 9.01607 MAX 9.27567  PROXIES: TOTAL 751 MAXPE 33 MAXPATCH 4 None 1.60311
LDB: TIME 55.7728 LOAD: AVG 9.01607 MAX 9.27567  PROXIES: TOTAL 751 MAXPE 33 MAXPATCH 4 RefineTorusLB 1.60311
LDB: ============== END OF LOAD BALANCING =============== 55.7756

Info: Benchmark time: 24 CPUs 0.101683 s/step 1.17689 days/ns 142.438 MB memory
Info: Benchmark time: 24 CPUs 0.100006 s/step 1.15748 days/ns 142.321 MB memory
Info: Benchmark time: 24 CPUs 0.0996746 s/step 1.15364 days/ns 142.853 MB memory
LDB: ============= START OF LOAD BALANCING ============== 446.572
LDB: ============== END OF LOAD BALANCING =============== 446.573

LDB: ============= START OF LOAD BALANCING ============== 456.83
LDB: TIME 456.836 LOAD: AVG 9.04048 MAX 9.2363  PROXIES: TOTAL 751 MAXPE 33 MAXPATCH 4 None 1.59851
LDB: TIME 456.85 LOAD: AVG 9.04048 MAX 9.2363  PROXIES: TOTAL 751 MAXPE 33 MAXPATCH 4 RefineTorusLB 1.59851
LDB: ============== END OF LOAD BALANCING =============== 456.852

PRESSURE: 5000 -14724.2 -47.3454 4.35694 -59.7642 -14480.1 21.8152 21.7623 21.335 -14321.2
GPRESSURE: 5000 -156.701 68.4367 9.41062 56.7612 -84.2305 44.8237 20.2098 36.6656 -39.3004
PRESSAVG: 5000 -10.0585 22.7057 0.500874 16.2253 11.7395 2.02012 6.32358 3.24021 -6.21002
GPRESSAVG: 5000 -10.0078 22.8906 0.458433 16.094 11.8101 1.99414 6.3326 3.28044 -6.1769
TIMING: 5000  CPU: 439.913, 0.0879218/step  Wall: 501.687, 0.100246/step, 6.82229 hours remaining, 162.940628 MB of memory in use.
ENERGY:    5000      8880.6612     44525.9314     30509.4930       603.7863        -605890.8607     25267.1898       312.0005         0.0000    145791.5700        -350000.2286       308.0610   -495791.7985   -349627.6792       310.2132         -14508.5239       -93.4105   2199344.9683        -1.5097        -1.4582

WRITING EXTENDED SYSTEM TO RESTART FILE AT STEP 5000
OPENING COORDINATE DCD FILE
WRITING COORDINATES TO DCD FILE AT STEP 5000
WRITING COORDINATES TO RESTART FILE AT STEP 5000
FINISHED WRITING RESTART COORDINATES
WRITING VELOCITIES TO RESTART FILE AT STEP 5000
FINISHED WRITING RESTART VELOCITIES
LDB: ============= START OF LOAD BALANCING ============== 848.098
LDB: ============== END OF LOAD BALANCING =============== 848.099

LDB: ============= START OF LOAD BALANCING ============== 858.36
LDB: TIME 858.394 LOAD: AVG 9.05984 MAX 9.28134  PROXIES: TOTAL 751 MAXPE 33 MAXPATCH 4 None 1.59789
LDB: TIME 858.413 LOAD: AVG 9.05984 MAX 9.28134  PROXIES: TOTAL 751 MAXPE 33 MAXPATCH 4 RefineTorusLB 1.59789
LDB: ============== END OF LOAD BALANCING =============== 858.415

PRESSURE: 10000 -14533.1 53.2775 31.6012 40.3881 -14410.3 -47.0443 26.0061 -45.6575 -14391.3
GPRESSURE: 10000 -6.4662 13.7039 -24.9621 -67.4127 77.1462 -87.3819 -74.7052 -76.937 -3.78333
PRESSAVG: 10000 -5.9902 19.7513 -1.10451 12.746 9.15746 2.07263 17.3211 12.0382 -0.680365
GPRESSAVG: 10000 -5.91677 19.7502 -1.15885 12.937 9.32255 2.04292 17.3871 11.9895 -0.6181
TIMING: 10000  CPU: 880.62, 0.0881414/step  Wall: 1003.94, 0.10045/step, 6.69667 hours remaining, 163.729858 MB of memory in use.
ENERGY:   10000      8823.0647     44324.1145     30410.8845       578.7493        -606415.7220     25231.5916       294.4179         0.0000    146471.0238        -350281.8757       309.4967   -496752.8995   -349902.3044       309.7177         -14444.8846        22.2989   2194185.8996         0.8290         0.9292

WRITING EXTENDED SYSTEM TO RESTART FILE AT STEP 10000
WRITING COORDINATES TO DCD FILE AT STEP 10000
WRITING COORDINATES TO RESTART FILE AT STEP 10000
FINISHED WRITING RESTART COORDINATES
WRITING VELOCITIES TO RESTART FILE AT STEP 10000
FINISHED WRITING RESTART VELOCITIES
LDB: ============= START OF LOAD BALANCING ============== 1250.1
LDB: ============== END OF LOAD BALANCING =============== 1250.1

LDB: ============= START OF LOAD BALANCING ============== 1260.36
LDB: TIME 1260.4 LOAD: AVG 9.06404 MAX 9.34214  PROXIES: TOTAL 751 MAXPE 33 MAXPATCH 4 None 1.59831
LDB: TIME 1260.42 LOAD: AVG 9.06404 MAX 9.34214  PROXIES: TOTAL 751 MAXPE 33 MAXPATCH 4 RefineTorusLB 1.59831
LDB: ============== END OF LOAD BALANCING =============== 1260.42

PRESSURE: 15000 -14598.4 -52.3498 57.4197 -67.2259 -14418.9 155.79 23.4341 123.898 -14382
GPRESSURE: 15000 -43.5176 -35.6482 29.8258 -32.9712 51.7804 79.1923 -7.72022 65.6 16.4302
PRESSAVG: 15000 -7.19227 -13.5388 2.69624 -11.6146 6.17785 36.693 -5.45075 27.0165 -1.45522
GPRESSAVG: 15000 -7.26959 -13.5341 2.54237 -11.6636 6.12991 36.7468 -5.40745 26.9139 -1.47029
TIMING: 15000  CPU: 1323.25, 0.0885263/step  Wall: 1505.85, 0.100384/step, 6.55282 hours remaining, 163.438080 MB of memory in use.
ENERGY:   15000      8819.8632     44164.3932     30514.7775       584.3778        -606574.7347     25244.2105       301.6218         0.0000    146675.5320        -350269.9586       309.9288   -496945.4906   -349907.1361       309.9462         -14466.4367         8.2310   2191663.5463        -0.8232        -0.8700

WRITING EXTENDED SYSTEM TO RESTART FILE AT STEP 15000
WRITING COORDINATES TO DCD FILE AT STEP 15000
WRITING COORDINATES TO RESTART FILE AT STEP 15000
FINISHED WRITING RESTART COORDINATES
WRITING VELOCITIES TO RESTART FILE AT STEP 15000
FINISHED WRITING RESTART VELOCITIES
LDB: ============= START OF LOAD BALANCING ============== 1651.5
LDB: ============== END OF LOAD BALANCING =============== 1651.5

LDB: ============= START OF LOAD BALANCING ============== 1661.97
LDB: TIME 1662.01 LOAD: AVG 9.10414 MAX 9.37504  PROXIES: TOTAL 751 MAXPE 33 MAXPATCH 4 None 1.61889
LDB: TIME 1662.03 LOAD: AVG 9.10414 MAX 9.37504  PROXIES: TOTAL 751 MAXPE 33 MAXPATCH 4 RefineTorusLB 1.61889
LDB: ============== END OF LOAD BALANCING =============== 1662.03

PRESSURE: 20000 -14621.4 103.008 -98.2502 88.4781 -14715.9 -151.948 -62.5249 -151.748 -14639.9
GPRESSURE: 20000 -100.287 106.859 -133.459 49.1041 -166.719 -165.041 -36.7752 -108.258 -198.151
PRESSAVG: 20000 3.58077 -4.38593 4.68246 -15.387 2.49496 12.1197 -7.31046 10.0172 0.680765
GPRESSAVG: 20000 3.61493 -4.3461 4.55768 -15.6072 2.45005 12.1745 -7.34007 10.0272 0.623237
TIMING: 20000  CPU: 1765.96, 0.0885407/step  Wall: 2007.75, 0.10038/step, 6.41315 hours remaining, 163.659882 MB of memory in use.
ENERGY:   20000      8857.7920     44326.7977     30460.5298       573.9456        -606840.8374     25082.9242       318.0615         0.0000    146871.1318        -350349.6548       310.3422   -497220.7866   -349989.9514       309.7933         -14659.0421      -155.0524   2188398.1829         2.2522         2.2294

WRITING EXTENDED SYSTEM TO RESTART FILE AT STEP 20000
WRITING COORDINATES TO DCD FILE AT STEP 20000
WRITING COORDINATES TO RESTART FILE AT STEP 20000
FINISHED WRITING RESTART COORDINATES
WRITING VELOCITIES TO RESTART FILE AT STEP 20000
FINISHED WRITING RESTART VELOCITIES
LDB: ============= START OF LOAD BALANCING ============== 2053.16
LDB: ============== END OF LOAD BALANCING =============== 2053.16

LDB: ============= START OF LOAD BALANCING ============== 2063.5
LDB: TIME 2063.54 LOAD: AVG 9.08992 MAX 9.33451  PROXIES: TOTAL 751 MAXPE 33 MAXPATCH 4 None 1.60517
LDB: TIME 2063.56 LOAD: AVG 9.08992 MAX 9.33451  PROXIES: TOTAL 751 MAXPE 33 MAXPATCH 4 RefineTorusLB 1.60517
LDB: ============== END OF LOAD BALANCING =============== 2063.56

LDB: ============= START OF LOAD BALANCING ============== 2454.85
LDB: ============== END OF LOAD BALANCING =============== 2454.85

LDB: ============= START OF LOAD BALANCING ============== 2465.01
LDB: TIME 2465.02 LOAD: AVG 9.0427 MAX 9.28644  PROXIES: TOTAL 751 MAXPE 33 MAXPATCH 4 None 1.5809
LDB: TIME 2465.03 LOAD: AVG 9.0427 MAX 9.28644  PROXIES: TOTAL 751 MAXPE 33 MAXPATCH 4 RefineTorusLB 1.5809
LDB: ============== END OF LOAD BALANCING =============== 2465.03

PRESSURE: 25000 -14545.2 55.9997 -67.229 68.0621 -14513.4 -30.0169 -39.4683 -41.8177 -14594.1
GPRESSURE: 25000 71.87 85.2734 -98.6339 58.7006 -88.499 -29.6509 -89.3816 -11.3177 -145.702
PRESSAVG: 25000 0.608103 -4.19215 -13.0065 -2.94916 10.8498 0.186975 -14.8617 0.818252 4.8538
GPRESSAVG: 25000 0.495871 -4.19432 -13.1211 -2.95936 10.8361 0.137592 -14.9367 0.750715 4.9008
TIMING: 25000  CPU: 2206.79, 0.088166/step  Wall: 2510.1, 0.100469/step, 6.27933 hours remaining, 163.334656 MB of memory in use.
ENERGY:   25000      8787.8092     44161.7923     30536.5588       588.9379        -606946.1282     25256.1524       311.9016         0.0000    146185.2407        -351117.7353       308.8929   -497302.9761   -350751.7744       309.8242         -14550.8841       -54.1105   2190594.8454         5.4372         5.4109

WRITING EXTENDED SYSTEM TO RESTART FILE AT STEP 25000
WRITING COORDINATES TO DCD FILE AT STEP 25000
WRITING COORDINATES TO RESTART FILE AT STEP 25000
FINISHED WRITING RESTART COORDINATES
WRITING VELOCITIES TO RESTART FILE AT STEP 25000
FINISHED WRITING RESTART VELOCITIES
LDB: ============= START OF LOAD BALANCING ============== 2856.96
LDB: ============== END OF LOAD BALANCING =============== 2856.96

LDB: ============= START OF LOAD BALANCING ============== 2867.27
LDB: TIME 2867.31 LOAD: AVG 9.07449 MAX 9.3075  PROXIES: TOTAL 751 MAXPE 33 MAXPATCH 4 None 1.59088
LDB: TIME 2867.33 LOAD: AVG 9.07449 MAX 9.3075  PROXIES: TOTAL 751 MAXPE 33 MAXPATCH 4 RefineTorusLB 1.59088
LDB: ============== END OF LOAD BALANCING =============== 2867.33

PRESSURE: 30000 -14505 132.532 -136.718 143.008 -14607.7 -24.6898 -92.5326 -25.5111 -14403.4
GPRESSURE: 30000 14.6851 15.9198 -99.3924 58.9134 -64.4278 -41.0221 -69.3446 -106.23 -10.515
PRESSAVG: 30000 2.83675 11.7603 -3.83382 0.184447 -9.52116 5.34582 -0.581886 15.1903 -2.73576
GPRESSAVG: 30000 2.83603 11.6819 -3.81624 0.195438 -9.63745 5.35969 -0.535583 15.0708 -2.63663
TIMING: 30000  CPU: 2650.4, 0.0887229/step  Wall: 3012.6, 0.100501/step, 6.14173 hours remaining, 162.974915 MB of memory in use.
ENERGY:   30000      8770.5627     44378.3225     30383.3594       532.0627        -606724.7689     25331.0811       315.5322         0.0000    146390.7850        -350623.0632       309.3272   -497013.8482   -350276.8213       310.0461         -14505.3721       -20.0859   2188406.7303        -3.1401        -3.1460

WRITING EXTENDED SYSTEM TO RESTART FILE AT STEP 30000
WRITING COORDINATES TO DCD FILE AT STEP 30000
WRITING COORDINATES TO RESTART FILE AT STEP 30000
FINISHED WRITING RESTART COORDINATES
WRITING VELOCITIES TO RESTART FILE AT STEP 30000
FINISHED WRITING RESTART VELOCITIES
LDB: ============= START OF LOAD BALANCING ============== 3258.88
LDB: ============== END OF LOAD BALANCING =============== 3258.88

LDB: ============= START OF LOAD BALANCING ============== 3269.04
LDB: TIME 3269.08 LOAD: AVG 9.09064 MAX 9.21434  PROXIES: TOTAL 751 MAXPE 33 MAXPATCH 4 None 1.59589
LDB: TIME 3269.1 LOAD: AVG 9.09064 MAX 9.21434  PROXIES: TOTAL 751 MAXPE 33 MAXPATCH 4 RefineTorusLB 1.59589
LDB: ============== END OF LOAD BALANCING =============== 3269.1

PRESSURE: 35000 -14712.5 186.341 -0.403383 114.227 -14715.5 -37.8529 -55.1756 -23.4095 -14547.3
GPRESSURE: 35000 -137.157 163.302 73.8336 71.1621 -106.043 -17.1533 -59.0415 -18.4126 -152.857
PRESSAVG: 35000 -1.0124 -7.20525 -11.5685 8.9159 14.2593 6.55801 -2.26857 18.5836 1.60925
GPRESSAVG: 35000 -1.01383 -7.32879 -11.6833 8.93363 14.2636 6.4858 -2.25504 18.5942 1.49652
TIMING: 35000  CPU: 3092.66, 0.0884528/step  Wall: 3516.03, 0.100685/step, 6.01313 hours remaining, 163.301086 MB of memory in use.
ENERGY:   35000      9010.3127     44207.2777     30482.6935       566.2868        -606498.8321     24416.7724       306.8755         0.0000    146272.8234        -351235.7901       309.0779   -497508.6135   -350871.6719       310.0286         -14658.4405      -132.0190   2183206.4617         4.9521         4.9154

WRITING EXTENDED SYSTEM TO RESTART FILE AT STEP 35000
WRITING COORDINATES TO DCD FILE AT STEP 35000
WRITING COORDINATES TO RESTART FILE AT STEP 35000
FINISHED WRITING RESTART COORDINATES
WRITING VELOCITIES TO RESTART FILE AT STEP 35000
FINISHED WRITING RESTART VELOCITIES
LDB: ============= START OF LOAD BALANCING ============== 3662.59
LDB: ============== END OF LOAD BALANCING =============== 3662.59

LDB: ============= START OF LOAD BALANCING ============== 3673.02
LDB: TIME 3673.02 LOAD: AVG 9.12634 MAX 9.33963  PROXIES: TOTAL 751 MAXPE 33 MAXPATCH 4 None 1.6108
LDB: TIME 3673.03 LOAD: AVG 9.12634 MAX 9.33963  PROXIES: TOTAL 751 MAXPE 33 MAXPATCH 4 RefineTorusLB 1.6108
LDB: ============== END OF LOAD BALANCING =============== 3673.04

PRESSURE: 40000 -14518.8 -5.56593 95.9561 -26.8764 -14542.5 50.5995 72.4736 129.46 -14416.1
GPRESSURE: 40000 75.5626 21.3029 -79.276 -11.3674 -71.127 101.149 -134.374 87.0629 122.047
PRESSAVG: 40000 2.19302 -18.1585 -17.2985 -16.3688 -4.21191 0.086434 -16.8536 11.8337 0.279383
GPRESSAVG: 40000 2.05597 -18.0505 -17.3769 -16.36 -4.24005 0.110373 -16.8538 11.8461 0.14501
TIMING: 40000  CPU: 3535.09, 0.0884859/step  Wall: 4019.09, 0.100612/step, 5.86901 hours remaining, 163.741028 MB of memory in use.
ENERGY:   40000      8871.1255     44203.6365     30457.7229       539.5147        -606541.0649     25025.4882       317.7256         0.0000    145734.9638        -351390.8876       307.9414   -497125.8513   -351064.9336       309.6391         -14492.4528        42.1609   2181058.7246        -0.5798        -0.6797

WRITING EXTENDED SYSTEM TO RESTART FILE AT STEP 40000
WRITING COORDINATES TO DCD FILE AT STEP 40000
WRITING COORDINATES TO RESTART FILE AT STEP 40000
FINISHED WRITING RESTART COORDINATES
WRITING VELOCITIES TO RESTART FILE AT STEP 40000
FINISHED WRITING RESTART VELOCITIES
LDB: ============= START OF LOAD BALANCING ============== 4064.51
LDB: ============== END OF LOAD BALANCING =============== 4064.51

LDB: ============= START OF LOAD BALANCING ============== 4074.88
LDB: TIME 4074.92 LOAD: AVG 9.11275 MAX 9.33888  PROXIES: TOTAL 751 MAXPE 33 MAXPATCH 4 None 1.60359
LDB: TIME 4074.94 LOAD: AVG 9.11275 MAX 9.33888  PROXIES: TOTAL 751 MAXPE 33 MAXPATCH 4 RefineTorusLB 1.60359
LDB: ============== END OF LOAD BALANCING =============== 4074.94

LDB: ============= START OF LOAD BALANCING ============== 4467.08
LDB: ============== END OF LOAD BALANCING =============== 4467.08

LDB: ============= START OF LOAD BALANCING ============== 4477.49
LDB: TIME 4477.52 LOAD: AVG 9.11338 MAX 9.34044  PROXIES: TOTAL 751 MAXPE 33 MAXPATCH 4 None 1.60454
LDB: TIME 4477.54 LOAD: AVG 9.11338 MAX 9.34044  PROXIES: TOTAL 751 MAXPE 33 MAXPATCH 4 RefineTorusLB 1.60454
LDB: ============== END OF LOAD BALANCING =============== 4477.55

WRITING COORDINATES TO DCD FILE AT STEP 45000
WRITING COORDINATES TO RESTART FILE AT STEP 45000
FINISHED WRITING RESTART COORDINATES
PRESSURE: 45000 -14459 -57.888 -73.7348 -35.1431 -14465.1 -48.874 -70.9647 -44.0627 -14280.6
GPRESSURE: 45000 141.302 -99.9943 -33.4173 -67.6836 208.725 23.0025 -111.554 30.6521 110.177
PRESSAVG: 45000 11.6438 -2.04792 -2.54883 -14.7864 7.52054 31.4367 -10.1495 31.44 1.46724
GPRESSAVG: 45000 11.6505 -2.27719 -2.4826 -14.7522 7.52923 31.3071 -10.3999 31.5127 1.52053
TIMING: 45000  CPU: 3977.66, 0.0885123/step  Wall: 4522.97, 0.100777/step, 5.73867 hours remaining, 163.299957 MB of memory in use.
ENERGY:   45000      8726.9984     44230.4663     30425.5791       526.6211        -607291.0757     25573.4603       302.5614         0.0000    146678.0132        -350827.3759       309.9341   -497505.3891   -350477.2418       309.7926         -14401.5676       153.4014   2180118.5091         6.8772         6.9001

WRITING EXTENDED SYSTEM TO RESTART FILE AT STEP 45000
WRITING VELOCITIES TO RESTART FILE AT STEP 45000
FINISHED WRITING RESTART VELOCITIES
LDB: ============= START OF LOAD BALANCING ============== 4870.47
LDB: ============== END OF LOAD BALANCING =============== 4870.47

LDB: ============= START OF LOAD BALANCING ============== 4880.81
LDB: TIME 4880.85 LOAD: AVG 9.10595 MAX 9.32  PROXIES: TOTAL 751 MAXPE 33 MAXPATCH 4 None 1.60513
LDB: TIME 4880.87 LOAD: AVG 9.10595 MAX 9.32  PROXIES: TOTAL 751 MAXPE 33 MAXPATCH 4 RefineTorusLB 1.60513
LDB: ============== END OF LOAD BALANCING =============== 4880.87

PRESSURE: 50000 -14639.5 63.4038 -2.80067 58.3998 -14397.6 -62.2043 -31.7443 -16.5793 -14359.2
GPRESSURE: 50000 88.8706 1.41883 8.81619 -0.749883 152.049 -73.6038 -33.706 19.7287 82.9749
PRESSAVG: 50000 -2.7461 -0.701975 -37.4943 3.75162 -1.70213 -11.4617 -18.9466 1.67658 -3.32593
GPRESSAVG: 50000 -2.70798 -0.769121 -37.5475 3.64428 -1.68378 -11.2713 -19.0773 1.59267 -3.19706
TIMING: 50000  CPU: 4421.19, 0.0887067/step  Wall: 5027.01, 0.100808/step, 5.60046 hours remaining, 165.615173 MB of memory in use.
ETITLE:      TS           BOND          ANGLE          DIHED          IMPRP               ELECT            VDW       BOUNDARY           MISC        KINETIC               TOTAL           TEMP      POTENTIAL         TOTAL3        TEMPAVG            PRESSURE      GPRESSURE         VOLUME       PRESSAVG      GPRESSAVG

ENERGY:   50000      8829.8687     44436.0029     30437.0089       552.1391        -607367.0792     25376.2330       306.3415         0.0000    146324.8030        -351104.6820       309.1878   -497429.4850   -350746.9364       309.9521         -14465.4327       107.9648   2180006.0854        -2.5914        -2.5296

WRITING EXTENDED SYSTEM TO RESTART FILE AT STEP 50000
WRITING COORDINATES TO DCD FILE AT STEP 50000
WRITING COORDINATES TO RESTART FILE AT STEP 50000
FINISHED WRITING RESTART COORDINATES
WRITING VELOCITIES TO RESTART FILE AT STEP 50000
FINISHED WRITING RESTART VELOCITIES
LDB: ============= START OF LOAD BALANCING ============== 5274.39
LDB: ============== END OF LOAD BALANCING =============== 5274.39

LDB: ============= START OF LOAD BALANCING ============== 5284.61
LDB: TIME 5284.64 LOAD: AVG 9.08636 MAX 9.36012  PROXIES: TOTAL 751 MAXPE 33 MAXPATCH 4 None 1.59527
LDB: TIME 5284.66 LOAD: AVG 9.08636 MAX 9.36012  PROXIES: TOTAL 751 MAXPE 33 MAXPATCH 4 RefineTorusLB 1.59527
LDB: ============== END OF LOAD BALANCING =============== 5284.67

WRITING COORDINATES TO DCD FILE AT STEP 55000
WRITING COORDINATES TO RESTART FILE AT STEP 55000
FINISHED WRITING RESTART COORDINATES
PRESSURE: 55000 -14511.5 130.929 -199.792 72.6489 -14478.7 -73.6243 -118.307 -31.5476 -14351.8
GPRESSURE: 55000 168.848 153.51 -168.255 47.6431 70.7595 31.8238 -142.748 85.3711 99.0057
PRESSAVG: 55000 2.28559 25.5653 -11.9934 18.6401 8.77711 -0.113846 0.819071 3.39276 2.77533
GPRESSAVG: 55000 2.32503 25.6436 -12.0408 18.5244 8.79903 -0.157212 0.988099 3.41337 2.80349
TIMING: 55000  CPU: 4864.79, 0.0887205/step  Wall: 5530.97, 0.100792/step, 5.45956 hours remaining, 163.120148 MB of memory in use.
ENERGY:   55000      8692.4550     44231.6181     30368.7930       577.0727        -607616.3271     25695.6673       306.0728         0.0000    146638.9632        -351105.6849       309.8516   -497744.6481   -350734.4832       309.9025         -14447.3613       112.8710   2182697.5604         4.6127         4.6425

WRITING EXTENDED SYSTEM TO RESTART FILE AT STEP 55000
WRITING VELOCITIES TO RESTART FILE AT STEP 55000
FINISHED WRITING RESTART VELOCITIES
LDB: ============= START OF LOAD BALANCING ============== 5677.32
LDB: ============== END OF LOAD BALANCING =============== 5677.32

LDB: ============= START OF LOAD BALANCING ============== 5687.66
LDB: TIME 5687.7 LOAD: AVG 9.10908 MAX 9.4016  PROXIES: TOTAL 751 MAXPE 33 MAXPATCH 4 None 1.6021
LDB: TIME 5687.72 LOAD: AVG 9.10908 MAX 9.4016  PROXIES: TOTAL 751 MAXPE 33 MAXPATCH 4 RefineTorusLB 1.6021
LDB: ============== END OF LOAD BALANCING =============== 5687.72

WRITING COORDINATES TO DCD FILE AT STEP 60000
WRITING COORDINATES TO RESTART FILE AT STEP 60000
FINISHED WRITING RESTART COORDINATES
PRESSURE: 60000 -14631.3 -57.6336 -156.473 -61.5133 -14746.5 -125.812 -147.8 -107.709 -14503.9
GPRESSURE: 60000 -120.686 -103.793 -133.771 -68.4213 -10.5743 -59.2471 -152.096 -11.4004 -58.3558
PRESSAVG: 60000 6.90117 -6.08063 -0.944105 3.72073 -1.73388 4.0223 5.78227 12.668 0.0360815
GPRESSAVG: 60000 6.88104 -6.20048 -0.714554 3.72912 -1.75547 4.08602 5.7667 12.5542 0.0534804
TIMING: 60000  CPU: 5308.21, 0.0886829/step  Wall: 6035.41, 0.100887/step, 5.32461 hours remaining, 163.808838 MB of memory in use.
ENERGY:   60000      8821.1733     44380.3943     30342.5554       583.6360        -607129.8729     24785.5088       298.8938         0.0000    146296.3743        -351621.3370       309.1277   -497917.7112   -351264.4893       309.5889         -14627.2394       -63.2055   2178515.9144         1.7345         1.7263

WRITING EXTENDED SYSTEM TO RESTART FILE AT STEP 60000
WRITING VELOCITIES TO RESTART FILE AT STEP 60000
FINISHED WRITING RESTART VELOCITIES
LDB: ============= START OF LOAD BALANCING ============== 6080.79
LDB: ============== END OF LOAD BALANCING =============== 6080.79

LDB: ============= START OF LOAD BALANCING ============== 6091.07
LDB: TIME 6091.08 LOAD: AVG 9.11567 MAX 9.36928  PROXIES: TOTAL 751 MAXPE 33 MAXPATCH 4 None 1.60152
LDB: TIME 6091.1 LOAD: AVG 9.11567 MAX 9.36928  PROXIES: TOTAL 751 MAXPE 33 MAXPATCH 4 RefineTorusLB 1.60152
LDB: ============== END OF LOAD BALANCING =============== 6091.1

LDB: ============= START OF LOAD BALANCING ============== 6484.03
LDB: ============== END OF LOAD BALANCING =============== 6484.03

LDB: ============= START OF LOAD BALANCING ============== 6494.31
LDB: TIME 6494.32 LOAD: AVG 9.10258 MAX 9.38727  PROXIES: TOTAL 751 MAXPE 33 MAXPATCH 4 None 1.59056
LDB: TIME 6494.34 LOAD: AVG 9.10258 MAX 9.38727  PROXIES: TOTAL 751 MAXPE 33 MAXPATCH 4 RefineTorusLB 1.59056
LDB: ============== END OF LOAD BALANCING =============== 6494.34

WRITING COORDINATES TO DCD FILE AT STEP 65000
WRITING COORDINATES TO RESTART FILE AT STEP 65000
FINISHED WRITING RESTART COORDINATES
PRESSURE: 65000 -14673.6 -102.98 33.1891 -37.3334 -14345 151.955 26.2029 197.611 -14464.9
GPRESSURE: 65000 -114.078 -55.6732 28.3816 -12.0794 109.253 166.695 57.8465 228.816 20.1018
PRESSAVG: 65000 -0.360349 7.73407 -6.42281 -6.65522 6.08666 15.2345 -22.014 18.8989 -1.55657
GPRESSAVG: 65000 -0.239145 7.6493 -6.56096 -6.65994 6.14332 15.1505 -22.0645 18.8704 -1.46726
TIMING: 65000  CPU: 5751.47, 0.0886527/step  Wall: 6539.85, 0.100888/step, 5.18452 hours remaining, 164.362793 MB of memory in use.
ENERGY:   65000      8724.4236     44365.0109     30363.2979       586.4855        -605595.8579     24037.8714       286.2894         0.0000    146628.7821        -350603.6972       309.8301   -497232.4793   -350234.3559       310.0352         -14494.5119         5.0921   2181823.8440         1.3899         1.4790

WRITING EXTENDED SYSTEM TO RESTART FILE AT STEP 65000
WRITING VELOCITIES TO RESTART FILE AT STEP 65000
FINISHED WRITING RESTART VELOCITIES
LDB: ============= START OF LOAD BALANCING ============== 6888.16
LDB: ============== END OF LOAD BALANCING =============== 6888.16

LDB: ============= START OF LOAD BALANCING ============== 6898.46
LDB: TIME 6898.47 LOAD: AVG 9.10052 MAX 9.38419  PROXIES: TOTAL 751 MAXPE 33 MAXPATCH 4 None 1.59993
LDB: TIME 6898.48 LOAD: AVG 9.10052 MAX 9.38419  PROXIES: TOTAL 751 MAXPE 33 MAXPATCH 4 RefineTorusLB 1.59993
LDB: ============== END OF LOAD BALANCING =============== 6898.48

PRESSURE: 70000 -14503.1 134.856 120.072 101.483 -14381.9 78.1456 100.051 102.952 -14587.3
GPRESSURE: 70000 -7.23763 145.488 147.84 44.1622 123.763 121.132 83.9825 111.66 -65.674
PRESSAVG: 70000 9.36732 -0.911891 16.1993 -3.4157 -6.56106 14.3545 0.87176 15.3984 -0.298723
GPRESSAVG: 70000 9.36913 -0.954526 16.1013 -3.36296 -6.62767 14.5399 1.00715 15.4524 -0.240699
TIMING: 70000  CPU: 6196.48, 0.0890019/step  Wall: 7044.52, 0.100934/step, 5.04668 hours remaining, 164.831970 MB of memory in use.
ENERGY:   70000      8824.3171     44497.9805     30470.8038       546.7879        -606519.7268     25190.0477       299.8452         0.0000    146675.8485        -350014.0959       309.9295   -496689.9445   -349650.0387       310.0600         -14490.7798        16.9503   2181241.2210         0.8358         0.8336

WRITING EXTENDED SYSTEM TO RESTART FILE AT STEP 70000
WRITING COORDINATES TO DCD FILE AT STEP 70000
WRITING COORDINATES TO RESTART FILE AT STEP 70000
FINISHED WRITING RESTART COORDINATES
WRITING VELOCITIES TO RESTART FILE AT STEP 70000
FINISHED WRITING RESTART VELOCITIES
LDB: ============= START OF LOAD BALANCING ============== 7293.81
LDB: ============== END OF LOAD BALANCING =============== 7293.81

LDB: ============= START OF LOAD BALANCING ============== 7304.01
LDB: TIME 7304.05 LOAD: AVG 9.10122 MAX 9.39357  PROXIES: TOTAL 751 MAXPE 33 MAXPATCH 4 None 1.5972
LDB: TIME 7304.07 LOAD: AVG 9.10122 MAX 9.39357  PROXIES: TOTAL 751 MAXPE 33 MAXPATCH 4 RefineTorusLB 1.5972
LDB: ============== END OF LOAD BALANCING =============== 7304.07

PRESSURE: 75000 -14517.3 -47.3844 67.0429 -27.4493 -14650.5 111.215 76.0528 163.846 -14152.9
GPRESSURE: 75000 109.079 -28.4898 85.1646 -9.1649 -45.039 80.6053 128.875 37.8331 284.946
PRESSAVG: 75000 9.17303 -4.97812 6.10064 -10.8205 -7.31223 16.0201 11.2735 28.9876 7.39831
GPRESSAVG: 75000 9.08811 -5.07188 5.96726 -10.7112 -7.27581 15.9766 11.2762 29.0099 7.45817
TIMING: 75000  CPU: 6642.67, 0.089238/step  Wall: 7549.63, 0.101023/step, 4.91086 hours remaining, 163.881714 MB of memory in use.
ENERGY:   75000      8809.4759     44297.6315     30366.2850       569.6230        -607239.0207     25764.8125       287.1229         0.0000    146499.6627        -350644.4072       309.5572   -497144.0699   -350309.5505       310.1874         -14440.2397       116.3285   2180282.1538         3.0864         3.0902

WRITING EXTENDED SYSTEM TO RESTART FILE AT STEP 75000
WRITING COORDINATES TO DCD FILE AT STEP 75000
WRITING COORDINATES TO RESTART FILE AT STEP 75000
FINISHED WRITING RESTART COORDINATES
WRITING VELOCITIES TO RESTART FILE AT STEP 75000
FINISHED WRITING RESTART VELOCITIES
LDB: ============= START OF LOAD BALANCING ============== 7695.79
LDB: ============== END OF LOAD BALANCING =============== 7695.79

LDB: ============= START OF LOAD BALANCING ============== 7705.98
LDB: TIME 7706.02 LOAD: AVG 9.10595 MAX 9.34649  PROXIES: TOTAL 751 MAXPE 33 MAXPATCH 4 None 1.60385
LDB: TIME 7706.03 LOAD: AVG 9.10595 MAX 9.34649  PROXIES: TOTAL 751 MAXPE 33 MAXPATCH 4 RefineTorusLB 1.60385
LDB: ============== END OF LOAD BALANCING =============== 7706.04

PRESSURE: 80000 -14648.8 37.0851 -17.8546 42.0452 -14467.7 -97.0711 -29.7342 -113.956 -14525.2
GPRESSURE: 80000 5.17851 38.8712 -3.6122 38.6621 33.7921 -68.5445 -2.42308 -155.611 4.55145
PRESSAVG: 80000 18.0253 -10.0231 -11.3765 -8.28319 -9.94336 28.3674 -2.27828 16.4183 1.44753
GPRESSAVG: 80000 18.153 -9.99482 -11.291 -8.32786 -9.94699 28.4661 -2.35205 16.3663 1.44931
TIMING: 80000  CPU: 7085.7, 0.0886057/step  Wall: 8052.9, 0.100653/step, 4.75305 hours remaining, 166.251099 MB of memory in use.
ENERGY:   80000      8796.4956     44576.3710     30277.7707       560.1391        -607349.3838     25020.2815       300.5521         0.0000    146231.9189        -351585.8549       308.9915   -497817.7738   -351215.3247       309.7842         -14547.2051        14.5074   2179684.2816         3.1765         3.2184

WRITING EXTENDED SYSTEM TO RESTART FILE AT STEP 80000
WRITING COORDINATES TO DCD FILE AT STEP 80000
WRITING COORDINATES TO RESTART FILE AT STEP 80000
FINISHED WRITING RESTART COORDINATES
WRITING VELOCITIES TO RESTART FILE AT STEP 80000
FINISHED WRITING RESTART VELOCITIES
LDB: ============= START OF LOAD BALANCING ============== 8098.55
LDB: ============== END OF LOAD BALANCING =============== 8098.55

LDB: ============= START OF LOAD BALANCING ============== 8108.9
LDB: TIME 8108.93 LOAD: AVG 9.10272 MAX 9.3903  PROXIES: TOTAL 751 MAXPE 33 MAXPATCH 4 None 1.58803
LDB: TIME 8108.95 LOAD: AVG 9.10272 MAX 9.3903  PROXIES: TOTAL 751 MAXPE 33 MAXPATCH 4 RefineTorusLB 1.58803
LDB: ============== END OF LOAD BALANCING =============== 8108.95

LDB: ============= START OF LOAD BALANCING ============== 8502.4
LDB: ============== END OF LOAD BALANCING =============== 8502.4

LDB: ============= START OF LOAD BALANCING ============== 8512.81
LDB: TIME 8512.84 LOAD: AVG 9.12326 MAX 9.39579  PROXIES: TOTAL 751 MAXPE 33 MAXPATCH 4 None 1.60546
LDB: TIME 8512.86 LOAD: AVG 9.12326 MAX 9.39579  PROXIES: TOTAL 751 MAXPE 33 MAXPATCH 4 RefineTorusLB 1.60546
LDB: ============== END OF LOAD BALANCING =============== 8512.86

WRITING COORDINATES TO DCD FILE AT STEP 85000
WRITING COORDINATES TO RESTART FILE AT STEP 85000
FINISHED WRITING RESTART COORDINATES
PRESSURE: 85000 -14696.8 -74.6675 73.7199 -71.3807 -14681.3 29.4717 92.1886 35.2771 -14376.4
GPRESSURE: 85000 -131.385 -34.8115 79.3939 -4.17539 -53.0175 37.115 -19.6645 86.822 48.3199
PRESSAVG: 85000 8.31917 0.916133 22.0873 -24.4579 -10.6819 6.37294 12.6579 9.51511 2.48442
GPRESSAVG: 85000 8.36927 0.949714 22.0035 -24.3004 -10.5222 6.34655 12.6688 9.51961 2.48886
TIMING: 85000  CPU: 7530.23, 0.0889067/step  Wall: 8558.48, 0.101117/step, 4.63453 hours remaining, 163.317963 MB of memory in use.
ENERGY:   85000      8743.9513     44410.2717     30387.7228       555.4298        -606638.0506     24813.1152       309.3389         0.0000    146325.2587        -351092.9622       309.1887   -497418.2208   -350714.7060       309.9872         -14584.8382       -45.3609   2180881.4998         0.0406         0.1120

WRITING EXTENDED SYSTEM TO RESTART FILE AT STEP 85000
WRITING VELOCITIES TO RESTART FILE AT STEP 85000
FINISHED WRITING RESTART VELOCITIES
LDB: ============= START OF LOAD BALANCING ============== 8907.77
LDB: ============== END OF LOAD BALANCING =============== 8907.77

LDB: ============= START OF LOAD BALANCING ============== 8918.13
LDB: TIME 8918.16 LOAD: AVG 9.12022 MAX 9.38387  PROXIES: TOTAL 751 MAXPE 33 MAXPATCH 4 None 1.5936
LDB: TIME 8918.18 LOAD: AVG 9.12022 MAX 9.38387  PROXIES: TOTAL 751 MAXPE 33 MAXPATCH 4 RefineTorusLB 1.5936
LDB: ============== END OF LOAD BALANCING =============== 8918.18

WRITING COORDINATES TO DCD FILE AT STEP 90000
WRITING COORDINATES TO RESTART FILE AT STEP 90000
FINISHED WRITING RESTART COORDINATES
PRESSURE: 90000 -14382.6 148.404 -12.3031 119.46 -14659.8 86.5102 -36.9449 85.0933 -14442.2
GPRESSURE: 90000 176.603 71.4748 -117.023 70.1245 7.25497 79.7045 -126.23 146.112 75.1695
PRESSAVG: 90000 6.02013 3.01926 7.91146 -4.51315 -3.85849 10.1862 -12.1663 -10.6493 1.7849
GPRESSAVG: 90000 5.94896 2.97173 7.85149 -4.59719 -3.83855 10.1943 -12.1255 -10.5721 1.70552
TIMING: 90000  CPU: 7977.19, 0.0893908/step  Wall: 9064.3, 0.101164/step, 4.49616 hours remaining, 163.186829 MB of memory in use.
ENERGY:   90000      8806.2679     44216.9459     30364.7772       541.2455        -607171.9248     25371.2655       296.9827         0.0000    147004.5021        -350569.9379       310.6240   -497574.4400   -350209.9645       309.8007         -14494.8591        86.3424   2175228.2011         1.3155         1.2720

WRITING EXTENDED SYSTEM TO RESTART FILE AT STEP 90000
WRITING VELOCITIES TO RESTART FILE AT STEP 90000
FINISHED WRITING RESTART VELOCITIES
LDB: ============= START OF LOAD BALANCING ============== 9311.12
LDB: ============== END OF LOAD BALANCING =============== 9311.13

LDB: ============= START OF LOAD BALANCING ============== 9321.43
LDB: TIME 9321.43 LOAD: AVG 9.0924 MAX 9.33851  PROXIES: TOTAL 751 MAXPE 33 MAXPATCH 4 None 1.59372
LDB: TIME 9321.45 LOAD: AVG 9.0924 MAX 9.33851  PROXIES: TOTAL 751 MAXPE 33 MAXPATCH 4 RefineTorusLB 1.59372
LDB: ============== END OF LOAD BALANCING =============== 9321.45

PRESSURE: 95000 -14404.7 75.4708 -59.3926 66.8608 -14468.7 -0.333067 13.3626 -12.0313 -14252.6
GPRESSURE: 95000 157.923 -1.69082 -100.035 68.4042 216.409 -94.8522 -87.7487 -27.8467 166.946
PRESSAVG: 95000 -3.8381 -20.7028 -3.84346 -3.64805 -2.28121 18.0415 -11.715 9.56434 4.78506
GPRESSAVG: 95000 -3.71935 -20.6634 -3.77267 -3.51746 -2.38879 17.9596 -11.6142 9.3039 4.65882
TIMING: 95000  CPU: 8421.33, 0.0888287/step  Wall: 9568.38, 0.100815/step, 4.34065 hours remaining, 164.091461 MB of memory in use.
ENERGY:   95000      8856.1269     44317.5254     30391.5827       592.7598        -606950.9230     25253.8505       311.7949         0.0000    146283.2010        -350944.0818       309.0998   -497227.2828   -350588.5954       309.8680         -14375.3447       180.4261   2178670.3928        -0.4448        -0.4831

WRITING EXTENDED SYSTEM TO RESTART FILE AT STEP 95000
WRITING COORDINATES TO DCD FILE AT STEP 95000
WRITING COORDINATES TO RESTART FILE AT STEP 95000
FINISHED WRITING RESTART COORDINATES
WRITING VELOCITIES TO RESTART FILE AT STEP 95000
FINISHED WRITING RESTART VELOCITIES
LDB: ============= START OF LOAD BALANCING ============== 9714.34
LDB: ============== END OF LOAD BALANCING =============== 9714.34

LDB: ============= START OF LOAD BALANCING ============== 9724.57
LDB: TIME 9724.61 LOAD: AVG 9.12014 MAX 9.40901  PROXIES: TOTAL 751 MAXPE 33 MAXPATCH 4 None 1.60651
LDB: TIME 9724.63 LOAD: AVG 9.12014 MAX 9.40901  PROXIES: TOTAL 751 MAXPE 33 MAXPATCH 4 RefineTorusLB 1.60651
LDB: ============== END OF LOAD BALANCING =============== 9724.63

PRESSURE: 100000 -14583.2 22.3391 -43.2593 44.2565 -14608.6 -103.228 -78.5414 -63.2185 -14268.8
GPRESSURE: 100000 35.4767 4.7556 -43.4622 39.1176 -48.8119 -45.4945 21.0642 -78.6513 131.548
PRESSAVG: 100000 -1.47293 6.96125 21.1847 0.938624 -6.58651 -8.71443 8.60128 -3.64097 -0.645578
GPRESSAVG: 100000 -1.51264 6.83319 21.1223 1.16441 -6.48733 -8.73721 8.66241 -3.48882 -0.671144
TIMING: 100000  CPU: 8866.25, 0.0889849/step  Wall: 10072.2, 0.100771/step, 4.19881 hours remaining, 165.394531 MB of memory in use.
ETITLE:      TS           BOND          ANGLE          DIHED          IMPRP               ELECT            VDW       BOUNDARY           MISC        KINETIC               TOTAL           TEMP      POTENTIAL         TOTAL3        TEMPAVG            PRESSURE      GPRESSURE         VOLUME       PRESSAVG      GPRESSAVG

ENERGY:  100000      8860.4357     44217.7186     30345.8103       563.5942        -606575.1381     24948.5078       312.0249         0.0000    146531.3771        -350795.6695       309.6242   -497327.0466   -350417.3829       309.5909         -14486.8452        39.4042   2181163.9906        -2.9017        -2.8904

WRITING EXTENDED SYSTEM TO RESTART FILE AT STEP 100000
WRITING COORDINATES TO DCD FILE AT STEP 100000
WRITING COORDINATES TO RESTART FILE AT STEP 100000
FINISHED WRITING RESTART COORDINATES
WRITING VELOCITIES TO RESTART FILE AT STEP 100000
FINISHED WRITING RESTART VELOCITIES
LDB: ============= START OF LOAD BALANCING ============== 10118.1
LDB: ============== END OF LOAD BALANCING =============== 10118.1

LDB: ============= START OF LOAD BALANCING ============== 10128.5
LDB: TIME 10128.5 LOAD: AVG 9.13756 MAX 9.41633  PROXIES: TOTAL 751 MAXPE 33 MAXPATCH 4 None 1.60691
LDB: TIME 10128.5 LOAD: AVG 9.13756 MAX 9.41633  PROXIES: TOTAL 751 MAXPE 33 MAXPATCH 4 RefineTorusLB 1.60691
LDB: ============== END OF LOAD BALANCING =============== 10128.5

LDB: ============= START OF LOAD BALANCING ============== 10520.8
LDB: ============== END OF LOAD BALANCING =============== 10520.8

LDB: ============= START OF LOAD BALANCING ============== 10531
LDB: TIME 10531 LOAD: AVG 9.10484 MAX 9.33702  PROXIES: TOTAL 751 MAXPE 33 MAXPATCH 4 None 1.58953
LDB: TIME 10531.1 LOAD: AVG 9.10484 MAX 9.33702  PROXIES: TOTAL 751 MAXPE 33 MAXPATCH 4 RefineTorusLB 1.58953
LDB: ============== END OF LOAD BALANCING =============== 10531.1

PRESSURE: 105000 -14537.6 47.1448 -125.453 41.5016 -14563.6 -29.8926 -101.634 -13.643 -14480.2
GPRESSURE: 105000 110.783 20.9644 -141.88 81.9371 -55.0143 46.7063 -48.3855 14.4657 -3.95458
PRESSAVG: 105000 35.6785 -31.268 1.87634 -30.4749 -28.7367 -6.28305 6.04363 11.2794 2.97599
GPRESSAVG: 105000 35.6795 -31.2793 1.70347 -30.5759 -28.8068 -6.3772 6.06931 11.5288 2.91251
TIMING: 105000  CPU: 9308.45, 0.08844/step  Wall: 10576.2, 0.10079/step, 4.05959 hours remaining, 165.413635 MB of memory in use.
ENERGY:  105000      8723.3789     44540.1045     30327.2997       564.4755        -606947.0195     24809.3940       322.4995         0.0000    146302.1312        -351357.7360       309.1398   -497659.8673   -351005.7547       310.0755         -14527.1325        17.2713   2178506.2947         3.3059         3.2617

WRITING EXTENDED SYSTEM TO RESTART FILE AT STEP 105000
WRITING COORDINATES TO DCD FILE AT STEP 105000
WRITING COORDINATES TO RESTART FILE AT STEP 105000
FINISHED WRITING RESTART COORDINATES
WRITING VELOCITIES TO RESTART FILE AT STEP 105000
FINISHED WRITING RESTART VELOCITIES
LDB: ============= START OF LOAD BALANCING ============== 10924.5
LDB: ============== END OF LOAD BALANCING =============== 10924.5

LDB: ============= START OF LOAD BALANCING ============== 10935
LDB: TIME 10935 LOAD: AVG 9.14607 MAX 9.33968  PROXIES: TOTAL 751 MAXPE 33 MAXPATCH 4 None 1.61162
LDB: TIME 10935 LOAD: AVG 9.14607 MAX 9.33968  PROXIES: TOTAL 751 MAXPE 33 MAXPATCH 4 RefineTorusLB 1.61162
LDB: ============== END OF LOAD BALANCING =============== 10935

PRESSURE: 110000 -14443.6 3.58722 67.3114 30.1547 -14701.9 -25.2991 24.1412 -32.2652 -14431.2
GPRESSURE: 110000 106.876 -51.0728 63.6827 -15.7353 -76.8959 5.42394 -9.48466 13.2213 58.7598
PRESSAVG: 110000 37.4691 -12.4474 -12.2337 -13.6685 -18.4298 -5.75548 -23.2957 -3.0348 3.04793
GPRESSAVG: 110000 37.3827 -12.4841 -12.1958 -13.8415 -18.4859 -5.91213 -23.4174 -3.11279 3.08899
TIMING: 110000  CPU: 9754.75, 0.0892596/step  Wall: 11081.9, 0.101148/step, 3.93355 hours remaining, 165.783600 MB of memory in use.
ENERGY:  110000      8756.2279     44088.7611     30221.8182       560.8488        -607070.9477     24846.4645       315.4600         0.0000    145824.0537        -352457.3136       308.1297   -498281.3673   -352104.7535       309.7102         -14525.5760        29.5801   2177734.8197         7.3624         7.3286

WRITING EXTENDED SYSTEM TO RESTART FILE AT STEP 110000
WRITING COORDINATES TO DCD FILE AT STEP 110000
WRITING COORDINATES TO RESTART FILE AT STEP 110000
FINISHED WRITING RESTART COORDINATES
WRITING VELOCITIES TO RESTART FILE AT STEP 110000
FINISHED WRITING RESTART VELOCITIES
LDB: ============= START OF LOAD BALANCING ============== 11328.9
LDB: ============== END OF LOAD BALANCING =============== 11328.9

LDB: ============= START OF LOAD BALANCING ============== 11339.3
LDB: TIME 11339.3 LOAD: AVG 9.09615 MAX 9.40664  PROXIES: TOTAL 751 MAXPE 33 MAXPATCH 4 None 1.58935
LDB: TIME 11339.4 LOAD: AVG 9.09615 MAX 9.40664  PROXIES: TOTAL 751 MAXPE 33 MAXPATCH 4 RefineTorusLB 1.58935
LDB: ============== END OF LOAD BALANCING =============== 11339.4

PRESSURE: 115000 -14475 25.9685 130.195 4.22271 -14561 -47.1589 102.006 -62.3416 -14485.6
GPRESSURE: 115000 51.2063 -7.31753 110.6 35.3546 33.3373 -57.8203 82.2835 -28.254 -2.50552
PRESSAVG: 115000 -0.47608 -0.222068 3.74352 0.8773 -0.0655229 19.9874 -9.39788 11.8329 -3.37509
GPRESSAVG: 115000 -0.49213 -0.167459 3.88335 0.839028 -0.108394 20.2925 -9.13879 11.7083 -3.30815
TIMING: 115000  CPU: 10197, 0.0884416/step  Wall: 11586.5, 0.100924/step, 3.78466 hours remaining, 164.349548 MB of memory in use.
ENERGY:  115000      8821.2199     44400.6623     30309.9329       566.1935        -607281.6899     25304.6173       286.7689         0.0000    146218.9201        -351373.3751       308.9640   -497592.2952   -351021.5037       309.7911         -14507.1895        27.3460   2182016.6886        -1.3056        -1.3029

WRITING EXTENDED SYSTEM TO RESTART FILE AT STEP 115000
WRITING COORDINATES TO DCD FILE AT STEP 115000
WRITING COORDINATES TO RESTART FILE AT STEP 115000
FINISHED WRITING RESTART COORDINATES
WRITING VELOCITIES TO RESTART FILE AT STEP 115000
FINISHED WRITING RESTART VELOCITIES
LDB: ============= START OF LOAD BALANCING ============== 11733
LDB: ============== END OF LOAD BALANCING =============== 11733

LDB: ============= START OF LOAD BALANCING ============== 11743.2
LDB: TIME 11743.2 LOAD: AVG 9.10851 MAX 9.34843  PROXIES: TOTAL 751 MAXPE 33 MAXPATCH 4 None 1.60894
LDB: TIME 11743.2 LOAD: AVG 9.10851 MAX 9.34843  PROXIES: TOTAL 751 MAXPE 33 MAXPATCH 4 RefineTorusLB 1.60894
LDB: ============== END OF LOAD BALANCING =============== 11743.2

PRESSURE: 120000 -14530.8 22.9392 18.7253 49.1894 -14605.6 -47.7003 11.5609 -101.273 -14700.6
GPRESSURE: 120000 29.1706 14.5965 -1.27132 28.128 -72.5152 -34.9954 -12.8606 -107.979 -141.506
PRESSAVG: 120000 17.6619 -9.69783 15.3136 -8.23774 -27.0937 2.07568 -10.4929 -0.313374 -0.881221
GPRESSAVG: 120000 17.8786 -9.73494 15.1939 -8.29605 -27.1497 1.93527 -10.6303 -0.216051 -0.936939
TIMING: 120000  CPU: 10639.4, 0.0884783/step  Wall: 12090.9, 0.100862/step, 3.64224 hours remaining, 163.878662 MB of memory in use.
ENERGY:  120000      8887.8203     44377.1445     30255.1933       560.7953        -606932.8957     24986.5142       323.1311         0.0000    146149.7592        -351392.5378       308.8179   -497542.2969   -351013.4456       309.8859         -14612.3475       -61.6170   2177986.3163        -3.4377        -3.4027

WRITING EXTENDED SYSTEM TO RESTART FILE AT STEP 120000
WRITING COORDINATES TO DCD FILE AT STEP 120000
WRITING COORDINATES TO RESTART FILE AT STEP 120000
FINISHED WRITING RESTART COORDINATES
WRITING VELOCITIES TO RESTART FILE AT STEP 120000
FINISHED WRITING RESTART VELOCITIES
LDB: ============= START OF LOAD BALANCING ============== 12136.4
LDB: ============== END OF LOAD BALANCING =============== 12136.4

LDB: ============= START OF LOAD BALANCING ============== 12146.9
LDB: TIME 12146.9 LOAD: AVG 9.12721 MAX 9.49721  PROXIES: TOTAL 751 MAXPE 33 MAXPATCH 4 None 1.60213
LDB: TIME 12146.9 LOAD: AVG 9.12721 MAX 9.49721  PROXIES: TOTAL 751 MAXPE 33 MAXPATCH 4 RefineTorusLB 1.60213
LDB: ============== END OF LOAD BALANCING =============== 12146.9

LDB: ============= START OF LOAD BALANCING ============== 12540.1
LDB: ============== END OF LOAD BALANCING =============== 12540.1

LDB: ============= START OF LOAD BALANCING ============== 12550.5
LDB: TIME 12550.5 LOAD: AVG 9.1247 MAX 9.46318  PROXIES: TOTAL 751 MAXPE 33 MAXPATCH 4 None 1.60262
LDB: TIME 12550.5 LOAD: AVG 9.1247 MAX 9.46318  PROXIES: TOTAL 751 MAXPE 33 MAXPATCH 4 RefineTorusLB 1.60262
LDB: ============== END OF LOAD BALANCING =============== 12550.5

PRESSURE: 125000 -14422.6 -13.0175 116.531 -38.13 -14465.3 74.7753 48.4095 68.8519 -14471.3
GPRESSURE: 125000 169.045 85.2569 34.7932 38.5293 89.8908 26.6536 12.4539 53.3492 23.9309
PRESSAVG: 125000 20.9653 -28.0723 -5.11286 -17.5763 -19.953 10.6255 -22.987 -17.1725 -0.0678548
GPRESSAVG: 125000 20.8205 -28.0811 -5.10749 -17.4965 -19.7955 10.6958 -23.1659 -17.1018 -0.142588
TIMING: 125000  CPU: 11080.4, 0.088208/step  Wall: 12596, 0.101033/step, 3.5081 hours remaining, 164.319000 MB of memory in use.
ENERGY:  125000      8659.4268     44033.9677     30351.8756       582.6691        -606946.1755     25256.9145       297.8049         0.0000    145951.0493        -351812.4677       308.3980   -497763.5170   -351456.3584       309.6244         -14453.1005        94.2888   2180958.1050         0.3148         0.2941

WRITING EXTENDED SYSTEM TO RESTART FILE AT STEP 125000
WRITING COORDINATES TO DCD FILE AT STEP 125000
WRITING COORDINATES TO RESTART FILE AT STEP 125000
FINISHED WRITING RESTART COORDINATES
WRITING VELOCITIES TO RESTART FILE AT STEP 125000
FINISHED WRITING RESTART VELOCITIES
LDB: ============= START OF LOAD BALANCING ============== 12943
LDB: ============== END OF LOAD BALANCING =============== 12943

LDB: ============= START OF LOAD BALANCING ============== 12953.4
LDB: TIME 12953.4 LOAD: AVG 9.12955 MAX 9.35241  PROXIES: TOTAL 751 MAXPE 33 MAXPATCH 4 None 1.59146
LDB: TIME 12953.4 LOAD: AVG 9.12955 MAX 9.35241  PROXIES: TOTAL 751 MAXPE 33 MAXPATCH 4 RefineTorusLB 1.59146
LDB: ============== END OF LOAD BALANCING =============== 12953.4

PRESSURE: 130000 -14680.5 -55.7456 -3.39772 -59.3497 -14409.3 -80.9691 33.5056 -110.076 -14272.6
GPRESSURE: 130000 -88.1502 -66.7549 -66.0129 -31.077 117.054 -64.4552 -11.7824 -36.2398 272.687
PRESSAVG: 130000 3.33755 -11.2297 -2.57166 -18.8311 0.339606 17.324 -4.76799 4.88496 1.34379
GPRESSAVG: 130000 3.36499 -11.1737 -2.49091 -18.844 0.290386 17.0319 -4.68557 4.91613 1.36319
TIMING: 130000  CPU: 11522.8, 0.0884815/step  Wall: 13099.8, 0.100757/step, 3.35856 hours remaining, 165.601746 MB of memory in use.
ENERGY:  130000      8812.4377     44491.3066     30274.7631       546.1376        -607089.4467     25169.9790       290.7035         0.0000    146482.9695        -351021.1497       309.5220   -497504.1191   -350666.8216       309.6392         -14454.1263       100.5302   2178898.5336         1.6736         1.6729

WRITING EXTENDED SYSTEM TO RESTART FILE AT STEP 130000
WRITING COORDINATES TO DCD FILE AT STEP 130000
WRITING COORDINATES TO RESTART FILE AT STEP 130000
FINISHED WRITING RESTART COORDINATES
WRITING VELOCITIES TO RESTART FILE AT STEP 130000
FINISHED WRITING RESTART VELOCITIES
LDB: ============= START OF LOAD BALANCING ============== 13346.5
LDB: ============== END OF LOAD BALANCING =============== 13346.5

LDB: ============= START OF LOAD BALANCING ============== 13356.9
LDB: TIME 13356.9 LOAD: AVG 9.14659 MAX 9.43005  PROXIES: TOTAL 751 MAXPE 33 MAXPATCH 4 None 1.60718
LDB: TIME 13356.9 LOAD: AVG 9.14659 MAX 9.43005  PROXIES: TOTAL 751 MAXPE 33 MAXPATCH 4 RefineTorusLB 1.60718
LDB: ============== END OF LOAD BALANCING =============== 13356.9

PRESSURE: 135000 -14735.7 -118.298 -1.08228 -104.888 -14478 19.5255 30.6504 -18.4105 -14664.7
GPRESSURE: 135000 -188.684 -80.8273 38.2059 -82.8395 89.7061 40.9302 -19.3061 -62.9641 -76.1097
PRESSAVG: 135000 -5.63033 -10.9882 -8.65197 -3.97629 1.06746 3.14252 -4.14454 -5.98277 -1.68611
GPRESSAVG: 135000 -5.5658 -10.878 -8.65267 -4.09441 1.09276 3.26989 -4.15193 -6.077 -1.67896
TIMING: 135000  CPU: 11967.2, 0.0888787/step  Wall: 13603.8, 0.100791/step, 3.21972 hours remaining, 163.989410 MB of memory in use.
ENERGY:  135000      8676.5193     44264.1263     30256.4841       575.0259        -606633.7454     24691.8888       292.1508         0.0000    146652.3215        -351225.2288       309.8798   -497877.5502   -350852.8820       309.6911         -14626.1576       -58.3624   2177118.8834        -2.0830        -2.0507

WRITING EXTENDED SYSTEM TO RESTART FILE AT STEP 135000
WRITING COORDINATES TO DCD FILE AT STEP 135000
WRITING COORDINATES TO RESTART FILE AT STEP 135000
FINISHED WRITING RESTART COORDINATES
WRITING VELOCITIES TO RESTART FILE AT STEP 135000
FINISHED WRITING RESTART VELOCITIES
LDB: ============= START OF LOAD BALANCING ============== 13768.4
LDB: ============== END OF LOAD BALANCING =============== 13768.4

LDB: ============= START OF LOAD BALANCING ============== 13778.8
LDB: TIME 13778.9 LOAD: AVG 9.1412 MAX 9.4804  PROXIES: TOTAL 751 MAXPE 33 MAXPATCH 4 None 1.60713
LDB: TIME 13778.9 LOAD: AVG 9.1412 MAX 9.4804  PROXIES: TOTAL 751 MAXPE 33 MAXPATCH 4 RefineTorusLB 1.60713
LDB: ============== END OF LOAD BALANCING =============== 13778.9

PRESSURE: 140000 -14591.6 -86.7229 112.484 -73.0924 -14663.8 109.75 87.0882 120.399 -14667.8
GPRESSURE: 140000 12.7908 -53.8378 124.641 -70.01 -71.1126 135.453 72.6007 93.1184 -159.982
PRESSAVG: 140000 3.15037 -0.539634 26.2351 -0.253019 -2.05663 10.6963 28.2658 4.11918 -0.253278
GPRESSAVG: 140000 3.22422 -0.649066 26.2078 -0.193035 -2.09973 10.6598 28.2433 4.30637 -0.202912
TIMING: 140000  CPU: 12413.8, 0.0893136/step  Wall: 14126.7, 0.10459/step, 3.19582 hours remaining, 165.249664 MB of memory in use.
ENERGY:  140000      8744.9513     44653.3759     30422.8488       560.6342        -607325.0448     25143.8097       307.5613         0.0000    145782.7568        -351709.1067       308.0424   -497491.8635   -351360.4691       309.8109         -14641.0783       -72.7678   2180063.7832         0.2802         0.3072

WRITING EXTENDED SYSTEM TO RESTART FILE AT STEP 140000
WRITING COORDINATES TO DCD FILE AT STEP 140000
WRITING COORDINATES TO RESTART FILE AT STEP 140000
FINISHED WRITING RESTART COORDINATES
WRITING VELOCITIES TO RESTART FILE AT STEP 140000
FINISHED WRITING RESTART VELOCITIES
LDB: ============= START OF LOAD BALANCING ============== 14172.4
LDB: ============== END OF LOAD BALANCING =============== 14172.4

LDB: ============= START OF LOAD BALANCING ============== 14182.7
LDB: TIME 14182.7 LOAD: AVG 9.13197 MAX 9.37263  PROXIES: TOTAL 751 MAXPE 33 MAXPATCH 4 None 1.60469
LDB: TIME 14182.7 LOAD: AVG 9.13197 MAX 9.37263  PROXIES: TOTAL 751 MAXPE 33 MAXPATCH 4 RefineTorusLB 1.60469
LDB: ============== END OF LOAD BALANCING =============== 14182.7

LDB: ============= START OF LOAD BALANCING ============== 14576.7
LDB: ============== END OF LOAD BALANCING =============== 14576.7

LDB: ============= START OF LOAD BALANCING ============== 14587.1
LDB: TIME 14587.1 LOAD: AVG 9.1288 MAX 9.44773  PROXIES: TOTAL 751 MAXPE 33 MAXPATCH 4 None 1.6056
LDB: TIME 14587.2 LOAD: AVG 9.1288 MAX 9.44773  PROXIES: TOTAL 751 MAXPE 33 MAXPATCH 4 RefineTorusLB 1.6056
LDB: ============== END OF LOAD BALANCING =============== 14587.2

PRESSURE: 145000 -14520.3 166.16 -2.42179 150.532 -14619.2 136.536 -75.6008 163.1 -14370.9
GPRESSURE: 145000 77.1175 155.266 9.70949 69.5769 35.6663 73.4917 -62.3496 152.177 71.4078
PRESSAVG: 145000 -7.31347 -11.1522 4.30345 -6.93176 8.15665 18.6001 -3.33367 21.7364 6.19701
GPRESSAVG: 145000 -7.3727 -11.0443 4.36344 -7.12612 8.05546 18.6563 -3.46415 21.4878 6.1879
TIMING: 145000  CPU: 12857.4, 0.0887357/step  Wall: 14632.8, 0.101216/step, 2.95213 hours remaining, 164.813843 MB of memory in use.
ENERGY:  145000      8814.8174     44460.8408     30443.9203       582.9443        -606753.4043     24720.4517       302.9419         0.0000    146286.8947        -351140.5933       309.1076   -497427.4879   -350798.5001       310.0178         -14503.4593        61.3972   2177883.0565         2.3467         2.2902

WRITING EXTENDED SYSTEM TO RESTART FILE AT STEP 145000
WRITING COORDINATES TO DCD FILE AT STEP 145000
WRITING COORDINATES TO RESTART FILE AT STEP 145000
FINISHED WRITING RESTART COORDINATES
WRITING VELOCITIES TO RESTART FILE AT STEP 145000
FINISHED WRITING RESTART VELOCITIES
LDB: ============= START OF LOAD BALANCING ============== 14980.7
LDB: ============== END OF LOAD BALANCING =============== 14980.7

LDB: ============= START OF LOAD BALANCING ============== 14991.1
LDB: TIME 14991.1 LOAD: AVG 9.13459 MAX 9.43954  PROXIES: TOTAL 751 MAXPE 33 MAXPATCH 4 None 1.60576
LDB: TIME 14991.1 LOAD: AVG 9.13459 MAX 9.43954  PROXIES: TOTAL 751 MAXPE 33 MAXPATCH 4 RefineTorusLB 1.60576
LDB: ============== END OF LOAD BALANCING =============== 14991.1

WRITING COORDINATES TO DCD FILE AT STEP 150000
WRITING COORDINATES TO RESTART FILE AT STEP 150000
FINISHED WRITING RESTART COORDINATES
PRESSURE: 150000 -14517.5 -210.539 -8.22187 -223.123 -14593.6 28.5506 -41.4935 -15.5037 -14369.1
GPRESSURE: 150000 65.2646 -96.4551 -50.3448 -158.932 45.7807 -20.8745 -25.5713 -79.0881 156.022
PRESSAVG: 150000 5.2253 -7.92193 31.9543 2.24973 0.555978 19.2137 5.19596 24.9912 -2.27903
GPRESSAVG: 150000 5.28872 -7.93197 32.142 2.33213 0.489216 19.3145 5.22259 25.1899 -2.19803
TIMING: 150000  CPU: 13304.1, 0.0893268/step  Wall: 15137.2, 0.100881/step, 2.80225 hours remaining, 163.873535 MB of memory in use.
ETITLE:      TS           BOND          ANGLE          DIHED          IMPRP               ELECT            VDW       BOUNDARY           MISC        KINETIC               TOTAL           TEMP      POTENTIAL         TOTAL3        TEMPAVG            PRESSURE      GPRESSURE         VOLUME       PRESSAVG      GPRESSAVG

ENERGY:  150000      8860.1637     44195.7374     30262.3094       592.4506        -607125.3149     24863.2518       305.7849         0.0000    146489.8271        -351555.7900       309.5365   -498045.6171   -351209.5434       309.6679         -14493.3954        89.0226   2175359.6664         1.1674         1.1933

WRITING EXTENDED SYSTEM TO RESTART FILE AT STEP 150000
WRITING VELOCITIES TO RESTART FILE AT STEP 150000
FINISHED WRITING RESTART VELOCITIES
LDB: ============= START OF LOAD BALANCING ============== 15383.9
LDB: ============== END OF LOAD BALANCING =============== 15383.9

LDB: ============= START OF LOAD BALANCING ============== 15394.4
LDB: TIME 15394.4 LOAD: AVG 9.15246 MAX 9.58303  PROXIES: TOTAL 751 MAXPE 33 MAXPATCH 4 None 1.61075
LDB: TIME 15394.5 LOAD: AVG 9.15246 MAX 9.58303  PROXIES: TOTAL 751 MAXPE 33 MAXPATCH 4 RefineTorusLB 1.61075
LDB: ============== END OF LOAD BALANCING =============== 15394.5

PRESSURE: 155000 -14531.7 -64.9612 -35.2659 -93.6389 -14636.7 -35.2808 -17.8642 -60.8376 -14495.7
GPRESSURE: 155000 52.0832 -53.9434 -55.5823 -113.416 -70.3072 -53.514 -96.2325 -29.628 48.4105
PRESSAVG: 155000 -10.8171 2.64316 27.9492 -18.2493 10.8268 4.71445 25.2559 1.49839 5.16085
GPRESSAVG: 155000 -10.9044 2.35716 27.7501 -18.1232 10.8981 4.51734 25.1802 1.49839 5.12929
TIMING: 155000  CPU: 13749.3, 0.0890489/step  Wall: 15641.6, 0.100884/step, 2.66222 hours remaining, 165.894714 MB of memory in use.
ENERGY:  155000      8781.1206     44285.5975     30393.6098       577.8797        -607071.3124     24763.4632       307.2918         0.0000    146487.6070        -351474.7428       309.5318   -497962.3498   -351123.6630       309.8671         -14554.7059        10.0621   2178610.9799         1.7235         1.7077

WRITING EXTENDED SYSTEM TO RESTART FILE AT STEP 155000
WRITING COORDINATES TO DCD FILE AT STEP 155000
WRITING COORDINATES TO RESTART FILE AT STEP 155000
FINISHED WRITING RESTART COORDINATES
WRITING VELOCITIES TO RESTART FILE AT STEP 155000
FINISHED WRITING RESTART VELOCITIES
LDB: ============= START OF LOAD BALANCING ============== 15788.6
LDB: ============== END OF LOAD BALANCING =============== 15788.6

LDB: ============= START OF LOAD BALANCING ============== 15798.9
LDB: TIME 15798.9 LOAD: AVG 9.1356 MAX 9.46054  PROXIES: TOTAL 751 MAXPE 33 MAXPATCH 4 None 1.60866
LDB: TIME 15798.9 LOAD: AVG 9.1356 MAX 9.46054  PROXIES: TOTAL 751 MAXPE 33 MAXPATCH 4 RefineTorusLB 1.60866
LDB: ============== END OF LOAD BALANCING =============== 15798.9

PRESSURE: 160000 -14633.6 31.3912 -34.7049 -7.18519 -14471.9 69.0841 -73.4228 80.8558 -14567.7
GPRESSURE: 160000 -0.353168 24.3792 -48.3154 -13.1453 48.8453 39.567 -101.183 52.6948 -16.5382
PRESSAVG: 160000 10.8378 -7.45569 -4.71896 -12.7315 -13.1938 12.1332 1.2848 1.16834 2.68784
GPRESSAVG: 160000 10.8587 -7.26669 -4.67377 -12.8225 -13.1837 12.3136 1.33316 1.05037 2.76472
TIMING: 160000  CPU: 14195.3, 0.0891932/step  Wall: 16146.5, 0.100977/step, 2.52442 hours remaining, 164.927338 MB of memory in use.
ENERGY:  160000      8895.4956     44384.2353     30310.5936       545.1996        -607442.2090     25319.9793       304.1829         0.0000    145904.7853        -351777.7374       308.3002   -497682.5227   -351441.6579       309.4016         -14557.7377        10.6513   2181047.6262         0.1106         0.1466

WRITING EXTENDED SYSTEM TO RESTART FILE AT STEP 160000
WRITING COORDINATES TO DCD FILE AT STEP 160000
WRITING COORDINATES TO RESTART FILE AT STEP 160000
FINISHED WRITING RESTART COORDINATES
WRITING VELOCITIES TO RESTART FILE AT STEP 160000
FINISHED WRITING RESTART VELOCITIES
LDB: ============= START OF LOAD BALANCING ============== 16192.3
LDB: ============== END OF LOAD BALANCING =============== 16192.3

LDB: ============= START OF LOAD BALANCING ============== 16202.4
LDB: TIME 16202.4 LOAD: AVG 9.1016 MAX 9.35209  PROXIES: TOTAL 751 MAXPE 33 MAXPATCH 4 None 1.59774
LDB: TIME 16202.4 LOAD: AVG 9.1016 MAX 9.35209  PROXIES: TOTAL 751 MAXPE 33 MAXPATCH 4 RefineTorusLB 1.59774
LDB: ============== END OF LOAD BALANCING =============== 16202.4

LDB: ============= START OF LOAD BALANCING ============== 16594.6
LDB: ============== END OF LOAD BALANCING =============== 16594.6

LDB: ============= START OF LOAD BALANCING ============== 16604.9
LDB: TIME 16605 LOAD: AVG 9.12893 MAX 9.3301  PROXIES: TOTAL 751 MAXPE 33 MAXPATCH 4 None 1.60833
LDB: TIME 16605 LOAD: AVG 9.12893 MAX 9.3301  PROXIES: TOTAL 751 MAXPE 33 MAXPATCH 4 RefineTorusLB 1.60833
LDB: ============== END OF LOAD BALANCING =============== 16605

PRESSURE: 165000 -14534.5 54.9484 -133.152 56.591 -14714.2 -54.846 -139.198 -19.9226 -14418.7
GPRESSURE: 165000 85.5734 15.1779 -117.028 65.5032 -47.9284 -42.8881 -110.76 -50.2114 67.8802
PRESSAVG: 165000 18.4364 -16.8052 -4.41362 -23.7511 -13.9193 20.4979 2.37339 28.4918 3.73121
GPRESSAVG: 165000 18.4953 -16.8911 -4.33891 -23.8096 -13.9428 20.6317 2.52214 28.4647 3.7654
TIMING: 165000  CPU: 14639.7, 0.0888789/step  Wall: 16650.1, 0.100724/step, 2.3782 hours remaining, 167.744202 MB of memory in use.
ENERGY:  165000      8771.2196     44422.3358     30283.3390       595.8067        -607385.2012     24788.0919       292.4638         0.0000    146255.4680        -351976.4765       309.0412   -498231.9445   -351602.8375       309.6854         -14555.8011        35.1751   2174559.4358         2.7494         2.7726

WRITING EXTENDED SYSTEM TO RESTART FILE AT STEP 165000
WRITING COORDINATES TO DCD FILE AT STEP 165000
WRITING COORDINATES TO RESTART FILE AT STEP 165000
FINISHED WRITING RESTART COORDINATES
WRITING VELOCITIES TO RESTART FILE AT STEP 165000
FINISHED WRITING RESTART VELOCITIES
LDB: ============= START OF LOAD BALANCING ============== 17000.2
LDB: ============== END OF LOAD BALANCING =============== 17000.2

LDB: ============= START OF LOAD BALANCING ============== 17010.5
LDB: TIME 17010.5 LOAD: AVG 9.12633 MAX 9.33019  PROXIES: TOTAL 751 MAXPE 33 MAXPATCH 4 None 1.59722
LDB: TIME 17010.6 LOAD: AVG 9.12633 MAX 9.33019  PROXIES: TOTAL 751 MAXPE 33 MAXPATCH 4 RefineTorusLB 1.59722
LDB: ============== END OF LOAD BALANCING =============== 17010.6

PRESSURE: 170000 -14416.4 -115.995 15.5351 -87.1524 -14345.1 65.7988 41.1097 49.1959 -14464.3
GPRESSURE: 170000 261.515 -50.5394 77.5771 -29.4919 281.609 47.4465 114.233 -8.55923 -97.7167
PRESSAVG: 170000 11.961 13.7905 6.89044 3.36698 -4.52498 0.532777 24.2829 -3.38693 -0.178202
GPRESSAVG: 170000 11.8195 13.7772 6.80855 3.40902 -4.4979 0.317191 24.2014 -3.35472 -0.36725
TIMING: 170000  CPU: 15084.5, 0.0889563/step  Wall: 17158, 0.101573/step, 2.25717 hours remaining, 165.629883 MB of memory in use.
ENERGY:  170000      8953.1382     44464.4570     30451.6602       550.4321        -607209.5231     25300.3428       308.4741         0.0000    146085.7935        -351095.2250       308.6827   -497181.0186   -350718.3768       309.7537         -14408.6107       148.4690   2177180.7097         2.4193         2.3181

WRITING EXTENDED SYSTEM TO RESTART FILE AT STEP 170000
WRITING COORDINATES TO DCD FILE AT STEP 170000
WRITING COORDINATES TO RESTART FILE AT STEP 170000
FINISHED WRITING RESTART COORDINATES
WRITING VELOCITIES TO RESTART FILE AT STEP 170000
FINISHED WRITING RESTART VELOCITIES
LDB: ============= START OF LOAD BALANCING ============== 17405.8
LDB: ============== END OF LOAD BALANCING =============== 17405.8

LDB: ============= START OF LOAD BALANCING ============== 17416
LDB: TIME 17416 LOAD: AVG 9.13071 MAX 9.35934  PROXIES: TOTAL 751 MAXPE 33 MAXPATCH 4 None 1.6034
LDB: TIME 17416 LOAD: AVG 9.13071 MAX 9.35934  PROXIES: TOTAL 751 MAXPE 33 MAXPATCH 4 RefineTorusLB 1.6034
LDB: ============== END OF LOAD BALANCING =============== 17416

WRITING COORDINATES TO DCD FILE AT STEP 175000
WRITING COORDINATES TO RESTART FILE AT STEP 175000
FINISHED WRITING RESTART COORDINATES
PRESSURE: 175000 -14624.2 59.0729 -74.8462 38.1167 -14510.6 -206.656 -64.814 -178.252 -14660.4
GPRESSURE: 175000 -87.0013 83.4633 -73.5844 -46.0328 38.1508 -219.163 -101.638 -149.161 -116.897
PRESSAVG: 175000 -3.11168 -13.4104 -11.2872 -10.9885 5.28621 3.0346 -5.15486 17.1023 -1.11509
GPRESSAVG: 175000 -3.19459 -13.5969 -11.2623 -11.0857 5.35508 3.14807 -5.19596 17.1182 -1.1369
TIMING: 175000  CPU: 15527.5, 0.0886097/step  Wall: 17663.1, 0.101031/step, 2.10482 hours remaining, 164.110657 MB of memory in use.
ENERGY:  175000      8795.7391     44288.7168     30295.8687       557.6181        -606477.4901     24681.3410       311.4327         0.0000    146503.4418        -351043.3319       309.5652   -497546.7736   -350664.9627       309.9392         -14598.4042       -55.2490   2177510.2498         0.3532         0.3412

WRITING EXTENDED SYSTEM TO RESTART FILE AT STEP 175000
WRITING VELOCITIES TO RESTART FILE AT STEP 175000
FINISHED WRITING RESTART VELOCITIES
LDB: ============= START OF LOAD BALANCING ============== 17809.3
LDB: ============== END OF LOAD BALANCING =============== 17809.3

LDB: ============= START OF LOAD BALANCING ============== 17819.6
LDB: TIME 17819.6 LOAD: AVG 9.13758 MAX 9.41331  PROXIES: TOTAL 751 MAXPE 33 MAXPATCH 4 None 1.60414
LDB: TIME 17819.6 LOAD: AVG 9.13758 MAX 9.41331  PROXIES: TOTAL 751 MAXPE 33 MAXPATCH 4 RefineTorusLB 1.60414
LDB: ============== END OF LOAD BALANCING =============== 17819.6

PRESSURE: 180000 -14589.9 -36.8669 6.56528 -7.42427 -14780.8 109.247 50.5673 92.9184 -14237.8
GPRESSURE: 180000 7.57816 -30.5428 31.3518 -35.8603 -143.137 27.0296 55.0401 -5.12202 198.656
PRESSAVG: 180000 9.73654 2.14093 -6.22956 0.101017 -4.93243 -4.12591 -2.37946 4.91371 2.11996
GPRESSAVG: 180000 9.67437 2.10065 -6.09185 0.178159 -4.85274 -4.34063 -2.41042 4.88069 1.98999
TIMING: 180000  CPU: 15972.5, 0.0889911/step  Wall: 18167.7, 0.10091/step, 1.96215 hours remaining, 164.932770 MB of memory in use.
ENERGY:  180000      8738.9258     44423.5714     30256.6836       570.4230        -607127.4375     24675.1857       316.9053         0.0000    146427.9357        -351717.8070       309.4057   -498145.7427   -351379.2171       309.7328         -14536.1463        21.0323   2179054.6495         2.3080         2.2705

WRITING EXTENDED SYSTEM TO RESTART FILE AT STEP 180000
WRITING COORDINATES TO DCD FILE AT STEP 180000
WRITING COORDINATES TO RESTART FILE AT STEP 180000
FINISHED WRITING RESTART COORDINATES
WRITING VELOCITIES TO RESTART FILE AT STEP 180000
FINISHED WRITING RESTART VELOCITIES
LDB: ============= START OF LOAD BALANCING ============== 18213.5
LDB: ============== END OF LOAD BALANCING =============== 18213.5

LDB: ============= START OF LOAD BALANCING ============== 18224
LDB: TIME 18224.1 LOAD: AVG 9.13646 MAX 9.46882  PROXIES: TOTAL 751 MAXPE 33 MAXPATCH 4 None 1.60444
LDB: TIME 18224.1 LOAD: AVG 9.13646 MAX 9.46882  PROXIES: TOTAL 751 MAXPE 33 MAXPATCH 4 RefineTorusLB 1.60444
LDB: ============== END OF LOAD BALANCING =============== 18224.1

LDB: ============= START OF LOAD BALANCING ============== 18616.7
LDB: ============== END OF LOAD BALANCING =============== 18616.7

LDB: ============= START OF LOAD BALANCING ============== 18627
LDB: TIME 18627 LOAD: AVG 9.14413 MAX 9.41303  PROXIES: TOTAL 751 MAXPE 33 MAXPATCH 4 None 1.60432
LDB: TIME 18627 LOAD: AVG 9.14413 MAX 9.41303  PROXIES: TOTAL 751 MAXPE 33 MAXPATCH 4 RefineTorusLB 1.60432
LDB: ============== END OF LOAD BALANCING =============== 18627

PRESSURE: 185000 -14682.2 41.0226 -40.4863 11.7857 -14668.9 47.7078 -14.9092 28.4945 -14314.2
GPRESSURE: 185000 -11.2729 57.6244 -65.6417 9.91639 -50.2679 10.9523 -52.6862 21.3426 146.778
PRESSAVG: 185000 13.2429 -3.40302 -4.89656 -4.02666 -19.3765 2.31764 -11.4359 4.72828 1.5063
GPRESSAVG: 185000 13.1074 -3.48897 -4.90625 -4.01168 -19.3671 2.41445 -11.3765 4.75181 1.4558
TIMING: 185000  CPU: 16415.5, 0.0886013/step  Wall: 18672.5, 0.100952/step, 1.82275 hours remaining, 165.278595 MB of memory in use.
ENERGY:  185000      8778.5025     44393.3395     30367.2000       569.0091        -607410.6661     25197.5849       306.0689         0.0000    145838.7530        -351960.2084       308.1607   -497798.9614   -351614.7278       309.4035         -14555.0808        28.4124   2175560.3253        -1.5424        -1.6013

WRITING EXTENDED SYSTEM TO RESTART FILE AT STEP 185000
WRITING COORDINATES TO DCD FILE AT STEP 185000
WRITING COORDINATES TO RESTART FILE AT STEP 185000
FINISHED WRITING RESTART COORDINATES
WRITING VELOCITIES TO RESTART FILE AT STEP 185000
FINISHED WRITING RESTART VELOCITIES
LDB: ============= START OF LOAD BALANCING ============== 19020
LDB: ============== END OF LOAD BALANCING =============== 19020

LDB: ============= START OF LOAD BALANCING ============== 19030.3
LDB: TIME 19030.3 LOAD: AVG 9.11117 MAX 9.42446  PROXIES: TOTAL 751 MAXPE 33 MAXPATCH 4 None 1.5989
LDB: TIME 19030.3 LOAD: AVG 9.11117 MAX 9.42446  PROXIES: TOTAL 751 MAXPE 33 MAXPATCH 4 RefineTorusLB 1.5989
LDB: ============== END OF LOAD BALANCING =============== 19030.3

PRESSURE: 190000 -14533.7 -159.833 -22.6971 -122.038 -14636.4 57.4591 -32.8789 24.0453 -14566.1
GPRESSURE: 190000 -41.8928 -156.416 -22.7228 -127.97 37.3197 49.0455 -11.0703 -16.5328 -43.5652
PRESSAVG: 190000 3.80763 -8.10002 12.2562 -0.889243 -9.76577 9.51822 2.84399 17.391 2.49774
GPRESSAVG: 190000 3.83276 -8.16644 12.2719 -0.9906 -9.85727 9.55435 2.88504 17.2838 2.33428
TIMING: 190000  CPU: 16858.9, 0.0886835/step  Wall: 19176.1, 0.100726/step, 1.67877 hours remaining, 164.822662 MB of memory in use.
ENERGY:  190000      8906.8521     44319.9448     30368.5412       577.8790        -607582.0336     25400.0477       298.5028         0.0000    146345.2214        -351365.0447       309.2309   -497710.2661   -350999.9176       309.3926         -14578.7062       -16.0461   2180497.4049        -1.1535        -1.2301

WRITING EXTENDED SYSTEM TO RESTART FILE AT STEP 190000
WRITING COORDINATES TO DCD FILE AT STEP 190000
WRITING COORDINATES TO RESTART FILE AT STEP 190000
FINISHED WRITING RESTART COORDINATES
WRITING VELOCITIES TO RESTART FILE AT STEP 190000
FINISHED WRITING RESTART VELOCITIES
LDB: ============= START OF LOAD BALANCING ============== 19422.3
LDB: ============== END OF LOAD BALANCING =============== 19422.3

LDB: ============= START OF LOAD BALANCING ============== 19432.7
LDB: TIME 19432.7 LOAD: AVG 9.12101 MAX 9.35143  PROXIES: TOTAL 751 MAXPE 33 MAXPATCH 4 None 1.58652
LDB: TIME 19432.7 LOAD: AVG 9.12101 MAX 9.35143  PROXIES: TOTAL 751 MAXPE 33 MAXPATCH 4 RefineTorusLB 1.58652
LDB: ============== END OF LOAD BALANCING =============== 19432.7

PRESSURE: 195000 -14631.4 137.847 -25.351 136.482 -14554.6 15.5132 -22.3069 56.481 -14760.4
GPRESSURE: 195000 -48.9275 81.9054 13.7888 98.9934 1.83937 6.19611 -35.075 80.5223 -105.174
PRESSAVG: 195000 10.7075 -13.8467 -25.4348 -2.78773 -1.11458 14.184 -8.8348 18.4105 0.700091
GPRESSAVG: 195000 10.7155 -13.8092 -25.3739 -2.86065 -1.04829 13.9103 -8.7842 18.524 0.547821
TIMING: 195000  CPU: 17302.8, 0.0887727/step  Wall: 19680.2, 0.100817/step, 1.54025 hours remaining, 165.437073 MB of memory in use.
ENERGY:  195000      8848.1903     44158.3613     30361.9462       554.3193        -607637.4320     25087.3037       309.3611         0.0000    146185.3732        -352132.5770       308.8931   -498317.9503   -351761.6131       309.8083         -14648.8282       -50.7542   2175074.4294         3.4310         3.4050

WRITING EXTENDED SYSTEM TO RESTART FILE AT STEP 195000
WRITING COORDINATES TO DCD FILE AT STEP 195000
WRITING COORDINATES TO RESTART FILE AT STEP 195000
FINISHED WRITING RESTART COORDINATES
WRITING VELOCITIES TO RESTART FILE AT STEP 195000
FINISHED WRITING RESTART VELOCITIES
LDB: ============= START OF LOAD BALANCING ============== 19826.7
LDB: ============== END OF LOAD BALANCING =============== 19826.7

LDB: ============= START OF LOAD BALANCING ============== 19837
LDB: TIME 19837 LOAD: AVG 9.1478 MAX 9.47076  PROXIES: TOTAL 751 MAXPE 33 MAXPATCH 4 None 1.603
LDB: TIME 19837 LOAD: AVG 9.1478 MAX 9.47076  PROXIES: TOTAL 751 MAXPE 33 MAXPATCH 4 RefineTorusLB 1.603
LDB: ============== END OF LOAD BALANCING =============== 19837

PRESSURE: 200000 -14618.8 33.0594 -6.77517 59.5278 -14378.3 100.305 -32.4892 91.5303 -14390.9
GPRESSURE: 200000 -79.9875 -21.2948 -8.19546 52.9087 177.357 108.708 -54.6301 103.21 122.719
PRESSAVG: 200000 4.00585 25.3796 -13.1248 23.8877 -7.07296 8.41403 -6.50502 4.49495 7.36164
GPRESSAVG: 200000 3.83147 25.4762 -13.1418 23.8529 -7.11708 8.51317 -6.39625 4.51513 7.47484
TIMING: 200000  CPU: 17747.5, 0.0889403/step  Wall: 20184.1, 0.100795/step, 1.39993 hours remaining, 166.050598 MB of memory in use.
ETITLE:      TS           BOND          ANGLE          DIHED          IMPRP               ELECT            VDW       BOUNDARY           MISC        KINETIC               TOTAL           TEMP      POTENTIAL         TOTAL3        TEMPAVG            PRESSURE      GPRESSURE         VOLUME       PRESSAVG      GPRESSAVG

ENERGY:  200000      8837.8530     44109.5136     30324.8325       560.3556        -606212.8159     24654.1535       311.3170         0.0000    146632.2978        -350782.4930       309.8375   -497414.7908   -350445.3277       309.9496         -14462.6455        73.3629   2177700.2994         1.4315         1.3964

WRITING EXTENDED SYSTEM TO RESTART FILE AT STEP 200000
WRITING COORDINATES TO DCD FILE AT STEP 200000
WRITING COORDINATES TO RESTART FILE AT STEP 200000
FINISHED WRITING RESTART COORDINATES
WRITING VELOCITIES TO RESTART FILE AT STEP 200000
FINISHED WRITING RESTART VELOCITIES
LDB: ============= START OF LOAD BALANCING ============== 20229.8
LDB: ============== END OF LOAD BALANCING =============== 20229.8

LDB: ============= START OF LOAD BALANCING ============== 20240.2
LDB: TIME 20240.2 LOAD: AVG 9.12373 MAX 9.43227  PROXIES: TOTAL 751 MAXPE 33 MAXPATCH 4 None 1.603
LDB: TIME 20240.3 LOAD: AVG 9.12373 MAX 9.43227  PROXIES: TOTAL 751 MAXPE 33 MAXPATCH 4 RefineTorusLB 1.603
LDB: ============== END OF LOAD BALANCING =============== 20240.3

LDB: ============= START OF LOAD BALANCING ============== 20633.5
LDB: ============== END OF LOAD BALANCING =============== 20633.5

LDB: ============= START OF LOAD BALANCING ============== 20643.9
LDB: TIME 20643.9 LOAD: AVG 9.13366 MAX 9.40197  PROXIES: TOTAL 751 MAXPE 33 MAXPATCH 4 None 1.60278
LDB: TIME 20643.9 LOAD: AVG 9.13366 MAX 9.40197  PROXIES: TOTAL 751 MAXPE 33 MAXPATCH 4 RefineTorusLB 1.60278
LDB: ============== END OF LOAD BALANCING =============== 20643.9

PRESSURE: 205000 -14621.2 92.588 33.4195 112.55 -14585.3 -39.4982 64.9023 8.59988 -14451.9
GPRESSURE: 205000 -35.3861 53.2306 -34.0058 -7.45039 28.0306 -71.5226 4.33112 44.1316 62.5436
PRESSAVG: 205000 20.6813 -4.10559 4.09071 -3.77006 -4.55387 -7.90077 -4.44267 -6.2346 3.6938
GPRESSAVG: 205000 20.7167 -4.19149 4.10904 -3.79753 -4.49272 -7.84481 -4.52001 -6.30513 3.62828
TIMING: 205000  CPU: 18190.8, 0.0886763/step  Wall: 20689.3, 0.10103/step, 1.26287 hours remaining, 164.846436 MB of memory in use.
ENERGY:  205000      8812.5500     44340.6489     30233.1336       559.9197        -606927.1504     24461.6139       296.3511         0.0000    146147.1404        -352075.7926       308.8123   -498222.9330   -351733.2292       309.6921         -14552.7724        18.3960   2174647.7500         6.6071         6.6174

WRITING EXTENDED SYSTEM TO RESTART FILE AT STEP 205000
WRITING COORDINATES TO DCD FILE AT STEP 205000
WRITING COORDINATES TO RESTART FILE AT STEP 205000
FINISHED WRITING RESTART COORDINATES
WRITING VELOCITIES TO RESTART FILE AT STEP 205000
FINISHED WRITING RESTART VELOCITIES
LDB: ============= START OF LOAD BALANCING ============== 21038.1
LDB: ============== END OF LOAD BALANCING =============== 21038.1

LDB: ============= START OF LOAD BALANCING ============== 21048.6
LDB: TIME 21048.6 LOAD: AVG 9.13502 MAX 9.41411  PROXIES: TOTAL 751 MAXPE 33 MAXPATCH 4 None 1.59495
LDB: TIME 21048.6 LOAD: AVG 9.13502 MAX 9.41411  PROXIES: TOTAL 751 MAXPE 33 MAXPATCH 4 RefineTorusLB 1.59495
LDB: ============== END OF LOAD BALANCING =============== 21048.6

PRESSURE: 210000 -14698.4 -68.1511 8.25877 -33.2256 -14654.3 -3.618 -23.8998 -22.9058 -14637.1
GPRESSURE: 210000 -55.2457 -38.7896 -28.0176 10.9782 -160.725 12.6072 -51.636 44.5454 -89.4048
PRESSAVG: 210000 7.37028 1.79026 -16.2895 -9.45599 -8.39597 -8.26925 3.71427 21.3222 5.11969
GPRESSAVG: 210000 7.38964 1.90641 -16.2949 -9.43192 -8.57501 -8.35229 3.50739 21.3482 5.22643
TIMING: 210000  CPU: 18637.2, 0.0892826/step  Wall: 21196.2, 0.101385/step, 1.1265 hours remaining, 165.389709 MB of memory in use.
ENERGY:  210000      8809.1163     44336.8953     30468.3129       572.2792        -607422.8996     24672.1064       309.1077         0.0000    146822.5502        -351432.5316       310.2395   -498255.0819   -351078.5780       309.8071         -14663.2544      -101.7917   2180640.7219         1.3647         1.3470

WRITING EXTENDED SYSTEM TO RESTART FILE AT STEP 210000
WRITING COORDINATES TO DCD FILE AT STEP 210000
WRITING COORDINATES TO RESTART FILE AT STEP 210000
FINISHED WRITING RESTART COORDINATES
WRITING VELOCITIES TO RESTART FILE AT STEP 210000
FINISHED WRITING RESTART VELOCITIES
LDB: ============= START OF LOAD BALANCING ============== 21443.3
LDB: ============== END OF LOAD BALANCING =============== 21443.3

LDB: ============= START OF LOAD BALANCING ============== 21453.8
LDB: TIME 21453.8 LOAD: AVG 9.13479 MAX 9.37284  PROXIES: TOTAL 751 MAXPE 33 MAXPATCH 4 None 1.6036
LDB: TIME 21453.8 LOAD: AVG 9.13479 MAX 9.37284  PROXIES: TOTAL 751 MAXPE 33 MAXPATCH 4 RefineTorusLB 1.6036
LDB: ============== END OF LOAD BALANCING =============== 21453.8

PRESSURE: 215000 -14512.8 -63.0447 110.104 -98.8931 -14346.2 -9.49005 92.0224 -23.9165 -14461.1
GPRESSURE: 215000 70.9203 -59.6598 76.2994 -96.35 274.087 1.83992 29.4794 -17.6629 97.301
PRESSAVG: 215000 6.47318 -12.818 -13.8147 -9.30492 -9.16966 -1.45717 -22.3714 11.4147 -1.01231
GPRESSAVG: 215000 6.33263 -12.8171 -13.7239 -9.38824 -9.14334 -1.34807 -22.2738 11.2886 -1.01389
TIMING: 215000  CPU: 19079.9, 0.0885337/step  Wall: 21700.6, 0.100881/step, 0.98079 hours remaining, 166.906921 MB of memory in use.
ENERGY:  215000      8878.6249     44133.4645     30388.3946       559.4647        -608061.5967     25535.3673       293.0234         0.0000    146188.4424        -352084.8149       308.8996   -498273.2573   -351727.8483       309.7683         -14440.0357       147.4362   2176995.6426        -1.2363        -1.2749

WRITING EXTENDED SYSTEM TO RESTART FILE AT STEP 215000
WRITING COORDINATES TO DCD FILE AT STEP 215000
WRITING COORDINATES TO RESTART FILE AT STEP 215000
FINISHED WRITING RESTART COORDINATES
WRITING VELOCITIES TO RESTART FILE AT STEP 215000
FINISHED WRITING RESTART VELOCITIES
LDB: ============= START OF LOAD BALANCING ============== 21847.4
LDB: ============== END OF LOAD BALANCING =============== 21847.4

LDB: ============= START OF LOAD BALANCING ============== 21857.8
LDB: TIME 21857.9 LOAD: AVG 9.12435 MAX 9.33227  PROXIES: TOTAL 751 MAXPE 33 MAXPATCH 4 None 1.59757
LDB: TIME 21857.9 LOAD: AVG 9.12435 MAX 9.33227  PROXIES: TOTAL 751 MAXPE 33 MAXPATCH 4 RefineTorusLB 1.59757
LDB: ============== END OF LOAD BALANCING =============== 21857.9

PRESSURE: 220000 -14655.8 4.74735 -23.1819 42.6634 -14668.3 -33.4041 27.8912 -22.9113 -14440.9
GPRESSURE: 220000 -71.735 28.7777 6.51272 20.5968 -45.6483 -57.0035 143.709 -70.5494 59.6532
PRESSAVG: 220000 5.38358 -17.1376 3.24387 -2.45637 -2.60001 7.52403 -6.15901 12.9644 -4.38746
GPRESSAVG: 220000 5.42112 -17.2585 3.21241 -2.49061 -2.65949 7.32386 -6.15237 12.9172 -4.43255
TIMING: 220000  CPU: 19525.5, 0.0891225/step  Wall: 22206.8, 0.101239/step, 0.84366 hours remaining, 164.481110 MB of memory in use.
ENERGY:  220000      8837.4623     44400.4518     30466.8714       576.7223        -607055.0510     25055.7526       307.6711         0.0000    146284.8710        -351125.2486       309.1034   -497410.1196   -350786.5498       309.7427         -14588.3314       -19.2434   2176179.6240        -0.5346        -0.5570

WRITING EXTENDED SYSTEM TO RESTART FILE AT STEP 220000
WRITING COORDINATES TO DCD FILE AT STEP 220000
WRITING COORDINATES TO RESTART FILE AT STEP 220000
FINISHED WRITING RESTART COORDINATES
WRITING VELOCITIES TO RESTART FILE AT STEP 220000
FINISHED WRITING RESTART VELOCITIES
LDB: ============= START OF LOAD BALANCING ============== 22252.5
LDB: ============== END OF LOAD BALANCING =============== 22252.5

LDB: ============= START OF LOAD BALANCING ============== 22262.8
LDB: TIME 22262.8 LOAD: AVG 9.10013 MAX 9.33769  PROXIES: TOTAL 751 MAXPE 33 MAXPATCH 4 None 1.58623
LDB: TIME 22262.9 LOAD: AVG 9.10013 MAX 9.33769  PROXIES: TOTAL 751 MAXPE 33 MAXPATCH 4 RefineTorusLB 1.58623
LDB: ============== END OF LOAD BALANCING =============== 22262.9

LDB: ============= START OF LOAD BALANCING ============== 22655.9
LDB: ============== END OF LOAD BALANCING =============== 22655.9

LDB: ============= START OF LOAD BALANCING ============== 22666.2
LDB: TIME 22666.2 LOAD: AVG 9.11679 MAX 9.32514  PROXIES: TOTAL 751 MAXPE 33 MAXPATCH 4 None 1.59872
LDB: TIME 22666.2 LOAD: AVG 9.11679 MAX 9.32514  PROXIES: TOTAL 751 MAXPE 33 MAXPATCH 4 RefineTorusLB 1.59872
LDB: ============== END OF LOAD BALANCING =============== 22666.2

PRESSURE: 225000 -14739.2 70.4653 -81.5601 66.2503 -14594.2 70.7302 -22.7548 98.8261 -14657.8
GPRESSURE: 225000 -122.303 77.8526 0.732612 41.7914 -98.4434 11.9048 15.8514 57.3898 -131.995
PRESSAVG: 225000 25.487 -11.4368 -6.2177 -12.0563 -17.4903 -0.303337 -6.01726 5.90045 2.37869
GPRESSAVG: 225000 25.5707 -11.4076 -6.19255 -12.1816 -17.6274 -0.280431 -6.0005 6.09666 2.31848
TIMING: 225000  CPU: 19968.3, 0.0885455/step  Wall: 22711.6, 0.100947/step, 0.701021 hours remaining, 164.800354 MB of memory in use.
ENERGY:  225000      8783.2613     44478.5031     30337.3273       590.0900        -607372.1537     24829.0367       294.0646         0.0000    146313.2459        -351746.6248       309.1633   -498059.8707   -351399.7011       310.0239         -14663.7328      -117.5805   2180308.3558         3.4585         3.4206

WRITING EXTENDED SYSTEM TO RESTART FILE AT STEP 225000
WRITING COORDINATES TO DCD FILE AT STEP 225000
WRITING COORDINATES TO RESTART FILE AT STEP 225000
FINISHED WRITING RESTART COORDINATES
WRITING VELOCITIES TO RESTART FILE AT STEP 225000
FINISHED WRITING RESTART VELOCITIES
LDB: ============= START OF LOAD BALANCING ============== 23060.9
LDB: ============== END OF LOAD BALANCING =============== 23060.9

LDB: ============= START OF LOAD BALANCING ============== 23071.3
LDB: TIME 23071.3 LOAD: AVG 9.16874 MAX 9.49264  PROXIES: TOTAL 751 MAXPE 33 MAXPATCH 4 None 1.62397
LDB: TIME 23071.3 LOAD: AVG 9.16874 MAX 9.49264  PROXIES: TOTAL 751 MAXPE 33 MAXPATCH 4 RefineTorusLB 1.62397
LDB: ============== END OF LOAD BALANCING =============== 23071.3

PRESSURE: 230000 -14553.3 -34.5277 16.4062 -36.0979 -14703.4 -91.3013 -39.7944 -68.11 -14885.2
GPRESSURE: 230000 -87.2207 14.7336 45.3321 -35.2847 -120.119 -9.11825 31.7413 -46.6642 -363.326
PRESSAVG: 230000 15.6509 10.9072 -0.114441 4.87972 -22.2474 2.28447 7.10626 20.1683 -2.01608
GPRESSAVG: 230000 15.6563 10.9305 -0.0185309 4.85736 -22.2048 2.2819 7.13859 20.079 -2.04981
TIMING: 230000  CPU: 20413.8, 0.0891089/step  Wall: 23217.8, 0.101257/step, 0.562539 hours remaining, 163.714905 MB of memory in use.
ENERGY:  230000      8724.5859     44222.9862     30319.1175       545.2597        -605800.4873     23984.8891       294.1929         0.0000    145825.8496        -351883.6063       308.1335   -497709.4560   -351524.2367       309.7038         -14713.9727      -190.2221   2177351.2917        -2.8709        -2.8661

WRITING EXTENDED SYSTEM TO RESTART FILE AT STEP 230000
WRITING COORDINATES TO DCD FILE AT STEP 230000
WRITING COORDINATES TO RESTART FILE AT STEP 230000
FINISHED WRITING RESTART COORDINATES
WRITING VELOCITIES TO RESTART FILE AT STEP 230000
FINISHED WRITING RESTART VELOCITIES
LDB: ============= START OF LOAD BALANCING ============== 23465
LDB: ============== END OF LOAD BALANCING =============== 23465

LDB: ============= START OF LOAD BALANCING ============== 23475.4
LDB: TIME 23475.4 LOAD: AVG 9.15165 MAX 9.48952  PROXIES: TOTAL 751 MAXPE 33 MAXPATCH 4 None 1.61312
LDB: TIME 23475.4 LOAD: AVG 9.15165 MAX 9.48952  PROXIES: TOTAL 751 MAXPE 33 MAXPATCH 4 RefineTorusLB 1.61312
LDB: ============== END OF LOAD BALANCING =============== 23475.4

WRITING COORDINATES TO DCD FILE AT STEP 235000
WRITING COORDINATES TO RESTART FILE AT STEP 235000
FINISHED WRITING RESTART COORDINATES
PRESSURE: 235000 -14590.4 42.8395 110.683 39.0033 -14813 46.5644 90.3257 -8.82572 -14312.8
GPRESSURE: 235000 34.3564 44.479 113.062 35.6374 -249.249 -112.943 109.68 -33.1606 161.679
PRESSAVG: 235000 22.7639 -9.34725 -17.4656 -3.14929 -7.71395 20.5139 -13.9343 10.6057 1.59628
GPRESSAVG: 235000 22.7703 -9.3628 -17.298 -3.04834 -7.59147 20.4868 -13.9882 10.6297 1.53485
TIMING: 235000  CPU: 20858, 0.0888451/step  Wall: 23722.9, 0.101019/step, 0.420911 hours remaining, 165.094177 MB of memory in use.
ENERGY:  235000      8787.4951     44305.9483     30304.5018       566.8858        -607056.9780     24795.0948       296.1917         0.0000    146523.3407        -351477.5199       309.6073   -498000.8605   -351107.0963       309.6367         -14572.0508       -17.7379   2178641.5010         5.5487         5.5712

WRITING EXTENDED SYSTEM TO RESTART FILE AT STEP 235000
WRITING VELOCITIES TO RESTART FILE AT STEP 235000
FINISHED WRITING RESTART VELOCITIES
LDB: ============= START OF LOAD BALANCING ============== 23869.7
LDB: ============== END OF LOAD BALANCING =============== 23869.7

LDB: ============= START OF LOAD BALANCING ============== 23880.1
LDB: TIME 23880.1 LOAD: AVG 9.11532 MAX 9.39858  PROXIES: TOTAL 751 MAXPE 33 MAXPATCH 4 None 1.59911
LDB: TIME 23880.2 LOAD: AVG 9.11532 MAX 9.39858  PROXIES: TOTAL 751 MAXPE 33 MAXPATCH 4 RefineTorusLB 1.59911
LDB: ============== END OF LOAD BALANCING =============== 23880.2

WRITING COORDINATES TO DCD FILE AT STEP 240000
WRITING COORDINATES TO RESTART FILE AT STEP 240000
FINISHED WRITING RESTART COORDINATES
PRESSURE: 240000 -14516.1 -3.98057 16.1847 -26.0297 -14462.4 -32.1963 -12.4153 -95.8339 -14081.2
GPRESSURE: 240000 157.101 70.3201 7.77312 71.251 110.783 5.4725 -20.9855 -111.808 379.882
PRESSAVG: 240000 8.73473 -0.317392 -5.9664 10.6487 -8.39458 2.65975 -3.82902 -2.51705 0.926247
GPRESSAVG: 240000 8.56246 -0.320098 -6.02821 10.6484 -8.43899 2.70322 -3.89078 -2.36792 1.05163
TIMING: 240000  CPU: 21302.7, 0.0889339/step  Wall: 24229.6, 0.101332/step, 0.281478 hours remaining, 164.099121 MB of memory in use.
ENERGY:  240000      8755.0277     44362.3311     30322.4363       560.8371        -607059.2364     25362.1054       287.1866         0.0000    145998.5044        -351410.8079       308.4983   -497409.3122   -351066.7207       309.7722         -14353.2251       215.9219   2176566.5102         0.4221         0.3917

WRITING EXTENDED SYSTEM TO RESTART FILE AT STEP 240000
WRITING VELOCITIES TO RESTART FILE AT STEP 240000
FINISHED WRITING RESTART VELOCITIES
LDB: ============= START OF LOAD BALANCING ============== 24275.6
LDB: ============== END OF LOAD BALANCING =============== 24275.6

LDB: ============= START OF LOAD BALANCING ============== 24286
LDB: TIME 24286 LOAD: AVG 9.11566 MAX 9.38609  PROXIES: TOTAL 751 MAXPE 33 MAXPATCH 4 None 1.59604
LDB: TIME 24286 LOAD: AVG 9.11566 MAX 9.38609  PROXIES: TOTAL 751 MAXPE 33 MAXPATCH 4 RefineTorusLB 1.59604
LDB: ============== END OF LOAD BALANCING =============== 24286

LDB: ============= START OF LOAD BALANCING ============== 24679.6
LDB: ============== END OF LOAD BALANCING =============== 24679.6

LDB: ============= START OF LOAD BALANCING ============== 24689.9
LDB: TIME 24689.9 LOAD: AVG 9.13006 MAX 9.48344  PROXIES: TOTAL 751 MAXPE 33 MAXPATCH 4 None 1.59965
LDB: TIME 24690 LOAD: AVG 9.13006 MAX 9.48344  PROXIES: TOTAL 751 MAXPE 33 MAXPATCH 4 RefineTorusLB 1.59965
LDB: ============== END OF LOAD BALANCING =============== 24690

PRESSURE: 245000 -14599 3.74012 98.7259 58.4834 -14610.1 44.4375 122.927 67.6531 -14709.2
GPRESSURE: 245000 -88.4652 7.55076 98.794 1.24549 42.4866 136.268 158.058 174.029 -174.324
PRESSAVG: 245000 20.9944 0.905696 0.692058 -6.62625 -28.8701 4.96943 -3.35337 -2.30687 -0.451668
GPRESSAVG: 245000 20.9383 0.792619 0.560299 -6.69111 -28.8294 5.01306 -3.13254 -2.44598 -0.424193
TIMING: 245000  CPU: 21744.9, 0.0884472/step  Wall: 24735.5, 0.101192/step, 0.140544 hours remaining, 164.342285 MB of memory in use.
ENERGY:  245000      8901.5404     44269.7114     30275.0783       569.1517        -607423.7326     25031.9791       291.1983         0.0000    146285.2668        -351799.8065       309.1042   -498085.0734   -351424.2714       310.0248         -14639.4171       -73.4341   2178018.4650        -2.7758        -2.7717

WRITING EXTENDED SYSTEM TO RESTART FILE AT STEP 245000
WRITING COORDINATES TO DCD FILE AT STEP 245000
WRITING COORDINATES TO RESTART FILE AT STEP 245000
FINISHED WRITING RESTART COORDINATES
WRITING VELOCITIES TO RESTART FILE AT STEP 245000
FINISHED WRITING RESTART VELOCITIES
LDB: ============= START OF LOAD BALANCING ============== 25085
LDB: ============== END OF LOAD BALANCING =============== 25085

LDB: ============= START OF LOAD BALANCING ============== 25095.3
LDB: TIME 25095.4 LOAD: AVG 9.13341 MAX 9.5171  PROXIES: TOTAL 751 MAXPE 33 MAXPATCH 4 None 1.60103
LDB: TIME 25095.4 LOAD: AVG 9.13341 MAX 9.5171  PROXIES: TOTAL 751 MAXPE 33 MAXPATCH 4 RefineTorusLB 1.60103
LDB: ============== END OF LOAD BALANCING =============== 25095.4

PRESSURE: 250000 -14526.8 -74.4985 101.015 -66.1777 -14670.5 64.942 71.3291 80.4133 -14334.6
GPRESSURE: 250000 135.634 -27.6913 54.9584 0.399635 -40.2686 45.0042 43.1107 8.66243 99.1452
PRESSAVG: 250000 13.0449 -9.02937 -17.5882 -4.01946 -13.3725 -10.1602 9.90076 -6.44095 -1.99027
GPRESSAVG: 250000 13.1145 -8.92374 -17.502 -3.99904 -13.3784 -10.1789 9.75271 -6.57325 -2.11112
TIMING: 250000  CPU: 22190.8, 0.0891674/step  Wall: 25241.5, 0.10119/step, 0 hours remaining, 163.443634 MB of memory in use.
ETITLE:      TS           BOND          ANGLE          DIHED          IMPRP               ELECT            VDW       BOUNDARY           MISC        KINETIC               TOTAL           TEMP      POTENTIAL         TOTAL3        TEMPAVG            PRESSURE      GPRESSURE         VOLUME       PRESSAVG      GPRESSAVG

ENERGY:  250000      8957.6434     44252.8328     30304.8323       550.8592        -607477.4005     25269.6514       283.8125         0.0000    145998.6260        -351859.1430       308.4985   -497857.7690   -351534.7587       309.3618         -14510.6090        64.8369   2177620.0083        -0.7726        -0.7917

WRITING EXTENDED SYSTEM TO RESTART FILE AT STEP 250000
WRITING COORDINATES TO DCD FILE AT STEP 250000
WRITING COORDINATES TO RESTART FILE AT STEP 250000
FINISHED WRITING RESTART COORDINATES
WRITING VELOCITIES TO RESTART FILE AT STEP 250000
FINISHED WRITING RESTART VELOCITIES
WRITING EXTENDED SYSTEM TO OUTPUT FILE AT STEP 250000
CLOSING EXTENDED SYSTEM TRAJECTORY FILE
WRITING COORDINATES TO OUTPUT FILE AT STEP 250000
CLOSING COORDINATE DCD FILE
WRITING VELOCITIES TO OUTPUT FILE AT STEP 250000
====================================================

WallClock: 25258.728516  CPUTime: 22204.375000  Memory: 161.785919 MB
