19297: Tue May  6 05:05:01 EDT 2014: Entering /tmp/24825.1.standard.q/ssh with args node057.pug.mib.pbtech -l jam2079 /bin/sh -f
19309: Tue May  6 05:05:01 EDT 2014: Entering /tmp/24825.1.standard.q/ssh with args node057.pug.mib.pbtech -l jam2079 /bin/sh -f
19305: Tue May  6 05:05:01 EDT 2014: Entering /tmp/24825.1.standard.q/ssh with args node057.pug.mib.pbtech -l jam2079 /bin/sh -f
19313: Tue May  6 05:05:01 EDT 2014: Entering /tmp/24825.1.standard.q/ssh with args node057.pug.mib.pbtech -l jam2079 /bin/sh -f
19298: Tue May  6 05:05:01 EDT 2014: Entering /tmp/24825.1.standard.q/ssh with args node064.pug.mib.pbtech -l jam2079 /bin/sh -f
19308: Tue May  6 05:05:01 EDT 2014: Entering /tmp/24825.1.standard.q/ssh with args node064.pug.mib.pbtech -l jam2079 /bin/sh -f
19306: Tue May  6 05:05:01 EDT 2014: Entering /tmp/24825.1.standard.q/ssh with args node064.pug.mib.pbtech -l jam2079 /bin/sh -f
19302: Tue May  6 05:05:01 EDT 2014: Entering /tmp/24825.1.standard.q/ssh with args node064.pug.mib.pbtech -l jam2079 /bin/sh -f
19315: Tue May  6 05:05:01 EDT 2014: Entering /tmp/24825.1.standard.q/ssh with args node057.pug.mib.pbtech -l jam2079 /bin/sh -f
19299: Tue May  6 05:05:03 EDT 2014: Exiting /tmp/24825.1.standard.q/ssh
19315: Tue May  6 05:05:04 EDT 2014: Exiting /tmp/24825.1.standard.q/ssh
19317: Tue May  6 05:05:04 EDT 2014: Exiting /tmp/24825.1.standard.q/ssh
19320: Tue May  6 05:05:05 EDT 2014: Exiting /tmp/24825.1.standard.q/ssh
19297: Tue May  6 05:05:06 EDT 2014: Exiting /tmp/24825.1.standard.q/ssh
19309: Tue May  6 05:05:06 EDT 2014: Exiting /tmp/24825.1.standard.q/ssh
19298: Tue May  6 05:05:08 EDT 2014: Exiting /tmp/24825.1.standard.q/ssh
19306: Tue May  6 05:05:10 EDT 2014: Exiting /tmp/24825.1.standard.q/ssh
19311: Tue May  6 05:05:10 EDT 2014: Exiting /tmp/24825.1.standard.q/ssh
19319: Tue May  6 05:05:12 EDT 2014: Exiting /tmp/24825.1.standard.q/ssh
19318: Tue May  6 05:05:13 EDT 2014: Exiting /tmp/24825.1.standard.q/ssh
19308: Tue May  6 05:05:15 EDT 2014: Exiting /tmp/24825.1.standard.q/ssh
19304: Tue May  6 05:05:15 EDT 2014: Exiting /tmp/24825.1.standard.q/ssh
19302: Tue May  6 05:05:17 EDT 2014: Exiting /tmp/24825.1.standard.q/ssh
19314: Tue May  6 05:05:19 EDT 2014: Exiting /tmp/24825.1.standard.q/ssh
19312: Tue May  6 05:05:19 EDT 2014: Exiting /tmp/24825.1.standard.q/ssh
19307: Tue May  6 05:05:19 EDT 2014: Exiting /tmp/24825.1.standard.q/ssh
19303: Tue May  6 05:05:20 EDT 2014: Exiting /tmp/24825.1.standard.q/ssh
19313: Tue May  6 05:05:21 EDT 2014: Exiting /tmp/24825.1.standard.q/ssh
19316: Tue May  6 05:05:22 EDT 2014: Exiting /tmp/24825.1.standard.q/ssh
19305: Tue May  6 05:05:22 EDT 2014: Exiting /tmp/24825.1.standard.q/ssh
19301: Tue May  6 05:05:23 EDT 2014: Exiting /tmp/24825.1.standard.q/ssh
19310: Tue May  6 05:05:24 EDT 2014: Exiting /tmp/24825.1.standard.q/ssh
19300: Tue May  6 05:05:26 EDT 2014: Exiting /tmp/24825.1.standard.q/ssh
Warning> Randomization of stack pointer is turned on in kernel.
Charm++> synchronizing isomalloc memory region...
[0] consolidated Isomalloc memory region: 0x2bae00000000 - 0x7ffb00000000 (88395776 megs)
Charm++: scheduler running in netpoll mode.
Charm++> Running on 2 unique compute nodes (12-way SMP).
Charm++> Cpu topology info:
PE to node map: 0 1 0 1 0 1 0 1 0 1 0 1 0 1 0 1 0 1 0 1 0 1 0 1 
Node to PE map:
Chip #0: 0 2 4 6 8 10 12 14 16 18 20 22 
Chip #1: 1 3 5 7 9 11 13 15 17 19 21 23 
Charm++> cpu topology info is gathered in 0.036 seconds.
Info: NAMD 2.7 for Linux-x86_64
Info: 
Info: Please visit http://www.ks.uiuc.edu/Research/namd/
Info: and send feedback or bug reports to namd@ks.uiuc.edu
Info: 
Info: Please cite Phillips et al., J. Comp. Chem. 26:1781-1802 (2005)
Info: in all publications reporting results obtained with NAMD.
Info: 
Info: Based on Charm++/Converse 60202 for net-linux-x86_64
Info: Built Fri Jun 17 11:23:43 EDT 2011 by jason on node026.pug.pbtech
Info: 1 NAMD  2.7  Linux-x86_64  24    node057.pug.pbtech  jam2079
Info: Running on 24 processors.
Info: CPU topology information available.
Info: Charm++/Converse parallel runtime startup completed at 0.202424 s
Info: 1.64034 MB of memory in use based on CmiMemoryUsage
Info: Changed directory to phase2a
Info: Configuration file is rho_equil_phase2a2.np.in
TCL: Suspending until startup complete.
Info: EXTENDED SYSTEM FILE   /home/jam2079/Pathrover/3tt3/phase2a/dat_equil_phase2a1.restart.xsc
Info: SIMULATION PARAMETERS:
Info: TIMESTEP               1
Info: NUMBER OF STEPS        0
Info: STEPS PER CYCLE        20
Info: PERIODIC CELL BASIS 1  130.58 0 0
Info: PERIODIC CELL BASIS 2  0 136.076 0
Info: PERIODIC CELL BASIS 3  0 0 123.974
Info: PERIODIC CELL CENTER   39.547 42.92 2.551
Info: WRAPPING ALL CLUSTERS AROUND PERIODIC BOUNDARIES ON OUTPUT.
Info: LOAD BALANCER  Centralized
Info: LOAD BALANCING STRATEGY  New Load Balancers -- ASB
Info: LDB PERIOD             4000 steps
Info: FIRST LDB TIMESTEP     100
Info: LAST LDB TIMESTEP     -1
Info: LDB BACKGROUND SCALING 1
Info: HOM BACKGROUND SCALING 1
Info: PME BACKGROUND SCALING 1
Info: MAX SELF PARTITIONS    20
Info: MAX PAIR PARTITIONS    8
Info: SELF PARTITION ATOMS   154
Info: SELF2 PARTITION ATOMS   154
Info: PAIR PARTITION ATOMS   318
Info: PAIR2 PARTITION ATOMS  637
Info: MIN ATOMS PER PATCH    100
Info: VELOCITY FILE          /home/jam2079/Pathrover/3tt3/phase2a/dat_equil_phase2a1.restart.vel
Info: CENTER OF MASS MOVING INITIALLY? NO
Info: DIELECTRIC             1
Info: EXCLUDE                SCALED ONE-FOUR
Info: 1-4 ELECTROSTATICS SCALED BY 1
Info: MODIFIED 1-4 VDW PARAMETERS WILL BE USED
Info: DCD FILENAME           ./dat_equil_phase2a2.np.dcd
Info: DCD FREQUENCY          5000
Info: DCD FIRST STEP         5000
Info: DCD FILE WILL CONTAIN UNIT CELL DATA
Info: XST FILENAME           ./dat_equil_phase2a2.np.xst
Info: XST FREQUENCY          5000
Info: NO VELOCITY DCD OUTPUT
Info: OUTPUT FILENAME        ./dat_equil_phase2a2.np
Info: RESTART FILENAME       ./dat_equil_phase2a2.np.restart
Info: RESTART FREQUENCY      5000
Info: BINARY RESTART FILES WILL BE USED
Info: SWITCHING ACTIVE
Info: SWITCHING ON           10
Info: SWITCHING OFF          12
Info: PAIRLIST DISTANCE      13.5
Info: PAIRLIST SHRINK RATE   0.01
Info: PAIRLIST GROW RATE     0.01
Info: PAIRLIST TRIGGER       0.3
Info: PAIRLISTS PER CYCLE    2
Info: PAIRLISTS ENABLED
Info: MARGIN                 2.5
Info: HYDROGEN GROUP CUTOFF  2.5
Info: PATCH DIMENSION        18.5
Info: ENERGY OUTPUT STEPS    5000
Info: CROSSTERM ENERGY INCLUDED IN DIHEDRAL
Info: TIMING OUTPUT STEPS    5000
Info: PRESSURE OUTPUT STEPS  5000
Info: HARMONIC CONSTRAINTS ACTIVE
Info: HARMONIC CONS EXP      2
Info: LANGEVIN DYNAMICS ACTIVE
Info: LANGEVIN TEMPERATURE   310
Info: LANGEVIN DAMPING COEFFICIENT IS 5 INVERSE PS
Info: LANGEVIN DYNAMICS NOT APPLIED TO HYDROGENS
Info: LANGEVIN PISTON PRESSURE CONTROL ACTIVE
Info:        TARGET PRESSURE IS 1.01325 BAR
Info:     OSCILLATION PERIOD IS 200 FS
Info:             DECAY TIME IS 50 FS
Info:     PISTON TEMPERATURE IS 310 K
Info:       PRESSURE CONTROL IS GROUP-BASED
Info:    INITIAL STRAIN RATE IS 1.50362e-06 1.50362e-06 -1.55307e-05
Info:       CELL FLUCTUATION IS ANISOTROPIC
Info:     SHAPE OF CELL IS CONSTRAINED IN X-Y PLANE
Info: PARTICLE MESH EWALD (PME) ACTIVE
Info: PME TOLERANCE               1e-06
Info: PME EWALD COEFFICIENT       0.257952
Info: PME INTERPOLATION ORDER     4
Info: PME GRID DIMENSIONS         132 144 128
Info: PME MAXIMUM GRID SPACING    1
Info: Attempting to read FFTW data from FFTW_NAMD_2.7_Linux-x86_64.txt
Info: Optimizing 6 FFT steps.  1... 2... 3... 4... 5... 6...   Done.
Info: Writing FFTW data to FFTW_NAMD_2.7_Linux-x86_64.txt
Info: FULL ELECTROSTATIC EVALUATION FREQUENCY      4
Info: USING VERLET I (r-RESPA) MTS SCHEME.
Info: C1 SPLITTING OF LONG RANGE ELECTROSTATICS
Info: PLACING ATOMS IN PATCHES BY HYDROGEN GROUPS
Info: RIGID BONDS TO HYDROGEN : ALL
Info:         ERROR TOLERANCE : 1e-08
Info:          MAX ITERATIONS : 100
Info: RIGID WATER USING SETTLE ALGORITHM
Info: NONBONDED FORCES EVALUATED EVERY 2 STEPS
Info: RANDOM NUMBER SEED     1399367137
Info: USE HYDROGEN BONDS?    NO
Info: COORDINATE PDB         /home/jam2079/Pathrover/3tt3/phase2a/dat_equil_phase2a1.coor
Info: STRUCTURE FILE         /home/jam2079/Pathrover/3tt3/common/ionized.psf
Info: PARAMETER file: CHARMM format! 
Info: PARAMETERS             /home/jam2079/Pathrover/3tt3/common/parameters_all.prm
Info: USING ARITHMETIC MEAN TO COMBINE L-J SIGMA PARAMETERS
Info: BINARY COORDINATES     /home/jam2079/Pathrover/3tt3/phase2a/dat_equil_phase2a1.restart.coor
Info: SUMMARY OF PARAMETERS:
Info: 231 BONDS
Info: 615 ANGLES
Info: 936 DIHEDRAL
Info: 55 IMPROPER
Info: 6 CROSSTERM
Info: 152 VDW
Info: 0 VDW_PAIRS
Info: TIME FOR READING PSF FILE: 3.43626
Info: TIME FOR READING PDB FILE: 0.363351
Info: 
Info: Reading from binary file /home/jam2079/Pathrover/3tt3/phase2a/dat_equil_phase2a1.restart.coor
Info: ****************************
Info: STRUCTURE SUMMARY:
Info: 222884 ATOMS
Info: 173098 BONDS
Info: 191327 ANGLES
Info: 198094 DIHEDRALS
Info: 2265 IMPROPERS
Info: 0 CROSSTERMS
Info: 0 EXCLUSIONS
Info: 2061 CONSTRAINTS
Info: 192346 RIGID BONDS
Info: 476306 DEGREES OF FREEDOM
Info: 79781 HYDROGEN GROUPS
Info: 4 ATOMS IN LARGEST HYDROGEN GROUP
Info: 79781 MIGRATION GROUPS
Info: 4 ATOMS IN LARGEST MIGRATION GROUP
Info: TOTAL MASS = 1.33362e+06 amu
Info: TOTAL CHARGE = 5.30519e-05 e
Info: MASS DENSITY = 1.00531 g/cm^3
Info: ATOM DENSITY = 0.101179 atoms/A^3
Info: *****************************
Info: 
Info: Entering startup at 30.4031 s, 62.193 MB of memory in use
Info: Startup phase 0 took 0.050797 s, 62.1922 MB of memory in use
Info: Startup phase 1 took 1.77193 s, 107.615 MB of memory in use
Info: Startup phase 2 took 0.0431261 s, 109.319 MB of memory in use
Info: PATCH GRID IS 7 (PERIODIC) BY 7 (PERIODIC) BY 6 (PERIODIC)
Info: PATCH GRID IS 1-AWAY BY 1-AWAY BY 1-AWAY
Info: Reading from binary file /home/jam2079/Pathrover/3tt3/phase2a/dat_equil_phase2a1.restart.vel
Info: REMOVING COM VELOCITY 0.0316873 0.00543953 0.00398
Info: LARGEST PATCH (69) HAS 838 ATOMS
Info: Startup phase 3 took 0.18902 s, 140.878 MB of memory in use
Info: PME using 22 and 24 processors for FFT and reciprocal sum.
Info: PME GRID LOCATIONS: 1 2 3 4 5 6 7 8 9 10 ...
Info: PME TRANS LOCATIONS: 0 1 2 3 4 5 6 7 8 9 ...
Info: Optimizing 4 FFT steps.  1... 2... 3... 4...   Done.
Info: Startup phase 4 took 0.068985 s, 141.743 MB of memory in use
Info: Startup phase 5 took 0.0710511 s, 112.871 MB of memory in use
LDB: Central LB being created...
Info: Startup phase 6 took 2.43094 s, 112.92 MB of memory in use
Info: CREATING 13822 COMPUTE OBJECTS
Info: useSync: 1 useProxySync: 0
Info: NONBONDED TABLE R-SQUARED SPACING: 0.0625
Info: NONBONDED TABLE SIZE: 769 POINTS
Info: Startup phase 7 took 0.0480058 s, 116.692 MB of memory in use
Info: Startup phase 8 took 0.000185013 s, 118.458 MB of memory in use
Info: Finished startup at 35.0772 s, 118.458 MB of memory in use

TCL: Running for 250000 steps
PRESSURE: 0 -14440.1 -75.5386 -160.566 -59.0418 -14491.4 4.86068 -123.821 30.7158 -14446.2
GPRESSURE: 0 -38.2658 -35.8749 -68.8728 -11.6165 -48.0458 -0.858077 -107.769 28.8081 -67.1034
ETITLE:      TS           BOND          ANGLE          DIHED          IMPRP               ELECT            VDW       BOUNDARY           MISC        KINETIC               TOTAL           TEMP      POTENTIAL         TOTAL3        TEMPAVG            PRESSURE      GPRESSURE         VOLUME       PRESSAVG      GPRESSAVG

ENERGY:       0      8840.2515     44219.7494     30404.1819       583.5055        -605845.9910     25844.4968       328.0690         0.0000    146751.3866        -348874.3503       310.0891   -495625.7369   -348513.5096       310.0891         -14459.2152       -51.1383   2202869.7170    -14459.2152       -51.1383

OPENING EXTENDED SYSTEM TRAJECTORY FILE
LDB: ============= START OF LOAD BALANCING ============== 44.8276
LDB: ============== END OF LOAD BALANCING =============== 44.8291

Info: Initial time: 24 CPUs 0.0964377 s/step 1.11618 days/ns 144.443 MB memory
LDB: ============= START OF LOAD BALANCING ============== 54.8706
LDB: TIME 54.9051 LOAD: AVG 8.94669 MAX 9.52915  PROXIES: TOTAL 658 MAXPE 29 MAXPATCH 4 None 1.53612
LDB: TIME 54.9946 LOAD: AVG 8.94669 MAX 8.95144  PROXIES: TOTAL 658 MAXPE 29 MAXPATCH 4 TorusLB 1.53612
LDB: TIME 54.9947 LOAD: AVG 8.94669 MAX 8.95144  PROXIES: TOTAL 658 MAXPE 29 MAXPATCH 4 TorusLB 1.53612
LDB: ============== END OF LOAD BALANCING =============== 55.0227

Info: Initial time: 24 CPUs 0.0988879 s/step 1.14454 days/ns 142.055 MB memory
LDB: ============= START OF LOAD BALANCING ============== 65.2883
LDB: TIME 65.323 LOAD: AVG 9.07851 MAX 9.36486  PROXIES: TOTAL 658 MAXPE 29 MAXPATCH 4 None 1.60207
LDB: TIME 65.3455 LOAD: AVG 9.07851 MAX 9.36486  PROXIES: TOTAL 658 MAXPE 29 MAXPATCH 4 RefineTorusLB 1.60207
LDB: ============== END OF LOAD BALANCING =============== 65.3488

Info: Initial time: 24 CPUs 0.100999 s/step 1.16897 days/ns 143.524 MB memory
LDB: ============= START OF LOAD BALANCING ============== 75.7481
LDB: TIME 75.7824 LOAD: AVG 9.08399 MAX 9.33006  PROXIES: TOTAL 658 MAXPE 29 MAXPATCH 4 None 1.60006
LDB: TIME 75.8049 LOAD: AVG 9.08399 MAX 9.33006  PROXIES: TOTAL 658 MAXPE 29 MAXPATCH 4 RefineTorusLB 1.60006
LDB: ============== END OF LOAD BALANCING =============== 75.8073

Info: Benchmark time: 24 CPUs 0.102786 s/step 1.18965 days/ns 143.703 MB memory
Info: Benchmark time: 24 CPUs 0.0990972 s/step 1.14696 days/ns 143.73 MB memory
Info: Benchmark time: 24 CPUs 0.100057 s/step 1.15806 days/ns 145.093 MB memory
LDB: ============= START OF LOAD BALANCING ============== 466.836
LDB: ============== END OF LOAD BALANCING =============== 466.837

LDB: ============= START OF LOAD BALANCING ============== 477.074
LDB: TIME 477.08 LOAD: AVG 9.09228 MAX 9.22233  PROXIES: TOTAL 658 MAXPE 29 MAXPATCH 4 None 1.59782
LDB: TIME 477.095 LOAD: AVG 9.09228 MAX 9.22233  PROXIES: TOTAL 658 MAXPE 29 MAXPATCH 4 RefineTorusLB 1.59782
LDB: ============== END OF LOAD BALANCING =============== 477.097

PRESSURE: 5000 -14440.7 26.6511 -53.1216 18.7859 -14608.8 46.5078 -98.5297 38.7831 -14510.7
GPRESSURE: 5000 52.8794 -17.2379 -27.4013 -22.7705 -184.142 83.1164 -102.957 -18.5826 -82.2971
PRESSAVG: 5000 -2.08647 17.823 -0.0187898 -3.90318 5.56306 8.18712 8.3643 17.2509 -4.6836
GPRESSAVG: 5000 -2.15297 17.7191 0.0866678 -3.73992 5.59982 8.15827 8.26755 17.0902 -4.5787
TIMING: 5000  CPU: 452.167, 0.0903663/step  Wall: 502.507, 0.100411/step, 6.83351 hours remaining, 162.782700 MB of memory in use.
ENERGY:    5000      8773.8105     44399.2849     30528.8589       570.9615        -606442.8128     25463.7993       291.1854         0.0000    146276.4130        -350138.4993       309.0855   -496414.9123   -349781.6742       309.7009         -14520.0678       -71.1864   2195632.5782        -0.4023        -0.3773

WRITING EXTENDED SYSTEM TO RESTART FILE AT STEP 5000
OPENING COORDINATE DCD FILE
WRITING COORDINATES TO DCD FILE AT STEP 5000
WRITING COORDINATES TO RESTART FILE AT STEP 5000
FINISHED WRITING RESTART COORDINATES
WRITING VELOCITIES TO RESTART FILE AT STEP 5000
FINISHED WRITING RESTART VELOCITIES
LDB: ============= START OF LOAD BALANCING ============== 868.296
LDB: ============== END OF LOAD BALANCING =============== 868.297

LDB: ============= START OF LOAD BALANCING ============== 878.55
LDB: TIME 878.585 LOAD: AVG 9.1171 MAX 9.34696  PROXIES: TOTAL 658 MAXPE 29 MAXPATCH 4 None 1.60753
LDB: TIME 878.608 LOAD: AVG 9.1171 MAX 9.34696  PROXIES: TOTAL 658 MAXPE 29 MAXPATCH 4 RefineTorusLB 1.60753
LDB: ============== END OF LOAD BALANCING =============== 878.61

PRESSURE: 10000 -14428.5 -10.7055 -79.4206 -38.0657 -14504.2 -3.33073 -84.0047 6.29084 -14404.1
GPRESSURE: 10000 26.6474 35.921 -46.9423 -19.8921 34.4171 -0.903894 -73.3596 -61.3377 51.4293
PRESSAVG: 10000 9.79011 -16.0237 16.5539 -14.6863 -12.2281 -20.0722 -10.8497 -8.80661 -0.730368
GPRESSAVG: 10000 9.74267 -15.6481 16.6212 -14.8812 -12.1835 -20.213 -10.7103 -8.74813 -0.640226
TIMING: 10000  CPU: 908.158, 0.0911981/step  Wall: 1004.56, 0.100411/step, 6.69408 hours remaining, 165.882736 MB of memory in use.
ENERGY:   10000      8770.7370     44351.5561     30481.0069       578.8577        -606566.4424     25663.0306       299.2902         0.0000    146350.3944        -350071.5695       309.2418   -496421.9639   -349697.0075       309.8097         -14445.6017        37.4979   2191168.0270        -1.0561        -1.0270

WRITING EXTENDED SYSTEM TO RESTART FILE AT STEP 10000
WRITING COORDINATES TO DCD FILE AT STEP 10000
WRITING COORDINATES TO RESTART FILE AT STEP 10000
FINISHED WRITING RESTART COORDINATES
WRITING VELOCITIES TO RESTART FILE AT STEP 10000
FINISHED WRITING RESTART VELOCITIES
LDB: ============= START OF LOAD BALANCING ============== 1270.53
LDB: ============== END OF LOAD BALANCING =============== 1270.53

LDB: ============= START OF LOAD BALANCING ============== 1280.89
LDB: TIME 1280.92 LOAD: AVG 9.13885 MAX 9.5094  PROXIES: TOTAL 658 MAXPE 29 MAXPATCH 4 None 1.60587
LDB: TIME 1280.94 LOAD: AVG 9.13885 MAX 9.5094  PROXIES: TOTAL 658 MAXPE 29 MAXPATCH 4 RefineTorusLB 1.60587
LDB: ============== END OF LOAD BALANCING =============== 1280.94

PRESSURE: 15000 -14417.2 -6.11608 96.2113 -20.6854 -14619.4 -43.8572 120.315 -68.4169 -14405.5
GPRESSURE: 15000 89.9849 22.042 59.0764 -5.68386 -68.8222 -36.7112 14.9199 -37.3002 40.1561
PRESSAVG: 15000 11.2777 4.15905 1.14736 -6.49902 -10.2913 -14.7234 -7.87424 -13.1318 0.394923
GPRESSAVG: 15000 11.4101 3.93146 1.17605 -6.48842 -10.3861 -14.6997 -7.90996 -13.1673 0.49668
TIMING: 15000  CPU: 1364.27, 0.0912217/step  Wall: 1507.86, 0.100659/step, 6.57081 hours remaining, 167.454056 MB of memory in use.
ENERGY:   15000      8825.0220     44360.5037     30487.1231       564.5000        -606078.0054     25390.1362       308.4385         0.0000    146589.9035        -349552.3783       309.7479   -496142.2818   -349201.8409       309.8679         -14480.7229        20.4396   2186420.4185         0.4604         0.5069

WRITING EXTENDED SYSTEM TO RESTART FILE AT STEP 15000
WRITING COORDINATES TO DCD FILE AT STEP 15000
WRITING COORDINATES TO RESTART FILE AT STEP 15000
FINISHED WRITING RESTART COORDINATES
WRITING VELOCITIES TO RESTART FILE AT STEP 15000
FINISHED WRITING RESTART VELOCITIES
LDB: ============= START OF LOAD BALANCING ============== 1673.82
LDB: ============== END OF LOAD BALANCING =============== 1673.82

LDB: ============= START OF LOAD BALANCING ============== 1684.09
LDB: TIME 1684.09 LOAD: AVG 9.12736 MAX 9.7008  PROXIES: TOTAL 658 MAXPE 29 MAXPATCH 4 None 1.61479
LDB: TIME 1684.11 LOAD: AVG 9.12736 MAX 9.5703  PROXIES: TOTAL 658 MAXPE 29 MAXPATCH 4 RefineTorusLB 1.61479
LDB: ============== END OF LOAD BALANCING =============== 1684.11

WRITING COORDINATES TO DCD FILE AT STEP 20000
WRITING COORDINATES TO RESTART FILE AT STEP 20000
FINISHED WRITING RESTART COORDINATES
PRESSURE: 20000 -14341.5 -68.4491 -71.363 -63.5718 -14501.7 1.71718 -85.0543 -4.1877 -14277.7
GPRESSURE: 20000 121.891 11.0915 -35.5362 -7.70878 122.089 28.82 -36.7607 -32.2103 179.361
PRESSAVG: 20000 20.3876 1.58076 -7.48812 -15.5041 -18.6058 -6.02988 12.2416 -3.33001 0.283161
GPRESSAVG: 20000 20.3282 1.69437 -7.33575 -15.5037 -18.5432 -5.91465 12.3229 -3.3606 0.318226
TIMING: 20000  CPU: 1821.72, 0.0914913/step  Wall: 2011.78, 0.100785/step, 6.43903 hours remaining, 165.278641 MB of memory in use.
ENERGY:   20000      8826.7156     44170.1843     30454.9488       559.8767        -606905.2619     25818.8158       300.9703         0.0000    146731.7346        -350042.0158       310.0476   -496773.7504   -349677.5586       309.6346         -14373.6360       141.1136   2186713.7939         0.6883         0.7011

WRITING EXTENDED SYSTEM TO RESTART FILE AT STEP 20000
WRITING VELOCITIES TO RESTART FILE AT STEP 20000
FINISHED WRITING RESTART VELOCITIES
LDB: ============= START OF LOAD BALANCING ============== 2076.95
LDB: ============== END OF LOAD BALANCING =============== 2076.95

LDB: ============= START OF LOAD BALANCING ============== 2087.43
LDB: TIME 2087.44 LOAD: AVG 9.14829 MAX 9.49481  PROXIES: TOTAL 658 MAXPE 29 MAXPATCH 4 None 1.60893
LDB: TIME 2087.45 LOAD: AVG 9.14829 MAX 9.49481  PROXIES: TOTAL 658 MAXPE 29 MAXPATCH 4 RefineTorusLB 1.60893
LDB: ============== END OF LOAD BALANCING =============== 2087.45

LDB: ============= START OF LOAD BALANCING ============== 2480.75
LDB: ============== END OF LOAD BALANCING =============== 2480.75

LDB: ============= START OF LOAD BALANCING ============== 2491.08
LDB: TIME 2491.12 LOAD: AVG 9.13486 MAX 9.47471  PROXIES: TOTAL 658 MAXPE 29 MAXPATCH 4 None 1.60638
LDB: TIME 2491.14 LOAD: AVG 9.13486 MAX 9.47471  PROXIES: TOTAL 658 MAXPE 29 MAXPATCH 4 RefineTorusLB 1.60638
LDB: ============== END OF LOAD BALANCING =============== 2491.14

PRESSURE: 25000 -14454.9 -130.064 16.912 -75.1532 -14742.1 -2.24318 13.6382 -13.126 -14538.4
GPRESSURE: 25000 -9.76357 -32.4012 -20.7265 -12.1071 -162.082 -10.691 15.7469 11.8718 -42.6984
PRESSAVG: 25000 -6.31474 -35.7537 -13.6427 -28.6322 5.32915 10.2202 9.04839 3.3214 1.41299
GPRESSAVG: 25000 -6.36167 -35.7062 -13.6495 -28.5618 5.35443 10.2256 9.13564 3.28784 1.39948
TIMING: 25000  CPU: 2276.87, 0.0910302/step  Wall: 2517.12, 0.101068/step, 6.31675 hours remaining, 166.281570 MB of memory in use.
ENERGY:   25000      8743.4731     44432.8296     30320.7389       595.8660        -606917.1807     25714.9074       312.1486         0.0000    146367.4906        -350429.7266       309.2780   -496797.2172   -350066.2888       309.7192         -14578.4502       -71.5146   2188390.2876         0.1425         0.1307

WRITING EXTENDED SYSTEM TO RESTART FILE AT STEP 25000
WRITING COORDINATES TO DCD FILE AT STEP 25000
WRITING COORDINATES TO RESTART FILE AT STEP 25000
FINISHED WRITING RESTART COORDINATES
WRITING VELOCITIES TO RESTART FILE AT STEP 25000
FINISHED WRITING RESTART VELOCITIES
LDB: ============= START OF LOAD BALANCING ============== 2884.05
LDB: ============== END OF LOAD BALANCING =============== 2884.05

LDB: ============= START OF LOAD BALANCING ============== 2894.5
LDB: TIME 2894.53 LOAD: AVG 9.1417 MAX 9.42261  PROXIES: TOTAL 658 MAXPE 29 MAXPATCH 4 None 1.59345
LDB: TIME 2894.55 LOAD: AVG 9.1417 MAX 9.42261  PROXIES: TOTAL 658 MAXPE 29 MAXPATCH 4 RefineTorusLB 1.59345
LDB: ============== END OF LOAD BALANCING =============== 2894.55

PRESSURE: 30000 -14537.8 -30.7365 -54.858 -56.0998 -14515.4 163.315 -19.4668 134.44 -14503.3
GPRESSURE: 30000 90.4711 -11.039 -20.3592 -28.7894 -12.7053 186.908 61.9589 190.671 34.3923
PRESSAVG: 30000 7.03062 -2.95615 9.00581 -3.01236 -0.521155 -8.28463 25.9767 1.90823 2.51661
GPRESSAVG: 30000 7.22104 -2.87116 9.07396 -3.01819 -0.630569 -8.34086 25.924 2.01825 2.36383
TIMING: 30000  CPU: 2734.68, 0.0915607/step  Wall: 3021.52, 0.10088/step, 6.16489 hours remaining, 167.246414 MB of memory in use.
ENERGY:   30000      8859.2835     44475.2665     30387.9132       577.3545        -607651.6270     25744.9669       300.8147         0.0000    146283.4469        -351022.5808       309.1004   -497306.0277   -350672.3460       309.7046         -14518.8514        37.3861   2181769.3417         3.0087         2.9848

WRITING EXTENDED SYSTEM TO RESTART FILE AT STEP 30000
WRITING COORDINATES TO DCD FILE AT STEP 30000
WRITING COORDINATES TO RESTART FILE AT STEP 30000
FINISHED WRITING RESTART COORDINATES
WRITING VELOCITIES TO RESTART FILE AT STEP 30000
FINISHED WRITING RESTART VELOCITIES
LDB: ============= START OF LOAD BALANCING ============== 3288.46
LDB: ============== END OF LOAD BALANCING =============== 3288.46

LDB: ============= START OF LOAD BALANCING ============== 3298.66
LDB: TIME 3298.7 LOAD: AVG 9.12231 MAX 9.32174  PROXIES: TOTAL 658 MAXPE 29 MAXPATCH 4 None 1.59021
LDB: TIME 3298.72 LOAD: AVG 9.12231 MAX 9.32174  PROXIES: TOTAL 658 MAXPE 29 MAXPATCH 4 RefineTorusLB 1.59021
LDB: ============== END OF LOAD BALANCING =============== 3298.72

PRESSURE: 35000 -14762.3 41.8798 -0.839298 95.448 -14535.2 77.5224 -12.4193 47.1903 -14436.8
GPRESSURE: 35000 -161.385 -5.79882 18.9994 31.3333 -33.3954 130.388 -8.60457 36.4614 126.597
PRESSAVG: 35000 -12.8025 11.1518 -3.55095 1.72742 7.16394 16.5494 13.3357 -2.08087 4.61077
GPRESSAVG: 35000 -12.8071 11.2018 -3.68561 1.70184 7.12892 16.6112 13.2967 -2.17608 4.77093
TIMING: 35000  CPU: 3189.36, 0.0909368/step  Wall: 3526.83, 0.101062/step, 6.03567 hours remaining, 165.801743 MB of memory in use.
ENERGY:   35000      8865.1244     44348.1550     30393.6117       548.1327        -606441.6532     24796.0280       303.0474         0.0000    145983.3698        -351204.1841       308.4663   -497187.5539   -350850.3788       309.4949         -14578.0835       -22.7281   2181138.4140        -0.3426        -0.3024

WRITING EXTENDED SYSTEM TO RESTART FILE AT STEP 35000
WRITING COORDINATES TO DCD FILE AT STEP 35000
WRITING COORDINATES TO RESTART FILE AT STEP 35000
FINISHED WRITING RESTART COORDINATES
WRITING VELOCITIES TO RESTART FILE AT STEP 35000
FINISHED WRITING RESTART VELOCITIES
LDB: ============= START OF LOAD BALANCING ============== 3693.09
LDB: ============== END OF LOAD BALANCING =============== 3693.09

LDB: ============= START OF LOAD BALANCING ============== 3703.35
LDB: TIME 3703.38 LOAD: AVG 9.15015 MAX 9.32991  PROXIES: TOTAL 658 MAXPE 29 MAXPATCH 4 None 1.60793
LDB: TIME 3703.4 LOAD: AVG 9.15015 MAX 9.32991  PROXIES: TOTAL 658 MAXPE 29 MAXPATCH 4 RefineTorusLB 1.60793
LDB: ============== END OF LOAD BALANCING =============== 3703.4

PRESSURE: 40000 -14560.1 -35.6457 -123.792 -18.0286 -14273.2 67.2831 -112.235 39.0771 -14476.2
GPRESSURE: 40000 10.9916 64.3162 -85.4418 30.0306 222.544 122.164 -18.4569 100.993 86.4113
PRESSAVG: 40000 1.47956 -9.12808 6.28168 -7.53407 6.18553 11.1971 3.39309 24.2338 -5.6878
GPRESSAVG: 40000 1.46109 -9.05382 6.29354 -7.51348 6.12428 11.2541 3.30369 24.3396 -5.75201
TIMING: 40000  CPU: 3644.41, 0.0910106/step  Wall: 4032.02, 0.101038/step, 5.89386 hours remaining, 166.601669 MB of memory in use.
ENERGY:   40000      8769.8406     44337.1473     30411.2793       569.9089        -606443.5028     25420.1705       311.7498         0.0000    146316.9765        -350306.4300       309.1712   -496623.4065   -349947.8306       310.2934         -14436.5028       106.6488   2179952.4060         0.6591         0.6111

WRITING EXTENDED SYSTEM TO RESTART FILE AT STEP 40000
WRITING COORDINATES TO DCD FILE AT STEP 40000
WRITING COORDINATES TO RESTART FILE AT STEP 40000
FINISHED WRITING RESTART COORDINATES
WRITING VELOCITIES TO RESTART FILE AT STEP 40000
FINISHED WRITING RESTART VELOCITIES
LDB: ============= START OF LOAD BALANCING ============== 4097.05
LDB: ============== END OF LOAD BALANCING =============== 4097.05

LDB: ============= START OF LOAD BALANCING ============== 4107.51
LDB: TIME 4107.54 LOAD: AVG 9.14402 MAX 9.32643  PROXIES: TOTAL 658 MAXPE 29 MAXPATCH 4 None 1.59725
LDB: TIME 4107.56 LOAD: AVG 9.14402 MAX 9.32643  PROXIES: TOTAL 658 MAXPE 29 MAXPATCH 4 RefineTorusLB 1.59725
LDB: ============== END OF LOAD BALANCING =============== 4107.57

LDB: ============= START OF LOAD BALANCING ============== 4500.37
LDB: ============== END OF LOAD BALANCING =============== 4500.37

LDB: ============= START OF LOAD BALANCING ============== 4510.74
LDB: TIME 4510.78 LOAD: AVG 9.12775 MAX 9.3939  PROXIES: TOTAL 658 MAXPE 29 MAXPATCH 4 None 1.59104
LDB: TIME 4510.8 LOAD: AVG 9.12775 MAX 9.3939  PROXIES: TOTAL 658 MAXPE 29 MAXPATCH 4 RefineTorusLB 1.59104
LDB: ============== END OF LOAD BALANCING =============== 4510.81

PRESSURE: 45000 -14555.7 -161.193 78.8217 -162.066 -14885.5 30.7387 95.8943 48.1496 -14426.8
GPRESSURE: 45000 -85.774 -94.5899 148.568 -126.571 -176.935 111.393 67.0756 62.3403 -21.8109
PRESSAVG: 45000 -5.54405 -13.7731 19.0658 -10.3346 -9.92004 3.13348 0.803266 -1.46594 5.83495
GPRESSAVG: 45000 -5.64457 -13.7597 19.0785 -10.3314 -9.84881 3.15814 0.804174 -1.44468 5.7864
TIMING: 45000  CPU: 4100.11, 0.0911401/step  Wall: 4536.66, 0.100927/step, 5.74725 hours remaining, 168.499863 MB of memory in use.
ENERGY:   45000      8820.3045     44421.8413     30395.8284       557.4908        -606821.6754     25361.1742       309.1161         0.0000    146585.8934        -350370.0267       309.7394   -496955.9201   -350004.2788       309.6458         -14622.6675       -94.8400   2184183.4396        -3.2097        -3.2357

WRITING EXTENDED SYSTEM TO RESTART FILE AT STEP 45000
WRITING COORDINATES TO DCD FILE AT STEP 45000
WRITING COORDINATES TO RESTART FILE AT STEP 45000
FINISHED WRITING RESTART COORDINATES
WRITING VELOCITIES TO RESTART FILE AT STEP 45000
FINISHED WRITING RESTART VELOCITIES
LDB: ============= START OF LOAD BALANCING ============== 4903.74
LDB: ============== END OF LOAD BALANCING =============== 4903.74

LDB: ============= START OF LOAD BALANCING ============== 4914.01
LDB: TIME 4914.04 LOAD: AVG 9.13409 MAX 9.31259  PROXIES: TOTAL 658 MAXPE 29 MAXPATCH 4 None 1.58979
LDB: TIME 4914.06 LOAD: AVG 9.13409 MAX 9.31259  PROXIES: TOTAL 658 MAXPE 29 MAXPATCH 4 RefineTorusLB 1.58979
LDB: ============== END OF LOAD BALANCING =============== 4914.07

PRESSURE: 50000 -14818.8 -2.60856 10.4569 38.4699 -14438.8 3.21802 1.03874 -31.7304 -14414
GPRESSURE: 50000 -242.311 -66.8188 34.3914 -4.7483 -25.6301 54.6896 -23.4006 -20.9922 11.1574
PRESSAVG: 50000 -2.43351 -8.8846 -0.4875 -5.98684 5.78765 26.2074 -3.63125 17.9696 1.27498
GPRESSAVG: 50000 -2.34061 -8.8723 -0.551639 -5.94818 5.80837 26.093 -3.63351 17.9556 1.24303
TIMING: 50000  CPU: 4554.78, 0.090934/step  Wall: 5040.81, 0.10083/step, 5.60165 hours remaining, 166.734299 MB of memory in use.
ETITLE:      TS           BOND          ANGLE          DIHED          IMPRP               ELECT            VDW       BOUNDARY           MISC        KINETIC               TOTAL           TEMP      POTENTIAL         TOTAL3        TEMPAVG            PRESSURE      GPRESSURE         VOLUME       PRESSAVG      GPRESSAVG

ENERGY:   50000      8882.8461     44380.5472     30398.1503       530.9511        -605455.1079     24765.6732       313.0568         0.0000    146252.2348        -349931.6486       309.0344   -496183.8834   -349571.2925       310.0402         -14557.2092       -85.5946   2185543.2964         1.5430         1.5703

WRITING EXTENDED SYSTEM TO RESTART FILE AT STEP 50000
WRITING COORDINATES TO DCD FILE AT STEP 50000
WRITING COORDINATES TO RESTART FILE AT STEP 50000
FINISHED WRITING RESTART COORDINATES
WRITING VELOCITIES TO RESTART FILE AT STEP 50000
FINISHED WRITING RESTART VELOCITIES
LDB: ============= START OF LOAD BALANCING ============== 5307.04
LDB: ============== END OF LOAD BALANCING =============== 5307.04

LDB: ============= START OF LOAD BALANCING ============== 5317.34
LDB: TIME 5317.38 LOAD: AVG 9.16111 MAX 9.45463  PROXIES: TOTAL 658 MAXPE 29 MAXPATCH 4 None 1.61083
LDB: TIME 5317.4 LOAD: AVG 9.16111 MAX 9.45463  PROXIES: TOTAL 658 MAXPE 29 MAXPATCH 4 RefineTorusLB 1.61083
LDB: ============== END OF LOAD BALANCING =============== 5317.4

PRESSURE: 55000 -14613.5 15.5058 57.9555 3.50339 -14554.2 -57.8588 66.4145 -6.60046 -14524.9
GPRESSURE: 55000 -71.6823 30.5594 -20.7628 -12.3237 -81.2208 10.6944 78.7604 26.052 -23.5067
PRESSAVG: 55000 12.0928 -8.02031 -12.5745 -5.78736 -12.9447 10.202 -13.2769 18.0345 2.02326
GPRESSAVG: 55000 12.2084 -8.09322 -12.5923 -5.80868 -12.9568 10.2394 -13.3136 17.9845 1.92035
TIMING: 55000  CPU: 5008.45, 0.0907332/step  Wall: 5546.08, 0.101054/step, 5.47375 hours remaining, 166.288040 MB of memory in use.
ENERGY:   55000      8773.3992     44295.2378     30339.6857       591.4414        -606591.6737     25228.7640       309.6932         0.0000    146206.6790        -350846.7734       308.9382   -497053.4525   -350509.0044       309.6499         -14564.1960       -58.8033   2183870.6340         0.3905         0.3907

WRITING EXTENDED SYSTEM TO RESTART FILE AT STEP 55000
WRITING COORDINATES TO DCD FILE AT STEP 55000
WRITING COORDINATES TO RESTART FILE AT STEP 55000
FINISHED WRITING RESTART COORDINATES
WRITING VELOCITIES TO RESTART FILE AT STEP 55000
FINISHED WRITING RESTART VELOCITIES
LDB: ============= START OF LOAD BALANCING ============== 5712.98
LDB: ============== END OF LOAD BALANCING =============== 5712.98

LDB: ============= START OF LOAD BALANCING ============== 5723.25
LDB: TIME 5723.26 LOAD: AVG 9.14199 MAX 9.36352  PROXIES: TOTAL 658 MAXPE 29 MAXPATCH 4 None 1.59825
LDB: TIME 5723.27 LOAD: AVG 9.14199 MAX 9.36352  PROXIES: TOTAL 658 MAXPE 29 MAXPATCH 4 RefineTorusLB 1.59825
LDB: ============== END OF LOAD BALANCING =============== 5723.28

PRESSURE: 60000 -14628.4 -8.03378 -67.2364 -16.6794 -14608.3 -113.327 -50.8701 -115.697 -14498.5
GPRESSURE: 60000 -35.5161 20.4735 -23.2217 -41.3344 -59.9514 -117.474 -34.7968 -148.85 -84.2664
PRESSAVG: 60000 12.5997 -9.73572 -21.5667 -20.3874 -10.8698 20.0752 -10.7083 17.3992 1.52059
GPRESSAVG: 60000 12.733 -9.6605 -21.613 -20.267 -10.717 20.1169 -10.5529 17.4121 1.50107
TIMING: 60000  CPU: 5460.39, 0.0903889/step  Wall: 6052.87, 0.101359/step, 5.34951 hours remaining, 166.704056 MB of memory in use.
ENERGY:   60000      8933.6845     44278.4332     30290.7886       573.0477        -606120.3470     24920.0094       323.0246         0.0000    146364.0772        -350437.2819       309.2707   -496801.3590   -350106.0219       309.7584         -14578.4023       -59.9113   2181827.4616         1.0835         1.1724

WRITING EXTENDED SYSTEM TO RESTART FILE AT STEP 60000
WRITING COORDINATES TO DCD FILE AT STEP 60000
WRITING COORDINATES TO RESTART FILE AT STEP 60000
FINISHED WRITING RESTART COORDINATES
WRITING VELOCITIES TO RESTART FILE AT STEP 60000
FINISHED WRITING RESTART VELOCITIES
LDB: ============= START OF LOAD BALANCING ============== 6117.96
LDB: ============== END OF LOAD BALANCING =============== 6117.96

LDB: ============= START OF LOAD BALANCING ============== 6128.33
LDB: TIME 6128.36 LOAD: AVG 9.15542 MAX 9.41703  PROXIES: TOTAL 658 MAXPE 29 MAXPATCH 4 None 1.60715
LDB: TIME 6128.38 LOAD: AVG 9.15542 MAX 9.41703  PROXIES: TOTAL 658 MAXPE 29 MAXPATCH 4 RefineTorusLB 1.60715
LDB: ============== END OF LOAD BALANCING =============== 6128.38

LDB: ============= START OF LOAD BALANCING ============== 6521.93
LDB: ============== END OF LOAD BALANCING =============== 6521.93

LDB: ============= START OF LOAD BALANCING ============== 6532.18
LDB: TIME 6532.19 LOAD: AVG 9.15334 MAX 9.52522  PROXIES: TOTAL 658 MAXPE 29 MAXPATCH 4 None 1.60808
LDB: TIME 6532.2 LOAD: AVG 9.15334 MAX 9.52522  PROXIES: TOTAL 658 MAXPE 29 MAXPATCH 4 RefineTorusLB 1.60808
LDB: ============== END OF LOAD BALANCING =============== 6532.2

PRESSURE: 65000 -14440 135.252 -100.192 133.737 -14449.4 131.393 -86.1107 130.28 -14480.7
GPRESSURE: 65000 215.74 -19.4887 -104.524 43.337 101.421 105.599 -113.554 53.2727 -75.0908
PRESSAVG: 65000 11.1452 -24.0017 0.362074 -9.61363 -3.60195 -3.65176 20.987 7.76024 0.634817
GPRESSAVG: 65000 11.1242 -24.1382 0.408411 -9.68577 -3.56847 -3.78095 20.9618 7.75375 0.614146
TIMING: 65000  CPU: 5914.72, 0.0908652/step  Wall: 6558.4, 0.101106/step, 5.19575 hours remaining, 167.550095 MB of memory in use.
ENERGY:   65000      8726.9078     44241.0312     30372.0271       588.9981        -606826.3931     25391.2985       315.1812         0.0000    146008.2247        -351182.7244       308.5188   -497190.9491   -350831.7059       309.7800         -14456.7052        80.6900   2181769.0823         2.7260         2.7233

WRITING EXTENDED SYSTEM TO RESTART FILE AT STEP 65000
WRITING COORDINATES TO DCD FILE AT STEP 65000
WRITING COORDINATES TO RESTART FILE AT STEP 65000
FINISHED WRITING RESTART COORDINATES
WRITING VELOCITIES TO RESTART FILE AT STEP 65000
FINISHED WRITING RESTART VELOCITIES
LDB: ============= START OF LOAD BALANCING ============== 6926.17
LDB: ============== END OF LOAD BALANCING =============== 6926.17

LDB: ============= START OF LOAD BALANCING ============== 6936.46
LDB: TIME 6936.47 LOAD: AVG 9.11068 MAX 9.28507  PROXIES: TOTAL 658 MAXPE 29 MAXPATCH 4 None 1.58093
LDB: TIME 6936.49 LOAD: AVG 9.11068 MAX 9.28507  PROXIES: TOTAL 658 MAXPE 29 MAXPATCH 4 RefineTorusLB 1.58093
LDB: ============== END OF LOAD BALANCING =============== 6936.49

PRESSURE: 70000 -14480.4 -105.254 82.3847 -131.983 -14442.4 -21.0952 47.5752 43.1598 -14453.3
GPRESSURE: 70000 2.34672 -13.6889 99.5428 -113.45 158.862 33.9547 63.4699 69.7981 47.7094
PRESSAVG: 70000 8.67447 -13.958 6.70532 -2.83266 -5.25227 19.7221 14.5787 21.4766 0.507779
GPRESSAVG: 70000 8.79524 -13.832 6.79313 -2.69006 -5.26342 19.9181 14.4883 21.443 0.524173
TIMING: 70000  CPU: 6370.17, 0.0910902/step  Wall: 7063.08, 0.100936/step, 5.04678 hours remaining, 167.295212 MB of memory in use.
ENERGY:   70000      8835.4866     44394.2225     30356.4753       553.6475        -606904.9322     25393.3544       293.8827         0.0000    146468.6037        -350609.2596       309.4916   -497077.8632   -350251.0086       309.6900         -14458.6921        69.6395   2182993.8216         1.3100         1.3520

WRITING EXTENDED SYSTEM TO RESTART FILE AT STEP 70000
WRITING COORDINATES TO DCD FILE AT STEP 70000
WRITING COORDINATES TO RESTART FILE AT STEP 70000
FINISHED WRITING RESTART COORDINATES
WRITING VELOCITIES TO RESTART FILE AT STEP 70000
FINISHED WRITING RESTART VELOCITIES
LDB: ============= START OF LOAD BALANCING ============== 7329.18
LDB: ============== END OF LOAD BALANCING =============== 7329.18

LDB: ============= START OF LOAD BALANCING ============== 7339.59
LDB: TIME 7339.62 LOAD: AVG 9.15684 MAX 9.50048  PROXIES: TOTAL 658 MAXPE 29 MAXPATCH 4 None 1.60408
LDB: TIME 7339.65 LOAD: AVG 9.15684 MAX 9.50048  PROXIES: TOTAL 658 MAXPE 29 MAXPATCH 4 RefineTorusLB 1.60408
LDB: ============== END OF LOAD BALANCING =============== 7339.65

PRESSURE: 75000 -14403.1 63.8139 -54.5881 64.2832 -14519.3 161.736 -29.2548 171.305 -14449.6
GPRESSURE: 75000 184.406 77.2362 -31.3438 -1.22655 46.9658 124.43 2.4168 109.455 18.464
PRESSAVG: 75000 12.5201 -13.2882 -14.1851 -30.1602 -9.20755 8.00545 4.97765 11.9291 1.24399
GPRESSAVG: 75000 12.5803 -13.1891 -14.2244 -30.1789 -9.2735 7.9353 4.94825 12.2129 1.30418
TIMING: 75000  CPU: 6828.3, 0.0916263/step  Wall: 7567.58, 0.1009/step, 4.90487 hours remaining, 166.668991 MB of memory in use.
ENERGY:   75000      8772.7650     44785.9117     30274.9861       564.9720        -606817.2227     25666.1048       312.5007         0.0000    146366.4514        -350073.5310       309.2758   -496439.9824   -349714.4479       309.5108         -14457.3360        83.2785   2180540.0808         1.5188         1.5370

WRITING EXTENDED SYSTEM TO RESTART FILE AT STEP 75000
WRITING COORDINATES TO DCD FILE AT STEP 75000
WRITING COORDINATES TO RESTART FILE AT STEP 75000
FINISHED WRITING RESTART COORDINATES
WRITING VELOCITIES TO RESTART FILE AT STEP 75000
FINISHED WRITING RESTART VELOCITIES
LDB: ============= START OF LOAD BALANCING ============== 7733.61
LDB: ============== END OF LOAD BALANCING =============== 7733.61

LDB: ============= START OF LOAD BALANCING ============== 7744.04
LDB: TIME 7744.07 LOAD: AVG 9.17533 MAX 9.40069  PROXIES: TOTAL 658 MAXPE 29 MAXPATCH 4 None 1.60932
LDB: TIME 7744.09 LOAD: AVG 9.17533 MAX 9.40069  PROXIES: TOTAL 658 MAXPE 29 MAXPATCH 4 RefineTorusLB 1.60932
LDB: ============== END OF LOAD BALANCING =============== 7744.1

PRESSURE: 80000 -14506.6 44.7192 56.57 29.0756 -14325.6 36.863 45.1861 26.9233 -14286
GPRESSURE: 80000 222.202 28.6307 97.4899 -3.80939 201.396 -22.9892 38.297 40.1422 91.9635
PRESSAVG: 80000 18.0221 -4.00303 -16.9484 -5.04485 -17.9549 -13.8002 -4.00466 -5.78236 5.10091
GPRESSAVG: 80000 18.072 -4.0784 -16.9356 -5.13828 -17.9883 -13.8282 -4.07617 -5.77889 5.08276
TIMING: 80000  CPU: 7286.05, 0.0915485/step  Wall: 8073.34, 0.101151/step, 4.77656 hours remaining, 166.599533 MB of memory in use.
ENERGY:   80000      8836.0259     44166.1176     30373.5570       548.8190        -606728.3502     25485.8898       336.4046         0.0000    146334.8368        -350646.6994       309.2090   -496981.5362   -350294.8853       309.6658         -14372.7362       171.8538   2182656.2642         1.7227         1.7222

WRITING EXTENDED SYSTEM TO RESTART FILE AT STEP 80000
WRITING COORDINATES TO DCD FILE AT STEP 80000
WRITING COORDINATES TO RESTART FILE AT STEP 80000
FINISHED WRITING RESTART COORDINATES
WRITING VELOCITIES TO RESTART FILE AT STEP 80000
FINISHED WRITING RESTART VELOCITIES
LDB: ============= START OF LOAD BALANCING ============== 8138.36
LDB: ============== END OF LOAD BALANCING =============== 8138.36

LDB: ============= START OF LOAD BALANCING ============== 8148.74
LDB: TIME 8148.77 LOAD: AVG 9.18278 MAX 9.39258  PROXIES: TOTAL 658 MAXPE 29 MAXPATCH 4 None 1.62583
LDB: TIME 8148.79 LOAD: AVG 9.18278 MAX 9.39258  PROXIES: TOTAL 658 MAXPE 29 MAXPATCH 4 RefineTorusLB 1.62583
LDB: ============== END OF LOAD BALANCING =============== 8148.8

LDB: ============= START OF LOAD BALANCING ============== 8542.38
LDB: ============== END OF LOAD BALANCING =============== 8542.38

LDB: ============= START OF LOAD BALANCING ============== 8552.64
LDB: TIME 8552.68 LOAD: AVG 9.18341 MAX 9.38993  PROXIES: TOTAL 658 MAXPE 29 MAXPATCH 4 None 1.63679
LDB: TIME 8552.7 LOAD: AVG 9.18341 MAX 9.38993  PROXIES: TOTAL 658 MAXPE 29 MAXPATCH 4 RefineTorusLB 1.63679
LDB: ============== END OF LOAD BALANCING =============== 8552.7

PRESSURE: 85000 -14531.2 87.8538 -99.6845 80.2139 -14636.7 -57.6992 -107.072 -32.4023 -14476.7
GPRESSURE: 85000 4.74044 55.4181 -76.4301 1.74064 -62.7088 2.03763 -105.84 37.4127 87.1529
PRESSAVG: 85000 3.13657 -4.93274 8.40999 -0.301736 -5.79917 -3.05426 5.57417 -5.8125 -1.27051
GPRESSAVG: 85000 3.05941 -4.91852 8.44409 -0.36807 -5.74934 -2.96751 5.60648 -5.82259 -1.32747
TIMING: 85000  CPU: 7742.91, 0.0913731/step  Wall: 8578.49, 0.10103/step, 4.63056 hours remaining, 168.277237 MB of memory in use.
ENERGY:   85000      8903.0433     44470.9058     30359.9894       548.1018        -607012.0137     25167.1807       289.7320         0.0000    146457.1649        -350815.8958       309.4674   -497273.0607   -350452.6494       309.6455         -14548.2303         9.7282   2179303.6366        -1.3110        -1.3391

WRITING EXTENDED SYSTEM TO RESTART FILE AT STEP 85000
WRITING COORDINATES TO DCD FILE AT STEP 85000
WRITING COORDINATES TO RESTART FILE AT STEP 85000
FINISHED WRITING RESTART COORDINATES
WRITING VELOCITIES TO RESTART FILE AT STEP 85000
FINISHED WRITING RESTART VELOCITIES
LDB: ============= START OF LOAD BALANCING ============== 8946.62
LDB: ============== END OF LOAD BALANCING =============== 8946.62

LDB: ============= START OF LOAD BALANCING ============== 8957.08
LDB: TIME 8957.11 LOAD: AVG 9.18976 MAX 9.46414  PROXIES: TOTAL 658 MAXPE 29 MAXPATCH 4 None 1.61707
LDB: TIME 8957.14 LOAD: AVG 9.18976 MAX 9.46414  PROXIES: TOTAL 658 MAXPE 29 MAXPATCH 4 RefineTorusLB 1.61707
LDB: ============== END OF LOAD BALANCING =============== 8957.14

PRESSURE: 90000 -14591.1 -105.015 -40.469 -90.6744 -14824.7 -130.252 -38.3255 -140.75 -14487.2
GPRESSURE: 90000 -35.727 -35.671 -18.3334 -131.193 -177.688 -80.3589 -29.4827 0.0840728 10.8865
PRESSAVG: 90000 2.99993 -3.45666 -14.3354 -3.42824 -5.58136 11.6366 -4.4553 13.5563 -5.54207
GPRESSAVG: 90000 2.92471 -3.44539 -14.3525 -3.59511 -5.40875 11.6092 -4.56546 13.4191 -5.39424
TIMING: 90000  CPU: 8198.55, 0.0911271/step  Wall: 9084.85, 0.101272/step, 4.50097 hours remaining, 166.207809 MB of memory in use.
ENERGY:   90000      8823.8033     44334.8769     30308.3908       549.3076        -606740.0399     25120.0196       307.9877         0.0000    146671.4639        -350624.1900       309.9203   -497295.6539   -350261.1357       309.5953         -14634.3238       -67.5093   2178298.3823        -2.7078        -2.6261

WRITING EXTENDED SYSTEM TO RESTART FILE AT STEP 90000
WRITING COORDINATES TO DCD FILE AT STEP 90000
WRITING COORDINATES TO RESTART FILE AT STEP 90000
FINISHED WRITING RESTART COORDINATES
WRITING VELOCITIES TO RESTART FILE AT STEP 90000
FINISHED WRITING RESTART VELOCITIES
LDB: ============= START OF LOAD BALANCING ============== 9352.53
LDB: ============== END OF LOAD BALANCING =============== 9352.53

LDB: ============= START OF LOAD BALANCING ============== 9362.98
LDB: TIME 9362.99 LOAD: AVG 9.16558 MAX 9.40037  PROXIES: TOTAL 658 MAXPE 29 MAXPATCH 4 None 1.61142
LDB: TIME 9363 LOAD: AVG 9.16558 MAX 9.40037  PROXIES: TOTAL 658 MAXPE 29 MAXPATCH 4 RefineTorusLB 1.61142
LDB: ============== END OF LOAD BALANCING =============== 9363

PRESSURE: 95000 -14430.5 69.349 81.4984 46.6399 -14759.6 -82.2077 26.1923 -60.0122 -14459.4
GPRESSURE: 95000 95.4789 25.1672 70.1251 36.7169 -136.814 -80.3854 31.417 -37.3165 48.4804
PRESSAVG: 95000 12.1092 2.22808 11.684 6.19476 -2.52162 29.834 6.88012 24.3059 3.558
GPRESSAVG: 95000 12.186 2.20846 11.6832 6.29092 -2.48177 29.844 6.99916 24.3431 3.52765
TIMING: 95000  CPU: 8653.02, 0.0908944/step  Wall: 9591.26, 0.101283/step, 4.36079 hours remaining, 167.812088 MB of memory in use.
ENERGY:   95000      8930.1510     44462.7939     30485.5641       576.5972        -607085.1654     25117.6277       305.8945         0.0000    146743.1881        -350463.3490       310.0718   -497206.5371   -350094.1495       309.9699         -14549.8443         2.3816   2179741.7099         4.3819         4.4106

WRITING EXTENDED SYSTEM TO RESTART FILE AT STEP 95000
WRITING COORDINATES TO DCD FILE AT STEP 95000
WRITING COORDINATES TO RESTART FILE AT STEP 95000
FINISHED WRITING RESTART COORDINATES
WRITING VELOCITIES TO RESTART FILE AT STEP 95000
FINISHED WRITING RESTART VELOCITIES
LDB: ============= START OF LOAD BALANCING ============== 9756.74
LDB: ============== END OF LOAD BALANCING =============== 9756.74

LDB: ============= START OF LOAD BALANCING ============== 9767.06
LDB: TIME 9767.07 LOAD: AVG 9.13237 MAX 9.45366  PROXIES: TOTAL 658 MAXPE 29 MAXPATCH 4 None 1.59558
LDB: TIME 9767.08 LOAD: AVG 9.13237 MAX 9.45366  PROXIES: TOTAL 658 MAXPE 29 MAXPATCH 4 RefineTorusLB 1.59558
LDB: ============== END OF LOAD BALANCING =============== 9767.09

PRESSURE: 100000 -14559.5 -44.7309 -133.254 -50.6879 -14527.9 -57.3631 -100.748 -52.5648 -14433.7
GPRESSURE: 100000 1.27887 -33.002 -88.573 -30.5516 10.8389 -50.7741 -51.3542 -33.2128 4.63476
PRESSAVG: 100000 9.58425 -1.70659 -0.999991 4.76715 -19.5053 22.1662 14.704 19.3936 1.66728
GPRESSAVG: 100000 9.43736 -1.62079 -0.856506 4.68466 -19.6103 22.0535 14.607 19.4174 1.67347
TIMING: 100000  CPU: 9106.56, 0.090708/step  Wall: 10095.9, 0.100935/step, 4.20563 hours remaining, 167.772018 MB of memory in use.
ETITLE:      TS           BOND          ANGLE          DIHED          IMPRP               ELECT            VDW       BOUNDARY           MISC        KINETIC               TOTAL           TEMP      POTENTIAL         TOTAL3        TEMPAVG            PRESSURE      GPRESSURE         VOLUME       PRESSAVG      GPRESSAVG

ENERGY:  100000      8905.6094     44224.8894     30314.5987       554.4098        -606083.7718     24705.7818       292.0408         0.0000    146105.7945        -350980.6474       308.7250   -497086.4419   -350613.5244       310.2541         -14507.0205         5.5842   2183142.7054        -2.7513        -2.8332

WRITING EXTENDED SYSTEM TO RESTART FILE AT STEP 100000
WRITING COORDINATES TO DCD FILE AT STEP 100000
WRITING COORDINATES TO RESTART FILE AT STEP 100000
FINISHED WRITING RESTART COORDINATES
WRITING VELOCITIES TO RESTART FILE AT STEP 100000
FINISHED WRITING RESTART VELOCITIES
LDB: ============= START OF LOAD BALANCING ============== 10161.3
LDB: ============== END OF LOAD BALANCING =============== 10161.3

LDB: ============= START OF LOAD BALANCING ============== 10171.8
LDB: TIME 10171.9 LOAD: AVG 9.15368 MAX 9.45421  PROXIES: TOTAL 658 MAXPE 29 MAXPATCH 4 None 1.5877
LDB: TIME 10171.9 LOAD: AVG 9.15368 MAX 9.45421  PROXIES: TOTAL 658 MAXPE 29 MAXPATCH 4 RefineTorusLB 1.5877
LDB: ============== END OF LOAD BALANCING =============== 10171.9

LDB: ============= START OF LOAD BALANCING ============== 10564.6
LDB: ============== END OF LOAD BALANCING =============== 10564.6

LDB: ============= START OF LOAD BALANCING ============== 10574.8
LDB: TIME 10574.9 LOAD: AVG 9.14009 MAX 9.4481  PROXIES: TOTAL 658 MAXPE 29 MAXPATCH 4 None 1.60026
LDB: TIME 10574.9 LOAD: AVG 9.14009 MAX 9.4481  PROXIES: TOTAL 658 MAXPE 29 MAXPATCH 4 RefineTorusLB 1.60026
LDB: ============== END OF LOAD BALANCING =============== 10574.9

PRESSURE: 105000 -14633.4 -67.9495 94.4256 -113.711 -14466.3 5.45753 81.4102 -24.5004 -14480
GPRESSURE: 105000 -56.1453 13.9096 -42.3732 -59.3669 -7.51881 71.3291 63.2925 -49.4709 -13.9565
PRESSAVG: 105000 42.2224 -0.929068 25.792 12.5645 -34.9604 34.2781 21.4386 29.5648 -1.4465
GPRESSAVG: 105000 42.26 -1.05467 25.7313 12.583 -35.0248 34.4894 21.2061 29.6786 -1.34772
TIMING: 105000  CPU: 9562.86, 0.0912595/step  Wall: 10600.9, 0.100989/step, 4.0676 hours remaining, 166.680862 MB of memory in use.
ENERGY:  105000      8786.5036     44270.2239     30315.3268       573.9698        -606000.8260     25157.2972       309.2448         0.0000    146348.4108        -350239.8490       309.2376   -496588.2598   -349891.4113       310.2506         -14526.5817       -25.8735   2184239.6605         1.9385         1.9625

WRITING EXTENDED SYSTEM TO RESTART FILE AT STEP 105000
WRITING COORDINATES TO DCD FILE AT STEP 105000
WRITING COORDINATES TO RESTART FILE AT STEP 105000
FINISHED WRITING RESTART COORDINATES
WRITING VELOCITIES TO RESTART FILE AT STEP 105000
FINISHED WRITING RESTART VELOCITIES
LDB: ============= START OF LOAD BALANCING ============== 10969.2
LDB: ============== END OF LOAD BALANCING =============== 10969.2

LDB: ============= START OF LOAD BALANCING ============== 10979.5
LDB: TIME 10979.6 LOAD: AVG 9.15527 MAX 9.38181  PROXIES: TOTAL 658 MAXPE 29 MAXPATCH 4 None 1.59693
LDB: TIME 10979.6 LOAD: AVG 9.15527 MAX 9.38181  PROXIES: TOTAL 658 MAXPE 29 MAXPATCH 4 RefineTorusLB 1.59693
LDB: ============== END OF LOAD BALANCING =============== 10979.6

PRESSURE: 110000 -14718 64.4689 -43.1014 56.9595 -14687.2 87.6199 -40.1198 124.343 -14534.9
GPRESSURE: 110000 -118.317 154.161 -74.832 77.3343 -184.627 114.571 15.4321 96.6306 -20.4536
PRESSAVG: 110000 16.9048 0.221437 4.17413 8.25968 -7.03984 10.0507 -3.23745 15.3943 -0.546104
GPRESSAVG: 110000 16.9036 0.205123 4.24167 8.36567 -6.97972 10.1773 -3.19989 15.2907 -0.539566
TIMING: 110000  CPU: 10018.3, 0.0910946/step  Wall: 11106.4, 0.101095/step, 3.93147 hours remaining, 168.328995 MB of memory in use.
ENERGY:  110000      8978.7436     44325.9739     30202.1961       561.4221        -606290.9352     24784.0998       310.0716         0.0000    146518.6238        -350609.8044       309.5973   -497128.4282   -350253.5932       309.9989         -14646.7017      -107.7993   2180025.0973         3.1063         3.1281

WRITING EXTENDED SYSTEM TO RESTART FILE AT STEP 110000
WRITING COORDINATES TO DCD FILE AT STEP 110000
WRITING COORDINATES TO RESTART FILE AT STEP 110000
FINISHED WRITING RESTART COORDINATES
WRITING VELOCITIES TO RESTART FILE AT STEP 110000
FINISHED WRITING RESTART VELOCITIES
LDB: ============= START OF LOAD BALANCING ============== 11373.8
LDB: ============== END OF LOAD BALANCING =============== 11373.8

LDB: ============= START OF LOAD BALANCING ============== 11384.1
LDB: TIME 11384.1 LOAD: AVG 9.16611 MAX 9.33681  PROXIES: TOTAL 658 MAXPE 29 MAXPATCH 4 None 1.60125
LDB: TIME 11384.2 LOAD: AVG 9.16611 MAX 9.33681  PROXIES: TOTAL 658 MAXPE 29 MAXPATCH 4 RefineTorusLB 1.60125
LDB: ============== END OF LOAD BALANCING =============== 11384.2

PRESSURE: 115000 -14781.2 7.88846 -45.5295 13.6256 -14724.1 20.5918 -51.2957 28.7809 -14352.3
GPRESSURE: 115000 -146.526 24.6474 -112.939 -6.69984 -256.813 -55.7814 -76.0005 36.4472 140.198
PRESSAVG: 115000 -6.13555 -12.3708 10.6887 -21.8641 11.3683 -2.6928 2.13229 6.65514 1.39949
GPRESSAVG: 115000 -6.23274 -12.5101 10.5392 -21.8252 11.3133 -2.82622 2.2577 6.59174 1.4487
TIMING: 115000  CPU: 10471.6, 0.0906622/step  Wall: 11612.7, 0.101262/step, 3.79732 hours remaining, 166.500381 MB of memory in use.
ENERGY:  115000      8869.7163     44326.8212     30248.4180       585.1016        -606177.1651     24616.4888       289.4385         0.0000    146678.0836        -350563.0970       309.9342   -497241.1806   -350212.0817       309.6716         -14619.2058       -87.7135   2179349.7842         2.2107         2.1764

WRITING EXTENDED SYSTEM TO RESTART FILE AT STEP 115000
WRITING COORDINATES TO DCD FILE AT STEP 115000
WRITING COORDINATES TO RESTART FILE AT STEP 115000
FINISHED WRITING RESTART COORDINATES
WRITING VELOCITIES TO RESTART FILE AT STEP 115000
FINISHED WRITING RESTART VELOCITIES
LDB: ============= START OF LOAD BALANCING ============== 11779
LDB: ============== END OF LOAD BALANCING =============== 11779

LDB: ============= START OF LOAD BALANCING ============== 11789.5
LDB: TIME 11789.6 LOAD: AVG 9.18703 MAX 9.47546  PROXIES: TOTAL 658 MAXPE 29 MAXPATCH 4 None 1.60703
LDB: TIME 11789.6 LOAD: AVG 9.18703 MAX 9.47546  PROXIES: TOTAL 658 MAXPE 29 MAXPATCH 4 RefineTorusLB 1.60703
LDB: ============== END OF LOAD BALANCING =============== 11789.6

PRESSURE: 120000 -14567.2 -51.2937 -176.36 -60.3879 -14458.8 32.1434 -206.08 71.4348 -14304.1
GPRESSURE: 120000 57.2127 -3.83433 -105.263 -35.8544 84.959 48.1337 -190.094 139.219 156.544
PRESSAVG: 120000 -1.28563 -9.75055 -11.5925 -16.5182 4.56839 22.4683 -13.3363 23.6139 2.6506
GPRESSAVG: 120000 -1.26641 -9.68102 -11.3219 -16.7396 4.4926 22.4159 -13.3479 23.5995 2.63842
TIMING: 120000  CPU: 10925.4, 0.0907596/step  Wall: 12118.5, 0.101171/step, 3.6534 hours remaining, 165.838669 MB of memory in use.
ENERGY:  120000      8842.8921     44292.8048     30385.1093       589.5098        -606634.4752     25208.9846       309.7614         0.0000    146269.3277        -350736.0856       309.0705   -497005.4133   -350360.4162       309.8064         -14443.3538        99.5718   2176933.1434         1.9778         1.9549

WRITING EXTENDED SYSTEM TO RESTART FILE AT STEP 120000
WRITING COORDINATES TO DCD FILE AT STEP 120000
WRITING COORDINATES TO RESTART FILE AT STEP 120000
FINISHED WRITING RESTART COORDINATES
WRITING VELOCITIES TO RESTART FILE AT STEP 120000
FINISHED WRITING RESTART VELOCITIES
LDB: ============= START OF LOAD BALANCING ============== 12183.8
LDB: ============== END OF LOAD BALANCING =============== 12183.8

LDB: ============= START OF LOAD BALANCING ============== 12194.1
LDB: TIME 12194.1 LOAD: AVG 9.16588 MAX 9.62984  PROXIES: TOTAL 658 MAXPE 29 MAXPATCH 4 None 1.61159
LDB: TIME 12194.2 LOAD: AVG 9.16588 MAX 9.61764  PROXIES: TOTAL 658 MAXPE 29 MAXPATCH 4 RefineTorusLB 1.61159
LDB: ============== END OF LOAD BALANCING =============== 12194.2

LDB: ============= START OF LOAD BALANCING ============== 12588.5
LDB: ============== END OF LOAD BALANCING =============== 12588.5

LDB: ============= START OF LOAD BALANCING ============== 12598.8
LDB: TIME 12598.8 LOAD: AVG 9.15612 MAX 9.43213  PROXIES: TOTAL 658 MAXPE 29 MAXPATCH 4 None 1.59806
LDB: TIME 12598.8 LOAD: AVG 9.15612 MAX 9.43213  PROXIES: TOTAL 658 MAXPE 29 MAXPATCH 4 RefineTorusLB 1.59806
LDB: ============== END OF LOAD BALANCING =============== 12598.8

PRESSURE: 125000 -14297.9 -27.4859 -74.0522 28.0844 -14554.4 -38.0202 -52.8384 20.9937 -14296.5
GPRESSURE: 125000 288.884 -57.027 -176.862 66.6591 115.036 -1.00685 -66.2839 139.954 214.086
PRESSAVG: 125000 12.3072 -38.4419 -16.1546 -18.6592 -15.3884 6.57377 -5.85176 2.18083 2.42447
GPRESSAVG: 125000 12.3188 -38.5659 -16.2512 -18.7061 -15.3708 6.52659 -5.89433 2.25083 2.3976
TIMING: 125000  CPU: 11382.9, 0.0914917/step  Wall: 12624.8, 0.101262/step, 3.51604 hours remaining, 166.125687 MB of memory in use.
ENERGY:  125000      8804.5673     44382.1310     30326.5348       567.1765        -608141.4961     26384.7016       292.7437         0.0000    146593.7975        -350789.8438       309.7561   -497383.6413   -350456.8334       310.0419         -14382.9226       206.0022   2177114.6515        -0.2189        -0.2181

WRITING EXTENDED SYSTEM TO RESTART FILE AT STEP 125000
WRITING COORDINATES TO DCD FILE AT STEP 125000
WRITING COORDINATES TO RESTART FILE AT STEP 125000
FINISHED WRITING RESTART COORDINATES
WRITING VELOCITIES TO RESTART FILE AT STEP 125000
FINISHED WRITING RESTART VELOCITIES
LDB: ============= START OF LOAD BALANCING ============== 12992.9
LDB: ============== END OF LOAD BALANCING =============== 12992.9

LDB: ============= START OF LOAD BALANCING ============== 13003.3
LDB: TIME 13003.3 LOAD: AVG 9.18304 MAX 9.41375  PROXIES: TOTAL 658 MAXPE 29 MAXPATCH 4 None 1.61814
LDB: TIME 13003.3 LOAD: AVG 9.18304 MAX 9.41375  PROXIES: TOTAL 658 MAXPE 29 MAXPATCH 4 RefineTorusLB 1.61814
LDB: ============== END OF LOAD BALANCING =============== 13003.4

WRITING COORDINATES TO DCD FILE AT STEP 130000
WRITING COORDINATES TO RESTART FILE AT STEP 130000
FINISHED WRITING RESTART COORDINATES
WRITING VELOCITIES TO RESTART FILE AT STEP 130000
FINISHED WRITING RESTART VELOCITIES
PRESSURE: 130000 -14667.8 -11.1384 27.0279 -18.958 -14358.9 -82.1821 89.173 -65.985 -14312.3
GPRESSURE: 130000 -28.426 103.327 -24.2916 33.8791 252.381 -35.4513 31.6314 -10.7585 142.679
PRESSAVG: 130000 6.0126 -42.7852 -4.30539 -36.6344 -0.717155 -8.81922 -9.73172 20.2042 1.40353
GPRESSAVG: 130000 6.08516 -42.7787 -4.24737 -36.6816 -0.593498 -8.78039 -9.73802 20.1202 1.51266
TIMING: 130000  CPU: 11839, 0.0912193/step  Wall: 13131.5, 0.101336/step, 3.37788 hours remaining, 165.253616 MB of memory in use.
ENERGY:  130000      8720.8079     44265.5757     30177.5575       581.8368        -606929.1532     25075.4265       301.6655         0.0000    146288.7420        -351517.5412       309.1116   -497806.2832   -351166.1667       309.8813         -14446.3289       122.2115   2178066.7758         2.2330         2.3348

WRITING EXTENDED SYSTEM TO RESTART FILE AT STEP 130000
LDB: ============= START OF LOAD BALANCING ============== 13398.8
LDB: ============== END OF LOAD BALANCING =============== 13398.8

LDB: ============= START OF LOAD BALANCING ============== 13409.1
LDB: TIME 13409.1 LOAD: AVG 9.18479 MAX 9.44631  PROXIES: TOTAL 658 MAXPE 29 MAXPATCH 4 None 1.61718
LDB: TIME 13409.2 LOAD: AVG 9.18479 MAX 9.44631  PROXIES: TOTAL 658 MAXPE 29 MAXPATCH 4 RefineTorusLB 1.61718
LDB: ============== END OF LOAD BALANCING =============== 13409.2

PRESSURE: 135000 -14707.4 36.8196 -30.0351 6.88171 -14470.6 52.3489 -86.844 88.3931 -14387.5
GPRESSURE: 135000 -114.231 100.04 -4.49248 8.54689 232.312 53.0843 -43.865 19.6941 116.878
PRESSAVG: 135000 8.90195 -31.7513 -15.4027 -16.6631 -14.4492 7.66537 -17.4832 12.7893 2.52565
GPRESSAVG: 135000 8.77028 -31.753 -15.456 -16.6406 -14.491 7.6237 -17.4245 12.7726 2.45761
TIMING: 135000  CPU: 12295, 0.0911993/step  Wall: 13637.5, 0.101189/step, 3.23243 hours remaining, 165.980301 MB of memory in use.
ENERGY:  135000      8776.0537     44187.0066     30271.3701       571.4157        -607609.7696     25472.4355       311.5174         0.0000    146060.8408        -351959.1298       308.6300   -498019.9706   -351587.4190       309.5501         -14521.8395        78.3198   2175467.1575        -1.0072        -1.0877

WRITING EXTENDED SYSTEM TO RESTART FILE AT STEP 135000
WRITING COORDINATES TO DCD FILE AT STEP 135000
WRITING COORDINATES TO RESTART FILE AT STEP 135000
FINISHED WRITING RESTART COORDINATES
WRITING VELOCITIES TO RESTART FILE AT STEP 135000
FINISHED WRITING RESTART VELOCITIES
LDB: ============= START OF LOAD BALANCING ============== 13804
LDB: ============== END OF LOAD BALANCING =============== 13804

LDB: ============= START OF LOAD BALANCING ============== 13814.4
LDB: TIME 13814.5 LOAD: AVG 9.18682 MAX 9.43015  PROXIES: TOTAL 658 MAXPE 29 MAXPATCH 4 None 1.62275
LDB: TIME 13814.5 LOAD: AVG 9.18682 MAX 9.43015  PROXIES: TOTAL 658 MAXPE 29 MAXPATCH 4 RefineTorusLB 1.62275
LDB: ============== END OF LOAD BALANCING =============== 13814.5

PRESSURE: 140000 -14616.5 -75.8921 -1.52091 -72.0061 -14690.7 -78.7994 21.7081 -79.8427 -14472
GPRESSURE: 140000 -66.0802 -116.801 -46.4021 -61.0678 -33.7351 -66.0015 11.3638 -63.1969 -38.4348
PRESSAVG: 140000 -1.88934 -3.94827 3.46259 -3.22612 6.76765 17.2636 0.715287 10.994 0.693038
GPRESSAVG: 140000 -1.93581 -3.99478 3.51967 -3.34858 6.78179 17.1755 0.779551 10.9846 0.574379
TIMING: 140000  CPU: 12750.8, 0.0911563/step  Wall: 14143, 0.101116/step, 3.08966 hours remaining, 166.500198 MB of memory in use.
ENERGY:  140000      8901.0258     44532.1693     30437.6852       536.3941        -607593.8454     25616.7460       293.7512         0.0000    146222.4540        -351053.6197       308.9715   -497276.0737   -350692.5480       309.7522         -14593.0565       -46.0834   2182901.4911         1.8571         1.8068

WRITING EXTENDED SYSTEM TO RESTART FILE AT STEP 140000
WRITING COORDINATES TO DCD FILE AT STEP 140000
WRITING COORDINATES TO RESTART FILE AT STEP 140000
FINISHED WRITING RESTART COORDINATES
WRITING VELOCITIES TO RESTART FILE AT STEP 140000
FINISHED WRITING RESTART VELOCITIES
LDB: ============= START OF LOAD BALANCING ============== 14208.2
LDB: ============== END OF LOAD BALANCING =============== 14208.2

LDB: ============= START OF LOAD BALANCING ============== 14218.4
LDB: TIME 14218.5 LOAD: AVG 9.14124 MAX 9.30239  PROXIES: TOTAL 658 MAXPE 29 MAXPATCH 4 None 1.59788
LDB: TIME 14218.5 LOAD: AVG 9.14124 MAX 9.30239  PROXIES: TOTAL 658 MAXPE 29 MAXPATCH 4 RefineTorusLB 1.59788
LDB: ============== END OF LOAD BALANCING =============== 14218.5

LDB: ============= START OF LOAD BALANCING ============== 14612.2
LDB: ============== END OF LOAD BALANCING =============== 14612.2

LDB: ============= START OF LOAD BALANCING ============== 14622.6
LDB: TIME 14622.6 LOAD: AVG 9.17597 MAX 9.41035  PROXIES: TOTAL 658 MAXPE 29 MAXPATCH 4 None 1.60705
LDB: TIME 14622.7 LOAD: AVG 9.17597 MAX 9.41035  PROXIES: TOTAL 658 MAXPE 29 MAXPATCH 4 RefineTorusLB 1.60705
LDB: ============== END OF LOAD BALANCING =============== 14622.7

PRESSURE: 145000 -14531.6 -67.4956 -96.5063 -38.0732 -14601.7 83.4143 -81.954 61.2339 -14533.8
GPRESSURE: 145000 61.0954 25.0021 -48.9955 88.0804 67.2697 143.359 -41.9242 17.2124 -65.4852
PRESSAVG: 145000 4.09068 -23.7771 14.2357 -31.1509 -4.83133 2.31072 1.94681 -2.6627 3.86425
GPRESSAVG: 145000 4.02203 -23.733 14.2388 -31.0481 -4.77524 2.41252 1.87469 -2.80726 3.97674
TIMING: 145000  CPU: 13204.9, 0.0908208/step  Wall: 14648.6, 0.10112/step, 2.94934 hours remaining, 166.369003 MB of memory in use.
ENERGY:  145000      8872.3329     44247.7766     30352.6239       569.5556        -607582.6135     25211.3300       306.4262         0.0000    145876.2714        -352146.2969       308.2400   -498022.5683   -351793.9182       310.0576         -14555.7360        20.9600   2178697.8258         1.0412         1.0745

WRITING EXTENDED SYSTEM TO RESTART FILE AT STEP 145000
WRITING COORDINATES TO DCD FILE AT STEP 145000
WRITING COORDINATES TO RESTART FILE AT STEP 145000
FINISHED WRITING RESTART COORDINATES
WRITING VELOCITIES TO RESTART FILE AT STEP 145000
FINISHED WRITING RESTART VELOCITIES
LDB: ============= START OF LOAD BALANCING ============== 15015.9
LDB: ============== END OF LOAD BALANCING =============== 15015.9

LDB: ============= START OF LOAD BALANCING ============== 15026.3
LDB: TIME 15026.3 LOAD: AVG 9.16516 MAX 9.41433  PROXIES: TOTAL 658 MAXPE 29 MAXPATCH 4 None 1.60936
LDB: TIME 15026.4 LOAD: AVG 9.16516 MAX 9.41433  PROXIES: TOTAL 658 MAXPE 29 MAXPATCH 4 RefineTorusLB 1.60936
LDB: ============== END OF LOAD BALANCING =============== 15026.4

PRESSURE: 150000 -14650.3 30.4624 -14.8493 45.078 -14573.1 4.47318 3.31655 2.2465 -14663.7
GPRESSURE: 150000 -29.5853 1.22965 -82.5136 -1.94434 -12.8647 47.9232 -6.05996 12.768 -244.415
PRESSAVG: 150000 -8.81729 -26.5571 12.3953 -6.80394 6.94251 14.4439 17.5592 24.7205 1.7822
GPRESSAVG: 150000 -8.82849 -26.5303 12.4482 -7.03691 6.86884 14.3799 17.3687 24.7522 1.88799
TIMING: 150000  CPU: 13658.4, 0.0907062/step  Wall: 15152.9, 0.100856/step, 2.80155 hours remaining, 167.549820 MB of memory in use.
ETITLE:      TS           BOND          ANGLE          DIHED          IMPRP               ELECT            VDW       BOUNDARY           MISC        KINETIC               TOTAL           TEMP      POTENTIAL         TOTAL3        TEMPAVG            PRESSURE      GPRESSURE         VOLUME       PRESSAVG      GPRESSAVG

ENERGY:  150000      8918.7387     44151.5115     30392.1501       566.6966        -607268.4328     25360.1379       309.9058         0.0000    146386.7276        -351182.5646       309.3186   -497569.2922   -350840.2931       309.7256         -14629.0183       -95.6216   2182395.7544        -0.0309        -0.0239

WRITING EXTENDED SYSTEM TO RESTART FILE AT STEP 150000
WRITING COORDINATES TO DCD FILE AT STEP 150000
WRITING COORDINATES TO RESTART FILE AT STEP 150000
FINISHED WRITING RESTART COORDINATES
WRITING VELOCITIES TO RESTART FILE AT STEP 150000
FINISHED WRITING RESTART VELOCITIES
LDB: ============= START OF LOAD BALANCING ============== 15420.2
LDB: ============== END OF LOAD BALANCING =============== 15420.2

LDB: ============= START OF LOAD BALANCING ============== 15430.5
LDB: TIME 15430.6 LOAD: AVG 9.14816 MAX 9.35172  PROXIES: TOTAL 658 MAXPE 29 MAXPATCH 4 None 1.59513
LDB: TIME 15430.6 LOAD: AVG 9.14816 MAX 9.35172  PROXIES: TOTAL 658 MAXPE 29 MAXPATCH 4 RefineTorusLB 1.59513
LDB: ============== END OF LOAD BALANCING =============== 15430.6

PRESSURE: 155000 -14648.7 67.0579 172.436 99.6407 -14791.5 -108.104 139.114 -53.036 -14421.4
GPRESSURE: 155000 -81.3441 43.9811 134.277 123.678 -181.037 -102.203 86.7355 -46.5875 37.3689
PRESSAVG: 155000 5.25074 -23.455 25.3769 -18.0817 0.436895 11.4698 12.7579 19.2871 6.69743
GPRESSAVG: 155000 5.2685 -23.5969 25.2189 -17.9018 0.406239 11.3208 12.8889 19.3436 6.7237
TIMING: 155000  CPU: 14110.7, 0.0904526/step  Wall: 15658.1, 0.101042/step, 2.66638 hours remaining, 167.979599 MB of memory in use.
ENERGY:  155000      8756.7221     44285.1812     30384.2023       574.0820        -607047.3518     25057.1921       313.6062         0.0000    146401.5391        -351274.8267       309.3499   -497676.3658   -350910.3496       309.4691         -14620.5676       -75.0039   2179750.7115         4.1284         4.1328

WRITING EXTENDED SYSTEM TO RESTART FILE AT STEP 155000
WRITING COORDINATES TO DCD FILE AT STEP 155000
WRITING COORDINATES TO RESTART FILE AT STEP 155000
FINISHED WRITING RESTART COORDINATES
WRITING VELOCITIES TO RESTART FILE AT STEP 155000
FINISHED WRITING RESTART VELOCITIES
LDB: ============= START OF LOAD BALANCING ============== 15824
LDB: ============== END OF LOAD BALANCING =============== 15824

LDB: ============= START OF LOAD BALANCING ============== 15834.2
LDB: TIME 15834.3 LOAD: AVG 9.16966 MAX 9.48611  PROXIES: TOTAL 658 MAXPE 29 MAXPATCH 4 None 1.61224
LDB: TIME 15834.3 LOAD: AVG 9.16966 MAX 9.48611  PROXIES: TOTAL 658 MAXPE 29 MAXPATCH 4 RefineTorusLB 1.61224
LDB: ============== END OF LOAD BALANCING =============== 15834.3

PRESSURE: 160000 -14493.4 -4.14851 117.075 -18.7825 -14605.8 92.7755 40.0863 142.074 -14371.9
GPRESSURE: 160000 84.3926 43.0465 170.171 -36.9308 46.5416 137.782 41.3488 204.3 -2.59386
PRESSAVG: 160000 10.8669 -24.5009 19.4725 -18.9724 -9.10003 -7.05882 16.7557 11.9009 -2.89998
GPRESSAVG: 160000 10.9537 -24.6199 19.4594 -19.0596 -9.00577 -7.02304 16.7886 11.9783 -3.03059
TIMING: 160000  CPU: 14562.4, 0.0903451/step  Wall: 16163.4, 0.101051/step, 2.52627 hours remaining, 168.641708 MB of memory in use.
ENERGY:  160000      8851.5217     44231.4318     30323.6842       548.0077        -606820.2745     25543.1616       300.7653         0.0000    146470.2910        -350551.4111       309.4952   -497021.7021   -350192.2645       309.7575         -14490.4018        42.7801   2180232.4647        -0.3777        -0.3609

WRITING EXTENDED SYSTEM TO RESTART FILE AT STEP 160000
WRITING COORDINATES TO DCD FILE AT STEP 160000
WRITING COORDINATES TO RESTART FILE AT STEP 160000
FINISHED WRITING RESTART COORDINATES
WRITING VELOCITIES TO RESTART FILE AT STEP 160000
FINISHED WRITING RESTART VELOCITIES
LDB: ============= START OF LOAD BALANCING ============== 16228.5
LDB: ============== END OF LOAD BALANCING =============== 16228.5

LDB: ============= START OF LOAD BALANCING ============== 16238.8
LDB: TIME 16238.9 LOAD: AVG 9.15059 MAX 9.34164  PROXIES: TOTAL 658 MAXPE 29 MAXPATCH 4 None 1.59753
LDB: TIME 16238.9 LOAD: AVG 9.15059 MAX 9.34164  PROXIES: TOTAL 658 MAXPE 29 MAXPATCH 4 RefineTorusLB 1.59753
LDB: ============== END OF LOAD BALANCING =============== 16238.9

LDB: ============= START OF LOAD BALANCING ============== 16633.1
LDB: ============== END OF LOAD BALANCING =============== 16633.1

LDB: ============= START OF LOAD BALANCING ============== 16643.5
LDB: TIME 16643.5 LOAD: AVG 9.17504 MAX 9.42504  PROXIES: TOTAL 658 MAXPE 29 MAXPATCH 4 None 1.6104
LDB: TIME 16643.6 LOAD: AVG 9.17504 MAX 9.42504  PROXIES: TOTAL 658 MAXPE 29 MAXPATCH 4 RefineTorusLB 1.6104
LDB: ============== END OF LOAD BALANCING =============== 16643.6

PRESSURE: 165000 -14288.9 -26.5917 16.9279 -60.4175 -14343 150.287 -5.45019 197.465 -14439.6
GPRESSURE: 165000 315.613 -20.9754 130.847 -25.3387 266.88 105.22 28.9174 179.877 140.851
PRESSAVG: 165000 15.1308 9.40028 -4.21425 6.85156 -14.4521 25.2602 -20.7788 5.49322 0.811393
GPRESSAVG: 165000 15.0701 9.43369 -4.30411 6.79696 -14.4728 25.1661 -20.7958 5.50439 0.848894
TIMING: 165000  CPU: 15016.1, 0.0907332/step  Wall: 16669.7, 0.101258/step, 2.39081 hours remaining, 167.481216 MB of memory in use.
ENERGY:  165000      8742.5382     44382.1109     30443.0999       576.2575        -608046.4431     26054.0399       312.2482         0.0000    146361.9314        -351174.2172       309.2662   -497536.1486   -350827.5664       309.8678         -14357.1543       241.1147   2175727.2572         0.4967         0.4820

WRITING EXTENDED SYSTEM TO RESTART FILE AT STEP 165000
WRITING COORDINATES TO DCD FILE AT STEP 165000
WRITING COORDINATES TO RESTART FILE AT STEP 165000
FINISHED WRITING RESTART COORDINATES
WRITING VELOCITIES TO RESTART FILE AT STEP 165000
FINISHED WRITING RESTART VELOCITIES
LDB: ============= START OF LOAD BALANCING ============== 17037.6
LDB: ============== END OF LOAD BALANCING =============== 17037.6

LDB: ============= START OF LOAD BALANCING ============== 17047.9
LDB: TIME 17047.9 LOAD: AVG 9.18274 MAX 9.40978  PROXIES: TOTAL 658 MAXPE 29 MAXPATCH 4 None 1.62402
LDB: TIME 17048 LOAD: AVG 9.18274 MAX 9.40978  PROXIES: TOTAL 658 MAXPE 29 MAXPATCH 4 RefineTorusLB 1.62402
LDB: ============== END OF LOAD BALANCING =============== 17048

WRITING COORDINATES TO DCD FILE AT STEP 170000
WRITING COORDINATES TO RESTART FILE AT STEP 170000
FINISHED WRITING RESTART COORDINATES
PRESSURE: 170000 -14809.6 11.4682 -83.5772 15.6198 -14585.7 105.761 -92.0086 118.792 -14354.8
GPRESSURE: 170000 -197.042 -87.2199 15.2212 -10.3874 -31.5991 117.023 -18.2555 35.8887 100.598
PRESSAVG: 170000 2.0209 -6.82624 -12.3273 -2.35285 -9.92392 32.3715 -15.7251 26.1878 4.85326
GPRESSAVG: 170000 2.104 -6.86143 -12.1977 -2.3717 -10.0854 32.2163 -15.7151 26.0157 4.88307
TIMING: 170000  CPU: 15469.8, 0.0907468/step  Wall: 17175.7, 0.101204/step, 2.24898 hours remaining, 166.502487 MB of memory in use.
ENERGY:  170000      8941.5556     44481.2232     30362.9244       560.0329        -606637.5465     25017.2786       312.8524         0.0000    146468.0715        -350493.6080       309.4905   -496961.6795   -350102.6213       310.0025         -14583.3739       -42.6810   2179638.7746        -1.0166        -1.0328

WRITING EXTENDED SYSTEM TO RESTART FILE AT STEP 170000
WRITING VELOCITIES TO RESTART FILE AT STEP 170000
FINISHED WRITING RESTART VELOCITIES
LDB: ============= START OF LOAD BALANCING ============== 17443.2
LDB: ============== END OF LOAD BALANCING =============== 17443.2

LDB: ============= START OF LOAD BALANCING ============== 17453.5
LDB: TIME 17453.6 LOAD: AVG 9.18308 MAX 9.38816  PROXIES: TOTAL 658 MAXPE 29 MAXPATCH 4 None 1.62422
LDB: TIME 17453.6 LOAD: AVG 9.18308 MAX 9.38816  PROXIES: TOTAL 658 MAXPE 29 MAXPATCH 4 RefineTorusLB 1.62422
LDB: ============== END OF LOAD BALANCING =============== 17453.6

WRITING COORDINATES TO DCD FILE AT STEP 175000
WRITING COORDINATES TO RESTART FILE AT STEP 175000
FINISHED WRITING RESTART COORDINATES
WRITING VELOCITIES TO RESTART FILE AT STEP 175000
FINISHED WRITING RESTART VELOCITIES
PRESSURE: 175000 -14596.9 2.10362 -8.60835 -27.5836 -14589.9 54.8694 -25.2388 14.7659 -14452.5
GPRESSURE: 175000 7.98835 73.5824 37.8536 -32.2967 -66.9747 -67.6163 -6.33272 -42.4804 124.413
PRESSAVG: 175000 6.72499 0.149618 -1.53582 -18.145 -1.57732 -11.5186 9.17679 6.37136 2.92807
GPRESSAVG: 175000 6.70003 0.282601 -1.51491 -18.1112 -1.55002 -11.5522 9.15595 6.48169 3.04251
TIMING: 175000  CPU: 15923.3, 0.090699/step  Wall: 17681.7, 0.101204/step, 2.10841 hours remaining, 165.303024 MB of memory in use.
ENERGY:  175000      8774.6145     44533.5726     30389.3530       559.3510        -607066.2207     25293.8175       289.0923         0.0000    146235.8090        -350990.6107       308.9997   -497226.4197   -350648.8852       309.6208         -14546.4430        21.8087   2178546.5867         2.6919         2.7308

WRITING EXTENDED SYSTEM TO RESTART FILE AT STEP 175000
LDB: ============= START OF LOAD BALANCING ============== 17847.3
LDB: ============== END OF LOAD BALANCING =============== 17847.3

LDB: ============= START OF LOAD BALANCING ============== 17857.7
LDB: TIME 17857.7 LOAD: AVG 9.1957 MAX 9.44974  PROXIES: TOTAL 658 MAXPE 29 MAXPATCH 4 None 1.63759
LDB: TIME 17857.7 LOAD: AVG 9.1957 MAX 9.44974  PROXIES: TOTAL 658 MAXPE 29 MAXPATCH 4 RefineTorusLB 1.63759
LDB: ============== END OF LOAD BALANCING =============== 17857.7

PRESSURE: 180000 -14640.7 -55.0881 0.286238 -61.7282 -14556.1 127.711 -8.63735 132.113 -14483.7
GPRESSURE: 180000 -90.9731 -13.7735 38.8551 -29.3831 41.6823 187.156 -75.4273 125.581 -3.00705
PRESSAVG: 180000 -2.68053 9.31159 -16.2301 4.32608 -1.11193 18.8744 -14.2206 16.6747 1.63258
GPRESSAVG: 180000 -2.62584 9.44948 -16.2991 4.3864 -1.11965 18.9617 -13.9176 16.6704 1.52836
TIMING: 180000  CPU: 16377.6, 0.0908608/step  Wall: 18186.7, 0.101001/step, 1.9639 hours remaining, 167.627853 MB of memory in use.
ENERGY:  180000      8845.8234     44468.0983     30400.1909       564.5580        -606788.1571     25104.8516       298.7062         0.0000    146609.8001        -350496.1285       309.7900   -497105.9286   -350133.1146       309.7038         -14560.1582       -17.4326   2180448.9500        -0.7200        -0.7390

WRITING EXTENDED SYSTEM TO RESTART FILE AT STEP 180000
WRITING COORDINATES TO DCD FILE AT STEP 180000
WRITING COORDINATES TO RESTART FILE AT STEP 180000
FINISHED WRITING RESTART COORDINATES
WRITING VELOCITIES TO RESTART FILE AT STEP 180000
FINISHED WRITING RESTART VELOCITIES
LDB: ============= START OF LOAD BALANCING ============== 18252
LDB: ============== END OF LOAD BALANCING =============== 18252

LDB: ============= START OF LOAD BALANCING ============== 18262.4
LDB: TIME 18262.4 LOAD: AVG 9.16673 MAX 9.41247  PROXIES: TOTAL 658 MAXPE 29 MAXPATCH 4 None 1.61452
LDB: TIME 18262.4 LOAD: AVG 9.16673 MAX 9.41247  PROXIES: TOTAL 658 MAXPE 29 MAXPATCH 4 RefineTorusLB 1.61452
LDB: ============== END OF LOAD BALANCING =============== 18262.4

LDB: ============= START OF LOAD BALANCING ============== 18655.1
LDB: ============== END OF LOAD BALANCING =============== 18655.1

LDB: ============= START OF LOAD BALANCING ============== 18665.4
LDB: TIME 18665.4 LOAD: AVG 9.15751 MAX 9.39512  PROXIES: TOTAL 658 MAXPE 29 MAXPATCH 4 None 1.60775
LDB: TIME 18665.5 LOAD: AVG 9.15751 MAX 9.39512  PROXIES: TOTAL 658 MAXPE 29 MAXPATCH 4 RefineTorusLB 1.60775
LDB: ============== END OF LOAD BALANCING =============== 18665.5

PRESSURE: 185000 -14545.9 132.247 -20.7036 126.511 -14524.3 79.1502 41.3612 89.9205 -14483.9
GPRESSURE: 185000 47.0149 110.386 -28.6254 40.336 38.4006 14.5847 74.2831 36.4958 -29.4117
PRESSAVG: 185000 0.265804 0.774987 -7.48203 -18.8516 -2.25551 5.42747 0.917625 26.7347 -0.640262
GPRESSAVG: 185000 0.293421 0.641289 -7.35423 -18.7698 -2.38276 5.47117 0.811114 26.6406 -0.714523
TIMING: 185000  CPU: 16830.9, 0.0906676/step  Wall: 18691.6, 0.100975/step, 1.82316 hours remaining, 168.819809 MB of memory in use.
ENERGY:  185000      8897.7021     44764.2077     30382.4631       549.7244        -606459.9158     25108.4060       295.1323         0.0000    145942.5761        -350519.7042       308.3801   -496462.2803   -350151.0175       309.8293         -14518.0520        18.6679   2180056.0539        -0.8767        -0.9346

WRITING EXTENDED SYSTEM TO RESTART FILE AT STEP 185000
WRITING COORDINATES TO DCD FILE AT STEP 185000
WRITING COORDINATES TO RESTART FILE AT STEP 185000
FINISHED WRITING RESTART COORDINATES
WRITING VELOCITIES TO RESTART FILE AT STEP 185000
FINISHED WRITING RESTART VELOCITIES
LDB: ============= START OF LOAD BALANCING ============== 19060.9
LDB: ============== END OF LOAD BALANCING =============== 19060.9

LDB: ============= START OF LOAD BALANCING ============== 19071.2
LDB: TIME 19071.2 LOAD: AVG 9.13798 MAX 9.34305  PROXIES: TOTAL 658 MAXPE 29 MAXPATCH 4 None 1.60674
LDB: TIME 19071.2 LOAD: AVG 9.13798 MAX 9.34305  PROXIES: TOTAL 658 MAXPE 29 MAXPATCH 4 RefineTorusLB 1.60674
LDB: ============== END OF LOAD BALANCING =============== 19071.3

PRESSURE: 190000 -14580.9 -34.4237 151.092 -11.3987 -14425 -91.9905 121.075 -95.4329 -14559.2
GPRESSURE: 190000 -68.5688 14.7144 54.2001 -87.9012 123.697 -58.2094 80.0524 -102.927 -40.9777
PRESSAVG: 190000 7.572 -3.15949 -34.0277 -5.35043 -11.064 12.4918 -20.4255 10.6628 7.67995
GPRESSAVG: 190000 7.43685 -3.08369 -34.0587 -5.39009 -11.0352 12.4817 -20.5143 10.6096 7.66383
TIMING: 190000  CPU: 17285.4, 0.0908936/step  Wall: 19197.8, 0.101251/step, 1.68752 hours remaining, 169.680222 MB of memory in use.
ENERGY:  190000      8792.2524     44395.0570     30433.9421       557.1056        -607275.8451     25722.2640       298.9573         0.0000    146560.5732        -350515.6935       309.6859   -497076.2667   -350164.2208       309.8167         -14521.6940         4.7167   2184549.3676         1.3960         1.3552

WRITING EXTENDED SYSTEM TO RESTART FILE AT STEP 190000
WRITING COORDINATES TO DCD FILE AT STEP 190000
WRITING COORDINATES TO RESTART FILE AT STEP 190000
FINISHED WRITING RESTART COORDINATES
WRITING VELOCITIES TO RESTART FILE AT STEP 190000
FINISHED WRITING RESTART VELOCITIES
LDB: ============= START OF LOAD BALANCING ============== 19466
LDB: ============== END OF LOAD BALANCING =============== 19466

LDB: ============= START OF LOAD BALANCING ============== 19476.3
LDB: TIME 19476.3 LOAD: AVG 9.14628 MAX 9.3709  PROXIES: TOTAL 658 MAXPE 29 MAXPATCH 4 None 1.5976
LDB: TIME 19476.3 LOAD: AVG 9.14628 MAX 9.3709  PROXIES: TOTAL 658 MAXPE 29 MAXPATCH 4 RefineTorusLB 1.5976
LDB: ============== END OF LOAD BALANCING =============== 19476.3

PRESSURE: 195000 -14588.4 -23.4222 131.519 34.3068 -14562.5 -37.9566 108.511 -5.06641 -14418.3
GPRESSURE: 195000 -85.905 -16.2085 119.305 57.6036 -3.29707 -82.2588 100.794 -31.7467 117.306
PRESSAVG: 195000 -4.07415 -25.5777 -6.01832 -16.0438 -3.71897 42.2765 4.26983 10.6445 -1.54649
GPRESSAVG: 195000 -4.23681 -25.5773 -6.07788 -16.028 -3.79081 42.2324 4.46078 10.6609 -1.52569
TIMING: 195000  CPU: 17737.1, 0.0903313/step  Wall: 19704, 0.101238/step, 1.54669 hours remaining, 167.755173 MB of memory in use.
ENERGY:  195000      9015.0421     44298.7777     30259.3567       555.4294        -607343.7358     25818.1935       296.5866         0.0000    146207.1160        -350893.2339       308.9391   -497100.3498   -350534.1232       309.9426         -14523.0602         9.3680   2184799.5832        -3.1132        -3.1844

WRITING EXTENDED SYSTEM TO RESTART FILE AT STEP 195000
WRITING COORDINATES TO DCD FILE AT STEP 195000
WRITING COORDINATES TO RESTART FILE AT STEP 195000
FINISHED WRITING RESTART COORDINATES
WRITING VELOCITIES TO RESTART FILE AT STEP 195000
FINISHED WRITING RESTART VELOCITIES
LDB: ============= START OF LOAD BALANCING ============== 19871.2
LDB: ============== END OF LOAD BALANCING =============== 19871.2

LDB: ============= START OF LOAD BALANCING ============== 19881.6
LDB: TIME 19881.6 LOAD: AVG 9.16791 MAX 9.39053  PROXIES: TOTAL 658 MAXPE 29 MAXPATCH 4 None 1.60452
LDB: TIME 19881.6 LOAD: AVG 9.16791 MAX 9.39053  PROXIES: TOTAL 658 MAXPE 29 MAXPATCH 4 RefineTorusLB 1.60452
LDB: ============== END OF LOAD BALANCING =============== 19881.6

PRESSURE: 200000 -14550.6 -71.3493 -157.848 -77.3044 -14453.6 -30.3372 -122.363 -4.31243 -14210.2
GPRESSURE: 200000 60.5186 -28.1277 -57.3501 -107.399 163.044 -66.8295 -47.5512 -45.1514 181.869
PRESSAVG: 200000 -0.111713 -32.5011 -2.6689 -24.7252 4.26477 -3.09893 -9.46116 -11.9599 -0.497686
GPRESSAVG: 200000 -0.0796932 -32.4666 -2.61293 -24.6576 4.21908 -3.06625 -9.45871 -12.0046 -0.602834
TIMING: 200000  CPU: 18189.8, 0.0905498/step  Wall: 20210.6, 0.101319/step, 1.40721 hours remaining, 168.579819 MB of memory in use.
ETITLE:      TS           BOND          ANGLE          DIHED          IMPRP               ELECT            VDW       BOUNDARY           MISC        KINETIC               TOTAL           TEMP      POTENTIAL         TOTAL3        TEMPAVG            PRESSURE      GPRESSURE         VOLUME       PRESSAVG      GPRESSAVG

ENERGY:  200000      8779.0325     44364.4529     30284.0657       575.1065        -606945.4816     25338.3433       303.0883         0.0000    146397.4281        -350903.9643       309.3412   -497301.3924   -350541.7680       309.8707         -14404.7819       135.1436   2178741.6030         1.2185         1.1789

WRITING EXTENDED SYSTEM TO RESTART FILE AT STEP 200000
WRITING COORDINATES TO DCD FILE AT STEP 200000
WRITING COORDINATES TO RESTART FILE AT STEP 200000
FINISHED WRITING RESTART COORDINATES
WRITING VELOCITIES TO RESTART FILE AT STEP 200000
FINISHED WRITING RESTART VELOCITIES
LDB: ============= START OF LOAD BALANCING ============== 20276.2
LDB: ============== END OF LOAD BALANCING =============== 20276.2

LDB: ============= START OF LOAD BALANCING ============== 20286.6
LDB: TIME 20286.6 LOAD: AVG 9.18238 MAX 9.51462  PROXIES: TOTAL 658 MAXPE 29 MAXPATCH 4 None 1.61941
LDB: TIME 20286.6 LOAD: AVG 9.18238 MAX 9.51462  PROXIES: TOTAL 658 MAXPE 29 MAXPATCH 4 RefineTorusLB 1.61941
LDB: ============== END OF LOAD BALANCING =============== 20286.6

LDB: ============= START OF LOAD BALANCING ============== 20680.2
LDB: ============== END OF LOAD BALANCING =============== 20680.2

LDB: ============= START OF LOAD BALANCING ============== 20690.6
LDB: TIME 20690.6 LOAD: AVG 9.17652 MAX 9.42488  PROXIES: TOTAL 658 MAXPE 29 MAXPATCH 4 None 1.60662
LDB: TIME 20690.6 LOAD: AVG 9.17652 MAX 9.42488  PROXIES: TOTAL 658 MAXPE 29 MAXPATCH 4 RefineTorusLB 1.60662
LDB: ============== END OF LOAD BALANCING =============== 20690.6

PRESSURE: 205000 -14685 -84.1631 19.944 -134.291 -14444 -95.0222 -18.0787 -88.7149 -14485.9
GPRESSURE: 205000 -99.6554 -148.252 31.8815 -116.094 64.3666 -68.8027 -15.678 -100.551 39.1002
PRESSAVG: 205000 19.7968 -9.37102 1.08751 -5.14693 -18.2034 -9.99247 9.97293 -18.2047 -3.2268
GPRESSAVG: 205000 19.7433 -9.1989 0.966956 -5.20931 -18.3212 -9.96193 10.0948 -18.2853 -3.19735
TIMING: 205000  CPU: 18644.2, 0.090883/step  Wall: 20716.9, 0.101257/step, 1.26571 hours remaining, 165.681290 MB of memory in use.
ENERGY:  205000      8803.7311     44306.4280     30359.5744       579.6953        -606817.0051     25364.3884       306.5136         0.0000    146497.8590        -350598.8152       309.5534   -497096.6742   -350252.5542       309.8695         -14538.3293         1.2705   2180276.0256        -0.5445        -0.5918

WRITING EXTENDED SYSTEM TO RESTART FILE AT STEP 205000
WRITING COORDINATES TO DCD FILE AT STEP 205000
WRITING COORDINATES TO RESTART FILE AT STEP 205000
FINISHED WRITING RESTART COORDINATES
WRITING VELOCITIES TO RESTART FILE AT STEP 205000
FINISHED WRITING RESTART VELOCITIES
LDB: ============= START OF LOAD BALANCING ============== 21086.1
LDB: ============== END OF LOAD BALANCING =============== 21086.1

LDB: ============= START OF LOAD BALANCING ============== 21096.6
LDB: TIME 21096.6 LOAD: AVG 9.18653 MAX 9.4826  PROXIES: TOTAL 658 MAXPE 29 MAXPATCH 4 None 1.62301
LDB: TIME 21096.7 LOAD: AVG 9.18653 MAX 9.4826  PROXIES: TOTAL 658 MAXPE 29 MAXPATCH 4 RefineTorusLB 1.62301
LDB: ============== END OF LOAD BALANCING =============== 21096.7

PRESSURE: 210000 -14557 -23.9279 -133.262 -13.6914 -14611.6 -190.623 -170.331 -174.502 -14608.7
GPRESSURE: 210000 82.4925 46.7265 -35.3999 30.1273 -76.6049 -97.149 -51.2599 -183.116 -180.887
PRESSAVG: 210000 15.8126 1.49199 -9.22474 10.8878 -24.0038 -18.0694 -1.5872 -16.9022 1.99296
GPRESSAVG: 210000 15.828 1.55046 -9.2001 10.8911 -24.034 -18.0635 -1.60922 -17.0026 2.11497
TIMING: 210000  CPU: 19096.7, 0.0904996/step  Wall: 21224.1, 0.101435/step, 1.12705 hours remaining, 168.313065 MB of memory in use.
ENERGY:  210000      8858.4860     44489.2297     30334.3127       572.9620        -606589.7344     25269.2218       290.6345         0.0000    146181.5871        -350593.3004       308.8851   -496774.8876   -350223.4345       309.9147         -14592.4459       -58.3332   2180338.6863        -2.0661        -2.0303

WRITING EXTENDED SYSTEM TO RESTART FILE AT STEP 210000
WRITING COORDINATES TO DCD FILE AT STEP 210000
WRITING COORDINATES TO RESTART FILE AT STEP 210000
FINISHED WRITING RESTART COORDINATES
WRITING VELOCITIES TO RESTART FILE AT STEP 210000
FINISHED WRITING RESTART VELOCITIES
LDB: ============= START OF LOAD BALANCING ============== 21491.6
LDB: ============== END OF LOAD BALANCING =============== 21491.6

LDB: ============= START OF LOAD BALANCING ============== 21501.9
LDB: TIME 21501.9 LOAD: AVG 9.15228 MAX 9.43516  PROXIES: TOTAL 658 MAXPE 29 MAXPATCH 4 None 1.6038
LDB: TIME 21501.9 LOAD: AVG 9.15228 MAX 9.43516  PROXIES: TOTAL 658 MAXPE 29 MAXPATCH 4 RefineTorusLB 1.6038
LDB: ============== END OF LOAD BALANCING =============== 21501.9

PRESSURE: 215000 -14680.1 -25.069 92.1165 -26.8795 -14785.6 -74.3311 90.1573 -25.2266 -14312.9
GPRESSURE: 215000 -112.958 -31.2658 113.7 38.1195 -113.189 -18.5127 87.6497 13.7035 98.0968
PRESSAVG: 215000 32.701 0.982061 -12.0888 -1.29473 -32.5163 -26.0321 3.90514 -10.9035 1.29233
GPRESSAVG: 215000 32.6327 0.89904 -12.1034 -1.31799 -32.4963 -25.9918 3.8226 -10.9754 1.34123
TIMING: 215000  CPU: 19551.8, 0.0910126/step  Wall: 21730.2, 0.101225/step, 0.984136 hours remaining, 167.340225 MB of memory in use.
ENERGY:  215000      8838.1802     44263.2916     30359.9052       537.3561        -606569.5505     25062.6473       303.4135         0.0000    146078.2706        -351126.4860       308.6668   -497204.7567   -350763.6724       309.9119         -14592.8444       -42.6833   2179743.7157         0.4923         0.4926

WRITING EXTENDED SYSTEM TO RESTART FILE AT STEP 215000
WRITING COORDINATES TO DCD FILE AT STEP 215000
WRITING COORDINATES TO RESTART FILE AT STEP 215000
FINISHED WRITING RESTART COORDINATES
WRITING VELOCITIES TO RESTART FILE AT STEP 215000
FINISHED WRITING RESTART VELOCITIES
LDB: ============= START OF LOAD BALANCING ============== 21896.2
LDB: ============== END OF LOAD BALANCING =============== 21896.2

LDB: ============= START OF LOAD BALANCING ============== 21906.5
LDB: TIME 21906.5 LOAD: AVG 9.14446 MAX 9.49435  PROXIES: TOTAL 658 MAXPE 29 MAXPATCH 4 None 1.59982
LDB: TIME 21906.5 LOAD: AVG 9.14446 MAX 9.49435  PROXIES: TOTAL 658 MAXPE 29 MAXPATCH 4 RefineTorusLB 1.59982
LDB: ============== END OF LOAD BALANCING =============== 21906.5

PRESSURE: 220000 -14267.1 -48.6417 -128.58 17.4586 -14498.5 125.152 -66.5824 103.253 -14637.6
GPRESSURE: 220000 206.314 -53.886 -95.2329 -6.6488 93.4397 85.7439 -58.8752 113.028 -42.8538
PRESSAVG: 220000 21.6853 -13.9306 3.69969 -11.9317 -13.7566 -17.0702 6.0415 -8.94364 0.67073
GPRESSAVG: 220000 21.6706 -14.0177 3.78931 -12.0724 -13.7083 -17.0141 6.13672 -8.98598 0.785085
TIMING: 220000  CPU: 20004.7, 0.0905836/step  Wall: 22235.1, 0.100978/step, 0.841485 hours remaining, 168.384781 MB of memory in use.
ENERGY:  220000      8869.6722     44614.3009     30362.5531       552.7216        -606700.0315     24847.4848       287.7281         0.0000    146178.3810        -350987.1898       308.8784   -497165.5708   -350646.9113       309.5383         -14467.7361        85.6332   2176094.5677         2.8665         2.9158

WRITING EXTENDED SYSTEM TO RESTART FILE AT STEP 220000
WRITING COORDINATES TO DCD FILE AT STEP 220000
WRITING COORDINATES TO RESTART FILE AT STEP 220000
FINISHED WRITING RESTART COORDINATES
WRITING VELOCITIES TO RESTART FILE AT STEP 220000
FINISHED WRITING RESTART VELOCITIES
LDB: ============= START OF LOAD BALANCING ============== 22300.4
LDB: ============== END OF LOAD BALANCING =============== 22300.4

LDB: ============= START OF LOAD BALANCING ============== 22310.8
LDB: TIME 22310.9 LOAD: AVG 9.18235 MAX 9.40806  PROXIES: TOTAL 658 MAXPE 29 MAXPATCH 4 None 1.62196
LDB: TIME 22310.9 LOAD: AVG 9.18235 MAX 9.40806  PROXIES: TOTAL 658 MAXPE 29 MAXPATCH 4 RefineTorusLB 1.62196
LDB: ============== END OF LOAD BALANCING =============== 22310.9

LDB: ============= START OF LOAD BALANCING ============== 22704.3
LDB: ============== END OF LOAD BALANCING =============== 22704.3

LDB: ============= START OF LOAD BALANCING ============== 22714.4
LDB: TIME 22714.5 LOAD: AVG 9.15476 MAX 9.36438  PROXIES: TOTAL 658 MAXPE 29 MAXPATCH 4 None 1.60944
LDB: TIME 22714.5 LOAD: AVG 9.15476 MAX 9.36438  PROXIES: TOTAL 658 MAXPE 29 MAXPATCH 4 RefineTorusLB 1.60944
LDB: ============== END OF LOAD BALANCING =============== 22714.5

PRESSURE: 225000 -14577.5 -90.1594 -39.9331 -73.6276 -14461.7 -43.508 -42.8027 -26.3578 -14264.7
GPRESSURE: 225000 78.6491 -25.6417 -53.7006 -77.4596 65.8608 -76.4851 -5.46201 -12.4161 250.048
PRESSAVG: 225000 18.9993 1.4639 -2.1033 0.0635279 -11.1388 12.0652 -11.5475 13.4731 5.67263
GPRESSAVG: 225000 19.0875 1.58812 -2.10589 -0.093018 -11.3339 12.0514 -11.5136 13.5727 5.77262
TIMING: 225000  CPU: 20457.2, 0.0904908/step  Wall: 22740.9, 0.101154/step, 0.70246 hours remaining, 166.756058 MB of memory in use.
ENERGY:  225000      8861.5866     44380.2524     30418.4821       562.3377        -606762.6727     25395.1298       310.0358         0.0000    146094.9456        -350739.9025       308.7021   -496834.8482   -350388.8926       309.9817         -14434.6444       131.5193   2177281.3023         4.5111         4.5087

WRITING EXTENDED SYSTEM TO RESTART FILE AT STEP 225000
WRITING COORDINATES TO DCD FILE AT STEP 225000
WRITING COORDINATES TO RESTART FILE AT STEP 225000
FINISHED WRITING RESTART COORDINATES
WRITING VELOCITIES TO RESTART FILE AT STEP 225000
FINISHED WRITING RESTART VELOCITIES
LDB: ============= START OF LOAD BALANCING ============== 23109
LDB: ============== END OF LOAD BALANCING =============== 23109

LDB: ============= START OF LOAD BALANCING ============== 23119.3
LDB: TIME 23119.3 LOAD: AVG 9.1365 MAX 9.33698  PROXIES: TOTAL 658 MAXPE 29 MAXPATCH 4 None 1.59055
LDB: TIME 23119.4 LOAD: AVG 9.1365 MAX 9.33698  PROXIES: TOTAL 658 MAXPE 29 MAXPATCH 4 RefineTorusLB 1.59055
LDB: ============== END OF LOAD BALANCING =============== 23119.4

PRESSURE: 230000 -14578.6 -59.4563 56.044 -45.8525 -14430.5 -75.1393 34.5573 -94.5494 -14436.7
GPRESSURE: 230000 28.7859 -30.7935 0.6119 -9.10306 111.631 -69.9348 1.26086 -186.588 66.99
PRESSAVG: 230000 4.6214 9.93528 -21.7208 19.0254 -17.3341 23.0269 -14.2076 8.35088 -4.23648
GPRESSAVG: 230000 4.48232 9.84744 -21.8709 19.006 -17.3594 22.9909 -14.0664 8.39338 -4.21394
TIMING: 230000  CPU: 20907.6, 0.0900851/step  Wall: 23246.8, 0.101178/step, 0.562103 hours remaining, 168.397751 MB of memory in use.
ENERGY:  230000      8808.7253     44319.6810     30385.0337       576.3947        -605967.0295     24576.3192       310.8280         0.0000    146557.7957        -350432.2520       309.6801   -496990.0477   -350068.1682       310.0726         -14481.9733        69.1355   2177169.5960        -5.6497        -5.6970

WRITING EXTENDED SYSTEM TO RESTART FILE AT STEP 230000
WRITING COORDINATES TO DCD FILE AT STEP 230000
WRITING COORDINATES TO RESTART FILE AT STEP 230000
FINISHED WRITING RESTART COORDINATES
WRITING VELOCITIES TO RESTART FILE AT STEP 230000
FINISHED WRITING RESTART VELOCITIES
LDB: ============= START OF LOAD BALANCING ============== 23514.1
LDB: ============== END OF LOAD BALANCING =============== 23514.1

LDB: ============= START OF LOAD BALANCING ============== 23524.5
LDB: TIME 23524.5 LOAD: AVG 9.15242 MAX 9.39289  PROXIES: TOTAL 658 MAXPE 29 MAXPATCH 4 None 1.60203
LDB: TIME 23524.5 LOAD: AVG 9.15242 MAX 9.39289  PROXIES: TOTAL 658 MAXPE 29 MAXPATCH 4 RefineTorusLB 1.60203
LDB: ============== END OF LOAD BALANCING =============== 23524.5

PRESSURE: 235000 -14468.7 -82.9618 34.637 -81.4781 -14562 -18.0706 68.0445 -1.57277 -14633.6
GPRESSURE: 235000 78.2205 -70.3685 62.5371 -57.6889 -22.8512 -83.1268 85.1502 -76.1582 -94.4814
PRESSAVG: 235000 0.854272 0.456446 6.7077 -0.991804 -0.515729 25.2999 10.2447 3.46138 2.67092
GPRESSAVG: 235000 1.00262 0.393262 6.7418 -0.890056 -0.785221 25.3767 10.1737 3.47856 2.72938
TIMING: 235000  CPU: 21358.9, 0.0902691/step  Wall: 23752.4, 0.101126/step, 0.421358 hours remaining, 169.064804 MB of memory in use.
ENERGY:  235000      8874.2569     44433.0311     30452.7472       568.2560        -606989.0542     25358.2281       308.0587         0.0000    146025.3592        -350969.1171       308.5550   -496994.4763   -350617.3866       310.2677         -14554.7882       -13.0374   2182547.3202         1.0032         0.9823

WRITING EXTENDED SYSTEM TO RESTART FILE AT STEP 235000
WRITING COORDINATES TO DCD FILE AT STEP 235000
WRITING COORDINATES TO RESTART FILE AT STEP 235000
FINISHED WRITING RESTART COORDINATES
WRITING VELOCITIES TO RESTART FILE AT STEP 235000
FINISHED WRITING RESTART VELOCITIES
LDB: ============= START OF LOAD BALANCING ============== 23918.6
LDB: ============== END OF LOAD BALANCING =============== 23918.6

LDB: ============= START OF LOAD BALANCING ============== 23928.9
LDB: TIME 23928.9 LOAD: AVG 9.16582 MAX 9.37294  PROXIES: TOTAL 658 MAXPE 29 MAXPATCH 4 None 1.61182
LDB: TIME 23928.9 LOAD: AVG 9.16582 MAX 9.37294  PROXIES: TOTAL 658 MAXPE 29 MAXPATCH 4 RefineTorusLB 1.61182
LDB: ============== END OF LOAD BALANCING =============== 23928.9

PRESSURE: 240000 -14260 -35.3964 13.8988 -63.5455 -14529.8 -11.3675 45.0083 23.5696 -14466.9
GPRESSURE: 240000 260.762 -64.8013 -1.05689 -45.6705 107.224 -15.2296 45.6485 61.3351 59.6248
PRESSAVG: 240000 20.6421 8.07917 10.0016 -6.69238 -16.9364 -3.50966 1.33206 1.28709 -4.16341
GPRESSAVG: 240000 20.6049 8.11329 10.0146 -6.62905 -16.7702 -3.57739 1.53988 1.40432 -4.29327
TIMING: 240000  CPU: 21809.7, 0.0901621/step  Wall: 24258.5, 0.101214/step, 0.28115 hours remaining, 165.646988 MB of memory in use.
ENERGY:  240000      8873.9773     44239.1230     30257.8989       549.1738        -607970.9692     25973.2164       303.0575         0.0000    146272.4376        -351502.0848       309.0771   -497774.5224   -351132.4521       309.7344         -14418.8928       142.5370   2178368.7099        -0.1526        -0.1528

WRITING EXTENDED SYSTEM TO RESTART FILE AT STEP 240000
WRITING COORDINATES TO DCD FILE AT STEP 240000
WRITING COORDINATES TO RESTART FILE AT STEP 240000
FINISHED WRITING RESTART COORDINATES
WRITING VELOCITIES TO RESTART FILE AT STEP 240000
FINISHED WRITING RESTART VELOCITIES
LDB: ============= START OF LOAD BALANCING ============== 24323.8
LDB: ============== END OF LOAD BALANCING =============== 24323.8

LDB: ============= START OF LOAD BALANCING ============== 24334.1
LDB: TIME 24334.1 LOAD: AVG 9.17582 MAX 9.33753  PROXIES: TOTAL 658 MAXPE 29 MAXPATCH 4 None 1.61206
LDB: TIME 24334.2 LOAD: AVG 9.17582 MAX 9.33753  PROXIES: TOTAL 658 MAXPE 29 MAXPATCH 4 RefineTorusLB 1.61206
LDB: ============== END OF LOAD BALANCING =============== 24334.2

LDB: ============= START OF LOAD BALANCING ============== 24728.5
LDB: ============== END OF LOAD BALANCING =============== 24728.5

LDB: ============= START OF LOAD BALANCING ============== 24738.8
LDB: TIME 24738.9 LOAD: AVG 9.14901 MAX 9.50004  PROXIES: TOTAL 658 MAXPE 29 MAXPATCH 4 None 1.60489
LDB: TIME 24738.9 LOAD: AVG 9.14901 MAX 9.50004  PROXIES: TOTAL 658 MAXPE 29 MAXPATCH 4 RefineTorusLB 1.60489
LDB: ============== END OF LOAD BALANCING =============== 24738.9

PRESSURE: 245000 -14458.1 43.7632 113.052 87.6316 -14281.2 46.8535 124.101 -24.4936 -14453.3
GPRESSURE: 245000 126.386 72.4223 113.565 80.0772 292.223 74.2556 68.7193 21.28 37.1202
PRESSAVG: 245000 4.95739 0.110165 8.20909 4.78702 -1.93282 8.71985 18.0768 13.9239 -4.62943
GPRESSAVG: 245000 5.05269 0.129072 8.04081 4.62092 -1.9799 8.6078 18.0104 13.8698 -4.58868
TIMING: 245000  CPU: 22261.7, 0.0904015/step  Wall: 24764.9, 0.101291/step, 0.140681 hours remaining, 166.780624 MB of memory in use.
ENERGY:  245000      8865.1832     44359.8407     30485.7620       558.5552        -607051.7217     25488.8234       285.3562         0.0000    145807.2493        -351200.9517       308.0941   -497008.2010   -350843.3123       309.6238         -14397.5341       151.9097   2178793.4018        -0.5349        -0.5053

WRITING EXTENDED SYSTEM TO RESTART FILE AT STEP 245000
WRITING COORDINATES TO DCD FILE AT STEP 245000
WRITING COORDINATES TO RESTART FILE AT STEP 245000
FINISHED WRITING RESTART COORDINATES
WRITING VELOCITIES TO RESTART FILE AT STEP 245000
FINISHED WRITING RESTART VELOCITIES
LDB: ============= START OF LOAD BALANCING ============== 25133.1
LDB: ============== END OF LOAD BALANCING =============== 25133.1

LDB: ============= START OF LOAD BALANCING ============== 25143.4
LDB: TIME 25143.4 LOAD: AVG 9.15907 MAX 9.49944  PROXIES: TOTAL 658 MAXPE 29 MAXPATCH 4 None 1.60254
LDB: TIME 25143.5 LOAD: AVG 9.15907 MAX 9.49944  PROXIES: TOTAL 658 MAXPE 29 MAXPATCH 4 RefineTorusLB 1.60254
LDB: ============== END OF LOAD BALANCING =============== 25143.5

PRESSURE: 250000 -14440.9 -88.5537 153.323 -76.2782 -14590.7 -119.38 112.111 -117.608 -14561.2
GPRESSURE: 250000 58.5122 0.326207 171.715 -15.773 -73.8777 -12.3608 91.2226 -76.1434 -122.034
PRESSAVG: 250000 1.25008 15.2796 4.64421 6.1223 1.23103 5.26073 5.50231 -11.7027 0.239431
GPRESSAVG: 250000 1.16781 15.4147 4.72462 6.26935 1.31433 5.22304 5.4928 -11.5878 0.21832
TIMING: 250000  CPU: 22716.7, 0.0909866/step  Wall: 25270.4, 0.101096/step, 0 hours remaining, 165.756851 MB of memory in use.
ETITLE:      TS           BOND          ANGLE          DIHED          IMPRP               ELECT            VDW       BOUNDARY           MISC        KINETIC               TOTAL           TEMP      POTENTIAL         TOTAL3        TEMPAVG            PRESSURE      GPRESSURE         VOLUME       PRESSAVG      GPRESSAVG

ENERGY:  250000      8813.9515     44286.9649     30404.2016       541.5664        -606277.5236     24488.8384       287.9888         0.0000    145896.0288        -351557.9831       308.2817   -497454.0119   -351209.7278       309.7871         -14530.9282       -45.7997   2184887.5840         0.9068         0.9002

WRITING EXTENDED SYSTEM TO RESTART FILE AT STEP 250000
WRITING COORDINATES TO DCD FILE AT STEP 250000
WRITING COORDINATES TO RESTART FILE AT STEP 250000
FINISHED WRITING RESTART COORDINATES
WRITING VELOCITIES TO RESTART FILE AT STEP 250000
FINISHED WRITING RESTART VELOCITIES
WRITING EXTENDED SYSTEM TO OUTPUT FILE AT STEP 250000
CLOSING EXTENDED SYSTEM TRAJECTORY FILE
WRITING COORDINATES TO OUTPUT FILE AT STEP 250000
CLOSING COORDINATE DCD FILE
WRITING VELOCITIES TO OUTPUT FILE AT STEP 250000
====================================================

WallClock: 25306.988281  CPUTime: 22749.671875  Memory: 163.824478 MB
