32216: Tue May  6 22:23:36 EDT 2014: Entering /tmp/24825.1.standard.q/ssh with args node057.pug.mib.pbtech -l jam2079 /bin/sh -f
32235: Tue May  6 22:23:36 EDT 2014: Entering /tmp/24825.1.standard.q/ssh with args node064.pug.mib.pbtech -l jam2079 /bin/sh -f
32231: Tue May  6 22:23:36 EDT 2014: Entering /tmp/24825.1.standard.q/ssh with args node064.pug.mib.pbtech -l jam2079 /bin/sh -f
32225: Tue May  6 22:23:36 EDT 2014: Entering /tmp/24825.1.standard.q/ssh with args node064.pug.mib.pbtech -l jam2079 /bin/sh -f
32228: Tue May  6 22:23:36 EDT 2014: Entering /tmp/24825.1.standard.q/ssh with args node057.pug.mib.pbtech -l jam2079 /bin/sh -f
32214: Tue May  6 22:23:36 EDT 2014: Entering /tmp/24825.1.standard.q/ssh with args node057.pug.mib.pbtech -l jam2079 /bin/sh -f
32215: Tue May  6 22:23:36 EDT 2014: Entering /tmp/24825.1.standard.q/ssh with args node064.pug.mib.pbtech -l jam2079 /bin/sh -f
32226: Tue May  6 22:23:38 EDT 2014: Exiting /tmp/24825.1.standard.q/ssh
32225: Tue May  6 22:23:39 EDT 2014: Exiting /tmp/24825.1.standard.q/ssh
32217: Tue May  6 22:23:39 EDT 2014: Exiting /tmp/24825.1.standard.q/ssh
32218: Tue May  6 22:23:39 EDT 2014: Exiting /tmp/24825.1.standard.q/ssh
32229: Tue May  6 22:23:40 EDT 2014: Exiting /tmp/24825.1.standard.q/ssh
32216: Tue May  6 22:23:41 EDT 2014: Exiting /tmp/24825.1.standard.q/ssh
32232: Tue May  6 22:23:41 EDT 2014: Exiting /tmp/24825.1.standard.q/ssh
32219: Tue May  6 22:23:42 EDT 2014: Exiting /tmp/24825.1.standard.q/ssh
32231: Tue May  6 22:23:43 EDT 2014: Exiting /tmp/24825.1.standard.q/ssh
32228: Tue May  6 22:23:46 EDT 2014: Exiting /tmp/24825.1.standard.q/ssh
32214: Tue May  6 22:23:46 EDT 2014: Exiting /tmp/24825.1.standard.q/ssh
32224: Tue May  6 22:23:49 EDT 2014: Exiting /tmp/24825.1.standard.q/ssh
32235: Tue May  6 22:23:49 EDT 2014: Exiting /tmp/24825.1.standard.q/ssh
32212: Tue May  6 22:23:50 EDT 2014: Exiting /tmp/24825.1.standard.q/ssh
32213: Tue May  6 22:23:52 EDT 2014: Exiting /tmp/24825.1.standard.q/ssh
32233: Tue May  6 22:23:52 EDT 2014: Exiting /tmp/24825.1.standard.q/ssh
32215: Tue May  6 22:23:52 EDT 2014: Exiting /tmp/24825.1.standard.q/ssh
32223: Tue May  6 22:23:54 EDT 2014: Exiting /tmp/24825.1.standard.q/ssh
32221: Tue May  6 22:23:55 EDT 2014: Exiting /tmp/24825.1.standard.q/ssh
32230: Tue May  6 22:23:55 EDT 2014: Exiting /tmp/24825.1.standard.q/ssh
32227: Tue May  6 22:23:56 EDT 2014: Exiting /tmp/24825.1.standard.q/ssh
32222: Tue May  6 22:23:57 EDT 2014: Exiting /tmp/24825.1.standard.q/ssh
32234: Tue May  6 22:23:58 EDT 2014: Exiting /tmp/24825.1.standard.q/ssh
32220: Tue May  6 22:23:59 EDT 2014: Exiting /tmp/24825.1.standard.q/ssh
Warning> Randomization of stack pointer is turned on in kernel.
Charm++> synchronizing isomalloc memory region...
[0] consolidated Isomalloc memory region: 0x2bac80000000 - 0x7ffb00000000 (88401920 megs)
Charm++: scheduler running in netpoll mode.
Charm++> Running on 2 unique compute nodes (12-way SMP).
Charm++> Cpu topology info:
PE to node map: 0 1 0 1 0 1 0 1 0 1 0 1 0 1 0 1 0 1 0 1 0 1 0 1 
Node to PE map:
Chip #0: 0 2 4 6 8 10 12 14 16 18 20 22 
Chip #1: 1 3 5 7 9 11 13 15 17 19 21 23 
Charm++> cpu topology info is gathered in 0.035 seconds.
Info: NAMD 2.7 for Linux-x86_64
Info: 
Info: Please visit http://www.ks.uiuc.edu/Research/namd/
Info: and send feedback or bug reports to namd@ks.uiuc.edu
Info: 
Info: Please cite Phillips et al., J. Comp. Chem. 26:1781-1802 (2005)
Info: in all publications reporting results obtained with NAMD.
Info: 
Info: Based on Charm++/Converse 60202 for net-linux-x86_64
Info: Built Fri Jun 17 11:23:43 EDT 2011 by jason on node026.pug.pbtech
Info: 1 NAMD  2.7  Linux-x86_64  24    node057.pug.pbtech  jam2079
Info: Running on 24 processors.
Info: CPU topology information available.
Info: Charm++/Converse parallel runtime startup completed at 0.259157 s
Info: 1.64034 MB of memory in use based on CmiMemoryUsage
Info: Changed directory to phase2a
Info: Configuration file is rho_equil_phase2a4.np.in
TCL: Suspending until startup complete.
Info: EXTENDED SYSTEM FILE   /home/jam2079/Pathrover/3tt3/phase2a/dat_equil_phase2a3.restart.xsc
Info: SIMULATION PARAMETERS:
Info: TIMESTEP               1
Info: NUMBER OF STEPS        0
Info: STEPS PER CYCLE        20
Info: PERIODIC CELL BASIS 1  128.303 0 0
Info: PERIODIC CELL BASIS 2  0 133.703 0
Info: PERIODIC CELL BASIS 3  0 0 128.627
Info: PERIODIC CELL CENTER   39.547 42.92 2.551
Info: WRAPPING ALL CLUSTERS AROUND PERIODIC BOUNDARIES ON OUTPUT.
Info: LOAD BALANCER  Centralized
Info: LOAD BALANCING STRATEGY  New Load Balancers -- ASB
Info: LDB PERIOD             4000 steps
Info: FIRST LDB TIMESTEP     100
Info: LAST LDB TIMESTEP     -1
Info: LDB BACKGROUND SCALING 1
Info: HOM BACKGROUND SCALING 1
Info: PME BACKGROUND SCALING 1
Info: MAX SELF PARTITIONS    20
Info: MAX PAIR PARTITIONS    8
Info: SELF PARTITION ATOMS   154
Info: SELF2 PARTITION ATOMS   154
Info: PAIR PARTITION ATOMS   318
Info: PAIR2 PARTITION ATOMS  637
Info: MIN ATOMS PER PATCH    100
Info: VELOCITY FILE          /home/jam2079/Pathrover/3tt3/phase2a/dat_equil_phase2a3.restart.vel
Info: CENTER OF MASS MOVING INITIALLY? NO
Info: DIELECTRIC             1
Info: EXCLUDE                SCALED ONE-FOUR
Info: 1-4 ELECTROSTATICS SCALED BY 1
Info: MODIFIED 1-4 VDW PARAMETERS WILL BE USED
Info: DCD FILENAME           ./dat_equil_phase2a4.np.dcd
Info: DCD FREQUENCY          5000
Info: DCD FIRST STEP         5000
Info: DCD FILE WILL CONTAIN UNIT CELL DATA
Info: XST FILENAME           ./dat_equil_phase2a4.np.xst
Info: XST FREQUENCY          5000
Info: NO VELOCITY DCD OUTPUT
Info: OUTPUT FILENAME        ./dat_equil_phase2a4.np
Info: RESTART FILENAME       ./dat_equil_phase2a4.np.restart
Info: RESTART FREQUENCY      5000
Info: BINARY RESTART FILES WILL BE USED
Info: SWITCHING ACTIVE
Info: SWITCHING ON           10
Info: SWITCHING OFF          12
Info: PAIRLIST DISTANCE      13.5
Info: PAIRLIST SHRINK RATE   0.01
Info: PAIRLIST GROW RATE     0.01
Info: PAIRLIST TRIGGER       0.3
Info: PAIRLISTS PER CYCLE    2
Info: PAIRLISTS ENABLED
Info: MARGIN                 1.5
Info: HYDROGEN GROUP CUTOFF  2.5
Info: PATCH DIMENSION        17.5
Info: ENERGY OUTPUT STEPS    5000
Info: CROSSTERM ENERGY INCLUDED IN DIHEDRAL
Info: TIMING OUTPUT STEPS    5000
Info: PRESSURE OUTPUT STEPS  5000
Info: HARMONIC CONSTRAINTS ACTIVE
Info: HARMONIC CONS EXP      2
Info: LANGEVIN DYNAMICS ACTIVE
Info: LANGEVIN TEMPERATURE   310
Info: LANGEVIN DAMPING COEFFICIENT IS 5 INVERSE PS
Info: LANGEVIN DYNAMICS NOT APPLIED TO HYDROGENS
Info: LANGEVIN PISTON PRESSURE CONTROL ACTIVE
Info:        TARGET PRESSURE IS 1.01325 BAR
Info:     OSCILLATION PERIOD IS 200 FS
Info:             DECAY TIME IS 50 FS
Info:     PISTON TEMPERATURE IS 310 K
Info:       PRESSURE CONTROL IS GROUP-BASED
Info:    INITIAL STRAIN RATE IS 2.94353e-05 2.94353e-05 3.44794e-07
Info:       CELL FLUCTUATION IS ANISOTROPIC
Info:     SHAPE OF CELL IS CONSTRAINED IN X-Y PLANE
Info: PARTICLE MESH EWALD (PME) ACTIVE
Info: PME TOLERANCE               1e-06
Info: PME EWALD COEFFICIENT       0.257952
Info: PME INTERPOLATION ORDER     4
Info: PME GRID DIMENSIONS         132 144 132
Info: PME MAXIMUM GRID SPACING    1
Info: Attempting to read FFTW data from FFTW_NAMD_2.7_Linux-x86_64.txt
Info: Optimizing 6 FFT steps.  1... 2... 3... 4... 5... 6...   Done.
Info: Writing FFTW data to FFTW_NAMD_2.7_Linux-x86_64.txt
Info: FULL ELECTROSTATIC EVALUATION FREQUENCY      4
Info: USING VERLET I (r-RESPA) MTS SCHEME.
Info: C1 SPLITTING OF LONG RANGE ELECTROSTATICS
Info: PLACING ATOMS IN PATCHES BY HYDROGEN GROUPS
Info: RIGID BONDS TO HYDROGEN : ALL
Info:         ERROR TOLERANCE : 1e-08
Info:          MAX ITERATIONS : 100
Info: RIGID WATER USING SETTLE ALGORITHM
Info: NONBONDED FORCES EVALUATED EVERY 2 STEPS
Info: RANDOM NUMBER SEED     1399429450
Info: USE HYDROGEN BONDS?    NO
Info: COORDINATE PDB         /home/jam2079/Pathrover/3tt3/phase2a/dat_equil_phase2a3.coor
Info: STRUCTURE FILE         /home/jam2079/Pathrover/3tt3/common/ionized.psf
Info: PARAMETER file: CHARMM format! 
Info: PARAMETERS             /home/jam2079/Pathrover/3tt3/common/parameters_all.prm
Info: USING ARITHMETIC MEAN TO COMBINE L-J SIGMA PARAMETERS
Info: BINARY COORDINATES     /home/jam2079/Pathrover/3tt3/phase2a/dat_equil_phase2a3.restart.coor
Info: SUMMARY OF PARAMETERS:
Info: 231 BONDS
Info: 615 ANGLES
Info: 936 DIHEDRAL
Info: 55 IMPROPER
Info: 6 CROSSTERM
Info: 152 VDW
Info: 0 VDW_PAIRS
Info: TIME FOR READING PSF FILE: 3.46261
Info: TIME FOR READING PDB FILE: 0.364756
Info: 
Info: Reading from binary file /home/jam2079/Pathrover/3tt3/phase2a/dat_equil_phase2a3.restart.coor
Info: ****************************
Info: STRUCTURE SUMMARY:
Info: 222884 ATOMS
Info: 173098 BONDS
Info: 191327 ANGLES
Info: 198094 DIHEDRALS
Info: 2265 IMPROPERS
Info: 0 CROSSTERMS
Info: 0 EXCLUSIONS
Info: 2061 CONSTRAINTS
Info: 192346 RIGID BONDS
Info: 476306 DEGREES OF FREEDOM
Info: 79781 HYDROGEN GROUPS
Info: 4 ATOMS IN LARGEST HYDROGEN GROUP
Info: 79781 MIGRATION GROUPS
Info: 4 ATOMS IN LARGEST MIGRATION GROUP
Info: TOTAL MASS = 1.33362e+06 amu
Info: TOTAL CHARGE = 5.30519e-05 e
Info: MASS DENSITY = 1.00365 g/cm^3
Info: ATOM DENSITY = 0.101011 atoms/A^3
Info: *****************************
Info: 
Info: Entering startup at 28.3293 s, 62.2015 MB of memory in use
Info: Startup phase 0 took 0.041527 s, 62.198 MB of memory in use
Info: Startup phase 1 took 1.73116 s, 107.393 MB of memory in use
Info: Startup phase 2 took 0.0468321 s, 109.097 MB of memory in use
Info: PATCH GRID IS 7 (PERIODIC) BY 7 (PERIODIC) BY 7 (PERIODIC)
Info: PATCH GRID IS 1-AWAY BY 1-AWAY BY 1-AWAY
Info: Reading from binary file /home/jam2079/Pathrover/3tt3/phase2a/dat_equil_phase2a3.restart.vel
Info: REMOVING COM VELOCITY -0.000387862 -0.00443148 0.00653586
Info: LARGEST PATCH (135) HAS 711 ATOMS
Info: Startup phase 3 took 0.197166 s, 145.017 MB of memory in use
Info: PME using 22 and 24 processors for FFT and reciprocal sum.
Info: PME GRID LOCATIONS: 1 2 3 4 5 6 7 8 9 10 ...
Info: PME TRANS LOCATIONS: 0 1 2 3 4 5 6 7 8 9 ...
Info: Optimizing 4 FFT steps.  1... 2... 3... 4...   Done.
Info: Startup phase 4 took 0.0589828 s, 145.91 MB of memory in use
Info: Startup phase 5 took 0.0730622 s, 112.884 MB of memory in use
LDB: Central LB being created...
Info: Startup phase 6 took 2.42692 s, 112.941 MB of memory in use
Info: CREATING 12918 COMPUTE OBJECTS
Info: useSync: 1 useProxySync: 0
Info: NONBONDED TABLE R-SQUARED SPACING: 0.0625
Info: NONBONDED TABLE SIZE: 769 POINTS
Info: Startup phase 7 took 0.0499868 s, 116.603 MB of memory in use
Info: Startup phase 8 took 0.000174046 s, 118.622 MB of memory in use
Info: Finished startup at 32.9552 s, 118.622 MB of memory in use

TCL: Running for 250000 steps
PRESSURE: 0 -14429.9 -40.1824 -52.0567 -42.2851 -14631 76.8175 -26.5262 92.805 -14584.2
GPRESSURE: 0 38.5781 -39.7655 33.835 -87.6665 -222.595 116.562 45.7868 103.274 -325.782
ETITLE:      TS           BOND          ANGLE          DIHED          IMPRP               ELECT            VDW       BOUNDARY           MISC        KINETIC               TOTAL           TEMP      POTENTIAL         TOTAL3        TEMPAVG            PRESSURE      GPRESSURE         VOLUME       PRESSAVG      GPRESSAVG

ENERGY:       0      8834.2552     44520.9865     30594.3968       558.2821        -605738.0453     25455.3076       311.7776         0.0000    146555.5119        -348907.5276       309.6752   -495463.0395   -348545.7767       309.6752         -14548.3434      -169.9331   2206531.3581    -14548.3434      -169.9331

OPENING EXTENDED SYSTEM TRAJECTORY FILE
LDB: ============= START OF LOAD BALANCING ============== 43.0934
LDB: ============== END OF LOAD BALANCING =============== 43.094

Info: Initial time: 24 CPUs 0.0999077 s/step 1.15634 days/ns 143.559 MB memory
LDB: ============= START OF LOAD BALANCING ============== 53.3317
LDB: TIME 53.3371 LOAD: AVG 8.96658 MAX 9.52175  PROXIES: TOTAL 755 MAXPE 33 MAXPATCH 4 None 1.57284
LDB: TIME 53.4129 LOAD: AVG 8.96658 MAX 8.96789  PROXIES: TOTAL 755 MAXPE 33 MAXPATCH 4 TorusLB 1.57284
LDB: TIME 53.413 LOAD: AVG 8.96658 MAX 8.96789  PROXIES: TOTAL 755 MAXPE 33 MAXPATCH 4 TorusLB 1.57284
LDB: ============== END OF LOAD BALANCING =============== 53.44

Info: Initial time: 24 CPUs 0.100924 s/step 1.1681 days/ns 141.372 MB memory
LDB: ============= START OF LOAD BALANCING ============== 63.538
LDB: TIME 63.5725 LOAD: AVG 9.06006 MAX 9.2974  PROXIES: TOTAL 755 MAXPE 33 MAXPATCH 4 None 1.63241
LDB: TIME 63.5899 LOAD: AVG 9.06006 MAX 9.2974  PROXIES: TOTAL 755 MAXPE 33 MAXPATCH 4 RefineTorusLB 1.63241
LDB: ============== END OF LOAD BALANCING =============== 63.5925

Info: Initial time: 24 CPUs 0.0991932 s/step 1.14807 days/ns 142.582 MB memory
LDB: ============= START OF LOAD BALANCING ============== 73.8068
LDB: TIME 73.8416 LOAD: AVG 9.05787 MAX 9.28636  PROXIES: TOTAL 755 MAXPE 33 MAXPATCH 4 None 1.63633
LDB: TIME 73.861 LOAD: AVG 9.05787 MAX 9.28636  PROXIES: TOTAL 755 MAXPE 33 MAXPATCH 4 RefineTorusLB 1.63633
LDB: ============== END OF LOAD BALANCING =============== 73.8637

Info: Benchmark time: 24 CPUs 0.100263 s/step 1.16045 days/ns 143.151 MB memory
Info: Benchmark time: 24 CPUs 0.101277 s/step 1.17219 days/ns 143.148 MB memory
Info: Benchmark time: 24 CPUs 0.100321 s/step 1.16113 days/ns 144.125 MB memory
LDB: ============= START OF LOAD BALANCING ============== 465.45
LDB: ============== END OF LOAD BALANCING =============== 465.451

LDB: ============= START OF LOAD BALANCING ============== 475.827
LDB: TIME 475.861 LOAD: AVG 9.09967 MAX 9.38635  PROXIES: TOTAL 755 MAXPE 33 MAXPATCH 4 None 1.63394
LDB: TIME 475.88 LOAD: AVG 9.09967 MAX 9.38635  PROXIES: TOTAL 755 MAXPE 33 MAXPATCH 4 RefineTorusLB 1.63394
LDB: ============== END OF LOAD BALANCING =============== 475.883

PRESSURE: 5000 -14509.2 -49.6723 -18.9352 -64.4252 -14529 117.193 -24.79 101.602 -14619.2
GPRESSURE: 5000 -13.8005 -31.3342 -21.2387 -66.3267 -77.2663 31.5769 1.077 54.6511 -262.53
PRESSAVG: 5000 -5.25953 5.2237 -9.66038 -0.371332 0.650793 10.83 12.4102 18.0827 -3.96838
GPRESSAVG: 5000 -5.22542 5.22233 -9.5705 -0.423473 0.687516 10.8271 12.5396 18.3152 -3.93617
TIMING: 5000  CPU: 448.775, 0.0896934/step  Wall: 503.466, 0.100593/step, 6.84593 hours remaining, 161.503922 MB of memory in use.
ENERGY:    5000      8879.8113     44591.2348     30520.4722       579.0668        -605792.9869     25662.0548       298.6169         0.0000    146581.6906        -348680.0395       309.7306   -495261.7301   -348322.3970       310.1434         -14552.4647      -117.8657   2196930.6987        -2.8590        -2.8247

WRITING EXTENDED SYSTEM TO RESTART FILE AT STEP 5000
OPENING COORDINATE DCD FILE
WRITING COORDINATES TO DCD FILE AT STEP 5000
WRITING COORDINATES TO RESTART FILE AT STEP 5000
FINISHED WRITING RESTART COORDINATES
WRITING VELOCITIES TO RESTART FILE AT STEP 5000
FINISHED WRITING RESTART VELOCITIES
LDB: ============= START OF LOAD BALANCING ============== 868.144
LDB: ============== END OF LOAD BALANCING =============== 868.145

LDB: ============= START OF LOAD BALANCING ============== 878.454
LDB: TIME 878.489 LOAD: AVG 9.11565 MAX 9.40219  PROXIES: TOTAL 755 MAXPE 33 MAXPATCH 4 None 1.63767
LDB: TIME 878.509 LOAD: AVG 9.11565 MAX 9.40219  PROXIES: TOTAL 755 MAXPE 33 MAXPATCH 4 RefineTorusLB 1.63767
LDB: ============== END OF LOAD BALANCING =============== 878.512

PRESSURE: 10000 -14584.1 4.61151 -97.2788 -13.5987 -14448.9 -62.0445 -58.3087 -84.1536 -14512.2
GPRESSURE: 10000 -30.4214 -28.3756 18.3652 -76.6208 9.94295 -31.7544 -46.947 -27.4106 -73.3077
PRESSAVG: 10000 -1.09383 -0.107397 5.64107 -6.74054 10.2826 -4.2897 16.7608 15.1122 -2.77767
GPRESSAVG: 10000 -1.16334 0.0830806 5.55494 -7.01719 10.2907 -4.30778 16.9396 15.1386 -2.72291
TIMING: 10000  CPU: 900.829, 0.0904109/step  Wall: 1007.21, 0.100748/step, 6.71653 hours remaining, 164.750351 MB of memory in use.
ENERGY:   10000      8691.1083     44403.6291     30586.0190       559.4288        -606995.3482     25558.8472       287.4685         0.0000    146274.6701        -350634.1772       309.0818   -496908.8473   -350268.5560       309.9055         -14515.0818       -31.2621   2191022.1712         2.1370         2.1348

WRITING EXTENDED SYSTEM TO RESTART FILE AT STEP 10000
WRITING COORDINATES TO DCD FILE AT STEP 10000
WRITING COORDINATES TO RESTART FILE AT STEP 10000
FINISHED WRITING RESTART COORDINATES
WRITING VELOCITIES TO RESTART FILE AT STEP 10000
FINISHED WRITING RESTART VELOCITIES
LDB: ============= START OF LOAD BALANCING ============== 1271.5
LDB: ============== END OF LOAD BALANCING =============== 1271.5

LDB: ============= START OF LOAD BALANCING ============== 1281.73
LDB: TIME 1281.74 LOAD: AVG 9.10165 MAX 9.27573  PROXIES: TOTAL 755 MAXPE 33 MAXPATCH 4 None 1.63185
LDB: TIME 1281.75 LOAD: AVG 9.10165 MAX 9.27573  PROXIES: TOTAL 755 MAXPE 33 MAXPATCH 4 RefineTorusLB 1.63185
LDB: ============== END OF LOAD BALANCING =============== 1281.75

PRESSURE: 15000 -14465.6 -55.3908 55.2574 -37.553 -14585.5 82.6079 41.486 106.439 -14504.8
GPRESSURE: 15000 8.61447 -56.4188 55.1913 -47.2481 -88.3884 95.8587 14.938 49.9115 -88.5338
PRESSAVG: 15000 4.33853 18.7805 10.7411 9.7104 -11.5155 2.21805 9.16029 13.1944 3.04338
GPRESSAVG: 15000 4.26435 18.6845 10.8128 9.78627 -11.5092 2.21397 9.04011 13.1038 2.98222
TIMING: 15000  CPU: 1351.31, 0.0900963/step  Wall: 1510.58, 0.100676/step, 6.5719 hours remaining, 166.110245 MB of memory in use.
ENERGY:   15000      8945.7649     44428.3093     30475.8843       589.4460        -606203.6042     25466.7474       306.5310         0.0000    146418.6919        -349572.2294       309.3861   -495990.9213   -349189.8695       309.3587         -14518.6227       -56.1026   2190333.8831        -1.3779        -1.4209

WRITING EXTENDED SYSTEM TO RESTART FILE AT STEP 15000
WRITING COORDINATES TO DCD FILE AT STEP 15000
WRITING COORDINATES TO RESTART FILE AT STEP 15000
FINISHED WRITING RESTART COORDINATES
WRITING VELOCITIES TO RESTART FILE AT STEP 15000
FINISHED WRITING RESTART VELOCITIES
LDB: ============= START OF LOAD BALANCING ============== 1674.45
LDB: ============== END OF LOAD BALANCING =============== 1674.45

LDB: ============= START OF LOAD BALANCING ============== 1684.91
LDB: TIME 1684.95 LOAD: AVG 9.13824 MAX 9.4602  PROXIES: TOTAL 755 MAXPE 33 MAXPATCH 4 None 1.64002
LDB: TIME 1684.96 LOAD: AVG 9.13824 MAX 9.4602  PROXIES: TOTAL 755 MAXPE 33 MAXPATCH 4 RefineTorusLB 1.64002
LDB: ============== END OF LOAD BALANCING =============== 1684.97

PRESSURE: 20000 -14622.9 34.4855 -42.1495 -9.24721 -14598.1 -29.0566 -73.6823 -47.1659 -14258.1
GPRESSURE: 20000 5.02746 -25.0025 -38.7291 -23.0217 21.0351 59.1732 -47.8496 -19.8855 165.024
PRESSAVG: 20000 5.35618 -7.72375 -19.4164 -9.51962 -1.41032 -2.38753 -9.55883 -2.09327 -4.1768
GPRESSAVG: 20000 5.43807 -7.68004 -19.6006 -9.32469 -1.29378 -2.29787 -9.4215 -2.02916 -4.22838
TIMING: 20000  CPU: 1800.77, 0.0898911/step  Wall: 2014.74, 0.10083/step, 6.44193 hours remaining, 165.585281 MB of memory in use.
ENERGY:   20000      8849.3725     44492.3503     30530.1153       578.0520        -608352.0000     26316.0233       307.6824         0.0000    146587.3792        -350691.0250       309.7426   -497278.4042   -350322.7023       309.6728         -14493.0307        63.6954   2185193.8926        -0.0770        -0.0280

WRITING EXTENDED SYSTEM TO RESTART FILE AT STEP 20000
WRITING COORDINATES TO DCD FILE AT STEP 20000
WRITING COORDINATES TO RESTART FILE AT STEP 20000
FINISHED WRITING RESTART COORDINATES
WRITING VELOCITIES TO RESTART FILE AT STEP 20000
FINISHED WRITING RESTART VELOCITIES
LDB: ============= START OF LOAD BALANCING ============== 2077.53
LDB: ============== END OF LOAD BALANCING =============== 2077.53

LDB: ============= START OF LOAD BALANCING ============== 2087.98
LDB: TIME 2088.01 LOAD: AVG 9.14142 MAX 9.38888  PROXIES: TOTAL 755 MAXPE 33 MAXPATCH 4 None 1.64023
LDB: TIME 2088.03 LOAD: AVG 9.14142 MAX 9.38888  PROXIES: TOTAL 755 MAXPE 33 MAXPATCH 4 RefineTorusLB 1.64023
LDB: ============== END OF LOAD BALANCING =============== 2088.04

LDB: ============= START OF LOAD BALANCING ============== 2481.65
LDB: ============== END OF LOAD BALANCING =============== 2481.65

LDB: ============= START OF LOAD BALANCING ============== 2491.98
LDB: TIME 2492.01 LOAD: AVG 9.13371 MAX 9.37673  PROXIES: TOTAL 755 MAXPE 33 MAXPATCH 4 None 1.64977
LDB: TIME 2492.03 LOAD: AVG 9.13371 MAX 9.37673  PROXIES: TOTAL 755 MAXPE 33 MAXPATCH 4 RefineTorusLB 1.64977
LDB: ============== END OF LOAD BALANCING =============== 2492.03

PRESSURE: 25000 -14335.1 113.458 30.5908 109.283 -14675.9 54.4744 53.7952 60.812 -14460.1
GPRESSURE: 25000 133.827 17.1243 92.5284 50.9739 -192.137 98.5709 64.5565 83.8686 99.7693
PRESSAVG: 25000 18.1093 6.61784 5.92824 -10.2223 -14.6616 -2.64593 5.43363 8.39903 0.812328
GPRESSAVG: 25000 18.1412 6.79877 5.98292 -10.1236 -14.6716 -2.74641 5.39678 8.34637 0.776729
TIMING: 25000  CPU: 2250.92, 0.0900311/step  Wall: 2520.2, 0.101093/step, 6.31832 hours remaining, 166.690109 MB of memory in use.
ENERGY:   25000      8763.0714     44079.5934     30514.2581       575.2541        -606307.9615     25109.5546       324.7852         0.0000    146200.4410        -350741.0036       308.9250   -496941.4446   -350384.8632       309.7927         -14490.3744        13.8197   2186079.8545         1.4200         1.4155

WRITING EXTENDED SYSTEM TO RESTART FILE AT STEP 25000
WRITING COORDINATES TO DCD FILE AT STEP 25000
WRITING COORDINATES TO RESTART FILE AT STEP 25000
FINISHED WRITING RESTART COORDINATES
WRITING VELOCITIES TO RESTART FILE AT STEP 25000
FINISHED WRITING RESTART VELOCITIES
LDB: ============= START OF LOAD BALANCING ============== 2885.59
LDB: ============== END OF LOAD BALANCING =============== 2885.59

LDB: ============= START OF LOAD BALANCING ============== 2895.88
LDB: TIME 2895.91 LOAD: AVG 9.12502 MAX 9.31519  PROXIES: TOTAL 755 MAXPE 33 MAXPATCH 4 None 1.63479
LDB: TIME 2895.93 LOAD: AVG 9.12502 MAX 9.31519  PROXIES: TOTAL 755 MAXPE 33 MAXPATCH 4 RefineTorusLB 1.63479
LDB: ============== END OF LOAD BALANCING =============== 2895.93

PRESSURE: 30000 -14610.7 -66.5923 116.732 -74.4134 -14701.1 -43.2153 121.499 -65.779 -14495.1
GPRESSURE: 30000 -31.6442 -2.45517 170.929 -83.0617 -155.92 -115.16 108.534 -39.836 -31.7528
PRESSAVG: 30000 4.34188 5.89882 -4.36301 11.5895 -3.93189 0.79087 -14.4365 12.5043 -1.67907
GPRESSAVG: 30000 4.23044 6.02025 -4.40606 11.5606 -3.75845 0.952196 -14.373 12.5547 -1.66148
TIMING: 30000  CPU: 2703.39, 0.0904936/step  Wall: 3025.29, 0.101018/step, 6.17333 hours remaining, 164.138504 MB of memory in use.
ENERGY:   30000      8799.6088     44228.0867     30505.2012       547.6557        -607023.3905     25370.0995       302.3102         0.0000    146138.3989        -351132.0295       308.7939   -497270.4285   -350780.6503       309.6032         -14602.2878       -73.1056   2186567.1331        -0.4230        -0.3965

WRITING EXTENDED SYSTEM TO RESTART FILE AT STEP 30000
WRITING COORDINATES TO DCD FILE AT STEP 30000
WRITING COORDINATES TO RESTART FILE AT STEP 30000
FINISHED WRITING RESTART COORDINATES
WRITING VELOCITIES TO RESTART FILE AT STEP 30000
FINISHED WRITING RESTART VELOCITIES
LDB: ============= START OF LOAD BALANCING ============== 3289.89
LDB: ============== END OF LOAD BALANCING =============== 3289.89

LDB: ============= START OF LOAD BALANCING ============== 3300.09
LDB: TIME 3300.12 LOAD: AVG 9.09428 MAX 9.37712  PROXIES: TOTAL 755 MAXPE 33 MAXPATCH 4 None 1.61688
LDB: TIME 3300.15 LOAD: AVG 9.09428 MAX 9.37712  PROXIES: TOTAL 755 MAXPE 33 MAXPATCH 4 RefineTorusLB 1.61688
LDB: ============== END OF LOAD BALANCING =============== 3300.15

PRESSURE: 35000 -14576 49.1984 171.329 108.902 -14662.7 66.6727 131.869 75.8371 -14646.6
GPRESSURE: 35000 -15.9242 -50.2711 100.808 75.3708 -75.7818 63.0879 60.479 42.2584 -105.816
PRESSAVG: 35000 -4.57712 6.32101 10.2159 11.6666 -0.050011 -21.984 4.09973 -26.6946 -0.846246
GPRESSAVG: 35000 -4.54977 6.32442 10.1612 11.6358 -0.0204514 -22.0445 4.05466 -26.7401 -0.796981
TIMING: 35000  CPU: 3152.74, 0.0898701/step  Wall: 3529.42, 0.100826/step, 6.02156 hours remaining, 166.981339 MB of memory in use.
ENERGY:   35000      8909.1668     44294.6031     30425.6001       570.1100        -608029.2340     26079.2096       304.6110         0.0000    146244.4695        -351201.4640       309.0180   -497445.9335   -350848.1097       309.6973         -14628.4234       -65.8406   2182181.2996        -1.8245        -1.7891

WRITING EXTENDED SYSTEM TO RESTART FILE AT STEP 35000
WRITING COORDINATES TO DCD FILE AT STEP 35000
WRITING COORDINATES TO RESTART FILE AT STEP 35000
FINISHED WRITING RESTART COORDINATES
WRITING VELOCITIES TO RESTART FILE AT STEP 35000
FINISHED WRITING RESTART VELOCITIES
LDB: ============= START OF LOAD BALANCING ============== 3693.25
LDB: ============== END OF LOAD BALANCING =============== 3693.25

LDB: ============= START OF LOAD BALANCING ============== 3703.48
LDB: TIME 3703.51 LOAD: AVG 9.14975 MAX 9.37572  PROXIES: TOTAL 755 MAXPE 33 MAXPATCH 4 None 1.64599
LDB: TIME 3703.54 LOAD: AVG 9.14975 MAX 9.37572  PROXIES: TOTAL 755 MAXPE 33 MAXPATCH 4 RefineTorusLB 1.64599
LDB: ============== END OF LOAD BALANCING =============== 3703.54

PRESSURE: 40000 -14411.7 15.7844 -16.0236 -9.72258 -14656.1 43.1244 22.907 68.7896 -14296.1
GPRESSURE: 40000 92.0101 43.3303 -24.5357 46.8029 -45.6851 20.5264 10.5913 60.4319 125.493
PRESSAVG: 40000 9.74282 2.84525 -0.826926 -5.62447 -4.04145 -0.457615 -9.15647 -7.63802 2.41548
GPRESSAVG: 40000 9.72709 2.86815 -0.839539 -5.62336 -4.09815 -0.534102 -9.39926 -7.60866 2.48743
TIMING: 40000  CPU: 3600.48, 0.089547/step  Wall: 4034.5, 0.101015/step, 5.89253 hours remaining, 164.860062 MB of memory in use.
ENERGY:   40000      8895.0394     44142.1472     30437.7638       556.9058        -606418.8751     25123.5007       290.6793         0.0000    146124.1016        -350848.7372       308.7637   -496972.8389   -350488.8981       309.6928         -14454.6435        57.2725   2182354.3037         2.7056         2.7055

WRITING EXTENDED SYSTEM TO RESTART FILE AT STEP 40000
WRITING COORDINATES TO DCD FILE AT STEP 40000
WRITING COORDINATES TO RESTART FILE AT STEP 40000
FINISHED WRITING RESTART COORDINATES
WRITING VELOCITIES TO RESTART FILE AT STEP 40000
FINISHED WRITING RESTART VELOCITIES
LDB: ============= START OF LOAD BALANCING ============== 4097.5
LDB: ============== END OF LOAD BALANCING =============== 4097.5

LDB: ============= START OF LOAD BALANCING ============== 4107.7
LDB: TIME 4107.73 LOAD: AVG 9.13575 MAX 9.29922  PROXIES: TOTAL 755 MAXPE 33 MAXPATCH 4 None 1.63749
LDB: TIME 4107.75 LOAD: AVG 9.13575 MAX 9.29922  PROXIES: TOTAL 755 MAXPE 33 MAXPATCH 4 RefineTorusLB 1.63749
LDB: ============== END OF LOAD BALANCING =============== 4107.76

LDB: ============= START OF LOAD BALANCING ============== 4500.57
LDB: ============== END OF LOAD BALANCING =============== 4500.57

LDB: ============= START OF LOAD BALANCING ============== 4510.87
LDB: TIME 4510.91 LOAD: AVG 9.12917 MAX 9.31204  PROXIES: TOTAL 755 MAXPE 33 MAXPATCH 4 None 1.63023
LDB: TIME 4510.93 LOAD: AVG 9.12917 MAX 9.31204  PROXIES: TOTAL 755 MAXPE 33 MAXPATCH 4 RefineTorusLB 1.63023
LDB: ============== END OF LOAD BALANCING =============== 4510.93

PRESSURE: 45000 -14487.5 13.6908 2.41715 26.6952 -14496.5 -49.5456 -8.98434 -39.1023 -14630.1
GPRESSURE: 45000 28.1974 26.6658 -113.674 52.4985 -5.12472 -32.7598 -101.37 22.6012 -174.329
PRESSAVG: 45000 5.44357 5.04999 -2.04359 -3.97496 -7.55537 -5.37281 11.6386 5.74943 0.813571
GPRESSAVG: 45000 5.51113 5.07546 -2.08339 -3.99647 -7.54688 -5.30062 11.8032 5.94942 0.871709
TIMING: 45000  CPU: 4052.78, 0.0904602/step  Wall: 4538.87, 0.100874/step, 5.74424 hours remaining, 164.512802 MB of memory in use.
ENERGY:   45000      8801.7254     44246.7157     30445.0764       585.1869        -606246.8298     24941.8219       293.7135         0.0000    145856.2816        -351076.3085       308.1978   -496932.5900   -350726.3950       309.9591         -14538.0478       -50.4188   2185793.8063        -0.4327        -0.3880

WRITING EXTENDED SYSTEM TO RESTART FILE AT STEP 45000
WRITING COORDINATES TO DCD FILE AT STEP 45000
WRITING COORDINATES TO RESTART FILE AT STEP 45000
FINISHED WRITING RESTART COORDINATES
WRITING VELOCITIES TO RESTART FILE AT STEP 45000
FINISHED WRITING RESTART VELOCITIES
LDB: ============= START OF LOAD BALANCING ============== 4904.89
LDB: ============== END OF LOAD BALANCING =============== 4904.89

LDB: ============= START OF LOAD BALANCING ============== 4915.22
LDB: TIME 4915.23 LOAD: AVG 9.14482 MAX 9.43058  PROXIES: TOTAL 755 MAXPE 33 MAXPATCH 4 None 1.63611
LDB: TIME 4915.24 LOAD: AVG 9.14482 MAX 9.43058  PROXIES: TOTAL 755 MAXPE 33 MAXPATCH 4 RefineTorusLB 1.63611
LDB: ============== END OF LOAD BALANCING =============== 4915.25

PRESSURE: 50000 -14580.1 65.7031 32.8869 30.0227 -14746.9 -49.4122 6.11952 -25.3476 -14550
GPRESSURE: 50000 -90.2975 60.1487 -27.6209 45.9588 -240.679 -3.09418 -89.8124 -57.8057 -102.043
PRESSAVG: 50000 9.1233 -5.40588 10.0768 -27.5254 -14.9795 -4.74953 9.3 -7.284 -4.29222
GPRESSAVG: 50000 9.13757 -5.43633 10.0181 -27.6326 -14.897 -4.66659 9.29894 -7.13515 -4.28198
TIMING: 50000  CPU: 4505.24, 0.0904928/step  Wall: 5044.11, 0.101049/step, 5.61382 hours remaining, 166.426132 MB of memory in use.
ETITLE:      TS           BOND          ANGLE          DIHED          IMPRP               ELECT            VDW       BOUNDARY           MISC        KINETIC               TOTAL           TEMP      POTENTIAL         TOTAL3        TEMPAVG            PRESSURE      GPRESSURE         VOLUME       PRESSAVG      GPRESSAVG

ENERGY:   50000      8842.5895     44236.5328     30440.4434       581.9280        -605864.2654     24499.3381       293.9725         0.0000    146356.6680        -350612.7931       309.2551   -496969.4611   -350242.2521       309.9788         -14625.6470      -144.3400   2185295.7892        -3.3828        -3.3471

WRITING EXTENDED SYSTEM TO RESTART FILE AT STEP 50000
WRITING COORDINATES TO DCD FILE AT STEP 50000
WRITING COORDINATES TO RESTART FILE AT STEP 50000
FINISHED WRITING RESTART COORDINATES
WRITING VELOCITIES TO RESTART FILE AT STEP 50000
FINISHED WRITING RESTART VELOCITIES
LDB: ============= START OF LOAD BALANCING ============== 5308.68
LDB: ============== END OF LOAD BALANCING =============== 5308.68

LDB: ============= START OF LOAD BALANCING ============== 5319.12
LDB: TIME 5319.13 LOAD: AVG 9.18856 MAX 9.43879  PROXIES: TOTAL 755 MAXPE 33 MAXPATCH 4 None 1.66929
LDB: TIME 5319.14 LOAD: AVG 9.18856 MAX 9.43879  PROXIES: TOTAL 755 MAXPE 33 MAXPATCH 4 RefineTorusLB 1.66929
LDB: ============== END OF LOAD BALANCING =============== 5319.14

PRESSURE: 55000 -14804.2 22.5241 -52.2024 45.3308 -14761.2 -120.589 -59.7673 -122.873 -14515.3
GPRESSURE: 55000 -301.486 74.5956 -28.5399 39.4626 -185.389 -67.8514 -127.513 -55.6553 -132.29
PRESSAVG: 55000 -14.3249 -6.80049 2.71915 0.994346 8.99874 -1.50875 8.36963 14.7631 0.163199
GPRESSAVG: 55000 -14.1818 -6.7472 2.79334 1.09944 9.12507 -1.43824 8.31094 14.7578 0.0751777
TIMING: 55000  CPU: 4955.33, 0.0900177/step  Wall: 5549.51, 0.101079/step, 5.47512 hours remaining, 167.073227 MB of memory in use.
ENERGY:   55000      8946.4918     44320.7883     30542.3204       559.4946        -605960.4864     24271.4920       277.0469         0.0000    146541.2146        -350501.6378       309.6450   -497042.8524   -350146.7119       309.6218         -14693.5870      -206.3882   2183409.9612        -1.7210        -1.6605

WRITING EXTENDED SYSTEM TO RESTART FILE AT STEP 55000
WRITING COORDINATES TO DCD FILE AT STEP 55000
WRITING COORDINATES TO RESTART FILE AT STEP 55000
FINISHED WRITING RESTART COORDINATES
WRITING VELOCITIES TO RESTART FILE AT STEP 55000
FINISHED WRITING RESTART VELOCITIES
LDB: ============= START OF LOAD BALANCING ============== 5713.53
LDB: ============== END OF LOAD BALANCING =============== 5713.53

LDB: ============= START OF LOAD BALANCING ============== 5723.83
LDB: TIME 5723.87 LOAD: AVG 9.1709 MAX 9.37543  PROXIES: TOTAL 755 MAXPE 33 MAXPATCH 4 None 1.65342
LDB: TIME 5723.89 LOAD: AVG 9.1709 MAX 9.37543  PROXIES: TOTAL 755 MAXPE 33 MAXPATCH 4 RefineTorusLB 1.65342
LDB: ============== END OF LOAD BALANCING =============== 5723.89

PRESSURE: 60000 -14460.9 48.7628 -29.314 121.059 -14453.6 -45.5347 4.47598 2.67541 -14431.6
GPRESSURE: 60000 136.681 -14.5565 -34.6667 146.214 138.137 -67.1448 -29.3504 -32.9626 -45.426
PRESSAVG: 60000 12.4249 7.81083 5.29804 19.131 -20.695 -11.157 17.2115 7.58983 -0.781082
GPRESSAVG: 60000 12.4609 7.92288 5.22814 19.0089 -20.7615 -11.124 17.352 7.40084 -0.771591
TIMING: 60000  CPU: 5406.21, 0.0901767/step  Wall: 6055.82, 0.101262/step, 5.34439 hours remaining, 166.839859 MB of memory in use.
ENERGY:   60000      8840.4867     44190.7636     30524.1549       577.1387        -606339.2752     25009.9874       305.1837         0.0000    147100.0379        -349791.5224       310.8258   -496891.5603   -349450.7140       310.0863         -14448.7096        76.4637   2179328.2611        -3.0171        -3.0240

WRITING EXTENDED SYSTEM TO RESTART FILE AT STEP 60000
WRITING COORDINATES TO DCD FILE AT STEP 60000
WRITING COORDINATES TO RESTART FILE AT STEP 60000
FINISHED WRITING RESTART COORDINATES
WRITING VELOCITIES TO RESTART FILE AT STEP 60000
FINISHED WRITING RESTART VELOCITIES
LDB: ============= START OF LOAD BALANCING ============== 6118.94
LDB: ============== END OF LOAD BALANCING =============== 6118.94

LDB: ============= START OF LOAD BALANCING ============== 6129.17
LDB: TIME 6129.22 LOAD: AVG 9.15646 MAX 9.44153  PROXIES: TOTAL 755 MAXPE 33 MAXPATCH 4 None 1.6496
LDB: TIME 6129.24 LOAD: AVG 9.15646 MAX 9.44153  PROXIES: TOTAL 755 MAXPE 33 MAXPATCH 4 RefineTorusLB 1.6496
LDB: ============== END OF LOAD BALANCING =============== 6129.24

LDB: ============= START OF LOAD BALANCING ============== 6524.15
LDB: ============== END OF LOAD BALANCING =============== 6524.15

LDB: ============= START OF LOAD BALANCING ============== 6534.55
LDB: TIME 6534.58 LOAD: AVG 9.15357 MAX 9.35815  PROXIES: TOTAL 755 MAXPE 33 MAXPATCH 4 None 1.63359
LDB: TIME 6534.6 LOAD: AVG 9.15357 MAX 9.35815  PROXIES: TOTAL 755 MAXPE 33 MAXPATCH 4 RefineTorusLB 1.63359
LDB: ============== END OF LOAD BALANCING =============== 6534.61

PRESSURE: 65000 -14678.1 -23.8989 -13.5276 -23.5122 -14450.6 -128.932 -17.1227 -129.043 -14337.5
GPRESSURE: 65000 -23.6669 15.6272 -0.787636 -53.104 98.9397 -36.3298 41.6439 -85.8211 153.728
PRESSAVG: 65000 13.2517 22.2965 1.80034 17.0499 -2.07618 5.32845 17.4292 26.7663 5.05476
GPRESSAVG: 65000 13.2211 22.2951 1.73614 17.1217 -2.14788 5.28502 17.4507 26.7437 5.13432
TIMING: 65000  CPU: 5854.94, 0.0897464/step  Wall: 6562.82, 0.101401/step, 5.21089 hours remaining, 167.267563 MB of memory in use.
ENERGY:   65000      8624.0664     44002.1369     30486.6474       586.2872        -607664.6851     25472.6212       305.1087         0.0000    146295.5768        -351892.2404       309.1260   -498187.8172   -351530.1666       309.8025         -14488.7035        76.3336   2181981.9754         5.4101         5.4025

WRITING EXTENDED SYSTEM TO RESTART FILE AT STEP 65000
WRITING COORDINATES TO DCD FILE AT STEP 65000
WRITING COORDINATES TO RESTART FILE AT STEP 65000
FINISHED WRITING RESTART COORDINATES
WRITING VELOCITIES TO RESTART FILE AT STEP 65000
FINISHED WRITING RESTART VELOCITIES
LDB: ============= START OF LOAD BALANCING ============== 6929.7
LDB: ============== END OF LOAD BALANCING =============== 6929.7

LDB: ============= START OF LOAD BALANCING ============== 6939.9
LDB: TIME 6939.93 LOAD: AVG 9.13596 MAX 9.44433  PROXIES: TOTAL 755 MAXPE 33 MAXPATCH 4 None 1.63028
LDB: TIME 6939.97 LOAD: AVG 9.13596 MAX 9.44433  PROXIES: TOTAL 755 MAXPE 33 MAXPATCH 4 RefineTorusLB 1.63028
LDB: ============== END OF LOAD BALANCING =============== 6939.97

PRESSURE: 70000 -14653.1 -151.272 -43.5188 -132.533 -14799.3 3.16736 -57.3293 -16.7341 -14428.1
GPRESSURE: 70000 -46.3869 -92.2043 -35.2764 -61.7698 -165.178 53.1302 -8.82551 -47.47 56.5135
PRESSAVG: 70000 2.36932 25.0163 5.25449 24.9997 -6.8745 -6.39978 11.1444 -10.0738 -3.30134
GPRESSAVG: 70000 2.40323 25.0227 5.22398 25.1347 -7.02893 -6.51104 11.1579 -9.94009 -3.2745
TIMING: 70000  CPU: 6303.64, 0.0897384/step  Wall: 7068.81, 0.101198/step, 5.0599 hours remaining, 167.480148 MB of memory in use.
ENERGY:   70000      8753.6308     44233.2621     30390.5348       564.2300        -607448.4461     25399.6403       301.2149         0.0000    146715.4649        -351090.4683       310.0132   -497805.9332   -350728.4714       309.8885         -14626.8280       -51.6837   2181715.9579        -2.6022        -2.6334

WRITING EXTENDED SYSTEM TO RESTART FILE AT STEP 70000
WRITING COORDINATES TO DCD FILE AT STEP 70000
WRITING COORDINATES TO RESTART FILE AT STEP 70000
FINISHED WRITING RESTART COORDINATES
WRITING VELOCITIES TO RESTART FILE AT STEP 70000
FINISHED WRITING RESTART VELOCITIES
LDB: ============= START OF LOAD BALANCING ============== 7334.2
LDB: ============== END OF LOAD BALANCING =============== 7334.2

LDB: ============= START OF LOAD BALANCING ============== 7344.64
LDB: TIME 7344.68 LOAD: AVG 9.15766 MAX 9.48685  PROXIES: TOTAL 755 MAXPE 33 MAXPATCH 4 None 1.63554
LDB: TIME 7344.69 LOAD: AVG 9.15766 MAX 9.48685  PROXIES: TOTAL 755 MAXPE 33 MAXPATCH 4 RefineTorusLB 1.63554
LDB: ============== END OF LOAD BALANCING =============== 7344.7

PRESSURE: 75000 -14701.8 -87.7272 -101.231 -117.074 -14624 18.2955 -115.084 67.5479 -14747.7
GPRESSURE: 75000 -166.472 -14.0267 -9.08447 -4.42317 -30.7512 -30.3564 -76.9839 82.8953 -190.982
PRESSAVG: 75000 6.57051 -13.1093 12.4183 7.91306 7.20014 -13.9444 15.5909 1.06676 -3.37097
GPRESSAVG: 75000 6.51264 -13.0993 12.4941 7.95758 7.26296 -13.8971 15.5626 1.00241 -3.3198
TIMING: 75000  CPU: 6753.03, 0.0898795/step  Wall: 7574.96, 0.10123/step, 4.9209 hours remaining, 166.335983 MB of memory in use.
ENERGY:   75000      8952.6332     44389.2590     30384.1486       563.4031        -606310.9202     24123.7236       286.8956         0.0000    146307.6457        -351303.2114       309.1515   -497610.8571   -350932.9763       309.3925         -14691.1569      -129.4017   2177361.9633         3.4666         3.4853

WRITING EXTENDED SYSTEM TO RESTART FILE AT STEP 75000
WRITING COORDINATES TO DCD FILE AT STEP 75000
WRITING COORDINATES TO RESTART FILE AT STEP 75000
FINISHED WRITING RESTART COORDINATES
WRITING VELOCITIES TO RESTART FILE AT STEP 75000
FINISHED WRITING RESTART VELOCITIES
LDB: ============= START OF LOAD BALANCING ============== 7739.72
LDB: ============== END OF LOAD BALANCING =============== 7739.72

LDB: ============= START OF LOAD BALANCING ============== 7750
LDB: TIME 7750.03 LOAD: AVG 9.18158 MAX 9.44017  PROXIES: TOTAL 755 MAXPE 33 MAXPATCH 4 None 1.65909
LDB: TIME 7750.05 LOAD: AVG 9.18158 MAX 9.44017  PROXIES: TOTAL 755 MAXPE 33 MAXPATCH 4 RefineTorusLB 1.65909
LDB: ============== END OF LOAD BALANCING =============== 7750.06

PRESSURE: 80000 -14537.1 62.0665 99.5781 75.3481 -14552.8 -77.3684 93.7461 -50.2479 -14425
GPRESSURE: 80000 4.74655 43.8559 13.4154 81.6611 78.2476 -4.4809 100.248 -10.1048 -44.7531
PRESSAVG: 80000 -4.52845 2.7451 18.4404 10.355 6.3608 -8.35295 5.71428 -9.74663 -2.36905
GPRESSAVG: 80000 -4.47245 2.80423 18.4474 10.3164 6.28582 -8.44722 5.76249 -9.82668 -2.46772
TIMING: 80000  CPU: 7202.93, 0.0899783/step  Wall: 8081.11, 0.101228/step, 4.78023 hours remaining, 167.011734 MB of memory in use.
ENERGY:   80000      8859.3896     44521.7135     30457.8464       555.6224        -606521.4021     24794.1096       303.9243         0.0000    146275.6611        -350753.1354       309.0839   -497028.7964   -350388.9706       309.8225         -14504.9678        12.7470   2182699.8082        -0.1789        -0.2181

WRITING EXTENDED SYSTEM TO RESTART FILE AT STEP 80000
WRITING COORDINATES TO DCD FILE AT STEP 80000
WRITING COORDINATES TO RESTART FILE AT STEP 80000
FINISHED WRITING RESTART COORDINATES
WRITING VELOCITIES TO RESTART FILE AT STEP 80000
FINISHED WRITING RESTART VELOCITIES
LDB: ============= START OF LOAD BALANCING ============== 8143.98
LDB: ============== END OF LOAD BALANCING =============== 8143.99

LDB: ============= START OF LOAD BALANCING ============== 8154.56
LDB: TIME 8154.6 LOAD: AVG 9.16865 MAX 9.42591  PROXIES: TOTAL 755 MAXPE 33 MAXPATCH 4 None 1.64756
LDB: TIME 8154.62 LOAD: AVG 9.16865 MAX 9.42591  PROXIES: TOTAL 755 MAXPE 33 MAXPATCH 4 RefineTorusLB 1.64756
LDB: ============== END OF LOAD BALANCING =============== 8154.62

LDB: ============= START OF LOAD BALANCING ============== 8549.6
LDB: ============== END OF LOAD BALANCING =============== 8549.6

LDB: ============= START OF LOAD BALANCING ============== 8560.03
LDB: TIME 8560.04 LOAD: AVG 9.16585 MAX 9.47155  PROXIES: TOTAL 755 MAXPE 33 MAXPATCH 4 None 1.64553
LDB: TIME 8560.06 LOAD: AVG 9.16585 MAX 9.47155  PROXIES: TOTAL 755 MAXPE 33 MAXPATCH 4 RefineTorusLB 1.64553
LDB: ============== END OF LOAD BALANCING =============== 8560.06

PRESSURE: 85000 -14642.1 -9.26119 -57.3407 -35.1518 -14692 -51.3948 -55.7473 -47.205 -14383
GPRESSURE: 85000 -75.9368 -41.2573 -84.1652 -95.062 -173.774 -102.055 -20.7005 -100.52 -3.3568
PRESSAVG: 85000 1.85025 -11.3051 20.7998 -16.6164 -0.599292 3.42933 33.8164 2.78906 2.72662
GPRESSAVG: 85000 1.91587 -11.3232 20.9561 -16.6803 -0.503877 3.42971 33.8371 2.78243 2.65031
TIMING: 85000  CPU: 7654.26, 0.0902669/step  Wall: 8588.8, 0.101539/step, 4.65388 hours remaining, 166.939926 MB of memory in use.
ENERGY:   85000      8767.6775     44166.4512     30435.2632       603.4532        -605717.4267     24232.8326       292.8022         0.0000    146890.3788        -350328.5679       310.3828   -497218.9467   -349992.0242       309.8513         -14572.3465       -84.3559   2185637.1791         1.3259         1.3541

WRITING EXTENDED SYSTEM TO RESTART FILE AT STEP 85000
WRITING COORDINATES TO DCD FILE AT STEP 85000
WRITING COORDINATES TO RESTART FILE AT STEP 85000
FINISHED WRITING RESTART COORDINATES
WRITING VELOCITIES TO RESTART FILE AT STEP 85000
FINISHED WRITING RESTART VELOCITIES
LDB: ============= START OF LOAD BALANCING ============== 8955.28
LDB: ============== END OF LOAD BALANCING =============== 8955.29

LDB: ============= START OF LOAD BALANCING ============== 8965.56
LDB: TIME 8965.57 LOAD: AVG 9.17406 MAX 9.60769  PROXIES: TOTAL 755 MAXPE 33 MAXPATCH 4 None 1.65466
LDB: TIME 8965.58 LOAD: AVG 9.17406 MAX 9.60769  PROXIES: TOTAL 755 MAXPE 33 MAXPATCH 4 RefineTorusLB 1.65466
LDB: ============== END OF LOAD BALANCING =============== 8965.59

PRESSURE: 90000 -14630.5 76.86 69.8796 69.9376 -14655.2 88.6875 87.0644 38.5219 -14589.8
GPRESSURE: 90000 -106.172 96.0881 27.7681 -5.13306 -46.8798 79.4819 87.2031 58.7851 -98.2826
PRESSAVG: 90000 -12.5587 -10.1541 1.49415 -13.1853 17.7402 -5.23015 19.6003 -4.01691 -4.18572
GPRESSAVG: 90000 -12.4948 -10.073 1.40247 -13.0606 17.951 -5.22779 19.5003 -4.09322 -4.29409
TIMING: 90000  CPU: 8103.18, 0.0897836/step  Wall: 9094.46, 0.101132/step, 4.49475 hours remaining, 166.241501 MB of memory in use.
ENERGY:   90000      8767.4264     44168.2911     30478.8721       564.8293        -606994.5364     24985.8470       296.0990         0.0000    145946.2043        -351786.9672       308.3878   -497733.1715   -351403.2747       309.8737         -14625.1496       -83.7781   2180783.1450         0.3320         0.3874

WRITING EXTENDED SYSTEM TO RESTART FILE AT STEP 90000
WRITING COORDINATES TO DCD FILE AT STEP 90000
WRITING COORDINATES TO RESTART FILE AT STEP 90000
FINISHED WRITING RESTART COORDINATES
WRITING VELOCITIES TO RESTART FILE AT STEP 90000
FINISHED WRITING RESTART VELOCITIES
LDB: ============= START OF LOAD BALANCING ============== 9360.39
LDB: ============== END OF LOAD BALANCING =============== 9360.39

LDB: ============= START OF LOAD BALANCING ============== 9370.83
LDB: TIME 9370.86 LOAD: AVG 9.17989 MAX 9.51029  PROXIES: TOTAL 755 MAXPE 33 MAXPATCH 4 None 1.64841
LDB: TIME 9370.88 LOAD: AVG 9.17989 MAX 9.51029  PROXIES: TOTAL 755 MAXPE 33 MAXPATCH 4 RefineTorusLB 1.64841
LDB: ============== END OF LOAD BALANCING =============== 9370.88

PRESSURE: 95000 -14256.5 50.8267 51.7171 85.0864 -14378.3 74.0699 76.6496 49.4646 -14392.2
GPRESSURE: 95000 307.645 46.7955 79.9393 69.3734 228.247 110.381 51.8695 28.4064 150.316
PRESSAVG: 95000 8.3568 -9.76196 -4.93647 -3.70497 -3.60124 -10.9399 22.1389 -2.82823 -1.23127
GPRESSAVG: 95000 8.37607 -9.6695 -4.88532 -3.80354 -3.54685 -11.1204 22.2646 -2.77212 -1.12375
TIMING: 95000  CPU: 8554.54, 0.0902733/step  Wall: 9601.29, 0.101366/step, 4.36438 hours remaining, 166.271652 MB of memory in use.
ENERGY:   95000      8759.4815     44243.5604     30504.2233       569.3090        -606752.4726     24925.8773       283.5529         0.0000    145773.6737        -351692.7945       308.0232   -497466.4682   -351350.4166       309.4470         -14342.3498       228.7362   2174922.3680         1.1748         1.2352

WRITING EXTENDED SYSTEM TO RESTART FILE AT STEP 95000
WRITING COORDINATES TO DCD FILE AT STEP 95000
WRITING COORDINATES TO RESTART FILE AT STEP 95000
FINISHED WRITING RESTART COORDINATES
WRITING VELOCITIES TO RESTART FILE AT STEP 95000
FINISHED WRITING RESTART VELOCITIES
LDB: ============= START OF LOAD BALANCING ============== 9765.76
LDB: ============== END OF LOAD BALANCING =============== 9765.76

LDB: ============= START OF LOAD BALANCING ============== 9776.23
LDB: TIME 9776.24 LOAD: AVG 9.18525 MAX 9.53318  PROXIES: TOTAL 755 MAXPE 33 MAXPATCH 4 None 1.64698
LDB: TIME 9776.25 LOAD: AVG 9.18525 MAX 9.53318  PROXIES: TOTAL 755 MAXPE 33 MAXPATCH 4 RefineTorusLB 1.64698
LDB: ============== END OF LOAD BALANCING =============== 9776.26

PRESSURE: 100000 -14561.9 73.8792 118.482 35.9803 -14367 -76.9266 118.59 -84.7062 -14438.6
GPRESSURE: 100000 -18.8657 84.0296 142.922 -30.2592 179.295 -24.5784 108.629 7.50743 37.9933
PRESSAVG: 100000 -2.20338 2.97435 -1.12394 -16.4827 1.64999 -7.69197 14.7272 5.94478 -4.1355
GPRESSAVG: 100000 -2.21155 2.88747 -1.03129 -16.3784 1.46942 -7.72442 14.6304 5.96727 -4.23041
TIMING: 100000  CPU: 9005.34, 0.0901587/step  Wall: 10107.3, 0.101203/step, 4.21679 hours remaining, 167.028091 MB of memory in use.
ETITLE:      TS           BOND          ANGLE          DIHED          IMPRP               ELECT            VDW       BOUNDARY           MISC        KINETIC               TOTAL           TEMP      POTENTIAL         TOTAL3        TEMPAVG            PRESSURE      GPRESSURE         VOLUME       PRESSAVG      GPRESSAVG

ENERGY:  100000      8955.2318     44424.2935     30406.8672       569.1137        -606334.1977     25055.5721       294.4851         0.0000    146789.8278        -349838.8066       310.1704   -496628.6344   -349512.8611       309.6044         -14455.8609        66.1407   2177970.2623        -1.5630        -1.6575

WRITING EXTENDED SYSTEM TO RESTART FILE AT STEP 100000
WRITING COORDINATES TO DCD FILE AT STEP 100000
WRITING COORDINATES TO RESTART FILE AT STEP 100000
FINISHED WRITING RESTART COORDINATES
WRITING VELOCITIES TO RESTART FILE AT STEP 100000
FINISHED WRITING RESTART VELOCITIES
LDB: ============= START OF LOAD BALANCING ============== 10170.7
LDB: ============== END OF LOAD BALANCING =============== 10170.7

LDB: ============= START OF LOAD BALANCING ============== 10181
LDB: TIME 10181 LOAD: AVG 9.15331 MAX 9.41588  PROXIES: TOTAL 755 MAXPE 33 MAXPATCH 4 None 1.63924
LDB: TIME 10181 LOAD: AVG 9.15331 MAX 9.41588  PROXIES: TOTAL 755 MAXPE 33 MAXPATCH 4 RefineTorusLB 1.63924
LDB: ============== END OF LOAD BALANCING =============== 10181

LDB: ============= START OF LOAD BALANCING ============== 10575.7
LDB: ============== END OF LOAD BALANCING =============== 10575.7

LDB: ============= START OF LOAD BALANCING ============== 10586
LDB: TIME 10586 LOAD: AVG 9.16148 MAX 9.46075  PROXIES: TOTAL 755 MAXPE 33 MAXPATCH 4 None 1.63804
LDB: TIME 10586 LOAD: AVG 9.16148 MAX 9.46075  PROXIES: TOTAL 755 MAXPE 33 MAXPATCH 4 RefineTorusLB 1.63804
LDB: ============== END OF LOAD BALANCING =============== 10586

PRESSURE: 105000 -14736.2 61.8124 108.962 -0.322329 -14503 95.4392 45.1139 125.722 -14724.6
GPRESSURE: 105000 -116.971 74.812 93.6849 59.1962 46.4946 104.659 -32.5056 82.3375 -223.424
PRESSAVG: 105000 -10.3579 10.8306 15.1549 3.37039 10.8626 13.01 12.3817 19.1382 3.80802
GPRESSAVG: 105000 -10.3893 10.7836 14.9939 3.36585 10.7872 12.8582 12.5039 19.1435 3.96834
TIMING: 105000  CPU: 9453.36, 0.089604/step  Wall: 10614.5, 0.101444/step, 4.08595 hours remaining, 165.058975 MB of memory in use.
ENERGY:  105000      8872.8968     44362.2708     30449.8837       575.8663        -606560.6471     24996.8459       315.5988         0.0000    146578.3685        -350408.9163       309.7235   -496987.2848   -350051.6110       310.1065         -14654.5986       -97.9667   2176976.0785         1.4376         1.4554

WRITING EXTENDED SYSTEM TO RESTART FILE AT STEP 105000
WRITING COORDINATES TO DCD FILE AT STEP 105000
WRITING COORDINATES TO RESTART FILE AT STEP 105000
FINISHED WRITING RESTART COORDINATES
WRITING VELOCITIES TO RESTART FILE AT STEP 105000
FINISHED WRITING RESTART VELOCITIES
LDB: ============= START OF LOAD BALANCING ============== 10981.1
LDB: ============== END OF LOAD BALANCING =============== 10981.1

LDB: ============= START OF LOAD BALANCING ============== 10991.6
LDB: TIME 10991.6 LOAD: AVG 9.18254 MAX 9.45305  PROXIES: TOTAL 755 MAXPE 33 MAXPATCH 4 None 1.64596
LDB: TIME 10991.6 LOAD: AVG 9.18254 MAX 9.45305  PROXIES: TOTAL 755 MAXPE 33 MAXPATCH 4 RefineTorusLB 1.64596
LDB: ============== END OF LOAD BALANCING =============== 10991.6

PRESSURE: 110000 -14548.8 178.941 113.965 160.71 -14711.6 -219.535 142.067 -171.058 -14481.1
GPRESSURE: 110000 -21.1899 108.508 84.7353 103.836 -164.752 -197.153 14.0002 -168.231 -12.3776
PRESSAVG: 110000 -11.672 -3.13683 1.60544 -11.5317 2.11297 -17.2274 5.57184 -10.7687 -0.0169806
GPRESSAVG: 110000 -11.7088 -3.11302 1.55273 -11.4337 2.12687 -17.2729 5.49203 -10.8056 0.0174531
TIMING: 110000  CPU: 9902.14, 0.0897556/step  Wall: 11121.3, 0.101354/step, 3.94155 hours remaining, 167.156906 MB of memory in use.
ENERGY:  110000      8788.1378     44131.6042     30487.3269       552.9326        -605668.2348     24417.2705       305.7863         0.0000    146213.7413        -350771.4351       308.9531   -496985.1765   -350413.5547       309.7657         -14580.5052       -66.1066   2179185.3315        -3.1920        -3.1882

WRITING EXTENDED SYSTEM TO RESTART FILE AT STEP 110000
WRITING COORDINATES TO DCD FILE AT STEP 110000
WRITING COORDINATES TO RESTART FILE AT STEP 110000
FINISHED WRITING RESTART COORDINATES
WRITING VELOCITIES TO RESTART FILE AT STEP 110000
FINISHED WRITING RESTART VELOCITIES
LDB: ============= START OF LOAD BALANCING ============== 11386.5
LDB: ============== END OF LOAD BALANCING =============== 11386.5

LDB: ============= START OF LOAD BALANCING ============== 11397.1
LDB: TIME 11397.1 LOAD: AVG 9.17428 MAX 9.51282  PROXIES: TOTAL 755 MAXPE 33 MAXPATCH 4 None 1.64562
LDB: TIME 11397.1 LOAD: AVG 9.17428 MAX 9.51282  PROXIES: TOTAL 755 MAXPE 33 MAXPATCH 4 RefineTorusLB 1.64562
LDB: ============== END OF LOAD BALANCING =============== 11397.1

WRITING COORDINATES TO DCD FILE AT STEP 115000
WRITING COORDINATES TO RESTART FILE AT STEP 115000
FINISHED WRITING RESTART COORDINATES
WRITING VELOCITIES TO RESTART FILE AT STEP 115000
FINISHED WRITING RESTART VELOCITIES
PRESSURE: 115000 -14654.4 17.9782 54.5261 69.2611 -14643.3 -129.256 31.2806 -106.847 -14451
GPRESSURE: 115000 -64.2612 -11.4175 -8.77334 47.1272 -36.3424 -232.463 -46.2839 -44.9957 23.5082
PRESSAVG: 115000 -11.5689 -21.391 -2.7064 -27.3411 5.68077 8.26863 -8.50248 4.56077 -5.40365
GPRESSAVG: 115000 -11.4388 -21.6823 -2.79928 -27.2317 5.52565 8.21986 -8.67214 4.54076 -5.4015
TIMING: 115000  CPU: 10351.1, 0.0897955/step  Wall: 11628.2, 0.101378/step, 3.80167 hours remaining, 164.073776 MB of memory in use.
ENERGY:  115000      8852.5752     44394.5892     30522.4291       561.2344        -607034.8555     25328.8476       299.7093         0.0000    146787.8135        -350287.6572       310.1661   -497075.4707   -349955.5975       310.1860         -14582.9138       -25.6985   2179582.6017        -3.7639        -3.7715

WRITING EXTENDED SYSTEM TO RESTART FILE AT STEP 115000
LDB: ============= START OF LOAD BALANCING ============== 11792.9
LDB: ============== END OF LOAD BALANCING =============== 11792.9

LDB: ============= START OF LOAD BALANCING ============== 11803.2
LDB: TIME 11803.2 LOAD: AVG 9.15869 MAX 9.47606  PROXIES: TOTAL 755 MAXPE 33 MAXPATCH 4 None 1.64456
LDB: TIME 11803.2 LOAD: AVG 9.15869 MAX 9.47606  PROXIES: TOTAL 755 MAXPE 33 MAXPATCH 4 RefineTorusLB 1.64456
LDB: ============== END OF LOAD BALANCING =============== 11803.2

PRESSURE: 120000 -14547.7 14.9155 181.803 -14.7479 -14492.6 0.710413 182.356 -15.9253 -14326.6
GPRESSURE: 120000 24.7097 12.5052 117.319 -28.9198 95.2839 57.016 114.124 7.42985 184.266
PRESSAVG: 120000 -7.74047 -7.90675 -2.3711 -5.87369 14.3828 3.55389 -2.87504 13.7195 -0.104834
GPRESSAVG: 120000 -7.6916 -7.96826 -2.49192 -5.93315 14.4393 3.52325 -2.77544 13.7736 -0.187784
TIMING: 120000  CPU: 10801.3, 0.0900285/step  Wall: 12134.5, 0.101263/step, 3.65672 hours remaining, 165.807602 MB of memory in use.
ENERGY:  120000      8861.8734     44334.4785     30530.6619       553.1205        -606998.6351     25227.6721       302.8024         0.0000    146674.0508        -350513.9757       309.9257   -497188.0264   -350156.9471       309.8775         -14455.6509       101.4200   2180346.9292         2.1792         2.1866

WRITING EXTENDED SYSTEM TO RESTART FILE AT STEP 120000
WRITING COORDINATES TO DCD FILE AT STEP 120000
WRITING COORDINATES TO RESTART FILE AT STEP 120000
FINISHED WRITING RESTART COORDINATES
WRITING VELOCITIES TO RESTART FILE AT STEP 120000
FINISHED WRITING RESTART VELOCITIES
LDB: ============= START OF LOAD BALANCING ============== 12197.7
LDB: ============== END OF LOAD BALANCING =============== 12197.7

LDB: ============= START OF LOAD BALANCING ============== 12208
LDB: TIME 12208 LOAD: AVG 9.13461 MAX 9.45682  PROXIES: TOTAL 755 MAXPE 33 MAXPATCH 4 None 1.62378
LDB: TIME 12208 LOAD: AVG 9.13461 MAX 9.45682  PROXIES: TOTAL 755 MAXPE 33 MAXPATCH 4 RefineTorusLB 1.62378
LDB: ============== END OF LOAD BALANCING =============== 12208

LDB: ============= START OF LOAD BALANCING ============== 12602.1
LDB: ============== END OF LOAD BALANCING =============== 12602.1

LDB: ============= START OF LOAD BALANCING ============== 12612.3
LDB: TIME 12612.4 LOAD: AVG 9.14582 MAX 9.3641  PROXIES: TOTAL 755 MAXPE 33 MAXPATCH 4 None 1.62958
LDB: TIME 12612.4 LOAD: AVG 9.14582 MAX 9.3641  PROXIES: TOTAL 755 MAXPE 33 MAXPATCH 4 RefineTorusLB 1.62958
LDB: ============== END OF LOAD BALANCING =============== 12612.4

PRESSURE: 125000 -14664.8 -21.6244 -39.447 -34.6995 -14753 50.2372 -6.45396 48.9526 -14467.6
GPRESSURE: 125000 -66.0408 -2.22797 -13.894 103.589 32.2123 104.978 39.8574 44.1058 -87.1583
PRESSAVG: 125000 15.7032 22.2805 8.79663 -2.4711 -11.3435 13.7842 8.79224 11.0911 0.947015
GPRESSAVG: 125000 15.6897 22.5295 8.90916 -2.53271 -11.1565 13.5642 8.80188 11.0172 0.825028
TIMING: 125000  CPU: 11251.1, 0.0899739/step  Wall: 12640.7, 0.101235/step, 3.5151 hours remaining, 167.368515 MB of memory in use.
ENERGY:  125000      8773.1216     44368.0293     30488.5149       545.1671        -607229.5179     25232.7849       326.4306         0.0000    146115.6354        -351379.8340       308.7458   -497495.4694   -351004.5348       309.8462         -14628.4415       -40.3289   2175404.6268         1.7689         1.7861

WRITING EXTENDED SYSTEM TO RESTART FILE AT STEP 125000
WRITING COORDINATES TO DCD FILE AT STEP 125000
WRITING COORDINATES TO RESTART FILE AT STEP 125000
FINISHED WRITING RESTART COORDINATES
WRITING VELOCITIES TO RESTART FILE AT STEP 125000
FINISHED WRITING RESTART VELOCITIES
LDB: ============= START OF LOAD BALANCING ============== 13007.3
LDB: ============== END OF LOAD BALANCING =============== 13007.3

LDB: ============= START OF LOAD BALANCING ============== 13017.6
LDB: TIME 13017.6 LOAD: AVG 9.17045 MAX 9.40328  PROXIES: TOTAL 755 MAXPE 33 MAXPATCH 4 None 1.6575
LDB: TIME 13017.6 LOAD: AVG 9.17045 MAX 9.40328  PROXIES: TOTAL 755 MAXPE 33 MAXPATCH 4 RefineTorusLB 1.6575
LDB: ============== END OF LOAD BALANCING =============== 13017.6

WRITING COORDINATES TO DCD FILE AT STEP 130000
WRITING COORDINATES TO RESTART FILE AT STEP 130000
FINISHED WRITING RESTART COORDINATES
PRESSURE: 130000 -14351.5 14.6244 7.62693 -1.32084 -14562.2 -115.181 27.764 -103.311 -14330.1
GPRESSURE: 130000 220.461 -48.9347 -4.66909 23.1143 22.0804 2.53735 -16.8705 -26.1218 171.094
PRESSAVG: 130000 15.2914 19.2738 -8.88193 -12.5159 -17.8626 -3.60931 14.7223 9.11974 0.546128
GPRESSAVG: 130000 15.4359 19.302 -8.9278 -12.5303 -18.0265 -3.59342 14.7607 9.11496 0.63067
TIMING: 130000  CPU: 11702.5, 0.0902799/step  Wall: 13146.8, 0.101233/step, 3.37443 hours remaining, 164.381821 MB of memory in use.
ENERGY:  130000      8745.4270     44247.6835     30476.4986       563.2772        -606979.2976     24849.9081       303.4261         0.0000    146447.9432        -351345.1339       309.4479   -497793.0771   -350994.3652       309.8676         -14414.5862       137.8784   2177673.2835        -0.6750        -0.6533

WRITING EXTENDED SYSTEM TO RESTART FILE AT STEP 130000
WRITING VELOCITIES TO RESTART FILE AT STEP 130000
FINISHED WRITING RESTART VELOCITIES
LDB: ============= START OF LOAD BALANCING ============== 13412.7
LDB: ============== END OF LOAD BALANCING =============== 13412.7

LDB: ============= START OF LOAD BALANCING ============== 13423.1
LDB: TIME 13423.2 LOAD: AVG 9.16178 MAX 9.52247  PROXIES: TOTAL 755 MAXPE 33 MAXPATCH 4 None 1.63216
LDB: TIME 13423.2 LOAD: AVG 9.16178 MAX 9.52247  PROXIES: TOTAL 755 MAXPE 33 MAXPATCH 4 RefineTorusLB 1.63216
LDB: ============== END OF LOAD BALANCING =============== 13423.2

PRESSURE: 135000 -14518.4 106.704 -118.425 87.8531 -14423.1 -94.191 -76.0572 -79.9692 -14429.2
GPRESSURE: 135000 20.6826 125.627 -79.4767 72.2874 193.538 -14.5332 60.7248 -24.3043 46.8131
PRESSAVG: 135000 24.5146 27.8248 -8.30024 -3.9087 -7.45254 8.87167 -5.1368 23.7131 1.25355
GPRESSAVG: 135000 24.3832 27.7148 -8.38685 -3.87741 -7.30113 8.82308 -5.20522 23.8168 1.32281
TIMING: 135000  CPU: 12152.6, 0.0900161/step  Wall: 13653.5, 0.101326/step, 3.23681 hours remaining, 165.794968 MB of memory in use.
ENERGY:  135000      8927.3680     44071.1722     30579.1450       595.9085        -607462.6516     25714.7367       303.5932         0.0000    146108.1696        -351162.5584       308.7300   -497270.7280   -350812.7071       309.6079         -14456.9068        87.0111   2183209.0253         6.1052         6.1350

WRITING EXTENDED SYSTEM TO RESTART FILE AT STEP 135000
WRITING COORDINATES TO DCD FILE AT STEP 135000
WRITING COORDINATES TO RESTART FILE AT STEP 135000
FINISHED WRITING RESTART COORDINATES
WRITING VELOCITIES TO RESTART FILE AT STEP 135000
FINISHED WRITING RESTART VELOCITIES
LDB: ============= START OF LOAD BALANCING ============== 13817.5
LDB: ============== END OF LOAD BALANCING =============== 13817.5

LDB: ============= START OF LOAD BALANCING ============== 13827.8
LDB: TIME 13827.8 LOAD: AVG 9.14314 MAX 9.46873  PROXIES: TOTAL 755 MAXPE 33 MAXPATCH 4 None 1.64407
LDB: TIME 13827.8 LOAD: AVG 9.14314 MAX 9.46873  PROXIES: TOTAL 755 MAXPE 33 MAXPATCH 4 RefineTorusLB 1.64407
LDB: ============== END OF LOAD BALANCING =============== 13827.8

PRESSURE: 140000 -14406.2 82.2778 -120.615 78.4174 -14660.8 -60.3285 -101.171 -73.6216 -14440.9
GPRESSURE: 140000 134.457 77.9482 -164.071 42.9388 -109.627 -89.4816 -44.9333 -83.2468 -11.731
PRESSAVG: 140000 14.1617 15.5587 -7.40246 2.74506 -19.7634 -2.0442 -0.324293 12.7197 2.41346
GPRESSAVG: 140000 14.1925 15.545 -7.46779 2.73774 -19.8511 -2.02686 -0.252464 12.7485 2.441
TIMING: 140000  CPU: 12599.8, 0.0894416/step  Wall: 14160.8, 0.101465/step, 3.10031 hours remaining, 166.641953 MB of memory in use.
ENERGY:  140000      8935.0116     44510.9465     30464.3949       557.5003        -605931.2734     24799.8466       299.5440         0.0000    146233.5212        -350130.5082       308.9949   -496364.0295   -349775.2263       310.0815         -14502.6371         4.3665   2180431.6404        -1.0627        -1.0725

WRITING EXTENDED SYSTEM TO RESTART FILE AT STEP 140000
WRITING COORDINATES TO DCD FILE AT STEP 140000
WRITING COORDINATES TO RESTART FILE AT STEP 140000
FINISHED WRITING RESTART COORDINATES
WRITING VELOCITIES TO RESTART FILE AT STEP 140000
FINISHED WRITING RESTART VELOCITIES
LDB: ============= START OF LOAD BALANCING ============== 14223.9
LDB: ============== END OF LOAD BALANCING =============== 14223.9

LDB: ============= START OF LOAD BALANCING ============== 14234.4
LDB: TIME 14234.4 LOAD: AVG 9.16562 MAX 9.52104  PROXIES: TOTAL 755 MAXPE 33 MAXPATCH 4 None 1.63638
LDB: TIME 14234.4 LOAD: AVG 9.16562 MAX 9.52104  PROXIES: TOTAL 755 MAXPE 33 MAXPATCH 4 RefineTorusLB 1.63638
LDB: ============== END OF LOAD BALANCING =============== 14234.4

LDB: ============= START OF LOAD BALANCING ============== 14629.1
LDB: ============== END OF LOAD BALANCING =============== 14629.1

LDB: ============= START OF LOAD BALANCING ============== 14639.5
LDB: TIME 14639.6 LOAD: AVG 9.19412 MAX 9.59199  PROXIES: TOTAL 755 MAXPE 33 MAXPATCH 4 None 1.66518
LDB: TIME 14639.6 LOAD: AVG 9.19412 MAX 9.59199  PROXIES: TOTAL 755 MAXPE 33 MAXPATCH 4 RefineTorusLB 1.66518
LDB: ============== END OF LOAD BALANCING =============== 14639.6

PRESSURE: 145000 -14645.8 192.13 -69.8872 189.201 -14631.1 61.1294 -60.7399 40.1883 -14414.3
GPRESSURE: 145000 -28.3454 93.3346 -64.1226 107.73 27.3079 44.2708 -42.892 11.9243 62.048
PRESSAVG: 145000 -6.58193 3.34312 7.08169 -2.47242 3.65689 19.8799 -5.39796 11.8121 -0.0960257
GPRESSAVG: 145000 -6.61144 3.22067 7.28703 -2.42513 3.83377 19.877 -5.4695 11.9863 0.035737
TIMING: 145000  CPU: 13048, 0.0896452/step  Wall: 14667.7, 0.101373/step, 2.9567 hours remaining, 166.134232 MB of memory in use.
ENERGY:  145000      8858.9706     44342.6501     30303.2068       555.7146        -607643.6676     25239.8840       277.9297         0.0000    145782.6677        -352282.6440       308.0422   -498065.3117   -351915.4353       309.9300         -14563.7525        20.3368   2177414.6747        -1.0070        -0.9140

WRITING EXTENDED SYSTEM TO RESTART FILE AT STEP 145000
WRITING COORDINATES TO DCD FILE AT STEP 145000
WRITING COORDINATES TO RESTART FILE AT STEP 145000
FINISHED WRITING RESTART COORDINATES
WRITING VELOCITIES TO RESTART FILE AT STEP 145000
FINISHED WRITING RESTART VELOCITIES
LDB: ============= START OF LOAD BALANCING ============== 15034
LDB: ============== END OF LOAD BALANCING =============== 15034

LDB: ============= START OF LOAD BALANCING ============== 15044.4
LDB: TIME 15044.4 LOAD: AVG 9.17918 MAX 9.51037  PROXIES: TOTAL 755 MAXPE 33 MAXPATCH 4 None 1.64312
LDB: TIME 15044.5 LOAD: AVG 9.17918 MAX 9.51037  PROXIES: TOTAL 755 MAXPE 33 MAXPATCH 4 RefineTorusLB 1.64312
LDB: ============== END OF LOAD BALANCING =============== 15044.5

WRITING COORDINATES TO DCD FILE AT STEP 150000
WRITING COORDINATES TO RESTART FILE AT STEP 150000
FINISHED WRITING RESTART COORDINATES
WRITING VELOCITIES TO RESTART FILE AT STEP 150000
FINISHED WRITING RESTART VELOCITIES
PRESSURE: 150000 -14450.9 90.9811 67.8397 64.2705 -14683.1 -42.4339 35.9862 -44.5372 -14331.3
GPRESSURE: 150000 77.495 117.212 87.7677 96.0485 -50.8493 -35.8222 9.74856 -32.544 89.3874
PRESSAVG: 150000 -2.06226 -8.3643 -7.89583 -12.439 9.21028 31.3347 0.703175 4.96861 -2.29707
GPRESSAVG: 150000 -2.28281 -8.2711 -7.89433 -12.394 9.28142 31.2772 0.687993 4.84358 -2.37676
TIMING: 150000  CPU: 13496.7, 0.089734/step  Wall: 15173.9, 0.101249/step, 2.81247 hours remaining, 165.280289 MB of memory in use.
ETITLE:      TS           BOND          ANGLE          DIHED          IMPRP               ELECT            VDW       BOUNDARY           MISC        KINETIC               TOTAL           TEMP      POTENTIAL         TOTAL3        TEMPAVG            PRESSURE      GPRESSURE         VOLUME       PRESSAVG      GPRESSAVG

ENERGY:  150000      8714.0009     44363.8751     30371.1500       566.0980        -606125.3045     24496.1982       282.6478         0.0000    146807.5158        -350523.8186       310.2077   -497331.3344   -350178.6549       309.7732         -14488.4319        38.6777   2179370.0543         1.6170         1.5406

WRITING EXTENDED SYSTEM TO RESTART FILE AT STEP 150000
LDB: ============= START OF LOAD BALANCING ============== 15438.8
LDB: ============== END OF LOAD BALANCING =============== 15438.8

LDB: ============= START OF LOAD BALANCING ============== 15449.1
LDB: TIME 15449.1 LOAD: AVG 9.15955 MAX 9.43458  PROXIES: TOTAL 755 MAXPE 33 MAXPATCH 4 None 1.64641
LDB: TIME 15449.1 LOAD: AVG 9.15955 MAX 9.43458  PROXIES: TOTAL 755 MAXPE 33 MAXPATCH 4 RefineTorusLB 1.64641
LDB: ============== END OF LOAD BALANCING =============== 15449.1

PRESSURE: 155000 -14659.5 -12.7793 -66.5532 8.14065 -14483.8 -76.211 -17.7763 -71.5646 -14564.2
GPRESSURE: 155000 -68.3437 -16.3895 -111.138 21.8047 116.219 -137.477 8.12802 -118.545 -72.9847
PRESSAVG: 155000 -13.3545 -12.0431 -13.9212 -1.81161 2.55897 -5.51907 4.44383 16.4133 -2.08148
GPRESSAVG: 155000 -13.2268 -11.9721 -14.0544 -1.85234 2.39602 -5.51014 4.3948 16.3656 -2.01113
TIMING: 155000  CPU: 13946.4, 0.0899335/step  Wall: 15680.1, 0.101238/step, 2.67155 hours remaining, 166.629501 MB of memory in use.
ENERGY:  155000      8860.1002     44383.1981     30350.8640       529.3565        -607259.2781     25174.4652       299.2348         0.0000    146094.0091        -351568.0503       308.7001   -497662.0594   -351207.7141       309.9478         -14569.1609        -8.3699   2178689.1068        -4.2923        -4.2806

WRITING EXTENDED SYSTEM TO RESTART FILE AT STEP 155000
WRITING COORDINATES TO DCD FILE AT STEP 155000
WRITING COORDINATES TO RESTART FILE AT STEP 155000
FINISHED WRITING RESTART COORDINATES
WRITING VELOCITIES TO RESTART FILE AT STEP 155000
FINISHED WRITING RESTART VELOCITIES
LDB: ============= START OF LOAD BALANCING ============== 15845
LDB: ============== END OF LOAD BALANCING =============== 15845

LDB: ============= START OF LOAD BALANCING ============== 15855.3
LDB: TIME 15855.3 LOAD: AVG 9.17036 MAX 9.4569  PROXIES: TOTAL 755 MAXPE 33 MAXPATCH 4 None 1.64173
LDB: TIME 15855.3 LOAD: AVG 9.17036 MAX 9.4569  PROXIES: TOTAL 755 MAXPE 33 MAXPATCH 4 RefineTorusLB 1.64173
LDB: ============== END OF LOAD BALANCING =============== 15855.3

PRESSURE: 160000 -14504 -100.236 138.199 -129.691 -14440.6 79.4109 113.369 66.5111 -14643.9
GPRESSURE: 160000 72.4345 -48.3614 114.514 -82.7915 202.675 39.7645 134.422 42.5557 -152.023
PRESSAVG: 160000 8.02591 -4.51731 -2.45274 0.38203 0.951092 11.3957 8.46971 17.6302 -2.86781
GPRESSAVG: 160000 7.9885 -4.66777 -2.39333 0.372113 1.00078 11.4684 8.38415 17.7119 -2.81212
TIMING: 160000  CPU: 14395.3, 0.0897802/step  Wall: 16188.7, 0.101728/step, 2.5432 hours remaining, 167.319656 MB of memory in use.
ENERGY:  160000      8894.5346     44518.7291     30408.7043       595.0900        -607279.7445     25109.1196       289.4244         0.0000    146162.8421        -351301.3003       308.8455   -497464.1424   -350948.2825       310.0392         -14529.4911        41.0289   2179462.2487         2.0364         2.0591

WRITING EXTENDED SYSTEM TO RESTART FILE AT STEP 160000
WRITING COORDINATES TO DCD FILE AT STEP 160000
WRITING COORDINATES TO RESTART FILE AT STEP 160000
FINISHED WRITING RESTART COORDINATES
WRITING VELOCITIES TO RESTART FILE AT STEP 160000
FINISHED WRITING RESTART VELOCITIES
LDB: ============= START OF LOAD BALANCING ============== 16251.9
LDB: ============== END OF LOAD BALANCING =============== 16251.9

LDB: ============= START OF LOAD BALANCING ============== 16262.3
LDB: TIME 16262.3 LOAD: AVG 9.17197 MAX 9.59534  PROXIES: TOTAL 755 MAXPE 33 MAXPATCH 4 None 1.64922
LDB: TIME 16262.4 LOAD: AVG 9.17197 MAX 9.59534  PROXIES: TOTAL 755 MAXPE 33 MAXPATCH 4 RefineTorusLB 1.64922
LDB: ============== END OF LOAD BALANCING =============== 16262.4

LDB: ============= START OF LOAD BALANCING ============== 16656.9
LDB: ============== END OF LOAD BALANCING =============== 16656.9

LDB: ============= START OF LOAD BALANCING ============== 16667.2
LDB: TIME 16667.3 LOAD: AVG 9.17319 MAX 9.41539  PROXIES: TOTAL 755 MAXPE 33 MAXPATCH 4 None 1.64965
LDB: TIME 16667.3 LOAD: AVG 9.17319 MAX 9.41539  PROXIES: TOTAL 755 MAXPE 33 MAXPATCH 4 RefineTorusLB 1.64965
LDB: ============== END OF LOAD BALANCING =============== 16667.3

PRESSURE: 165000 -14664.5 -152.709 32.1675 -177.996 -14629.1 131.548 38.2718 154.755 -14429.9
GPRESSURE: 165000 -71.404 -86.2495 -46.7932 -150.443 -38.2814 127.725 43.0062 171.033 14.7074
PRESSAVG: 165000 -8.62657 0.382063 -4.02972 -16.3802 8.2385 0.641699 -4.93763 4.96798 2.10459
GPRESSAVG: 165000 -8.63381 0.383347 -4.00462 -16.4694 8.11249 0.676807 -4.94812 4.93427 2.2572
TIMING: 165000  CPU: 14844.5, 0.0898433/step  Wall: 16696, 0.101456/step, 2.39549 hours remaining, 168.357346 MB of memory in use.
ENERGY:  165000      8749.9280     44523.6301     30347.8188       550.6090        -606823.3991     24844.2312       299.1091         0.0000    146218.7816        -351289.2914       308.9637   -497508.0730   -350948.9154       309.7979         -14574.5130       -31.6593   2180601.1371         0.5722         0.5786

WRITING EXTENDED SYSTEM TO RESTART FILE AT STEP 165000
WRITING COORDINATES TO DCD FILE AT STEP 165000
WRITING COORDINATES TO RESTART FILE AT STEP 165000
FINISHED WRITING RESTART COORDINATES
WRITING VELOCITIES TO RESTART FILE AT STEP 165000
FINISHED WRITING RESTART VELOCITIES
LDB: ============= START OF LOAD BALANCING ============== 17062.5
LDB: ============== END OF LOAD BALANCING =============== 17062.5

LDB: ============= START OF LOAD BALANCING ============== 17072.9
LDB: TIME 17073 LOAD: AVG 9.17908 MAX 9.60033  PROXIES: TOTAL 755 MAXPE 33 MAXPATCH 4 None 1.64788
LDB: TIME 17073 LOAD: AVG 9.17908 MAX 9.60033  PROXIES: TOTAL 755 MAXPE 33 MAXPATCH 4 RefineTorusLB 1.64788
LDB: ============== END OF LOAD BALANCING =============== 17073

WRITING COORDINATES TO DCD FILE AT STEP 170000
WRITING COORDINATES TO RESTART FILE AT STEP 170000
FINISHED WRITING RESTART COORDINATES
PRESSURE: 170000 -14705 0.352106 -50.2068 -57.1126 -14641.3 34.5971 -82.0772 103.837 -14477.4
GPRESSURE: 170000 -164.715 -0.602095 15.3592 -92.1208 24.4624 -3.28486 -19.5198 64.5999 -79.9391
PRESSAVG: 170000 -9.2694 17.4712 -3.98184 -4.39464 2.11853 13.9659 6.92916 18.1401 -0.558247
GPRESSAVG: 170000 -9.36926 17.5899 -3.86049 -4.32248 2.19105 14.0616 6.99174 18.128 -0.717449
TIMING: 170000  CPU: 15292.5, 0.0896084/step  Wall: 17202.8, 0.101353/step, 2.25229 hours remaining, 164.775497 MB of memory in use.
ENERGY:  170000      8792.8554     44262.3111     30368.0036       542.2510        -605977.6006     24334.7256       303.0869         0.0000    145986.5563        -351387.8107       308.4730   -497374.3670   -351018.5153       309.7513         -14607.9068       -73.3972   2179091.4671        -2.5697        -2.6319

WRITING EXTENDED SYSTEM TO RESTART FILE AT STEP 170000
WRITING VELOCITIES TO RESTART FILE AT STEP 170000
FINISHED WRITING RESTART VELOCITIES
LDB: ============= START OF LOAD BALANCING ============== 17468
LDB: ============== END OF LOAD BALANCING =============== 17468

LDB: ============= START OF LOAD BALANCING ============== 17478.5
LDB: TIME 17478.5 LOAD: AVG 9.19331 MAX 9.56286  PROXIES: TOTAL 755 MAXPE 33 MAXPATCH 4 None 1.65209
LDB: TIME 17478.5 LOAD: AVG 9.19331 MAX 9.56286  PROXIES: TOTAL 755 MAXPE 33 MAXPATCH 4 RefineTorusLB 1.65209
LDB: ============== END OF LOAD BALANCING =============== 17478.5

PRESSURE: 175000 -14504.1 -24.3246 98.8761 -22.8562 -14643.5 -179.14 81.9694 -174.667 -14551.7
GPRESSURE: 175000 57.9523 -55.7486 16.56 26.1462 -59.9802 -192.03 -5.31529 -215.132 -110.274
PRESSAVG: 175000 5.35314 0.145876 6.66162 -14.6861 -2.02999 -20.766 6.25152 -1.08867 0.549017
GPRESSAVG: 175000 5.47478 0.227165 6.62194 -14.599 -2.02673 -20.7887 6.22785 -1.22778 0.53953
TIMING: 175000  CPU: 15740.2, 0.0895234/step  Wall: 17709.5, 0.101337/step, 2.11118 hours remaining, 167.007095 MB of memory in use.
ENERGY:  175000      8871.7079     44415.5500     30429.4946       570.6650        -606826.4068     25014.2311       308.9083         0.0000    146619.7708        -350596.0790       309.8110   -497215.8499   -350237.3086       310.0962         -14566.4280       -37.4338   2182623.0977         1.2907         1.3292

WRITING EXTENDED SYSTEM TO RESTART FILE AT STEP 175000
WRITING COORDINATES TO DCD FILE AT STEP 175000
WRITING COORDINATES TO RESTART FILE AT STEP 175000
FINISHED WRITING RESTART COORDINATES
WRITING VELOCITIES TO RESTART FILE AT STEP 175000
FINISHED WRITING RESTART VELOCITIES
LDB: ============= START OF LOAD BALANCING ============== 17874.1
LDB: ============== END OF LOAD BALANCING =============== 17874.1

LDB: ============= START OF LOAD BALANCING ============== 17884.6
LDB: TIME 17884.6 LOAD: AVG 9.16155 MAX 9.61049  PROXIES: TOTAL 755 MAXPE 33 MAXPATCH 4 None 1.63181
LDB: TIME 17884.7 LOAD: AVG 9.16155 MAX 9.61049  PROXIES: TOTAL 755 MAXPE 33 MAXPATCH 4 RefineTorusLB 1.63181
LDB: ============== END OF LOAD BALANCING =============== 17884.7

PRESSURE: 180000 -14701.4 -87.7135 -158.719 -105.639 -14567.6 48.6187 -154.248 74.1951 -14634.4
GPRESSURE: 180000 -78.0618 -75.7504 -133.883 -92.7169 -79.6578 -10.9133 14.7143 35.6431 -149.845
PRESSAVG: 180000 8.78018 6.14474 10.6835 -5.27859 -3.70225 -23.7985 3.18761 -8.48579 6.42412
GPRESSAVG: 180000 8.75142 6.06612 10.8063 -5.05356 -3.7884 -23.7806 3.16849 -8.30397 6.30096
TIMING: 180000  CPU: 16187.7, 0.0895154/step  Wall: 18217.1, 0.101532/step, 1.97423 hours remaining, 165.172562 MB of memory in use.
ENERGY:  180000      8841.8913     44289.2447     30374.2406       549.4250        -606608.5712     24601.6054       303.6290         0.0000    146769.7172        -350878.8181       310.1279   -497648.5352   -350499.5184       310.0014         -14634.4632      -102.5215   2179107.7457         3.8340         3.7547

WRITING EXTENDED SYSTEM TO RESTART FILE AT STEP 180000
WRITING COORDINATES TO DCD FILE AT STEP 180000
WRITING COORDINATES TO RESTART FILE AT STEP 180000
FINISHED WRITING RESTART COORDINATES
WRITING VELOCITIES TO RESTART FILE AT STEP 180000
FINISHED WRITING RESTART VELOCITIES
LDB: ============= START OF LOAD BALANCING ============== 18280.4
LDB: ============== END OF LOAD BALANCING =============== 18280.4

LDB: ============= START OF LOAD BALANCING ============== 18290.9
LDB: TIME 18290.9 LOAD: AVG 9.16878 MAX 9.51584  PROXIES: TOTAL 755 MAXPE 33 MAXPATCH 4 None 1.65017
LDB: TIME 18290.9 LOAD: AVG 9.16878 MAX 9.51584  PROXIES: TOTAL 755 MAXPE 33 MAXPATCH 4 RefineTorusLB 1.65017
LDB: ============== END OF LOAD BALANCING =============== 18290.9

LDB: ============= START OF LOAD BALANCING ============== 18685.7
LDB: ============== END OF LOAD BALANCING =============== 18685.7

LDB: ============= START OF LOAD BALANCING ============== 18696.1
LDB: TIME 18696.1 LOAD: AVG 9.15576 MAX 9.46816  PROXIES: TOTAL 755 MAXPE 33 MAXPATCH 4 None 1.63781
LDB: TIME 18696.1 LOAD: AVG 9.15576 MAX 9.46816  PROXIES: TOTAL 755 MAXPE 33 MAXPATCH 4 RefineTorusLB 1.63781
LDB: ============== END OF LOAD BALANCING =============== 18696.1

WRITING COORDINATES TO DCD FILE AT STEP 185000
WRITING COORDINATES TO RESTART FILE AT STEP 185000
FINISHED WRITING RESTART COORDINATES
PRESSURE: 185000 -14365.1 152.591 75.8198 64.4819 -14764.3 30.3336 68.4374 88.8908 -14514.9
GPRESSURE: 185000 163.194 174.575 172.178 97.3494 -101.087 -14.0339 108.763 75.3946 -65.1078
PRESSAVG: 185000 7.25702 0.60955 12.0995 -10.1092 5.15123 -5.24756 18.8789 4.47725 -3.5723
GPRESSAVG: 185000 7.33588 0.585018 12.1649 -9.95669 5.22879 -5.23861 18.7723 4.46067 -3.45791
TIMING: 185000  CPU: 16636, 0.0896442/step  Wall: 18724.7, 0.101516/step, 1.83292 hours remaining, 165.155685 MB of memory in use.
ENERGY:  185000      8804.2028     44282.2204     30398.7671       535.8281        -606215.4153     24591.1041       309.6746         0.0000    146573.8600        -350719.7580       309.7140   -497293.6180   -350373.7738       310.0786         -14548.0835        -1.0003   2178575.0921         2.9453         3.0356

WRITING EXTENDED SYSTEM TO RESTART FILE AT STEP 185000
WRITING VELOCITIES TO RESTART FILE AT STEP 185000
FINISHED WRITING RESTART VELOCITIES
LDB: ============= START OF LOAD BALANCING ============== 19091.3
LDB: ============== END OF LOAD BALANCING =============== 19091.3

LDB: ============= START OF LOAD BALANCING ============== 19101.5
LDB: TIME 19101.5 LOAD: AVG 9.17211 MAX 9.38865  PROXIES: TOTAL 755 MAXPE 33 MAXPATCH 4 None 1.64206
LDB: TIME 19101.5 LOAD: AVG 9.17211 MAX 9.38865  PROXIES: TOTAL 755 MAXPE 33 MAXPATCH 4 RefineTorusLB 1.64206
LDB: ============== END OF LOAD BALANCING =============== 19101.5

WRITING COORDINATES TO DCD FILE AT STEP 190000
WRITING COORDINATES TO RESTART FILE AT STEP 190000
FINISHED WRITING RESTART COORDINATES
PRESSURE: 190000 -14660 -87.9537 -111.123 -85.6803 -14386 -96.369 -109.762 -26.9065 -14369.6
GPRESSURE: 190000 -50.2191 -111.041 -41.7579 -27.2933 234.448 -93.6302 -145.656 -20.7597 163.349
PRESSAVG: 190000 8.00759 6.7485 -2.16727 -10.1752 -13.0285 -20.01 12.9558 -2.23089 -1.40997
GPRESSAVG: 190000 7.95125 6.61871 -2.3335 -10.1836 -13.1337 -20.1232 13.0444 -2.10815 -1.49691
TIMING: 190000  CPU: 17082, 0.0892128/step  Wall: 19231.8, 0.101422/step, 1.69037 hours remaining, 164.999069 MB of memory in use.
ENERGY:  190000      8971.0931     44440.0727     30445.4542       547.5953        -606833.1406     24876.0105       285.5550         0.0000    146298.0796        -350969.2803       309.1313   -497267.3598   -350614.1419       309.6064         -14471.8798       115.8592   2174084.9241        -2.1436        -2.2265

WRITING EXTENDED SYSTEM TO RESTART FILE AT STEP 190000
WRITING VELOCITIES TO RESTART FILE AT STEP 190000
FINISHED WRITING RESTART VELOCITIES
LDB: ============= START OF LOAD BALANCING ============== 19497.6
LDB: ============== END OF LOAD BALANCING =============== 19497.6

LDB: ============= START OF LOAD BALANCING ============== 19508
LDB: TIME 19508 LOAD: AVG 9.17411 MAX 9.59109  PROXIES: TOTAL 755 MAXPE 33 MAXPATCH 4 None 1.6423
LDB: TIME 19508 LOAD: AVG 9.17411 MAX 9.59109  PROXIES: TOTAL 755 MAXPE 33 MAXPATCH 4 RefineTorusLB 1.6423
LDB: ============== END OF LOAD BALANCING =============== 19508

PRESSURE: 195000 -14381.9 31.6881 -9.05115 16.8136 -14666.2 -171.505 -60.2529 -135.731 -14585.1
GPRESSURE: 195000 104.57 61.9507 41.3287 32.2767 0.588197 -142.48 -80.3678 -72.8028 -71.6749
PRESSAVG: 195000 -1.84286 13.816 -7.26191 16.736 -3.56068 4.85282 3.26724 1.12751 1.66587
GPRESSAVG: 195000 -1.76655 13.8651 -7.24154 16.7098 -3.58089 4.89142 3.27944 1.1806 1.6565
TIMING: 195000  CPU: 17529.4, 0.0894826/step  Wall: 19738.9, 0.101425/step, 1.54955 hours remaining, 165.678421 MB of memory in use.
ENERGY:  195000      8759.8160     44489.4749     30366.0922       548.9629        -607330.5216     25268.3852       289.2161         0.0000    146580.3944        -351028.1797       309.7278   -497608.5741   -350674.3081       309.9612         -14544.4240        11.1612   2180029.6044        -1.2459        -1.2303

WRITING EXTENDED SYSTEM TO RESTART FILE AT STEP 195000
WRITING COORDINATES TO DCD FILE AT STEP 195000
WRITING COORDINATES TO RESTART FILE AT STEP 195000
FINISHED WRITING RESTART COORDINATES
WRITING VELOCITIES TO RESTART FILE AT STEP 195000
FINISHED WRITING RESTART VELOCITIES
LDB: ============= START OF LOAD BALANCING ============== 19903.1
LDB: ============== END OF LOAD BALANCING =============== 19903.1

LDB: ============= START OF LOAD BALANCING ============== 19913.6
LDB: TIME 19913.6 LOAD: AVG 9.19674 MAX 9.48854  PROXIES: TOTAL 755 MAXPE 33 MAXPATCH 4 None 1.65985
LDB: TIME 19913.6 LOAD: AVG 9.19674 MAX 9.48854  PROXIES: TOTAL 755 MAXPE 33 MAXPATCH 4 RefineTorusLB 1.65985
LDB: ============== END OF LOAD BALANCING =============== 19913.6

WRITING COORDINATES TO DCD FILE AT STEP 200000
WRITING COORDINATES TO RESTART FILE AT STEP 200000
FINISHED WRITING RESTART COORDINATES
PRESSURE: 200000 -14622.3 20.4436 66.678 -7.01733 -14574.6 -99.8913 102.171 -84.176 -14755.2
GPRESSURE: 200000 -44.47 70.8469 0.600873 -85.8177 -3.67932 -105.783 147.794 -52.7294 -252.591
PRESSAVG: 200000 5.74879 18.6964 0.961306 -1.2015 -2.67609 -9.40772 0.740021 -4.79586 -0.734027
GPRESSAVG: 200000 5.85224 18.5619 0.983968 -1.20623 -2.77989 -9.25887 0.696984 -4.92206 -0.726959
TIMING: 200000  CPU: 17978.7, 0.0898555/step  Wall: 20247.7, 0.101761/step, 1.41334 hours remaining, 165.416550 MB of memory in use.
ETITLE:      TS           BOND          ANGLE          DIHED          IMPRP               ELECT            VDW       BOUNDARY           MISC        KINETIC               TOTAL           TEMP      POTENTIAL         TOTAL3        TEMPAVG            PRESSURE      GPRESSURE         VOLUME       PRESSAVG      GPRESSAVG

ENERGY:  200000      8841.8362     44255.9700     30304.6112       591.6712        -606830.2257     24672.3696       289.2263         0.0000    146038.2832        -351836.2579       308.5823   -497874.5411   -351480.3291       309.6791         -14650.7085      -100.2469   2177864.5353         0.7796         0.7818

WRITING EXTENDED SYSTEM TO RESTART FILE AT STEP 200000
WRITING VELOCITIES TO RESTART FILE AT STEP 200000
FINISHED WRITING RESTART VELOCITIES
LDB: ============= START OF LOAD BALANCING ============== 20310.6
LDB: ============== END OF LOAD BALANCING =============== 20310.6

LDB: ============= START OF LOAD BALANCING ============== 20321
LDB: TIME 20321 LOAD: AVG 9.1613 MAX 9.37002  PROXIES: TOTAL 755 MAXPE 33 MAXPATCH 4 None 1.63993
LDB: TIME 20321 LOAD: AVG 9.1613 MAX 9.37002  PROXIES: TOTAL 755 MAXPE 33 MAXPATCH 4 RefineTorusLB 1.63993
LDB: ============== END OF LOAD BALANCING =============== 20321

LDB: ============= START OF LOAD BALANCING ============== 20716.6
LDB: ============== END OF LOAD BALANCING =============== 20716.6

LDB: ============= START OF LOAD BALANCING ============== 20726.9
LDB: TIME 20727 LOAD: AVG 9.18541 MAX 9.35729  PROXIES: TOTAL 755 MAXPE 33 MAXPATCH 4 None 1.64014
LDB: TIME 20727 LOAD: AVG 9.18541 MAX 9.35729  PROXIES: TOTAL 755 MAXPE 33 MAXPATCH 4 RefineTorusLB 1.64014
LDB: ============== END OF LOAD BALANCING =============== 20727

PRESSURE: 205000 -14531.1 -1.70745 136.722 -16.4549 -14626.6 -9.38346 184.644 -36.8497 -14596.7
GPRESSURE: 205000 82.6677 -18.9007 49.7177 2.22478 -96.7031 -44.2898 56.9012 -0.939386 -59.8407
PRESSAVG: 205000 17.235 16.2966 -8.78874 -0.112664 -9.32177 -13.7843 1.28932 3.43985 -0.952501
GPRESSAVG: 205000 17.271 16.2373 -8.90458 -0.0085612 -9.29553 -13.9551 1.20613 3.49926 -0.860693
TIMING: 205000  CPU: 18428.9, 0.0900299/step  Wall: 20755.4, 0.101532/step, 1.26915 hours remaining, 166.740677 MB of memory in use.
ENERGY:  205000      8830.9091     44229.8751     30472.3926       556.6861        -606924.1542     24449.6127       307.2873         0.0000    146567.5151        -351509.8761       309.7006   -498077.3912   -351144.4558       309.7675         -14584.8261       -24.6253   2177434.8151         2.3202         2.3716

WRITING EXTENDED SYSTEM TO RESTART FILE AT STEP 205000
WRITING COORDINATES TO DCD FILE AT STEP 205000
WRITING COORDINATES TO RESTART FILE AT STEP 205000
FINISHED WRITING RESTART COORDINATES
WRITING VELOCITIES TO RESTART FILE AT STEP 205000
FINISHED WRITING RESTART VELOCITIES
LDB: ============= START OF LOAD BALANCING ============== 21122.3
LDB: ============== END OF LOAD BALANCING =============== 21122.3

LDB: ============= START OF LOAD BALANCING ============== 21132.8
LDB: TIME 21132.9 LOAD: AVG 9.19094 MAX 9.44901  PROXIES: TOTAL 755 MAXPE 33 MAXPATCH 4 None 1.6604
LDB: TIME 21132.9 LOAD: AVG 9.19094 MAX 9.44901  PROXIES: TOTAL 755 MAXPE 33 MAXPATCH 4 RefineTorusLB 1.6604
LDB: ============== END OF LOAD BALANCING =============== 21132.9

PRESSURE: 210000 -14513.6 19.2814 -54.1432 5.90439 -14746.1 -42.0128 -20.9758 -90.5841 -14334.2
GPRESSURE: 210000 124.92 7.20175 -5.37918 -33.1501 -109.974 -44.6578 48.3326 -21.3357 149.36
PRESSAVG: 210000 16.4603 12.9845 4.91978 -7.6798 -24.6676 -5.92077 13.2006 10.3147 1.60219
GPRESSAVG: 210000 16.4259 13.0373 5.00341 -7.71093 -24.5981 -5.83755 13.1986 10.3814 1.62694
TIMING: 210000  CPU: 18877.9, 0.0898117/step  Wall: 21262.8, 0.101474/step, 1.12749 hours remaining, 166.573959 MB of memory in use.
ENERGY:  210000      8815.5081     44344.7872     30515.9990       565.9541        -607576.0661     24935.9964       303.2623         0.0000    145932.9668        -352161.5923       308.3598   -498094.5591   -351791.9168       309.6960         -14531.3005        54.7688   2177830.5388        -2.2017        -2.1818

WRITING EXTENDED SYSTEM TO RESTART FILE AT STEP 210000
WRITING COORDINATES TO DCD FILE AT STEP 210000
WRITING COORDINATES TO RESTART FILE AT STEP 210000
FINISHED WRITING RESTART COORDINATES
WRITING VELOCITIES TO RESTART FILE AT STEP 210000
FINISHED WRITING RESTART VELOCITIES
LDB: ============= START OF LOAD BALANCING ============== 21528.9
LDB: ============== END OF LOAD BALANCING =============== 21528.9

LDB: ============= START OF LOAD BALANCING ============== 21539.3
LDB: TIME 21539.3 LOAD: AVG 9.15636 MAX 9.45812  PROXIES: TOTAL 755 MAXPE 33 MAXPATCH 4 None 1.63142
LDB: TIME 21539.3 LOAD: AVG 9.15636 MAX 9.45812  PROXIES: TOTAL 755 MAXPE 33 MAXPATCH 4 RefineTorusLB 1.63142
LDB: ============== END OF LOAD BALANCING =============== 21539.3

PRESSURE: 215000 -14493.7 -59.6832 62.4988 -107.252 -14361.8 28.7534 29.8733 59.6753 -14241.9
GPRESSURE: 215000 118.921 14.4475 69.5036 -39.4553 172.04 35.9436 -28.1173 20.7549 219.723
PRESSAVG: 215000 -9.34095 -18.4539 4.78904 -40.4592 7.00568 3.19123 3.3744 19.1266 -0.36405
GPRESSAVG: 215000 -9.27936 -18.5214 4.78018 -40.3945 7.07181 3.19282 3.54639 19.0516 -0.41845
TIMING: 215000  CPU: 19327.3, 0.0898707/step  Wall: 21769.6, 0.101361/step, 0.98545 hours remaining, 167.409103 MB of memory in use.
ENERGY:  215000      8806.7056     44525.6568     30385.4854       608.3746        -607179.9736     25237.5770       324.3038         0.0000    145794.7315        -351497.1388       308.0677   -497291.8703   -351143.0026       309.8328         -14365.7959       170.2279   2181904.5451        -0.8998        -0.8753

WRITING EXTENDED SYSTEM TO RESTART FILE AT STEP 215000
WRITING COORDINATES TO DCD FILE AT STEP 215000
WRITING COORDINATES TO RESTART FILE AT STEP 215000
FINISHED WRITING RESTART COORDINATES
WRITING VELOCITIES TO RESTART FILE AT STEP 215000
FINISHED WRITING RESTART VELOCITIES
LDB: ============= START OF LOAD BALANCING ============== 21934.2
LDB: ============== END OF LOAD BALANCING =============== 21934.2

LDB: ============= START OF LOAD BALANCING ============== 21944.4
LDB: TIME 21944.4 LOAD: AVG 9.14769 MAX 9.4848  PROXIES: TOTAL 755 MAXPE 33 MAXPATCH 4 None 1.63095
LDB: TIME 21944.5 LOAD: AVG 9.14769 MAX 9.4848  PROXIES: TOTAL 755 MAXPE 33 MAXPATCH 4 RefineTorusLB 1.63095
LDB: ============== END OF LOAD BALANCING =============== 21944.5

WRITING COORDINATES TO DCD FILE AT STEP 220000
WRITING COORDINATES TO RESTART FILE AT STEP 220000
FINISHED WRITING RESTART COORDINATES
WRITING VELOCITIES TO RESTART FILE AT STEP 220000
FINISHED WRITING RESTART VELOCITIES
PRESSURE: 220000 -14333.3 4.35427 139.546 22.5992 -14530.7 -106.858 141.482 -49.1289 -14389
GPRESSURE: 220000 204.858 48.4408 64.7933 -56.4655 61.6545 -132.43 41.9838 -6.63997 118.462
PRESSAVG: 220000 2.90446 -26.7952 -15.0949 -34.9124 4.02754 12.3222 -8.13881 20.386 5.43874
GPRESSAVG: 220000 2.97357 -26.6949 -15.0751 -34.8594 4.08535 12.3494 -8.45025 20.5107 5.48715
TIMING: 220000  CPU: 19775.9, 0.0897226/step  Wall: 22277.1, 0.101514/step, 0.845949 hours remaining, 165.386765 MB of memory in use.
ENERGY:  220000      8854.2066     44257.8066     30387.7119       563.3194        -607150.5065     25385.6814       315.6890         0.0000    146257.3741        -351128.7176       309.0453   -497386.0917   -350763.7510       309.6245         -14417.6877       128.3247   2179455.3776         4.1236         4.1820

WRITING EXTENDED SYSTEM TO RESTART FILE AT STEP 220000
LDB: ============= START OF LOAD BALANCING ============== 22340
LDB: ============== END OF LOAD BALANCING =============== 22340

LDB: ============= START OF LOAD BALANCING ============== 22350.4
LDB: TIME 22350.4 LOAD: AVG 9.16719 MAX 9.35161  PROXIES: TOTAL 755 MAXPE 33 MAXPATCH 4 None 1.64121
LDB: TIME 22350.4 LOAD: AVG 9.16719 MAX 9.35161  PROXIES: TOTAL 755 MAXPE 33 MAXPATCH 4 RefineTorusLB 1.64121
LDB: ============== END OF LOAD BALANCING =============== 22350.4

LDB: ============= START OF LOAD BALANCING ============== 22745.5
LDB: ============== END OF LOAD BALANCING =============== 22745.5

LDB: ============= START OF LOAD BALANCING ============== 22756
LDB: TIME 22756 LOAD: AVG 9.17798 MAX 9.49567  PROXIES: TOTAL 755 MAXPE 33 MAXPATCH 4 None 1.65123
LDB: TIME 22756 LOAD: AVG 9.17798 MAX 9.49567  PROXIES: TOTAL 755 MAXPE 33 MAXPATCH 4 RefineTorusLB 1.65123
LDB: ============== END OF LOAD BALANCING =============== 22756

PRESSURE: 225000 -14399.4 119.867 66.1843 118.736 -14522.2 101.923 0.0410798 103.094 -14335.2
GPRESSURE: 225000 163.32 62.9836 129.511 149.371 103.522 144.056 7.49068 195.674 69.1662
PRESSAVG: 225000 19.7312 -10.0175 5.13898 -3.98378 -14.2939 -17.4594 2.1568 16.0469 2.10073
GPRESSAVG: 225000 19.7283 -10.1273 5.04886 -4.03965 -14.2003 -17.3479 2.34037 15.9353 2.10744
TIMING: 225000  CPU: 20225.4, 0.0899045/step  Wall: 22784.3, 0.101437/step, 0.704426 hours remaining, 166.002884 MB of memory in use.
ENERGY:  225000      8796.8395     44330.8617     30380.8530       547.5063        -606823.1553     24991.6108       297.6821         0.0000    146655.0819        -350822.7201       309.8856   -497477.8019   -350482.8286       309.8738         -14418.9437       112.0024   2181245.8896         2.5127         2.5452

WRITING EXTENDED SYSTEM TO RESTART FILE AT STEP 225000
WRITING COORDINATES TO DCD FILE AT STEP 225000
WRITING COORDINATES TO RESTART FILE AT STEP 225000
FINISHED WRITING RESTART COORDINATES
WRITING VELOCITIES TO RESTART FILE AT STEP 225000
FINISHED WRITING RESTART VELOCITIES
LDB: ============= START OF LOAD BALANCING ============== 23151.2
LDB: ============== END OF LOAD BALANCING =============== 23151.2

LDB: ============= START OF LOAD BALANCING ============== 23161.5
LDB: TIME 23161.5 LOAD: AVG 9.15375 MAX 9.45808  PROXIES: TOTAL 755 MAXPE 33 MAXPATCH 4 None 1.63553
LDB: TIME 23161.6 LOAD: AVG 9.15375 MAX 9.45808  PROXIES: TOTAL 755 MAXPE 33 MAXPATCH 4 RefineTorusLB 1.63553
LDB: ============== END OF LOAD BALANCING =============== 23161.6

PRESSURE: 230000 -14530.3 22.1716 -46.2307 -31.4917 -14471.2 -126.967 -61.7784 -152.069 -14559.9
GPRESSURE: 230000 88.515 -46.3608 -8.80489 -47.7225 20.3962 -109.846 -13.5204 -85.626 -29.359
PRESSAVG: 230000 12.4756 5.54904 0.161421 -0.692789 -5.77566 11.9894 -9.66915 21.0951 -1.71781
GPRESSAVG: 230000 12.6298 5.54647 0.0801526 -0.746139 -5.85371 11.9891 -9.67946 21.1939 -1.77652
TIMING: 230000  CPU: 20675.5, 0.0900231/step  Wall: 23290.9, 0.101315/step, 0.562859 hours remaining, 166.071518 MB of memory in use.
ENERGY:  230000      8820.4113     44164.3883     30400.9546       584.5431        -606535.0587     24637.0105       312.0094         0.0000    145910.4637        -351705.2778       308.3122   -497615.7415   -351344.0017       309.9830         -14520.4591        26.5174   2177114.7365         1.6607         1.6665

WRITING EXTENDED SYSTEM TO RESTART FILE AT STEP 230000
WRITING COORDINATES TO DCD FILE AT STEP 230000
WRITING COORDINATES TO RESTART FILE AT STEP 230000
FINISHED WRITING RESTART COORDINATES
WRITING VELOCITIES TO RESTART FILE AT STEP 230000
FINISHED WRITING RESTART VELOCITIES
LDB: ============= START OF LOAD BALANCING ============== 23556.4
LDB: ============== END OF LOAD BALANCING =============== 23556.4

LDB: ============= START OF LOAD BALANCING ============== 23566.7
LDB: TIME 23566.7 LOAD: AVG 9.16178 MAX 9.49216  PROXIES: TOTAL 755 MAXPE 33 MAXPATCH 4 None 1.64746
LDB: TIME 23566.7 LOAD: AVG 9.16178 MAX 9.49216  PROXIES: TOTAL 755 MAXPE 33 MAXPATCH 4 RefineTorusLB 1.64746
LDB: ============== END OF LOAD BALANCING =============== 23566.8

PRESSURE: 235000 -14607.5 40.6845 -121.785 -11.3728 -14617.5 -109.921 -96.1077 -72.1553 -14489.2
GPRESSURE: 235000 -84.9156 81.1405 -95.1945 25.6479 -6.44337 -24.9241 -84.013 -84.7895 -102.541
PRESSAVG: 235000 12.4717 3.49781 10.2345 -10.5943 10.4227 28.7483 20.786 33.162 0.928612
GPRESSAVG: 235000 12.5604 3.4033 10.3716 -10.5451 10.4938 28.872 20.8001 33.1292 0.936511
TIMING: 235000  CPU: 21126.8, 0.0902471/step  Wall: 23797.3, 0.101289/step, 0.422037 hours remaining, 166.071793 MB of memory in use.
ENERGY:  235000      8763.3437     44729.9691     30449.2510       575.6817        -605607.6550     24695.9584       311.0830         0.0000    146746.2560        -349336.1121       310.0783   -496082.3681   -348957.9849       310.1244         -14571.4018       -64.6335   2180154.9634         7.9410         7.9969

WRITING EXTENDED SYSTEM TO RESTART FILE AT STEP 235000
WRITING COORDINATES TO DCD FILE AT STEP 235000
WRITING COORDINATES TO RESTART FILE AT STEP 235000
FINISHED WRITING RESTART COORDINATES
WRITING VELOCITIES TO RESTART FILE AT STEP 235000
FINISHED WRITING RESTART VELOCITIES
LDB: ============= START OF LOAD BALANCING ============== 23961.5
LDB: ============== END OF LOAD BALANCING =============== 23961.5

LDB: ============= START OF LOAD BALANCING ============== 23971.9
LDB: TIME 23971.9 LOAD: AVG 9.17288 MAX 9.40939  PROXIES: TOTAL 755 MAXPE 33 MAXPATCH 4 None 1.65162
LDB: TIME 23971.9 LOAD: AVG 9.17288 MAX 9.40939  PROXIES: TOTAL 755 MAXPE 33 MAXPATCH 4 RefineTorusLB 1.65162
LDB: ============== END OF LOAD BALANCING =============== 23971.9

WRITING COORDINATES TO DCD FILE AT STEP 240000
WRITING COORDINATES TO RESTART FILE AT STEP 240000
FINISHED WRITING RESTART COORDINATES
WRITING VELOCITIES TO RESTART FILE AT STEP 240000
FINISHED WRITING RESTART VELOCITIES
PRESSURE: 240000 -14540.7 12.0244 8.49043 51.065 -14551.7 10.4781 23.0939 -10.0823 -14414.1
GPRESSURE: 240000 0.471523 13.4917 -17.1738 99.3052 123.82 67.5999 52.9176 55.3992 48.845
PRESSAVG: 240000 17.0131 12.6458 2.3866 -0.20546 -17.987 -10.2882 7.17919 2.82042 -1.03406
GPRESSAVG: 240000 17.0312 12.5381 2.41731 -0.191256 -17.8589 -10.4512 7.07425 2.89763 -1.05809
TIMING: 240000  CPU: 21577.2, 0.0900989/step  Wall: 24302.7, 0.101074/step, 0.280761 hours remaining, 164.967636 MB of memory in use.
ENERGY:  240000      8924.8836     44465.9765     30308.0755       538.4372        -607317.5047     25216.5630       305.4234         0.0000    146304.5015        -351253.6439       309.1449   -497558.1454   -350897.5061       310.1793         -14502.1660        57.7120   2177976.0220        -0.6693        -0.6286

WRITING EXTENDED SYSTEM TO RESTART FILE AT STEP 240000
LDB: ============= START OF LOAD BALANCING ============== 24365.7
LDB: ============== END OF LOAD BALANCING =============== 24365.7

LDB: ============= START OF LOAD BALANCING ============== 24376.1
LDB: TIME 24376.2 LOAD: AVG 9.17076 MAX 9.52762  PROXIES: TOTAL 755 MAXPE 33 MAXPATCH 4 None 1.63627
LDB: TIME 24376.2 LOAD: AVG 9.17076 MAX 9.52762  PROXIES: TOTAL 755 MAXPE 33 MAXPATCH 4 RefineTorusLB 1.63627
LDB: ============== END OF LOAD BALANCING =============== 24376.2

LDB: ============= START OF LOAD BALANCING ============== 24770.6
LDB: ============== END OF LOAD BALANCING =============== 24770.6

LDB: ============= START OF LOAD BALANCING ============== 24780.9
LDB: TIME 24780.9 LOAD: AVG 9.14562 MAX 9.43077  PROXIES: TOTAL 755 MAXPE 33 MAXPATCH 4 None 1.63902
LDB: TIME 24781 LOAD: AVG 9.14562 MAX 9.43077  PROXIES: TOTAL 755 MAXPE 33 MAXPATCH 4 RefineTorusLB 1.63902
LDB: ============== END OF LOAD BALANCING =============== 24781

PRESSURE: 245000 -14584.2 -127.494 15.3625 -96.3272 -14549.5 0.610469 3.93977 3.80057 -14489
GPRESSURE: 245000 18.3413 -47.7412 10.8872 -19.4361 -68.0368 42.7915 125.195 51.5396 41.8601
PRESSAVG: 245000 2.38597 2.77868 23.8464 -5.04986 3.86968 5.74802 10.5018 14.6993 0.247427
GPRESSAVG: 245000 2.19458 2.87175 23.701 -5.18649 3.83128 5.94449 10.5332 14.6662 0.334506
TIMING: 245000  CPU: 22026.5, 0.0898475/step  Wall: 24809.4, 0.101334/step, 0.140741 hours remaining, 165.914291 MB of memory in use.
ENERGY:  245000      8828.7518     43966.6990     30384.8395       540.4679        -606399.6856     24702.9218       313.3891         0.0000    146445.7318        -351216.8847       309.4433   -497662.6165   -350859.2199       309.8999         -14540.9112        -2.6118   2178770.5656         2.1677         2.1201

WRITING EXTENDED SYSTEM TO RESTART FILE AT STEP 245000
WRITING COORDINATES TO DCD FILE AT STEP 245000
WRITING COORDINATES TO RESTART FILE AT STEP 245000
FINISHED WRITING RESTART COORDINATES
WRITING VELOCITIES TO RESTART FILE AT STEP 245000
FINISHED WRITING RESTART VELOCITIES
LDB: ============= START OF LOAD BALANCING ============== 25175.9
LDB: ============== END OF LOAD BALANCING =============== 25175.9

LDB: ============= START OF LOAD BALANCING ============== 25186.1
LDB: TIME 25186.1 LOAD: AVG 9.17818 MAX 9.38278  PROXIES: TOTAL 755 MAXPE 33 MAXPATCH 4 None 1.65218
LDB: TIME 25186.1 LOAD: AVG 9.17818 MAX 9.38278  PROXIES: TOTAL 755 MAXPE 33 MAXPATCH 4 RefineTorusLB 1.65218
LDB: ============== END OF LOAD BALANCING =============== 25186.1

PRESSURE: 250000 -14555.4 148.583 46.0928 147.497 -14516 3.41326 48.4116 46.6029 -14654.1
GPRESSURE: 250000 75.5311 35.1439 45.016 30.6328 -31.2473 9.65146 49.6505 79.4198 -135.271
PRESSAVG: 250000 14.511 -3.98758 15.5432 0.633978 -5.62373 -0.286767 16.4157 1.24763 4.14419
GPRESSAVG: 250000 14.5044 -3.94965 15.4073 0.588056 -5.60058 -0.331493 16.3055 1.13524 4.01806
TIMING: 250000  CPU: 22478.4, 0.0903869/step  Wall: 25316, 0.101333/step, 0 hours remaining, 165.604996 MB of memory in use.
ETITLE:      TS           BOND          ANGLE          DIHED          IMPRP               ELECT            VDW       BOUNDARY           MISC        KINETIC               TOTAL           TEMP      POTENTIAL         TOTAL3        TEMPAVG            PRESSURE      GPRESSURE         VOLUME       PRESSAVG      GPRESSAVG

ENERGY:  250000      8892.3585     44060.9087     30485.1364       580.1418        -606452.2606     24906.5244       310.9448         0.0000    146527.7738        -350688.4722       309.6166   -497216.2460   -350336.2329       309.8491         -14575.1806       -30.3291   2176199.9248         4.3438         4.3073

WRITING EXTENDED SYSTEM TO RESTART FILE AT STEP 250000
WRITING COORDINATES TO DCD FILE AT STEP 250000
WRITING COORDINATES TO RESTART FILE AT STEP 250000
FINISHED WRITING RESTART COORDINATES
WRITING VELOCITIES TO RESTART FILE AT STEP 250000
FINISHED WRITING RESTART VELOCITIES
WRITING EXTENDED SYSTEM TO OUTPUT FILE AT STEP 250000
CLOSING EXTENDED SYSTEM TRAJECTORY FILE
WRITING COORDINATES TO OUTPUT FILE AT STEP 250000
CLOSING COORDINATE DCD FILE
WRITING VELOCITIES TO OUTPUT FILE AT STEP 250000
====================================================

WallClock: 25350.490234  CPUTime: 22509.255859  Memory: 162.874283 MB
