22784: Mon May 19 09:58:21 EDT 2014: Entering /tmp/25009.1.standard.q/ssh with args node067.pug.mib.pbtech -l jam2079 /bin/sh -f
22775: Mon May 19 09:58:21 EDT 2014: Entering /tmp/25009.1.standard.q/ssh with args node062.pug.mib.pbtech -l jam2079 /bin/sh -f
22785: Mon May 19 09:58:21 EDT 2014: Entering /tmp/25009.1.standard.q/ssh with args node062.pug.mib.pbtech -l jam2079 /bin/sh -f
22768: Mon May 19 09:58:21 EDT 2014: Entering /tmp/25009.1.standard.q/ssh with args node067.pug.mib.pbtech -l jam2079 /bin/sh -f
22764: Mon May 19 09:58:21 EDT 2014: Entering /tmp/25009.1.standard.q/ssh with args node067.pug.mib.pbtech -l jam2079 /bin/sh -f
22783: Mon May 19 09:58:21 EDT 2014: Entering /tmp/25009.1.standard.q/ssh with args node062.pug.mib.pbtech -l jam2079 /bin/sh -f
22781: Mon May 19 09:58:21 EDT 2014: Exiting /tmp/25009.1.standard.q/ssh
22767: Mon May 19 09:58:22 EDT 2014: Exiting /tmp/25009.1.standard.q/ssh
22764: Mon May 19 09:58:23 EDT 2014: Exiting /tmp/25009.1.standard.q/ssh
22768: Mon May 19 09:58:24 EDT 2014: Exiting /tmp/25009.1.standard.q/ssh
22772: Mon May 19 09:58:25 EDT 2014: Exiting /tmp/25009.1.standard.q/ssh
22776: Mon May 19 09:58:26 EDT 2014: Exiting /tmp/25009.1.standard.q/ssh
22766: Mon May 19 09:58:28 EDT 2014: Exiting /tmp/25009.1.standard.q/ssh
22782: Mon May 19 09:58:28 EDT 2014: Exiting /tmp/25009.1.standard.q/ssh
22778: Mon May 19 09:58:28 EDT 2014: Exiting /tmp/25009.1.standard.q/ssh
22784: Mon May 19 09:58:29 EDT 2014: Exiting /tmp/25009.1.standard.q/ssh
22787: Mon May 19 09:58:30 EDT 2014: Exiting /tmp/25009.1.standard.q/ssh
22780: Mon May 19 09:58:31 EDT 2014: Exiting /tmp/25009.1.standard.q/ssh
22779: Mon May 19 09:58:32 EDT 2014: Exiting /tmp/25009.1.standard.q/ssh
22777: Mon May 19 09:58:32 EDT 2014: Exiting /tmp/25009.1.standard.q/ssh
22785: Mon May 19 09:58:32 EDT 2014: Exiting /tmp/25009.1.standard.q/ssh
22771: Mon May 19 09:58:34 EDT 2014: Exiting /tmp/25009.1.standard.q/ssh
22765: Mon May 19 09:58:36 EDT 2014: Exiting /tmp/25009.1.standard.q/ssh
22769: Mon May 19 09:58:37 EDT 2014: Exiting /tmp/25009.1.standard.q/ssh
22783: Mon May 19 09:58:37 EDT 2014: Exiting /tmp/25009.1.standard.q/ssh
22770: Mon May 19 09:58:38 EDT 2014: Exiting /tmp/25009.1.standard.q/ssh
22786: Mon May 19 09:58:41 EDT 2014: Exiting /tmp/25009.1.standard.q/ssh
22773: Mon May 19 09:58:42 EDT 2014: Exiting /tmp/25009.1.standard.q/ssh
22775: Mon May 19 09:58:44 EDT 2014: Exiting /tmp/25009.1.standard.q/ssh
22774: Mon May 19 09:58:44 EDT 2014: Exiting /tmp/25009.1.standard.q/ssh
Warning> Randomization of stack pointer is turned on in kernel.
Charm++> synchronizing isomalloc memory region...
[0] consolidated Isomalloc memory region: 0x2bad40000000 - 0x7ffb10000000 (88399104 megs)
Charm++: scheduler running in netpoll mode.
Charm++> Running on 2 unique compute nodes (12-way SMP).
Charm++> Cpu topology info:
PE to node map: 0 1 0 1 0 1 0 1 0 1 0 1 0 1 0 1 0 1 0 1 0 1 0 1 
Node to PE map:
Chip #0: 0 2 4 6 8 10 12 14 16 18 20 22 
Chip #1: 1 3 5 7 9 11 13 15 17 19 21 23 
Charm++> cpu topology info is gathered in 0.038 seconds.
Info: NAMD 2.7 for Linux-x86_64
Info: 
Info: Please visit http://www.ks.uiuc.edu/Research/namd/
Info: and send feedback or bug reports to namd@ks.uiuc.edu
Info: 
Info: Please cite Phillips et al., J. Comp. Chem. 26:1781-1802 (2005)
Info: in all publications reporting results obtained with NAMD.
Info: 
Info: Based on Charm++/Converse 60202 for net-linux-x86_64
Info: Built Fri Jun 17 11:23:43 EDT 2011 by jason on node026.pug.pbtech
Info: 1 NAMD  2.7  Linux-x86_64  24    node067.pug.pbtech  jam2079
Info: Running on 24 processors.
Info: CPU topology information available.
Info: Charm++/Converse parallel runtime startup completed at 0.191834 s
Info: 1.64034 MB of memory in use based on CmiMemoryUsage
Info: Changed directory to phase2a
Info: Configuration file is rho_equil_phase2a5.np.in
TCL: Suspending until startup complete.
Info: EXTENDED SYSTEM FILE   /home/jam2079/Pathrover/2jlo/phase2a/dat_equil_phase2a4.restart.xsc
Info: SIMULATION PARAMETERS:
Info: TIMESTEP               1
Info: NUMBER OF STEPS        0
Info: STEPS PER CYCLE        20
Info: PERIODIC CELL BASIS 1  121.217 0 0
Info: PERIODIC CELL BASIS 2  0 122.302 0
Info: PERIODIC CELL BASIS 3  0 0 113.376
Info: PERIODIC CELL CENTER   -0.442 0.25 1.773
Info: WRAPPING ALL CLUSTERS AROUND PERIODIC BOUNDARIES ON OUTPUT.
Info: LOAD BALANCER  Centralized
Info: LOAD BALANCING STRATEGY  New Load Balancers -- ASB
Info: LDB PERIOD             4000 steps
Info: FIRST LDB TIMESTEP     100
Info: LAST LDB TIMESTEP     -1
Info: LDB BACKGROUND SCALING 1
Info: HOM BACKGROUND SCALING 1
Info: PME BACKGROUND SCALING 1
Info: MAX SELF PARTITIONS    20
Info: MAX PAIR PARTITIONS    8
Info: SELF PARTITION ATOMS   154
Info: SELF2 PARTITION ATOMS   154
Info: PAIR PARTITION ATOMS   318
Info: PAIR2 PARTITION ATOMS  637
Info: MIN ATOMS PER PATCH    100
Info: VELOCITY FILE          /home/jam2079/Pathrover/2jlo/phase2a/dat_equil_phase2a4.restart.vel
Info: CENTER OF MASS MOVING INITIALLY? NO
Info: DIELECTRIC             1
Info: EXCLUDE                SCALED ONE-FOUR
Info: 1-4 ELECTROSTATICS SCALED BY 1
Info: MODIFIED 1-4 VDW PARAMETERS WILL BE USED
Info: DCD FILENAME           ./dat_equil_phase2a5.np.dcd
Info: DCD FREQUENCY          5000
Info: DCD FIRST STEP         5000
Info: DCD FILE WILL CONTAIN UNIT CELL DATA
Info: XST FILENAME           ./dat_equil_phase2a5.np.xst
Info: XST FREQUENCY          5000
Info: NO VELOCITY DCD OUTPUT
Info: OUTPUT FILENAME        ./dat_equil_phase2a5.np
Info: RESTART FILENAME       ./dat_equil_phase2a5.np.restart
Info: RESTART FREQUENCY      5000
Info: BINARY RESTART FILES WILL BE USED
Info: SWITCHING ACTIVE
Info: SWITCHING ON           10
Info: SWITCHING OFF          12
Info: PAIRLIST DISTANCE      13.5
Info: PAIRLIST SHRINK RATE   0.01
Info: PAIRLIST GROW RATE     0.01
Info: PAIRLIST TRIGGER       0.3
Info: PAIRLISTS PER CYCLE    2
Info: PAIRLISTS ENABLED
Info: MARGIN                 1.5
Info: HYDROGEN GROUP CUTOFF  2.5
Info: PATCH DIMENSION        17.5
Info: ENERGY OUTPUT STEPS    5000
Info: CROSSTERM ENERGY INCLUDED IN DIHEDRAL
Info: TIMING OUTPUT STEPS    5000
Info: PRESSURE OUTPUT STEPS  5000
Info: HARMONIC CONSTRAINTS ACTIVE
Info: HARMONIC CONS EXP      2
Info: LANGEVIN DYNAMICS ACTIVE
Info: LANGEVIN TEMPERATURE   310
Info: LANGEVIN DAMPING COEFFICIENT IS 5 INVERSE PS
Info: LANGEVIN DYNAMICS NOT APPLIED TO HYDROGENS
Info: LANGEVIN PISTON PRESSURE CONTROL ACTIVE
Info:        TARGET PRESSURE IS 1.01325 BAR
Info:     OSCILLATION PERIOD IS 200 FS
Info:             DECAY TIME IS 50 FS
Info:     PISTON TEMPERATURE IS 310 K
Info:       PRESSURE CONTROL IS GROUP-BASED
Info:    INITIAL STRAIN RATE IS 2.60453e-05 2.60453e-05 2.02903e-05
Info:       CELL FLUCTUATION IS ANISOTROPIC
Info:     SHAPE OF CELL IS CONSTRAINED IN X-Y PLANE
Info: PARTICLE MESH EWALD (PME) ACTIVE
Info: PME TOLERANCE               1e-06
Info: PME EWALD COEFFICIENT       0.257952
Info: PME INTERPOLATION ORDER     4
Info: PME GRID DIMENSIONS         128 128 120
Info: PME MAXIMUM GRID SPACING    1
Info: Attempting to read FFTW data from FFTW_NAMD_2.7_Linux-x86_64.txt
Info: Optimizing 6 FFT steps.  1... 2... 3... 4... 5... 6...   Done.
Info: Writing FFTW data to FFTW_NAMD_2.7_Linux-x86_64.txt
Info: FULL ELECTROSTATIC EVALUATION FREQUENCY      4
Info: USING VERLET I (r-RESPA) MTS SCHEME.
Info: C1 SPLITTING OF LONG RANGE ELECTROSTATICS
Info: PLACING ATOMS IN PATCHES BY HYDROGEN GROUPS
Info: RIGID BONDS TO HYDROGEN : ALL
Info:         ERROR TOLERANCE : 1e-08
Info:          MAX ITERATIONS : 100
Info: RIGID WATER USING SETTLE ALGORITHM
Info: NONBONDED FORCES EVALUATED EVERY 2 STEPS
Info: RANDOM NUMBER SEED     1400507935
Info: USE HYDROGEN BONDS?    NO
Info: COORDINATE PDB         /home/jam2079/Pathrover/2jlo/phase2a/dat_equil_phase2a4.coor
Info: STRUCTURE FILE         /home/jam2079/Pathrover/2jlo/common/ionized.psf
Info: PARAMETER file: CHARMM format! 
Info: PARAMETERS             /home/jam2079/Pathrover/2jlo/common/parameters_all.prm
Info: PARAMETERS             /home/jam2079/Pathrover/2jlo/common/BHY_hyd_mod.prm
Info: USING ARITHMETIC MEAN TO COMBINE L-J SIGMA PARAMETERS
Info: BINARY COORDINATES     /home/jam2079/Pathrover/2jlo/phase2a/dat_equil_phase2a4.restart.coor
Info: SUMMARY OF PARAMETERS:
Info: 242 BONDS
Info: 636 ANGLES
Info: 971 DIHEDRAL
Info: 55 IMPROPER
Info: 6 CROSSTERM
Info: 162 VDW
Info: 0 VDW_PAIRS
Info: TIME FOR READING PSF FILE: 3.17699
Info: TIME FOR READING PDB FILE: 0.277362
Info: 
Info: Reading from binary file /home/jam2079/Pathrover/2jlo/phase2a/dat_equil_phase2a4.restart.coor
Info: ****************************
Info: STRUCTURE SUMMARY:
Info: 169698 ATOMS
Info: 135324 BONDS
Info: 162553 ANGLES
Info: 179218 DIHEDRALS
Info: 2048 IMPROPERS
Info: 0 CROSSTERMS
Info: 0 EXCLUSIONS
Info: 1846 CONSTRAINTS
Info: 142126 RIGID BONDS
Info: 366968 DEGREES OF FREEDOM
Info: 61464 HYDROGEN GROUPS
Info: 4 ATOMS IN LARGEST HYDROGEN GROUP
Info: 61464 MIGRATION GROUPS
Info: 4 ATOMS IN LARGEST MIGRATION GROUP
Info: TOTAL MASS = 1.01377e+06 amu
Info: TOTAL CHARGE = 4.75738e-05 e
Info: MASS DENSITY = 1.00157 g/cm^3
Info: ATOM DENSITY = 0.100962 atoms/A^3
Info: *****************************
Info: 
Info: Entering startup at 4.29536 s, 48.7855 MB of memory in use
Info: Startup phase 0 took 0.0435419 s, 48.7818 MB of memory in use
Info: Startup phase 1 took 1.3893 s, 85.0679 MB of memory in use
Info: Startup phase 2 took 0.0449312 s, 86.3684 MB of memory in use
Info: PATCH GRID IS 6 (PERIODIC) BY 6 (PERIODIC) BY 6 (PERIODIC)
Info: PATCH GRID IS 1-AWAY BY 1-AWAY BY 1-AWAY
Info: Reading from binary file /home/jam2079/Pathrover/2jlo/phase2a/dat_equil_phase2a4.restart.vel
Info: REMOVING COM VELOCITY 0.0129074 -0.0108867 0.00107282
Info: LARGEST PATCH (135) HAS 870 ATOMS
Info: Startup phase 3 took 0.170832 s, 109.541 MB of memory in use
Info: PME using 22 and 22 processors for FFT and reciprocal sum.
Info: PME GRID LOCATIONS: 1 2 3 4 5 6 7 8 9 10 ...
Info: PME TRANS LOCATIONS: 1 2 3 4 5 6 7 8 9 10 ...
Info: Startup phase 4 took 0.0662479 s, 109.541 MB of memory in use
Info: Startup phase 5 took 0.0757551 s, 88.2486 MB of memory in use
LDB: Central LB being created...
Info: Startup phase 6 took 1.28822 s, 88.2876 MB of memory in use
Info: CREATING 11687 COMPUTE OBJECTS
Info: useSync: 1 useProxySync: 0
Info: NONBONDED TABLE R-SQUARED SPACING: 0.0625
Info: NONBONDED TABLE SIZE: 769 POINTS
Info: Startup phase 7 took 0.0497952 s, 91.6998 MB of memory in use
Info: Startup phase 8 took 0.000232935 s, 92.9612 MB of memory in use
Info: Finished startup at 7.42421 s, 92.9612 MB of memory in use

TCL: Running for 250000 steps
PRESSURE: 0 -13086.4 -142.425 4.40953 -114.527 -13153.2 -53.469 -39.1758 16.1063 -13349.6
GPRESSURE: 0 7.32583 -66.8656 105.045 -7.508 28.2739 -10.1505 -14.9332 14.2814 -278.136
ETITLE:      TS           BOND          ANGLE          DIHED          IMPRP               ELECT            VDW       BOUNDARY           MISC        KINETIC               TOTAL           TEMP      POTENTIAL         TOTAL3        TEMPAVG            PRESSURE      GPRESSURE         VOLUME       PRESSAVG      GPRESSAVG

ENERGY:       0      7892.3966     40143.8392     27657.0670       516.8089        -431412.2958     11930.1903       328.1835         0.0000    112917.7196        -230026.0905       309.6879   -342943.8101   -229736.4092       309.6879         -13196.4012       -80.8455   1680808.4440    -13196.4012       -80.8455

OPENING EXTENDED SYSTEM TRAJECTORY FILE
LDB: ============= START OF LOAD BALANCING ============== 15.5003
LDB: ============== END OF LOAD BALANCING =============== 15.5012

Info: Initial time: 24 CPUs 0.0796271 s/step 0.92161 days/ns 112.711 MB memory
LDB: ============= START OF LOAD BALANCING ============== 23.6503
LDB: TIME 23.6838 LOAD: AVG 6.99558 MAX 7.69026  PROXIES: TOTAL 568 MAXPE 25 MAXPATCH 4 None 1.24337
LDB: TIME 23.7538 LOAD: AVG 6.99558 MAX 7.0012  PROXIES: TOTAL 568 MAXPE 25 MAXPATCH 4 TorusLB 1.24337
LDB: TIME 23.7539 LOAD: AVG 6.99558 MAX 7.0012  PROXIES: TOTAL 568 MAXPE 25 MAXPATCH 4 TorusLB 1.24337
LDB: ============== END OF LOAD BALANCING =============== 23.7758

Info: Initial time: 24 CPUs 0.0799022 s/step 0.924794 days/ns 111.209 MB memory
LDB: ============= START OF LOAD BALANCING ============== 32.116
LDB: TIME 32.1484 LOAD: AVG 7.09149 MAX 7.44022  PROXIES: TOTAL 568 MAXPE 25 MAXPATCH 4 None 1.2788
LDB: TIME 32.1629 LOAD: AVG 7.09149 MAX 7.44022  PROXIES: TOTAL 568 MAXPE 25 MAXPATCH 4 RefineTorusLB 1.2788
LDB: ============== END OF LOAD BALANCING =============== 32.1654

Info: Initial time: 24 CPUs 0.0815754 s/step 0.944159 days/ns 112.152 MB memory
LDB: ============= START OF LOAD BALANCING ============== 40.5314
LDB: TIME 40.5376 LOAD: AVG 7.0893 MAX 7.3559  PROXIES: TOTAL 568 MAXPE 25 MAXPATCH 4 None 1.29024
LDB: TIME 40.55 LOAD: AVG 7.0893 MAX 7.3559  PROXIES: TOTAL 568 MAXPE 25 MAXPATCH 4 RefineTorusLB 1.29024
LDB: ============== END OF LOAD BALANCING =============== 40.5522

Info: Benchmark time: 24 CPUs 0.0814188 s/step 0.942347 days/ns 112.373 MB memory
Info: Benchmark time: 24 CPUs 0.0795811 s/step 0.921077 days/ns 112.874 MB memory
Info: Benchmark time: 24 CPUs 0.0806309 s/step 0.933228 days/ns 113.031 MB memory
LDB: ============= START OF LOAD BALANCING ============== 356.545
LDB: ============== END OF LOAD BALANCING =============== 356.545

LDB: ============= START OF LOAD BALANCING ============== 365.062
LDB: TIME 365.086 LOAD: AVG 7.15781 MAX 7.49727  PROXIES: TOTAL 568 MAXPE 25 MAXPATCH 4 None 1.30567
LDB: TIME 365.098 LOAD: AVG 7.15781 MAX 7.49727  PROXIES: TOTAL 568 MAXPE 25 MAXPATCH 4 RefineTorusLB 1.30567
LDB: ============== END OF LOAD BALANCING =============== 365.1

OPENING COORDINATE DCD FILE
WRITING COORDINATES TO DCD FILE AT STEP 5000
WRITING COORDINATES TO RESTART FILE AT STEP 5000
FINISHED WRITING RESTART COORDINATES
PRESSURE: 5000 -13343.7 -6.59719 172.356 61.6851 -13292.9 -44.5409 137.697 -41.2754 -13231
GPRESSURE: 5000 -24.8604 24.0207 97.2294 155.719 -52.3748 -43.76 135.482 -37.3647 -51.2179
PRESSAVG: 5000 -2.85231 7.27868 15.2361 10.3728 0.598648 -10.0556 0.100766 0.293029 -3.80747
GPRESSAVG: 5000 -2.78803 7.20526 15.3455 10.4159 0.57654 -9.95895 0.046584 0.345124 -3.63187
TIMING: 5000  CPU: 353.632, 0.0706719/step  Wall: 407.077, 0.0813327/step, 5.53514 hours remaining, 130.793427 MB of memory in use.
ENERGY:    5000      8110.6388     40025.3982     27683.0247       470.3143        -431781.9346     11851.2822       314.8083         0.0000    112780.7800        -230545.6883       309.3124   -343326.4682   -230231.4938       310.1571         -13289.1996       -42.8177   1664657.6577        -2.0204        -1.9478

WRITING EXTENDED SYSTEM TO RESTART FILE AT STEP 5000
WRITING VELOCITIES TO RESTART FILE AT STEP 5000
FINISHED WRITING RESTART VELOCITIES
LDB: ============= START OF LOAD BALANCING ============== 683.437
LDB: ============== END OF LOAD BALANCING =============== 683.438

LDB: ============= START OF LOAD BALANCING ============== 691.938
LDB: TIME 691.972 LOAD: AVG 7.15985 MAX 7.37835  PROXIES: TOTAL 568 MAXPE 25 MAXPATCH 4 None 1.30676
LDB: TIME 691.987 LOAD: AVG 7.15985 MAX 7.37835  PROXIES: TOTAL 568 MAXPE 25 MAXPATCH 4 RefineTorusLB 1.30676
LDB: ============== END OF LOAD BALANCING =============== 691.989

PRESSURE: 10000 -13276.8 66.1321 60.2702 43.7985 -13251.2 -15.318 66.0135 -76.3671 -12782.5
GPRESSURE: 10000 65.7623 -37.9796 -104.018 19.7815 94.3254 -71.4226 39.8941 9.59059 333.355
PRESSAVG: 10000 10.7938 10.5842 9.77288 11.7854 -0.325766 -21.7535 -2.02061 -32.0433 -1.12937
GPRESSAVG: 10000 10.8357 10.4335 9.67382 11.8611 -0.302016 -21.7937 -2.18988 -32.1118 -1.10075
TIMING: 10000  CPU: 708.926, 0.0710588/step  Wall: 815.474, 0.0816796/step, 5.4453 hours remaining, 132.700226 MB of memory in use.
ENERGY:   10000      7964.5295     40180.6821     27578.3668       505.1478        -432472.6979     11871.3185       313.1499         0.0000    112800.9575        -231258.5458       309.3677   -344059.5033   -230971.9261       309.7608         -13103.5049       164.4810   1661010.8122         3.1129         3.1443

WRITING EXTENDED SYSTEM TO RESTART FILE AT STEP 10000
WRITING COORDINATES TO DCD FILE AT STEP 10000
WRITING COORDINATES TO RESTART FILE AT STEP 10000
FINISHED WRITING RESTART COORDINATES
WRITING VELOCITIES TO RESTART FILE AT STEP 10000
FINISHED WRITING RESTART VELOCITIES
LDB: ============= START OF LOAD BALANCING ============== 1010.33
LDB: ============== END OF LOAD BALANCING =============== 1010.33

LDB: ============= START OF LOAD BALANCING ============== 1018.78
LDB: TIME 1018.81 LOAD: AVG 7.13332 MAX 7.30344  PROXIES: TOTAL 568 MAXPE 25 MAXPATCH 4 None 1.27474
LDB: TIME 1018.82 LOAD: AVG 7.13332 MAX 7.30344  PROXIES: TOTAL 568 MAXPE 25 MAXPATCH 4 RefineTorusLB 1.27474
LDB: ============== END OF LOAD BALANCING =============== 1018.83

WRITING COORDINATES TO DCD FILE AT STEP 15000
WRITING COORDINATES TO RESTART FILE AT STEP 15000
FINISHED WRITING RESTART COORDINATES
WRITING VELOCITIES TO RESTART FILE AT STEP 15000
FINISHED WRITING RESTART VELOCITIES
PRESSURE: 15000 -13240 -102.37 -85.0976 -129.074 -13130.5 90.4725 -22.3251 31.9844 -13102.6
GPRESSURE: 15000 124.259 -83.2258 -74.5559 -111.77 229.773 153.047 -6.5324 38.6087 56.679
PRESSAVG: 15000 -1.14038 10.7857 11.9807 11.2025 16.1587 -16.9323 24.5994 -30.4063 -3.07067
GPRESSAVG: 15000 -1.16163 10.8496 11.8036 11.09 16.1724 -16.7748 24.7877 -30.4373 -2.99628
TIMING: 15000  CPU: 1064.73, 0.0711606/step  Wall: 1224.13, 0.0817321/step, 5.33529 hours remaining, 131.328064 MB of memory in use.
ENERGY:   15000      7969.9549     40244.4113     27537.4072       516.7895        -432165.9022     11798.8657       321.1974         0.0000    112775.6968        -231001.5796       309.2984   -343777.2763   -230722.7473       309.7397         -13157.6812       136.9038   1660709.2067         3.9826         4.0048

WRITING EXTENDED SYSTEM TO RESTART FILE AT STEP 15000
LDB: ============= START OF LOAD BALANCING ============== 1337.09
LDB: ============== END OF LOAD BALANCING =============== 1337.09

LDB: ============= START OF LOAD BALANCING ============== 1345.41
LDB: TIME 1345.44 LOAD: AVG 7.15487 MAX 7.34636  PROXIES: TOTAL 568 MAXPE 25 MAXPATCH 4 None 1.29883
LDB: TIME 1345.46 LOAD: AVG 7.15487 MAX 7.34636  PROXIES: TOTAL 568 MAXPE 25 MAXPATCH 4 RefineTorusLB 1.29883
LDB: ============== END OF LOAD BALANCING =============== 1345.46

PRESSURE: 20000 -13377.4 133.334 115.357 83.3404 -13482 -52.5474 159.962 -158.043 -13175
GPRESSURE: 20000 -23.2791 89.3836 98.3971 31.0535 -145.282 5.52989 -18.9098 -65.5323 -22.9192
PRESSAVG: 20000 1.93088 21.6348 10.5102 13.843 5.32641 -5.99333 14.5419 -23.6369 2.89114
GPRESSAVG: 20000 1.84461 21.613 10.6346 13.6386 5.40021 -5.94634 14.4466 -23.5381 2.85833
TIMING: 20000  CPU: 1420.59, 0.0711726/step  Wall: 1632.44, 0.0816609/step, 5.21723 hours remaining, 131.406555 MB of memory in use.
ENERGY:   20000      7866.3890     40492.3265     27561.8457       477.3988        -432094.3740     11412.3238       330.1946         0.0000    112701.7610        -231252.1347       309.0956   -343953.8957   -230960.1807       309.8114         -13344.8042       -63.8267   1659199.6170         3.3828         3.3677

WRITING EXTENDED SYSTEM TO RESTART FILE AT STEP 20000
WRITING COORDINATES TO DCD FILE AT STEP 20000
WRITING COORDINATES TO RESTART FILE AT STEP 20000
FINISHED WRITING RESTART COORDINATES
WRITING VELOCITIES TO RESTART FILE AT STEP 20000
FINISHED WRITING RESTART VELOCITIES
LDB: ============= START OF LOAD BALANCING ============== 1663.98
LDB: ============== END OF LOAD BALANCING =============== 1663.99

LDB: ============= START OF LOAD BALANCING ============== 1672.37
LDB: TIME 1672.4 LOAD: AVG 7.16189 MAX 7.43227  PROXIES: TOTAL 568 MAXPE 25 MAXPATCH 4 None 1.29777
LDB: TIME 1672.41 LOAD: AVG 7.16189 MAX 7.43227  PROXIES: TOTAL 568 MAXPE 25 MAXPATCH 4 RefineTorusLB 1.29777
LDB: ============== END OF LOAD BALANCING =============== 1672.42

LDB: ============= START OF LOAD BALANCING ============== 1991.77
LDB: ============== END OF LOAD BALANCING =============== 1991.77

LDB: ============= START OF LOAD BALANCING ============== 2000.3
LDB: TIME 2000.33 LOAD: AVG 7.18166 MAX 7.64473  PROXIES: TOTAL 568 MAXPE 25 MAXPATCH 4 None 1.30065
LDB: TIME 2000.35 LOAD: AVG 7.18166 MAX 7.52705  PROXIES: TOTAL 568 MAXPE 25 MAXPATCH 4 RefineTorusLB 1.30065
LDB: ============== END OF LOAD BALANCING =============== 2000.35

PRESSURE: 25000 -13244.6 81.9355 85.2648 77.6549 -13099.7 -94.3478 81.7045 -40.4442 -13159.8
GPRESSURE: 25000 42.6433 60.2007 79.7404 -34.7246 218.613 -65.6912 50.8732 -74.3952 49.7877
PRESSAVG: 25000 8.90801 27.3556 -19.684 6.41608 0.0412869 10.2918 -9.7983 9.01721 1.65676
GPRESSAVG: 25000 8.96258 27.4138 -19.697 6.44298 -0.0677382 10.1339 -9.66168 9.21137 1.69095
TIMING: 25000  CPU: 1775.71, 0.0710238/step  Wall: 2042.67, 0.082046/step, 5.12788 hours remaining, 132.944672 MB of memory in use.
ENERGY:   25000      7855.7637     40128.3391     27561.6509       494.3842        -431678.2403     11205.6525       313.1522         0.0000    112868.1784        -231251.1193       309.5521   -344119.2977   -230961.0056       309.3542         -13168.0593       103.6814   1659158.6411         3.5354         3.5286

WRITING EXTENDED SYSTEM TO RESTART FILE AT STEP 25000
WRITING COORDINATES TO DCD FILE AT STEP 25000
WRITING COORDINATES TO RESTART FILE AT STEP 25000
FINISHED WRITING RESTART COORDINATES
WRITING VELOCITIES TO RESTART FILE AT STEP 25000
FINISHED WRITING RESTART VELOCITIES
LDB: ============= START OF LOAD BALANCING ============== 2319.59
LDB: ============== END OF LOAD BALANCING =============== 2319.59

LDB: ============= START OF LOAD BALANCING ============== 2327.92
LDB: TIME 2327.96 LOAD: AVG 7.16952 MAX 7.40855  PROXIES: TOTAL 568 MAXPE 25 MAXPATCH 4 None 1.29367
LDB: TIME 2327.98 LOAD: AVG 7.16952 MAX 7.40855  PROXIES: TOTAL 568 MAXPE 25 MAXPATCH 4 RefineTorusLB 1.29367
LDB: ============== END OF LOAD BALANCING =============== 2327.98

PRESSURE: 30000 -13272 -253.285 5.32095 -204.503 -13215.7 -0.4592 -17.4031 -44.3172 -13427.4
GPRESSURE: 30000 47.397 -233.612 -7.4984 -107.253 96.7393 10.3079 -6.50541 34.3689 -197.829
PRESSAVG: 30000 -0.749791 0.395562 -24.9807 -7.90068 8.30019 -3.09194 -13.4958 -16.0914 9.05118
GPRESSAVG: 30000 -0.786053 0.285881 -25.1595 -7.89893 8.27004 -3.12523 -13.6185 -16.0448 8.9459
TIMING: 30000  CPU: 2133.57, 0.0715719/step  Wall: 2452, 0.0818655/step, 5.00289 hours remaining, 132.699860 MB of memory in use.
ENERGY:   30000      7926.1003     40262.7069     27445.1925       478.6545        -431584.9063     11000.2643       313.1015         0.0000    112780.9244        -231377.9620       309.3128   -344158.8864   -231078.8057       310.2022         -13305.0173       -17.8977   1655857.4945         5.5339         5.4766

WRITING EXTENDED SYSTEM TO RESTART FILE AT STEP 30000
WRITING COORDINATES TO DCD FILE AT STEP 30000
WRITING COORDINATES TO RESTART FILE AT STEP 30000
FINISHED WRITING RESTART COORDINATES
WRITING VELOCITIES TO RESTART FILE AT STEP 30000
FINISHED WRITING RESTART VELOCITIES
LDB: ============= START OF LOAD BALANCING ============== 2646.78
LDB: ============== END OF LOAD BALANCING =============== 2646.78

LDB: ============= START OF LOAD BALANCING ============== 2655.06
LDB: TIME 2655.09 LOAD: AVG 7.15321 MAX 7.31557  PROXIES: TOTAL 568 MAXPE 25 MAXPATCH 4 None 1.28903
LDB: TIME 2655.1 LOAD: AVG 7.15321 MAX 7.31557  PROXIES: TOTAL 568 MAXPE 25 MAXPATCH 4 RefineTorusLB 1.28903
LDB: ============== END OF LOAD BALANCING =============== 2655.11

WRITING COORDINATES TO DCD FILE AT STEP 35000
WRITING COORDINATES TO RESTART FILE AT STEP 35000
FINISHED WRITING RESTART COORDINATES
WRITING VELOCITIES TO RESTART FILE AT STEP 35000
FINISHED WRITING RESTART VELOCITIES
PRESSURE: 35000 -13507.2 -70.7897 -6.88037 -46.788 -13381 101.66 4.00191 103.516 -13259.6
GPRESSURE: 35000 -151.698 22.5678 20.4253 -68.3147 -131.876 53.1314 19.3823 67.2973 -19.9296
PRESSAVG: 35000 10.4433 2.05363 -7.17923 -3.0101 3.6672 2.17195 4.52859 -20.8051 -0.422527
GPRESSAVG: 35000 10.3137 1.96308 -7.09235 -2.83047 3.49002 2.09837 4.78651 -21.0484 -0.321344
TIMING: 35000  CPU: 2491.02, 0.0714907/step  Wall: 2860.79, 0.0817577/step, 4.88275 hours remaining, 132.086670 MB of memory in use.
ENERGY:   35000      7903.6780     40080.6960     27575.5925       515.7160        -431506.6638     11126.5214       314.6350         0.0000    112646.8863        -231342.9386       308.9451   -343989.8249   -231051.4541       309.8867         -13382.6240      -101.1678   1657854.3148         4.5626         4.4941

WRITING EXTENDED SYSTEM TO RESTART FILE AT STEP 35000
LDB: ============= START OF LOAD BALANCING ============== 2974.41
LDB: ============== END OF LOAD BALANCING =============== 2974.41

LDB: ============= START OF LOAD BALANCING ============== 2982.76
LDB: TIME 2982.8 LOAD: AVG 7.17786 MAX 7.42643  PROXIES: TOTAL 568 MAXPE 25 MAXPATCH 4 None 1.30091
LDB: TIME 2982.81 LOAD: AVG 7.17786 MAX 7.42643  PROXIES: TOTAL 568 MAXPE 25 MAXPATCH 4 RefineTorusLB 1.30091
LDB: ============== END OF LOAD BALANCING =============== 2982.82

PRESSURE: 40000 -13247.3 -91.4597 57.4124 -80.4757 -13127.4 224.703 13.4646 177.349 -13476.5
GPRESSURE: 40000 69.3399 37.5818 114.158 16.4254 77.6057 242.17 74.7439 185.318 -184.795
PRESSAVG: 40000 11.2974 2.51308 21.7649 12.4535 -15.6064 7.08837 21.8254 -7.46921 -2.35099
GPRESSAVG: 40000 11.3694 2.65248 21.8209 12.4031 -15.7243 7.16777 21.8862 -7.44905 -2.25974
TIMING: 40000  CPU: 2846.72, 0.0711392/step  Wall: 3270.6, 0.0819637/step, 4.78121 hours remaining, 132.493317 MB of memory in use.
ENERGY:   40000      8047.6465     40101.8656     27556.6086       475.6913        -431757.2327     11460.4299       331.5147         0.0000    112616.0317        -231167.4445       308.8605   -343783.4762   -230888.4139       310.3117         -13283.7379       -12.6165   1657013.8116        -2.2200        -2.2049

WRITING EXTENDED SYSTEM TO RESTART FILE AT STEP 40000
WRITING COORDINATES TO DCD FILE AT STEP 40000
WRITING COORDINATES TO RESTART FILE AT STEP 40000
FINISHED WRITING RESTART COORDINATES
WRITING VELOCITIES TO RESTART FILE AT STEP 40000
FINISHED WRITING RESTART VELOCITIES
LDB: ============= START OF LOAD BALANCING ============== 3302.31
LDB: ============== END OF LOAD BALANCING =============== 3302.31

LDB: ============= START OF LOAD BALANCING ============== 3310.81
LDB: TIME 3310.82 LOAD: AVG 7.18186 MAX 7.45919  PROXIES: TOTAL 568 MAXPE 25 MAXPATCH 4 None 1.29227
LDB: TIME 3310.82 LOAD: AVG 7.18186 MAX 7.45919  PROXIES: TOTAL 568 MAXPE 25 MAXPATCH 4 RefineTorusLB 1.29227
LDB: ============== END OF LOAD BALANCING =============== 3310.83

LDB: ============= START OF LOAD BALANCING ============== 3630.68
LDB: ============== END OF LOAD BALANCING =============== 3630.68

LDB: ============= START OF LOAD BALANCING ============== 3639.17
LDB: TIME 3639.2 LOAD: AVG 7.1947 MAX 7.47764  PROXIES: TOTAL 568 MAXPE 25 MAXPATCH 4 None 1.29344
LDB: TIME 3639.21 LOAD: AVG 7.1947 MAX 7.47764  PROXIES: TOTAL 568 MAXPE 25 MAXPATCH 4 RefineTorusLB 1.29344
LDB: ============== END OF LOAD BALANCING =============== 3639.21

PRESSURE: 45000 -13436.2 26.1685 -72.9607 3.93339 -13425.8 -66.9367 -9.93002 -55.9821 -13548.1
GPRESSURE: 45000 -67.3595 58.0905 -56.914 21.78 -46.329 -81.1073 -21.0751 39.1534 -319.856
PRESSAVG: 45000 6.9145 -12.2528 -31.2471 -7.51771 -11.6237 1.96292 -15.7703 -14.9907 1.1735
GPRESSAVG: 45000 7.006 -12.3701 -31.262 -7.50015 -11.573 1.88332 -15.6796 -14.9739 1.04448
TIMING: 45000  CPU: 3203.05, 0.071266/step  Wall: 3681.58, 0.0821961/step, 4.68061 hours remaining, 133.398346 MB of memory in use.
ENERGY:   45000      8069.0492     40182.5936     27592.5919       490.0145        -432196.2842     11190.7305       312.6704         0.0000    112419.0709        -231939.5631       308.3203   -344358.6340   -231636.7644       309.7118         -13470.0466      -144.5147   1654409.0722        -1.1786        -1.1742

WRITING EXTENDED SYSTEM TO RESTART FILE AT STEP 45000
WRITING COORDINATES TO DCD FILE AT STEP 45000
WRITING COORDINATES TO RESTART FILE AT STEP 45000
FINISHED WRITING RESTART COORDINATES
WRITING VELOCITIES TO RESTART FILE AT STEP 45000
FINISHED WRITING RESTART VELOCITIES
LDB: ============= START OF LOAD BALANCING ============== 3959.38
LDB: ============== END OF LOAD BALANCING =============== 3959.38

LDB: ============= START OF LOAD BALANCING ============== 3967.67
LDB: TIME 3967.71 LOAD: AVG 7.17887 MAX 7.37103  PROXIES: TOTAL 568 MAXPE 25 MAXPATCH 4 None 1.29776
LDB: TIME 3967.72 LOAD: AVG 7.17887 MAX 7.37103  PROXIES: TOTAL 568 MAXPE 25 MAXPATCH 4 RefineTorusLB 1.29776
LDB: ============== END OF LOAD BALANCING =============== 3967.72

WRITING COORDINATES TO DCD FILE AT STEP 50000
WRITING COORDINATES TO RESTART FILE AT STEP 50000
FINISHED WRITING RESTART COORDINATES
PRESSURE: 50000 -13427.1 -66.1106 -33.0476 -93.0064 -13394.4 58.4869 -37.7474 17.6438 -13195.8
GPRESSURE: 50000 -131.4 -125.723 -16.1477 -86.0324 -47.9993 -30.2197 -8.46829 -51.4181 -44.3606
PRESSAVG: 50000 -21.0198 -10.5769 1.23172 -1.43188 24.4203 2.47499 2.38558 3.05143 -5.80572
GPRESSAVG: 50000 -20.9642 -10.3835 1.24607 -1.50332 24.4895 2.50542 2.1205 3.02948 -5.96811
TIMING: 50000  CPU: 3560.54, 0.0714981/step  Wall: 4091.94, 0.0820709/step, 4.55949 hours remaining, 132.724792 MB of memory in use.
ETITLE:      TS           BOND          ANGLE          DIHED          IMPRP               ELECT            VDW       BOUNDARY           MISC        KINETIC               TOTAL           TEMP      POTENTIAL         TOTAL3        TEMPAVG            PRESSURE      GPRESSURE         VOLUME       PRESSAVG      GPRESSAVG

ENERGY:   50000      8045.7151     40050.1777     27512.3303       511.9106        -431163.6617     10949.8147       311.0318         0.0000    112680.9734        -231101.7080       309.0386   -343782.6814   -230783.4801       309.5764         -13339.1189       -74.5865   1655100.3317        -0.8018        -0.8143

WRITING EXTENDED SYSTEM TO RESTART FILE AT STEP 50000
WRITING VELOCITIES TO RESTART FILE AT STEP 50000
FINISHED WRITING RESTART VELOCITIES
LDB: ============= START OF LOAD BALANCING ============== 4287.86
LDB: ============== END OF LOAD BALANCING =============== 4287.86

LDB: ============= START OF LOAD BALANCING ============== 4296.25
LDB: TIME 4296.29 LOAD: AVG 7.18712 MAX 7.36412  PROXIES: TOTAL 568 MAXPE 25 MAXPATCH 4 None 1.30221
LDB: TIME 4296.3 LOAD: AVG 7.18712 MAX 7.36412  PROXIES: TOTAL 568 MAXPE 25 MAXPATCH 4 RefineTorusLB 1.30221
LDB: ============== END OF LOAD BALANCING =============== 4296.3

PRESSURE: 55000 -13303.6 -124.379 -88.6634 -67.3916 -13473.7 -78.1578 -105.253 -27.2224 -13011
GPRESSURE: 55000 42.1867 -94.6876 -72.1921 -31.7666 -105.552 0.762098 -108.521 37.1629 75.1955
PRESSAVG: 55000 -5.21967 -28.2128 2.10174 -20.0702 -3.31654 -7.88671 9.76003 -5.19444 3.62652
GPRESSAVG: 55000 -5.29808 -28.3431 1.90417 -20.1255 -3.42133 -7.89629 9.93949 -5.23762 3.67434
TIMING: 55000  CPU: 3917.37, 0.0713652/step  Wall: 4501.96, 0.0820048/step, 4.44193 hours remaining, 133.890533 MB of memory in use.
ENERGY:   55000      8056.1096     40338.2146     27685.9483       497.5543        -431593.1527     10968.7135       311.8894         0.0000    112613.8485        -231120.8746       308.8545   -343734.7231   -230829.4752       310.0909         -13262.7804         3.9433   1657248.0833        -1.6366        -1.6817

WRITING EXTENDED SYSTEM TO RESTART FILE AT STEP 55000
WRITING COORDINATES TO DCD FILE AT STEP 55000
WRITING COORDINATES TO RESTART FILE AT STEP 55000
FINISHED WRITING RESTART COORDINATES
WRITING VELOCITIES TO RESTART FILE AT STEP 55000
FINISHED WRITING RESTART VELOCITIES
LDB: ============= START OF LOAD BALANCING ============== 4615.98
LDB: ============== END OF LOAD BALANCING =============== 4615.98

LDB: ============= START OF LOAD BALANCING ============== 4624.33
LDB: TIME 4624.36 LOAD: AVG 7.18788 MAX 7.39886  PROXIES: TOTAL 568 MAXPE 25 MAXPATCH 4 None 1.30521
LDB: TIME 4624.38 LOAD: AVG 7.18788 MAX 7.39886  PROXIES: TOTAL 568 MAXPE 25 MAXPATCH 4 RefineTorusLB 1.30521
LDB: ============== END OF LOAD BALANCING =============== 4624.38

PRESSURE: 60000 -13652.5 19.0802 85.7495 51.7643 -13405.9 216.718 35.1827 199.433 -13244.8
GPRESSURE: 60000 -251.91 104.866 61.7518 93.2469 -117.965 191.016 177.648 205.518 -76.9215
PRESSAVG: 60000 3.3176 -18.4907 -31.9598 -6.47375 -5.28505 -19.9884 -21.164 -10.046 3.35935
GPRESSAVG: 60000 3.31335 -18.4824 -31.9827 -6.57193 -5.42658 -20.061 -21.2223 -9.89246 3.56917
TIMING: 60000  CPU: 4273.62, 0.0712504/step  Wall: 4912.14, 0.0820345/step, 4.3296 hours remaining, 132.828033 MB of memory in use.
ENERGY:   60000      8076.1306     40043.1557     27540.1602       506.9381        -431398.4864     10647.5085       321.2092         0.0000    112602.5746        -231660.8095       308.8236   -344263.3841   -231369.1873       310.0709         -13434.3877      -148.9324   1654822.3617         0.4640         0.4853

WRITING EXTENDED SYSTEM TO RESTART FILE AT STEP 60000
WRITING COORDINATES TO DCD FILE AT STEP 60000
WRITING COORDINATES TO RESTART FILE AT STEP 60000
FINISHED WRITING RESTART COORDINATES
WRITING VELOCITIES TO RESTART FILE AT STEP 60000
FINISHED WRITING RESTART VELOCITIES
LDB: ============= START OF LOAD BALANCING ============== 4943.7
LDB: ============== END OF LOAD BALANCING =============== 4943.7

LDB: ============= START OF LOAD BALANCING ============== 4952.05
LDB: TIME 4952.09 LOAD: AVG 7.18435 MAX 7.49412  PROXIES: TOTAL 568 MAXPE 25 MAXPATCH 4 None 1.29606
LDB: TIME 4952.11 LOAD: AVG 7.18435 MAX 7.49412  PROXIES: TOTAL 568 MAXPE 25 MAXPATCH 4 RefineTorusLB 1.29606
LDB: ============== END OF LOAD BALANCING =============== 4952.11

LDB: ============= START OF LOAD BALANCING ============== 5271.93
LDB: ============== END OF LOAD BALANCING =============== 5271.93

LDB: ============= START OF LOAD BALANCING ============== 5280.43
LDB: TIME 5280.46 LOAD: AVG 7.19769 MAX 7.36269  PROXIES: TOTAL 568 MAXPE 25 MAXPATCH 4 None 1.29922
LDB: TIME 5280.48 LOAD: AVG 7.19769 MAX 7.36269  PROXIES: TOTAL 568 MAXPE 25 MAXPATCH 4 RefineTorusLB 1.29922
LDB: ============== END OF LOAD BALANCING =============== 5280.48

PRESSURE: 65000 -13336.2 -133.758 -73.7113 -135.297 -13267.2 97.7576 -91.3437 119.815 -13200.7
GPRESSURE: 65000 0.550866 -88.1523 -14.1802 -60.2399 111.654 147.922 -21.6681 104.939 155.062
PRESSAVG: 65000 -21.2698 -9.92881 29.0082 -1.04762 23.7537 2.15141 -3.13575 -6.82954 -5.08626
GPRESSAVG: 65000 -21.3568 -9.83721 29.0115 -0.989526 23.852 2.26358 -3.40579 -6.99076 -5.02047
TIMING: 65000  CPU: 4630.62, 0.0714007/step  Wall: 5322.88, 0.0821485/step, 4.22152 hours remaining, 133.798584 MB of memory in use.
ENERGY:   65000      7898.6650     40161.5664     27509.1472       506.3368        -432699.5404     11669.6036       301.2167         0.0000    112652.9675        -232000.0371       308.9618   -344653.0046   -231719.9414       309.6805         -13268.0184        89.0889   1653227.3916        -0.8675        -0.8417

WRITING EXTENDED SYSTEM TO RESTART FILE AT STEP 65000
WRITING COORDINATES TO DCD FILE AT STEP 65000
WRITING COORDINATES TO RESTART FILE AT STEP 65000
FINISHED WRITING RESTART COORDINATES
WRITING VELOCITIES TO RESTART FILE AT STEP 65000
FINISHED WRITING RESTART VELOCITIES
LDB: ============= START OF LOAD BALANCING ============== 5600.48
LDB: ============== END OF LOAD BALANCING =============== 5600.48

LDB: ============= START OF LOAD BALANCING ============== 5608.83
LDB: TIME 5608.86 LOAD: AVG 7.19374 MAX 7.48326  PROXIES: TOTAL 568 MAXPE 25 MAXPATCH 4 None 1.30556
LDB: TIME 5608.88 LOAD: AVG 7.19374 MAX 7.48326  PROXIES: TOTAL 568 MAXPE 25 MAXPATCH 4 RefineTorusLB 1.30556
LDB: ============== END OF LOAD BALANCING =============== 5608.88

PRESSURE: 70000 -13285.3 -114.679 -182.963 -96.7621 -13211.9 -85.7144 -124.477 -116.473 -13344.5
GPRESSURE: 70000 4.50028 -20.6267 -214.768 -60.7433 116.556 13.2324 -93.8169 -173.011 -22.301
PRESSAVG: 70000 -19.1195 -4.28819 7.84638 7.01533 25.3046 -1.3916 -6.38431 -9.04963 6.55587
GPRESSAVG: 70000 -18.8317 -4.41792 7.68984 7.1408 25.2991 -1.2771 -6.25979 -9.03415 6.52854
TIMING: 70000  CPU: 4988.1, 0.0714955/step  Wall: 5733.05, 0.0820338/step, 4.10169 hours remaining, 132.276947 MB of memory in use.
ENERGY:   70000      7926.7556     40188.7730     27590.6297       533.7536        -431514.9029     10873.1128       320.3703         0.0000    112783.8236        -231297.6842       309.3207   -344081.5078   -231023.8246       310.1096         -13280.5819        32.9183   1652561.5518         4.2470         4.3320

WRITING EXTENDED SYSTEM TO RESTART FILE AT STEP 70000
WRITING COORDINATES TO DCD FILE AT STEP 70000
WRITING COORDINATES TO RESTART FILE AT STEP 70000
FINISHED WRITING RESTART COORDINATES
WRITING VELOCITIES TO RESTART FILE AT STEP 70000
FINISHED WRITING RESTART VELOCITIES
LDB: ============= START OF LOAD BALANCING ============== 5929.08
LDB: ============== END OF LOAD BALANCING =============== 5929.08

LDB: ============= START OF LOAD BALANCING ============== 5937.35
LDB: TIME 5937.36 LOAD: AVG 7.17063 MAX 7.38082  PROXIES: TOTAL 568 MAXPE 25 MAXPATCH 4 None 1.29675
LDB: TIME 5937.37 LOAD: AVG 7.17063 MAX 7.38082  PROXIES: TOTAL 568 MAXPE 25 MAXPATCH 4 RefineTorusLB 1.29675
LDB: ============== END OF LOAD BALANCING =============== 5937.37

PRESSURE: 75000 -13379.8 -246.724 77.3367 -244.319 -13332.4 -67.4572 43.8205 -86.9285 -13348.2
GPRESSURE: 75000 -2.10232 -245.083 135.096 -162.494 75.4083 -85.0155 17.8235 -128.41 -150.797
PRESSAVG: 75000 -22.0059 -20.9509 -9.29378 -2.253 31.3563 -18.4419 -15.3661 -8.72108 -1.14201
GPRESSAVG: 75000 -22.0855 -21.0679 -9.19475 -2.40373 31.3117 -18.5719 -15.3863 -8.71722 -1.11639
TIMING: 75000  CPU: 5345.21, 0.0714215/step  Wall: 6143.81, 0.0821525/step, 3.99353 hours remaining, 133.693695 MB of memory in use.
ENERGY:   75000      7922.2982     40130.9066     27566.2484       502.0207        -431845.4094     10844.6405       302.1226         0.0000    112569.1964        -232007.9759       308.7321   -344577.1722   -231725.7114       310.1859         -13353.4717       -25.8302   1652612.7403         2.7361         2.7033

WRITING EXTENDED SYSTEM TO RESTART FILE AT STEP 75000
WRITING COORDINATES TO DCD FILE AT STEP 75000
WRITING COORDINATES TO RESTART FILE AT STEP 75000
FINISHED WRITING RESTART COORDINATES
WRITING VELOCITIES TO RESTART FILE AT STEP 75000
FINISHED WRITING RESTART VELOCITIES
LDB: ============= START OF LOAD BALANCING ============== 6257.8
LDB: ============== END OF LOAD BALANCING =============== 6257.8

LDB: ============= START OF LOAD BALANCING ============== 6266.1
LDB: TIME 6266.13 LOAD: AVG 7.18487 MAX 7.4755  PROXIES: TOTAL 568 MAXPE 25 MAXPATCH 4 None 1.29868
LDB: TIME 6266.15 LOAD: AVG 7.18487 MAX 7.4755  PROXIES: TOTAL 568 MAXPE 25 MAXPATCH 4 RefineTorusLB 1.29868
LDB: ============== END OF LOAD BALANCING =============== 6266.15

WRITING COORDINATES TO DCD FILE AT STEP 80000
WRITING COORDINATES TO RESTART FILE AT STEP 80000
FINISHED WRITING RESTART COORDINATES
WRITING VELOCITIES TO RESTART FILE AT STEP 80000
FINISHED WRITING RESTART VELOCITIES
PRESSURE: 80000 -13427.5 60.8912 -77.3108 41.7502 -13500.6 -57.0926 -83.9091 -116.544 -12883.9
GPRESSURE: 80000 -22.4879 35.6367 -62.2937 -31.1749 -78.4666 -83.992 24.9188 -59.8831 345.522
PRESSAVG: 80000 6.99976 19.0231 2.98259 8.09119 3.78691 -16.9964 11.2122 -5.81251 6.46102
GPRESSAVG: 80000 6.9303 19.0857 3.07632 7.92455 3.87688 -16.8722 11.1611 -5.83785 6.64867
TIMING: 80000  CPU: 5702.31, 0.0714199/step  Wall: 6555.48, 0.0823346/step, 3.88802 hours remaining, 131.766571 MB of memory in use.
ENERGY:   80000      7983.1027     39849.7251     27569.8168       468.5318        -432225.7144     11225.3821       309.2184         0.0000    112674.7133        -232145.2242       309.0215   -344819.9375   -231848.1272       309.4285         -13270.6730        81.5226   1650011.8783         5.7492         5.8186

WRITING EXTENDED SYSTEM TO RESTART FILE AT STEP 80000
LDB: ============= START OF LOAD BALANCING ============== 6587.23
LDB: ============== END OF LOAD BALANCING =============== 6587.23

LDB: ============= START OF LOAD BALANCING ============== 6595.62
LDB: TIME 6595.63 LOAD: AVG 7.18894 MAX 7.44964  PROXIES: TOTAL 568 MAXPE 25 MAXPATCH 4 None 1.29713
LDB: TIME 6595.65 LOAD: AVG 7.18894 MAX 7.44964  PROXIES: TOTAL 568 MAXPE 25 MAXPATCH 4 RefineTorusLB 1.29713
LDB: ============== END OF LOAD BALANCING =============== 6595.65

LDB: ============= START OF LOAD BALANCING ============== 6915.27
LDB: ============== END OF LOAD BALANCING =============== 6915.27

LDB: ============= START OF LOAD BALANCING ============== 6923.61
LDB: TIME 6923.61 LOAD: AVG 7.20982 MAX 7.50845  PROXIES: TOTAL 568 MAXPE 25 MAXPATCH 4 None 1.31492
LDB: TIME 6923.62 LOAD: AVG 7.20982 MAX 7.50845  PROXIES: TOTAL 568 MAXPE 25 MAXPATCH 4 RefineTorusLB 1.31492
LDB: ============== END OF LOAD BALANCING =============== 6923.62

PRESSURE: 85000 -13352.7 -35.2849 139.502 5.56662 -13516.3 188.34 65.7963 185.245 -13244.4
GPRESSURE: 85000 37.9974 20.9818 172.943 46.5571 -113.3 181.037 127.431 122.364 24.8204
PRESSAVG: 85000 8.27312 -1.00935 21.4555 28.0031 -8.44571 -1.6893 11.0885 -3.40905 3.34064
GPRESSAVG: 85000 8.3964 -0.943443 21.4188 28.0835 -8.45006 -1.74071 11.2005 -3.23562 3.38885
TIMING: 85000  CPU: 6059.93, 0.0715253/step  Wall: 6966.04, 0.082111/step, 3.76342 hours remaining, 132.525116 MB of memory in use.
ENERGY:   85000      8006.6586     40220.7908     27629.3519       525.9189        -432224.5508     11016.6206       319.9494         0.0000    112864.4280        -231640.8325       309.5418   -344505.2606   -231357.8675       309.3548         -13371.1491       -16.8274   1649324.6465         1.0560         1.1117

WRITING EXTENDED SYSTEM TO RESTART FILE AT STEP 85000
WRITING COORDINATES TO DCD FILE AT STEP 85000
WRITING COORDINATES TO RESTART FILE AT STEP 85000
FINISHED WRITING RESTART COORDINATES
WRITING VELOCITIES TO RESTART FILE AT STEP 85000
FINISHED WRITING RESTART VELOCITIES
LDB: ============= START OF LOAD BALANCING ============== 7244.23
LDB: ============== END OF LOAD BALANCING =============== 7244.23

LDB: ============= START OF LOAD BALANCING ============== 7252.64
LDB: TIME 7252.67 LOAD: AVG 7.20524 MAX 7.48248  PROXIES: TOTAL 568 MAXPE 25 MAXPATCH 4 None 1.31032
LDB: TIME 7252.69 LOAD: AVG 7.20524 MAX 7.48248  PROXIES: TOTAL 568 MAXPE 25 MAXPATCH 4 RefineTorusLB 1.31032
LDB: ============== END OF LOAD BALANCING =============== 7252.69

PRESSURE: 90000 -13443.8 67.0817 -306.439 60.2217 -13432 41.6587 -304.667 99.3099 -13039.6
GPRESSURE: 90000 18.9515 -21.5172 -293.182 31.349 -81.9653 2.34206 -229.674 126.76 171.285
PRESSAVG: 90000 -13.3901 -4.9417 3.12307 8.15034 11.4952 12.9309 2.17812 22.3521 1.54837
GPRESSAVG: 90000 -13.1642 -4.99709 3.20454 7.96173 11.4773 13.0724 2.20735 22.188 1.4089
TIMING: 90000  CPU: 6417.87, 0.0715873/step  Wall: 7376.82, 0.0821562/step, 3.65139 hours remaining, 132.479553 MB of memory in use.
ENERGY:   90000      7800.0149     40103.7663     27515.2853       496.0621        -432625.1712     11458.8786       318.4386         0.0000    113031.6062        -231901.1191       310.0003   -344932.7253   -231628.8037       310.0586         -13305.1315        36.0904   1652619.2085        -0.1155        -0.0927

WRITING EXTENDED SYSTEM TO RESTART FILE AT STEP 90000
WRITING COORDINATES TO DCD FILE AT STEP 90000
WRITING COORDINATES TO RESTART FILE AT STEP 90000
FINISHED WRITING RESTART COORDINATES
WRITING VELOCITIES TO RESTART FILE AT STEP 90000
FINISHED WRITING RESTART VELOCITIES
LDB: ============= START OF LOAD BALANCING ============== 7572.06
LDB: ============== END OF LOAD BALANCING =============== 7572.06

LDB: ============= START OF LOAD BALANCING ============== 7580.47
LDB: TIME 7580.48 LOAD: AVG 7.20139 MAX 7.46727  PROXIES: TOTAL 568 MAXPE 25 MAXPATCH 4 None 1.31153
LDB: TIME 7580.49 LOAD: AVG 7.20139 MAX 7.46727  PROXIES: TOTAL 568 MAXPE 25 MAXPATCH 4 RefineTorusLB 1.31153
LDB: ============== END OF LOAD BALANCING =============== 7580.49

PRESSURE: 95000 -13507.8 -120.436 -72.4247 -118.643 -13385.3 54.977 -70.1151 118.579 -13250.4
GPRESSURE: 95000 -79.5121 -19.8341 -80.1215 -83.6152 16.0848 15.8689 -2.21054 -29.915 -29.8294
PRESSAVG: 95000 5.585 -3.83099 -10.1707 10.5721 9.63353 -7.91395 -7.25625 -11.0975 -0.543006
GPRESSAVG: 95000 5.60149 -3.90872 -10.225 10.6866 9.61303 -7.89736 -7.39351 -11.0959 -0.626982
TIMING: 95000  CPU: 6775.13, 0.0714517/step  Wall: 7786.94, 0.082024/step, 3.53159 hours remaining, 133.596771 MB of memory in use.
ENERGY:   95000      7953.1920     40113.0954     27674.5611       512.8370        -431955.5516     10628.1860       321.7431         0.0000    112794.3095        -231957.6275       309.3495   -344751.9369   -231649.2282       309.9239         -13381.1993       -31.0856   1649460.4387         4.8918         4.8625

WRITING EXTENDED SYSTEM TO RESTART FILE AT STEP 95000
WRITING COORDINATES TO DCD FILE AT STEP 95000
WRITING COORDINATES TO RESTART FILE AT STEP 95000
FINISHED WRITING RESTART COORDINATES
WRITING VELOCITIES TO RESTART FILE AT STEP 95000
FINISHED WRITING RESTART VELOCITIES
LDB: ============= START OF LOAD BALANCING ============== 7900.73
LDB: ============== END OF LOAD BALANCING =============== 7900.73

LDB: ============= START OF LOAD BALANCING ============== 7909.14
LDB: TIME 7909.14 LOAD: AVG 7.18848 MAX 7.35798  PROXIES: TOTAL 568 MAXPE 25 MAXPATCH 4 None 1.29856
LDB: TIME 7909.16 LOAD: AVG 7.18848 MAX 7.35798  PROXIES: TOTAL 568 MAXPE 25 MAXPATCH 4 RefineTorusLB 1.29856
LDB: ============== END OF LOAD BALANCING =============== 7909.16

PRESSURE: 100000 -13490 -29.7972 138.726 -23.6063 -13819.9 82.5688 172.945 103.85 -13289.4
GPRESSURE: 100000 -250.317 -10.479 116.645 35.6447 -425.395 98.8006 92.4548 104.976 -165.376
PRESSAVG: 100000 -1.00829 -11.6406 8.84848 -15.3008 8.77279 -13.9166 -16.909 -5.09868 0.709716
GPRESSAVG: 100000 -0.918167 -11.6476 8.83856 -15.2834 8.60828 -13.8803 -16.9209 -5.02598 0.710684
TIMING: 100000  CPU: 7133.09, 0.0715915/step  Wall: 8197.17, 0.0820456/step, 3.41857 hours remaining, 132.314758 MB of memory in use.
ETITLE:      TS           BOND          ANGLE          DIHED          IMPRP               ELECT            VDW       BOUNDARY           MISC        KINETIC               TOTAL           TEMP      POTENTIAL         TOTAL3        TEMPAVG            PRESSURE      GPRESSURE         VOLUME       PRESSAVG      GPRESSAVG

ENERGY:  100000      7811.6256     40112.8364     27544.8590       497.1956        -430915.4870     10517.6154       322.5985         0.0000    112634.6760        -231474.0806       308.9117   -344108.7566   -231190.3879       309.8051         -13533.1132      -280.3627   1656211.9304         2.8247         2.8003

WRITING EXTENDED SYSTEM TO RESTART FILE AT STEP 100000
WRITING COORDINATES TO DCD FILE AT STEP 100000
WRITING COORDINATES TO RESTART FILE AT STEP 100000
FINISHED WRITING RESTART COORDINATES
WRITING VELOCITIES TO RESTART FILE AT STEP 100000
FINISHED WRITING RESTART VELOCITIES
LDB: ============= START OF LOAD BALANCING ============== 8229.24
LDB: ============== END OF LOAD BALANCING =============== 8229.24

LDB: ============= START OF LOAD BALANCING ============== 8237.66
LDB: TIME 8237.67 LOAD: AVG 7.18983 MAX 7.47303  PROXIES: TOTAL 568 MAXPE 25 MAXPATCH 4 None 1.28673
LDB: TIME 8237.68 LOAD: AVG 7.18983 MAX 7.47303  PROXIES: TOTAL 568 MAXPE 25 MAXPATCH 4 RefineTorusLB 1.28673
LDB: ============== END OF LOAD BALANCING =============== 8237.68

LDB: ============= START OF LOAD BALANCING ============== 8558.09
LDB: ============== END OF LOAD BALANCING =============== 8558.09

LDB: ============= START OF LOAD BALANCING ============== 8566.53
LDB: TIME 8566.54 LOAD: AVG 7.20797 MAX 7.49632  PROXIES: TOTAL 568 MAXPE 25 MAXPATCH 4 None 1.30751
LDB: TIME 8566.55 LOAD: AVG 7.20797 MAX 7.49632  PROXIES: TOTAL 568 MAXPE 25 MAXPATCH 4 RefineTorusLB 1.30751
LDB: ============== END OF LOAD BALANCING =============== 8566.55

PRESSURE: 105000 -13126 40.2549 31.9367 10.5961 -13165.4 146.295 28.2056 132.34 -13352.5
GPRESSURE: 105000 247.916 109.552 56.4169 35.0487 253.291 118.236 43.0206 115.699 -50.5659
PRESSAVG: 105000 6.70317 15.4412 -3.65276 23.7295 -1.22988 -3.97811 6.68736 8.14689 -0.150488
GPRESSAVG: 105000 6.57462 15.9123 -3.53642 23.6782 -1.13826 -4.09529 6.79749 8.18803 -0.0687282
TIMING: 105000  CPU: 7491.5, 0.0716829/step  Wall: 8608.89, 0.0823449/step, 3.31667 hours remaining, 133.686646 MB of memory in use.
ENERGY:  105000      7930.9202     40267.2082     27586.6028       467.8981        -432666.7209     11480.2035       325.3375         0.0000    113112.2209        -231496.3298       310.2214   -344608.5506   -231214.2908       309.9708         -13214.6420       150.2138   1647941.1357         1.7743         1.7892

WRITING EXTENDED SYSTEM TO RESTART FILE AT STEP 105000
WRITING COORDINATES TO DCD FILE AT STEP 105000
WRITING COORDINATES TO RESTART FILE AT STEP 105000
FINISHED WRITING RESTART COORDINATES
WRITING VELOCITIES TO RESTART FILE AT STEP 105000
FINISHED WRITING RESTART VELOCITIES
LDB: ============= START OF LOAD BALANCING ============== 8888.02
LDB: ============== END OF LOAD BALANCING =============== 8888.02

LDB: ============= START OF LOAD BALANCING ============== 8896.36
LDB: TIME 8896.39 LOAD: AVG 7.18907 MAX 7.39554  PROXIES: TOTAL 568 MAXPE 25 MAXPATCH 4 None 1.2943
LDB: TIME 8896.41 LOAD: AVG 7.18907 MAX 7.39554  PROXIES: TOTAL 568 MAXPE 25 MAXPATCH 4 RefineTorusLB 1.2943
LDB: ============== END OF LOAD BALANCING =============== 8896.41

PRESSURE: 110000 -13216.1 -92.6377 -72.2174 -75.8661 -13341.4 35.4847 -4.75255 -0.0157576 -13333.3
GPRESSURE: 110000 24.286 -57.4925 -31.0432 -36.6982 66.4957 7.49181 33.8471 12.8688 3.61737
PRESSAVG: 110000 10.1125 -16.7319 -3.96759 -7.33586 -4.10373 25.0572 24.4224 24.8327 -3.38837
GPRESSAVG: 110000 10.0351 -17.124 -4.01675 -7.05449 -4.08664 24.9815 24.3111 24.7933 -3.48083
TIMING: 110000  CPU: 7850.88, 0.0718755/step  Wall: 9020.56, 0.0823345/step, 3.2019 hours remaining, 134.040375 MB of memory in use.
ENERGY:  110000      7916.9417     40254.0317     27462.1041       495.6064        -431761.2832     10955.8183       313.5056         0.0000    112410.7868        -231952.4887       308.2976   -344363.2755   -231667.5109       309.8969         -13296.9093        31.4664   1650465.6290         0.8735         0.8225

WRITING EXTENDED SYSTEM TO RESTART FILE AT STEP 110000
WRITING COORDINATES TO DCD FILE AT STEP 110000
WRITING COORDINATES TO RESTART FILE AT STEP 110000
FINISHED WRITING RESTART COORDINATES
WRITING VELOCITIES TO RESTART FILE AT STEP 110000
FINISHED WRITING RESTART VELOCITIES
LDB: ============= START OF LOAD BALANCING ============== 9216.2
LDB: ============== END OF LOAD BALANCING =============== 9216.2

LDB: ============= START OF LOAD BALANCING ============== 9224.65
LDB: TIME 9224.66 LOAD: AVG 7.21931 MAX 7.40254  PROXIES: TOTAL 568 MAXPE 25 MAXPATCH 4 None 1.3134
LDB: TIME 9224.67 LOAD: AVG 7.21931 MAX 7.40254  PROXIES: TOTAL 568 MAXPE 25 MAXPATCH 4 RefineTorusLB 1.3134
LDB: ============== END OF LOAD BALANCING =============== 9224.67

PRESSURE: 115000 -13210.6 3.9294 56.7791 27.0587 -13339.4 -84.6362 49.1125 -23.8646 -12921.9
GPRESSURE: 115000 93.8527 -15.4399 50.6943 61.6668 103.656 -60.3369 21.3069 0.0330165 218.67
PRESSAVG: 115000 -1.82587 -0.985225 13.4616 16.1744 -1.46281 38.1358 6.28424 22.6312 2.21158
GPRESSAVG: 115000 -1.72426 -1.13763 13.5527 16.0114 -1.54145 38.1292 6.43541 22.6963 2.14287
TIMING: 115000  CPU: 8208.44, 0.0715119/step  Wall: 9431.16, 0.08212/step, 3.0795 hours remaining, 133.008881 MB of memory in use.
ENERGY:  115000      7875.3033     40148.5874     27626.1201       517.4859        -431970.7595     11720.2394       326.2524         0.0000    112787.7736        -230968.9974       309.3315   -343756.7710   -230658.5823       309.7160         -13157.2663       138.7263   1653859.8871        -0.3590        -0.3743

WRITING EXTENDED SYSTEM TO RESTART FILE AT STEP 115000
WRITING COORDINATES TO DCD FILE AT STEP 115000
WRITING COORDINATES TO RESTART FILE AT STEP 115000
FINISHED WRITING RESTART COORDINATES
WRITING VELOCITIES TO RESTART FILE AT STEP 115000
FINISHED WRITING RESTART VELOCITIES
LDB: ============= START OF LOAD BALANCING ============== 9544.8
LDB: ============== END OF LOAD BALANCING =============== 9544.8

LDB: ============= START OF LOAD BALANCING ============== 9553.19
LDB: TIME 9553.22 LOAD: AVG 7.20519 MAX 7.41755  PROXIES: TOTAL 568 MAXPE 25 MAXPATCH 4 None 1.30603
LDB: TIME 9553.24 LOAD: AVG 7.20519 MAX 7.41755  PROXIES: TOTAL 568 MAXPE 25 MAXPATCH 4 RefineTorusLB 1.30603
LDB: ============== END OF LOAD BALANCING =============== 9553.24

WRITING COORDINATES TO DCD FILE AT STEP 120000
WRITING COORDINATES TO RESTART FILE AT STEP 120000
FINISHED WRITING RESTART COORDINATES
WRITING VELOCITIES TO RESTART FILE AT STEP 120000
FINISHED WRITING RESTART VELOCITIES
PRESSURE: 120000 -13548.6 -11.9918 0.264034 -4.78323 -13339.3 -17.9884 -27.558 22.051 -13497.9
GPRESSURE: 120000 -88.4699 35.0055 -19.5507 -58.1575 -129.997 32.6872 -18.3034 -9.60372 -224.675
PRESSAVG: 120000 1.84575 -10.5613 21.3191 9.65385 -3.09304 -3.38631 5.80091 2.55297 4.92166
GPRESSAVG: 120000 1.88559 -10.7156 21.5628 9.62288 -3.00125 -3.38828 5.79857 2.42475 4.98344
TIMING: 120000  CPU: 8567.2, 0.0717533/step  Wall: 9841.68, 0.0821039/step, 2.96486 hours remaining, 131.862946 MB of memory in use.
ENERGY:  120000      7997.8322     40153.1101     27531.3306       546.3238        -432274.7051     11286.0817       307.2831         0.0000    112672.0299        -231780.7137       309.0141   -344452.7436   -231485.6602       309.5876         -13461.9524      -147.7138   1654055.7332         1.2248         1.2893

WRITING EXTENDED SYSTEM TO RESTART FILE AT STEP 120000
LDB: ============= START OF LOAD BALANCING ============== 9873.34
LDB: ============== END OF LOAD BALANCING =============== 9873.34

LDB: ============= START OF LOAD BALANCING ============== 9881.76
LDB: TIME 9881.8 LOAD: AVG 7.1745 MAX 7.35031  PROXIES: TOTAL 568 MAXPE 25 MAXPATCH 4 None 1.2885
LDB: TIME 9881.81 LOAD: AVG 7.1745 MAX 7.35031  PROXIES: TOTAL 568 MAXPE 25 MAXPATCH 4 RefineTorusLB 1.2885
LDB: ============== END OF LOAD BALANCING =============== 9881.82

LDB: ============= START OF LOAD BALANCING ============== 10203.1
LDB: ============== END OF LOAD BALANCING =============== 10203.1

LDB: ============= START OF LOAD BALANCING ============== 10211.5
LDB: TIME 10211.5 LOAD: AVG 7.19888 MAX 7.30809  PROXIES: TOTAL 568 MAXPE 25 MAXPATCH 4 None 1.30008
LDB: TIME 10211.5 LOAD: AVG 7.19888 MAX 7.30809  PROXIES: TOTAL 568 MAXPE 25 MAXPATCH 4 RefineTorusLB 1.30008
LDB: ============== END OF LOAD BALANCING =============== 10211.5

PRESSURE: 125000 -13615.1 -13.2405 39.5424 11.5406 -13344.4 8.99665 -4.29818 15.1651 -13156.3
GPRESSURE: 125000 -168.189 -29.4271 3.8334 17.7457 16.4645 14.7919 -37.1203 67.5967 34.2316
PRESSAVG: 125000 -3.21595 -18.8359 9.74222 -2.35273 1.88723 4.95168 -23.3517 25.9158 3.90167
GPRESSAVG: 125000 -3.23421 -19.0166 9.6426 -2.28442 1.79004 4.7699 -23.17 25.9697 3.84173
TIMING: 125000  CPU: 8924.38, 0.0714345/step  Wall: 10254.1, 0.0824817/step, 2.86395 hours remaining, 132.128387 MB of memory in use.
ENERGY:  125000      7979.3382     39939.6815     27537.6863       517.8737        -432189.5308     11132.7486       312.0245         0.0000    112930.7555        -231839.4225       309.7237   -344770.1780   -231542.2410       309.7930         -13371.9295       -39.1644   1653878.3522         0.8576         0.7992

WRITING EXTENDED SYSTEM TO RESTART FILE AT STEP 125000
WRITING COORDINATES TO DCD FILE AT STEP 125000
WRITING COORDINATES TO RESTART FILE AT STEP 125000
FINISHED WRITING RESTART COORDINATES
WRITING VELOCITIES TO RESTART FILE AT STEP 125000
FINISHED WRITING RESTART VELOCITIES
LDB: ============= START OF LOAD BALANCING ============== 10532.6
LDB: ============== END OF LOAD BALANCING =============== 10532.6

LDB: ============= START OF LOAD BALANCING ============== 10541.1
LDB: TIME 10541.2 LOAD: AVG 7.18184 MAX 7.456  PROXIES: TOTAL 568 MAXPE 25 MAXPATCH 4 None 1.29125
LDB: TIME 10541.2 LOAD: AVG 7.18184 MAX 7.456  PROXIES: TOTAL 568 MAXPE 25 MAXPATCH 4 RefineTorusLB 1.29125
LDB: ============== END OF LOAD BALANCING =============== 10541.2

PRESSURE: 130000 -13291.7 45.1078 -236.986 -34.2716 -13481 138.441 -198.036 140.696 -13092.3
GPRESSURE: 130000 120.487 106.906 -154.342 -24.682 -86.115 54.3748 -42.0782 109.868 119.316
PRESSAVG: 130000 -5.81123 5.54968 -4.55007 15.0246 8.33865 -2.71506 -4.95582 25.0436 2.76318
GPRESSAVG: 130000 -5.87475 5.62069 -4.43195 14.8785 8.48302 -2.72415 -5.08878 24.8841 2.75068
TIMING: 130000  CPU: 9279.8, 0.0710844/step  Wall: 10665.5, 0.08228/step, 2.74267 hours remaining, 132.128235 MB of memory in use.
ENERGY:  130000      7868.1059     39963.5998     27541.7434       532.1384        -432047.6882     11138.1878       301.2081         0.0000    112154.7581        -232547.9467       307.5954   -344702.7048   -232249.4278       309.8879         -13288.3156        51.2293   1650753.4546         1.7635         1.7863

WRITING EXTENDED SYSTEM TO RESTART FILE AT STEP 130000
WRITING COORDINATES TO DCD FILE AT STEP 130000
WRITING COORDINATES TO RESTART FILE AT STEP 130000
FINISHED WRITING RESTART COORDINATES
WRITING VELOCITIES TO RESTART FILE AT STEP 130000
FINISHED WRITING RESTART VELOCITIES
LDB: ============= START OF LOAD BALANCING ============== 10862.2
LDB: ============== END OF LOAD BALANCING =============== 10862.2

LDB: ============= START OF LOAD BALANCING ============== 10870.7
LDB: TIME 10870.7 LOAD: AVG 7.19719 MAX 7.46513  PROXIES: TOTAL 568 MAXPE 25 MAXPATCH 4 None 1.2984
LDB: TIME 10870.8 LOAD: AVG 7.19719 MAX 7.46513  PROXIES: TOTAL 568 MAXPE 25 MAXPATCH 4 RefineTorusLB 1.2984
LDB: ============== END OF LOAD BALANCING =============== 10870.8

PRESSURE: 135000 -13368.9 -58.5005 -113.143 -37.9236 -13328.8 -15.7537 -79.394 9.60281 -13311
GPRESSURE: 135000 -81.5308 -29.6042 -92.5041 -14.5984 69.8194 -78.3331 -14.0037 7.53916 -56.9295
PRESSAVG: 135000 3.49972 23.6469 -18.8816 17.0338 -2.74371 -0.297684 -9.38641 0.184097 0.540492
GPRESSAVG: 135000 3.50195 23.6815 -18.7902 17.0468 -2.79623 -0.355982 -9.4965 0.241734 0.50162
TIMING: 135000  CPU: 9636.25, 0.0712904/step  Wall: 11076.5, 0.0821949/step, 2.62567 hours remaining, 134.454376 MB of memory in use.
ENERGY:  135000      8066.5698     40073.9566     27518.8532       489.0849        -431910.7514     11023.8470       320.4073         0.0000    112346.1669        -232071.8657       308.1204   -344418.0326   -231767.3976       309.7349         -13336.2354       -22.8803   1654922.3065         0.4322         0.4024

WRITING EXTENDED SYSTEM TO RESTART FILE AT STEP 135000
WRITING COORDINATES TO DCD FILE AT STEP 135000
WRITING COORDINATES TO RESTART FILE AT STEP 135000
FINISHED WRITING RESTART COORDINATES
WRITING VELOCITIES TO RESTART FILE AT STEP 135000
FINISHED WRITING RESTART VELOCITIES
LDB: ============= START OF LOAD BALANCING ============== 11190.3
LDB: ============== END OF LOAD BALANCING =============== 11190.3

LDB: ============= START OF LOAD BALANCING ============== 11198.8
LDB: TIME 11198.8 LOAD: AVG 7.21411 MAX 7.38619  PROXIES: TOTAL 568 MAXPE 25 MAXPATCH 4 None 1.31212
LDB: TIME 11198.8 LOAD: AVG 7.21411 MAX 7.38619  PROXIES: TOTAL 568 MAXPE 25 MAXPATCH 4 RefineTorusLB 1.31212
LDB: ============== END OF LOAD BALANCING =============== 11198.8

WRITING COORDINATES TO DCD FILE AT STEP 140000
WRITING COORDINATES TO RESTART FILE AT STEP 140000
FINISHED WRITING RESTART COORDINATES
PRESSURE: 140000 -13117.1 20.4456 -166.211 24.234 -13139.6 204.122 -169.834 115.973 -13030.3
GPRESSURE: 140000 204.612 50.8369 -69.6955 54.583 216.253 190.708 -202.712 44.2826 243.885
PRESSAVG: 140000 -10.9643 1.98624 0.788482 8.22409 17.6033 24.31 -11.4297 6.00263 5.51912
GPRESSAVG: 140000 -10.9543 1.79845 0.631749 8.48003 17.4445 24.2031 -11.5429 5.88663 5.51587
TIMING: 140000  CPU: 9992.08, 0.0711656/step  Wall: 11487.5, 0.0822154/step, 2.51214 hours remaining, 132.139130 MB of memory in use.
ENERGY:  140000      7941.8013     40102.6616     27485.3070       500.8415        -432630.7748     11952.2896       328.6574         0.0000    112916.0649        -231403.1515       309.6834   -344319.2164   -231092.0828       309.6497         -13095.6763       221.5835   1653579.3623         4.0527         4.0020

WRITING EXTENDED SYSTEM TO RESTART FILE AT STEP 140000
WRITING VELOCITIES TO RESTART FILE AT STEP 140000
FINISHED WRITING RESTART VELOCITIES
LDB: ============= START OF LOAD BALANCING ============== 11519.2
LDB: ============== END OF LOAD BALANCING =============== 11519.2

LDB: ============= START OF LOAD BALANCING ============== 11527.7
LDB: TIME 11527.7 LOAD: AVG 7.1783 MAX 7.32399  PROXIES: TOTAL 568 MAXPE 25 MAXPATCH 4 None 1.29301
LDB: TIME 11527.7 LOAD: AVG 7.1783 MAX 7.32399  PROXIES: TOTAL 568 MAXPE 25 MAXPATCH 4 RefineTorusLB 1.29301
LDB: ============== END OF LOAD BALANCING =============== 11527.7

LDB: ============= START OF LOAD BALANCING ============== 11847.5
LDB: ============== END OF LOAD BALANCING =============== 11847.5

LDB: ============= START OF LOAD BALANCING ============== 11855.7
LDB: TIME 11855.7 LOAD: AVG 7.18223 MAX 7.34455  PROXIES: TOTAL 568 MAXPE 25 MAXPATCH 4 None 1.28964
LDB: TIME 11855.8 LOAD: AVG 7.18223 MAX 7.34455  PROXIES: TOTAL 568 MAXPE 25 MAXPATCH 4 RefineTorusLB 1.28964
LDB: ============== END OF LOAD BALANCING =============== 11855.8

PRESSURE: 145000 -13419.6 -119.18 59.9524 -102.269 -13313.9 35.8696 121.075 -18.2104 -13231.5
GPRESSURE: 145000 -4.07819 -41.6851 55.3871 -30.4195 -0.758235 -39.2259 111.272 -97.1777 0.278213
PRESSAVG: 145000 -1.53322 5.77659 -3.90128 9.65568 0.108341 -8.21492 -6.66409 -3.41936 -3.80489
GPRESSAVG: 145000 -1.51416 5.77101 -3.85529 9.7355 0.193062 -8.0387 -6.49428 -3.386 -3.81544
TIMING: 145000  CPU: 10348.2, 0.0712164/step  Wall: 11897.7, 0.08203/step, 2.39254 hours remaining, 133.327271 MB of memory in use.
ENERGY:  145000      7982.2447     40153.9907     27518.8037       520.6739        -431920.2585     10840.2929       311.4993         0.0000    112349.6651        -232243.0882       308.1300   -344592.7534   -231951.8853       310.1637         -13321.6627        -1.5194   1651807.5294        -1.7433        -1.7122

WRITING EXTENDED SYSTEM TO RESTART FILE AT STEP 145000
WRITING COORDINATES TO DCD FILE AT STEP 145000
WRITING COORDINATES TO RESTART FILE AT STEP 145000
FINISHED WRITING RESTART COORDINATES
WRITING VELOCITIES TO RESTART FILE AT STEP 145000
FINISHED WRITING RESTART VELOCITIES
LDB: ============= START OF LOAD BALANCING ============== 12176.3
LDB: ============== END OF LOAD BALANCING =============== 12176.3

LDB: ============= START OF LOAD BALANCING ============== 12184.6
LDB: TIME 12184.6 LOAD: AVG 7.1965 MAX 7.40174  PROXIES: TOTAL 568 MAXPE 25 MAXPATCH 4 None 1.30681
LDB: TIME 12184.6 LOAD: AVG 7.1965 MAX 7.40174  PROXIES: TOTAL 568 MAXPE 25 MAXPATCH 4 RefineTorusLB 1.30681
LDB: ============== END OF LOAD BALANCING =============== 12184.6

PRESSURE: 150000 -13219.8 -138.141 -150.162 -165.044 -13339.6 73.767 -81.1448 43.3341 -13326.5
GPRESSURE: 150000 103.276 -58.2577 -151.32 -40.6021 44.5748 4.28999 10.8071 20.7924 13.8359
PRESSAVG: 150000 11.0636 19.2045 -31.7199 11.7657 -8.44352 -24.5626 -6.56346 -21.0373 4.18611
GPRESSAVG: 150000 11.1805 19.2977 -31.6776 11.7297 -8.50962 -24.5175 -6.50032 -21.0324 4.09613
TIMING: 150000  CPU: 10704.6, 0.0712976/step  Wall: 12308.8, 0.0822114/step, 2.28365 hours remaining, 132.901245 MB of memory in use.
ETITLE:      TS           BOND          ANGLE          DIHED          IMPRP               ELECT            VDW       BOUNDARY           MISC        KINETIC               TOTAL           TEMP      POTENTIAL         TOTAL3        TEMPAVG            PRESSURE      GPRESSURE         VOLUME       PRESSAVG      GPRESSAVG

ENERGY:  150000      7920.1837     39861.9891     27437.8609       469.3480        -432552.8003     11529.7456       292.9689         0.0000    112607.3036        -232433.4005       308.8366   -345040.7041   -232161.5251       309.6618         -13295.2928        53.8956   1652011.8472         2.2687         2.2557

WRITING EXTENDED SYSTEM TO RESTART FILE AT STEP 150000
WRITING COORDINATES TO DCD FILE AT STEP 150000
WRITING COORDINATES TO RESTART FILE AT STEP 150000
FINISHED WRITING RESTART COORDINATES
WRITING VELOCITIES TO RESTART FILE AT STEP 150000
FINISHED WRITING RESTART VELOCITIES
LDB: ============= START OF LOAD BALANCING ============== 12504.7
LDB: ============== END OF LOAD BALANCING =============== 12504.7

LDB: ============= START OF LOAD BALANCING ============== 12513.2
LDB: TIME 12513.2 LOAD: AVG 7.21006 MAX 7.47374  PROXIES: TOTAL 568 MAXPE 25 MAXPATCH 4 None 1.3054
LDB: TIME 12513.2 LOAD: AVG 7.21006 MAX 7.47374  PROXIES: TOTAL 568 MAXPE 25 MAXPATCH 4 RefineTorusLB 1.3054
LDB: ============== END OF LOAD BALANCING =============== 12513.2

WRITING COORDINATES TO DCD FILE AT STEP 155000
WRITING COORDINATES TO RESTART FILE AT STEP 155000
FINISHED WRITING RESTART COORDINATES
PRESSURE: 155000 -13375.2 166.434 67.3204 178.078 -13410.4 31.0466 50.5855 38.1907 -13269.1
GPRESSURE: 155000 -75.2201 91.6282 114.006 81.2776 5.55417 -29.5456 113.331 46.883 -74.1501
PRESSAVG: 155000 2.5489 37.9444 11.5545 30.4443 -6.74929 1.57495 5.24003 -14.6847 1.28158
GPRESSAVG: 155000 2.36165 38.0412 11.5161 30.3931 -6.66856 1.5855 5.04806 -14.7252 1.25611
TIMING: 155000  CPU: 11061.3, 0.0713394/step  Wall: 12720.3, 0.0823084/step, 2.17203 hours remaining, 132.121643 MB of memory in use.
ENERGY:  155000      7984.1177     40327.2157     27505.5682       497.1034        -432123.3935     11256.4359       321.0220         0.0000    112771.7428        -231460.1879       309.2876   -344231.9306   -231185.3197       309.8979         -13351.5626       -47.9387   1655189.2964        -0.9729        -1.0169

WRITING EXTENDED SYSTEM TO RESTART FILE AT STEP 155000
WRITING VELOCITIES TO RESTART FILE AT STEP 155000
FINISHED WRITING RESTART VELOCITIES
LDB: ============= START OF LOAD BALANCING ============== 12834.5
LDB: ============== END OF LOAD BALANCING =============== 12834.5

LDB: ============= START OF LOAD BALANCING ============== 12843
LDB: TIME 12843 LOAD: AVG 7.20263 MAX 7.44135  PROXIES: TOTAL 568 MAXPE 25 MAXPATCH 4 None 1.29878
LDB: TIME 12843 LOAD: AVG 7.20263 MAX 7.44135  PROXIES: TOTAL 568 MAXPE 25 MAXPATCH 4 RefineTorusLB 1.29878
LDB: ============== END OF LOAD BALANCING =============== 12843

PRESSURE: 160000 -13337.9 1.87824 -0.714417 -17.1826 -13342.3 211.572 -11.3146 188.496 -13344.3
GPRESSURE: 160000 61.4361 -65.3284 109.107 -15.5255 53.0498 148.766 -42.2421 70.1116 -200.016
PRESSAVG: 160000 -8.08008 10.6865 3.88376 8.8044 9.92983 16.7963 8.07542 1.04368 0.171864
GPRESSAVG: 160000 -8.10444 10.8212 3.75996 8.85109 9.72243 16.7035 8.1269 1.03618 0.14176
TIMING: 160000  CPU: 11418.6, 0.0714535/step  Wall: 13131.7, 0.0822757/step, 2.05689 hours remaining, 134.103943 MB of memory in use.
ENERGY:  160000      7849.4138     40321.3031     27514.1118       506.3715        -432070.2033     11299.5865       316.8501         0.0000    113096.1357        -231166.4308       310.1773   -344262.5665   -230896.9966       310.1889         -13341.4604       -28.5102   1655238.1862         0.6739         0.5866

WRITING EXTENDED SYSTEM TO RESTART FILE AT STEP 160000
WRITING COORDINATES TO DCD FILE AT STEP 160000
WRITING COORDINATES TO RESTART FILE AT STEP 160000
FINISHED WRITING RESTART COORDINATES
WRITING VELOCITIES TO RESTART FILE AT STEP 160000
FINISHED WRITING RESTART VELOCITIES
LDB: ============= START OF LOAD BALANCING ============== 13163.4
LDB: ============== END OF LOAD BALANCING =============== 13163.4

LDB: ============= START OF LOAD BALANCING ============== 13171.7
LDB: TIME 13171.7 LOAD: AVG 7.16809 MAX 7.413  PROXIES: TOTAL 568 MAXPE 25 MAXPATCH 4 None 1.28961
LDB: TIME 13171.7 LOAD: AVG 7.16809 MAX 7.413  PROXIES: TOTAL 568 MAXPE 25 MAXPATCH 4 RefineTorusLB 1.28961
LDB: ============== END OF LOAD BALANCING =============== 13171.7

LDB: ============= START OF LOAD BALANCING ============== 13492.3
LDB: ============== END OF LOAD BALANCING =============== 13492.3

LDB: ============= START OF LOAD BALANCING ============== 13500.7
LDB: TIME 13500.7 LOAD: AVG 7.20623 MAX 7.45516  PROXIES: TOTAL 568 MAXPE 25 MAXPATCH 4 None 1.3006
LDB: TIME 13500.8 LOAD: AVG 7.20623 MAX 7.45516  PROXIES: TOTAL 568 MAXPE 25 MAXPATCH 4 RefineTorusLB 1.3006
LDB: ============== END OF LOAD BALANCING =============== 13500.8

PRESSURE: 165000 -13493.7 -77.7422 -36.5229 -82.8283 -13253.8 -126.236 5.35568 -168.545 -13362.4
GPRESSURE: 165000 -58.0063 -172.595 -97.4427 -26.3734 13.7668 -87.8386 3.92108 -43.2773 -74.0546
PRESSAVG: 165000 -21.1621 -2.56964 0.507086 11.3813 17.1109 39.1267 -7.94974 -6.25512 2.39952
GPRESSAVG: 165000 -21.0952 -2.62362 0.501759 11.5725 17.0928 39.2596 -7.95464 -6.32215 2.28596
TIMING: 165000  CPU: 11775.2, 0.0713122/step  Wall: 13543.1, 0.082276/step, 1.94263 hours remaining, 133.389709 MB of memory in use.
ENERGY:  165000      7863.1425     40266.0563     27506.3703       528.1574        -432412.2579     11102.3887       302.6282         0.0000    112730.1838        -232113.3307       309.1736   -344843.5145   -231836.1955       309.5765         -13369.9585       -39.4313   1652048.9393        -0.5506        -0.5721

WRITING EXTENDED SYSTEM TO RESTART FILE AT STEP 165000
WRITING COORDINATES TO DCD FILE AT STEP 165000
WRITING COORDINATES TO RESTART FILE AT STEP 165000
FINISHED WRITING RESTART COORDINATES
WRITING VELOCITIES TO RESTART FILE AT STEP 165000
FINISHED WRITING RESTART VELOCITIES
LDB: ============= START OF LOAD BALANCING ============== 13821.2
LDB: ============== END OF LOAD BALANCING =============== 13821.2

LDB: ============= START OF LOAD BALANCING ============== 13829.7
LDB: TIME 13829.8 LOAD: AVG 7.20616 MAX 7.63636  PROXIES: TOTAL 568 MAXPE 25 MAXPATCH 4 None 1.30337
LDB: TIME 13829.8 LOAD: AVG 7.20616 MAX 7.5569  PROXIES: TOTAL 568 MAXPE 25 MAXPATCH 4 RefineTorusLB 1.30337
LDB: ============== END OF LOAD BALANCING =============== 13829.8

PRESSURE: 170000 -13365.1 49.3057 -132.821 131.6 -13383.2 -181.449 -142.162 -172.674 -13463.7
GPRESSURE: 170000 110.83 -41.7065 -128.335 -8.79842 -46.2093 -141.13 3.95343 -170.689 -312.075
PRESSAVG: 170000 -0.943191 1.09161 -24.4408 12.1075 3.11394 -14.4816 3.00359 -35.0257 -5.2463
GPRESSAVG: 170000 -0.975451 1.1744 -24.5265 12.1436 3.19272 -14.4745 3.04201 -34.9517 -5.40172
TIMING: 170000  CPU: 12132.5, 0.0714681/step  Wall: 13953.6, 0.0821012/step, 1.82447 hours remaining, 133.022980 MB of memory in use.
ENERGY:  170000      8079.2390     40205.1849     27604.4933       499.2378        -432163.7537     10846.3736       331.3247         0.0000    112291.7910        -232306.1093       307.9713   -344597.9003   -232023.2471       309.9004         -13403.9666       -82.4847   1653727.9182        -1.0252        -1.0615

WRITING EXTENDED SYSTEM TO RESTART FILE AT STEP 170000
WRITING COORDINATES TO DCD FILE AT STEP 170000
WRITING COORDINATES TO RESTART FILE AT STEP 170000
FINISHED WRITING RESTART COORDINATES
WRITING VELOCITIES TO RESTART FILE AT STEP 170000
FINISHED WRITING RESTART VELOCITIES
LDB: ============= START OF LOAD BALANCING ============== 14149.3
LDB: ============== END OF LOAD BALANCING =============== 14149.3

LDB: ============= START OF LOAD BALANCING ============== 14157.8
LDB: TIME 14157.8 LOAD: AVG 7.20173 MAX 7.59573  PROXIES: TOTAL 568 MAXPE 25 MAXPATCH 4 None 1.30698
LDB: TIME 14157.9 LOAD: AVG 7.20173 MAX 7.54761  PROXIES: TOTAL 568 MAXPE 25 MAXPATCH 4 RefineTorusLB 1.30698
LDB: ============== END OF LOAD BALANCING =============== 14157.9

PRESSURE: 175000 -13730 -89.6881 61.4385 -104.703 -13480.9 106.213 28.5131 110.073 -13244.4
GPRESSURE: 175000 -252.103 -28.3767 -53.8745 -76.0067 -181.573 41.654 32.322 43.9293 -148.385
PRESSAVG: 175000 -12.6175 5.51466 -25.3021 9.96467 14.1124 -3.90506 -27.6255 -20.9644 -2.99208
GPRESSAVG: 175000 -12.6737 5.67727 -25.2189 9.8516 14.0911 -3.90251 -27.777 -21.1242 -2.92922
TIMING: 175000  CPU: 12491, 0.0716913/step  Wall: 14363.6, 0.0820164/step, 1.70867 hours remaining, 133.004883 MB of memory in use.
ENERGY:  175000      8022.6432     40240.1077     27658.1034       512.6882        -431366.9527     10612.8660       304.1320         0.0000    112913.6218        -231102.7904       309.6767   -344016.4122   -230797.9535       309.8879         -13485.0702      -194.0205   1655241.0440        -0.4991        -0.5039

WRITING EXTENDED SYSTEM TO RESTART FILE AT STEP 175000
WRITING COORDINATES TO DCD FILE AT STEP 175000
WRITING COORDINATES TO RESTART FILE AT STEP 175000
FINISHED WRITING RESTART COORDINATES
WRITING VELOCITIES TO RESTART FILE AT STEP 175000
FINISHED WRITING RESTART VELOCITIES
LDB: ============= START OF LOAD BALANCING ============== 14478.2
LDB: ============== END OF LOAD BALANCING =============== 14478.2

LDB: ============= START OF LOAD BALANCING ============== 14486.5
LDB: TIME 14486.5 LOAD: AVG 7.17089 MAX 7.34422  PROXIES: TOTAL 568 MAXPE 25 MAXPATCH 4 None 1.28397
LDB: TIME 14486.5 LOAD: AVG 7.17089 MAX 7.34422  PROXIES: TOTAL 568 MAXPE 25 MAXPATCH 4 RefineTorusLB 1.28397
LDB: ============== END OF LOAD BALANCING =============== 14486.5

PRESSURE: 180000 -13209.5 83.0209 13.0158 77.4412 -13496.9 79.2997 38.1172 69.6188 -13239
GPRESSURE: 180000 139.55 47.769 -17.2322 -11.5101 -112.149 114.363 73.8754 35.7419 -83.3229
PRESSAVG: 180000 0.823246 5.57684 -25.1477 -2.27912 -3.96825 22.7572 -5.88493 -6.19478 0.356001
GPRESSAVG: 180000 0.756508 5.5903 -25.1449 -2.16934 -4.03479 22.9245 -5.86959 -6.26292 0.215093
TIMING: 180000  CPU: 12848.7, 0.0715365/step  Wall: 14774.1, 0.0821006/step, 1.5964 hours remaining, 132.978973 MB of memory in use.
ENERGY:  180000      7918.9450     40326.2219     27501.9142       496.9903        -431743.4092     11428.7549       320.3792         0.0000    112486.8753        -231263.3282       308.5063   -343750.2036   -230975.9512       309.6178         -13315.1299       -18.6407   1655409.8622        -0.9297        -1.0211

WRITING EXTENDED SYSTEM TO RESTART FILE AT STEP 180000
WRITING COORDINATES TO DCD FILE AT STEP 180000
WRITING COORDINATES TO RESTART FILE AT STEP 180000
FINISHED WRITING RESTART COORDINATES
WRITING VELOCITIES TO RESTART FILE AT STEP 180000
FINISHED WRITING RESTART VELOCITIES
LDB: ============= START OF LOAD BALANCING ============== 14805.9
LDB: ============== END OF LOAD BALANCING =============== 14805.9

LDB: ============= START OF LOAD BALANCING ============== 14814.4
LDB: TIME 14814.4 LOAD: AVG 7.20553 MAX 7.33941  PROXIES: TOTAL 568 MAXPE 25 MAXPATCH 4 None 1.30378
LDB: TIME 14814.4 LOAD: AVG 7.20553 MAX 7.33941  PROXIES: TOTAL 568 MAXPE 25 MAXPATCH 4 RefineTorusLB 1.30378
LDB: ============== END OF LOAD BALANCING =============== 14814.4

LDB: ============= START OF LOAD BALANCING ============== 15134.4
LDB: ============== END OF LOAD BALANCING =============== 15134.4

LDB: ============= START OF LOAD BALANCING ============== 15142.7
LDB: TIME 15142.7 LOAD: AVG 7.17123 MAX 7.35075  PROXIES: TOTAL 568 MAXPE 25 MAXPATCH 4 None 1.28221
LDB: TIME 15142.7 LOAD: AVG 7.17123 MAX 7.35075  PROXIES: TOTAL 568 MAXPE 25 MAXPATCH 4 RefineTorusLB 1.28221
LDB: ============== END OF LOAD BALANCING =============== 15142.7

WRITING COORDINATES TO DCD FILE AT STEP 185000
WRITING COORDINATES TO RESTART FILE AT STEP 185000
FINISHED WRITING RESTART COORDINATES
PRESSURE: 185000 -13198.7 36.6174 -157.468 48.2415 -13289.6 -176.959 -117.6 -155.704 -13516.1
GPRESSURE: 185000 191.686 79.4605 -120.619 131.498 -30.8285 -192.67 -113.978 -208.659 -159.826
PRESSAVG: 185000 -9.64584 -26.5412 26.1425 -12.0122 3.74094 -20.7386 26.8373 -21.7486 -1.84433
GPRESSAVG: 185000 -9.56278 -26.5884 26.1983 -11.8888 3.82325 -20.8849 27.1254 -21.7706 -1.75707
TIMING: 185000  CPU: 13205.7, 0.0714179/step  Wall: 15204, 0.0859694/step, 1.55223 hours remaining, 132.176086 MB of memory in use.
ENERGY:  185000      7950.5305     39936.6964     27442.0183       502.2533        -432093.8914     10908.1708       319.6364         0.0000    112388.0866        -232646.4992       308.2354   -345034.5858   -232337.6069       309.6453         -13334.7851         0.3436   1651583.6064        -2.5831        -2.4989

WRITING EXTENDED SYSTEM TO RESTART FILE AT STEP 185000
WRITING VELOCITIES TO RESTART FILE AT STEP 185000
FINISHED WRITING RESTART VELOCITIES
LDB: ============= START OF LOAD BALANCING ============== 15505.1
LDB: ============== END OF LOAD BALANCING =============== 15505.1

LDB: ============= START OF LOAD BALANCING ============== 15513.6
LDB: TIME 15513.7 LOAD: AVG 7.21887 MAX 7.49291  PROXIES: TOTAL 568 MAXPE 25 MAXPATCH 4 None 1.31026
LDB: TIME 15513.7 LOAD: AVG 7.21887 MAX 7.49291  PROXIES: TOTAL 568 MAXPE 25 MAXPATCH 4 RefineTorusLB 1.31026
LDB: ============== END OF LOAD BALANCING =============== 15513.7

PRESSURE: 190000 -13117.1 71.3877 -15.1694 59.0892 -13224.2 -81.814 -44.4396 -141.057 -13157.2
GPRESSURE: 190000 189.12 72.4068 -27.2247 -55.0824 273.272 -60.525 -44.3838 -181.706 60.1298
PRESSAVG: 190000 -16.4545 -4.48391 11.6346 -0.145324 29.2801 4.90016 17.6591 -26.1635 5.37673
GPRESSAVG: 190000 -16.472 -4.57448 11.5559 -0.0799776 29.414 4.94651 17.6829 -26.3891 5.46638
TIMING: 190000  CPU: 13564.2, 0.0716827/step  Wall: 15638.2, 0.0868502/step, 1.4475 hours remaining, 132.195709 MB of memory in use.
ENERGY:  190000      7933.0523     40268.3926     27552.3279       535.3296        -432094.6845     11204.2025       311.4452         0.0000    113217.4379        -231072.4964       310.5099   -344289.9343   -230809.9880       309.7520         -13166.1539       174.1737   1651205.5407         6.0674         6.1361

WRITING EXTENDED SYSTEM TO RESTART FILE AT STEP 190000
WRITING COORDINATES TO DCD FILE AT STEP 190000
WRITING COORDINATES TO RESTART FILE AT STEP 190000
FINISHED WRITING RESTART COORDINATES
WRITING VELOCITIES TO RESTART FILE AT STEP 190000
FINISHED WRITING RESTART VELOCITIES
LDB: ============= START OF LOAD BALANCING ============== 15900.3
LDB: ============== END OF LOAD BALANCING =============== 15900.3

LDB: ============= START OF LOAD BALANCING ============== 15908.8
LDB: TIME 15908.8 LOAD: AVG 7.21854 MAX 7.39866  PROXIES: TOTAL 568 MAXPE 25 MAXPATCH 4 None 1.29758
LDB: TIME 15908.8 LOAD: AVG 7.21854 MAX 7.39866  PROXIES: TOTAL 568 MAXPE 25 MAXPATCH 4 RefineTorusLB 1.29758
LDB: ============== END OF LOAD BALANCING =============== 15908.8

PRESSURE: 195000 -13214.4 48.8491 89.6209 60.5707 -13446.5 72.5283 97.0942 77.4101 -13405.7
GPRESSURE: 195000 127.665 60.1699 113.606 36.5029 -79.0088 112.958 130.927 97.2763 -181.934
PRESSAVG: 195000 7.25831 2.60127 -17.6319 -3.0731 15.4474 10.5796 2.03056 0.242175 -1.72132
GPRESSAVG: 195000 7.44367 2.67751 -17.562 -3.04221 15.4082 10.3222 2.03583 0.332693 -1.79173
TIMING: 195000  CPU: 13921.4, 0.0714485/step  Wall: 16114.8, 0.0953041/step, 1.45603 hours remaining, 134.037170 MB of memory in use.
ENERGY:  195000      7948.7719     40016.7035     27537.0376       513.6086        -431814.4770     11114.2941       303.7735         0.0000    113129.5057        -231250.7821       310.2688   -344380.2878   -230958.9161       309.8654         -13355.5443       -44.4261   1653694.9476         6.9948         7.0201

WRITING EXTENDED SYSTEM TO RESTART FILE AT STEP 195000
WRITING COORDINATES TO DCD FILE AT STEP 195000
WRITING COORDINATES TO RESTART FILE AT STEP 195000
FINISHED WRITING RESTART COORDINATES
WRITING VELOCITIES TO RESTART FILE AT STEP 195000
FINISHED WRITING RESTART VELOCITIES
LDB: ============= START OF LOAD BALANCING ============== 16228.8
LDB: ============== END OF LOAD BALANCING =============== 16228.8

LDB: ============= START OF LOAD BALANCING ============== 16237.2
LDB: TIME 16237.3 LOAD: AVG 7.19129 MAX 7.38592  PROXIES: TOTAL 568 MAXPE 25 MAXPATCH 4 None 1.29052
LDB: TIME 16237.3 LOAD: AVG 7.19129 MAX 7.38592  PROXIES: TOTAL 568 MAXPE 25 MAXPATCH 4 RefineTorusLB 1.29052
LDB: ============== END OF LOAD BALANCING =============== 16237.3

PRESSURE: 200000 -13466.7 66.208 -33.3176 83.984 -13397.7 88.4706 -30.8192 63.5634 -13056.3
GPRESSURE: 200000 -32.9471 0.856597 -45.4104 40.4471 -52.8961 85.0275 5.64732 6.82051 168.855
PRESSAVG: 200000 -11.6007 -26.0165 28.1375 -9.12684 7.07274 24.3076 7.8266 12.9789 5.95281
GPRESSAVG: 200000 -11.5532 -26.066 28.3113 -9.14527 7.03419 24.2512 7.93904 12.9501 5.89497
TIMING: 200000  CPU: 14277.4, 0.0712096/step  Wall: 16525.9, 0.0822349/step, 1.14215 hours remaining, 132.355316 MB of memory in use.
ETITLE:      TS           BOND          ANGLE          DIHED          IMPRP               ELECT            VDW       BOUNDARY           MISC        KINETIC               TOTAL           TEMP      POTENTIAL         TOTAL3        TEMPAVG            PRESSURE      GPRESSURE         VOLUME       PRESSAVG      GPRESSAVG

ENERGY:  200000      8078.0686     39882.1073     27500.3876       507.4473        -432131.5909     11258.2064       309.9155         0.0000    112565.6467        -232029.8115       308.7223   -344595.4582   -231737.0973       309.8434         -13306.9330        27.6705   1651807.5314         0.4750         0.4587

WRITING EXTENDED SYSTEM TO RESTART FILE AT STEP 200000
WRITING COORDINATES TO DCD FILE AT STEP 200000
WRITING COORDINATES TO RESTART FILE AT STEP 200000
FINISHED WRITING RESTART COORDINATES
WRITING VELOCITIES TO RESTART FILE AT STEP 200000
FINISHED WRITING RESTART VELOCITIES
LDB: ============= START OF LOAD BALANCING ============== 16557.8
LDB: ============== END OF LOAD BALANCING =============== 16557.8

LDB: ============= START OF LOAD BALANCING ============== 16566.1
LDB: TIME 16566.1 LOAD: AVG 7.19987 MAX 7.40812  PROXIES: TOTAL 568 MAXPE 25 MAXPATCH 4 None 1.30221
LDB: TIME 16566.1 LOAD: AVG 7.19987 MAX 7.40812  PROXIES: TOTAL 568 MAXPE 25 MAXPATCH 4 RefineTorusLB 1.30221
LDB: ============== END OF LOAD BALANCING =============== 16566.1

LDB: ============= START OF LOAD BALANCING ============== 16886
LDB: ============== END OF LOAD BALANCING =============== 16886

LDB: ============= START OF LOAD BALANCING ============== 16894.5
LDB: TIME 16894.6 LOAD: AVG 7.21337 MAX 7.59669  PROXIES: TOTAL 568 MAXPE 25 MAXPATCH 4 None 1.30263
LDB: TIME 16894.6 LOAD: AVG 7.21337 MAX 7.56751  PROXIES: TOTAL 568 MAXPE 25 MAXPATCH 4 RefineTorusLB 1.30263
LDB: ============== END OF LOAD BALANCING =============== 16894.6

PRESSURE: 205000 -13291.2 23.2705 31.0426 100.341 -13582.6 -11.7818 -18.7745 56.8007 -13028.5
GPRESSURE: 205000 72.573 56.857 40.9648 101.458 -198.202 17.1848 51.3454 81.0127 196.997
PRESSAVG: 205000 3.4673 -21.3698 1.35525 -12.3805 7.82723 34.4321 -7.20691 19.1779 5.04985
GPRESSAVG: 205000 3.46801 -21.3407 1.21238 -12.1955 7.94549 34.5258 -7.10072 19.1063 5.10849
TIMING: 205000  CPU: 14632.9, 0.0710854/step  Wall: 16937.1, 0.0822287/step, 1.02786 hours remaining, 134.073273 MB of memory in use.
ENERGY:  205000      8005.5473     40190.2951     27377.6802       503.0480        -432003.9344     11142.2795       321.2857         0.0000    112700.0375        -231763.7610       309.0909   -344463.7985   -231470.7700       309.7553         -13300.7704        23.7890   1651835.2519         5.4481         5.5073

WRITING EXTENDED SYSTEM TO RESTART FILE AT STEP 205000
WRITING COORDINATES TO DCD FILE AT STEP 205000
WRITING COORDINATES TO RESTART FILE AT STEP 205000
FINISHED WRITING RESTART COORDINATES
WRITING VELOCITIES TO RESTART FILE AT STEP 205000
FINISHED WRITING RESTART VELOCITIES
LDB: ============= START OF LOAD BALANCING ============== 17215.9
LDB: ============== END OF LOAD BALANCING =============== 17215.9

LDB: ============= START OF LOAD BALANCING ============== 17224.2
LDB: TIME 17224.3 LOAD: AVG 7.18676 MAX 7.40391  PROXIES: TOTAL 568 MAXPE 25 MAXPATCH 4 None 1.29857
LDB: TIME 17224.3 LOAD: AVG 7.18676 MAX 7.40391  PROXIES: TOTAL 568 MAXPE 25 MAXPATCH 4 RefineTorusLB 1.29857
LDB: ============== END OF LOAD BALANCING =============== 17224.3

PRESSURE: 210000 -13427.9 -136.483 -20.9586 -125.627 -13656.6 -32.7336 -97.249 -38.687 -12905.5
GPRESSURE: 210000 -57.0023 -89.2017 93.8198 12.6637 -246.734 19.7532 60.1001 17.4737 257.436
PRESSAVG: 210000 -13.2242 -10.7161 7.20337 1.37897 7.54641 -9.49678 14.1126 10.6223 0.507838
GPRESSAVG: 210000 -13.1549 -10.5361 7.22404 1.44939 7.64752 -9.74388 13.9966 10.6709 0.541804
TIMING: 210000  CPU: 14988.1, 0.0710384/step  Wall: 17348.1, 0.0822023/step, 0.913359 hours remaining, 132.633026 MB of memory in use.
ENERGY:  210000      8057.6927     40382.6168     27537.4195       498.9584        -432506.6320     11492.1556       322.8094         0.0000    112954.1011        -231260.8785       309.7877   -344214.9796   -230979.4111       310.2911         -13329.9832       -15.4333   1652800.6748        -1.7233        -1.6552

WRITING EXTENDED SYSTEM TO RESTART FILE AT STEP 210000
WRITING COORDINATES TO DCD FILE AT STEP 210000
WRITING COORDINATES TO RESTART FILE AT STEP 210000
FINISHED WRITING RESTART COORDINATES
WRITING VELOCITIES TO RESTART FILE AT STEP 210000
FINISHED WRITING RESTART VELOCITIES
LDB: ============= START OF LOAD BALANCING ============== 17544.3
LDB: ============== END OF LOAD BALANCING =============== 17544.3

LDB: ============= START OF LOAD BALANCING ============== 17552.7
LDB: TIME 17552.7 LOAD: AVG 7.19367 MAX 7.42186  PROXIES: TOTAL 568 MAXPE 25 MAXPATCH 4 None 1.29549
LDB: TIME 17552.7 LOAD: AVG 7.19367 MAX 7.42186  PROXIES: TOTAL 568 MAXPE 25 MAXPATCH 4 RefineTorusLB 1.29549
LDB: ============== END OF LOAD BALANCING =============== 17552.7

PRESSURE: 215000 -13459.6 129.855 -106.613 100.088 -13593.6 72.5934 -135.286 96.9145 -13159.9
GPRESSURE: 215000 -205.667 125.833 -85.5204 73.2944 -183.597 39.0787 -39.3221 33.9011 94.4381
PRESSAVG: 215000 -15.6039 -31.5753 12.0583 -8.28958 6.54082 26.3873 -6.73142 19.6734 -1.45209
GPRESSAVG: 215000 -15.755 -31.621 12.0472 -8.43612 6.57532 26.4222 -6.5605 19.8305 -1.33039
TIMING: 215000  CPU: 15344.8, 0.0713518/step  Wall: 17759.4, 0.0822713/step, 0.79986 hours remaining, 133.156036 MB of memory in use.
ENERGY:  215000      7982.5198     40213.6117     27438.5692       496.0476        -431901.7321     11026.0626       319.2781         0.0000    113046.6828        -231378.9603       310.0416   -344425.6430   -231082.0867       310.0295         -13404.3726       -98.2751   1654945.2115        -3.5050        -3.5033

WRITING EXTENDED SYSTEM TO RESTART FILE AT STEP 215000
WRITING COORDINATES TO DCD FILE AT STEP 215000
WRITING COORDINATES TO RESTART FILE AT STEP 215000
FINISHED WRITING RESTART COORDINATES
WRITING VELOCITIES TO RESTART FILE AT STEP 215000
FINISHED WRITING RESTART VELOCITIES
LDB: ============= START OF LOAD BALANCING ============== 17872.9
LDB: ============== END OF LOAD BALANCING =============== 17872.9

LDB: ============= START OF LOAD BALANCING ============== 17881.3
LDB: TIME 17881.4 LOAD: AVG 7.19904 MAX 7.40037  PROXIES: TOTAL 568 MAXPE 25 MAXPATCH 4 None 1.30652
LDB: TIME 17881.4 LOAD: AVG 7.19904 MAX 7.40037  PROXIES: TOTAL 568 MAXPE 25 MAXPATCH 4 RefineTorusLB 1.30652
LDB: ============== END OF LOAD BALANCING =============== 17881.4

WRITING COORDINATES TO DCD FILE AT STEP 220000
WRITING COORDINATES TO RESTART FILE AT STEP 220000
FINISHED WRITING RESTART COORDINATES
WRITING VELOCITIES TO RESTART FILE AT STEP 220000
FINISHED WRITING RESTART VELOCITIES
PRESSURE: 220000 -13259.2 69.2011 -72.6484 46.4532 -13420 93.17 -70.0213 31.0445 -13425.7
GPRESSURE: 220000 -4.10056 77.7436 -83.5781 49.0157 -30.7329 72.2953 -104.999 -68.9435 -111.556
PRESSAVG: 220000 4.76677 -15.5434 1.85773 -27.8979 -5.49947 -11.8963 -18.0215 -9.42691 6.79251
GPRESSAVG: 220000 4.78314 -15.5132 1.71365 -27.9735 -5.48547 -11.795 -18.0647 -9.45253 6.60785
TIMING: 220000  CPU: 15698.6, 0.0707528/step  Wall: 18170.2, 0.0821582/step, 0.684652 hours remaining, 131.933350 MB of memory in use.
ENERGY:  220000      7976.7584     40066.1146     27438.5167       520.8435        -431922.0834     10768.1747       292.9696         0.0000    112645.7528        -232212.9532       308.9420   -344858.7059   -231923.5328       309.8084         -13368.2972       -48.7965   1653994.9833         2.0199         1.9685

WRITING EXTENDED SYSTEM TO RESTART FILE AT STEP 220000
LDB: ============= START OF LOAD BALANCING ============== 18201.9
LDB: ============== END OF LOAD BALANCING =============== 18201.9

LDB: ============= START OF LOAD BALANCING ============== 18210.4
LDB: TIME 18210.4 LOAD: AVG 7.20454 MAX 7.475  PROXIES: TOTAL 568 MAXPE 25 MAXPATCH 4 None 1.295
LDB: TIME 18210.5 LOAD: AVG 7.20454 MAX 7.475  PROXIES: TOTAL 568 MAXPE 25 MAXPATCH 4 RefineTorusLB 1.295
LDB: ============== END OF LOAD BALANCING =============== 18210.5

LDB: ============= START OF LOAD BALANCING ============== 18529.7
LDB: ============== END OF LOAD BALANCING =============== 18529.7

LDB: ============= START OF LOAD BALANCING ============== 18538
LDB: TIME 18538 LOAD: AVG 7.19516 MAX 7.33069  PROXIES: TOTAL 568 MAXPE 25 MAXPATCH 4 None 1.29727
LDB: TIME 18538 LOAD: AVG 7.19516 MAX 7.33069  PROXIES: TOTAL 568 MAXPE 25 MAXPATCH 4 RefineTorusLB 1.29727
LDB: ============== END OF LOAD BALANCING =============== 18538.1

WRITING COORDINATES TO DCD FILE AT STEP 225000
WRITING COORDINATES TO RESTART FILE AT STEP 225000
FINISHED WRITING RESTART COORDINATES
PRESSURE: 225000 -13457 216.702 -97.5438 216.687 -13519 0.384889 -121.417 -17.469 -13172.1
GPRESSURE: 225000 -190.198 170.668 -83.7641 92.0162 -144.274 74.9595 -27.0593 -72.5533 53.2408
PRESSAVG: 225000 -15.9891 0.221332 17.5542 3.35661 20.615 -6.10338 8.09956 14.2319 8.15014
GPRESSAVG: 225000 -16.0997 0.307017 17.4867 3.30797 20.7209 -5.86421 8.04816 14.2417 8.0067
TIMING: 225000  CPU: 16051.9, 0.0706569/step  Wall: 18580.5, 0.0820435/step, 0.569747 hours remaining, 132.100067 MB of memory in use.
ENERGY:  225000      7996.4080     39977.8620     27471.7137       501.8330        -431280.3784     10744.9764       319.2796         0.0000    112740.9263        -231527.3792       309.2031   -344268.3056   -231205.6663       310.1514         -13382.6853       -93.7438   1653282.6066         4.2587         4.2093

WRITING EXTENDED SYSTEM TO RESTART FILE AT STEP 225000
WRITING VELOCITIES TO RESTART FILE AT STEP 225000
FINISHED WRITING RESTART VELOCITIES
LDB: ============= START OF LOAD BALANCING ============== 18857.5
LDB: ============== END OF LOAD BALANCING =============== 18857.5

LDB: ============= START OF LOAD BALANCING ============== 18865.9
LDB: TIME 18865.9 LOAD: AVG 7.18989 MAX 7.3402  PROXIES: TOTAL 568 MAXPE 25 MAXPATCH 4 None 1.29054
LDB: TIME 18866 LOAD: AVG 7.18989 MAX 7.3402  PROXIES: TOTAL 568 MAXPE 25 MAXPATCH 4 RefineTorusLB 1.29054
LDB: ============== END OF LOAD BALANCING =============== 18866

WRITING COORDINATES TO DCD FILE AT STEP 230000
WRITING COORDINATES TO RESTART FILE AT STEP 230000
FINISHED WRITING RESTART COORDINATES
PRESSURE: 230000 -13509.7 75.7639 59.9789 133.021 -13283.2 30.3686 7.81528 97.0935 -13292.5
GPRESSURE: 230000 -9.55448 -111.284 57.4564 6.86218 88.4113 -17.1495 14.4195 12.725 14.5507
PRESSAVG: 230000 -9.38471 -12.2479 -4.47661 -19.2715 -2.9713 2.39813 -15.3359 28.7134 -0.0939908
GPRESSAVG: 230000 -9.29689 -12.2873 -4.59147 -19.2871 -2.95053 2.32467 -15.3559 28.7851 -0.187458
TIMING: 230000  CPU: 16407.8, 0.0711866/step  Wall: 18990, 0.0819181/step, 0.455101 hours remaining, 132.359680 MB of memory in use.
ENERGY:  230000      7966.2148     40017.0004     27407.6618       494.8725        -432647.1306     10903.9825       326.3871         0.0000    112779.1314        -232751.8801       309.3078   -345531.0116   -232460.2322       309.6285         -13361.8071        31.1358   1647770.3329        -4.1500        -4.1450

WRITING EXTENDED SYSTEM TO RESTART FILE AT STEP 230000
WRITING VELOCITIES TO RESTART FILE AT STEP 230000
FINISHED WRITING RESTART VELOCITIES
LDB: ============= START OF LOAD BALANCING ============== 19186.3
LDB: ============== END OF LOAD BALANCING =============== 19186.3

LDB: ============= START OF LOAD BALANCING ============== 19194.6
LDB: TIME 19194.7 LOAD: AVG 7.20555 MAX 7.48241  PROXIES: TOTAL 568 MAXPE 25 MAXPATCH 4 None 1.29761
LDB: TIME 19194.7 LOAD: AVG 7.20555 MAX 7.48241  PROXIES: TOTAL 568 MAXPE 25 MAXPATCH 4 RefineTorusLB 1.29761
LDB: ============== END OF LOAD BALANCING =============== 19194.7

PRESSURE: 235000 -13381.8 162.031 -200.404 180.881 -13365.3 71.3436 -171.772 51.467 -13196
GPRESSURE: 235000 43.9104 192.356 -155.198 101.774 -13.7289 9.97764 -158.596 129.254 37.8406
PRESSAVG: 235000 1.62685 -2.63912 13.28 8.12924 -3.73918 6.30777 5.49275 2.11025 5.35571
GPRESSAVG: 235000 1.64573 -2.72312 13.3682 8.37205 -3.58957 6.36608 5.63175 2.01206 5.19435
TIMING: 235000  CPU: 16763, 0.071033/step  Wall: 19401.2, 0.0822247/step, 0.342603 hours remaining, 133.901520 MB of memory in use.
ENERGY:  235000      7925.0105     40259.9701     27456.4095       517.4037        -432381.4957     11352.0445       316.5811         0.0000    112904.5146        -231649.5618       309.6517   -344554.0764   -231352.7711       309.6875         -13314.3501        22.6740   1653239.4970         1.0811         1.0835

WRITING EXTENDED SYSTEM TO RESTART FILE AT STEP 235000
WRITING COORDINATES TO DCD FILE AT STEP 235000
WRITING COORDINATES TO RESTART FILE AT STEP 235000
FINISHED WRITING RESTART COORDINATES
WRITING VELOCITIES TO RESTART FILE AT STEP 235000
FINISHED WRITING RESTART VELOCITIES
LDB: ============= START OF LOAD BALANCING ============== 19515.6
LDB: ============== END OF LOAD BALANCING =============== 19515.6

LDB: ============= START OF LOAD BALANCING ============== 19524
LDB: TIME 19524 LOAD: AVG 7.19999 MAX 7.47327  PROXIES: TOTAL 568 MAXPE 25 MAXPATCH 4 None 1.29461
LDB: TIME 19524 LOAD: AVG 7.19999 MAX 7.47327  PROXIES: TOTAL 568 MAXPE 25 MAXPATCH 4 RefineTorusLB 1.29461
LDB: ============== END OF LOAD BALANCING =============== 19524

PRESSURE: 240000 -13515.8 169.667 -133.077 121.183 -13624.4 71.2308 -111.389 80.1297 -13289.5
GPRESSURE: 240000 -154.83 200.071 -93.128 75.3816 -183.026 19.8395 -37.1722 9.89261 -85.302
PRESSAVG: 240000 -11.6911 10.9931 -3.8875 -4.46337 10.9365 -32.5341 -15.9608 -26.8063 0.0529174
GPRESSAVG: 240000 -11.8034 11.0586 -4.15308 -4.44963 10.7997 -32.6145 -16.0661 -26.6952 0.0635345
TIMING: 240000  CPU: 17117.1, 0.0708332/step  Wall: 19812.3, 0.0822259/step, 0.228405 hours remaining, 134.593292 MB of memory in use.
ENERGY:  240000      8040.0295     40103.5192     27489.8143       519.3123        -432113.0976     11141.0551       319.3855         0.0000    112744.3510        -231755.6307       309.2125   -344499.9817   -231466.2978       309.9825         -13476.5693      -141.0525   1652579.3275        -0.2339        -0.3134

WRITING EXTENDED SYSTEM TO RESTART FILE AT STEP 240000
WRITING COORDINATES TO DCD FILE AT STEP 240000
WRITING COORDINATES TO RESTART FILE AT STEP 240000
FINISHED WRITING RESTART COORDINATES
WRITING VELOCITIES TO RESTART FILE AT STEP 240000
FINISHED WRITING RESTART VELOCITIES
LDB: ============= START OF LOAD BALANCING ============== 19844.2
LDB: ============== END OF LOAD BALANCING =============== 19844.2

LDB: ============= START OF LOAD BALANCING ============== 19852.6
LDB: TIME 19852.6 LOAD: AVG 7.22239 MAX 7.47187  PROXIES: TOTAL 568 MAXPE 25 MAXPATCH 4 None 1.31282
LDB: TIME 19852.6 LOAD: AVG 7.22239 MAX 7.47187  PROXIES: TOTAL 568 MAXPE 25 MAXPATCH 4 RefineTorusLB 1.31282
LDB: ============== END OF LOAD BALANCING =============== 19852.6

LDB: ============= START OF LOAD BALANCING ============== 20172.2
LDB: ============== END OF LOAD BALANCING =============== 20172.2

LDB: ============= START OF LOAD BALANCING ============== 20180.6
LDB: TIME 20180.7 LOAD: AVG 7.2071 MAX 7.44685  PROXIES: TOTAL 568 MAXPE 25 MAXPATCH 4 None 1.2937
LDB: TIME 20180.7 LOAD: AVG 7.2071 MAX 7.44685  PROXIES: TOTAL 568 MAXPE 25 MAXPATCH 4 RefineTorusLB 1.2937
LDB: ============== END OF LOAD BALANCING =============== 20180.7

PRESSURE: 245000 -13389.3 36.303 -2.89925 39.1055 -13321.6 33.6292 -2.89589 14.8194 -13438
GPRESSURE: 245000 28.5771 -3.48833 -4.21374 91.5417 -54.2325 -13.8913 -2.63956 -2.14204 -100.958
PRESSAVG: 245000 3.61118 19.1076 7.78204 18.972 -7.42212 -7.36717 7.0524 1.52741 4.25121
GPRESSAVG: 245000 3.61739 19.1078 7.67443 18.8452 -7.31258 -7.41396 7.13162 1.44929 4.15901
TIMING: 245000  CPU: 17473.8, 0.0713404/step  Wall: 20222.8, 0.0821053/step, 0.114035 hours remaining, 134.663422 MB of memory in use.
ENERGY:  245000      8002.2882     40216.2497     27493.2581       506.3531        -432218.7760     11025.6912       306.2403         0.0000    112652.2465        -232016.4489       308.9599   -344668.6954   -231708.5901       309.7353         -13382.9664       -42.2045   1652245.2827         0.1468         0.1546

WRITING EXTENDED SYSTEM TO RESTART FILE AT STEP 245000
WRITING COORDINATES TO DCD FILE AT STEP 245000
WRITING COORDINATES TO RESTART FILE AT STEP 245000
FINISHED WRITING RESTART COORDINATES
WRITING VELOCITIES TO RESTART FILE AT STEP 245000
FINISHED WRITING RESTART VELOCITIES
LDB: ============= START OF LOAD BALANCING ============== 20500.5
LDB: ============== END OF LOAD BALANCING =============== 20500.5

LDB: ============= START OF LOAD BALANCING ============== 20508.8
LDB: TIME 20508.9 LOAD: AVG 7.2013 MAX 7.48096  PROXIES: TOTAL 568 MAXPE 25 MAXPATCH 4 None 1.30128
LDB: TIME 20508.9 LOAD: AVG 7.2013 MAX 7.48096  PROXIES: TOTAL 568 MAXPE 25 MAXPATCH 4 RefineTorusLB 1.30128
LDB: ============== END OF LOAD BALANCING =============== 20508.9

PRESSURE: 250000 -13576.3 -75.1904 -5.43526 -97.8746 -13414.2 17.1418 29.7588 16.5254 -13377.5
GPRESSURE: 250000 -108.62 -18.8271 24.2435 -23.9779 -44.6451 -22.5196 -26.1727 53.0353 -131.166
PRESSAVG: 250000 0.579651 9.37784 5.65445 1.30902 1.30963 -25.1878 -3.52397 -17.6534 1.36037
GPRESSAVG: 250000 0.545281 9.45044 5.77752 1.3196 1.24215 -25.0051 -3.56629 -17.7773 1.33958
TIMING: 250000  CPU: 17832.1, 0.0716521/step  Wall: 20633.2, 0.0820767/step, 0 hours remaining, 132.453735 MB of memory in use.
ETITLE:      TS           BOND          ANGLE          DIHED          IMPRP               ELECT            VDW       BOUNDARY           MISC        KINETIC               TOTAL           TEMP      POTENTIAL         TOTAL3        TEMPAVG            PRESSURE      GPRESSURE         VOLUME       PRESSAVG      GPRESSAVG

ENERGY:  250000      8001.7743     40250.4990     27529.2653       509.2228        -432102.8247     10957.5062       311.7999         0.0000    112685.8785        -231856.8786       309.0521   -344542.7572   -231584.2446       309.8507         -13455.9938       -94.8103   1650926.1434         1.0832         1.0423

WRITING EXTENDED SYSTEM TO RESTART FILE AT STEP 250000
WRITING COORDINATES TO DCD FILE AT STEP 250000
WRITING COORDINATES TO RESTART FILE AT STEP 250000
FINISHED WRITING RESTART COORDINATES
WRITING VELOCITIES TO RESTART FILE AT STEP 250000
FINISHED WRITING RESTART VELOCITIES
WRITING EXTENDED SYSTEM TO OUTPUT FILE AT STEP 250000
CLOSING EXTENDED SYSTEM TRAJECTORY FILE
WRITING COORDINATES TO OUTPUT FILE AT STEP 250000
CLOSING COORDINATE DCD FILE
WRITING VELOCITIES TO OUTPUT FILE AT STEP 250000
====================================================

WallClock: 20641.869141  CPUTime: 17838.607422  Memory: 131.013062 MB
