Charm++> Running on MPI version: 2.1 multi-thread support: MPI_THREAD_SINGLE (max supported: MPI_THREAD_SINGLE)
Warning> Randomization of stack pointer is turned on in kernel, thread migration may not work! Run 'echo 0 > /proc/sys/kernel/randomize_va_space' as root to disable it, or try run with '+isomalloc_sync'.  
Charm++> Running on 16 unique compute nodes (8-way SMP).
Charm++> cpu topology info is gathered in 0.157 seconds.
Info: NAMD 2.8 for Linux-x86_64-MPI
Info: 
Info: Please visit http://www.ks.uiuc.edu/Research/namd/
Info: for updates, documentation, and support information.
Info: 
Info: Please cite Phillips et al., J. Comp. Chem. 26:1781-1802 (2005)
Info: in all publications reporting results obtained with NAMD.
Info: 
Info: Based on Charm++/Converse 60303 for mpi-linux-x86_64-gfortran-gcc
Info: Built Tue Jun 21 09:25:54 PDT 2011 by zz217 on cvrsvc03
Info: 1 NAMD  2.8  Linux-x86_64-MPI  128    c1265  jmedina
Info: Running on 128 processors, 128 nodes, 16 physical nodes.
Info: CPU topology information available.
Info: Charm++/Converse parallel runtime startup completed at 0.18156 s
Info: 194.879 MB of memory in use based on /proc/self/stat
Info: Configuration file is rho_production_08.in
Info: Working in the current directory /global/u2/j/jmedina/Pathrover/2jln/phase3
TCL: Suspending until startup complete.
Info: EXTENDED SYSTEM FILE   ../phase3/dat_phase3_07.restart.xsc
Info: SIMULATION PARAMETERS:
Info: TIMESTEP               2
Info: NUMBER OF STEPS        0
Info: STEPS PER CYCLE        12
Info: PERIODIC CELL BASIS 1  124.655 0 0
Info: PERIODIC CELL BASIS 2  0 125.771 0
Info: PERIODIC CELL BASIS 3  0 0 108.266
Info: PERIODIC CELL CENTER   -0.405 0.185 1.712
Info: WRAPPING ALL CLUSTERS AROUND PERIODIC BOUNDARIES ON OUTPUT.
Info: LOAD BALANCER  Centralized
Info: LOAD BALANCING STRATEGY  New Load Balancers -- DEFAULT
Info: LDB PERIOD             2400 steps
Info: FIRST LDB TIMESTEP     60
Info: LAST LDB TIMESTEP     -1
Info: LDB BACKGROUND SCALING 1
Info: HOM BACKGROUND SCALING 1
Info: PME BACKGROUND SCALING 1
Info: REMOVING PATCHES FROM PROCESSOR 0
Info: MIN ATOMS PER PATCH    40
Info: VELOCITY FILE          ../phase2b/dat_phase2b3.vel
Info: CENTER OF MASS MOVING INITIALLY? NO
Info: DIELECTRIC             1
Info: EXCLUDE                SCALED ONE-FOUR
Info: 1-4 ELECTROSTATICS SCALED BY 1
Info: MODIFIED 1-4 VDW PARAMETERS WILL BE USED
Info: DCD FILENAME           ./dat_phase3_08.dcd
Info: DCD FREQUENCY          10000
Info: DCD FIRST STEP         10000
Info: DCD FILE WILL CONTAIN UNIT CELL DATA
Info: XST FILENAME           ./dat_phase3_08.xst
Info: XST FREQUENCY          10000
Info: NO VELOCITY DCD OUTPUT
Info: NO FORCE DCD OUTPUT
Info: OUTPUT FILENAME        ./dat_phase3_08
Info: RESTART FILENAME       ./dat_phase3_08.restart
Info: RESTART FREQUENCY      10000
Info: BINARY RESTART FILES WILL BE USED
Info: SWITCHING ACTIVE
Info: SWITCHING ON           10
Info: SWITCHING OFF          12
Info: PAIRLIST DISTANCE      13.5
Info: PAIRLIST SHRINK RATE   0.01
Info: PAIRLIST GROW RATE     0.01
Info: PAIRLIST TRIGGER       0.3
Info: PAIRLISTS PER CYCLE    2
Info: PAIRLISTS ENABLED
Info: MARGIN                 1.5
Info: HYDROGEN GROUP CUTOFF  2.5
Info: PATCH DIMENSION        17.5
Info: ENERGY OUTPUT STEPS    30000
Info: CROSSTERM ENERGY INCLUDED IN DIHEDRAL
Info: TIMING OUTPUT STEPS    10000
Info: PRESSURE OUTPUT STEPS  10000
Info: LANGEVIN DYNAMICS ACTIVE
Info: LANGEVIN TEMPERATURE   310
Info: LANGEVIN DAMPING COEFFICIENT IS 5 INVERSE PS
Info: LANGEVIN DYNAMICS NOT APPLIED TO HYDROGENS
Info: LANGEVIN PISTON PRESSURE CONTROL ACTIVE
Info:        TARGET PRESSURE IS 1.01325 BAR
Info:     OSCILLATION PERIOD IS 200 FS
Info:             DECAY TIME IS 50 FS
Info:     PISTON TEMPERATURE IS 310 K
Info:       PRESSURE CONTROL IS GROUP-BASED
Info:    INITIAL STRAIN RATE IS 5.97075e-06 5.97075e-06 -1.11129e-05
Info:       CELL FLUCTUATION IS ANISOTROPIC
Info:     SHAPE OF CELL IS CONSTRAINED IN X-Y PLANE
Info: PARTICLE MESH EWALD (PME) ACTIVE
Info: PME TOLERANCE               1e-06
Info: PME EWALD COEFFICIENT       0.257952
Info: PME INTERPOLATION ORDER     4
Info: PME GRID DIMENSIONS         128 128 112
Info: PME MAXIMUM GRID SPACING    1
Info: Attempting to read FFTW data from FFTW_NAMD_2.8_Linux-x86_64-MPI.txt
Info: Optimizing 6 FFT steps.  1... 2... 3... 4... 5... 6...   Done.
Info: Writing FFTW data to FFTW_NAMD_2.8_Linux-x86_64-MPI.txt
Info: FULL ELECTROSTATIC EVALUATION FREQUENCY      3
Info: USING VERLET I (r-RESPA) MTS SCHEME.
Info: C1 SPLITTING OF LONG RANGE ELECTROSTATICS
Info: PLACING ATOMS IN PATCHES BY HYDROGEN GROUPS
Info: RIGID BONDS TO HYDROGEN : ALL
Info:         ERROR TOLERANCE : 1e-08
Info:          MAX ITERATIONS : 100
Info: RIGID WATER USING SETTLE ALGORITHM
Info: RANDOM NUMBER SEED     1406231911
Info: USE HYDROGEN BONDS?    NO
Info: COORDINATE PDB         ../phase2b/dat_phase2b3.coor
Info: STRUCTURE FILE         ../common/ionized.psf
Info: PARAMETER file: CHARMM format! 
Info: PARAMETERS             ../common/parameters_all.prm
Info: USING ARITHMETIC MEAN TO COMBINE L-J SIGMA PARAMETERS
Info: BINARY COORDINATES     ../phase3/dat_phase3_07.restart.coor
Info: SUMMARY OF PARAMETERS:
Info: 231 BONDS
Info: 615 ANGLES
Info: 936 DIHEDRAL
Info: 55 IMPROPER
Info: 6 CROSSTERM
Info: 152 VDW
Info: 0 VDW_PAIRS
Info: 0 NBTHOLE_PAIRS
Info: TIME FOR READING PSF FILE: 3.45866
Command = zcat ../phase2b/dat_phase2b3.coor.Z
Filename.Z = ../phase2b/dat_phase2b3.coor.Z
Command = gzip -d -c ../phase2b/dat_phase2b3.coor.gz
Filename.gz = ../phase2b/dat_phase2b3.coor.gz
FATAL ERROR: Cannot open file '../phase2b/dat_phase2b3.coor' for input in PDB::PDB.: No such file or directory
------------- Processor 0 Exiting: Called CmiAbort ------------
Reason: FATAL ERROR: Cannot open file '../phase2b/dat_phase2b3.coor' for input in PDB::PDB.: No such file or directory

[0] Stack Traceback:
  [0:0] CmiAbort+0x59  [0xa6e3c3]
  [0:1] _Z8NAMD_errPKc+0x81  [0x4fdfe1]
  [0:2] _ZN3PDBC1EPKc+0x26f  [0x916d1f]
  [0:3] _ZN9NamdState14configListInitEP10ConfigList+0x1719  [0x8db009]
  [0:4] _ZN9ScriptTcl9initcheckEv+0x62  [0x942162]
  [0:5] _ZN9ScriptTcl7Tcl_runEPvP10Tcl_InterpiPPc+0x28  [0x943a28]
  [0:6] TclInvokeStringCommand+0x69  [0x2abb83472589]
  [0:7] TclEvalObjvInternal+0x2f3  [0x2abb83473c73]
  [0:8] Tcl_EvalEx+0x38b  [0x2abb8347416b]
  [0:9] Tcl_FSEvalFile+0x217  [0x2abb834b7167]
  [0:10] Tcl_EvalFile+0x2f  [0x2abb834b724f]
  [0:11] _ZN9ScriptTcl4loadEPc+0x1a  [0x9412fa]
  [0:12] _Z18after_backend_initiPPc+0x23a  [0x50097a]
  [0:13] main+0x22  [0x500c82]
  [0:14] __libc_start_main+0xf4  [0x2abb842a1994]
  [0:15] _ZNSt8ios_base4InitD1Ev+0x51  [0x4fd319]
--------------------------------------------------------------------------
MPI_ABORT was invoked on rank 1 in communicator MPI_COMM_WORLD 
with errorcode 1.

NOTE: invoking MPI_ABORT causes Open MPI to kill all MPI processes.
You may or may not see output from other processes, depending on
exactly when Open MPI kills them.
--------------------------------------------------------------------------
--------------------------------------------------------------------------
mpirun has exited due to process rank 114 with PID 23385 on
node c0734-ib exiting without calling "finalize". This may
have caused other processes in the application to be
terminated by signals sent by mpirun (as reported here).
--------------------------------------------------------------------------
[c1265:25993] 127 more processes have sent help message help-mpi-api.txt / mpi-abort
[c1265:25993] Set MCA parameter "orte_base_help_aggregate" to 0 to see all help / error messages
