6798: Mon May  5 21:47:43 EDT 2014: Entering /tmp/24921.1.standard.q/ssh with args node062.pug.mib.pbtech -l jam2079 /bin/sh -f
6786: Mon May  5 21:47:43 EDT 2014: Entering /tmp/24921.1.standard.q/ssh with args node062.pug.mib.pbtech -l jam2079 /bin/sh -f
6781: Mon May  5 21:47:43 EDT 2014: Entering /tmp/24921.1.standard.q/ssh with args node034.pug.mib.pbtech -l jam2079 /bin/sh -f
6799: Mon May  5 21:47:43 EDT 2014: Entering /tmp/24921.1.standard.q/ssh with args node034.pug.mib.pbtech -l jam2079 /bin/sh -f
6792: Mon May  5 21:47:43 EDT 2014: Entering /tmp/24921.1.standard.q/ssh with args node062.pug.mib.pbtech -l jam2079 /bin/sh -f
6795: Mon May  5 21:47:43 EDT 2014: Entering /tmp/24921.1.standard.q/ssh with args node034.pug.mib.pbtech -l jam2079 /bin/sh -f
6784: Mon May  5 21:47:43 EDT 2014: Entering /tmp/24921.1.standard.q/ssh with args node062.pug.mib.pbtech -l jam2079 /bin/sh -f
6787: Mon May  5 21:47:43 EDT 2014: Exiting /tmp/24921.1.standard.q/ssh
6795: Mon May  5 21:47:43 EDT 2014: Exiting /tmp/24921.1.standard.q/ssh
6789: Mon May  5 21:47:43 EDT 2014: Exiting /tmp/24921.1.standard.q/ssh
6790: Mon May  5 21:47:44 EDT 2014: Exiting /tmp/24921.1.standard.q/ssh
6788: Mon May  5 21:47:45 EDT 2014: Exiting /tmp/24921.1.standard.q/ssh
6798: Mon May  5 21:47:46 EDT 2014: Exiting /tmp/24921.1.standard.q/ssh
6784: Mon May  5 21:47:46 EDT 2014: Exiting /tmp/24921.1.standard.q/ssh
6794: Mon May  5 21:47:47 EDT 2014: Exiting /tmp/24921.1.standard.q/ssh
6780: Mon May  5 21:47:48 EDT 2014: Exiting /tmp/24921.1.standard.q/ssh
6782: Mon May  5 21:47:48 EDT 2014: Exiting /tmp/24921.1.standard.q/ssh
6800: Mon May  5 21:47:48 EDT 2014: Exiting /tmp/24921.1.standard.q/ssh
6797: Mon May  5 21:47:49 EDT 2014: Exiting /tmp/24921.1.standard.q/ssh
6793: Mon May  5 21:47:50 EDT 2014: Exiting /tmp/24921.1.standard.q/ssh
6802: Mon May  5 21:47:51 EDT 2014: Exiting /tmp/24921.1.standard.q/ssh
6786: Mon May  5 21:47:53 EDT 2014: Exiting /tmp/24921.1.standard.q/ssh
6796: Mon May  5 21:47:53 EDT 2014: Exiting /tmp/24921.1.standard.q/ssh
6791: Mon May  5 21:47:53 EDT 2014: Exiting /tmp/24921.1.standard.q/ssh
6801: Mon May  5 21:47:53 EDT 2014: Exiting /tmp/24921.1.standard.q/ssh
6799: Mon May  5 21:47:56 EDT 2014: Exiting /tmp/24921.1.standard.q/ssh
6803: Mon May  5 21:47:56 EDT 2014: Exiting /tmp/24921.1.standard.q/ssh
6785: Mon May  5 21:48:00 EDT 2014: Exiting /tmp/24921.1.standard.q/ssh
6781: Mon May  5 21:48:02 EDT 2014: Exiting /tmp/24921.1.standard.q/ssh
6792: Mon May  5 21:48:04 EDT 2014: Exiting /tmp/24921.1.standard.q/ssh
6783: Mon May  5 21:48:06 EDT 2014: Exiting /tmp/24921.1.standard.q/ssh
Warning> Randomization of stack pointer is turned on in kernel.
Charm++> synchronizing isomalloc memory region...
[0] consolidated Isomalloc memory region: 0x2bab00000000 - 0x7ffb00000000 (88408064 megs)
Charm++: scheduler running in netpoll mode.
Charm++> Running on 2 unique compute nodes (12-way SMP).
Charm++> Cpu topology info:
PE to node map: 0 1 0 1 0 1 0 1 0 1 0 1 0 1 0 1 0 1 0 1 0 1 0 1 
Node to PE map:
Chip #0: 0 2 4 6 8 10 12 14 16 18 20 22 
Chip #1: 1 3 5 7 9 11 13 15 17 19 21 23 
Charm++> cpu topology info is gathered in 0.007 seconds.
Info: NAMD 2.7 for Linux-x86_64
Info: 
Info: Please visit http://www.ks.uiuc.edu/Research/namd/
Info: and send feedback or bug reports to namd@ks.uiuc.edu
Info: 
Info: Please cite Phillips et al., J. Comp. Chem. 26:1781-1802 (2005)
Info: in all publications reporting results obtained with NAMD.
Info: 
Info: Based on Charm++/Converse 60202 for net-linux-x86_64
Info: Built Fri Jun 17 11:23:43 EDT 2011 by jason on node026.pug.pbtech
Info: 1 NAMD  2.7  Linux-x86_64  24    node062.pug.pbtech  jam2079
Info: Running on 24 processors.
Info: CPU topology information available.
Info: Charm++/Converse parallel runtime startup completed at 0.179587 s
Info: 1.64034 MB of memory in use based on CmiMemoryUsage
Info: Changed directory to phase2a
Info: Configuration file is rho_equil_phase2a2.np.in
TCL: Suspending until startup complete.
Info: EXTENDED SYSTEM FILE   /home/jam2079/Pathrover/2x79/phase2a/dat_equil_phase2a1.restart.xsc
Info: SIMULATION PARAMETERS:
Info: TIMESTEP               1
Info: NUMBER OF STEPS        0
Info: STEPS PER CYCLE        20
Info: PERIODIC CELL BASIS 1  125.978 0 0
Info: PERIODIC CELL BASIS 2  0 127.106 0
Info: PERIODIC CELL BASIS 3  0 0 106.715
Info: PERIODIC CELL CENTER   -0.424 0.217 0.822
Info: WRAPPING ALL CLUSTERS AROUND PERIODIC BOUNDARIES ON OUTPUT.
Info: LOAD BALANCER  Centralized
Info: LOAD BALANCING STRATEGY  New Load Balancers -- ASB
Info: LDB PERIOD             4000 steps
Info: FIRST LDB TIMESTEP     100
Info: LAST LDB TIMESTEP     -1
Info: LDB BACKGROUND SCALING 1
Info: HOM BACKGROUND SCALING 1
Info: PME BACKGROUND SCALING 1
Info: MAX SELF PARTITIONS    20
Info: MAX PAIR PARTITIONS    8
Info: SELF PARTITION ATOMS   154
Info: SELF2 PARTITION ATOMS   154
Info: PAIR PARTITION ATOMS   318
Info: PAIR2 PARTITION ATOMS  637
Info: MIN ATOMS PER PATCH    100
Info: VELOCITY FILE          /home/jam2079/Pathrover/2x79/phase2a/dat_equil_phase2a1.restart.vel
Info: CENTER OF MASS MOVING INITIALLY? NO
Info: DIELECTRIC             1
Info: EXCLUDE                SCALED ONE-FOUR
Info: 1-4 ELECTROSTATICS SCALED BY 1
Info: MODIFIED 1-4 VDW PARAMETERS WILL BE USED
Info: DCD FILENAME           ./dat_equil_phase2a2.np.dcd
Info: DCD FREQUENCY          5000
Info: DCD FIRST STEP         5000
Info: DCD FILE WILL CONTAIN UNIT CELL DATA
Info: XST FILENAME           ./dat_equil_phase2a2.np.xst
Info: XST FREQUENCY          5000
Info: NO VELOCITY DCD OUTPUT
Info: OUTPUT FILENAME        ./dat_equil_phase2a2.np
Info: RESTART FILENAME       ./dat_equil_phase2a2.np.restart
Info: RESTART FREQUENCY      5000
Info: BINARY RESTART FILES WILL BE USED
Info: SWITCHING ACTIVE
Info: SWITCHING ON           10
Info: SWITCHING OFF          12
Info: PAIRLIST DISTANCE      13.5
Info: PAIRLIST SHRINK RATE   0.01
Info: PAIRLIST GROW RATE     0.01
Info: PAIRLIST TRIGGER       0.3
Info: PAIRLISTS PER CYCLE    2
Info: PAIRLISTS ENABLED
Info: MARGIN                 2.5
Info: HYDROGEN GROUP CUTOFF  2.5
Info: PATCH DIMENSION        18.5
Info: ENERGY OUTPUT STEPS    5000
Info: CROSSTERM ENERGY INCLUDED IN DIHEDRAL
Info: TIMING OUTPUT STEPS    5000
Info: PRESSURE OUTPUT STEPS  5000
Info: HARMONIC CONSTRAINTS ACTIVE
Info: HARMONIC CONS EXP      2
Info: LANGEVIN DYNAMICS ACTIVE
Info: LANGEVIN TEMPERATURE   310
Info: LANGEVIN DAMPING COEFFICIENT IS 5 INVERSE PS
Info: LANGEVIN DYNAMICS NOT APPLIED TO HYDROGENS
Info: LANGEVIN PISTON PRESSURE CONTROL ACTIVE
Info:        TARGET PRESSURE IS 1.01325 BAR
Info:     OSCILLATION PERIOD IS 200 FS
Info:             DECAY TIME IS 50 FS
Info:     PISTON TEMPERATURE IS 310 K
Info:       PRESSURE CONTROL IS GROUP-BASED
Info:    INITIAL STRAIN RATE IS 6.25978e-06 6.25978e-06 1.65264e-05
Info:       CELL FLUCTUATION IS ANISOTROPIC
Info:     SHAPE OF CELL IS CONSTRAINED IN X-Y PLANE
Info: PARTICLE MESH EWALD (PME) ACTIVE
Info: PME TOLERANCE               1e-06
Info: PME EWALD COEFFICIENT       0.257952
Info: PME INTERPOLATION ORDER     4
Info: PME GRID DIMENSIONS         128 128 108
Info: PME MAXIMUM GRID SPACING    1
Info: Attempting to read FFTW data from FFTW_NAMD_2.7_Linux-x86_64.txt
Info: Optimizing 6 FFT steps.  1... 2... 3... 4... 5... 6...   Done.
Info: Writing FFTW data to FFTW_NAMD_2.7_Linux-x86_64.txt
Info: FULL ELECTROSTATIC EVALUATION FREQUENCY      4
Info: USING VERLET I (r-RESPA) MTS SCHEME.
Info: C1 SPLITTING OF LONG RANGE ELECTROSTATICS
Info: PLACING ATOMS IN PATCHES BY HYDROGEN GROUPS
Info: RIGID BONDS TO HYDROGEN : ALL
Info:         ERROR TOLERANCE : 1e-08
Info:          MAX ITERATIONS : 100
Info: RIGID WATER USING SETTLE ALGORITHM
Info: NONBONDED FORCES EVALUATED EVERY 2 STEPS
Info: RANDOM NUMBER SEED     1399340897
Info: USE HYDROGEN BONDS?    NO
Info: COORDINATE PDB         /home/jam2079/Pathrover/2x79/phase2a/dat_equil_phase2a1.coor
Info: STRUCTURE FILE         /home/jam2079/Pathrover/2x79/common/ionized.psf
Info: PARAMETER file: CHARMM format! 
Info: PARAMETERS             /home/jam2079/Pathrover/2x79/common/parameters_all.prm
Info: USING ARITHMETIC MEAN TO COMBINE L-J SIGMA PARAMETERS
Info: BINARY COORDINATES     /home/jam2079/Pathrover/2x79/phase2a/dat_equil_phase2a1.restart.coor
Info: SUMMARY OF PARAMETERS:
Info: 231 BONDS
Info: 615 ANGLES
Info: 936 DIHEDRAL
Info: 55 IMPROPER
Info: 6 CROSSTERM
Info: 152 VDW
Info: 0 VDW_PAIRS
Info: TIME FOR READING PSF FILE: 3.07194
Info: TIME FOR READING PDB FILE: 0.292143
Info: 
Info: Reading from binary file /home/jam2079/Pathrover/2x79/phase2a/dat_equil_phase2a1.restart.coor
Info: ****************************
Info: STRUCTURE SUMMARY:
Info: 173052 ATOMS
Info: 137795 BONDS
Info: 164816 ANGLES
Info: 181135 DIHEDRALS
Info: 2060 IMPROPERS
Info: 0 CROSSTERMS
Info: 0 EXCLUSIONS
Info: 1845 CONSTRAINTS
Info: 145197 RIGID BONDS
Info: 373959 DEGREES OF FREEDOM
Info: 62622 HYDROGEN GROUPS
Info: 4 ATOMS IN LARGEST HYDROGEN GROUP
Info: 62622 MIGRATION GROUPS
Info: 4 ATOMS IN LARGEST MIGRATION GROUP
Info: TOTAL MASS = 1.03371e+06 amu
Info: TOTAL CHARGE = 4.80842e-05 e
Info: MASS DENSITY = 1.00455 g/cm^3
Info: ATOM DENSITY = 0.101272 atoms/A^3
Info: *****************************
Info: 
Info: Entering startup at 22.9145 s, 49.6393 MB of memory in use
Info: Startup phase 0 took 0.043349 s, 49.6386 MB of memory in use
Info: Startup phase 1 took 1.41127 s, 86.526 MB of memory in use
Info: Startup phase 2 took 0.0428691 s, 87.85 MB of memory in use
Info: PATCH GRID IS 6 (PERIODIC) BY 6 (PERIODIC) BY 5 (PERIODIC)
Info: PATCH GRID IS 1-AWAY BY 1-AWAY BY 1-AWAY
Info: Reading from binary file /home/jam2079/Pathrover/2x79/phase2a/dat_equil_phase2a1.restart.vel
Info: REMOVING COM VELOCITY 0.0152316 0.00682395 0.0162732
Info: LARGEST PATCH (54) HAS 1049 ATOMS
Info: Startup phase 3 took 0.18503 s, 115.329 MB of memory in use
Info: PME using 22 and 22 processors for FFT and reciprocal sum.
Info: PME GRID LOCATIONS: 1 2 3 4 5 6 7 8 9 10 ...
Info: PME TRANS LOCATIONS: 1 2 3 4 5 6 7 8 9 10 ...
Info: Startup phase 4 took 0.0649099 s, 115.33 MB of memory in use
Info: Startup phase 5 took 0.0691311 s, 89.8438 MB of memory in use
LDB: Central LB being created...
Info: Startup phase 6 took 1.29893 s, 89.8785 MB of memory in use
Info: CREATING 12609 COMPUTE OBJECTS
Info: useSync: 1 useProxySync: 0
Info: NONBONDED TABLE R-SQUARED SPACING: 0.0625
Info: NONBONDED TABLE SIZE: 769 POINTS
Info: Startup phase 7 took 0.05211 s, 93.3205 MB of memory in use
Info: Startup phase 8 took 0.000151873 s, 94.4561 MB of memory in use
Info: Finished startup at 26.0822 s, 94.4561 MB of memory in use

TCL: Running for 250000 steps
PRESSURE: 0 -13446.1 38.8059 112.215 59.5008 -13341.7 198.416 74.6117 235.112 -13492.2
GPRESSURE: 0 -185.103 -78.705 28.5036 45.0962 -33.7092 180.531 7.1996 202.936 -293.543
ETITLE:      TS           BOND          ANGLE          DIHED          IMPRP               ELECT            VDW       BOUNDARY           MISC        KINETIC               TOTAL           TEMP      POTENTIAL         TOTAL3        TEMPAVG            PRESSURE      GPRESSURE         VOLUME       PRESSAVG      GPRESSAVG

ENERGY:       0      8209.0423     40700.9598     28149.6985       522.0919        -442047.0368     13395.4692       306.9201         0.0000    114708.8921        -236053.9630       308.7191   -350762.8551   -235757.1574       308.7191         -13426.6701      -170.7851   1708780.3050    -13426.6701      -170.7851

OPENING EXTENDED SYSTEM TRAJECTORY FILE
LDB: ============= START OF LOAD BALANCING ============== 34.6238
LDB: ============== END OF LOAD BALANCING =============== 34.6243

Info: Initial time: 24 CPUs 0.0842859 s/step 0.975531 days/ns 114.482 MB memory
LDB: ============= START OF LOAD BALANCING ============== 43.2978
LDB: TIME 43.3307 LOAD: AVG 7.18435 MAX 7.91692  PROXIES: TOTAL 488 MAXPE 22 MAXPATCH 4 None 1.25112
LDB: TIME 43.4104 LOAD: AVG 7.18435 MAX 7.18606  PROXIES: TOTAL 488 MAXPE 22 MAXPATCH 4 TorusLB 1.25112
LDB: TIME 43.4105 LOAD: AVG 7.18435 MAX 7.18606  PROXIES: TOTAL 488 MAXPE 22 MAXPATCH 4 TorusLB 1.25112
LDB: ============== END OF LOAD BALANCING =============== 43.4356

Info: Initial time: 24 CPUs 0.0850478 s/step 0.984349 days/ns 113.372 MB memory
LDB: ============= START OF LOAD BALANCING ============== 52.0573
LDB: TIME 52.0629 LOAD: AVG 7.25026 MAX 7.38913  PROXIES: TOTAL 488 MAXPE 22 MAXPATCH 4 None 1.28281
LDB: TIME 52.078 LOAD: AVG 7.25026 MAX 7.38913  PROXIES: TOTAL 488 MAXPE 22 MAXPATCH 4 RefineTorusLB 1.28281
LDB: ============== END OF LOAD BALANCING =============== 52.0806

Info: Initial time: 24 CPUs 0.0843926 s/step 0.976767 days/ns 114.443 MB memory
LDB: ============= START OF LOAD BALANCING ============== 60.4976
LDB: TIME 60.5321 LOAD: AVG 7.23803 MAX 7.44738  PROXIES: TOTAL 488 MAXPE 22 MAXPATCH 4 None 1.28418
LDB: TIME 60.5491 LOAD: AVG 7.23803 MAX 7.44738  PROXIES: TOTAL 488 MAXPE 22 MAXPATCH 4 RefineTorusLB 1.28418
LDB: ============== END OF LOAD BALANCING =============== 60.5524

Info: Benchmark time: 24 CPUs 0.0826813 s/step 0.95696 days/ns 114.788 MB memory
Info: Benchmark time: 24 CPUs 0.0830462 s/step 0.961183 days/ns 114.776 MB memory
Info: Benchmark time: 24 CPUs 0.0822427 s/step 0.951884 days/ns 115.733 MB memory
LDB: ============= START OF LOAD BALANCING ============== 384.405
LDB: ============== END OF LOAD BALANCING =============== 384.406

LDB: ============= START OF LOAD BALANCING ============== 393.04
LDB: TIME 393.073 LOAD: AVG 7.31194 MAX 7.46242  PROXIES: TOTAL 488 MAXPE 22 MAXPATCH 4 None 1.30539
LDB: TIME 393.09 LOAD: AVG 7.31194 MAX 7.46242  PROXIES: TOTAL 488 MAXPE 22 MAXPATCH 4 RefineTorusLB 1.30539
LDB: ============== END OF LOAD BALANCING =============== 393.093

PRESSURE: 5000 -13314.5 154.908 -9.76657 148.588 -13265.1 -38.4431 11.2353 -29.0288 -13027
GPRESSURE: 5000 93.0817 157.549 -13.0536 190.35 148.833 -119.458 34.8106 -79.5098 200.642
PRESSAVG: 5000 -9.82029 23.0178 10.6082 12.8419 3.45981 -9.92864 14.6773 -5.34048 -1.04806
GPRESSAVG: 5000 -9.93282 23.0435 10.5849 12.9367 3.50875 -9.99676 14.6224 -5.39755 -1.05876
TIMING: 5000  CPU: 362.791, 0.0725048/step  Wall: 417.323, 0.0833777/step, 5.67432 hours remaining, 134.657486 MB of memory in use.
ENERGY:    5000      8069.5936     40678.2737     27962.6054       527.9297        -441891.7391     12871.9228       315.5190         0.0000    114822.7878        -236643.1071       309.0256   -351465.8950   -236363.2500       309.7092         -13202.1852       147.5189   1694672.0707        -2.4695        -2.4943

WRITING EXTENDED SYSTEM TO RESTART FILE AT STEP 5000
OPENING COORDINATE DCD FILE
WRITING COORDINATES TO DCD FILE AT STEP 5000
WRITING COORDINATES TO RESTART FILE AT STEP 5000
FINISHED WRITING RESTART COORDINATES
WRITING VELOCITIES TO RESTART FILE AT STEP 5000
FINISHED WRITING RESTART VELOCITIES
LDB: ============= START OF LOAD BALANCING ============== 718.089
LDB: ============== END OF LOAD BALANCING =============== 718.09

LDB: ============= START OF LOAD BALANCING ============== 726.605
LDB: TIME 726.638 LOAD: AVG 7.29962 MAX 7.58113  PROXIES: TOTAL 488 MAXPE 22 MAXPATCH 4 None 1.30548
LDB: TIME 726.655 LOAD: AVG 7.29962 MAX 7.58113  PROXIES: TOTAL 488 MAXPE 22 MAXPATCH 4 RefineTorusLB 1.30548
LDB: ============== END OF LOAD BALANCING =============== 726.657

WRITING COORDINATES TO DCD FILE AT STEP 10000
WRITING COORDINATES TO RESTART FILE AT STEP 10000
FINISHED WRITING RESTART COORDINATES
PRESSURE: 10000 -13291 -111.912 -187.943 -115.255 -13249.1 36.5775 -235.134 88.6119 -12990.1
GPRESSURE: 10000 86.7362 -72.9688 -206.318 19.0983 120.031 -27.6902 -220.07 11.1589 243.037
PRESSAVG: 10000 3.53863 5.8323 -3.68926 3.15028 3.48084 -5.0169 -28.8258 13.0596 1.37648
GPRESSAVG: 10000 3.5245 5.63755 -3.54897 3.12882 3.47105 -4.94485 -28.7848 13.1825 1.35878
TIMING: 10000  CPU: 727.021, 0.0728461/step  Wall: 834.387, 0.0834128/step, 5.56085 hours remaining, 134.451141 MB of memory in use.
ENERGY:   10000      8010.3577     40597.9143     28076.2264       496.9106        -441857.6746     12514.3493       314.0601         0.0000    114715.9922        -237131.8641       308.7382   -351847.8563   -236840.3307       309.6474         -13176.7339       149.9347   1695381.0169         2.7987         2.7848

WRITING EXTENDED SYSTEM TO RESTART FILE AT STEP 10000
WRITING VELOCITIES TO RESTART FILE AT STEP 10000
FINISHED WRITING RESTART VELOCITIES
LDB: ============= START OF LOAD BALANCING ============== 1050.64
LDB: ============== END OF LOAD BALANCING =============== 1050.64

LDB: ============= START OF LOAD BALANCING ============== 1059.25
LDB: TIME 1059.26 LOAD: AVG 7.31219 MAX 7.47927  PROXIES: TOTAL 488 MAXPE 22 MAXPATCH 4 None 1.30416
LDB: TIME 1059.27 LOAD: AVG 7.31219 MAX 7.47927  PROXIES: TOTAL 488 MAXPE 22 MAXPATCH 4 RefineTorusLB 1.30416
LDB: ============== END OF LOAD BALANCING =============== 1059.27

PRESSURE: 15000 -13146.1 -22.4051 93.7713 -33.165 -13346.5 75.9827 131.149 72.7951 -13229.8
GPRESSURE: 15000 129.424 -71.6698 -3.29965 6.30089 16.6635 117.417 180.537 93.6896 -7.58148
PRESSAVG: 15000 19.7173 8.5479 7.43209 2.49427 -13.2731 -1.34137 -1.21581 -11.0805 2.22874
GPRESSAVG: 15000 19.7796 8.47433 7.28217 2.31758 -13.1811 -1.30922 -1.21678 -11.1448 2.23969
TIMING: 15000  CPU: 1090.27, 0.0726494/step  Wall: 1249.85, 0.0830935/step, 5.42416 hours remaining, 135.269562 MB of memory in use.
ENERGY:   15000      8120.7970     40749.7782     28053.1007       494.9448        -441574.8676     12538.1931       309.9188         0.0000    114368.9352        -236939.1998       307.8042   -351308.1350   -236656.3602       309.6002         -13240.7788        46.1688   1696941.4131         2.8910         2.9461

WRITING EXTENDED SYSTEM TO RESTART FILE AT STEP 15000
WRITING COORDINATES TO DCD FILE AT STEP 15000
WRITING COORDINATES TO RESTART FILE AT STEP 15000
FINISHED WRITING RESTART COORDINATES
WRITING VELOCITIES TO RESTART FILE AT STEP 15000
FINISHED WRITING RESTART VELOCITIES
LDB: ============= START OF LOAD BALANCING ============== 1383.87
LDB: ============== END OF LOAD BALANCING =============== 1383.87

LDB: ============= START OF LOAD BALANCING ============== 1392.38
LDB: TIME 1392.41 LOAD: AVG 7.31522 MAX 7.699  PROXIES: TOTAL 488 MAXPE 22 MAXPATCH 4 None 1.30414
LDB: TIME 1392.43 LOAD: AVG 7.31522 MAX 7.67096  PROXIES: TOTAL 488 MAXPE 22 MAXPATCH 4 RefineTorusLB 1.30414
LDB: ============== END OF LOAD BALANCING =============== 1392.44

PRESSURE: 20000 -13324.4 101.854 30.1368 91.8153 -13291 -23.5663 20.5273 42.9274 -13144.2
GPRESSURE: 20000 55.8244 147.866 114.866 119.805 70.5961 -75.8277 60.4506 88.9501 187.646
PRESSAVG: 20000 15.2372 31.7492 15.8527 28.1032 -2.59746 -21.8025 -0.130238 2.60576 -2.214
GPRESSAVG: 20000 15.3373 31.8796 15.96 28.2051 -2.48595 -21.841 -0.177931 2.57084 -2.21855
TIMING: 20000  CPU: 1454.23, 0.0727923/step  Wall: 1667.19, 0.0834671/step, 5.33262 hours remaining, 135.576935 MB of memory in use.
ENERGY:   20000      8013.9418     40515.3991     28095.0071       550.7040        -442425.3098     12757.7999       297.0453         0.0000    114982.1482        -237213.2644       309.4545   -352195.4126   -236916.0099       309.1580         -13253.2253       104.6888   1694294.0179         3.4752         3.5443

WRITING EXTENDED SYSTEM TO RESTART FILE AT STEP 20000
WRITING COORDINATES TO DCD FILE AT STEP 20000
WRITING COORDINATES TO RESTART FILE AT STEP 20000
FINISHED WRITING RESTART COORDINATES
WRITING VELOCITIES TO RESTART FILE AT STEP 20000
FINISHED WRITING RESTART VELOCITIES
LDB: ============= START OF LOAD BALANCING ============== 1718.26
LDB: ============== END OF LOAD BALANCING =============== 1718.26

LDB: ============= START OF LOAD BALANCING ============== 1726.82
LDB: TIME 1726.86 LOAD: AVG 7.31369 MAX 7.46715  PROXIES: TOTAL 488 MAXPE 22 MAXPATCH 4 None 1.29917
LDB: TIME 1726.87 LOAD: AVG 7.31369 MAX 7.46715  PROXIES: TOTAL 488 MAXPE 22 MAXPATCH 4 RefineTorusLB 1.29917
LDB: ============== END OF LOAD BALANCING =============== 1726.88

LDB: ============= START OF LOAD BALANCING ============== 2053.34
LDB: ============== END OF LOAD BALANCING =============== 2053.34

LDB: ============= START OF LOAD BALANCING ============== 2061.87
LDB: TIME 2061.9 LOAD: AVG 7.32101 MAX 7.48503  PROXIES: TOTAL 488 MAXPE 22 MAXPATCH 4 None 1.30085
LDB: TIME 2061.91 LOAD: AVG 7.32101 MAX 7.48503  PROXIES: TOTAL 488 MAXPE 22 MAXPATCH 4 RefineTorusLB 1.30085
LDB: ============== END OF LOAD BALANCING =============== 2061.92

WRITING COORDINATES TO DCD FILE AT STEP 25000
WRITING COORDINATES TO RESTART FILE AT STEP 25000
FINISHED WRITING RESTART COORDINATES
WRITING VELOCITIES TO RESTART FILE AT STEP 25000
FINISHED WRITING RESTART VELOCITIES
PRESSURE: 25000 -13422.6 -83.9779 114.488 -129.933 -13434.4 17.2911 109.927 45.851 -13396.5
GPRESSURE: 25000 -102.34 -131.691 97.0572 -90.9294 17.0688 -59.7156 98.5939 -5.83855 -193.845
PRESSAVG: 25000 20.5221 4.9857 -14.2269 -1.97998 -25.0704 4.58282 5.73309 -14.0925 2.62033
GPRESSAVG: 25000 20.3661 5.00641 -14.1868 -1.98516 -25.1202 4.69393 5.58201 -14.1218 2.51684
TIMING: 25000  CPU: 1819.12, 0.0729781/step  Wall: 2086.36, 0.0838334/step, 5.23959 hours remaining, 134.841797 MB of memory in use.
ENERGY:   25000      8161.3280     40456.8522     28113.2738       526.7458        -441064.1124     11566.1475       298.3728         0.0000    114727.7138        -237213.6786       308.7697   -351941.3924   -236918.3491       309.4754         -13417.8264       -93.0386   1691851.5391        -0.6426        -0.7457

WRITING EXTENDED SYSTEM TO RESTART FILE AT STEP 25000
LDB: ============= START OF LOAD BALANCING ============== 2387.25
LDB: ============== END OF LOAD BALANCING =============== 2387.25

LDB: ============= START OF LOAD BALANCING ============== 2395.72
LDB: TIME 2395.75 LOAD: AVG 7.3243 MAX 7.59298  PROXIES: TOTAL 488 MAXPE 22 MAXPATCH 4 None 1.3096
LDB: TIME 2395.77 LOAD: AVG 7.3243 MAX 7.59298  PROXIES: TOTAL 488 MAXPE 22 MAXPATCH 4 RefineTorusLB 1.3096
LDB: ============== END OF LOAD BALANCING =============== 2395.78

PRESSURE: 30000 -13278 -44.7243 -205.681 -78.8811 -13443.3 -64.4117 -135.639 -105.71 -12964
GPRESSURE: 30000 -13.2374 9.78668 -159.734 -88.8724 -100.386 1.63817 -130.995 38.742 346.133
PRESSAVG: 30000 17.4143 5.82154 -20.3146 -2.46645 -16.9474 -17.889 -11.0398 -23.1055 3.78946
GPRESSAVG: 30000 17.5263 5.80869 -20.2919 -2.58015 -17.1017 -17.8314 -11.1875 -22.8683 3.91098
TIMING: 30000  CPU: 2182.5, 0.0726766/step  Wall: 2503.71, 0.08347/step, 5.10095 hours remaining, 138.373749 MB of memory in use.
ENERGY:   30000      7945.8661     40339.3172     28019.4524       478.0166        -440551.9973     11974.5651       294.9649         0.0000    114485.2407        -237014.5742       308.1172   -351499.8149   -236747.1348       309.4975         -13228.4295        77.5031   1694362.1574         1.4188         1.4452

WRITING EXTENDED SYSTEM TO RESTART FILE AT STEP 30000
WRITING COORDINATES TO DCD FILE AT STEP 30000
WRITING COORDINATES TO RESTART FILE AT STEP 30000
FINISHED WRITING RESTART COORDINATES
WRITING VELOCITIES TO RESTART FILE AT STEP 30000
FINISHED WRITING RESTART VELOCITIES
LDB: ============= START OF LOAD BALANCING ============== 2721.86
LDB: ============== END OF LOAD BALANCING =============== 2721.87

LDB: ============= START OF LOAD BALANCING ============== 2730.35
LDB: TIME 2730.38 LOAD: AVG 7.33588 MAX 7.53214  PROXIES: TOTAL 488 MAXPE 22 MAXPATCH 4 None 1.30399
LDB: TIME 2730.4 LOAD: AVG 7.33588 MAX 7.53214  PROXIES: TOTAL 488 MAXPE 22 MAXPATCH 4 RefineTorusLB 1.30399
LDB: ============== END OF LOAD BALANCING =============== 2730.4

PRESSURE: 35000 -13468.6 13.909 73.2828 -67.0153 -13368.3 209.856 73.9981 158.993 -13242.9
GPRESSURE: 35000 -143.532 91.6408 117.224 46.3535 -47.4034 228.864 48.6387 158.185 52.4019
PRESSAVG: 35000 19.8844 8.54773 7.02361 6.04909 -12.5639 -0.32797 -7.68969 1.34365 7.32787
GPRESSAVG: 35000 19.8057 8.58922 7.07497 6.00077 -12.7287 -0.292705 -7.74956 1.31465 7.29149
TIMING: 35000  CPU: 2547.75, 0.0730495/step  Wall: 2921.93, 0.0836438/step, 4.99539 hours remaining, 136.217499 MB of memory in use.
ENERGY:   35000      8180.3925     40455.4641     28042.1570       494.9507        -441514.9264     12534.1638       290.1423         0.0000    114971.1734        -236546.4826       309.4250   -351517.6561   -236269.9189       309.7714         -13359.9641       -46.1779   1696070.8444         4.8828         4.7895

WRITING EXTENDED SYSTEM TO RESTART FILE AT STEP 35000
WRITING COORDINATES TO DCD FILE AT STEP 35000
WRITING COORDINATES TO RESTART FILE AT STEP 35000
FINISHED WRITING RESTART COORDINATES
WRITING VELOCITIES TO RESTART FILE AT STEP 35000
FINISHED WRITING RESTART VELOCITIES
LDB: ============= START OF LOAD BALANCING ============== 3056.53
LDB: ============== END OF LOAD BALANCING =============== 3056.53

LDB: ============= START OF LOAD BALANCING ============== 3065.07
LDB: TIME 3065.07 LOAD: AVG 7.3288 MAX 7.52353  PROXIES: TOTAL 488 MAXPE 22 MAXPATCH 4 None 1.30594
LDB: TIME 3065.09 LOAD: AVG 7.3288 MAX 7.52353  PROXIES: TOTAL 488 MAXPE 22 MAXPATCH 4 RefineTorusLB 1.30594
LDB: ============== END OF LOAD BALANCING =============== 3065.09

PRESSURE: 40000 -13597.1 114.869 53.1623 81.1758 -13401.4 58.3387 77.0915 56.3045 -13588.2
GPRESSURE: 40000 -223.606 21.1228 146.232 -2.04164 -79.8674 87.7847 89.7838 50.688 -292.176
PRESSAVG: 40000 -11.8956 9.94502 2.30756 -5.38275 15.2968 2.25369 5.59596 -4.15919 5.98488
GPRESSAVG: 40000 -12.0248 9.68664 2.37282 -5.46368 15.2024 2.35128 5.60044 -4.09743 6.07284
TIMING: 40000  CPU: 2914.31, 0.0733123/step  Wall: 3339.72, 0.0835587/step, 4.87426 hours remaining, 136.966827 MB of memory in use.
ENERGY:   40000      8139.1460     40683.7448     27948.5968       525.2774        -441128.6431     11577.7798       302.7330         0.0000    114679.4098        -237271.9555       308.6397   -351951.3653   -236953.8484       309.7550         -13528.9147      -198.5498   1689434.7404         3.1287         3.0835

WRITING EXTENDED SYSTEM TO RESTART FILE AT STEP 40000
WRITING COORDINATES TO DCD FILE AT STEP 40000
WRITING COORDINATES TO RESTART FILE AT STEP 40000
FINISHED WRITING RESTART COORDINATES
WRITING VELOCITIES TO RESTART FILE AT STEP 40000
FINISHED WRITING RESTART VELOCITIES
LDB: ============= START OF LOAD BALANCING ============== 3390.93
LDB: ============== END OF LOAD BALANCING =============== 3390.93

LDB: ============= START OF LOAD BALANCING ============== 3399.53
LDB: TIME 3399.56 LOAD: AVG 7.33768 MAX 7.62742  PROXIES: TOTAL 488 MAXPE 22 MAXPATCH 4 None 1.31129
LDB: TIME 3399.58 LOAD: AVG 7.33768 MAX 7.62742  PROXIES: TOTAL 488 MAXPE 22 MAXPATCH 4 RefineTorusLB 1.31129
LDB: ============== END OF LOAD BALANCING =============== 3399.58

LDB: ============= START OF LOAD BALANCING ============== 3726.38
LDB: ============== END OF LOAD BALANCING =============== 3726.38

LDB: ============= START OF LOAD BALANCING ============== 3734.89
LDB: TIME 3734.89 LOAD: AVG 7.32427 MAX 7.66954  PROXIES: TOTAL 488 MAXPE 22 MAXPATCH 4 None 1.30445
LDB: TIME 3734.9 LOAD: AVG 7.32427 MAX 7.66954  PROXIES: TOTAL 488 MAXPE 22 MAXPATCH 4 RefineTorusLB 1.30445
LDB: ============== END OF LOAD BALANCING =============== 3734.9

PRESSURE: 45000 -13377.1 116.448 -4.80812 57.8085 -13487.3 -76.8764 28.1454 -105.616 -13265.4
GPRESSURE: 45000 -17.8485 25.8676 29.9681 61.7028 -71.6154 60.1319 24.9803 -86.3577 17.8755
PRESSAVG: 45000 -12.7778 8.77101 19.2388 -10.1247 11.5503 -8.73086 16.7471 -2.76973 -1.20375
GPRESSAVG: 45000 -12.7641 8.89606 19.0826 -9.96092 11.6066 -8.66256 16.8157 -2.62797 -1.19246
TIMING: 45000  CPU: 3280.05, 0.0731485/step  Wall: 3759.4, 0.0839354/step, 4.77965 hours remaining, 136.050262 MB of memory in use.
ENERGY:   45000      8020.7741     40526.6766     27884.0664       513.0917        -441778.3252     12010.2459       307.5757         0.0000    115061.0586        -237454.8362       309.6669   -352515.8948   -237165.7516       309.7867         -13376.5951       -23.8628   1690422.9099        -0.8104        -0.7833

WRITING EXTENDED SYSTEM TO RESTART FILE AT STEP 45000
WRITING COORDINATES TO DCD FILE AT STEP 45000
WRITING COORDINATES TO RESTART FILE AT STEP 45000
FINISHED WRITING RESTART COORDINATES
WRITING VELOCITIES TO RESTART FILE AT STEP 45000
FINISHED WRITING RESTART VELOCITIES
LDB: ============= START OF LOAD BALANCING ============== 4060.9
LDB: ============== END OF LOAD BALANCING =============== 4060.9

LDB: ============= START OF LOAD BALANCING ============== 4069.41
LDB: TIME 4069.45 LOAD: AVG 7.33744 MAX 7.54703  PROXIES: TOTAL 488 MAXPE 22 MAXPATCH 4 None 1.30794
LDB: TIME 4069.46 LOAD: AVG 7.33744 MAX 7.54703  PROXIES: TOTAL 488 MAXPE 22 MAXPATCH 4 RefineTorusLB 1.30794
LDB: ============== END OF LOAD BALANCING =============== 4069.47

PRESSURE: 50000 -13307 18.4566 -147.825 43.0161 -13166.6 113.848 -170.876 90.8795 -13230.5
GPRESSURE: 50000 118.704 -87.0201 -77.1111 7.44316 180.093 137.082 9.14188 101.322 120.733
PRESSAVG: 50000 -19.6515 10.8564 17.9095 -2.48899 25.3884 4.42203 6.22506 1.73811 5.53912
GPRESSAVG: 50000 -19.624 10.7168 18.0074 -2.72544 25.3169 4.39803 6.33807 1.94429 5.63218
TIMING: 50000  CPU: 3645.96, 0.0731821/step  Wall: 4177.84, 0.0836885/step, 4.64936 hours remaining, 136.309570 MB of memory in use.
ETITLE:      TS           BOND          ANGLE          DIHED          IMPRP               ELECT            VDW       BOUNDARY           MISC        KINETIC               TOTAL           TEMP      POTENTIAL         TOTAL3        TEMPAVG            PRESSURE      GPRESSURE         VOLUME       PRESSAVG      GPRESSAVG

ENERGY:   50000      8014.9886     40469.6153     28045.8919       512.2931        -441725.2635     12169.2783       298.1548         0.0000    114787.6108        -237427.4308       308.9309   -352215.0416   -237138.3897       309.6029         -13234.7088       139.8434   1688379.7186         3.7587         3.7750

WRITING EXTENDED SYSTEM TO RESTART FILE AT STEP 50000
WRITING COORDINATES TO DCD FILE AT STEP 50000
WRITING COORDINATES TO RESTART FILE AT STEP 50000
FINISHED WRITING RESTART COORDINATES
WRITING VELOCITIES TO RESTART FILE AT STEP 50000
FINISHED WRITING RESTART VELOCITIES
LDB: ============= START OF LOAD BALANCING ============== 4396.63
LDB: ============== END OF LOAD BALANCING =============== 4396.63

LDB: ============= START OF LOAD BALANCING ============== 4405.24
LDB: TIME 4405.28 LOAD: AVG 7.33887 MAX 7.56303  PROXIES: TOTAL 488 MAXPE 22 MAXPATCH 4 None 1.31661
LDB: TIME 4405.3 LOAD: AVG 7.33887 MAX 7.56303  PROXIES: TOTAL 488 MAXPE 22 MAXPATCH 4 RefineTorusLB 1.31661
LDB: ============== END OF LOAD BALANCING =============== 4405.3

PRESSURE: 55000 -13122.3 14.9391 317.095 25.6986 -13271.9 -129.076 325.793 -119.83 -13090.6
GPRESSURE: 55000 329.946 80.0478 200.965 26.8746 62.7301 -150.76 386.554 -104.165 163.142
PRESSAVG: 55000 -5.92133 0.222794 11.1588 2.27077 19.4433 9.54093 22.9563 9.29243 1.58119
GPRESSAVG: 55000 -5.90173 0.136496 11.0518 2.39498 19.501 9.48724 23.1558 9.25497 1.58089
TIMING: 55000  CPU: 4011.85, 0.0731775/step  Wall: 4596.71, 0.0837741/step, 4.53776 hours remaining, 136.350281 MB of memory in use.
ENERGY:   55000      8055.7060     40757.2704     28063.4581       507.0260        -441979.6601     12608.6004       315.5920         0.0000    114752.4587        -236919.5485       308.8363   -351672.0072   -236616.9521       309.9208         -13161.6083       185.2727   1691303.4841         5.0344         5.0600

WRITING EXTENDED SYSTEM TO RESTART FILE AT STEP 55000
WRITING COORDINATES TO DCD FILE AT STEP 55000
WRITING COORDINATES TO RESTART FILE AT STEP 55000
FINISHED WRITING RESTART COORDINATES
WRITING VELOCITIES TO RESTART FILE AT STEP 55000
FINISHED WRITING RESTART VELOCITIES
LDB: ============= START OF LOAD BALANCING ============== 4731.81
LDB: ============== END OF LOAD BALANCING =============== 4731.81

LDB: ============= START OF LOAD BALANCING ============== 4740.27
LDB: TIME 4740.3 LOAD: AVG 7.31587 MAX 7.5376  PROXIES: TOTAL 488 MAXPE 22 MAXPATCH 4 None 1.30635
LDB: TIME 4740.32 LOAD: AVG 7.31587 MAX 7.5376  PROXIES: TOTAL 488 MAXPE 22 MAXPATCH 4 RefineTorusLB 1.30635
LDB: ============== END OF LOAD BALANCING =============== 4740.33

PRESSURE: 60000 -13329.1 -55.7272 0.837899 -11.7696 -13404.2 81.2193 65.31 40.3854 -13027.7
GPRESSURE: 60000 141.473 -99.9518 -49.5739 3.30034 9.94926 -6.56627 66.8524 -21.9937 166.094
PRESSAVG: 60000 12.7367 -1.57176 14.7656 -4.74982 -4.21135 -21.6301 7.19026 -6.49443 0.164917
GPRESSAVG: 60000 12.7381 -1.53202 14.7878 -5.00882 -4.16655 -21.654 7.10887 -6.50891 0.149136
TIMING: 60000  CPU: 4377.67, 0.0731637/step  Wall: 5016.28, 0.083914/step, 4.42879 hours remaining, 137.823059 MB of memory in use.
ENERGY:   60000      7983.7038     40381.0781     28001.5895       498.1079        -441715.2942     12510.0100       304.7719         0.0000    115178.4703        -236857.5626       309.9829   -352036.0330   -236554.6835       309.9129         -13253.6575       105.8388   1689652.1055         2.8967         2.9069

WRITING EXTENDED SYSTEM TO RESTART FILE AT STEP 60000
WRITING COORDINATES TO DCD FILE AT STEP 60000
WRITING COORDINATES TO RESTART FILE AT STEP 60000
FINISHED WRITING RESTART COORDINATES
WRITING VELOCITIES TO RESTART FILE AT STEP 60000
FINISHED WRITING RESTART VELOCITIES
LDB: ============= START OF LOAD BALANCING ============== 5067.29
LDB: ============== END OF LOAD BALANCING =============== 5067.29

LDB: ============= START OF LOAD BALANCING ============== 5075.71
LDB: TIME 5075.72 LOAD: AVG 7.32278 MAX 7.62399  PROXIES: TOTAL 488 MAXPE 22 MAXPATCH 4 None 1.29513
LDB: TIME 5075.74 LOAD: AVG 7.32278 MAX 7.62399  PROXIES: TOTAL 488 MAXPE 22 MAXPATCH 4 RefineTorusLB 1.29513
LDB: ============== END OF LOAD BALANCING =============== 5075.74

LDB: ============= START OF LOAD BALANCING ============== 5402.45
LDB: ============== END OF LOAD BALANCING =============== 5402.45

LDB: ============= START OF LOAD BALANCING ============== 5411.12
LDB: TIME 5411.15 LOAD: AVG 7.34456 MAX 7.82809  PROXIES: TOTAL 488 MAXPE 22 MAXPATCH 4 None 1.31263
LDB: TIME 5411.18 LOAD: AVG 7.34456 MAX 7.70005  PROXIES: TOTAL 488 MAXPE 22 MAXPATCH 4 RefineTorusLB 1.31263
LDB: ============== END OF LOAD BALANCING =============== 5411.18

PRESSURE: 65000 -13463.4 55.9427 86.4976 33.6175 -13529.3 137.435 125.04 109.826 -13041.4
GPRESSURE: 65000 -89.098 -14.1605 33.2895 -63.5714 -180.835 102.578 129.718 85.2053 226.744
PRESSAVG: 65000 -7.24655 3.60739 -0.246851 14.167 6.01834 -9.31755 -5.35282 4.65282 6.59966
GPRESSAVG: 65000 -7.32377 3.39732 0.0550478 14.1304 6.09582 -9.42481 -5.36865 4.53914 6.56061
TIMING: 65000  CPU: 4742.37, 0.0729397/step  Wall: 5435.54, 0.0838521/step, 4.30907 hours remaining, 135.195923 MB of memory in use.
ENERGY:   65000      8055.1295     40551.4712     27795.5441       545.2772        -441446.1889     12163.0305       294.1035         0.0000    114658.3928        -237383.2400       308.5832   -352041.6328   -237090.0722       309.8887         -13344.7272       -14.3962   1692859.1834         1.7905         1.7776

WRITING EXTENDED SYSTEM TO RESTART FILE AT STEP 65000
WRITING COORDINATES TO DCD FILE AT STEP 65000
WRITING COORDINATES TO RESTART FILE AT STEP 65000
FINISHED WRITING RESTART COORDINATES
WRITING VELOCITIES TO RESTART FILE AT STEP 65000
FINISHED WRITING RESTART VELOCITIES
LDB: ============= START OF LOAD BALANCING ============== 5737.61
LDB: ============== END OF LOAD BALANCING =============== 5737.61

LDB: ============= START OF LOAD BALANCING ============== 5746.14
LDB: TIME 5746.17 LOAD: AVG 7.33703 MAX 7.6593  PROXIES: TOTAL 488 MAXPE 22 MAXPATCH 4 None 1.30695
LDB: TIME 5746.19 LOAD: AVG 7.33703 MAX 7.6593  PROXIES: TOTAL 488 MAXPE 22 MAXPATCH 4 RefineTorusLB 1.30695
LDB: ============== END OF LOAD BALANCING =============== 5746.2

PRESSURE: 70000 -13532.8 -136.228 23.4092 -108.482 -13842.5 -67.3365 28.931 -80.0639 -13611.7
GPRESSURE: 70000 -98.4844 -45.0837 50.3488 -21.7191 -422.153 -60.5272 28.0175 -93.495 -363.561
PRESSAVG: 70000 -2.82626 31.0041 -8.73971 16.0543 -2.07312 16.5544 6.32364 1.05407 -0.481484
GPRESSAVG: 70000 -2.80125 31.1514 -8.84012 16.0415 -2.10188 16.4523 6.39235 1.17902 -0.30266
TIMING: 70000  CPU: 5107.69, 0.0730651/step  Wall: 5854.6, 0.0838112/step, 4.19056 hours remaining, 135.893250 MB of memory in use.
ENERGY:   70000      8076.6388     40690.2050     28034.4610       512.1502        -441944.6695     11770.9428       303.8828         0.0000    114744.1655        -237812.2235       308.8140   -352556.3889   -237532.1047       309.4309         -13662.3505      -294.7329   1693093.0274        -1.7936        -1.7353

WRITING EXTENDED SYSTEM TO RESTART FILE AT STEP 70000
WRITING COORDINATES TO DCD FILE AT STEP 70000
WRITING COORDINATES TO RESTART FILE AT STEP 70000
FINISHED WRITING RESTART COORDINATES
WRITING VELOCITIES TO RESTART FILE AT STEP 70000
FINISHED WRITING RESTART VELOCITIES
LDB: ============= START OF LOAD BALANCING ============== 6073.26
LDB: ============== END OF LOAD BALANCING =============== 6073.26

LDB: ============= START OF LOAD BALANCING ============== 6081.79
LDB: TIME 6081.83 LOAD: AVG 7.33999 MAX 7.5384  PROXIES: TOTAL 488 MAXPE 22 MAXPATCH 4 None 1.30699
LDB: TIME 6081.85 LOAD: AVG 7.33999 MAX 7.5384  PROXIES: TOTAL 488 MAXPE 22 MAXPATCH 4 RefineTorusLB 1.30699
LDB: ============== END OF LOAD BALANCING =============== 6081.85

PRESSURE: 75000 -13605 -28.4546 -22.5856 -10.3501 -13464.4 75.9503 -38.5481 23.1504 -13185.1
GPRESSURE: 75000 -108.988 54.6733 70.4876 -60.5781 -32.0239 55.3704 -66.5423 -18.0196 18.5641
PRESSAVG: 75000 -14.6343 12.7549 26.0772 10.2209 4.822 5.49273 14.2691 -21.0407 7.84654
GPRESSAVG: 75000 -14.5024 12.8405 26.2392 10.1991 4.77735 5.56369 14.1047 -21.3155 7.84495
TIMING: 75000  CPU: 5472.52, 0.0729659/step  Wall: 6274.12, 0.0839049/step, 4.07871 hours remaining, 136.536743 MB of memory in use.
ENERGY:   75000      8008.4361     40478.8332     28027.8837       518.9547        -441930.8708     12618.0057       297.9379         0.0000    115098.6455        -236882.1741       309.7680   -351980.8196   -236598.0606       309.8964         -13418.1677       -40.8161   1689849.7854        -0.6552        -0.6267

WRITING EXTENDED SYSTEM TO RESTART FILE AT STEP 75000
WRITING COORDINATES TO DCD FILE AT STEP 75000
WRITING COORDINATES TO RESTART FILE AT STEP 75000
FINISHED WRITING RESTART COORDINATES
WRITING VELOCITIES TO RESTART FILE AT STEP 75000
FINISHED WRITING RESTART VELOCITIES
LDB: ============= START OF LOAD BALANCING ============== 6415.5
LDB: ============== END OF LOAD BALANCING =============== 6415.5

LDB: ============= START OF LOAD BALANCING ============== 6423.99
LDB: TIME 6424.02 LOAD: AVG 7.3387 MAX 7.53889  PROXIES: TOTAL 488 MAXPE 22 MAXPATCH 4 None 1.31099
LDB: TIME 6424.04 LOAD: AVG 7.3387 MAX 7.53889  PROXIES: TOTAL 488 MAXPE 22 MAXPATCH 4 RefineTorusLB 1.31099
LDB: ============== END OF LOAD BALANCING =============== 6424.04

PRESSURE: 80000 -13343.5 -67.8738 54.5651 -9.64336 -13284.7 -103.202 83.5396 -65.4278 -12962.1
GPRESSURE: 80000 91.9112 -1.72878 -4.0378 -48.0465 136.123 -50.8684 86.8293 5.44518 252.096
PRESSAVG: 80000 8.35948 22.3284 16.2531 16.7675 -16.4814 -14.5903 2.09012 -18.4761 4.93364
GPRESSAVG: 80000 8.35981 22.1409 16.3603 16.6462 -16.5898 -14.568 1.86589 -18.3808 4.93134
TIMING: 80000  CPU: 5836.9, 0.0728761/step  Wall: 6700.68, 0.0853124/step, 4.02864 hours remaining, 136.058868 MB of memory in use.
ENERGY:   80000      7920.3912     40389.3110     27882.3612       500.1273        -441903.1802     12458.5531       294.6326         0.0000    114947.5620        -237510.2418       309.3614   -352457.8038   -237229.7307       309.7685         -13196.7872       160.0434   1691415.8885        -1.0627        -1.0995

WRITING EXTENDED SYSTEM TO RESTART FILE AT STEP 80000
WRITING COORDINATES TO DCD FILE AT STEP 80000
WRITING COORDINATES TO RESTART FILE AT STEP 80000
FINISHED WRITING RESTART COORDINATES
WRITING VELOCITIES TO RESTART FILE AT STEP 80000
FINISHED WRITING RESTART VELOCITIES
LDB: ============= START OF LOAD BALANCING ============== 6751.63
LDB: ============== END OF LOAD BALANCING =============== 6751.63

LDB: ============= START OF LOAD BALANCING ============== 6760.17
LDB: TIME 6760.2 LOAD: AVG 7.34344 MAX 7.61409  PROXIES: TOTAL 488 MAXPE 22 MAXPATCH 4 None 1.3108
LDB: TIME 6760.22 LOAD: AVG 7.34344 MAX 7.61409  PROXIES: TOTAL 488 MAXPE 22 MAXPATCH 4 RefineTorusLB 1.3108
LDB: ============== END OF LOAD BALANCING =============== 6760.22

LDB: ============= START OF LOAD BALANCING ============== 7086.72
LDB: ============== END OF LOAD BALANCING =============== 7086.72

LDB: ============= START OF LOAD BALANCING ============== 7095.14
LDB: TIME 7095.18 LOAD: AVG 7.33411 MAX 7.6583  PROXIES: TOTAL 488 MAXPE 22 MAXPATCH 4 None 1.31059
LDB: TIME 7095.2 LOAD: AVG 7.33411 MAX 7.6583  PROXIES: TOTAL 488 MAXPE 22 MAXPATCH 4 RefineTorusLB 1.31059
LDB: ============== END OF LOAD BALANCING =============== 7095.2

PRESSURE: 85000 -13515.8 -3.11906 178.658 8.33086 -13248.8 -61.7531 156.062 -84.8175 -13175.1
GPRESSURE: 85000 -94.2232 -47.8216 81.681 -19.5887 123.148 -101.139 35.6688 -56.2028 65.2928
PRESSAVG: 85000 5.1957 -18.7948 -2.9418 -3.19485 -9.30905 -0.575429 -3.69096 -14.7688 1.19167
GPRESSAVG: 85000 5.23238 -18.7712 -2.93349 -3.21328 -9.32794 -0.59664 -3.45732 -14.72 1.06777
TIMING: 85000  CPU: 6201.97, 0.0730121/step  Wall: 7120.14, 0.0838915/step, 3.84503 hours remaining, 137.507782 MB of memory in use.
ENERGY:   85000      7997.3445     40403.0573     27854.5749       516.4539        -442218.0213     12786.7012       290.6248         0.0000    114891.2534        -237478.0113       309.2099   -352369.2647   -237193.0150       310.0101         -13313.2241        31.4057   1692454.9304        -0.9739        -1.0093

WRITING EXTENDED SYSTEM TO RESTART FILE AT STEP 85000
WRITING COORDINATES TO DCD FILE AT STEP 85000
WRITING COORDINATES TO RESTART FILE AT STEP 85000
FINISHED WRITING RESTART COORDINATES
WRITING VELOCITIES TO RESTART FILE AT STEP 85000
FINISHED WRITING RESTART VELOCITIES
LDB: ============= START OF LOAD BALANCING ============== 7434.91
LDB: ============== END OF LOAD BALANCING =============== 7434.91

LDB: ============= START OF LOAD BALANCING ============== 7443.48
LDB: TIME 7443.49 LOAD: AVG 7.32697 MAX 7.5046  PROXIES: TOTAL 488 MAXPE 22 MAXPATCH 4 None 1.30345
LDB: TIME 7443.5 LOAD: AVG 7.32697 MAX 7.5046  PROXIES: TOTAL 488 MAXPE 22 MAXPATCH 4 RefineTorusLB 1.30345
LDB: ============== END OF LOAD BALANCING =============== 7443.51

WRITING COORDINATES TO DCD FILE AT STEP 90000
WRITING COORDINATES TO RESTART FILE AT STEP 90000
FINISHED WRITING RESTART COORDINATES
PRESSURE: 90000 -13553.3 -67.9205 -207.167 -27.5979 -13565.1 161.771 -153.884 125.067 -13113.8
GPRESSURE: 90000 -155.496 75.1943 -249.098 2.49364 -87.2492 178.931 -34.1288 113.117 122.872
PRESSAVG: 90000 -7.17606 -5.55194 -3.85324 -3.74356 14.326 -15.2819 -3.53771 -0.629322 -2.14507
GPRESSAVG: 90000 -7.34738 -5.63261 -3.88839 -3.69344 14.4011 -15.3295 -3.5226 -0.636453 -2.06509
TIMING: 90000  CPU: 6568.9, 0.0733866/step  Wall: 7551.96, 0.0863648/step, 3.83844 hours remaining, 135.339172 MB of memory in use.
ENERGY:   90000      8110.8210     40603.4892     27897.9980       505.1554        -442212.3149     12281.0397       314.9415         0.0000    114782.5415        -237716.3286       308.9173   -352498.8701   -237417.2452       309.5866         -13410.7398       -39.9576   1691680.3602         1.6683         1.6629

WRITING EXTENDED SYSTEM TO RESTART FILE AT STEP 90000
WRITING VELOCITIES TO RESTART FILE AT STEP 90000
FINISHED WRITING RESTART VELOCITIES
LDB: ============= START OF LOAD BALANCING ============== 7770.04
LDB: ============== END OF LOAD BALANCING =============== 7770.04

LDB: ============= START OF LOAD BALANCING ============== 7778.54
LDB: TIME 7778.57 LOAD: AVG 7.3158 MAX 7.79398  PROXIES: TOTAL 488 MAXPE 22 MAXPATCH 4 None 1.29277
LDB: TIME 7778.61 LOAD: AVG 7.3158 MAX 7.67777  PROXIES: TOTAL 488 MAXPE 22 MAXPATCH 4 RefineTorusLB 1.29277
LDB: ============== END OF LOAD BALANCING =============== 7778.61

PRESSURE: 95000 -13470.2 -2.96564 222 15.0196 -13344.4 53.618 184.793 121.5 -13276.7
GPRESSURE: 95000 -61.6242 50.1135 127.569 2.75511 -75.6136 -49.386 149.863 216.866 -9.48801
PRESSAVG: 95000 -3.85828 9.52721 2.09325 10.4516 -3.45394 1.43556 12.5701 -24.3359 5.28905
GPRESSAVG: 95000 -3.82478 9.41595 2.15641 10.3957 -3.41238 1.34249 12.5549 -24.1941 5.17333
TIMING: 95000  CPU: 6934.88, 0.0731959/step  Wall: 7970.05, 0.0836166/step, 3.60016 hours remaining, 135.621887 MB of memory in use.
ENERGY:   95000      8036.4853     40416.9961     27972.6419       497.4972        -440946.6210     12052.3872       309.1751         0.0000    114819.1042        -236842.3341       309.0157   -351661.4383   -236533.0532       309.8028         -13363.7915       -48.9086   1692564.9690        -0.6744        -0.6879

WRITING EXTENDED SYSTEM TO RESTART FILE AT STEP 95000
WRITING COORDINATES TO DCD FILE AT STEP 95000
WRITING COORDINATES TO RESTART FILE AT STEP 95000
FINISHED WRITING RESTART COORDINATES
WRITING VELOCITIES TO RESTART FILE AT STEP 95000
FINISHED WRITING RESTART VELOCITIES
LDB: ============= START OF LOAD BALANCING ============== 8104.23
LDB: ============== END OF LOAD BALANCING =============== 8104.23

LDB: ============= START OF LOAD BALANCING ============== 8112.71
LDB: TIME 8112.74 LOAD: AVG 7.35308 MAX 7.49613  PROXIES: TOTAL 488 MAXPE 22 MAXPATCH 4 None 1.31921
LDB: TIME 8112.76 LOAD: AVG 7.35308 MAX 7.49613  PROXIES: TOTAL 488 MAXPE 22 MAXPATCH 4 RefineTorusLB 1.31921
LDB: ============== END OF LOAD BALANCING =============== 8112.77

PRESSURE: 100000 -13280.8 37.3106 202.691 67.8021 -13662.1 60.2317 164.805 63.2272 -13372.9
GPRESSURE: 100000 41.6481 52.3031 126.496 61.972 -170.981 -4.57331 108.751 16.1429 -167.162
PRESSAVG: 100000 -1.7331 -24.7601 8.10853 0.0515794 6.94688 13.2967 12.9947 2.83404 -5.3635
GPRESSAVG: 100000 -1.75444 -24.755 8.04823 -0.04806 6.91199 13.2284 13.0244 2.70454 -5.20642
TIMING: 100000  CPU: 7300.8, 0.0731853/step  Wall: 8388.11, 0.0836116/step, 3.48382 hours remaining, 136.900146 MB of memory in use.
ETITLE:      TS           BOND          ANGLE          DIHED          IMPRP               ELECT            VDW       BOUNDARY           MISC        KINETIC               TOTAL           TEMP      POTENTIAL         TOTAL3        TEMPAVG            PRESSURE      GPRESSURE         VOLUME       PRESSAVG      GPRESSAVG

ENERGY:  100000      8083.8423     40776.3352     27879.6104       503.2777        -441572.7607     11967.6838       307.0116         0.0000    115208.6983        -236846.3014       310.0642   -352054.9997   -236541.2750       309.6983         -13438.5983       -98.8317   1691458.0899        -0.0499        -0.0163

WRITING EXTENDED SYSTEM TO RESTART FILE AT STEP 100000
WRITING COORDINATES TO DCD FILE AT STEP 100000
WRITING COORDINATES TO RESTART FILE AT STEP 100000
FINISHED WRITING RESTART COORDINATES
WRITING VELOCITIES TO RESTART FILE AT STEP 100000
FINISHED WRITING RESTART VELOCITIES
LDB: ============= START OF LOAD BALANCING ============== 8439
LDB: ============== END OF LOAD BALANCING =============== 8439

LDB: ============= START OF LOAD BALANCING ============== 8447.62
LDB: TIME 8447.65 LOAD: AVG 7.35636 MAX 7.58733  PROXIES: TOTAL 488 MAXPE 22 MAXPATCH 4 None 1.31297
LDB: TIME 8447.67 LOAD: AVG 7.35636 MAX 7.58733  PROXIES: TOTAL 488 MAXPE 22 MAXPATCH 4 RefineTorusLB 1.31297
LDB: ============== END OF LOAD BALANCING =============== 8447.67

LDB: ============= START OF LOAD BALANCING ============== 8772.92
LDB: ============== END OF LOAD BALANCING =============== 8772.92

LDB: ============= START OF LOAD BALANCING ============== 8781.4
LDB: TIME 8781.43 LOAD: AVG 7.33577 MAX 7.49692  PROXIES: TOTAL 488 MAXPE 22 MAXPATCH 4 None 1.30164
LDB: TIME 8781.45 LOAD: AVG 7.33577 MAX 7.49692  PROXIES: TOTAL 488 MAXPE 22 MAXPATCH 4 RefineTorusLB 1.30164
LDB: ============== END OF LOAD BALANCING =============== 8781.46

PRESSURE: 105000 -13218.8 204.68 70.9367 182.166 -13568.9 183.173 72.7571 103.777 -13262.2
GPRESSURE: 105000 141.215 127.664 32.6855 128.544 -93.9722 170.401 17.9716 89.5448 47.4907
PRESSAVG: 105000 6.73165 2.05897 3.2101 -6.3194 -2.69934 52.5242 11.7491 19.8385 -3.63152
GPRESSAVG: 105000 6.65735 2.12671 3.18256 -6.46669 -2.43947 52.593 11.909 19.8396 -3.69383
TIMING: 105000  CPU: 7666.89, 0.0732175/step  Wall: 8805.92, 0.0835622/step, 3.3657 hours remaining, 136.973816 MB of memory in use.
ENERGY:  105000      8059.4760     40678.5031     28012.9001       544.3660        -442041.9270     12365.3105       300.7124         0.0000    114861.5788        -237219.0800       309.1300   -352080.6589   -236919.4603       310.2184         -13349.9647        31.5778   1690723.6688         0.1336         0.1747

WRITING EXTENDED SYSTEM TO RESTART FILE AT STEP 105000
WRITING COORDINATES TO DCD FILE AT STEP 105000
WRITING COORDINATES TO RESTART FILE AT STEP 105000
FINISHED WRITING RESTART COORDINATES
WRITING VELOCITIES TO RESTART FILE AT STEP 105000
FINISHED WRITING RESTART VELOCITIES
LDB: ============= START OF LOAD BALANCING ============== 9107.72
LDB: ============== END OF LOAD BALANCING =============== 9107.72

LDB: ============= START OF LOAD BALANCING ============== 9116.12
LDB: TIME 9116.15 LOAD: AVG 7.33546 MAX 7.54058  PROXIES: TOTAL 488 MAXPE 22 MAXPATCH 4 None 1.30231
LDB: TIME 9116.17 LOAD: AVG 7.33546 MAX 7.54058  PROXIES: TOTAL 488 MAXPE 22 MAXPATCH 4 RefineTorusLB 1.30231
LDB: ============== END OF LOAD BALANCING =============== 9116.17

PRESSURE: 110000 -13253.4 69.4121 89.3474 121.423 -13175.6 107.886 73.3056 147.024 -13301.1
GPRESSURE: 110000 183.856 110.398 -32.4253 135.239 234.069 3.86738 -22.4707 49.7185 69.8327
PRESSAVG: 110000 10.2107 8.30823 -15.0825 7.08203 -1.32962 31.0629 6.53033 2.07113 1.67359
GPRESSAVG: 110000 10.2509 8.35888 -14.9816 7.14842 -1.46048 30.9852 6.61961 1.98709 1.80768
TIMING: 110000  CPU: 8033.91, 0.0734042/step  Wall: 9224.76, 0.0837687/step, 3.25767 hours remaining, 136.358948 MB of memory in use.
ENERGY:  110000      8078.1444     40609.3395     27854.0695       520.7498        -442059.1196     12339.5638       321.8805         0.0000    114492.3672        -237843.0049       308.1363   -352335.3721   -237539.0028       309.4899         -13243.3568       162.5859   1685662.2454         3.5182         3.5327

WRITING EXTENDED SYSTEM TO RESTART FILE AT STEP 110000
WRITING COORDINATES TO DCD FILE AT STEP 110000
WRITING COORDINATES TO RESTART FILE AT STEP 110000
FINISHED WRITING RESTART COORDINATES
WRITING VELOCITIES TO RESTART FILE AT STEP 110000
FINISHED WRITING RESTART VELOCITIES
LDB: ============= START OF LOAD BALANCING ============== 9443.47
LDB: ============== END OF LOAD BALANCING =============== 9443.47

LDB: ============= START OF LOAD BALANCING ============== 9452.16
LDB: TIME 9452.2 LOAD: AVG 7.34104 MAX 7.70014  PROXIES: TOTAL 488 MAXPE 22 MAXPATCH 4 None 1.30221
LDB: TIME 9452.22 LOAD: AVG 7.34104 MAX 7.70014  PROXIES: TOTAL 488 MAXPE 22 MAXPATCH 4 RefineTorusLB 1.30221
LDB: ============== END OF LOAD BALANCING =============== 9452.22

WRITING COORDINATES TO DCD FILE AT STEP 115000
WRITING COORDINATES TO RESTART FILE AT STEP 115000
FINISHED WRITING RESTART COORDINATES
WRITING VELOCITIES TO RESTART FILE AT STEP 115000
FINISHED WRITING RESTART VELOCITIES
PRESSURE: 115000 -13463.9 -164.335 -107.064 -169.351 -13458.7 106.274 -58.8935 110.395 -13297.6
GPRESSURE: 115000 -143.23 -73.7719 -116.318 -135.764 -95.9946 79.9231 -101.707 131.383 14.5278
PRESSAVG: 115000 6.71282 2.69657 10.7822 -0.342597 -14.647 5.53097 30.3601 -9.01087 4.52056
GPRESSAVG: 115000 6.73614 2.59961 10.7698 -0.393461 -14.7558 5.4495 30.2739 -8.9651 4.47736
TIMING: 115000  CPU: 8400.39, 0.0732963/step  Wall: 9644.98, 0.0840444/step, 3.15167 hours remaining, 135.073090 MB of memory in use.
ENERGY:  115000      8062.4111     40243.8267     27885.8537       485.2364        -441145.1852     12111.9003       307.5090         0.0000    114926.6194        -237121.8285       309.3051   -352048.4479   -236814.5569       309.6813         -13406.7117       -74.8991   1691297.5546        -1.1379        -1.1808

WRITING EXTENDED SYSTEM TO RESTART FILE AT STEP 115000
LDB: ============= START OF LOAD BALANCING ============== 9779.63
LDB: ============== END OF LOAD BALANCING =============== 9779.63

LDB: ============= START OF LOAD BALANCING ============== 9788.2
LDB: TIME 9788.24 LOAD: AVG 7.34881 MAX 7.63456  PROXIES: TOTAL 488 MAXPE 22 MAXPATCH 4 None 1.30409
LDB: TIME 9788.25 LOAD: AVG 7.34881 MAX 7.63456  PROXIES: TOTAL 488 MAXPE 22 MAXPATCH 4 RefineTorusLB 1.30409
LDB: ============== END OF LOAD BALANCING =============== 9788.26

PRESSURE: 120000 -13428 -53.6127 -38.1549 -57.0199 -13292.8 139.821 -56.6195 91.5223 -13141.1
GPRESSURE: 120000 -49.9734 -3.92422 48.7526 -80.3319 57.1095 66.945 97.3813 23.379 104.693
PRESSAVG: 120000 -2.78593 13.5503 15.6094 15.1772 2.22157 -3.31279 20.1863 -20.9216 -5.60572
GPRESSAVG: 120000 -2.6735 13.6444 15.6842 15.2332 2.21718 -3.22616 20.2182 -20.8923 -5.62093
TIMING: 120000  CPU: 8766.15, 0.0731513/step  Wall: 10064.5, 0.0839101/step, 3.03009 hours remaining, 137.856903 MB of memory in use.
ENERGY:  120000      8033.7487     40508.3006     27720.6020       496.6927        -441150.0961     11809.7043       300.1182         0.0000    114330.3722        -237950.5573       307.7004   -352280.9295   -237653.5680       309.8879         -13287.2959        37.2764   1690116.6352        -2.0567        -2.0258

WRITING EXTENDED SYSTEM TO RESTART FILE AT STEP 120000
WRITING COORDINATES TO DCD FILE AT STEP 120000
WRITING COORDINATES TO RESTART FILE AT STEP 120000
FINISHED WRITING RESTART COORDINATES
WRITING VELOCITIES TO RESTART FILE AT STEP 120000
FINISHED WRITING RESTART VELOCITIES
LDB: ============= START OF LOAD BALANCING ============== 10115.7
LDB: ============== END OF LOAD BALANCING =============== 10115.7

LDB: ============= START OF LOAD BALANCING ============== 10124.3
LDB: TIME 10124.4 LOAD: AVG 7.35814 MAX 7.68228  PROXIES: TOTAL 488 MAXPE 22 MAXPATCH 4 None 1.31629
LDB: TIME 10124.4 LOAD: AVG 7.35814 MAX 7.68228  PROXIES: TOTAL 488 MAXPE 22 MAXPATCH 4 RefineTorusLB 1.31629
LDB: ============== END OF LOAD BALANCING =============== 10124.4

LDB: ============= START OF LOAD BALANCING ============== 10451.6
LDB: ============== END OF LOAD BALANCING =============== 10451.7

LDB: ============= START OF LOAD BALANCING ============== 10460.3
LDB: TIME 10460.4 LOAD: AVG 7.37617 MAX 7.54177  PROXIES: TOTAL 488 MAXPE 22 MAXPATCH 4 None 1.30879
LDB: TIME 10460.4 LOAD: AVG 7.37617 MAX 7.54177  PROXIES: TOTAL 488 MAXPE 22 MAXPATCH 4 RefineTorusLB 1.30879
LDB: ============== END OF LOAD BALANCING =============== 10460.4

PRESSURE: 125000 -13639.6 -2.71404 -93.8277 18.3798 -13627.3 219.496 -80.2191 131.333 -13236.4
GPRESSURE: 125000 -105.25 -154.424 -64.8687 -43.2916 -53.3008 241.355 -85.9815 35.642 -104.317
PRESSAVG: 125000 3.98008 17.8754 7.23788 17.4153 4.30445 -2.50493 22.7899 -21.4394 0.906802
GPRESSAVG: 125000 4.2328 17.803 7.16305 17.2794 4.31136 -2.22085 22.8351 -21.4777 0.867263
TIMING: 125000  CPU: 9130.19, 0.0728087/step  Wall: 10485.1, 0.0841069/step, 2.92038 hours remaining, 138.060822 MB of memory in use.
ENERGY:  125000      8289.5821     40700.7093     27886.3994       513.6164        -442194.9211     12135.3096       306.3461         0.0000    114439.9927        -237922.9655       307.9954   -352362.9582   -237633.2973       309.7791         -13501.1162       -87.6223   1687009.9769         3.0638         3.1371

WRITING EXTENDED SYSTEM TO RESTART FILE AT STEP 125000
WRITING COORDINATES TO DCD FILE AT STEP 125000
WRITING COORDINATES TO RESTART FILE AT STEP 125000
FINISHED WRITING RESTART COORDINATES
WRITING VELOCITIES TO RESTART FILE AT STEP 125000
FINISHED WRITING RESTART VELOCITIES
LDB: ============= START OF LOAD BALANCING ============== 10787
LDB: ============== END OF LOAD BALANCING =============== 10787

LDB: ============= START OF LOAD BALANCING ============== 10795.6
LDB: TIME 10795.6 LOAD: AVG 7.35066 MAX 7.57061  PROXIES: TOTAL 488 MAXPE 22 MAXPATCH 4 None 1.31163
LDB: TIME 10795.7 LOAD: AVG 7.35066 MAX 7.57061  PROXIES: TOTAL 488 MAXPE 22 MAXPATCH 4 RefineTorusLB 1.31163
LDB: ============== END OF LOAD BALANCING =============== 10795.7

PRESSURE: 130000 -13400.4 41.589 -100.678 -10.4682 -13564 -71.9096 -79.8245 -137.443 -13216.6
GPRESSURE: 130000 -37.6274 59.0581 -105.91 20.8109 -178.064 -141.508 -5.43849 -83.2553 94.1066
PRESSAVG: 130000 -9.27547 10.8707 -11.7733 -2.81283 2.44177 12.4716 4.81186 -4.24504 2.98303
GPRESSAVG: 130000 -9.27146 10.9919 -11.6952 -2.84683 2.38973 12.543 4.65706 -4.12926 3.02969
TIMING: 130000  CPU: 9495.05, 0.0729721/step  Wall: 10904, 0.0837912/step, 2.79304 hours remaining, 135.492554 MB of memory in use.
ENERGY:  130000      8054.3318     40687.7920     27811.6136       505.6978        -441571.2521     11670.1561       283.8355         0.0000    115024.8843        -237532.9411       309.5695   -352557.8253   -237260.0008       309.8029         -13393.6566       -40.5283   1688049.3845        -1.2836        -1.2840

WRITING EXTENDED SYSTEM TO RESTART FILE AT STEP 130000
WRITING COORDINATES TO DCD FILE AT STEP 130000
WRITING COORDINATES TO RESTART FILE AT STEP 130000
FINISHED WRITING RESTART COORDINATES
WRITING VELOCITIES TO RESTART FILE AT STEP 130000
FINISHED WRITING RESTART VELOCITIES
LDB: ============= START OF LOAD BALANCING ============== 11122.4
LDB: ============== END OF LOAD BALANCING =============== 11122.4

LDB: ============= START OF LOAD BALANCING ============== 11131
LDB: TIME 11131 LOAD: AVG 7.34663 MAX 7.50018  PROXIES: TOTAL 488 MAXPE 22 MAXPATCH 4 None 1.30462
LDB: TIME 11131.1 LOAD: AVG 7.34663 MAX 7.50018  PROXIES: TOTAL 488 MAXPE 22 MAXPATCH 4 RefineTorusLB 1.30462
LDB: ============== END OF LOAD BALANCING =============== 11131.1

PRESSURE: 135000 -13479 227.341 -36.3226 209.597 -13518.8 176.883 -52.5274 155.171 -13192.4
GPRESSURE: 135000 7.28774 119.458 -129.882 173.694 -98.1387 105.813 -44.1099 117.904 111.504
PRESSAVG: 135000 7.11181 4.3117 1.46085 -15.7988 5.48127 4.61321 14.5923 -11.0436 4.71684
GPRESSAVG: 135000 7.23286 4.38097 1.36654 -15.793 5.40509 4.65384 14.5593 -11.1423 4.74442
TIMING: 135000  CPU: 9859.13, 0.0728155/step  Wall: 11323.6, 0.0839153/step, 2.68063 hours remaining, 137.105591 MB of memory in use.
ENERGY:  135000      8100.0199     40678.3399     27880.1189       519.1231        -442576.2813     12643.0531       317.6598         0.0000    115296.2013        -237141.7653       310.2997   -352437.9666   -236861.1927       309.8827         -13396.7458         6.8843   1686471.2440         5.7700         5.7941

WRITING EXTENDED SYSTEM TO RESTART FILE AT STEP 135000
WRITING COORDINATES TO DCD FILE AT STEP 135000
WRITING COORDINATES TO RESTART FILE AT STEP 135000
FINISHED WRITING RESTART COORDINATES
WRITING VELOCITIES TO RESTART FILE AT STEP 135000
FINISHED WRITING RESTART VELOCITIES
LDB: ============= START OF LOAD BALANCING ============== 11458.2
LDB: ============== END OF LOAD BALANCING =============== 11458.2

LDB: ============= START OF LOAD BALANCING ============== 11466.6
LDB: TIME 11466.7 LOAD: AVG 7.34708 MAX 7.50416  PROXIES: TOTAL 488 MAXPE 22 MAXPATCH 4 None 1.31949
LDB: TIME 11466.7 LOAD: AVG 7.34708 MAX 7.50416  PROXIES: TOTAL 488 MAXPE 22 MAXPATCH 4 RefineTorusLB 1.31949
LDB: ============== END OF LOAD BALANCING =============== 11466.7

PRESSURE: 140000 -13332.2 168.96 31.8712 172.79 -13615.7 69.98 19.3794 74.3377 -13175
GPRESSURE: 140000 96.2455 53.8886 40.5644 154.879 -147.158 -52.7319 -41.5002 73.0051 74.197
PRESSAVG: 140000 -1.66103 7.66419 36.9651 15.4905 10.4051 -40.1323 31.9299 -23.5475 -1.04005
GPRESSAVG: 140000 -1.61637 7.63913 36.9167 15.5623 10.4184 -40.181 32.0097 -23.5924 -1.01714
TIMING: 140000  CPU: 10224.9, 0.0731555/step  Wall: 11742.8, 0.0838471/step, 2.56199 hours remaining, 136.968018 MB of memory in use.
ENERGY:  140000      7975.2773     40612.8075     27957.0184       522.6564        -442056.7741     12064.7547       295.7278         0.0000    114627.4149        -238001.1171       308.4998   -352628.5319   -237704.1148       310.0043         -13374.3118         7.7616   1689065.9519         2.5680         2.5950

WRITING EXTENDED SYSTEM TO RESTART FILE AT STEP 140000
WRITING COORDINATES TO DCD FILE AT STEP 140000
WRITING COORDINATES TO RESTART FILE AT STEP 140000
FINISHED WRITING RESTART COORDINATES
WRITING VELOCITIES TO RESTART FILE AT STEP 140000
FINISHED WRITING RESTART VELOCITIES
LDB: ============= START OF LOAD BALANCING ============== 11793.8
LDB: ============== END OF LOAD BALANCING =============== 11793.8

LDB: ============= START OF LOAD BALANCING ============== 11802.3
LDB: TIME 11802.4 LOAD: AVG 7.36429 MAX 7.59968  PROXIES: TOTAL 488 MAXPE 22 MAXPATCH 4 None 1.31711
LDB: TIME 11802.4 LOAD: AVG 7.36429 MAX 7.59968  PROXIES: TOTAL 488 MAXPE 22 MAXPATCH 4 RefineTorusLB 1.31711
LDB: ============== END OF LOAD BALANCING =============== 11802.4

LDB: ============= START OF LOAD BALANCING ============== 12129
LDB: ============== END OF LOAD BALANCING =============== 12129

LDB: ============= START OF LOAD BALANCING ============== 12137.5
LDB: TIME 12137.5 LOAD: AVG 7.34407 MAX 7.63772  PROXIES: TOTAL 488 MAXPE 22 MAXPATCH 4 None 1.30248
LDB: TIME 12137.6 LOAD: AVG 7.34407 MAX 7.63772  PROXIES: TOTAL 488 MAXPE 22 MAXPATCH 4 RefineTorusLB 1.30248
LDB: ============== END OF LOAD BALANCING =============== 12137.6

PRESSURE: 145000 -13268.5 131.626 -17.6961 145.471 -13382.2 -76.9517 -22.2954 4.75999 -13289.4
GPRESSURE: 145000 91.9221 192.353 -143.345 133.619 79.5734 -148.392 -26.7866 18.8479 19.2001
PRESSAVG: 145000 7.20996 9.38057 12.7472 9.45384 -6.33694 -9.38286 16.6746 10.5546 -1.01994
GPRESSAVG: 145000 7.18607 9.46221 12.8514 9.46136 -6.06209 -9.46927 16.7789 10.8273 -1.06225
TIMING: 145000  CPU: 10590.4, 0.0730959/step  Wall: 12162.1, 0.0838627/step, 2.446 hours remaining, 135.638489 MB of memory in use.
ENERGY:  145000      7997.0606     40733.6927     28060.7249       503.3851        -441855.9835     12149.4478       302.9391         0.0000    115112.7901        -236995.9431       309.8061   -352108.7333   -236704.7353       309.7543         -13313.3587        63.5652   1687350.8038        -0.0490         0.0206

WRITING EXTENDED SYSTEM TO RESTART FILE AT STEP 145000
WRITING COORDINATES TO DCD FILE AT STEP 145000
WRITING COORDINATES TO RESTART FILE AT STEP 145000
FINISHED WRITING RESTART COORDINATES
WRITING VELOCITIES TO RESTART FILE AT STEP 145000
FINISHED WRITING RESTART VELOCITIES
LDB: ============= START OF LOAD BALANCING ============== 12464.8
LDB: ============== END OF LOAD BALANCING =============== 12464.8

LDB: ============= START OF LOAD BALANCING ============== 12473.3
LDB: TIME 12473.4 LOAD: AVG 7.36906 MAX 7.59955  PROXIES: TOTAL 488 MAXPE 22 MAXPATCH 4 None 1.31258
LDB: TIME 12473.4 LOAD: AVG 7.36906 MAX 7.59955  PROXIES: TOTAL 488 MAXPE 22 MAXPATCH 4 RefineTorusLB 1.31258
LDB: ============== END OF LOAD BALANCING =============== 12473.4

PRESSURE: 150000 -13734.2 39.5449 17.8698 51.6125 -13542.3 -109.102 -29.1956 -77.1892 -13534
GPRESSURE: 150000 -348.263 49.6861 190.424 134.196 -209.509 -44.218 -121.171 49.2842 -253.973
PRESSAVG: 150000 -9.29543 18.1843 7.31822 19.2511 -2.14868 2.48719 -0.9386 18.392 3.39695
GPRESSAVG: 150000 -9.30051 18.1405 7.13087 19.2786 -2.08947 2.46071 -1.07573 18.3843 3.36172
TIMING: 150000  CPU: 10956.6, 0.0732431/step  Wall: 12582.4, 0.0840405/step, 2.33446 hours remaining, 136.978577 MB of memory in use.
ETITLE:      TS           BOND          ANGLE          DIHED          IMPRP               ELECT            VDW       BOUNDARY           MISC        KINETIC               TOTAL           TEMP      POTENTIAL         TOTAL3        TEMPAVG            PRESSURE      GPRESSURE         VOLUME       PRESSAVG      GPRESSAVG

ENERGY:  150000      8173.2100     40503.7109     27866.5536       473.0606        -441167.3190     11432.0366       307.8800         0.0000    114414.0747        -237996.7925       307.9256   -352410.8672   -237721.5695       309.7444         -13603.5163      -270.5815   1689317.5716        -2.6824        -2.6761

WRITING EXTENDED SYSTEM TO RESTART FILE AT STEP 150000
WRITING COORDINATES TO DCD FILE AT STEP 150000
WRITING COORDINATES TO RESTART FILE AT STEP 150000
FINISHED WRITING RESTART COORDINATES
WRITING VELOCITIES TO RESTART FILE AT STEP 150000
FINISHED WRITING RESTART VELOCITIES
LDB: ============= START OF LOAD BALANCING ============== 12800.5
LDB: ============== END OF LOAD BALANCING =============== 12800.5

LDB: ============= START OF LOAD BALANCING ============== 12809.1
LDB: TIME 12809.1 LOAD: AVG 7.35185 MAX 7.64007  PROXIES: TOTAL 488 MAXPE 22 MAXPATCH 4 None 1.29661
LDB: TIME 12809.2 LOAD: AVG 7.35185 MAX 7.64007  PROXIES: TOTAL 488 MAXPE 22 MAXPATCH 4 RefineTorusLB 1.29661
LDB: ============== END OF LOAD BALANCING =============== 12809.2

PRESSURE: 155000 -13064.7 -72.5939 -14.3994 -54.6094 -13124.5 13.8376 -86.7564 3.5333 -13243.4
GPRESSURE: 155000 280.147 -119.645 -38.3813 -34.8037 248.801 74.9452 -127.253 116.063 115.796
PRESSAVG: 155000 11.9292 -4.73114 -0.0543937 -25.4357 -6.93971 -23.8036 -4.37329 -9.54862 6.88389
GPRESSAVG: 155000 11.9077 -4.68363 0.0742409 -25.4213 -6.89284 -23.8052 -4.51443 -9.54137 7.00022
TIMING: 155000  CPU: 11323, 0.0732847/step  Wall: 13001.5, 0.083838/step, 2.21239 hours remaining, 135.976776 MB of memory in use.
ENERGY:  155000      7976.6348     40523.4345     27960.4028       496.4654        -441595.0426     12478.3565       297.4539         0.0000    114955.3199        -236906.9747       309.3823   -351862.2946   -236605.6883       309.6315         -13144.2107       214.9147   1688284.5754         3.9578         4.0050

WRITING EXTENDED SYSTEM TO RESTART FILE AT STEP 155000
WRITING COORDINATES TO DCD FILE AT STEP 155000
WRITING COORDINATES TO RESTART FILE AT STEP 155000
FINISHED WRITING RESTART COORDINATES
WRITING VELOCITIES TO RESTART FILE AT STEP 155000
FINISHED WRITING RESTART VELOCITIES
LDB: ============= START OF LOAD BALANCING ============== 13136.4
LDB: ============== END OF LOAD BALANCING =============== 13136.4

LDB: ============= START OF LOAD BALANCING ============== 13144.9
LDB: TIME 13144.9 LOAD: AVG 7.33003 MAX 7.52147  PROXIES: TOTAL 488 MAXPE 22 MAXPATCH 4 None 1.30396
LDB: TIME 13144.9 LOAD: AVG 7.33003 MAX 7.52147  PROXIES: TOTAL 488 MAXPE 22 MAXPATCH 4 RefineTorusLB 1.30396
LDB: ============== END OF LOAD BALANCING =============== 13144.9

PRESSURE: 160000 -13475.2 -14.2054 32.6662 -3.79053 -13262.2 -106.856 22.0823 -99.3142 -13370.3
GPRESSURE: 160000 11.3689 8.47269 44.9479 27.0863 82.4634 -160.345 10.9497 -97.7306 -122.729
PRESSAVG: 160000 -14.8804 2.05771 41.5257 0.649498 13.9482 22.0575 18.8808 16.6375 4.89607
GPRESSAVG: 160000 -14.8921 1.84956 41.5067 0.730336 13.8435 21.9977 18.9987 16.7449 4.82098
TIMING: 160000  CPU: 11688.8, 0.0731609/step  Wall: 13419.9, 0.0836753/step, 2.09188 hours remaining, 137.040009 MB of memory in use.
ENERGY:  160000      8067.1441     40448.3154     28095.7830       529.7248        -441632.6840     12017.1583       301.4705         0.0000    114763.1496        -237409.9383       308.8651   -352173.0879   -237111.9110       309.7849         -13369.2334        -9.6321   1689325.8380         1.3213         1.2575

WRITING EXTENDED SYSTEM TO RESTART FILE AT STEP 160000
WRITING COORDINATES TO DCD FILE AT STEP 160000
WRITING COORDINATES TO RESTART FILE AT STEP 160000
FINISHED WRITING RESTART COORDINATES
WRITING VELOCITIES TO RESTART FILE AT STEP 160000
FINISHED WRITING RESTART VELOCITIES
LDB: ============= START OF LOAD BALANCING ============== 13470.8
LDB: ============== END OF LOAD BALANCING =============== 13470.8

LDB: ============= START OF LOAD BALANCING ============== 13479.5
LDB: TIME 13479.5 LOAD: AVG 7.33724 MAX 7.65306  PROXIES: TOTAL 488 MAXPE 22 MAXPATCH 4 None 1.30847
LDB: TIME 13479.5 LOAD: AVG 7.33724 MAX 7.65306  PROXIES: TOTAL 488 MAXPE 22 MAXPATCH 4 RefineTorusLB 1.30847
LDB: ============== END OF LOAD BALANCING =============== 13479.5

LDB: ============= START OF LOAD BALANCING ============== 13805.9
LDB: ============== END OF LOAD BALANCING =============== 13805.9

LDB: ============= START OF LOAD BALANCING ============== 13814.4
LDB: TIME 13814.5 LOAD: AVG 7.3549 MAX 7.63741  PROXIES: TOTAL 488 MAXPE 22 MAXPATCH 4 None 1.30963
LDB: TIME 13814.5 LOAD: AVG 7.3549 MAX 7.63741  PROXIES: TOTAL 488 MAXPE 22 MAXPATCH 4 RefineTorusLB 1.30963
LDB: ============== END OF LOAD BALANCING =============== 13814.5

PRESSURE: 165000 -13390.4 71.4128 192.979 62.6312 -13316.1 81.4589 114.251 105.758 -13483.1
GPRESSURE: 165000 -6.26542 44.5162 152.588 92.7444 -11.6206 22.351 -1.58707 72.3959 -121.766
PRESSAVG: 165000 -4.53887 -0.0657955 15.4612 0.547803 2.99409 17.4074 20.4747 11.36 0.487041
GPRESSAVG: 165000 -4.45311 0.0845044 15.5225 0.532755 2.93491 17.4518 20.4938 11.3568 0.459663
TIMING: 165000  CPU: 12053.9, 0.0730135/step  Wall: 13838.9, 0.0837939/step, 1.97847 hours remaining, 136.428192 MB of memory in use.
ENERGY:  165000      8035.9420     40497.4424     27882.9587       517.0285        -441375.1946     11941.8142       304.2272         0.0000    114426.2425        -237769.5391       307.9584   -352195.7816   -237489.3268       309.9145         -13396.5288       -46.5505   1687905.9391        -0.3526        -0.3528

WRITING EXTENDED SYSTEM TO RESTART FILE AT STEP 165000
WRITING COORDINATES TO DCD FILE AT STEP 165000
WRITING COORDINATES TO RESTART FILE AT STEP 165000
FINISHED WRITING RESTART COORDINATES
WRITING VELOCITIES TO RESTART FILE AT STEP 165000
FINISHED WRITING RESTART VELOCITIES
LDB: ============= START OF LOAD BALANCING ============== 14142.5
LDB: ============== END OF LOAD BALANCING =============== 14142.5

LDB: ============= START OF LOAD BALANCING ============== 14150.9
LDB: TIME 14151 LOAD: AVG 7.35667 MAX 7.52727  PROXIES: TOTAL 488 MAXPE 22 MAXPATCH 4 None 1.31482
LDB: TIME 14151 LOAD: AVG 7.35667 MAX 7.52727  PROXIES: TOTAL 488 MAXPE 22 MAXPATCH 4 RefineTorusLB 1.31482
LDB: ============== END OF LOAD BALANCING =============== 14151

WRITING COORDINATES TO DCD FILE AT STEP 170000
WRITING COORDINATES TO RESTART FILE AT STEP 170000
FINISHED WRITING RESTART COORDINATES
PRESSURE: 170000 -13293.1 68.4944 279.63 27.8038 -13182.3 -14.5679 311.088 -30.7899 -13211.3
GPRESSURE: 170000 130.728 -4.26714 287.251 -50.3324 91.7086 -77.6073 302.041 -27.0232 29.4067
PRESSAVG: 170000 -17.0477 18.185 -8.57464 13.4637 28.0113 -6.47969 17.4954 -7.6074 2.15592
GPRESSAVG: 170000 -17.0427 18.1548 -8.57946 13.4591 27.9483 -6.53565 17.7236 -7.67231 2.04608
TIMING: 170000  CPU: 12419.5, 0.0731137/step  Wall: 14259.6, 0.0841376/step, 1.86973 hours remaining, 135.424835 MB of memory in use.
ENERGY:  170000      8050.0665     40611.9358     28132.7216       487.5075        -440974.1429     11943.1939       294.4480         0.0000    114991.3966        -236462.8730       309.4794   -351454.2696   -236182.7400       309.7426         -13228.8932        83.9478   1689787.5146         4.3732         4.3172

WRITING EXTENDED SYSTEM TO RESTART FILE AT STEP 170000
WRITING VELOCITIES TO RESTART FILE AT STEP 170000
FINISHED WRITING RESTART VELOCITIES
LDB: ============= START OF LOAD BALANCING ============== 14478.6
LDB: ============== END OF LOAD BALANCING =============== 14478.6

LDB: ============= START OF LOAD BALANCING ============== 14487.3
LDB: TIME 14487.4 LOAD: AVG 7.35886 MAX 7.76703  PROXIES: TOTAL 488 MAXPE 22 MAXPATCH 4 None 1.31357
LDB: TIME 14487.4 LOAD: AVG 7.35886 MAX 7.7205  PROXIES: TOTAL 488 MAXPE 22 MAXPATCH 4 RefineTorusLB 1.31357
LDB: ============== END OF LOAD BALANCING =============== 14487.4

PRESSURE: 175000 -13557.7 9.70543 -52.3377 -53.561 -13327.2 -14.5815 -89.1244 -7.98167 -13443.9
GPRESSURE: 175000 -202.502 35.8918 49.7901 -21.6882 50.6308 -38.7055 -68.8501 37.9668 -123.287
PRESSAVG: 175000 9.68122 4.64867 51.197 13.0923 -9.98464 -11.9258 29.6313 -19.5615 0.720485
GPRESSAVG: 175000 9.81467 4.58217 51.0957 13.0591 -10.0238 -12.0239 29.3439 -19.6221 0.751409
TIMING: 175000  CPU: 12786.1, 0.0733241/step  Wall: 14680.1, 0.0840993/step, 1.75207 hours remaining, 136.817078 MB of memory in use.
ENERGY:  175000      8017.9253     40620.1846     27916.9058       492.2540        -441160.2096     11525.4743       297.4869         0.0000    114912.8188        -237377.1599       309.2679   -352289.9786   -237059.1717       309.7329         -13442.9424       -91.7194   1689318.5282         0.1390         0.1808

WRITING EXTENDED SYSTEM TO RESTART FILE AT STEP 175000
WRITING COORDINATES TO DCD FILE AT STEP 175000
WRITING COORDINATES TO RESTART FILE AT STEP 175000
FINISHED WRITING RESTART COORDINATES
WRITING VELOCITIES TO RESTART FILE AT STEP 175000
FINISHED WRITING RESTART VELOCITIES
LDB: ============= START OF LOAD BALANCING ============== 14815.4
LDB: ============== END OF LOAD BALANCING =============== 14815.4

LDB: ============= START OF LOAD BALANCING ============== 14824
LDB: TIME 14824 LOAD: AVG 7.35843 MAX 7.54438  PROXIES: TOTAL 488 MAXPE 22 MAXPATCH 4 None 1.31188
LDB: TIME 14824.1 LOAD: AVG 7.35843 MAX 7.54438  PROXIES: TOTAL 488 MAXPE 22 MAXPATCH 4 RefineTorusLB 1.31188
LDB: ============== END OF LOAD BALANCING =============== 14824.1

WRITING COORDINATES TO DCD FILE AT STEP 180000
WRITING COORDINATES TO RESTART FILE AT STEP 180000
FINISHED WRITING RESTART COORDINATES
PRESSURE: 180000 -13499.9 102.935 221.662 95.8386 -13301.2 94.8167 184.514 110.474 -13098.4
GPRESSURE: 180000 -54.395 138.515 185.061 199.559 72.4914 -62.3278 121.75 45.6067 167.552
PRESSAVG: 180000 -3.0155 19.3817 -32.0078 14.4989 5.76866 -14.8426 -2.63984 -4.19044 2.47711
GPRESSAVG: 180000 -2.76714 19.3288 -32.1364 14.4965 5.8996 -14.9134 -2.56822 -4.08434 2.49689
TIMING: 180000  CPU: 13151.5, 0.0730811/step  Wall: 15099.6, 0.0839075/step, 1.63153 hours remaining, 135.329041 MB of memory in use.
ENERGY:  180000      8044.0327     40703.6657     27865.6763       494.7924        -441836.1416     11922.1703       304.2212         0.0000    114810.1576        -237691.4254       308.9916   -352501.5830   -237386.7715       309.6692         -13299.8419        61.8829   1688988.7355         1.7434         1.8764

WRITING EXTENDED SYSTEM TO RESTART FILE AT STEP 180000
WRITING VELOCITIES TO RESTART FILE AT STEP 180000
FINISHED WRITING RESTART VELOCITIES
LDB: ============= START OF LOAD BALANCING ============== 15150.7
LDB: ============== END OF LOAD BALANCING =============== 15150.7

LDB: ============= START OF LOAD BALANCING ============== 15159.4
LDB: TIME 15159.4 LOAD: AVG 7.35709 MAX 7.55595  PROXIES: TOTAL 488 MAXPE 22 MAXPATCH 4 None 1.31444
LDB: TIME 15159.5 LOAD: AVG 7.35709 MAX 7.55595  PROXIES: TOTAL 488 MAXPE 22 MAXPATCH 4 RefineTorusLB 1.31444
LDB: ============== END OF LOAD BALANCING =============== 15159.5

LDB: ============= START OF LOAD BALANCING ============== 15486.1
LDB: ============== END OF LOAD BALANCING =============== 15486.1

LDB: ============= START OF LOAD BALANCING ============== 15494.7
LDB: TIME 15494.7 LOAD: AVG 7.3581 MAX 7.67324  PROXIES: TOTAL 488 MAXPE 22 MAXPATCH 4 None 1.3136
LDB: TIME 15494.7 LOAD: AVG 7.3581 MAX 7.67324  PROXIES: TOTAL 488 MAXPE 22 MAXPATCH 4 RefineTorusLB 1.3136
LDB: ============== END OF LOAD BALANCING =============== 15494.7

PRESSURE: 185000 -13661.5 23.9017 235.283 38.5337 -13360.4 -8.3666 213.304 -69.3915 -13340
GPRESSURE: 185000 -172.418 97.5842 164.153 -77.6665 2.52788 -66.5444 137.267 -70.3521 -48.1181
PRESSAVG: 185000 4.1607 29.9917 17.1591 4.4871 0.99828 25.2902 12.3058 25.091 2.67675
GPRESSAVG: 185000 3.99647 29.8503 17.2113 4.37129 0.958767 25.3128 12.2238 25.0495 2.61916
TIMING: 185000  CPU: 13517.2, 0.0731387/step  Wall: 15519.4, 0.0839499/step, 1.51576 hours remaining, 136.044098 MB of memory in use.
ENERGY:  185000      8115.8904     40651.3743     27945.4522       525.1087        -441691.9498     11696.6402       292.9227         0.0000    114465.2673        -237999.2940       308.0634   -352464.5613   -237717.1461       309.9237         -13453.9405       -72.6694   1687423.8027         2.6119         2.5248

WRITING EXTENDED SYSTEM TO RESTART FILE AT STEP 185000
WRITING COORDINATES TO DCD FILE AT STEP 185000
WRITING COORDINATES TO RESTART FILE AT STEP 185000
FINISHED WRITING RESTART COORDINATES
WRITING VELOCITIES TO RESTART FILE AT STEP 185000
FINISHED WRITING RESTART VELOCITIES
LDB: ============= START OF LOAD BALANCING ============== 15821.2
LDB: ============== END OF LOAD BALANCING =============== 15821.2

LDB: ============= START OF LOAD BALANCING ============== 15829.7
LDB: TIME 15829.7 LOAD: AVG 7.36483 MAX 7.52941  PROXIES: TOTAL 488 MAXPE 22 MAXPATCH 4 None 1.31397
LDB: TIME 15829.7 LOAD: AVG 7.36483 MAX 7.52941  PROXIES: TOTAL 488 MAXPE 22 MAXPATCH 4 RefineTorusLB 1.31397
LDB: ============== END OF LOAD BALANCING =============== 15829.7

PRESSURE: 190000 -13385.3 55.0004 53.322 37.0343 -13464.1 -38.2445 10.5655 4.70354 -13321.9
GPRESSURE: 190000 -26.063 75.5299 53.1569 122.83 -131.23 -20.2267 56.9444 40.157 8.88384
PRESSAVG: 190000 4.19764 12.6649 -6.47548 10.2577 8.8615 4.41823 2.32251 -6.38865 -2.15465
GPRESSAVG: 190000 3.97398 12.6142 -6.43968 10.4308 8.78588 4.24535 2.52309 -6.34995 -2.13907
TIMING: 190000  CPU: 13881.8, 0.0729151/step  Wall: 15937.7, 0.0836656/step, 1.39443 hours remaining, 136.962646 MB of memory in use.
ENERGY:  190000      8073.4514     40641.9392     27971.9387       506.7547        -441317.8457     11652.2405       311.9868         0.0000    115113.1077        -237046.4267       309.8070   -352159.5344   -236760.6809       309.6854         -13390.4487       -49.4698   1689730.6762         3.6348         3.5403

WRITING EXTENDED SYSTEM TO RESTART FILE AT STEP 190000
WRITING COORDINATES TO DCD FILE AT STEP 190000
WRITING COORDINATES TO RESTART FILE AT STEP 190000
FINISHED WRITING RESTART COORDINATES
WRITING VELOCITIES TO RESTART FILE AT STEP 190000
FINISHED WRITING RESTART VELOCITIES
LDB: ============= START OF LOAD BALANCING ============== 16155.9
LDB: ============== END OF LOAD BALANCING =============== 16155.9

LDB: ============= START OF LOAD BALANCING ============== 16164.5
LDB: TIME 16164.5 LOAD: AVG 7.34029 MAX 7.63885  PROXIES: TOTAL 488 MAXPE 22 MAXPATCH 4 None 1.29314
LDB: TIME 16164.5 LOAD: AVG 7.34029 MAX 7.63885  PROXIES: TOTAL 488 MAXPE 22 MAXPATCH 4 RefineTorusLB 1.29314
LDB: ============== END OF LOAD BALANCING =============== 16164.5

PRESSURE: 195000 -13250.6 -60.0058 133.493 -62.3133 -13399.1 -45.5945 163.206 -65.9867 -13164.1
GPRESSURE: 195000 99.9095 31.6668 149.076 17.7466 86.8654 -45.8392 144.831 -28.3655 86.2944
PRESSAVG: 195000 9.91895 11.0115 9.78465 3.78535 -9.02885 15.678 5.01297 10.9228 0.558103
GPRESSAVG: 195000 9.94508 10.7188 9.87383 3.88426 -9.07513 15.8103 5.06825 10.7606 0.496595
TIMING: 195000  CPU: 14246.2, 0.0728959/step  Wall: 16357, 0.0838571/step, 1.28115 hours remaining, 136.393524 MB of memory in use.
ENERGY:  195000      7998.4665     40435.3338     27931.7472       496.2064        -441616.2402     12003.5644       284.0347         0.0000    114832.1210        -237634.7661       309.0507   -352466.8871   -237314.3436       309.7888         -13271.2566        91.0231   1686508.7919         0.4827         0.4555

WRITING EXTENDED SYSTEM TO RESTART FILE AT STEP 195000
WRITING COORDINATES TO DCD FILE AT STEP 195000
WRITING COORDINATES TO RESTART FILE AT STEP 195000
FINISHED WRITING RESTART COORDINATES
WRITING VELOCITIES TO RESTART FILE AT STEP 195000
FINISHED WRITING RESTART VELOCITIES
LDB: ============= START OF LOAD BALANCING ============== 16492.1
LDB: ============== END OF LOAD BALANCING =============== 16492.1

LDB: ============= START OF LOAD BALANCING ============== 16500.6
LDB: TIME 16500.6 LOAD: AVG 7.35951 MAX 7.57995  PROXIES: TOTAL 488 MAXPE 22 MAXPATCH 4 None 1.3106
LDB: TIME 16500.7 LOAD: AVG 7.35951 MAX 7.57995  PROXIES: TOTAL 488 MAXPE 22 MAXPATCH 4 RefineTorusLB 1.3106
LDB: ============== END OF LOAD BALANCING =============== 16500.7

PRESSURE: 200000 -13547.8 -104.239 -17.2321 -85.8075 -13507.8 86.651 15.4016 1.5363 -13346
GPRESSURE: 200000 -116.377 -103.067 12.1963 -15.746 -88.5426 24.8244 17.0965 25.2885 -112.929
PRESSAVG: 200000 8.65065 1.06078 -21.5009 0.857558 -2.28107 7.41497 -14.7752 -19.095 -2.36962
GPRESSAVG: 200000 8.66193 1.04624 -21.4497 0.915805 -2.23613 7.43245 -14.7288 -18.9215 -2.18016
TIMING: 200000  CPU: 14610.2, 0.0727841/step  Wall: 16776.4, 0.0838945/step, 1.1652 hours remaining, 136.620453 MB of memory in use.
ETITLE:      TS           BOND          ANGLE          DIHED          IMPRP               ELECT            VDW       BOUNDARY           MISC        KINETIC               TOTAL           TEMP      POTENTIAL         TOTAL3        TEMPAVG            PRESSURE      GPRESSURE         VOLUME       PRESSAVG      GPRESSAVG

ENERGY:  200000      7932.3207     40799.6845     27826.8993       472.0932        -441993.0557     11849.7121       281.4142         0.0000    115244.0540        -237586.8777       310.1594   -352830.9316   -237272.4450       309.8661         -13467.2037      -105.9497   1690285.3670         1.3333         1.4152

WRITING EXTENDED SYSTEM TO RESTART FILE AT STEP 200000
WRITING COORDINATES TO DCD FILE AT STEP 200000
WRITING COORDINATES TO RESTART FILE AT STEP 200000
FINISHED WRITING RESTART COORDINATES
WRITING VELOCITIES TO RESTART FILE AT STEP 200000
FINISHED WRITING RESTART VELOCITIES
LDB: ============= START OF LOAD BALANCING ============== 16827.5
LDB: ============== END OF LOAD BALANCING =============== 16827.5

LDB: ============= START OF LOAD BALANCING ============== 16836.2
LDB: TIME 16836.2 LOAD: AVG 7.35277 MAX 7.69829  PROXIES: TOTAL 488 MAXPE 22 MAXPATCH 4 None 1.30889
LDB: TIME 16836.2 LOAD: AVG 7.35277 MAX 7.69829  PROXIES: TOTAL 488 MAXPE 22 MAXPATCH 4 RefineTorusLB 1.30889
LDB: ============== END OF LOAD BALANCING =============== 16836.2

LDB: ============= START OF LOAD BALANCING ============== 17163.3
LDB: ============== END OF LOAD BALANCING =============== 17163.3

LDB: ============= START OF LOAD BALANCING ============== 17172
LDB: TIME 17172 LOAD: AVG 7.34013 MAX 7.66782  PROXIES: TOTAL 488 MAXPE 22 MAXPATCH 4 None 1.29782
LDB: TIME 17172 LOAD: AVG 7.34013 MAX 7.66782  PROXIES: TOTAL 488 MAXPE 22 MAXPATCH 4 RefineTorusLB 1.29782
LDB: ============== END OF LOAD BALANCING =============== 17172

PRESSURE: 205000 -13146.4 -66.7102 129.659 11.3915 -13233.2 -46.9706 68.6209 -53.2755 -13011.7
GPRESSURE: 205000 281.363 -120.19 9.89529 -16.5136 197.443 -126.613 -28.0657 -84.8444 265.752
PRESSAVG: 205000 14.3291 1.98877 13.6709 -10.4465 8.86665 6.30842 -14.4463 -14.6824 -1.12945
GPRESSAVG: 205000 14.2835 1.9052 13.8148 -10.4767 8.80488 6.20279 -14.6666 -14.416 -1.06056
TIMING: 205000  CPU: 14973.8, 0.0727177/step  Wall: 17196.5, 0.0840127/step, 1.05016 hours remaining, 135.858337 MB of memory in use.
ENERGY:  205000      8021.8958     40564.2719     27974.0232       525.3956        -442380.5158     12465.6726       306.1900         0.0000    114777.7497        -237745.3171       308.9044   -352523.0668   -237473.0351       309.6772         -13130.4208       248.1862   1686483.5042         7.3554         7.3426

WRITING EXTENDED SYSTEM TO RESTART FILE AT STEP 205000
WRITING COORDINATES TO DCD FILE AT STEP 205000
WRITING COORDINATES TO RESTART FILE AT STEP 205000
FINISHED WRITING RESTART COORDINATES
WRITING VELOCITIES TO RESTART FILE AT STEP 205000
FINISHED WRITING RESTART VELOCITIES
LDB: ============= START OF LOAD BALANCING ============== 17498.5
LDB: ============== END OF LOAD BALANCING =============== 17498.5

LDB: ============= START OF LOAD BALANCING ============== 17507.1
LDB: TIME 17507.2 LOAD: AVG 7.37388 MAX 7.63647  PROXIES: TOTAL 488 MAXPE 22 MAXPATCH 4 None 1.32129
LDB: TIME 17507.2 LOAD: AVG 7.37388 MAX 7.63647  PROXIES: TOTAL 488 MAXPE 22 MAXPATCH 4 RefineTorusLB 1.32129
LDB: ============== END OF LOAD BALANCING =============== 17507.2

WRITING COORDINATES TO DCD FILE AT STEP 210000
WRITING COORDINATES TO RESTART FILE AT STEP 210000
FINISHED WRITING RESTART COORDINATES
PRESSURE: 210000 -13559.3 -47.6505 -137.027 13.4728 -13507 -4.8022 -99.4078 -31.0918 -13212.5
GPRESSURE: 210000 -139.152 -27.6301 -120.408 42.0158 -99.6036 1.85522 -16.3531 21.6267 55.3164
PRESSAVG: 210000 2.3406 -26.4727 -6.46424 -14.4862 9.44132 -22.0872 -10.908 -18.4888 6.56332
GPRESSAVG: 210000 2.37751 -26.5301 -6.56612 -14.3719 9.42744 -21.9936 -10.7528 -18.4587 6.42004
TIMING: 210000  CPU: 15338.1, 0.0728663/step  Wall: 17616.1, 0.0839111/step, 0.932345 hours remaining, 135.572906 MB of memory in use.
ENERGY:  210000      8110.7905     40460.1665     27933.5453       522.7126        -441833.8166     11610.9822       291.6495         0.0000    114193.1266        -238710.8435       307.3310   -352903.9701   -238426.0922       309.8187         -13426.2852       -61.1464   1687957.5921         6.1151         6.0750

WRITING EXTENDED SYSTEM TO RESTART FILE AT STEP 210000
WRITING VELOCITIES TO RESTART FILE AT STEP 210000
FINISHED WRITING RESTART VELOCITIES
LDB: ============= START OF LOAD BALANCING ============== 17834.7
LDB: ============== END OF LOAD BALANCING =============== 17834.7

LDB: ============= START OF LOAD BALANCING ============== 17843.5
LDB: TIME 17843.5 LOAD: AVG 7.37344 MAX 7.62288  PROXIES: TOTAL 488 MAXPE 22 MAXPATCH 4 None 1.30865
LDB: TIME 17843.6 LOAD: AVG 7.37344 MAX 7.62288  PROXIES: TOTAL 488 MAXPE 22 MAXPATCH 4 RefineTorusLB 1.30865
LDB: ============== END OF LOAD BALANCING =============== 17843.6

PRESSURE: 215000 -13655.5 31.771 66.881 48.7486 -13337.2 -82.9728 86.2236 -56.553 -13376.5
GPRESSURE: 215000 -201.36 -59.1531 72.2514 98.5341 -40.1301 21.1663 32.2949 -16.9713 -72.5287
PRESSAVG: 215000 7.86384 7.86917 -12.2518 12.8192 6.26269 0.235845 14.103 -4.43905 2.52609
GPRESSAVG: 215000 7.88737 7.62649 -12.1249 13.0257 6.28086 0.239501 14.1902 -4.46642 2.55254
TIMING: 215000  CPU: 15703.5, 0.0730833/step  Wall: 18035.3, 0.0838514/step, 0.815222 hours remaining, 137.008850 MB of memory in use.
ENERGY:  215000      8009.5378     40654.7886     28020.3982       521.3293        -441245.4088     11408.3147       293.3083         0.0000    114640.5057        -237697.2262       308.5350   -352337.7318   -237404.5837       309.8267         -13456.3701      -104.6730   1689146.7473         5.5509         5.5736

WRITING EXTENDED SYSTEM TO RESTART FILE AT STEP 215000
WRITING COORDINATES TO DCD FILE AT STEP 215000
WRITING COORDINATES TO RESTART FILE AT STEP 215000
FINISHED WRITING RESTART COORDINATES
WRITING VELOCITIES TO RESTART FILE AT STEP 215000
FINISHED WRITING RESTART VELOCITIES
LDB: ============= START OF LOAD BALANCING ============== 18169.7
LDB: ============== END OF LOAD BALANCING =============== 18169.7

LDB: ============= START OF LOAD BALANCING ============== 18178.3
LDB: TIME 18178.3 LOAD: AVG 7.35715 MAX 7.74847  PROXIES: TOTAL 488 MAXPE 22 MAXPATCH 4 None 1.30678
LDB: TIME 18178.4 LOAD: AVG 7.35715 MAX 7.7184  PROXIES: TOTAL 488 MAXPE 22 MAXPATCH 4 RefineTorusLB 1.30678
LDB: ============== END OF LOAD BALANCING =============== 18178.4

PRESSURE: 220000 -13451.2 -182.83 -89.0635 -150.369 -13292.5 -8.03078 -93.3602 40.7795 -13090.8
GPRESSURE: 220000 -50.4981 -181.192 -199.25 -115.9 189.003 -58.5909 -231.239 -21.5333 222.325
PRESSAVG: 220000 19.5201 14.2218 -1.01964 23.4683 -24.6306 -2.04832 -6.33666 -6.80005 -2.98127
GPRESSAVG: 220000 19.6552 14.3361 -1.15146 23.5646 -24.6819 -2.20133 -6.33084 -6.93456 -3.09515
TIMING: 220000  CPU: 16068.8, 0.0730679/step  Wall: 18453.7, 0.0836726/step, 0.697272 hours remaining, 137.215088 MB of memory in use.
ENERGY:  220000      8015.7829     40780.5143     27896.9149       504.9182        -442505.0115     12397.7432       285.7457         0.0000    115166.1688        -237457.2235       309.9498   -352623.3923   -237171.6205       309.6913         -13278.1427       120.2767   1685667.9685        -2.6973        -2.7073

WRITING EXTENDED SYSTEM TO RESTART FILE AT STEP 220000
WRITING COORDINATES TO DCD FILE AT STEP 220000
WRITING COORDINATES TO RESTART FILE AT STEP 220000
FINISHED WRITING RESTART COORDINATES
WRITING VELOCITIES TO RESTART FILE AT STEP 220000
FINISHED WRITING RESTART VELOCITIES
LDB: ============= START OF LOAD BALANCING ============== 18504.7
LDB: ============== END OF LOAD BALANCING =============== 18504.7

LDB: ============= START OF LOAD BALANCING ============== 18513.3
LDB: TIME 18513.3 LOAD: AVG 7.3391 MAX 7.58973  PROXIES: TOTAL 488 MAXPE 22 MAXPATCH 4 None 1.30434
LDB: TIME 18513.3 LOAD: AVG 7.3391 MAX 7.58973  PROXIES: TOTAL 488 MAXPE 22 MAXPATCH 4 RefineTorusLB 1.30434
LDB: ============== END OF LOAD BALANCING =============== 18513.3

LDB: ============= START OF LOAD BALANCING ============== 18839.5
LDB: ============== END OF LOAD BALANCING =============== 18839.5

LDB: ============= START OF LOAD BALANCING ============== 18848
LDB: TIME 18848.1 LOAD: AVG 7.346 MAX 7.55513  PROXIES: TOTAL 488 MAXPE 22 MAXPATCH 4 None 1.30701
LDB: TIME 18848.1 LOAD: AVG 7.346 MAX 7.55513  PROXIES: TOTAL 488 MAXPE 22 MAXPATCH 4 RefineTorusLB 1.30701
LDB: ============== END OF LOAD BALANCING =============== 18848.1

PRESSURE: 225000 -13606.1 -96.0943 -17.7405 -144.828 -13507.4 222.723 49.157 187.293 -13290.3
GPRESSURE: 225000 -160.059 -58.1262 -101.965 -77.8278 -223.799 146.01 50.0437 154.737 -29.3048
PRESSAVG: 225000 -6.66564 18.1432 0.63223 12.4791 6.5147 9.23911 19.3879 3.60412 -3.5672
GPRESSAVG: 225000 -6.72496 18.4229 0.697088 12.4214 6.42745 9.33052 19.4881 3.43104 -3.62707
TIMING: 225000  CPU: 16434.3, 0.0730871/step  Wall: 18872.7, 0.0837963/step, 0.581919 hours remaining, 137.245605 MB of memory in use.
ENERGY:  225000      8062.5828     40639.7689     28033.6691       525.9048        -441665.9414     12200.9312       281.4283         0.0000    115129.8223        -236791.8339       309.8519   -351921.6562   -236514.5342       309.9060         -13467.9167      -137.7211   1690266.0189        -1.2394        -1.3082

WRITING EXTENDED SYSTEM TO RESTART FILE AT STEP 225000
WRITING COORDINATES TO DCD FILE AT STEP 225000
WRITING COORDINATES TO RESTART FILE AT STEP 225000
FINISHED WRITING RESTART COORDINATES
WRITING VELOCITIES TO RESTART FILE AT STEP 225000
FINISHED WRITING RESTART VELOCITIES
LDB: ============= START OF LOAD BALANCING ============== 19174.4
LDB: ============== END OF LOAD BALANCING =============== 19174.4

LDB: ============= START OF LOAD BALANCING ============== 19183.1
LDB: TIME 19183.2 LOAD: AVG 7.35947 MAX 7.54383  PROXIES: TOTAL 488 MAXPE 22 MAXPATCH 4 None 1.30764
LDB: TIME 19183.2 LOAD: AVG 7.35947 MAX 7.54383  PROXIES: TOTAL 488 MAXPE 22 MAXPATCH 4 RefineTorusLB 1.30764
LDB: ============== END OF LOAD BALANCING =============== 19183.2

PRESSURE: 230000 -13484.5 41.0103 -5.65812 29.7301 -13561.1 108.784 -3.55094 77.5182 -13350
GPRESSURE: 230000 -147.062 2.7688 -7.41536 78.0797 -197.922 102.465 18.9267 25.3641 -18.8438
PRESSAVG: 230000 -8.92971 1.36609 39.9669 9.07082 16.5143 15.0681 20.2822 9.585 4.4306
GPRESSAVG: 230000 -9.07448 1.28635 40.0997 9.16201 16.5472 15.0177 20.3356 9.61027 4.54456
TIMING: 230000  CPU: 16800, 0.0731429/step  Wall: 19291.4, 0.0837426/step, 0.465237 hours remaining, 136.100220 MB of memory in use.
ENERGY:  230000      8001.4705     40716.1036     27899.0197       508.8836        -441523.7152     11742.9511       290.0190         0.0000    114975.4801        -237389.7876       309.4366   -352365.2676   -237085.9015       310.1307         -13465.2293      -121.2760   1687742.0412         4.0051         4.0058

WRITING EXTENDED SYSTEM TO RESTART FILE AT STEP 230000
WRITING COORDINATES TO DCD FILE AT STEP 230000
WRITING COORDINATES TO RESTART FILE AT STEP 230000
FINISHED WRITING RESTART COORDINATES
WRITING VELOCITIES TO RESTART FILE AT STEP 230000
FINISHED WRITING RESTART VELOCITIES
LDB: ============= START OF LOAD BALANCING ============== 19509.6
LDB: ============== END OF LOAD BALANCING =============== 19509.6

LDB: ============= START OF LOAD BALANCING ============== 19518.3
LDB: TIME 19518.4 LOAD: AVG 7.36138 MAX 7.56255  PROXIES: TOTAL 488 MAXPE 22 MAXPATCH 4 None 1.30918
LDB: TIME 19518.4 LOAD: AVG 7.36138 MAX 7.56255  PROXIES: TOTAL 488 MAXPE 22 MAXPATCH 4 RefineTorusLB 1.30918
LDB: ============== END OF LOAD BALANCING =============== 19518.4

PRESSURE: 235000 -13382.2 31.2381 47.4263 60.2221 -13409.4 -81.0126 96.1412 -44.9198 -13247.7
GPRESSURE: 235000 45.4741 48.749 -1.98042 46.7345 -84.7825 -13.4385 22.9319 55.0768 9.43364
PRESSAVG: 235000 26.4022 -12.6504 22.0667 -1.25628 -29.085 3.00826 3.83704 12.4311 7.21436
GPRESSAVG: 235000 26.5505 -12.6965 22.2094 -1.31867 -29.1935 3.17022 3.65362 12.5786 7.22465
TIMING: 235000  CPU: 17163.8, 0.0727539/step  Wall: 19710.3, 0.0837756/step, 0.349065 hours remaining, 136.175201 MB of memory in use.
ENERGY:  235000      8145.8272     40771.7586     27929.1167       516.7938        -441886.0027     12385.7248       274.7465         0.0000    114895.0975        -236966.9377       309.2202   -351862.0352   -236658.8348       309.8197         -13346.4277        -9.9582   1691604.0686         1.5105         1.5272

WRITING EXTENDED SYSTEM TO RESTART FILE AT STEP 235000
WRITING COORDINATES TO DCD FILE AT STEP 235000
WRITING COORDINATES TO RESTART FILE AT STEP 235000
FINISHED WRITING RESTART COORDINATES
WRITING VELOCITIES TO RESTART FILE AT STEP 235000
FINISHED WRITING RESTART VELOCITIES
LDB: ============= START OF LOAD BALANCING ============== 19844.4
LDB: ============== END OF LOAD BALANCING =============== 19844.4

LDB: ============= START OF LOAD BALANCING ============== 19853.1
LDB: TIME 19853.1 LOAD: AVG 7.34309 MAX 7.59378  PROXIES: TOTAL 488 MAXPE 22 MAXPATCH 4 None 1.30774
LDB: TIME 19853.1 LOAD: AVG 7.34309 MAX 7.59378  PROXIES: TOTAL 488 MAXPE 22 MAXPATCH 4 RefineTorusLB 1.30774
LDB: ============== END OF LOAD BALANCING =============== 19853.1

PRESSURE: 240000 -13590.9 56.8877 -93.5893 50.1594 -13387 15.5551 -116.763 78.0482 -13493.6
GPRESSURE: 240000 -173.332 35.8342 -135.544 -6.75041 -20.3652 -36.0501 -132.279 -1.32254 -301.464
PRESSAVG: 240000 -0.911299 5.45387 12.9971 14.7261 -3.96934 -20.1346 8.82027 -11.173 0.110364
GPRESSAVG: 240000 -0.973359 5.4832 13.0201 14.7849 -3.94335 -20.2061 9.07297 -11.209 0.124104
TIMING: 240000  CPU: 17528.2, 0.0728863/step  Wall: 20130.2, 0.0839945/step, 0.233318 hours remaining, 137.050323 MB of memory in use.
ENERGY:  240000      7981.1571     40475.9783     27803.8754       516.3599        -440856.6856     11579.8977       305.3809         0.0000    115076.5417        -237117.4946       309.7086   -352194.0363   -236807.9942       310.0146         -13490.4782      -165.0538   1690456.1393        -1.5901        -1.5975

WRITING EXTENDED SYSTEM TO RESTART FILE AT STEP 240000
WRITING COORDINATES TO DCD FILE AT STEP 240000
WRITING COORDINATES TO RESTART FILE AT STEP 240000
FINISHED WRITING RESTART COORDINATES
WRITING VELOCITIES TO RESTART FILE AT STEP 240000
FINISHED WRITING RESTART VELOCITIES
LDB: ============= START OF LOAD BALANCING ============== 20181.1
LDB: ============== END OF LOAD BALANCING =============== 20181.1

LDB: ============= START OF LOAD BALANCING ============== 20189.6
LDB: TIME 20189.7 LOAD: AVG 7.32248 MAX 7.52206  PROXIES: TOTAL 488 MAXPE 22 MAXPATCH 4 None 1.29085
LDB: TIME 20189.7 LOAD: AVG 7.32248 MAX 7.52206  PROXIES: TOTAL 488 MAXPE 22 MAXPATCH 4 RefineTorusLB 1.29085
LDB: ============== END OF LOAD BALANCING =============== 20189.7

LDB: ============= START OF LOAD BALANCING ============== 20517.3
LDB: ============== END OF LOAD BALANCING =============== 20517.3

LDB: ============= START OF LOAD BALANCING ============== 20525.8
LDB: TIME 20525.9 LOAD: AVG 7.33027 MAX 7.62193  PROXIES: TOTAL 488 MAXPE 22 MAXPATCH 4 None 1.30484
LDB: TIME 20525.9 LOAD: AVG 7.33027 MAX 7.62193  PROXIES: TOTAL 488 MAXPE 22 MAXPATCH 4 RefineTorusLB 1.30484
LDB: ============== END OF LOAD BALANCING =============== 20525.9

WRITING COORDINATES TO DCD FILE AT STEP 245000
WRITING COORDINATES TO RESTART FILE AT STEP 245000
FINISHED WRITING RESTART COORDINATES
WRITING VELOCITIES TO RESTART FILE AT STEP 245000
FINISHED WRITING RESTART VELOCITIES
PRESSURE: 245000 -13228.1 -73.084 -47.5304 -44.4995 -13642.3 -103.788 -80.8252 -38.6454 -13172.9
GPRESSURE: 245000 150.463 -70.601 -44.6422 -56.6943 -183.896 -233.079 -126.892 -10.8306 98.9529
PRESSAVG: 245000 10.4643 0.15833 -5.34449 -1.39003 -13.7842 -5.88911 11.3229 1.96285 -0.127193
GPRESSAVG: 245000 10.4918 0.10067 -5.38383 -1.36425 -13.762 -5.77945 11.0813 2.00894 0.119174
TIMING: 245000  CPU: 17893.3, 0.0730169/step  Wall: 20550.5, 0.084046/step, 0.116731 hours remaining, 135.235199 MB of memory in use.
ENERGY:  245000      8116.5126     40718.6150     27853.6223       494.1691        -441855.0731     12246.3985       316.7963         0.0000    114959.4242        -237149.5352       309.3933   -352108.9594   -236865.1172       310.1561         -13347.7872        21.8402   1689618.4696        -1.1490        -1.0503

WRITING EXTENDED SYSTEM TO RESTART FILE AT STEP 245000
LDB: ============= START OF LOAD BALANCING ============== 20852.8
LDB: ============== END OF LOAD BALANCING =============== 20852.8

LDB: ============= START OF LOAD BALANCING ============== 20861.4
LDB: TIME 20861.4 LOAD: AVG 7.33181 MAX 7.54938  PROXIES: TOTAL 488 MAXPE 22 MAXPATCH 4 None 1.29169
LDB: TIME 20861.4 LOAD: AVG 7.33181 MAX 7.54938  PROXIES: TOTAL 488 MAXPE 22 MAXPATCH 4 RefineTorusLB 1.29169
LDB: ============== END OF LOAD BALANCING =============== 20861.4

PRESSURE: 250000 -13077.9 15.4427 -40.3062 -0.751617 -13584.6 -56.6426 -67.5639 -63.8292 -13516.1
GPRESSURE: 250000 331.981 56.6047 -37.7689 -22.4397 -203.643 -34.2039 -112.065 -16.0605 -233.077
PRESSAVG: 250000 14.2484 4.05249 9.13753 3.98978 -3.70027 -8.3211 17.3431 -12.5123 6.61325
GPRESSAVG: 250000 14.299 3.96589 9.15644 3.8959 -3.71148 -8.31461 17.4026 -12.4276 6.47582
TIMING: 250000  CPU: 18259.1, 0.0731649/step  Wall: 20969.7, 0.0838463/step, 0 hours remaining, 135.671021 MB of memory in use.
ETITLE:      TS           BOND          ANGLE          DIHED          IMPRP               ELECT            VDW       BOUNDARY           MISC        KINETIC               TOTAL           TEMP      POTENTIAL         TOTAL3        TEMPAVG            PRESSURE      GPRESSURE         VOLUME       PRESSAVG      GPRESSAVG

ENERGY:  250000      8005.1842     40641.1024     27848.1425       517.9978        -441660.9887     11837.5715       293.8603         0.0000    114878.8784        -237638.2515       309.1766   -352517.1299   -237353.7992       310.0286         -13392.8596       -34.9129   1687770.1853         5.7205         5.6878

WRITING EXTENDED SYSTEM TO RESTART FILE AT STEP 250000
WRITING COORDINATES TO DCD FILE AT STEP 250000
WRITING COORDINATES TO RESTART FILE AT STEP 250000
FINISHED WRITING RESTART COORDINATES
WRITING VELOCITIES TO RESTART FILE AT STEP 250000
FINISHED WRITING RESTART VELOCITIES
WRITING EXTENDED SYSTEM TO OUTPUT FILE AT STEP 250000
CLOSING EXTENDED SYSTEM TRAJECTORY FILE
WRITING COORDINATES TO OUTPUT FILE AT STEP 250000
CLOSING COORDINATE DCD FILE
WRITING VELOCITIES TO OUTPUT FILE AT STEP 250000
====================================================

WallClock: 20996.984375  CPUTime: 18284.228516  Memory: 134.187622 MB
