12939: Tue May  6 04:52:52 EDT 2014: Entering /tmp/24921.1.standard.q/ssh with args node062.pug.mib.pbtech -l jam2079 /bin/sh -f
12940: Tue May  6 04:52:52 EDT 2014: Entering /tmp/24921.1.standard.q/ssh with args node034.pug.mib.pbtech -l jam2079 /bin/sh -f
12930: Tue May  6 04:52:52 EDT 2014: Entering /tmp/24921.1.standard.q/ssh with args node034.pug.mib.pbtech -l jam2079 /bin/sh -f
12945: Tue May  6 04:52:52 EDT 2014: Entering /tmp/24921.1.standard.q/ssh with args node062.pug.mib.pbtech -l jam2079 /bin/sh -f
12928: Tue May  6 04:52:52 EDT 2014: Entering /tmp/24921.1.standard.q/ssh with args node034.pug.mib.pbtech -l jam2079 /bin/sh -f
12943: Tue May  6 04:52:52 EDT 2014: Entering /tmp/24921.1.standard.q/ssh with args node062.pug.mib.pbtech -l jam2079 /bin/sh -f
12929: Tue May  6 04:52:52 EDT 2014: Entering /tmp/24921.1.standard.q/ssh with args node062.pug.mib.pbtech -l jam2079 /bin/sh -f
12927: Tue May  6 04:52:52 EDT 2014: Entering /tmp/24921.1.standard.q/ssh with args node062.pug.mib.pbtech -l jam2079 /bin/sh -f
12931: Tue May  6 04:52:57 EDT 2014: Exiting /tmp/24921.1.standard.q/ssh
12937: Tue May  6 04:52:57 EDT 2014: Exiting /tmp/24921.1.standard.q/ssh
12934: Tue May  6 04:52:58 EDT 2014: Exiting /tmp/24921.1.standard.q/ssh
12948: Tue May  6 04:52:59 EDT 2014: Exiting /tmp/24921.1.standard.q/ssh
12925: Tue May  6 04:53:00 EDT 2014: Exiting /tmp/24921.1.standard.q/ssh
12939: Tue May  6 04:53:01 EDT 2014: Exiting /tmp/24921.1.standard.q/ssh
12946: Tue May  6 04:53:02 EDT 2014: Exiting /tmp/24921.1.standard.q/ssh
12932: Tue May  6 04:53:03 EDT 2014: Exiting /tmp/24921.1.standard.q/ssh
12947: Tue May  6 04:53:03 EDT 2014: Exiting /tmp/24921.1.standard.q/ssh
12942: Tue May  6 04:53:04 EDT 2014: Exiting /tmp/24921.1.standard.q/ssh
12929: Tue May  6 04:53:04 EDT 2014: Exiting /tmp/24921.1.standard.q/ssh
12930: Tue May  6 04:53:05 EDT 2014: Exiting /tmp/24921.1.standard.q/ssh
12933: Tue May  6 04:53:05 EDT 2014: Exiting /tmp/24921.1.standard.q/ssh
12927: Tue May  6 04:53:05 EDT 2014: Exiting /tmp/24921.1.standard.q/ssh
12926: Tue May  6 04:53:07 EDT 2014: Exiting /tmp/24921.1.standard.q/ssh
12944: Tue May  6 04:53:07 EDT 2014: Exiting /tmp/24921.1.standard.q/ssh
12940: Tue May  6 04:53:09 EDT 2014: Exiting /tmp/24921.1.standard.q/ssh
12936: Tue May  6 04:53:10 EDT 2014: Exiting /tmp/24921.1.standard.q/ssh
12945: Tue May  6 04:53:10 EDT 2014: Exiting /tmp/24921.1.standard.q/ssh
12935: Tue May  6 04:53:11 EDT 2014: Exiting /tmp/24921.1.standard.q/ssh
12943: Tue May  6 04:53:12 EDT 2014: Exiting /tmp/24921.1.standard.q/ssh
12928: Tue May  6 04:53:13 EDT 2014: Exiting /tmp/24921.1.standard.q/ssh
12941: Tue May  6 04:53:14 EDT 2014: Exiting /tmp/24921.1.standard.q/ssh
12938: Tue May  6 04:53:15 EDT 2014: Exiting /tmp/24921.1.standard.q/ssh
Warning> Randomization of stack pointer is turned on in kernel.
Charm++> synchronizing isomalloc memory region...
[0] consolidated Isomalloc memory region: 0x2ba200000000 - 0x7ffb00000000 (88444928 megs)
Charm++: scheduler running in netpoll mode.
Charm++> Running on 2 unique compute nodes (12-way SMP).
Charm++> Cpu topology info:
PE to node map: 0 1 0 1 0 1 0 1 0 1 0 1 0 1 0 1 0 1 0 1 0 1 0 1 
Node to PE map:
Chip #0: 0 2 4 6 8 10 12 14 16 18 20 22 
Chip #1: 1 3 5 7 9 11 13 15 17 19 21 23 
Charm++> cpu topology info is gathered in 0.055 seconds.
Info: NAMD 2.7 for Linux-x86_64
Info: 
Info: Please visit http://www.ks.uiuc.edu/Research/namd/
Info: and send feedback or bug reports to namd@ks.uiuc.edu
Info: 
Info: Please cite Phillips et al., J. Comp. Chem. 26:1781-1802 (2005)
Info: in all publications reporting results obtained with NAMD.
Info: 
Info: Based on Charm++/Converse 60202 for net-linux-x86_64
Info: Built Fri Jun 17 11:23:43 EDT 2011 by jason on node026.pug.pbtech
Info: 1 NAMD  2.7  Linux-x86_64  24    node062.pug.pbtech  jam2079
Info: Running on 24 processors.
Info: CPU topology information available.
Info: Charm++/Converse parallel runtime startup completed at 0.257248 s
Info: 1.64034 MB of memory in use based on CmiMemoryUsage
Info: Changed directory to phase2a
Info: Configuration file is rho_equil_phase2a3.np.in
TCL: Suspending until startup complete.
Info: EXTENDED SYSTEM FILE   /home/jam2079/Pathrover/2x79/phase2a/dat_equil_phase2a2.restart.xsc
Info: SIMULATION PARAMETERS:
Info: TIMESTEP               1
Info: NUMBER OF STEPS        0
Info: STEPS PER CYCLE        20
Info: PERIODIC CELL BASIS 1  124.683 0 0
Info: PERIODIC CELL BASIS 2  0 125.8 0
Info: PERIODIC CELL BASIS 3  0 0 109.145
Info: PERIODIC CELL CENTER   -0.424 0.217 0.822
Info: WRAPPING ALL CLUSTERS AROUND PERIODIC BOUNDARIES ON OUTPUT.
Info: LOAD BALANCER  Centralized
Info: LOAD BALANCING STRATEGY  New Load Balancers -- ASB
Info: LDB PERIOD             4000 steps
Info: FIRST LDB TIMESTEP     100
Info: LAST LDB TIMESTEP     -1
Info: LDB BACKGROUND SCALING 1
Info: HOM BACKGROUND SCALING 1
Info: PME BACKGROUND SCALING 1
Info: MAX SELF PARTITIONS    20
Info: MAX PAIR PARTITIONS    8
Info: SELF PARTITION ATOMS   154
Info: SELF2 PARTITION ATOMS   154
Info: PAIR PARTITION ATOMS   318
Info: PAIR2 PARTITION ATOMS  637
Info: MIN ATOMS PER PATCH    100
Info: VELOCITY FILE          /home/jam2079/Pathrover/2x79/phase2a/dat_equil_phase2a2.restart.vel
Info: CENTER OF MASS MOVING INITIALLY? NO
Info: DIELECTRIC             1
Info: EXCLUDE                SCALED ONE-FOUR
Info: 1-4 ELECTROSTATICS SCALED BY 1
Info: MODIFIED 1-4 VDW PARAMETERS WILL BE USED
Info: DCD FILENAME           ./dat_equil_phase2a3.np.dcd
Info: DCD FREQUENCY          5000
Info: DCD FIRST STEP         5000
Info: DCD FILE WILL CONTAIN UNIT CELL DATA
Info: XST FILENAME           ./dat_equil_phase2a3.np.xst
Info: XST FREQUENCY          5000
Info: NO VELOCITY DCD OUTPUT
Info: OUTPUT FILENAME        ./dat_equil_phase2a3.np
Info: RESTART FILENAME       ./dat_equil_phase2a3.np.restart
Info: RESTART FREQUENCY      5000
Info: BINARY RESTART FILES WILL BE USED
Info: SWITCHING ACTIVE
Info: SWITCHING ON           10
Info: SWITCHING OFF          12
Info: PAIRLIST DISTANCE      13.5
Info: PAIRLIST SHRINK RATE   0.01
Info: PAIRLIST GROW RATE     0.01
Info: PAIRLIST TRIGGER       0.3
Info: PAIRLISTS PER CYCLE    2
Info: PAIRLISTS ENABLED
Info: MARGIN                 2.5
Info: HYDROGEN GROUP CUTOFF  2.5
Info: PATCH DIMENSION        18.5
Info: ENERGY OUTPUT STEPS    5000
Info: CROSSTERM ENERGY INCLUDED IN DIHEDRAL
Info: TIMING OUTPUT STEPS    5000
Info: PRESSURE OUTPUT STEPS  5000
Info: HARMONIC CONSTRAINTS ACTIVE
Info: HARMONIC CONS EXP      2
Info: LANGEVIN DYNAMICS ACTIVE
Info: LANGEVIN TEMPERATURE   310
Info: LANGEVIN DAMPING COEFFICIENT IS 5 INVERSE PS
Info: LANGEVIN DYNAMICS NOT APPLIED TO HYDROGENS
Info: LANGEVIN PISTON PRESSURE CONTROL ACTIVE
Info:        TARGET PRESSURE IS 1.01325 BAR
Info:     OSCILLATION PERIOD IS 200 FS
Info:             DECAY TIME IS 50 FS
Info:     PISTON TEMPERATURE IS 310 K
Info:       PRESSURE CONTROL IS GROUP-BASED
Info:    INITIAL STRAIN RATE IS 4.90171e-06 4.90171e-06 -3.22042e-05
Info:       CELL FLUCTUATION IS ANISOTROPIC
Info:     SHAPE OF CELL IS CONSTRAINED IN X-Y PLANE
Info: PARTICLE MESH EWALD (PME) ACTIVE
Info: PME TOLERANCE               1e-06
Info: PME EWALD COEFFICIENT       0.257952
Info: PME INTERPOLATION ORDER     4
Info: PME GRID DIMENSIONS         128 128 112
Info: PME MAXIMUM GRID SPACING    1
Info: Attempting to read FFTW data from FFTW_NAMD_2.7_Linux-x86_64.txt
Info: Optimizing 6 FFT steps.  1... 2... 3... 4... 5... 6...   Done.
Info: Writing FFTW data to FFTW_NAMD_2.7_Linux-x86_64.txt
Info: FULL ELECTROSTATIC EVALUATION FREQUENCY      4
Info: USING VERLET I (r-RESPA) MTS SCHEME.
Info: C1 SPLITTING OF LONG RANGE ELECTROSTATICS
Info: PLACING ATOMS IN PATCHES BY HYDROGEN GROUPS
Info: RIGID BONDS TO HYDROGEN : ALL
Info:         ERROR TOLERANCE : 1e-08
Info:          MAX ITERATIONS : 100
Info: RIGID WATER USING SETTLE ALGORITHM
Info: NONBONDED FORCES EVALUATED EVERY 2 STEPS
Info: RANDOM NUMBER SEED     1399366407
Info: USE HYDROGEN BONDS?    NO
Info: COORDINATE PDB         /home/jam2079/Pathrover/2x79/phase2a/dat_equil_phase2a2.coor
Info: STRUCTURE FILE         /home/jam2079/Pathrover/2x79/common/ionized.psf
Info: PARAMETER file: CHARMM format! 
Info: PARAMETERS             /home/jam2079/Pathrover/2x79/common/parameters_all.prm
Info: USING ARITHMETIC MEAN TO COMBINE L-J SIGMA PARAMETERS
Info: BINARY COORDINATES     /home/jam2079/Pathrover/2x79/phase2a/dat_equil_phase2a2.restart.coor
Info: SUMMARY OF PARAMETERS:
Info: 231 BONDS
Info: 615 ANGLES
Info: 936 DIHEDRAL
Info: 55 IMPROPER
Info: 6 CROSSTERM
Info: 152 VDW
Info: 0 VDW_PAIRS
Info: TIME FOR READING PSF FILE: 3.0662
Info: TIME FOR READING PDB FILE: 0.299898
Info: 
Info: Reading from binary file /home/jam2079/Pathrover/2x79/phase2a/dat_equil_phase2a2.restart.coor
Info: ****************************
Info: STRUCTURE SUMMARY:
Info: 173052 ATOMS
Info: 137795 BONDS
Info: 164816 ANGLES
Info: 181135 DIHEDRALS
Info: 2060 IMPROPERS
Info: 0 CROSSTERMS
Info: 0 EXCLUSIONS
Info: 1845 CONSTRAINTS
Info: 145197 RIGID BONDS
Info: 373959 DEGREES OF FREEDOM
Info: 62622 HYDROGEN GROUPS
Info: 4 ATOMS IN LARGEST HYDROGEN GROUP
Info: 62622 MIGRATION GROUPS
Info: 4 ATOMS IN LARGEST MIGRATION GROUP
Info: TOTAL MASS = 1.03371e+06 amu
Info: TOTAL CHARGE = 4.80842e-05 e
Info: MASS DENSITY = 1.00269 g/cm^3
Info: ATOM DENSITY = 0.101085 atoms/A^3
Info: *****************************
Info: 
Info: Entering startup at 30.011 s, 49.6474 MB of memory in use
Info: Startup phase 0 took 0.044204 s, 49.6435 MB of memory in use
Info: Startup phase 1 took 1.40041 s, 86.8923 MB of memory in use
Info: Startup phase 2 took 0.045639 s, 88.2205 MB of memory in use
Info: PATCH GRID IS 6 (PERIODIC) BY 6 (PERIODIC) BY 5 (PERIODIC)
Info: PATCH GRID IS 1-AWAY BY 1-AWAY BY 1-AWAY
Info: Reading from binary file /home/jam2079/Pathrover/2x79/phase2a/dat_equil_phase2a2.restart.vel
Info: REMOVING COM VELOCITY 0.0246654 0.0241586 0.00196432
Info: LARGEST PATCH (71) HAS 1039 ATOMS
Info: Startup phase 3 took 0.182016 s, 115.358 MB of memory in use
Info: PME using 22 and 22 processors for FFT and reciprocal sum.
Info: PME GRID LOCATIONS: 1 2 3 4 5 6 7 8 9 10 ...
Info: PME TRANS LOCATIONS: 1 2 3 4 5 6 7 8 9 10 ...
Info: Startup phase 4 took 0.0680211 s, 115.359 MB of memory in use
Info: Startup phase 5 took 0.0681391 s, 90.214 MB of memory in use
LDB: Central LB being created...
Info: Startup phase 6 took 1.2999 s, 90.2487 MB of memory in use
Info: CREATING 12612 COMPUTE OBJECTS
Info: useSync: 1 useProxySync: 0
Info: NONBONDED TABLE R-SQUARED SPACING: 0.0625
Info: NONBONDED TABLE SIZE: 769 POINTS
Info: Startup phase 7 took 0.052037 s, 93.6939 MB of memory in use
Info: Startup phase 8 took 0.000203133 s, 94.8293 MB of memory in use
Info: Finished startup at 33.1715 s, 94.8293 MB of memory in use

TCL: Running for 250000 steps
PRESSURE: 0 -13303.7 29.8245 90.1417 -55.2855 -13443.5 -141.511 167.305 -81.4394 -13298.2
GPRESSURE: 0 -186.369 -13.6166 -24.67 -115.636 -134.852 -73.9076 215.857 -31.7446 -122.481
ETITLE:      TS           BOND          ANGLE          DIHED          IMPRP               ELECT            VDW       BOUNDARY           MISC        KINETIC               TOTAL           TEMP      POTENTIAL         TOTAL3        TEMPAVG            PRESSURE      GPRESSURE         VOLUME       PRESSAVG      GPRESSAVG

ENERGY:       0      8031.6485     40828.9636     28046.1702       503.4718        -441574.2597     12830.3213       329.2570         0.0000    114843.4126        -236161.0148       309.0811   -351004.4274   -235867.0666       309.0811         -13348.4553      -147.9007   1711952.5752    -13348.4553      -147.9007

OPENING EXTENDED SYSTEM TRAJECTORY FILE
LDB: ============= START OF LOAD BALANCING ============== 41.5672
LDB: ============== END OF LOAD BALANCING =============== 41.5684

Info: Initial time: 24 CPUs 0.0825568 s/step 0.955519 days/ns 115.724 MB memory
LDB: ============= START OF LOAD BALANCING ============== 50.2137
LDB: TIME 50.2474 LOAD: AVG 7.15909 MAX 7.77721  PROXIES: TOTAL 488 MAXPE 22 MAXPATCH 4 None 1.24424
LDB: TIME 50.3234 LOAD: AVG 7.15909 MAX 7.16515  PROXIES: TOTAL 488 MAXPE 22 MAXPATCH 4 TorusLB 1.24424
LDB: TIME 50.3235 LOAD: AVG 7.15909 MAX 7.16515  PROXIES: TOTAL 488 MAXPE 22 MAXPATCH 4 TorusLB 1.24424
LDB: ============== END OF LOAD BALANCING =============== 50.3503

Info: Initial time: 24 CPUs 0.0847459 s/step 0.980855 days/ns 113.966 MB memory
LDB: ============= START OF LOAD BALANCING ============== 58.8632
LDB: TIME 58.8984 LOAD: AVG 7.25304 MAX 7.43172  PROXIES: TOTAL 488 MAXPE 22 MAXPATCH 4 None 1.28841
LDB: TIME 58.9136 LOAD: AVG 7.25304 MAX 7.43172  PROXIES: TOTAL 488 MAXPE 22 MAXPATCH 4 RefineTorusLB 1.28841
LDB: ============== END OF LOAD BALANCING =============== 58.916

Info: Initial time: 24 CPUs 0.0835713 s/step 0.96726 days/ns 114.4 MB memory
LDB: ============= START OF LOAD BALANCING ============== 67.3757
LDB: TIME 67.4096 LOAD: AVG 7.2293 MAX 7.36754  PROXIES: TOTAL 488 MAXPE 22 MAXPATCH 4 None 1.28535
LDB: TIME 67.4266 LOAD: AVG 7.2293 MAX 7.36754  PROXIES: TOTAL 488 MAXPE 22 MAXPATCH 4 RefineTorusLB 1.28535
LDB: ============== END OF LOAD BALANCING =============== 67.4294

Info: Benchmark time: 24 CPUs 0.0826004 s/step 0.956023 days/ns 115.074 MB memory
Info: Benchmark time: 24 CPUs 0.0811653 s/step 0.939413 days/ns 115.377 MB memory
Info: Benchmark time: 24 CPUs 0.0829017 s/step 0.959511 days/ns 115.363 MB memory
LDB: ============= START OF LOAD BALANCING ============== 391.087
LDB: ============== END OF LOAD BALANCING =============== 391.089

LDB: ============= START OF LOAD BALANCING ============== 399.545
LDB: TIME 399.55 LOAD: AVG 7.29929 MAX 7.50318  PROXIES: TOTAL 488 MAXPE 22 MAXPATCH 4 None 1.31829
LDB: TIME 399.56 LOAD: AVG 7.29929 MAX 7.50318  PROXIES: TOTAL 488 MAXPE 22 MAXPATCH 4 RefineTorusLB 1.31829
LDB: ============== END OF LOAD BALANCING =============== 399.562

PRESSURE: 5000 -13320.9 308.271 65.783 342.452 -13622 63.5844 98.5348 90.7662 -13247.5
GPRESSURE: 5000 -51.6427 247.948 -72.5294 267.006 -201.808 -21.9451 24.7188 97.3326 -41.9322
PRESSAVG: 5000 20.8433 6.88321 6.0333 -9.95553 -15.9285 -0.773965 13.2 -4.1711 -0.955061
GPRESSAVG: 5000 21.0387 6.79597 5.96346 -10.1147 -15.9354 -0.798341 13.1978 -4.3509 -0.855612
TIMING: 5000  CPU: 364.142, 0.0727745/step  Wall: 417.091, 0.0833306/step, 5.67111 hours remaining, 131.584320 MB of memory in use.
ENERGY:    5000      8085.9182     40656.0062     27883.6527       509.9041        -441926.3921     12565.5693       296.5598         0.0000    115013.5681        -236915.2137       309.5391   -351928.7818   -236625.4799       309.8104         -13396.7741       -98.4610   1702511.9441         1.3199         1.4159

WRITING EXTENDED SYSTEM TO RESTART FILE AT STEP 5000
OPENING COORDINATE DCD FILE
WRITING COORDINATES TO DCD FILE AT STEP 5000
WRITING COORDINATES TO RESTART FILE AT STEP 5000
FINISHED WRITING RESTART COORDINATES
WRITING VELOCITIES TO RESTART FILE AT STEP 5000
FINISHED WRITING RESTART VELOCITIES
LDB: ============= START OF LOAD BALANCING ============== 724.037
LDB: ============== END OF LOAD BALANCING =============== 724.037

LDB: ============= START OF LOAD BALANCING ============== 732.559
LDB: TIME 732.592 LOAD: AVG 7.30459 MAX 7.73744  PROXIES: TOTAL 488 MAXPE 22 MAXPATCH 4 None 1.32024
LDB: TIME 732.614 LOAD: AVG 7.30459 MAX 7.66019  PROXIES: TOTAL 488 MAXPE 22 MAXPATCH 4 RefineTorusLB 1.32024
LDB: ============== END OF LOAD BALANCING =============== 732.617

WRITING COORDINATES TO DCD FILE AT STEP 10000
WRITING COORDINATES TO RESTART FILE AT STEP 10000
FINISHED WRITING RESTART COORDINATES
PRESSURE: 10000 -13407.7 163.664 -137.07 149.908 -13202.2 -95.9491 -104.782 38.6854 -13221
GPRESSURE: 10000 -36.2363 157.254 -95.5047 215.248 -3.77197 -7.05721 -91.4308 82.9277 -30.8279
PRESSAVG: 10000 9.29121 41.2487 0.0468019 20.1485 2.41589 -12.7117 10.3285 0.216446 2.26616
GPRESSAVG: 10000 9.5216 41.3697 0.159577 20.088 2.39132 -12.6402 10.2683 0.0553966 2.263
TIMING: 10000  CPU: 728.53, 0.0728777/step  Wall: 832.992, 0.0831803/step, 5.54535 hours remaining, 134.982422 MB of memory in use.
ENERGY:   10000      8110.0615     40466.5186     27932.7958       518.1498        -440767.9786     12107.5246       316.0376         0.0000    114973.4031        -236343.4876       309.4310   -351316.8907   -236053.2906       309.6236         -13276.9770       -23.6121   1700357.1720         4.6578         4.7253

WRITING EXTENDED SYSTEM TO RESTART FILE AT STEP 10000
WRITING VELOCITIES TO RESTART FILE AT STEP 10000
FINISHED WRITING RESTART VELOCITIES
LDB: ============= START OF LOAD BALANCING ============== 1057.9
LDB: ============== END OF LOAD BALANCING =============== 1057.9

LDB: ============= START OF LOAD BALANCING ============== 1066.35
LDB: TIME 1066.39 LOAD: AVG 7.31116 MAX 7.61668  PROXIES: TOTAL 488 MAXPE 22 MAXPATCH 4 None 1.32068
LDB: TIME 1066.4 LOAD: AVG 7.31116 MAX 7.61668  PROXIES: TOTAL 488 MAXPE 22 MAXPATCH 4 RefineTorusLB 1.32068
LDB: ============== END OF LOAD BALANCING =============== 1066.41

PRESSURE: 15000 -13508.4 266.155 335.311 263.363 -13380.5 -112.219 319.103 -101.662 -13296.8
GPRESSURE: 15000 -75.1703 182.197 222.494 214.66 -124.1 -86.6362 164.969 -0.9152 15.4524
PRESSAVG: 15000 8.70034 30.6658 7.23314 2.61916 2.35413 0.664063 14.6808 -15.6609 0.885342
GPRESSAVG: 15000 8.76499 30.7565 7.21976 2.53632 2.42581 0.700247 14.6749 -15.6069 0.966141
TIMING: 15000  CPU: 1094.31, 0.0731567/step  Wall: 1250.45, 0.083491/step, 5.45011 hours remaining, 135.610321 MB of memory in use.
ENERGY:   15000      8019.5033     40631.7061     28010.4186       545.6847        -441856.4869     12363.9653       303.4865         0.0000    114515.6088        -237466.1136       308.1989   -351981.7224   -237158.2549       310.0092         -13395.2184       -61.2727   1695612.1176         3.9799         4.0523

WRITING EXTENDED SYSTEM TO RESTART FILE AT STEP 15000
WRITING COORDINATES TO DCD FILE AT STEP 15000
WRITING COORDINATES TO RESTART FILE AT STEP 15000
FINISHED WRITING RESTART COORDINATES
WRITING VELOCITIES TO RESTART FILE AT STEP 15000
FINISHED WRITING RESTART VELOCITIES
LDB: ============= START OF LOAD BALANCING ============== 1392.11
LDB: ============== END OF LOAD BALANCING =============== 1392.11

LDB: ============= START OF LOAD BALANCING ============== 1400.57
LDB: TIME 1400.58 LOAD: AVG 7.30983 MAX 7.46024  PROXIES: TOTAL 488 MAXPE 22 MAXPATCH 4 None 1.31312
LDB: TIME 1400.59 LOAD: AVG 7.30983 MAX 7.46024  PROXIES: TOTAL 488 MAXPE 22 MAXPATCH 4 RefineTorusLB 1.31312
LDB: ============== END OF LOAD BALANCING =============== 1400.59

WRITING COORDINATES TO DCD FILE AT STEP 20000
WRITING COORDINATES TO RESTART FILE AT STEP 20000
FINISHED WRITING RESTART COORDINATES
PRESSURE: 20000 -13614 -54.5192 -88.6863 -74.3853 -13349 171.505 -73.2377 191.033 -13118.3
GPRESSURE: 20000 -200.865 -63.8956 -123.037 2.97458 64.1375 113.43 -35.3003 137.913 73.7993
PRESSAVG: 20000 25.8668 38.0858 -7.56502 15.4281 -17.1192 -27.525 14.8108 -15.3399 4.94802
GPRESSAVG: 20000 25.9566 38.1687 -7.64817 15.3347 -17.3138 -27.3578 15.1033 -15.4644 4.85123
TIMING: 20000  CPU: 1459.88, 0.0731125/step  Wall: 1668.75, 0.0836599/step, 5.34494 hours remaining, 134.746338 MB of memory in use.
ENERGY:   20000      7961.7851     40497.8782     27949.3220       526.7016        -441962.0565     12513.2060       310.3051         0.0000    114369.2505        -237833.6080       307.8050   -352202.8584   -237522.8432       309.4768         -13360.4430       -20.9762   1693784.2997         4.5652         4.4980

WRITING EXTENDED SYSTEM TO RESTART FILE AT STEP 20000
WRITING VELOCITIES TO RESTART FILE AT STEP 20000
FINISHED WRITING RESTART VELOCITIES
LDB: ============= START OF LOAD BALANCING ============== 1726.66
LDB: ============== END OF LOAD BALANCING =============== 1726.67

LDB: ============= START OF LOAD BALANCING ============== 1735.21
LDB: TIME 1735.21 LOAD: AVG 7.33217 MAX 7.60331  PROXIES: TOTAL 488 MAXPE 22 MAXPATCH 4 None 1.31806
LDB: TIME 1735.22 LOAD: AVG 7.33217 MAX 7.60331  PROXIES: TOTAL 488 MAXPE 22 MAXPATCH 4 RefineTorusLB 1.31806
LDB: ============== END OF LOAD BALANCING =============== 1735.22

LDB: ============= START OF LOAD BALANCING ============== 2061.78
LDB: ============== END OF LOAD BALANCING =============== 2061.78

LDB: ============= START OF LOAD BALANCING ============== 2070.36
LDB: TIME 2070.39 LOAD: AVG 7.34906 MAX 7.62108  PROXIES: TOTAL 488 MAXPE 22 MAXPATCH 4 None 1.32363
LDB: TIME 2070.41 LOAD: AVG 7.34906 MAX 7.62108  PROXIES: TOTAL 488 MAXPE 22 MAXPATCH 4 RefineTorusLB 1.32363
LDB: ============== END OF LOAD BALANCING =============== 2070.41

PRESSURE: 25000 -13469.9 18.1946 11.9065 -27.8856 -13438.7 10.4378 39.6715 33.4993 -13464.5
GPRESSURE: 25000 19.3293 45.6555 5.04197 -10.9379 -27.2006 26.5788 51.3832 -21.3257 -353.221
PRESSAVG: 25000 3.92286 20.2145 -18.2542 1.50616 13.436 -12.4565 0.240974 -20.0618 4.01674
GPRESSAVG: 25000 4.05014 20.0356 -17.9897 1.58364 13.5791 -12.4704 0.211124 -20.0224 4.02115
TIMING: 25000  CPU: 1826.31, 0.0732873/step  Wall: 2088.03, 0.0838575/step, 5.24109 hours remaining, 136.364624 MB of memory in use.
ENERGY:   25000      7987.6763     40687.2558     28043.6376       548.1192        -441433.0618     11708.4214       296.3673         0.0000    115246.5969        -236914.9873       310.1662   -352161.5843   -236605.0441       309.8938         -13457.6789      -120.3642   1692868.5981         7.1252         7.2168

WRITING EXTENDED SYSTEM TO RESTART FILE AT STEP 25000
WRITING COORDINATES TO DCD FILE AT STEP 25000
WRITING COORDINATES TO RESTART FILE AT STEP 25000
FINISHED WRITING RESTART COORDINATES
WRITING VELOCITIES TO RESTART FILE AT STEP 25000
FINISHED WRITING RESTART VELOCITIES
LDB: ============= START OF LOAD BALANCING ============== 2397.48
LDB: ============== END OF LOAD BALANCING =============== 2397.48

LDB: ============= START OF LOAD BALANCING ============== 2406.01
LDB: TIME 2406.04 LOAD: AVG 7.35049 MAX 7.52856  PROXIES: TOTAL 488 MAXPE 22 MAXPATCH 4 None 1.32475
LDB: TIME 2406.07 LOAD: AVG 7.35049 MAX 7.52856  PROXIES: TOTAL 488 MAXPE 22 MAXPATCH 4 RefineTorusLB 1.32475
LDB: ============== END OF LOAD BALANCING =============== 2406.07

PRESSURE: 30000 -13344.1 95.0742 10.9228 60.2288 -13472.5 -8.86136 1.32098 1.22621 -13327.8
GPRESSURE: 30000 -51.5459 56.4098 -10.6483 132.696 -33.2185 21.2079 53.4347 26.2869 -50.0574
PRESSAVG: 30000 5.13753 22.1509 17.5058 10.4699 -10.3923 -18.3957 6.39093 -5.37328 2.06436
GPRESSAVG: 30000 5.0948 21.9506 17.5022 10.4902 -10.2949 -18.3212 6.4361 -5.52522 2.0466
TIMING: 30000  CPU: 2191.86, 0.0731087/step  Wall: 2507.35, 0.0838631/step, 5.12497 hours remaining, 135.823608 MB of memory in use.
ENERGY:   30000      8035.7719     40640.4876     28009.1199       500.8031        -442156.6194     12358.1849       322.4239         0.0000    115065.6698        -237224.1582       309.6793   -352289.8280   -236917.2327       309.4211         -13381.4446       -44.9406   1692415.2910        -1.0635        -1.0512

WRITING EXTENDED SYSTEM TO RESTART FILE AT STEP 30000
WRITING COORDINATES TO DCD FILE AT STEP 30000
WRITING COORDINATES TO RESTART FILE AT STEP 30000
FINISHED WRITING RESTART COORDINATES
WRITING VELOCITIES TO RESTART FILE AT STEP 30000
FINISHED WRITING RESTART VELOCITIES
LDB: ============= START OF LOAD BALANCING ============== 2732.41
LDB: ============== END OF LOAD BALANCING =============== 2732.41

LDB: ============= START OF LOAD BALANCING ============== 2740.93
LDB: TIME 2740.96 LOAD: AVG 7.32755 MAX 7.54512  PROXIES: TOTAL 488 MAXPE 22 MAXPATCH 4 None 1.31899
LDB: TIME 2740.98 LOAD: AVG 7.32755 MAX 7.54512  PROXIES: TOTAL 488 MAXPE 22 MAXPATCH 4 RefineTorusLB 1.31899
LDB: ============== END OF LOAD BALANCING =============== 2740.98

PRESSURE: 35000 -13136.5 -149.216 -11.6274 -143.027 -13519.8 -119.117 -73.4101 -52.4557 -13332.5
GPRESSURE: 35000 144.037 -109.79 5.01125 -90.2822 -181.035 -131.052 4.51768 -26.3998 -67.5629
PRESSAVG: 35000 -13.5662 4.0972 11.2411 -3.78328 6.01567 -10.968 3.41088 -17.1336 2.76635
GPRESSAVG: 35000 -13.5634 4.18561 11.2133 -3.75102 6.12651 -11.0409 3.3248 -17.2037 2.71326
TIMING: 35000  CPU: 2557.07, 0.0730429/step  Wall: 2925.76, 0.0836823/step, 4.99769 hours remaining, 136.406372 MB of memory in use.
ENERGY:   35000      8097.4936     40708.8832     27888.6313       511.8926        -441421.7468     12005.1015       324.2860         0.0000    114951.4022        -236934.0565       309.3718   -351885.4587   -236617.9747       309.8510         -13329.5944       -34.8535   1695267.8928        -1.5947        -1.5746

WRITING EXTENDED SYSTEM TO RESTART FILE AT STEP 35000
WRITING COORDINATES TO DCD FILE AT STEP 35000
WRITING COORDINATES TO RESTART FILE AT STEP 35000
FINISHED WRITING RESTART COORDINATES
WRITING VELOCITIES TO RESTART FILE AT STEP 35000
FINISHED WRITING RESTART VELOCITIES
LDB: ============= START OF LOAD BALANCING ============== 3068.02
LDB: ============== END OF LOAD BALANCING =============== 3068.02

LDB: ============= START OF LOAD BALANCING ============== 3076.59
LDB: TIME 3076.63 LOAD: AVG 7.37234 MAX 7.74988  PROXIES: TOTAL 488 MAXPE 22 MAXPATCH 4 None 1.33937
LDB: TIME 3076.65 LOAD: AVG 7.37234 MAX 7.72992  PROXIES: TOTAL 488 MAXPE 22 MAXPATCH 4 RefineTorusLB 1.33937
LDB: ============== END OF LOAD BALANCING =============== 3076.65

PRESSURE: 40000 -13585.2 -150.438 -32.4242 -146.06 -13596.7 107.229 -10.6269 103.601 -13382.4
GPRESSURE: 40000 -168.23 -98.3617 -7.1141 -82.0475 -180.363 98.4129 -16.3464 127.542 -174.083
PRESSAVG: 40000 -4.55461 33.5926 8.51891 9.69035 6.5082 -9.26172 1.3022 -12.9695 -0.92172
GPRESSAVG: 40000 -4.53997 33.8441 8.37908 9.77161 6.547 -9.16719 1.46567 -12.9539 -0.984385
TIMING: 40000  CPU: 2923.06, 0.0731985/step  Wall: 3346.1, 0.0840671/step, 4.90391 hours remaining, 137.216400 MB of memory in use.
ENERGY:   40000      8060.6706     40735.2269     27984.8315       520.3298        -441296.7611     11986.3688       321.6511         0.0000    115242.3600        -236445.3223       310.1548   -351687.6823   -236153.3691       309.9367         -13521.4234      -174.2251   1692478.1723         0.3440         0.3409

WRITING EXTENDED SYSTEM TO RESTART FILE AT STEP 40000
WRITING COORDINATES TO DCD FILE AT STEP 40000
WRITING COORDINATES TO RESTART FILE AT STEP 40000
FINISHED WRITING RESTART COORDINATES
WRITING VELOCITIES TO RESTART FILE AT STEP 40000
FINISHED WRITING RESTART VELOCITIES
LDB: ============= START OF LOAD BALANCING ============== 3404.27
LDB: ============== END OF LOAD BALANCING =============== 3404.27

LDB: ============= START OF LOAD BALANCING ============== 3412.88
LDB: TIME 3412.89 LOAD: AVG 7.34298 MAX 7.54935  PROXIES: TOTAL 488 MAXPE 22 MAXPATCH 4 None 1.30987
LDB: TIME 3412.9 LOAD: AVG 7.34298 MAX 7.54935  PROXIES: TOTAL 488 MAXPE 22 MAXPATCH 4 RefineTorusLB 1.30987
LDB: ============== END OF LOAD BALANCING =============== 3412.9

LDB: ============= START OF LOAD BALANCING ============== 3740.53
LDB: ============== END OF LOAD BALANCING =============== 3740.53

LDB: ============= START OF LOAD BALANCING ============== 3749.12
LDB: TIME 3749.15 LOAD: AVG 7.32159 MAX 7.52312  PROXIES: TOTAL 488 MAXPE 22 MAXPATCH 4 None 1.30473
LDB: TIME 3749.17 LOAD: AVG 7.32159 MAX 7.52312  PROXIES: TOTAL 488 MAXPE 22 MAXPATCH 4 RefineTorusLB 1.30473
LDB: ============== END OF LOAD BALANCING =============== 3749.17

PRESSURE: 45000 -13329.6 52.7803 -30.6161 12.2194 -13175.4 -57.5404 1.28853 -139.261 -13150.8
GPRESSURE: 45000 150.232 19.7207 22.9688 -33.2903 134.504 -101.588 152.089 -200.234 148.353
PRESSAVG: 45000 10.85 48.529 -11.7242 41.4633 1.74066 1.99586 4.32037 -7.90516 3.47239
GPRESSAVG: 45000 10.9962 48.5174 -11.7441 41.4308 1.68685 1.9583 4.17302 -8.09686 3.41645
TIMING: 45000  CPU: 3289.67, 0.0733217/step  Wall: 3766.87, 0.0841541/step, 4.79211 hours remaining, 136.208588 MB of memory in use.
ENERGY:   45000      7993.0729     40577.0970     27915.4751       525.8641        -441876.2839     12211.0395       335.4078         0.0000    115118.7385        -237199.5891       309.8221   -352318.3276   -236925.0613       309.7485         -13218.5848       144.3629   1690617.5881         5.3543         5.3665

WRITING EXTENDED SYSTEM TO RESTART FILE AT STEP 45000
WRITING COORDINATES TO DCD FILE AT STEP 45000
WRITING COORDINATES TO RESTART FILE AT STEP 45000
FINISHED WRITING RESTART COORDINATES
WRITING VELOCITIES TO RESTART FILE AT STEP 45000
FINISHED WRITING RESTART VELOCITIES
LDB: ============= START OF LOAD BALANCING ============== 4076.3
LDB: ============== END OF LOAD BALANCING =============== 4076.3

LDB: ============= START OF LOAD BALANCING ============== 4084.89
LDB: TIME 4084.93 LOAD: AVG 7.34134 MAX 7.63553  PROXIES: TOTAL 488 MAXPE 22 MAXPATCH 4 None 1.31238
LDB: TIME 4084.95 LOAD: AVG 7.34134 MAX 7.63553  PROXIES: TOTAL 488 MAXPE 22 MAXPATCH 4 RefineTorusLB 1.31238
LDB: ============== END OF LOAD BALANCING =============== 4084.95

PRESSURE: 50000 -13414.2 74.3424 244.772 88.0227 -13350 135.18 241.038 159.911 -12971.4
GPRESSURE: 50000 44.3344 94.5842 174.314 164.102 36.1853 76.4639 182.745 101.885 333.237
PRESSAVG: 50000 9.49624 47.0517 -4.61931 41.6978 -10.3877 4.24618 -3.10443 -0.112542 3.01967
GPRESSAVG: 50000 9.4621 46.8713 -4.74543 41.795 -10.3745 4.30444 -2.978 -0.102703 2.9066
TIMING: 50000  CPU: 3656.15, 0.0732961/step  Wall: 4186.75, 0.0839755/step, 4.6653 hours remaining, 137.199554 MB of memory in use.
ETITLE:      TS           BOND          ANGLE          DIHED          IMPRP               ELECT            VDW       BOUNDARY           MISC        KINETIC               TOTAL           TEMP      POTENTIAL         TOTAL3        TEMPAVG            PRESSURE      GPRESSURE         VOLUME       PRESSAVG      GPRESSAVG

ENERGY:   50000      8020.6942     40803.7601     27867.0831       509.0698        -442197.8706     12630.0078       311.0833         0.0000    115127.4912        -236928.6812       309.8457   -352056.1724   -236636.1137       309.8238         -13245.1863       137.9188   1688273.6152         0.7094         0.6647

WRITING EXTENDED SYSTEM TO RESTART FILE AT STEP 50000
WRITING COORDINATES TO DCD FILE AT STEP 50000
WRITING COORDINATES TO RESTART FILE AT STEP 50000
FINISHED WRITING RESTART COORDINATES
WRITING VELOCITIES TO RESTART FILE AT STEP 50000
FINISHED WRITING RESTART VELOCITIES
LDB: ============= START OF LOAD BALANCING ============== 4411.89
LDB: ============== END OF LOAD BALANCING =============== 4411.89

LDB: ============= START OF LOAD BALANCING ============== 4420.57
LDB: TIME 4420.6 LOAD: AVG 7.36095 MAX 7.55755  PROXIES: TOTAL 488 MAXPE 22 MAXPATCH 4 None 1.32574
LDB: TIME 4420.62 LOAD: AVG 7.36095 MAX 7.55755  PROXIES: TOTAL 488 MAXPE 22 MAXPATCH 4 RefineTorusLB 1.32574
LDB: ============== END OF LOAD BALANCING =============== 4420.62

PRESSURE: 55000 -13188.9 -48.5717 -0.283529 -15.5801 -13427.7 154.493 38.6486 148.141 -13215.9
GPRESSURE: 55000 246.065 -127.08 -55.8344 58.1962 40.8501 137.81 106.517 147.667 34.1454
PRESSAVG: 55000 15.097 17.2998 32.1259 8.2068 -16.3244 -16.1398 20.5141 2.65276 1.52427
GPRESSAVG: 55000 14.9825 17.3331 32.2202 8.17664 -16.323 -16.2286 20.6304 2.67276 1.6476
TIMING: 55000  CPU: 4021.89, 0.0731477/step  Wall: 4605.79, 0.0838092/step, 4.53967 hours remaining, 137.055023 MB of memory in use.
ENERGY:   55000      7911.6901     40470.0323     28042.7846       500.7405        -442366.3420     12344.9193       297.8302         0.0000    114991.6701        -237806.6750       309.4801   -352798.3450   -237489.3275       309.7810         -13277.4926       107.0203   1690590.5705         0.0990         0.1024

WRITING EXTENDED SYSTEM TO RESTART FILE AT STEP 55000
WRITING COORDINATES TO DCD FILE AT STEP 55000
WRITING COORDINATES TO RESTART FILE AT STEP 55000
FINISHED WRITING RESTART COORDINATES
WRITING VELOCITIES TO RESTART FILE AT STEP 55000
FINISHED WRITING RESTART VELOCITIES
LDB: ============= START OF LOAD BALANCING ============== 4747.61
LDB: ============== END OF LOAD BALANCING =============== 4747.61

LDB: ============= START OF LOAD BALANCING ============== 4756.25
LDB: TIME 4756.29 LOAD: AVG 7.35979 MAX 7.65135  PROXIES: TOTAL 488 MAXPE 22 MAXPATCH 4 None 1.32095
LDB: TIME 4756.31 LOAD: AVG 7.35979 MAX 7.65135  PROXIES: TOTAL 488 MAXPE 22 MAXPATCH 4 RefineTorusLB 1.32095
LDB: ============== END OF LOAD BALANCING =============== 4756.31

WRITING COORDINATES TO DCD FILE AT STEP 60000
WRITING COORDINATES TO RESTART FILE AT STEP 60000
FINISHED WRITING RESTART COORDINATES
PRESSURE: 60000 -13470.4 47.2844 10.7395 50.8514 -13251.2 -30.7421 18.4508 -90.3928 -13134.9
GPRESSURE: 60000 42.4041 4.77805 -80.5241 33.4489 18.2686 -89.2093 21.9889 -41.4167 177.03
PRESSAVG: 60000 15.7259 11.9379 8.67277 2.21814 -4.19475 0.0201922 17.0449 2.45424 -2.4638
GPRESSAVG: 60000 15.6675 11.6701 8.63065 2.27434 -4.12111 -0.0270937 17.0983 2.50683 -2.44167
TIMING: 60000  CPU: 4387.98, 0.0732179/step  Wall: 5025.13, 0.0838682/step, 4.42638 hours remaining, 135.742676 MB of memory in use.
ENERGY:   60000      8115.1603     40493.2279     27785.9608       516.4017        -441931.2729     12122.4455       302.5843         0.0000    115021.5887        -237573.9037       309.5607   -352595.4924   -237309.9217       309.9798         -13285.5059        79.2342   1690062.0538         3.0224         3.0349

WRITING EXTENDED SYSTEM TO RESTART FILE AT STEP 60000
WRITING VELOCITIES TO RESTART FILE AT STEP 60000
FINISHED WRITING RESTART VELOCITIES
LDB: ============= START OF LOAD BALANCING ============== 5083.23
LDB: ============== END OF LOAD BALANCING =============== 5083.23

LDB: ============= START OF LOAD BALANCING ============== 5091.91
LDB: TIME 5091.94 LOAD: AVG 7.35237 MAX 7.57482  PROXIES: TOTAL 488 MAXPE 22 MAXPATCH 4 None 1.3185
LDB: TIME 5091.97 LOAD: AVG 7.35237 MAX 7.57482  PROXIES: TOTAL 488 MAXPE 22 MAXPATCH 4 RefineTorusLB 1.3185
LDB: ============== END OF LOAD BALANCING =============== 5091.97

LDB: ============= START OF LOAD BALANCING ============== 5418.87
LDB: ============== END OF LOAD BALANCING =============== 5418.87

LDB: ============= START OF LOAD BALANCING ============== 5427.51
LDB: TIME 5427.54 LOAD: AVG 7.32518 MAX 7.49692  PROXIES: TOTAL 488 MAXPE 22 MAXPATCH 4 None 1.30426
LDB: TIME 5427.56 LOAD: AVG 7.32518 MAX 7.49692  PROXIES: TOTAL 488 MAXPE 22 MAXPATCH 4 RefineTorusLB 1.30426
LDB: ============== END OF LOAD BALANCING =============== 5427.56

WRITING COORDINATES TO DCD FILE AT STEP 65000
WRITING COORDINATES TO RESTART FILE AT STEP 65000
FINISHED WRITING RESTART COORDINATES
WRITING VELOCITIES TO RESTART FILE AT STEP 65000
FINISHED WRITING RESTART VELOCITIES
PRESSURE: 65000 -13210.1 -82.7014 51.7047 -87.6814 -13458 -112.995 6.24024 -97.6021 -13507.7
GPRESSURE: 65000 97.1858 -59.2578 56.0734 -18.1009 -4.72787 -91.3242 -26.025 69.5971 -206.248
PRESSAVG: 65000 -3.10852 25.0409 -11.1473 25.468 4.07533 -21.6862 13.8 -6.94997 6.86974
GPRESSAVG: 65000 -3.30153 25.0409 -11.0228 25.3797 3.92433 -21.7296 13.7645 -6.90512 6.92077
TIMING: 65000  CPU: 4754.58, 0.0733209/step  Wall: 5452.87, 0.0855466/step, 4.39615 hours remaining, 135.048248 MB of memory in use.
ENERGY:   65000      8040.7668     40616.1736     27921.1810       490.2237        -442071.2054     12317.9394       298.5622         0.0000    114477.4675        -237908.8913       308.0962   -352386.3588   -237619.2234       309.6745         -13391.9433       -37.9300   1691354.9382         2.6122         2.5145

WRITING EXTENDED SYSTEM TO RESTART FILE AT STEP 65000
LDB: ============= START OF LOAD BALANCING ============== 5762.62
LDB: ============== END OF LOAD BALANCING =============== 5762.62

LDB: ============= START OF LOAD BALANCING ============== 5771.14
LDB: TIME 5771.17 LOAD: AVG 7.34929 MAX 7.54809  PROXIES: TOTAL 488 MAXPE 22 MAXPATCH 4 None 1.3157
LDB: TIME 5771.19 LOAD: AVG 7.34929 MAX 7.54809  PROXIES: TOTAL 488 MAXPE 22 MAXPATCH 4 RefineTorusLB 1.3157
LDB: ============== END OF LOAD BALANCING =============== 5771.19

PRESSURE: 70000 -13271.4 105.954 191.639 62.1197 -13253 -28.3964 187.952 -10.8253 -13215
GPRESSURE: 70000 80.3578 84.1806 162.903 -24.7521 99.8114 -67.1089 124.66 -35.2616 132.188
PRESSAVG: 70000 -2.20743 29.9578 -3.75351 10.0375 14.4355 -5.70316 4.19454 25.8102 -1.50818
GPRESSAVG: 70000 -2.24589 29.9957 -3.7327 10.108 14.3728 -5.81302 4.14866 25.6909 -1.35693
TIMING: 70000  CPU: 5122.01, 0.0734858/step  Wall: 5872.5, 0.0839274/step, 4.19637 hours remaining, 136.617249 MB of memory in use.
ENERGY:   70000      8096.3063     40631.5133     27897.8694       495.2849        -441780.1769     12295.4085       311.1644         0.0000    114895.3392        -237157.2910       309.2209   -352052.6302   -236885.9416       310.0412         -13246.4821       104.1191   1690403.4117         3.5733         3.5900

WRITING EXTENDED SYSTEM TO RESTART FILE AT STEP 70000
WRITING COORDINATES TO DCD FILE AT STEP 70000
WRITING COORDINATES TO RESTART FILE AT STEP 70000
FINISHED WRITING RESTART COORDINATES
WRITING VELOCITIES TO RESTART FILE AT STEP 70000
FINISHED WRITING RESTART VELOCITIES
LDB: ============= START OF LOAD BALANCING ============== 6098.12
LDB: ============== END OF LOAD BALANCING =============== 6098.13

LDB: ============= START OF LOAD BALANCING ============== 6106.89
LDB: TIME 6106.92 LOAD: AVG 7.36582 MAX 7.69859  PROXIES: TOTAL 488 MAXPE 22 MAXPATCH 4 None 1.31367
LDB: TIME 6106.94 LOAD: AVG 7.36582 MAX 7.69859  PROXIES: TOTAL 488 MAXPE 22 MAXPATCH 4 RefineTorusLB 1.31367
LDB: ============== END OF LOAD BALANCING =============== 6106.94

PRESSURE: 75000 -13300.4 -98.5633 74.0933 -58.9224 -13483.2 -174.728 7.51347 -108.645 -13177.5
GPRESSURE: 75000 92.2553 -117.775 161.488 -1.19224 9.4628 -111.732 14.2462 -94.2779 56.6177
PRESSAVG: 75000 14.4135 9.17906 16.8841 -8.62286 -12.1842 -5.35188 8.35427 1.01386 5.19742
GPRESSAVG: 75000 14.384 9.26348 16.6801 -8.66658 -11.9939 -5.2999 8.38391 1.0682 5.09263
TIMING: 75000  CPU: 5489.71, 0.073539/step  Wall: 6292.54, 0.0840072/step, 4.08368 hours remaining, 135.334778 MB of memory in use.
ENERGY:   75000      8020.9445     40830.6488     27803.1361       531.9272        -441844.2351     12502.7912       317.3578         0.0000    114964.2154        -236873.2141       309.4062   -351837.4296   -236595.5559       309.9767         -13320.3831        52.7786   1689199.6566         2.4756         2.4943

WRITING EXTENDED SYSTEM TO RESTART FILE AT STEP 75000
WRITING COORDINATES TO DCD FILE AT STEP 75000
WRITING COORDINATES TO RESTART FILE AT STEP 75000
FINISHED WRITING RESTART COORDINATES
WRITING VELOCITIES TO RESTART FILE AT STEP 75000
FINISHED WRITING RESTART VELOCITIES
LDB: ============= START OF LOAD BALANCING ============== 6434.38
LDB: ============== END OF LOAD BALANCING =============== 6434.38

LDB: ============= START OF LOAD BALANCING ============== 6442.94
LDB: TIME 6442.97 LOAD: AVG 7.33019 MAX 7.5392  PROXIES: TOTAL 488 MAXPE 22 MAXPATCH 4 None 1.30256
LDB: TIME 6442.99 LOAD: AVG 7.33019 MAX 7.5392  PROXIES: TOTAL 488 MAXPE 22 MAXPATCH 4 RefineTorusLB 1.30256
LDB: ============== END OF LOAD BALANCING =============== 6442.99

WRITING COORDINATES TO DCD FILE AT STEP 80000
WRITING COORDINATES TO RESTART FILE AT STEP 80000
FINISHED WRITING RESTART COORDINATES
WRITING VELOCITIES TO RESTART FILE AT STEP 80000
FINISHED WRITING RESTART VELOCITIES
PRESSURE: 80000 -13491.2 137.508 -119.142 128.893 -13377.6 -11.8804 -147.287 18.9433 -13326
GPRESSURE: 80000 -130.489 110.48 -132.657 98.5925 7.46685 47.7158 -191.054 -38.5681 -18.4697
PRESSAVG: 80000 -11.3276 35.1223 -13.0687 16.0872 24.1767 -4.25409 4.9038 12.794 1.50919
GPRESSAVG: 80000 -11.2575 34.9644 -13.0159 16.0635 24.2685 -4.12318 4.73122 12.8606 1.62778
TIMING: 80000  CPU: 5857.13, 0.0734854/step  Wall: 6712.68, 0.0840293/step, 3.96805 hours remaining, 135.230774 MB of memory in use.
ENERGY:   80000      8033.7291     40573.3317     27825.4228       522.2128        -441409.8422     12092.0905       311.2597         0.0000    115140.8410        -236910.9545       309.8816   -352051.7956   -236639.5317       310.0741         -13398.2451       -47.1640   1690949.3071         4.7861         4.8796

WRITING EXTENDED SYSTEM TO RESTART FILE AT STEP 80000
LDB: ============= START OF LOAD BALANCING ============== 6771.13
LDB: ============== END OF LOAD BALANCING =============== 6771.14

LDB: ============= START OF LOAD BALANCING ============== 6779.57
LDB: TIME 6779.6 LOAD: AVG 7.34358 MAX 7.53216  PROXIES: TOTAL 488 MAXPE 22 MAXPATCH 4 None 1.31929
LDB: TIME 6779.62 LOAD: AVG 7.34358 MAX 7.53216  PROXIES: TOTAL 488 MAXPE 22 MAXPATCH 4 RefineTorusLB 1.31929
LDB: ============== END OF LOAD BALANCING =============== 6779.62

LDB: ============= START OF LOAD BALANCING ============== 7106.53
LDB: ============== END OF LOAD BALANCING =============== 7106.53

LDB: ============= START OF LOAD BALANCING ============== 7115.09
LDB: TIME 7115.12 LOAD: AVG 7.34618 MAX 7.59039  PROXIES: TOTAL 488 MAXPE 22 MAXPATCH 4 None 1.31823
LDB: TIME 7115.14 LOAD: AVG 7.34618 MAX 7.59039  PROXIES: TOTAL 488 MAXPE 22 MAXPATCH 4 RefineTorusLB 1.31823
LDB: ============== END OF LOAD BALANCING =============== 7115.14

WRITING COORDINATES TO DCD FILE AT STEP 85000
WRITING COORDINATES TO RESTART FILE AT STEP 85000
FINISHED WRITING RESTART COORDINATES
WRITING VELOCITIES TO RESTART FILE AT STEP 85000
FINISHED WRITING RESTART VELOCITIES
PRESSURE: 85000 -13115 -27.7745 81.6439 -3.06312 -13544.8 -167.609 93.6757 -120.422 -13042.3
GPRESSURE: 85000 155.388 40.3911 44.2489 68.1339 -103.58 -257.646 27.8866 -45.4036 259.54
PRESSAVG: 85000 22.4794 12.3061 9.80603 16.4851 -18.2662 17.9922 17.7428 22.9664 0.447099
GPRESSAVG: 85000 22.5223 12.2436 9.62705 16.418 -18.0223 17.8246 17.8233 22.9782 0.439422
TIMING: 85000  CPU: 6223.66, 0.0733053/step  Wall: 7133.27, 0.0841169/step, 3.85536 hours remaining, 135.755157 MB of memory in use.
ENERGY:   85000      8132.6960     40684.8926     27927.2892       512.1810        -441628.3331     12057.0577       316.0471         0.0000    114929.2033        -237068.9662       309.3120   -351998.1695   -236785.7432       309.6251         -13234.0330       103.7829   1690186.9507         1.5534         1.6465

WRITING EXTENDED SYSTEM TO RESTART FILE AT STEP 85000
LDB: ============= START OF LOAD BALANCING ============== 7443.12
LDB: ============== END OF LOAD BALANCING =============== 7443.12

LDB: ============= START OF LOAD BALANCING ============== 7451.66
LDB: TIME 7451.69 LOAD: AVG 7.36581 MAX 7.69358  PROXIES: TOTAL 488 MAXPE 22 MAXPATCH 4 None 1.31446
LDB: TIME 7451.71 LOAD: AVG 7.36581 MAX 7.69358  PROXIES: TOTAL 488 MAXPE 22 MAXPATCH 4 RefineTorusLB 1.31446
LDB: ============== END OF LOAD BALANCING =============== 7451.71

PRESSURE: 90000 -13284.4 106.862 -124.307 119.27 -13490.7 58.8628 -81.4708 47.9309 -13222.3
GPRESSURE: 90000 44.1175 58.692 -178.151 152.791 -13.3164 -0.714662 -60.8382 -35.4804 -6.04896
PRESSAVG: 90000 20.2058 18.4777 -22.434 27.7805 -22.0144 12.9719 -10.5368 2.61784 -4.3016
GPRESSAVG: 90000 20.1707 18.5358 -22.3472 27.9572 -22.1956 13.1474 -10.4796 2.5597 -4.29709
TIMING: 90000  CPU: 6591.65, 0.073597/step  Wall: 7553.23, 0.0839927/step, 3.73301 hours remaining, 137.485474 MB of memory in use.
ENERGY:   90000      7892.8541     40709.5699     27824.8339       491.2785        -441605.4450     11734.6578       310.0770         0.0000    114453.7938        -238188.3800       308.0325   -352642.1737   -237881.7858       309.8288         -13332.4651         8.2507   1690040.9536        -2.0367        -2.1073

WRITING EXTENDED SYSTEM TO RESTART FILE AT STEP 90000
WRITING COORDINATES TO DCD FILE AT STEP 90000
WRITING COORDINATES TO RESTART FILE AT STEP 90000
FINISHED WRITING RESTART COORDINATES
WRITING VELOCITIES TO RESTART FILE AT STEP 90000
FINISHED WRITING RESTART VELOCITIES
LDB: ============= START OF LOAD BALANCING ============== 7779.76
LDB: ============== END OF LOAD BALANCING =============== 7779.76

LDB: ============= START OF LOAD BALANCING ============== 7788.42
LDB: TIME 7788.45 LOAD: AVG 7.3613 MAX 7.53682  PROXIES: TOTAL 488 MAXPE 22 MAXPATCH 4 None 1.31211
LDB: TIME 7788.48 LOAD: AVG 7.3613 MAX 7.53682  PROXIES: TOTAL 488 MAXPE 22 MAXPATCH 4 RefineTorusLB 1.31211
LDB: ============== END OF LOAD BALANCING =============== 7788.48

PRESSURE: 95000 -13212.3 154.089 -68.4383 132.634 -13395.5 -8.3302 -45.1029 -39.4153 -13350.3
GPRESSURE: 95000 196.414 143.902 -49.6161 98.537 89.4912 36.2947 -70.6031 102.026 -42.905
PRESSAVG: 95000 17.6964 36.9854 7.03697 25.922 -17.9481 5.7025 14.434 9.84738 7.77617
GPRESSAVG: 95000 17.5687 36.9147 6.95498 25.7934 -18.0504 5.61701 14.3408 9.7655 7.95523
TIMING: 95000  CPU: 6960.09, 0.0736896/step  Wall: 7973.36, 0.0840246/step, 3.61772 hours remaining, 137.615814 MB of memory in use.
ENERGY:   95000      8037.1767     40746.0410     27908.1732       506.8960        -442377.9897     12564.2310       311.6222         0.0000    114846.9055        -237456.9440       309.0905   -352303.8495   -237176.8674       309.9360         -13319.3582        81.0001   1685815.8170         2.5082         2.4912

WRITING EXTENDED SYSTEM TO RESTART FILE AT STEP 95000
WRITING COORDINATES TO DCD FILE AT STEP 95000
WRITING COORDINATES TO RESTART FILE AT STEP 95000
FINISHED WRITING RESTART COORDINATES
WRITING VELOCITIES TO RESTART FILE AT STEP 95000
FINISHED WRITING RESTART VELOCITIES
LDB: ============= START OF LOAD BALANCING ============== 8115.53
LDB: ============== END OF LOAD BALANCING =============== 8115.53

LDB: ============= START OF LOAD BALANCING ============== 8124.15
LDB: TIME 8124.19 LOAD: AVG 7.35735 MAX 7.52938  PROXIES: TOTAL 488 MAXPE 22 MAXPATCH 4 None 1.31356
LDB: TIME 8124.21 LOAD: AVG 7.35735 MAX 7.52938  PROXIES: TOTAL 488 MAXPE 22 MAXPATCH 4 RefineTorusLB 1.31356
LDB: ============== END OF LOAD BALANCING =============== 8124.21

WRITING COORDINATES TO DCD FILE AT STEP 100000
WRITING COORDINATES TO RESTART FILE AT STEP 100000
FINISHED WRITING RESTART COORDINATES
PRESSURE: 100000 -13224.7 -281.374 6.71809 -292.722 -13530.8 4.81739 35.9653 8.38906 -13246
GPRESSURE: 100000 210.877 -163.506 -73.3006 -143.078 -64.1912 -68.4873 -29.3426 -8.29705 49.4277
PRESSAVG: 100000 21.9272 27.6587 -5.90751 6.89907 -14.0768 6.53394 18.4167 2.04057 -0.96238
GPRESSAVG: 100000 21.8698 27.4473 -6.03853 7.00716 -14.1117 6.58159 18.3161 2.00421 -1.07257
TIMING: 100000  CPU: 7327.83, 0.0735468/step  Wall: 8392.83, 0.0838958/step, 3.49566 hours remaining, 136.184967 MB of memory in use.
ETITLE:      TS           BOND          ANGLE          DIHED          IMPRP               ELECT            VDW       BOUNDARY           MISC        KINETIC               TOTAL           TEMP      POTENTIAL         TOTAL3        TEMPAVG            PRESSURE      GPRESSURE         VOLUME       PRESSAVG      GPRESSAVG

ENERGY:  100000      8045.8858     40705.9357     27842.8849       545.6079        -442509.8205     12301.3028       305.7546         0.0000    114745.8085        -238016.6403       308.8184   -352762.4488   -237723.6053       309.7335         -13333.8014        65.3712   1688209.8831         2.2960         2.2285

WRITING EXTENDED SYSTEM TO RESTART FILE AT STEP 100000
WRITING VELOCITIES TO RESTART FILE AT STEP 100000
FINISHED WRITING RESTART VELOCITIES
LDB: ============= START OF LOAD BALANCING ============== 8451.07
LDB: ============== END OF LOAD BALANCING =============== 8451.07

LDB: ============= START OF LOAD BALANCING ============== 8459.82
LDB: TIME 8459.86 LOAD: AVG 7.35962 MAX 7.57597  PROXIES: TOTAL 488 MAXPE 22 MAXPATCH 4 None 1.31276
LDB: TIME 8459.88 LOAD: AVG 7.35962 MAX 7.57597  PROXIES: TOTAL 488 MAXPE 22 MAXPATCH 4 RefineTorusLB 1.31276
LDB: ============== END OF LOAD BALANCING =============== 8459.88

LDB: ============= START OF LOAD BALANCING ============== 8787.79
LDB: ============== END OF LOAD BALANCING =============== 8787.79

LDB: ============= START OF LOAD BALANCING ============== 8796.54
LDB: TIME 8796.57 LOAD: AVG 7.36144 MAX 7.67433  PROXIES: TOTAL 488 MAXPE 22 MAXPATCH 4 None 1.31251
LDB: TIME 8796.59 LOAD: AVG 7.36144 MAX 7.67433  PROXIES: TOTAL 488 MAXPE 22 MAXPATCH 4 RefineTorusLB 1.31251
LDB: ============== END OF LOAD BALANCING =============== 8796.59

PRESSURE: 105000 -13251.1 -6.85874 -174.473 -24.1645 -13588.9 18.7178 -177.111 63.5045 -13146.1
GPRESSURE: 105000 129.422 0.113097 -91.9718 -48.5828 -122.812 24.6061 -79.3664 72.8042 146.172
PRESSAVG: 105000 23.2608 9.16901 -17.452 6.1618 -23.7152 4.27775 3.93615 13.1791 6.4037
GPRESSAVG: 105000 23.3004 9.30031 -17.521 6.03436 -23.8336 4.14258 4.12574 13.2315 6.27957
TIMING: 105000  CPU: 7696.76, 0.0737874/step  Wall: 8814.15, 0.0842628/step, 3.39392 hours remaining, 135.894165 MB of memory in use.
ENERGY:  105000      8074.3327     40781.7531     27902.4469       488.9279        -442220.6030     12164.5467       296.5805         0.0000    115236.4697        -237275.5456       310.1390   -352512.0153   -236988.7512       309.3735         -13328.6788        50.9272   1689632.1895         1.9831         1.9154

WRITING EXTENDED SYSTEM TO RESTART FILE AT STEP 105000
WRITING COORDINATES TO DCD FILE AT STEP 105000
WRITING COORDINATES TO RESTART FILE AT STEP 105000
FINISHED WRITING RESTART COORDINATES
WRITING VELOCITIES TO RESTART FILE AT STEP 105000
FINISHED WRITING RESTART VELOCITIES
LDB: ============= START OF LOAD BALANCING ============== 9123.89
LDB: ============== END OF LOAD BALANCING =============== 9123.9

LDB: ============= START OF LOAD BALANCING ============== 9132.47
LDB: TIME 9132.5 LOAD: AVG 7.3742 MAX 7.56084  PROXIES: TOTAL 488 MAXPE 22 MAXPATCH 4 None 1.32492
LDB: TIME 9132.52 LOAD: AVG 7.3742 MAX 7.56084  PROXIES: TOTAL 488 MAXPE 22 MAXPATCH 4 RefineTorusLB 1.32492
LDB: ============== END OF LOAD BALANCING =============== 9132.52

PRESSURE: 110000 -13386.1 -139.25 189.628 -118.959 -13361.7 15.4251 206.93 70.4772 -13020.2
GPRESSURE: 110000 23.4066 -48.2994 123.191 -134.389 82.4807 -89.389 94.0927 6.52502 314.874
PRESSAVG: 110000 23.0025 4.21689 -12.9519 -2.23129 -24.8284 5.82628 7.13334 19.6974 0.615701
GPRESSAVG: 110000 23.0054 4.15082 -13.0951 -2.23749 -24.8802 5.87995 6.84359 19.5706 0.682311
TIMING: 110000  CPU: 8065.69, 0.073786/step  Wall: 9233.67, 0.0839046/step, 3.26296 hours remaining, 135.471619 MB of memory in use.
ENERGY:  110000      8010.6237     40811.1982     27833.3719       506.5884        -442645.9808     12668.1247       304.2354         0.0000    114539.5424        -237972.2962       308.2633   -352511.8386   -237681.4161       310.3725         -13256.0162       140.2537   1688719.6894        -0.4034        -0.3975

WRITING EXTENDED SYSTEM TO RESTART FILE AT STEP 110000
WRITING COORDINATES TO DCD FILE AT STEP 110000
WRITING COORDINATES TO RESTART FILE AT STEP 110000
FINISHED WRITING RESTART COORDINATES
WRITING VELOCITIES TO RESTART FILE AT STEP 110000
FINISHED WRITING RESTART VELOCITIES
LDB: ============= START OF LOAD BALANCING ============== 9459.22
LDB: ============== END OF LOAD BALANCING =============== 9459.23

LDB: ============= START OF LOAD BALANCING ============== 9467.76
LDB: TIME 9467.77 LOAD: AVG 7.36411 MAX 7.5633  PROXIES: TOTAL 488 MAXPE 22 MAXPATCH 4 None 1.32116
LDB: TIME 9467.79 LOAD: AVG 7.36411 MAX 7.5633  PROXIES: TOTAL 488 MAXPE 22 MAXPATCH 4 RefineTorusLB 1.32116
LDB: ============== END OF LOAD BALANCING =============== 9467.79

PRESSURE: 115000 -13270.9 0.411107 100.286 18.9847 -13401.9 218.224 39.8985 229.757 -13243.9
GPRESSURE: 115000 85.2631 69.8689 51.0994 31.6675 8.63098 164.708 11.8191 131.021 -4.5161
PRESSAVG: 115000 18.8609 8.21666 34.1894 7.21339 -15.6197 1.05372 22.1334 9.96279 -0.124021
GPRESSAVG: 115000 18.7993 8.25105 34.3281 7.16841 -15.6648 0.947239 21.8995 9.81385 -0.0953978
TIMING: 115000  CPU: 8434.26, 0.0737126/step  Wall: 9653.18, 0.0839019/step, 3.14632 hours remaining, 137.446838 MB of memory in use.
ENERGY:  115000      7942.9190     40808.3641     27780.7367       481.2718        -441221.7301     11602.0080       302.0515         0.0000    114810.6400        -237493.7390       308.9929   -352304.3790   -237183.4339       309.6398         -13305.5683        29.7927   1690117.3308         1.0390         1.0130

WRITING EXTENDED SYSTEM TO RESTART FILE AT STEP 115000
WRITING COORDINATES TO DCD FILE AT STEP 115000
WRITING COORDINATES TO RESTART FILE AT STEP 115000
FINISHED WRITING RESTART COORDINATES
WRITING VELOCITIES TO RESTART FILE AT STEP 115000
FINISHED WRITING RESTART VELOCITIES
LDB: ============= START OF LOAD BALANCING ============== 9795.6
LDB: ============== END OF LOAD BALANCING =============== 9795.6

LDB: ============= START OF LOAD BALANCING ============== 9804.38
LDB: TIME 9804.38 LOAD: AVG 7.36151 MAX 7.6064  PROXIES: TOTAL 488 MAXPE 22 MAXPATCH 4 None 1.30363
LDB: TIME 9804.4 LOAD: AVG 7.36151 MAX 7.6064  PROXIES: TOTAL 488 MAXPE 22 MAXPATCH 4 RefineTorusLB 1.30363
LDB: ============== END OF LOAD BALANCING =============== 9804.4

PRESSURE: 120000 -13345.5 -65.6041 -89.6483 -57.8059 -13333.4 79.8652 -107.98 117.953 -13227.3
GPRESSURE: 120000 59.4391 6.94078 -21.6054 -81.5849 55.1255 1.45124 29.3747 63.3219 47.0539
PRESSAVG: 120000 0.207141 10.8516 -19.2629 8.83172 9.60258 20.0645 -27.8572 18.7163 5.56828
GPRESSAVG: 120000 0.193823 10.7235 -19.3517 8.88772 9.48374 20.0462 -27.8397 18.823 5.64975
TIMING: 120000  CPU: 8804.17, 0.0739822/step  Wall: 10075, 0.0843665/step, 3.04657 hours remaining, 138.754700 MB of memory in use.
ENERGY:  120000      7991.6927     40832.3148     27789.3770       534.4842        -441542.7605     11717.2455       326.1837         0.0000    114739.3758        -237612.0867       308.8011   -352351.4625   -237301.8314       309.7113         -13302.0548        53.8728   1688004.5318         5.1260         5.1091

WRITING EXTENDED SYSTEM TO RESTART FILE AT STEP 120000
WRITING COORDINATES TO DCD FILE AT STEP 120000
WRITING COORDINATES TO RESTART FILE AT STEP 120000
FINISHED WRITING RESTART COORDINATES
WRITING VELOCITIES TO RESTART FILE AT STEP 120000
FINISHED WRITING RESTART VELOCITIES
LDB: ============= START OF LOAD BALANCING ============== 10133.4
LDB: ============== END OF LOAD BALANCING =============== 10133.4

LDB: ============= START OF LOAD BALANCING ============== 10142.1
LDB: TIME 10142.1 LOAD: AVG 7.35597 MAX 7.66925  PROXIES: TOTAL 488 MAXPE 22 MAXPATCH 4 None 1.31562
LDB: TIME 10142.1 LOAD: AVG 7.35597 MAX 7.66925  PROXIES: TOTAL 488 MAXPE 22 MAXPATCH 4 RefineTorusLB 1.31562
LDB: ============== END OF LOAD BALANCING =============== 10142.1

LDB: ============= START OF LOAD BALANCING ============== 10469.4
LDB: ============== END OF LOAD BALANCING =============== 10469.4

LDB: ============= START OF LOAD BALANCING ============== 10477.9
LDB: TIME 10478 LOAD: AVG 7.35405 MAX 7.55245  PROXIES: TOTAL 488 MAXPE 22 MAXPATCH 4 None 1.3102
LDB: TIME 10478 LOAD: AVG 7.35405 MAX 7.55245  PROXIES: TOTAL 488 MAXPE 22 MAXPATCH 4 RefineTorusLB 1.3102
LDB: ============== END OF LOAD BALANCING =============== 10478

PRESSURE: 125000 -13473.7 6.55348 -26.3826 -53.5939 -13356.9 -99.987 -82.8436 -69.5424 -13372.1
GPRESSURE: 125000 -140.228 -21.442 -11.4483 -0.905267 -12.2345 -51.0357 -79.7449 -94.2665 -78.4795
PRESSAVG: 125000 11.0671 13.1218 -13.2874 -1.87715 -10.2727 0.416951 -8.64242 13.6324 0.256449
GPRESSAVG: 125000 11.1158 12.9458 -13.4513 -1.89179 -10.2199 0.270959 -8.38751 13.7975 0.465809
TIMING: 125000  CPU: 9173.19, 0.0738042/step  Wall: 10495.7, 0.084132/step, 2.92125 hours remaining, 136.181519 MB of memory in use.
ENERGY:  125000      8117.4792     40808.2088     27828.6071       515.0187        -441223.1347     11591.2687       319.7133         0.0000    114767.9141        -237274.9247       308.8779   -352042.8389   -236978.8853       309.9629         -13400.9224       -76.9807   1689325.6228         0.3503         0.4539

WRITING EXTENDED SYSTEM TO RESTART FILE AT STEP 125000
WRITING COORDINATES TO DCD FILE AT STEP 125000
WRITING COORDINATES TO RESTART FILE AT STEP 125000
FINISHED WRITING RESTART COORDINATES
WRITING VELOCITIES TO RESTART FILE AT STEP 125000
FINISHED WRITING RESTART VELOCITIES
LDB: ============= START OF LOAD BALANCING ============== 10806.3
LDB: ============== END OF LOAD BALANCING =============== 10806.3

LDB: ============= START OF LOAD BALANCING ============== 10814.9
LDB: TIME 10815 LOAD: AVG 7.3767 MAX 7.58813  PROXIES: TOTAL 488 MAXPE 22 MAXPATCH 4 None 1.33779
LDB: TIME 10815 LOAD: AVG 7.3767 MAX 7.58813  PROXIES: TOTAL 488 MAXPE 22 MAXPATCH 4 RefineTorusLB 1.33779
LDB: ============== END OF LOAD BALANCING =============== 10815

PRESSURE: 130000 -13440.5 -36.242 -137.673 -29.5162 -13419.5 -24.0763 -174.945 -21.6944 -13348
GPRESSURE: 130000 -15.8384 -91.0348 -92.129 -1.37302 -46.5816 -5.82452 -203.232 31.3859 29.9165
PRESSAVG: 130000 11.0074 19.206 8.82402 0.772312 -6.12431 -7.28482 0.721028 10.5127 1.75062
GPRESSAVG: 130000 11.1357 19.1746 8.94004 0.665751 -6.14177 -7.27444 0.674139 10.2289 1.63674
TIMING: 130000  CPU: 9540.63, 0.0734886/step  Wall: 10916.5, 0.0841712/step, 2.80571 hours remaining, 136.940765 MB of memory in use.
ENERGY:  130000      8065.4099     40465.1723     27738.6142       497.8464        -442310.7908     12342.1461       297.1038         0.0000    115227.9053        -237676.5929       310.1159   -352904.4982   -237386.4070       310.0051         -13402.6594       -10.8345   1686948.6499         2.2112         2.2102

WRITING EXTENDED SYSTEM TO RESTART FILE AT STEP 130000
WRITING COORDINATES TO DCD FILE AT STEP 130000
WRITING COORDINATES TO RESTART FILE AT STEP 130000
FINISHED WRITING RESTART COORDINATES
WRITING VELOCITIES TO RESTART FILE AT STEP 130000
FINISHED WRITING RESTART VELOCITIES
LDB: ============= START OF LOAD BALANCING ============== 11142.8
LDB: ============== END OF LOAD BALANCING =============== 11142.8

LDB: ============= START OF LOAD BALANCING ============== 11151.4
LDB: TIME 11151.5 LOAD: AVG 7.36049 MAX 7.67883  PROXIES: TOTAL 488 MAXPE 22 MAXPATCH 4 None 1.31898
LDB: TIME 11151.5 LOAD: AVG 7.36049 MAX 7.67883  PROXIES: TOTAL 488 MAXPE 22 MAXPATCH 4 RefineTorusLB 1.31898
LDB: ============== END OF LOAD BALANCING =============== 11151.5

PRESSURE: 135000 -13246.4 -4.23572 -3.62283 -9.11656 -13391.6 91.836 26.2368 70.4375 -13396
GPRESSURE: 135000 38.7212 4.44993 -48.2934 -47.517 6.28592 57.7276 23.4046 93.8961 -34.1669
PRESSAVG: 135000 3.30421 19.1372 8.94297 13.7405 -2.09027 13.2033 9.67567 7.48283 -4.50029
GPRESSAVG: 135000 3.3602 19.2617 9.02683 13.775 -2.14886 13.251 9.60539 7.53182 -4.54974
TIMING: 135000  CPU: 9908.72, 0.0736172/step  Wall: 11336.4, 0.0839757/step, 2.68256 hours remaining, 136.810699 MB of memory in use.
ENERGY:  135000      8118.3648     40183.8486     27842.6031       515.0921        -442403.8924     12477.9745       308.3374         0.0000    114759.3781        -238198.2938       308.8550   -352957.6719   -237900.9317       309.6978         -13344.6469         3.6134   1691796.7622        -1.0954        -1.1128

WRITING EXTENDED SYSTEM TO RESTART FILE AT STEP 135000
WRITING COORDINATES TO DCD FILE AT STEP 135000
WRITING COORDINATES TO RESTART FILE AT STEP 135000
FINISHED WRITING RESTART COORDINATES
WRITING VELOCITIES TO RESTART FILE AT STEP 135000
FINISHED WRITING RESTART VELOCITIES
LDB: ============= START OF LOAD BALANCING ============== 11478.5
LDB: ============== END OF LOAD BALANCING =============== 11478.5

LDB: ============= START OF LOAD BALANCING ============== 11487.2
LDB: TIME 11487.2 LOAD: AVG 7.37465 MAX 7.65491  PROXIES: TOTAL 488 MAXPE 22 MAXPATCH 4 None 1.32424
LDB: TIME 11487.2 LOAD: AVG 7.37465 MAX 7.65491  PROXIES: TOTAL 488 MAXPE 22 MAXPATCH 4 RefineTorusLB 1.32424
LDB: ============== END OF LOAD BALANCING =============== 11487.2

PRESSURE: 140000 -13433 -60.5074 -67.2946 -79.0813 -13500.5 -133.493 -42.1471 -97.6548 -13112.3
GPRESSURE: 140000 -110.085 -5.64085 67.1669 35.074 -18.146 -124.103 92.8485 -158.912 206.777
PRESSAVG: 140000 -8.25051 21.0172 10.9569 30.31 7.93214 -0.06569 6.41314 16.7606 -0.549157
GPRESSAVG: 140000 -8.27218 21.0845 10.9314 30.2568 7.91316 0.0835473 6.48259 16.6079 -0.442766
TIMING: 140000  CPU: 10276.7, 0.0735942/step  Wall: 11757.4, 0.0841924/step, 2.57254 hours remaining, 135.531586 MB of memory in use.
ENERGY:  140000      8005.4215     40584.3082     27804.5116       521.9131        -441773.9654     11803.2595       302.4984         0.0000    114846.4308        -237905.6223       309.0892   -352752.0531   -237591.8319       310.1513         -13348.6146        26.1821   1686395.1034        -0.2892        -0.2673

WRITING EXTENDED SYSTEM TO RESTART FILE AT STEP 140000
WRITING COORDINATES TO DCD FILE AT STEP 140000
WRITING COORDINATES TO RESTART FILE AT STEP 140000
FINISHED WRITING RESTART COORDINATES
WRITING VELOCITIES TO RESTART FILE AT STEP 140000
FINISHED WRITING RESTART VELOCITIES
LDB: ============= START OF LOAD BALANCING ============== 11815.5
LDB: ============== END OF LOAD BALANCING =============== 11815.5

LDB: ============= START OF LOAD BALANCING ============== 11824.1
LDB: TIME 11824.2 LOAD: AVG 7.36822 MAX 7.60512  PROXIES: TOTAL 488 MAXPE 22 MAXPATCH 4 None 1.32785
LDB: TIME 11824.2 LOAD: AVG 7.36822 MAX 7.60512  PROXIES: TOTAL 488 MAXPE 22 MAXPATCH 4 RefineTorusLB 1.32785
LDB: ============== END OF LOAD BALANCING =============== 11824.2

LDB: ============= START OF LOAD BALANCING ============== 12152.4
LDB: ============== END OF LOAD BALANCING =============== 12152.4

LDB: ============= START OF LOAD BALANCING ============== 12161.1
LDB: TIME 12161.1 LOAD: AVG 7.3705 MAX 7.64442  PROXIES: TOTAL 488 MAXPE 22 MAXPATCH 4 None 1.31636
LDB: TIME 12161.1 LOAD: AVG 7.3705 MAX 7.64442  PROXIES: TOTAL 488 MAXPE 22 MAXPATCH 4 RefineTorusLB 1.31636
LDB: ============== END OF LOAD BALANCING =============== 12161.1

PRESSURE: 145000 -13348.5 229.293 149.866 213.041 -13376.3 73.2694 94.1239 61.0846 -13168.7
GPRESSURE: 145000 61.4789 186.859 62.2789 173.985 -9.87189 61.5078 15.4103 -19.6586 39.0161
PRESSAVG: 145000 7.89207 24.4689 -13.0756 7.5026 -0.753306 4.46592 -1.80489 9.34415 2.25691
GPRESSAVG: 145000 7.94397 24.5589 -13.064 7.26345 -0.628347 4.36467 -1.81146 9.35858 2.24713
TIMING: 145000  CPU: 10644.2, 0.0734946/step  Wall: 12179.3, 0.0843829/step, 2.46117 hours remaining, 135.891846 MB of memory in use.
ENERGY:  145000      7940.1632     40635.8944     27907.2077       498.5298        -441178.7870     11671.7852       303.9195         0.0000    115381.3235        -236839.9636       310.5288   -352221.2871   -236550.9962       309.8659         -13297.8196        30.2077   1688791.0171         3.1319         3.1876

WRITING EXTENDED SYSTEM TO RESTART FILE AT STEP 145000
WRITING COORDINATES TO DCD FILE AT STEP 145000
WRITING COORDINATES TO RESTART FILE AT STEP 145000
FINISHED WRITING RESTART COORDINATES
WRITING VELOCITIES TO RESTART FILE AT STEP 145000
FINISHED WRITING RESTART VELOCITIES
LDB: ============= START OF LOAD BALANCING ============== 12488.9
LDB: ============== END OF LOAD BALANCING =============== 12488.9

LDB: ============= START OF LOAD BALANCING ============== 12497.6
LDB: TIME 12497.6 LOAD: AVG 7.37489 MAX 7.72281  PROXIES: TOTAL 488 MAXPE 22 MAXPATCH 4 None 1.32171
LDB: TIME 12497.6 LOAD: AVG 7.37489 MAX 7.72281  PROXIES: TOTAL 488 MAXPE 22 MAXPATCH 4 RefineTorusLB 1.32171
LDB: ============== END OF LOAD BALANCING =============== 12497.6

PRESSURE: 150000 -13363.7 9.86059 102.607 22.7888 -13482.1 -70.2038 152.259 -81.6838 -13331.7
GPRESSURE: 150000 -90.895 -15.1597 -36.3792 25.6772 -25.3281 -115.857 51.0836 -69.1952 -35.1226
PRESSAVG: 150000 -2.0499 8.25156 16.8521 25.9631 5.36553 -12.3984 13.9448 -35.0596 3.33623
GPRESSAVG: 150000 -2.2245 8.29837 16.684 26.1337 5.40068 -12.4244 13.932 -35.1684 3.40119
TIMING: 150000  CPU: 11010.9, 0.0733456/step  Wall: 12599, 0.0839334/step, 2.33148 hours remaining, 136.232239 MB of memory in use.
ETITLE:      TS           BOND          ANGLE          DIHED          IMPRP               ELECT            VDW       BOUNDARY           MISC        KINETIC               TOTAL           TEMP      POTENTIAL         TOTAL3        TEMPAVG            PRESSURE      GPRESSURE         VOLUME       PRESSAVG      GPRESSAVG

ENERGY:  150000      8030.9629     40575.0327     27982.7203       496.8234        -441429.4259     11664.0454       315.3662         0.0000    114957.4700        -237407.0051       309.3881   -352364.4751   -237115.8517       309.7061         -13392.4786       -50.4486   1689629.2999         2.2173         2.1925

WRITING EXTENDED SYSTEM TO RESTART FILE AT STEP 150000
WRITING COORDINATES TO DCD FILE AT STEP 150000
WRITING COORDINATES TO RESTART FILE AT STEP 150000
FINISHED WRITING RESTART COORDINATES
WRITING VELOCITIES TO RESTART FILE AT STEP 150000
FINISHED WRITING RESTART VELOCITIES
LDB: ============= START OF LOAD BALANCING ============== 12825.6
LDB: ============== END OF LOAD BALANCING =============== 12825.6

LDB: ============= START OF LOAD BALANCING ============== 12834.1
LDB: TIME 12834.2 LOAD: AVG 7.35996 MAX 7.63633  PROXIES: TOTAL 488 MAXPE 22 MAXPATCH 4 None 1.31248
LDB: TIME 12834.2 LOAD: AVG 7.35996 MAX 7.63633  PROXIES: TOTAL 488 MAXPE 22 MAXPATCH 4 RefineTorusLB 1.31248
LDB: ============== END OF LOAD BALANCING =============== 12834.2

PRESSURE: 155000 -13349.4 68.8202 3.63096 35.1491 -13246.8 160.532 82.9101 116.424 -13343.4
GPRESSURE: 155000 62.9328 56.6863 48.3804 80.2414 166.05 93.9911 81.7713 190.01 17.7173
PRESSAVG: 155000 -5.93422 9.60155 -5.33026 -2.23531 8.00427 -31.2849 20.82 -19.5302 6.81099
GPRESSAVG: 155000 -5.89608 9.46119 -5.14972 -2.34945 8.1159 -31.2898 20.941 -19.3115 6.71838
TIMING: 155000  CPU: 11378.8, 0.073572/step  Wall: 13019.9, 0.0841867/step, 2.22159 hours remaining, 136.773682 MB of memory in use.
ENERGY:  155000      8001.4069     40681.9845     27849.4054       507.0381        -442811.3941     12614.1837       312.1558         0.0000    115048.1893        -237797.0304       309.6322   -352845.2196   -237505.6398       309.6665         -13313.1910        82.2334   1687859.9654         2.9603         2.9794

WRITING EXTENDED SYSTEM TO RESTART FILE AT STEP 155000
WRITING COORDINATES TO DCD FILE AT STEP 155000
WRITING COORDINATES TO RESTART FILE AT STEP 155000
FINISHED WRITING RESTART COORDINATES
WRITING VELOCITIES TO RESTART FILE AT STEP 155000
FINISHED WRITING RESTART VELOCITIES
LDB: ============= START OF LOAD BALANCING ============== 13161.8
LDB: ============== END OF LOAD BALANCING =============== 13161.8

LDB: ============= START OF LOAD BALANCING ============== 13170.6
LDB: TIME 13170.6 LOAD: AVG 7.36778 MAX 7.60503  PROXIES: TOTAL 488 MAXPE 22 MAXPATCH 4 None 1.31109
LDB: TIME 13170.6 LOAD: AVG 7.36778 MAX 7.60503  PROXIES: TOTAL 488 MAXPE 22 MAXPATCH 4 RefineTorusLB 1.31109
LDB: ============== END OF LOAD BALANCING =============== 13170.6

PRESSURE: 160000 -13425.4 229.999 -40.4401 175.942 -13394.3 -86.5448 -3.83655 -152.069 -13240.1
GPRESSURE: 160000 0.890334 197.727 33.6987 196.478 -17.0762 -27.855 7.40782 -74.4446 88.1167
PRESSAVG: 160000 -9.97461 18.0535 -4.47535 13.1879 4.05011 10.4657 0.943612 5.91469 3.73828
GPRESSAVG: 160000 -9.9238 18.0914 -4.58495 13.3152 3.86413 10.476 0.906475 5.75582 3.7204
TIMING: 160000  CPU: 11747.6, 0.073777/step  Wall: 13441.2, 0.0842543/step, 2.10636 hours remaining, 136.529510 MB of memory in use.
ENERGY:  160000      8086.2856     40763.2174     27943.1398       478.9625        -442035.3517     12181.3239       301.5484         0.0000    114988.4575        -237292.4164       309.4715   -352280.8739   -237014.9408       309.4501         -13353.2628        23.9769   1687813.0878        -0.7287        -0.7798

WRITING EXTENDED SYSTEM TO RESTART FILE AT STEP 160000
WRITING COORDINATES TO DCD FILE AT STEP 160000
WRITING COORDINATES TO RESTART FILE AT STEP 160000
FINISHED WRITING RESTART COORDINATES
WRITING VELOCITIES TO RESTART FILE AT STEP 160000
FINISHED WRITING RESTART VELOCITIES
LDB: ============= START OF LOAD BALANCING ============== 13499.5
LDB: ============== END OF LOAD BALANCING =============== 13499.5

LDB: ============= START OF LOAD BALANCING ============== 13508.1
LDB: TIME 13508.2 LOAD: AVG 7.3549 MAX 7.62288  PROXIES: TOTAL 488 MAXPE 22 MAXPATCH 4 None 1.31555
LDB: TIME 13508.2 LOAD: AVG 7.3549 MAX 7.62288  PROXIES: TOTAL 488 MAXPE 22 MAXPATCH 4 RefineTorusLB 1.31555
LDB: ============== END OF LOAD BALANCING =============== 13508.2

LDB: ============= START OF LOAD BALANCING ============== 13837
LDB: ============== END OF LOAD BALANCING =============== 13837

LDB: ============= START OF LOAD BALANCING ============== 13845.6
LDB: TIME 13845.6 LOAD: AVG 7.35863 MAX 7.5181  PROXIES: TOTAL 488 MAXPE 22 MAXPATCH 4 None 1.31595
LDB: TIME 13845.6 LOAD: AVG 7.35863 MAX 7.5181  PROXIES: TOTAL 488 MAXPE 22 MAXPATCH 4 RefineTorusLB 1.31595
LDB: ============== END OF LOAD BALANCING =============== 13845.6

PRESSURE: 165000 -13306.2 148.761 -155.19 135.969 -13475.9 38.3513 -112.404 77.0025 -13062.6
GPRESSURE: 165000 -18.9715 55.9832 -161.027 78.5734 -12.8548 64.6162 -80.9275 3.54904 284.007
PRESSAVG: 165000 1.36376 20.7233 -28.9684 -0.19563 -3.21971 -14.1208 -12.6519 -4.53648 0.114876
GPRESSAVG: 165000 1.23076 20.7481 -29.011 -0.297786 -3.09619 -14.2926 -12.5696 -4.42263 0.0738704
TIMING: 165000  CPU: 12115.1, 0.0735014/step  Wall: 13863.5, 0.0844694/step, 1.99442 hours remaining, 136.400421 MB of memory in use.
ENERGY:  165000      8031.7293     40516.2295     27928.3895       514.1241        -441589.6231     11923.8470       292.1273         0.0000    114726.9900        -237656.1863       308.7678   -352383.1763   -237359.6372       310.0961         -13281.5795        84.0603   1687318.5923        -0.5804        -0.5972

WRITING EXTENDED SYSTEM TO RESTART FILE AT STEP 165000
WRITING COORDINATES TO DCD FILE AT STEP 165000
WRITING COORDINATES TO RESTART FILE AT STEP 165000
FINISHED WRITING RESTART COORDINATES
WRITING VELOCITIES TO RESTART FILE AT STEP 165000
FINISHED WRITING RESTART VELOCITIES
LDB: ============= START OF LOAD BALANCING ============== 14174.5
LDB: ============== END OF LOAD BALANCING =============== 14174.5

LDB: ============= START OF LOAD BALANCING ============== 14183.2
LDB: TIME 14183.2 LOAD: AVG 7.37373 MAX 7.74244  PROXIES: TOTAL 488 MAXPE 22 MAXPATCH 4 None 1.32319
LDB: TIME 14183.2 LOAD: AVG 7.37373 MAX 7.73162  PROXIES: TOTAL 488 MAXPE 22 MAXPATCH 4 RefineTorusLB 1.32319
LDB: ============== END OF LOAD BALANCING =============== 14183.2

WRITING COORDINATES TO DCD FILE AT STEP 170000
WRITING COORDINATES TO RESTART FILE AT STEP 170000
FINISHED WRITING RESTART COORDINATES
WRITING VELOCITIES TO RESTART FILE AT STEP 170000
FINISHED WRITING RESTART VELOCITIES
PRESSURE: 170000 -13434.6 -1.03296 -39.9998 1.21288 -13269.6 -46.9087 -89.8763 -41.549 -13532.6
GPRESSURE: 170000 -38.2289 -5.40433 -10.5408 -48.1196 118.843 -18.4974 -129.635 -78.8529 -202.839
PRESSAVG: 170000 -16.6686 1.96634 -21.7883 -2.42818 19.1376 -15.54 -7.61388 -5.49546 5.02557
GPRESSAVG: 170000 -16.5118 1.876 -21.8397 -2.47013 19.0474 -15.4594 -7.81111 -5.32486 5.03873
TIMING: 170000  CPU: 12483, 0.0735654/step  Wall: 14284.7, 0.0842374/step, 1.87194 hours remaining, 135.303589 MB of memory in use.
ENERGY:  170000      8150.7573     40645.0948     27831.0255       508.9333        -441886.3682     12142.4734       332.7020         0.0000    115177.3677        -237098.0141       309.9799   -352275.3818   -236801.4801       309.9735         -13412.2770       -40.7416   1687887.7113         2.4982         2.5248

WRITING EXTENDED SYSTEM TO RESTART FILE AT STEP 170000
LDB: ============= START OF LOAD BALANCING ============== 14511
LDB: ============== END OF LOAD BALANCING =============== 14511

LDB: ============= START OF LOAD BALANCING ============== 14519.6
LDB: TIME 14519.7 LOAD: AVG 7.37758 MAX 7.5954  PROXIES: TOTAL 488 MAXPE 22 MAXPATCH 4 None 1.33047
LDB: TIME 14519.7 LOAD: AVG 7.37758 MAX 7.5954  PROXIES: TOTAL 488 MAXPE 22 MAXPATCH 4 RefineTorusLB 1.33047
LDB: ============== END OF LOAD BALANCING =============== 14519.7

PRESSURE: 175000 -13428.2 101.362 -10.7371 110.212 -13473.5 -56.6248 -15.8434 -78.7556 -13199
GPRESSURE: 175000 -120.681 114.135 -13.461 56.8016 48.5647 -71.1318 53.6368 -57.0519 -2.48628
PRESSAVG: 175000 -13.5897 45.2219 0.223581 22.1314 -0.817331 0.457118 6.40336 3.72728 4.49518
GPRESSAVG: 175000 -13.6313 45.2049 0.310354 22.072 -0.668484 0.663487 6.32039 3.53883 4.51912
TIMING: 175000  CPU: 12851.4, 0.073691/step  Wall: 14706.2, 0.0842921/step, 1.75608 hours remaining, 136.995270 MB of memory in use.
ENERGY:  175000      8127.5367     40595.8089     27928.5131       539.0707        -441496.2664     11694.9136       328.6095         0.0000    114965.8750        -237315.9390       309.4107   -352281.8140   -237028.2902       310.0490         -13366.9125       -24.8674   1690220.3221        -3.3040        -3.2602

WRITING EXTENDED SYSTEM TO RESTART FILE AT STEP 175000
WRITING COORDINATES TO DCD FILE AT STEP 175000
WRITING COORDINATES TO RESTART FILE AT STEP 175000
FINISHED WRITING RESTART COORDINATES
WRITING VELOCITIES TO RESTART FILE AT STEP 175000
FINISHED WRITING RESTART VELOCITIES
LDB: ============= START OF LOAD BALANCING ============== 14849.1
LDB: ============== END OF LOAD BALANCING =============== 14849.1

LDB: ============= START OF LOAD BALANCING ============== 14857.6
LDB: TIME 14857.6 LOAD: AVG 7.34554 MAX 7.7087  PROXIES: TOTAL 488 MAXPE 22 MAXPATCH 4 None 1.31232
LDB: TIME 14857.6 LOAD: AVG 7.34554 MAX 7.7087  PROXIES: TOTAL 488 MAXPE 22 MAXPATCH 4 RefineTorusLB 1.31232
LDB: ============== END OF LOAD BALANCING =============== 14857.6

WRITING COORDINATES TO DCD FILE AT STEP 180000
WRITING COORDINATES TO RESTART FILE AT STEP 180000
FINISHED WRITING RESTART COORDINATES
PRESSURE: 180000 -13248.4 112.059 52.7417 89.19 -13275.1 -177.49 35.5627 -101.63 -13195.5
GPRESSURE: 180000 170.257 28.2201 -32.0706 145.549 80.9264 -74.1783 102.059 -57.1968 98.7345
PRESSAVG: 180000 6.21429 27.7418 -19.2488 18.4527 -8.09188 -24.1397 -14.9546 -18.1606 -1.25751
GPRESSAVG: 180000 6.27254 27.6599 -19.3448 18.3093 -8.15621 -24.0039 -14.784 -18.1038 -1.2864
TIMING: 180000  CPU: 13217.8, 0.0732741/step  Wall: 15127.6, 0.0842976/step, 1.63912 hours remaining, 136.461853 MB of memory in use.
ENERGY:  180000      8064.9522     40328.0198     27998.3287       501.5917        -442297.9870     12446.0152       303.9934         0.0000    114660.3351        -237994.7509       308.5884   -352655.0860   -237691.4731       309.7092         -13239.6641       116.6393   1691747.2623        -1.0450        -1.0567

WRITING EXTENDED SYSTEM TO RESTART FILE AT STEP 180000
WRITING VELOCITIES TO RESTART FILE AT STEP 180000
FINISHED WRITING RESTART VELOCITIES
LDB: ============= START OF LOAD BALANCING ============== 15185.7
LDB: ============== END OF LOAD BALANCING =============== 15185.7

LDB: ============= START OF LOAD BALANCING ============== 15194.2
LDB: TIME 15194.2 LOAD: AVG 7.33535 MAX 7.55392  PROXIES: TOTAL 488 MAXPE 22 MAXPATCH 4 None 1.31178
LDB: TIME 15194.3 LOAD: AVG 7.33535 MAX 7.55392  PROXIES: TOTAL 488 MAXPE 22 MAXPATCH 4 RefineTorusLB 1.31178
LDB: ============== END OF LOAD BALANCING =============== 15194.3

LDB: ============= START OF LOAD BALANCING ============== 15523.1
LDB: ============== END OF LOAD BALANCING =============== 15523.1

LDB: ============= START OF LOAD BALANCING ============== 15531.7
LDB: TIME 15531.7 LOAD: AVG 7.35708 MAX 7.60205  PROXIES: TOTAL 488 MAXPE 22 MAXPATCH 4 None 1.31525
LDB: TIME 15531.8 LOAD: AVG 7.35708 MAX 7.60205  PROXIES: TOTAL 488 MAXPE 22 MAXPATCH 4 RefineTorusLB 1.31525
LDB: ============== END OF LOAD BALANCING =============== 15531.8

PRESSURE: 185000 -13416.5 -165.836 -11.1544 -160.271 -13386.4 10.718 -20.5938 15.6546 -12835.6
GPRESSURE: 185000 -6.76445 -148.474 -67.3246 -77.5491 -71.4367 37.0221 -104.949 -37.5808 400.992
PRESSAVG: 185000 18.354 21.6135 -23.6903 18.6196 -12.1759 -15.5109 -2.8824 11.7526 1.33373
GPRESSAVG: 185000 18.2447 21.6834 -23.582 18.7058 -12.0092 -15.5573 -3.0761 11.7002 1.24928
TIMING: 185000  CPU: 13584, 0.0732377/step  Wall: 15549.1, 0.0842869/step, 1.52185 hours remaining, 138.069183 MB of memory in use.
ENERGY:  185000      7908.5920     40618.4438     27865.4388       518.7551        -441417.8959     12197.1401       290.2044         0.0000    115052.2403        -236967.0815       309.6431   -352019.3217   -236674.2313       309.5475         -13212.8342       107.5970   1692698.5470         2.5040         2.4949

WRITING EXTENDED SYSTEM TO RESTART FILE AT STEP 185000
WRITING COORDINATES TO DCD FILE AT STEP 185000
WRITING COORDINATES TO RESTART FILE AT STEP 185000
FINISHED WRITING RESTART COORDINATES
WRITING VELOCITIES TO RESTART FILE AT STEP 185000
FINISHED WRITING RESTART VELOCITIES
LDB: ============= START OF LOAD BALANCING ============== 15859.7
LDB: ============== END OF LOAD BALANCING =============== 15859.7

LDB: ============= START OF LOAD BALANCING ============== 15868.6
LDB: TIME 15868.6 LOAD: AVG 7.37367 MAX 7.74272  PROXIES: TOTAL 488 MAXPE 22 MAXPATCH 4 None 1.31687
LDB: TIME 15868.6 LOAD: AVG 7.37367 MAX 7.7328  PROXIES: TOTAL 488 MAXPE 22 MAXPATCH 4 RefineTorusLB 1.31687
LDB: ============== END OF LOAD BALANCING =============== 15868.6

WRITING COORDINATES TO DCD FILE AT STEP 190000
WRITING COORDINATES TO RESTART FILE AT STEP 190000
FINISHED WRITING RESTART COORDINATES
PRESSURE: 190000 -13206.3 159.518 -27.6308 89.739 -13353.6 -4.42223 49.4889 -21.7812 -13120
GPRESSURE: 190000 225.632 113.317 61.7533 -11.286 148.251 73.5744 92.9152 -31.5555 118.666
PRESSAVG: 190000 8.96175 25.1321 -16.4667 9.17391 -8.09099 -16.3912 2.13182 -13.9622 0.822306
GPRESSAVG: 190000 8.90135 25.0863 -16.4228 9.0292 -8.05928 -16.3629 2.35215 -13.9262 0.666507
TIMING: 190000  CPU: 13951.4, 0.0734856/step  Wall: 15970.2, 0.0842199/step, 1.40366 hours remaining, 136.328705 MB of memory in use.
ENERGY:  190000      8001.8766     40734.6780     27842.0794       529.0455        -442585.8924     12410.7876       305.8174         0.0000    115109.5034        -237652.1045       309.7973   -352761.6079   -237373.1096       310.1023         -13226.6468       164.1827   1689022.4270         0.5644         0.5029

WRITING EXTENDED SYSTEM TO RESTART FILE AT STEP 190000
WRITING VELOCITIES TO RESTART FILE AT STEP 190000
FINISHED WRITING RESTART VELOCITIES
LDB: ============= START OF LOAD BALANCING ============== 16196.4
LDB: ============== END OF LOAD BALANCING =============== 16196.4

LDB: ============= START OF LOAD BALANCING ============== 16205.1
LDB: TIME 16205.2 LOAD: AVG 7.37535 MAX 7.76039  PROXIES: TOTAL 488 MAXPE 22 MAXPATCH 4 None 1.3256
LDB: TIME 16205.2 LOAD: AVG 7.37535 MAX 7.73684  PROXIES: TOTAL 488 MAXPE 22 MAXPATCH 4 RefineTorusLB 1.3256
LDB: ============== END OF LOAD BALANCING =============== 16205.2

PRESSURE: 195000 -13573 146.196 146.568 148.957 -13320.2 -9.47976 101.966 -51.0623 -13200.2
GPRESSURE: 195000 -77.426 202.462 117.571 73.6738 64.3548 22.9958 57.8734 -96.6055 -20.1037
PRESSAVG: 195000 15.4201 28.2883 -8.18579 2.07143 -3.95214 14.6467 -1.41463 10.1316 2.37254
GPRESSAVG: 195000 15.3694 28.3047 -8.13927 2.23978 -3.94736 14.6941 -1.5162 10.149 2.41192
TIMING: 195000  CPU: 14318.9, 0.0735064/step  Wall: 16390.4, 0.0840398/step, 1.28394 hours remaining, 136.972565 MB of memory in use.
ENERGY:  195000      7961.3436     40604.4995     27921.5292       508.1005        -441974.7239     12190.1796       303.9622         0.0000    115144.8237        -237340.2854       309.8923   -352485.1092   -237050.2725       310.0545         -13364.4549       -11.0583   1691183.3029         4.6135         4.6113

WRITING EXTENDED SYSTEM TO RESTART FILE AT STEP 195000
WRITING COORDINATES TO DCD FILE AT STEP 195000
WRITING COORDINATES TO RESTART FILE AT STEP 195000
FINISHED WRITING RESTART COORDINATES
WRITING VELOCITIES TO RESTART FILE AT STEP 195000
FINISHED WRITING RESTART VELOCITIES
LDB: ============= START OF LOAD BALANCING ============== 16533
LDB: ============== END OF LOAD BALANCING =============== 16533

LDB: ============= START OF LOAD BALANCING ============== 16541.7
LDB: TIME 16541.8 LOAD: AVG 7.38388 MAX 7.79371  PROXIES: TOTAL 488 MAXPE 22 MAXPATCH 4 None 1.33382
LDB: TIME 16541.8 LOAD: AVG 7.38388 MAX 7.7437  PROXIES: TOTAL 488 MAXPE 22 MAXPATCH 4 RefineTorusLB 1.33382
LDB: ============== END OF LOAD BALANCING =============== 16541.8

PRESSURE: 200000 -13149.2 84.8254 -17.7689 88.6247 -13402.4 -18.7514 -70.3628 42.3774 -13222.5
GPRESSURE: 200000 262.712 131.348 -25.9332 41.4356 94.87 -46.832 -41.1201 105.478 -4.04871
PRESSAVG: 200000 14.0019 -2.90394 33.8321 -6.2285 -13.4682 25.7152 -2.36645 30.8606 1.54837
GPRESSAVG: 200000 13.7867 -2.92604 33.7344 -6.17464 -13.4951 25.6694 -1.96206 30.9195 1.46107
TIMING: 200000  CPU: 14687.2, 0.0736464/step  Wall: 16810.4, 0.0839956/step, 1.16661 hours remaining, 136.650574 MB of memory in use.
ETITLE:      TS           BOND          ANGLE          DIHED          IMPRP               ELECT            VDW       BOUNDARY           MISC        KINETIC               TOTAL           TEMP      POTENTIAL         TOTAL3        TEMPAVG            PRESSURE      GPRESSURE         VOLUME       PRESSAVG      GPRESSAVG

ENERGY:  200000      7968.4539     40658.2277     28028.8538       518.9402        -441955.5429     12291.8817       309.6773         0.0000    114863.7136        -237315.7947       309.1358   -352179.5083   -237027.6117       309.5239         -13258.0299       117.8443   1688192.5239         0.6940         0.5842

WRITING EXTENDED SYSTEM TO RESTART FILE AT STEP 200000
WRITING COORDINATES TO DCD FILE AT STEP 200000
WRITING COORDINATES TO RESTART FILE AT STEP 200000
FINISHED WRITING RESTART COORDINATES
WRITING VELOCITIES TO RESTART FILE AT STEP 200000
FINISHED WRITING RESTART VELOCITIES
LDB: ============= START OF LOAD BALANCING ============== 16868.6
LDB: ============== END OF LOAD BALANCING =============== 16868.6

LDB: ============= START OF LOAD BALANCING ============== 16877.3
LDB: TIME 16877.3 LOAD: AVG 7.35649 MAX 7.6417  PROXIES: TOTAL 488 MAXPE 22 MAXPATCH 4 None 1.3176
LDB: TIME 16877.3 LOAD: AVG 7.35649 MAX 7.6417  PROXIES: TOTAL 488 MAXPE 22 MAXPATCH 4 RefineTorusLB 1.3176
LDB: ============== END OF LOAD BALANCING =============== 16877.3

LDB: ============= START OF LOAD BALANCING ============== 17204.7
LDB: ============== END OF LOAD BALANCING =============== 17204.7

LDB: ============= START OF LOAD BALANCING ============== 17213.1
LDB: TIME 17213.2 LOAD: AVG 7.33606 MAX 7.61847  PROXIES: TOTAL 488 MAXPE 22 MAXPATCH 4 None 1.30427
LDB: TIME 17213.2 LOAD: AVG 7.33606 MAX 7.61847  PROXIES: TOTAL 488 MAXPE 22 MAXPATCH 4 RefineTorusLB 1.30427
LDB: ============== END OF LOAD BALANCING =============== 17213.2

PRESSURE: 205000 -13262 76.7141 22.364 82.6599 -13356.4 165.927 4.35667 175.784 -13302.2
GPRESSURE: 205000 148.081 107.483 -21.5102 84.2662 34.5885 254.15 -22.1308 194.768 -17.4541
PRESSAVG: 205000 0.189813 20.649 2.00072 13.0038 -0.0765649 -10.8993 -15.6309 4.09726 3.26272
GPRESSAVG: 205000 0.144573 20.6875 2.02015 12.8249 -0.0728966 -10.913 -15.5999 3.92448 3.05485
TIMING: 205000  CPU: 15055, 0.0735644/step  Wall: 17230.7, 0.0840721/step, 1.0509 hours remaining, 136.799347 MB of memory in use.
ENERGY:  205000      8101.4108     40583.6179     27839.9187       538.6603        -442304.5520     12540.9826       296.7183         0.0000    114914.5270        -237488.7165       309.2725   -352403.2435   -237197.4884       309.8911         -13306.8517        55.0719   1691844.0911         1.1253         1.0422

WRITING EXTENDED SYSTEM TO RESTART FILE AT STEP 205000
WRITING COORDINATES TO DCD FILE AT STEP 205000
WRITING COORDINATES TO RESTART FILE AT STEP 205000
FINISHED WRITING RESTART COORDINATES
WRITING VELOCITIES TO RESTART FILE AT STEP 205000
FINISHED WRITING RESTART VELOCITIES
LDB: ============= START OF LOAD BALANCING ============== 17540.5
LDB: ============== END OF LOAD BALANCING =============== 17540.5

LDB: ============= START OF LOAD BALANCING ============== 17549.1
LDB: TIME 17549.1 LOAD: AVG 7.3683 MAX 7.57469  PROXIES: TOTAL 488 MAXPE 22 MAXPATCH 4 None 1.31963
LDB: TIME 17549.1 LOAD: AVG 7.3683 MAX 7.57469  PROXIES: TOTAL 488 MAXPE 22 MAXPATCH 4 RefineTorusLB 1.31963
LDB: ============== END OF LOAD BALANCING =============== 17549.1

PRESSURE: 210000 -13479.9 17.9766 40.7772 -0.646864 -13548.8 -116.035 10.8253 -103.963 -13489.6
GPRESSURE: 210000 -95.6953 -27.3887 61.6199 -15.5953 -200.563 -136.747 132.447 -43.5401 -162.356
PRESSAVG: 210000 -8.84171 12.1662 9.94345 19.5719 12.7566 -23.9661 -4.2354 -10.2127 -1.72831
GPRESSAVG: 210000 -8.89922 12.1264 10.2267 19.5405 12.621 -23.8756 -4.14782 -10.3195 -1.74075
TIMING: 210000  CPU: 15420.7, 0.0731435/step  Wall: 17650.6, 0.0839737/step, 0.933041 hours remaining, 136.569427 MB of memory in use.
ENERGY:  210000      8041.8282     40648.5578     27782.8976       525.3500        -441703.0339     11905.2698       300.3532         0.0000    114603.1182        -237895.6590       308.4344   -352498.7772   -237599.7562       309.8358         -13506.1102      -152.8713   1691790.0870         0.7289         0.6604

WRITING EXTENDED SYSTEM TO RESTART FILE AT STEP 210000
WRITING COORDINATES TO DCD FILE AT STEP 210000
WRITING COORDINATES TO RESTART FILE AT STEP 210000
FINISHED WRITING RESTART COORDINATES
WRITING VELOCITIES TO RESTART FILE AT STEP 210000
FINISHED WRITING RESTART VELOCITIES
LDB: ============= START OF LOAD BALANCING ============== 17876.7
LDB: ============== END OF LOAD BALANCING =============== 17876.7

LDB: ============= START OF LOAD BALANCING ============== 17885.2
LDB: TIME 17885.3 LOAD: AVG 7.36803 MAX 7.67564  PROXIES: TOTAL 488 MAXPE 22 MAXPATCH 4 None 1.32883
LDB: TIME 17885.3 LOAD: AVG 7.36803 MAX 7.67564  PROXIES: TOTAL 488 MAXPE 22 MAXPATCH 4 RefineTorusLB 1.32883
LDB: ============== END OF LOAD BALANCING =============== 17885.3

WRITING COORDINATES TO DCD FILE AT STEP 215000
WRITING COORDINATES TO RESTART FILE AT STEP 215000
FINISHED WRITING RESTART COORDINATES
WRITING VELOCITIES TO RESTART FILE AT STEP 215000
FINISHED WRITING RESTART VELOCITIES
PRESSURE: 215000 -13451.6 -20.1951 -43.1587 -16.0505 -13638.9 -74.1099 -71.1023 -133.084 -13513.9
GPRESSURE: 215000 -189.807 -39.3196 16.6137 47.0997 -103.174 24.5203 -35.2118 -125.875 -171.871
PRESSAVG: 215000 14.8452 -12.1329 13.3632 -6.09291 -19.5964 1.17695 -13.1246 -9.09869 7.14672
GPRESSAVG: 215000 14.8451 -12.3221 13.214 -6.22551 -19.4879 1.14028 -13.3064 -8.84253 7.18612
TIMING: 215000  CPU: 15788.6, 0.0735798/step  Wall: 18071.3, 0.0841511/step, 0.818135 hours remaining, 135.792999 MB of memory in use.
ENERGY:  215000      8113.2712     40673.9942     27862.2747       528.3516        -442455.3000     12558.3019       314.1264         0.0000    115175.6250        -237229.3550       309.9752   -352404.9800   -236964.2005       309.6668         -13534.8077      -154.9508   1689978.1939         0.7985         0.8478

WRITING EXTENDED SYSTEM TO RESTART FILE AT STEP 215000
LDB: ============= START OF LOAD BALANCING ============== 18213.5
LDB: ============== END OF LOAD BALANCING =============== 18213.5

LDB: ============= START OF LOAD BALANCING ============== 18222.1
LDB: TIME 18222.1 LOAD: AVG 7.36615 MAX 7.63189  PROXIES: TOTAL 488 MAXPE 22 MAXPATCH 4 None 1.32041
LDB: TIME 18222.2 LOAD: AVG 7.36615 MAX 7.63189  PROXIES: TOTAL 488 MAXPE 22 MAXPATCH 4 RefineTorusLB 1.32041
LDB: ============== END OF LOAD BALANCING =============== 18222.2

PRESSURE: 220000 -13204.4 34.0785 -15.2711 71.8594 -13101.2 -111.815 -35.5122 -177.13 -13367.1
GPRESSURE: 220000 120.511 7.37572 -57.9336 147.483 177.935 -29.8833 -94.8744 -96.2954 -15.4308
PRESSAVG: 220000 -27.6024 1.18451 -12.4048 3.83208 31.0266 4.37005 -0.892665 -1.83007 -0.382599
GPRESSAVG: 220000 -27.5451 1.14093 -12.4179 4.02554 31.0053 4.32314 -0.915382 -1.74355 -0.50941
TIMING: 220000  CPU: 16155.1, 0.0732871/step  Wall: 18491.6, 0.0840552/step, 0.70046 hours remaining, 136.853943 MB of memory in use.
ENERGY:  220000      8095.6361     40588.9147     27771.0093       511.7256        -441957.9113     12410.4345       329.2230         0.0000    114833.8978        -237417.0702       309.0555   -352250.9681   -237120.3342       309.0300         -13224.2363        94.3386   1693692.8978         1.0139         0.9836

WRITING EXTENDED SYSTEM TO RESTART FILE AT STEP 220000
WRITING COORDINATES TO DCD FILE AT STEP 220000
WRITING COORDINATES TO RESTART FILE AT STEP 220000
FINISHED WRITING RESTART COORDINATES
WRITING VELOCITIES TO RESTART FILE AT STEP 220000
FINISHED WRITING RESTART VELOCITIES
LDB: ============= START OF LOAD BALANCING ============== 18549.7
LDB: ============== END OF LOAD BALANCING =============== 18549.7

LDB: ============= START OF LOAD BALANCING ============== 18558.4
LDB: TIME 18558.4 LOAD: AVG 7.37366 MAX 7.83658  PROXIES: TOTAL 488 MAXPE 22 MAXPATCH 4 None 1.3336
LDB: TIME 18558.4 LOAD: AVG 7.37366 MAX 7.73351  PROXIES: TOTAL 488 MAXPE 22 MAXPATCH 4 RefineTorusLB 1.3336
LDB: ============== END OF LOAD BALANCING =============== 18558.4

LDB: ============= START OF LOAD BALANCING ============== 18885.1
LDB: ============== END OF LOAD BALANCING =============== 18885.1

LDB: ============= START OF LOAD BALANCING ============== 18893.7
LDB: TIME 18893.8 LOAD: AVG 7.34182 MAX 7.55409  PROXIES: TOTAL 488 MAXPE 22 MAXPATCH 4 None 1.30814
LDB: TIME 18893.8 LOAD: AVG 7.34182 MAX 7.55409  PROXIES: TOTAL 488 MAXPE 22 MAXPATCH 4 RefineTorusLB 1.30814
LDB: ============== END OF LOAD BALANCING =============== 18893.8

WRITING COORDINATES TO DCD FILE AT STEP 225000
WRITING COORDINATES TO RESTART FILE AT STEP 225000
FINISHED WRITING RESTART COORDINATES
PRESSURE: 225000 -13452.2 203.583 144.31 212.505 -13520.9 49.1321 66.5961 48.7909 -13503.2
GPRESSURE: 225000 -124.325 202.163 101.09 154.258 -201.572 7.48182 18.68 -17.8997 -150.4
PRESSAVG: 225000 7.75989 35.9048 -1.11064 24.8708 -12.2153 12.6193 5.25491 29.9874 -5.62986
GPRESSAVG: 225000 7.70796 35.9582 -1.1151 24.7541 -12.0828 12.7867 5.3544 30.0078 -5.61594
TIMING: 225000  CPU: 16521.9, 0.0733734/step  Wall: 18911.2, 0.0839264/step, 0.582822 hours remaining, 136.134399 MB of memory in use.
ENERGY:  225000      8001.2467     40431.8368     27994.1747       515.3045        -442011.5155     11887.8161       294.6689         0.0000    114443.4052        -238443.0626       308.0046   -352886.4678   -238140.1079       309.9322         -13492.0965      -158.7656   1692692.4038        -3.3617        -3.3303

WRITING EXTENDED SYSTEM TO RESTART FILE AT STEP 225000
WRITING VELOCITIES TO RESTART FILE AT STEP 225000
FINISHED WRITING RESTART VELOCITIES
LDB: ============= START OF LOAD BALANCING ============== 19220.5
LDB: ============== END OF LOAD BALANCING =============== 19220.5

LDB: ============= START OF LOAD BALANCING ============== 19229
LDB: TIME 19229.1 LOAD: AVG 7.35405 MAX 7.64951  PROXIES: TOTAL 488 MAXPE 22 MAXPATCH 4 None 1.31647
LDB: TIME 19229.1 LOAD: AVG 7.35405 MAX 7.64951  PROXIES: TOTAL 488 MAXPE 22 MAXPATCH 4 RefineTorusLB 1.31647
LDB: ============== END OF LOAD BALANCING =============== 19229.1

PRESSURE: 230000 -13225.3 60.2064 110.92 64.8551 -13007.5 133.694 62.312 165.29 -13027.3
GPRESSURE: 230000 252.994 -22.1119 102.78 45.223 274.872 122.594 77.4583 148.569 221.388
PRESSAVG: 230000 7.79001 18.5364 4.85987 13.9246 -3.47808 -6.09004 -10.8183 11.9053 5.43034
GPRESSAVG: 230000 7.85422 18.2765 4.81848 13.8263 -3.40244 -6.02183 -10.6539 11.8676 5.52459
TIMING: 230000  CPU: 16889.3, 0.0734776/step  Wall: 19330.8, 0.0839037/step, 0.466131 hours remaining, 135.802765 MB of memory in use.
ENERGY:  230000      8122.9165     40582.7395     27913.5736       501.2883        -442229.8949     12864.8732       304.7788         0.0000    114737.9987        -237201.7264       308.7974   -351939.7250   -236916.2498       309.7374         -13086.7017       249.7516   1692105.4128         3.2474         3.3255

WRITING EXTENDED SYSTEM TO RESTART FILE AT STEP 230000
WRITING COORDINATES TO DCD FILE AT STEP 230000
WRITING COORDINATES TO RESTART FILE AT STEP 230000
FINISHED WRITING RESTART COORDINATES
WRITING VELOCITIES TO RESTART FILE AT STEP 230000
FINISHED WRITING RESTART VELOCITIES
LDB: ============= START OF LOAD BALANCING ============== 19556.2
LDB: ============== END OF LOAD BALANCING =============== 19556.2

LDB: ============= START OF LOAD BALANCING ============== 19564.8
LDB: TIME 19564.9 LOAD: AVG 7.35376 MAX 7.62353  PROXIES: TOTAL 488 MAXPE 22 MAXPATCH 4 None 1.3147
LDB: TIME 19564.9 LOAD: AVG 7.35376 MAX 7.62353  PROXIES: TOTAL 488 MAXPE 22 MAXPATCH 4 RefineTorusLB 1.3147
LDB: ============== END OF LOAD BALANCING =============== 19564.9

PRESSURE: 235000 -13268 82.6089 96.5892 76.2616 -13566.9 -51.6844 108.709 -23.4619 -13073.2
GPRESSURE: 235000 85.5789 108.277 142.672 121.095 -11.6618 -13.5371 141.465 -87.9406 176.931
PRESSAVG: 235000 16.7483 4.06956 29.8799 14.7224 -13.6483 3.91923 6.82121 7.78101 -0.439395
GPRESSAVG: 235000 16.8227 3.93691 29.8834 14.6934 -13.6707 3.79568 6.89308 7.91687 -0.549644
TIMING: 235000  CPU: 17255.9, 0.0733229/step  Wall: 19753, 0.0844474/step, 0.351864 hours remaining, 136.951660 MB of memory in use.
ENERGY:  235000      8041.8535     40573.9190     27845.5050       507.7228        -442179.9180     12102.7224       304.8186         0.0000    114499.2083        -238304.1685       308.1548   -352803.3768   -238004.1110       309.6682         -13302.7150        83.6161   1686977.3007         0.8869         0.8674

WRITING EXTENDED SYSTEM TO RESTART FILE AT STEP 235000
WRITING COORDINATES TO DCD FILE AT STEP 235000
WRITING COORDINATES TO RESTART FILE AT STEP 235000
FINISHED WRITING RESTART COORDINATES
WRITING VELOCITIES TO RESTART FILE AT STEP 235000
FINISHED WRITING RESTART VELOCITIES
LDB: ============= START OF LOAD BALANCING ============== 19895.2
LDB: ============== END OF LOAD BALANCING =============== 19895.2

LDB: ============= START OF LOAD BALANCING ============== 19903.7
LDB: TIME 19903.8 LOAD: AVG 7.368 MAX 7.54672  PROXIES: TOTAL 488 MAXPE 22 MAXPATCH 4 None 1.32881
LDB: TIME 19903.8 LOAD: AVG 7.368 MAX 7.54672  PROXIES: TOTAL 488 MAXPE 22 MAXPATCH 4 RefineTorusLB 1.32881
LDB: ============== END OF LOAD BALANCING =============== 19903.8

PRESSURE: 240000 -13463.1 26.9455 -30.4525 22.225 -13184.7 127.86 -47.9315 184.114 -13102.7
GPRESSURE: 240000 -33.9706 89.1511 21.1285 -26.5923 180.918 90.0292 -98.6792 121.89 215.926
PRESSAVG: 240000 15.0363 22.2109 -0.541578 7.87699 11.346 7.48542 -10.54 16.8027 -2.05928
GPRESSAVG: 240000 14.9539 22.3185 -0.518532 7.87493 11.2117 7.41717 -10.4875 16.6846 -1.92865
TIMING: 240000  CPU: 17623.2, 0.0734568/step  Wall: 20173.9, 0.0841711/step, 0.233809 hours remaining, 136.565460 MB of memory in use.
ENERGY:  240000      7990.7072     40516.5435     27939.7867       502.1602        -441869.4212     12175.2766       309.2385         0.0000    114961.6198        -237474.0888       309.3993   -352435.7085   -237195.4088       309.5458         -13250.1789       120.9578   1688443.0790         8.1077         8.0790

WRITING EXTENDED SYSTEM TO RESTART FILE AT STEP 240000
WRITING COORDINATES TO DCD FILE AT STEP 240000
WRITING COORDINATES TO RESTART FILE AT STEP 240000
FINISHED WRITING RESTART COORDINATES
WRITING VELOCITIES TO RESTART FILE AT STEP 240000
FINISHED WRITING RESTART VELOCITIES
LDB: ============= START OF LOAD BALANCING ============== 20232
LDB: ============== END OF LOAD BALANCING =============== 20232

LDB: ============= START OF LOAD BALANCING ============== 20240.6
LDB: TIME 20240.6 LOAD: AVG 7.37778 MAX 7.71689  PROXIES: TOTAL 488 MAXPE 22 MAXPATCH 4 None 1.32499
LDB: TIME 20240.7 LOAD: AVG 7.37778 MAX 7.71689  PROXIES: TOTAL 488 MAXPE 22 MAXPATCH 4 RefineTorusLB 1.32499
LDB: ============== END OF LOAD BALANCING =============== 20240.7

LDB: ============= START OF LOAD BALANCING ============== 20568.5
LDB: ============== END OF LOAD BALANCING =============== 20568.5

LDB: ============= START OF LOAD BALANCING ============== 20577.1
LDB: TIME 20577.2 LOAD: AVG 7.36927 MAX 7.52726  PROXIES: TOTAL 488 MAXPE 22 MAXPATCH 4 None 1.32223
LDB: TIME 20577.2 LOAD: AVG 7.36927 MAX 7.52726  PROXIES: TOTAL 488 MAXPE 22 MAXPATCH 4 RefineTorusLB 1.32223
LDB: ============== END OF LOAD BALANCING =============== 20577.2

PRESSURE: 245000 -13250.9 -132.625 -48.2011 -166.364 -13283.8 38.3564 -7.29046 97.3373 -13164.4
GPRESSURE: 245000 102.112 -204.833 -7.54948 -140.706 202.225 64.52 39.3955 133.853 144.52
PRESSAVG: 245000 -3.82515 23.7887 2.80762 18.0683 6.09895 -19.2055 -4.01106 -1.26421 -0.105062
GPRESSAVG: 245000 -3.94915 23.8451 2.71393 18.1658 6.27613 -19.2889 -4.03317 -1.0405 -0.22969
TIMING: 245000  CPU: 17991.6, 0.0736812/step  Wall: 20594.9, 0.084213/step, 0.116963 hours remaining, 137.204803 MB of memory in use.
ENERGY:  245000      8024.2849     40596.1510     27924.8413       504.3172        -442380.4356     12383.0385       318.1796         0.0000    114523.2607        -238106.3625       308.2195   -352629.6232   -237822.6253       309.8298         -13233.0286       149.6191   1687056.1446         0.7229         0.6991

WRITING EXTENDED SYSTEM TO RESTART FILE AT STEP 245000
WRITING COORDINATES TO DCD FILE AT STEP 245000
WRITING COORDINATES TO RESTART FILE AT STEP 245000
FINISHED WRITING RESTART COORDINATES
WRITING VELOCITIES TO RESTART FILE AT STEP 245000
FINISHED WRITING RESTART VELOCITIES
LDB: ============= START OF LOAD BALANCING ============== 20904.6
LDB: ============== END OF LOAD BALANCING =============== 20904.6

LDB: ============= START OF LOAD BALANCING ============== 20913.3
LDB: TIME 20913.4 LOAD: AVG 7.37729 MAX 7.62685  PROXIES: TOTAL 488 MAXPE 22 MAXPATCH 4 None 1.32315
LDB: TIME 20913.4 LOAD: AVG 7.37729 MAX 7.62685  PROXIES: TOTAL 488 MAXPE 22 MAXPATCH 4 RefineTorusLB 1.32315
LDB: ============== END OF LOAD BALANCING =============== 20913.4

PRESSURE: 250000 -13264.6 -188.235 -5.17369 -123.582 -13386.5 40.942 -37.7635 -6.59449 -13299.4
GPRESSURE: 250000 44.8556 -110.286 -46.9617 -13.167 137.986 -13.72 90.7509 22.9658 53.1183
PRESSAVG: 250000 -5.55692 24.3515 -21.9395 23.6292 4.89 12.6041 -1.05519 10.0511 2.54598
GPRESSAVG: 250000 -5.66683 24.3452 -21.9912 23.6204 4.77577 12.6498 -0.850874 10.0038 2.43838
TIMING: 250000  CPU: 18359, 0.0734684/step  Wall: 21014.8, 0.0839701/step, 0 hours remaining, 136.429382 MB of memory in use.
ETITLE:      TS           BOND          ANGLE          DIHED          IMPRP               ELECT            VDW       BOUNDARY           MISC        KINETIC               TOTAL           TEMP      POTENTIAL         TOTAL3        TEMPAVG            PRESSURE      GPRESSURE         VOLUME       PRESSAVG      GPRESSAVG

ENERGY:  250000      8023.1234     40806.9015     27854.7354       518.5691        -442634.4039     12609.8275       302.9819         0.0000    114689.9352        -237828.3300       308.6681   -352518.2651   -237541.4949       310.0437         -13316.8256        78.6532   1688623.2442         0.6264         0.5158

WRITING EXTENDED SYSTEM TO RESTART FILE AT STEP 250000
WRITING COORDINATES TO DCD FILE AT STEP 250000
WRITING COORDINATES TO RESTART FILE AT STEP 250000
FINISHED WRITING RESTART COORDINATES
WRITING VELOCITIES TO RESTART FILE AT STEP 250000
FINISHED WRITING RESTART VELOCITIES
WRITING EXTENDED SYSTEM TO OUTPUT FILE AT STEP 250000
CLOSING EXTENDED SYSTEM TRAJECTORY FILE
WRITING COORDINATES TO OUTPUT FILE AT STEP 250000
CLOSING COORDINATE DCD FILE
WRITING VELOCITIES TO OUTPUT FILE AT STEP 250000
====================================================

WallClock: 21049.091797  CPUTime: 18391.115234  Memory: 134.561249 MB
