23811: Tue May  6 18:55:29 EDT 2014: Entering /tmp/24921.1.standard.q/ssh with args node062.pug.mib.pbtech -l jam2079 /bin/sh -f
23803: Tue May  6 18:55:29 EDT 2014: Entering /tmp/24921.1.standard.q/ssh with args node062.pug.mib.pbtech -l jam2079 /bin/sh -f
23821: Tue May  6 18:55:29 EDT 2014: Entering /tmp/24921.1.standard.q/ssh with args node062.pug.mib.pbtech -l jam2079 /bin/sh -f
23800: Tue May  6 18:55:29 EDT 2014: Entering /tmp/24921.1.standard.q/ssh with args node034.pug.mib.pbtech -l jam2079 /bin/sh -f
23801: Tue May  6 18:55:29 EDT 2014: Entering /tmp/24921.1.standard.q/ssh with args node062.pug.mib.pbtech -l jam2079 /bin/sh -f
23816: Tue May  6 18:55:29 EDT 2014: Entering /tmp/24921.1.standard.q/ssh with args node034.pug.mib.pbtech -l jam2079 /bin/sh -f
23817: Tue May  6 18:55:29 EDT 2014: Entering /tmp/24921.1.standard.q/ssh with args node062.pug.mib.pbtech -l jam2079 /bin/sh -f
23813: Tue May  6 18:55:29 EDT 2014: Entering /tmp/24921.1.standard.q/ssh with args node062.pug.mib.pbtech -l jam2079 /bin/sh -f
23799: Tue May  6 18:55:29 EDT 2014: Entering /tmp/24921.1.standard.q/ssh with args node062.pug.mib.pbtech -l jam2079 /bin/sh -f
23805: Tue May  6 18:55:29 EDT 2014: Exiting /tmp/24921.1.standard.q/ssh
23819: Tue May  6 18:55:29 EDT 2014: Exiting /tmp/24921.1.standard.q/ssh
23821: Tue May  6 18:55:30 EDT 2014: Exiting /tmp/24921.1.standard.q/ssh
23817: Tue May  6 18:55:30 EDT 2014: Exiting /tmp/24921.1.standard.q/ssh
23813: Tue May  6 18:55:30 EDT 2014: Exiting /tmp/24921.1.standard.q/ssh
23822: Tue May  6 18:55:30 EDT 2014: Exiting /tmp/24921.1.standard.q/ssh
23799: Tue May  6 18:55:30 EDT 2014: Exiting /tmp/24921.1.standard.q/ssh
23814: Tue May  6 18:55:32 EDT 2014: Exiting /tmp/24921.1.standard.q/ssh
23806: Tue May  6 18:55:32 EDT 2014: Exiting /tmp/24921.1.standard.q/ssh
23811: Tue May  6 18:55:33 EDT 2014: Exiting /tmp/24921.1.standard.q/ssh
23816: Tue May  6 18:55:33 EDT 2014: Exiting /tmp/24921.1.standard.q/ssh
23809: Tue May  6 18:55:34 EDT 2014: Exiting /tmp/24921.1.standard.q/ssh
23802: Tue May  6 18:55:36 EDT 2014: Exiting /tmp/24921.1.standard.q/ssh
23808: Tue May  6 18:55:37 EDT 2014: Exiting /tmp/24921.1.standard.q/ssh
23801: Tue May  6 18:55:37 EDT 2014: Exiting /tmp/24921.1.standard.q/ssh
23815: Tue May  6 18:55:38 EDT 2014: Exiting /tmp/24921.1.standard.q/ssh
23800: Tue May  6 18:55:39 EDT 2014: Exiting /tmp/24921.1.standard.q/ssh
23804: Tue May  6 18:55:40 EDT 2014: Exiting /tmp/24921.1.standard.q/ssh
23807: Tue May  6 18:55:43 EDT 2014: Exiting /tmp/24921.1.standard.q/ssh
23803: Tue May  6 18:55:45 EDT 2014: Exiting /tmp/24921.1.standard.q/ssh
23812: Tue May  6 18:55:45 EDT 2014: Exiting /tmp/24921.1.standard.q/ssh
23818: Tue May  6 18:55:45 EDT 2014: Exiting /tmp/24921.1.standard.q/ssh
23810: Tue May  6 18:55:47 EDT 2014: Exiting /tmp/24921.1.standard.q/ssh
23820: Tue May  6 18:55:47 EDT 2014: Exiting /tmp/24921.1.standard.q/ssh
Warning> Randomization of stack pointer is turned on in kernel.
Charm++> synchronizing isomalloc memory region...
[0] consolidated Isomalloc memory region: 0x2bac40000000 - 0x7ffb00000000 (88402944 megs)
Charm++: scheduler running in netpoll mode.
Charm++> Running on 2 unique compute nodes (12-way SMP).
Charm++> Cpu topology info:
PE to node map: 0 1 0 1 0 1 0 1 0 1 0 1 0 1 0 1 0 1 0 1 0 1 0 1 
Node to PE map:
Chip #0: 0 2 4 6 8 10 12 14 16 18 20 22 
Chip #1: 1 3 5 7 9 11 13 15 17 19 21 23 
Charm++> cpu topology info is gathered in 0.000 seconds.
Info: NAMD 2.7 for Linux-x86_64
Info: 
Info: Please visit http://www.ks.uiuc.edu/Research/namd/
Info: and send feedback or bug reports to namd@ks.uiuc.edu
Info: 
Info: Please cite Phillips et al., J. Comp. Chem. 26:1781-1802 (2005)
Info: in all publications reporting results obtained with NAMD.
Info: 
Info: Based on Charm++/Converse 60202 for net-linux-x86_64
Info: Built Fri Jun 17 11:23:43 EDT 2011 by jason on node026.pug.pbtech
Info: 1 NAMD  2.7  Linux-x86_64  24    node062.pug.pbtech  jam2079
Info: Running on 24 processors.
Info: CPU topology information available.
Info: Charm++/Converse parallel runtime startup completed at 0.1937 s
Info: 1.64034 MB of memory in use based on CmiMemoryUsage
Info: Changed directory to phase2a
Info: Configuration file is rho_equil_phase2a5.np.in
TCL: Suspending until startup complete.
Info: EXTENDED SYSTEM FILE   /home/jam2079/Pathrover/2x79/phase2a/dat_equil_phase2a4.restart.xsc
Info: SIMULATION PARAMETERS:
Info: TIMESTEP               1
Info: NUMBER OF STEPS        0
Info: STEPS PER CYCLE        20
Info: PERIODIC CELL BASIS 1  122.176 0 0
Info: PERIODIC CELL BASIS 2  0 123.271 0
Info: PERIODIC CELL BASIS 3  0 0 113.591
Info: PERIODIC CELL CENTER   -0.424 0.217 0.822
Info: WRAPPING ALL CLUSTERS AROUND PERIODIC BOUNDARIES ON OUTPUT.
Info: LOAD BALANCER  Centralized
Info: LOAD BALANCING STRATEGY  New Load Balancers -- ASB
Info: LDB PERIOD             4000 steps
Info: FIRST LDB TIMESTEP     100
Info: LAST LDB TIMESTEP     -1
Info: LDB BACKGROUND SCALING 1
Info: HOM BACKGROUND SCALING 1
Info: PME BACKGROUND SCALING 1
Info: MAX SELF PARTITIONS    20
Info: MAX PAIR PARTITIONS    8
Info: SELF PARTITION ATOMS   154
Info: SELF2 PARTITION ATOMS   154
Info: PAIR PARTITION ATOMS   318
Info: PAIR2 PARTITION ATOMS  637
Info: MIN ATOMS PER PATCH    100
Info: VELOCITY FILE          /home/jam2079/Pathrover/2x79/phase2a/dat_equil_phase2a4.restart.vel
Info: CENTER OF MASS MOVING INITIALLY? NO
Info: DIELECTRIC             1
Info: EXCLUDE                SCALED ONE-FOUR
Info: 1-4 ELECTROSTATICS SCALED BY 1
Info: MODIFIED 1-4 VDW PARAMETERS WILL BE USED
Info: DCD FILENAME           ./dat_equil_phase2a5.np.dcd
Info: DCD FREQUENCY          5000
Info: DCD FIRST STEP         5000
Info: DCD FILE WILL CONTAIN UNIT CELL DATA
Info: XST FILENAME           ./dat_equil_phase2a5.np.xst
Info: XST FREQUENCY          5000
Info: NO VELOCITY DCD OUTPUT
Info: OUTPUT FILENAME        ./dat_equil_phase2a5.np
Info: RESTART FILENAME       ./dat_equil_phase2a5.np.restart
Info: RESTART FREQUENCY      5000
Info: BINARY RESTART FILES WILL BE USED
Info: SWITCHING ACTIVE
Info: SWITCHING ON           10
Info: SWITCHING OFF          12
Info: PAIRLIST DISTANCE      13.5
Info: PAIRLIST SHRINK RATE   0.01
Info: PAIRLIST GROW RATE     0.01
Info: PAIRLIST TRIGGER       0.3
Info: PAIRLISTS PER CYCLE    2
Info: PAIRLISTS ENABLED
Info: MARGIN                 1.5
Info: HYDROGEN GROUP CUTOFF  2.5
Info: PATCH DIMENSION        17.5
Info: ENERGY OUTPUT STEPS    5000
Info: CROSSTERM ENERGY INCLUDED IN DIHEDRAL
Info: TIMING OUTPUT STEPS    5000
Info: PRESSURE OUTPUT STEPS  5000
Info: HARMONIC CONSTRAINTS ACTIVE
Info: HARMONIC CONS EXP      2
Info: LANGEVIN DYNAMICS ACTIVE
Info: LANGEVIN TEMPERATURE   310
Info: LANGEVIN DAMPING COEFFICIENT IS 5 INVERSE PS
Info: LANGEVIN DYNAMICS NOT APPLIED TO HYDROGENS
Info: LANGEVIN PISTON PRESSURE CONTROL ACTIVE
Info:        TARGET PRESSURE IS 1.01325 BAR
Info:     OSCILLATION PERIOD IS 200 FS
Info:             DECAY TIME IS 50 FS
Info:     PISTON TEMPERATURE IS 310 K
Info:       PRESSURE CONTROL IS GROUP-BASED
Info:    INITIAL STRAIN RATE IS 9.13083e-06 9.13083e-06 4.20882e-05
Info:       CELL FLUCTUATION IS ANISOTROPIC
Info:     SHAPE OF CELL IS CONSTRAINED IN X-Y PLANE
Info: PARTICLE MESH EWALD (PME) ACTIVE
Info: PME TOLERANCE               1e-06
Info: PME EWALD COEFFICIENT       0.257952
Info: PME INTERPOLATION ORDER     4
Info: PME GRID DIMENSIONS         128 128 120
Info: PME MAXIMUM GRID SPACING    1
Info: Attempting to read FFTW data from FFTW_NAMD_2.7_Linux-x86_64.txt
Info: Optimizing 6 FFT steps.  1... 2... 3... 4... 5... 6...   Done.
Info: Writing FFTW data to FFTW_NAMD_2.7_Linux-x86_64.txt
Info: FULL ELECTROSTATIC EVALUATION FREQUENCY      4
Info: USING VERLET I (r-RESPA) MTS SCHEME.
Info: C1 SPLITTING OF LONG RANGE ELECTROSTATICS
Info: PLACING ATOMS IN PATCHES BY HYDROGEN GROUPS
Info: RIGID BONDS TO HYDROGEN : ALL
Info:         ERROR TOLERANCE : 1e-08
Info:          MAX ITERATIONS : 100
Info: RIGID WATER USING SETTLE ALGORITHM
Info: NONBONDED FORCES EVALUATED EVERY 2 STEPS
Info: RANDOM NUMBER SEED     1399416958
Info: USE HYDROGEN BONDS?    NO
Info: COORDINATE PDB         /home/jam2079/Pathrover/2x79/phase2a/dat_equil_phase2a4.coor
Info: STRUCTURE FILE         /home/jam2079/Pathrover/2x79/common/ionized.psf
Info: PARAMETER file: CHARMM format! 
Info: PARAMETERS             /home/jam2079/Pathrover/2x79/common/parameters_all.prm
Info: USING ARITHMETIC MEAN TO COMBINE L-J SIGMA PARAMETERS
Info: BINARY COORDINATES     /home/jam2079/Pathrover/2x79/phase2a/dat_equil_phase2a4.restart.coor
Info: SUMMARY OF PARAMETERS:
Info: 231 BONDS
Info: 615 ANGLES
Info: 936 DIHEDRAL
Info: 55 IMPROPER
Info: 6 CROSSTERM
Info: 152 VDW
Info: 0 VDW_PAIRS
Info: TIME FOR READING PSF FILE: 3.06181
Info: TIME FOR READING PDB FILE: 0.282745
Info: 
Info: Reading from binary file /home/jam2079/Pathrover/2x79/phase2a/dat_equil_phase2a4.restart.coor
Info: ****************************
Info: STRUCTURE SUMMARY:
Info: 173052 ATOMS
Info: 137795 BONDS
Info: 164816 ANGLES
Info: 181135 DIHEDRALS
Info: 2060 IMPROPERS
Info: 0 CROSSTERMS
Info: 0 EXCLUSIONS
Info: 1845 CONSTRAINTS
Info: 145197 RIGID BONDS
Info: 373959 DEGREES OF FREEDOM
Info: 62622 HYDROGEN GROUPS
Info: 4 ATOMS IN LARGEST HYDROGEN GROUP
Info: 62622 MIGRATION GROUPS
Info: 4 ATOMS IN LARGEST MIGRATION GROUP
Info: TOTAL MASS = 1.03371e+06 amu
Info: TOTAL CHARGE = 4.80842e-05 e
Info: MASS DENSITY = 1.00338 g/cm^3
Info: ATOM DENSITY = 0.101155 atoms/A^3
Info: *****************************
Info: 
Info: Entering startup at 34.4492 s, 49.6524 MB of memory in use
Info: Startup phase 0 took 0.0444939 s, 49.6487 MB of memory in use
Info: Startup phase 1 took 1.49135 s, 86.6438 MB of memory in use
Info: Startup phase 2 took 0.044894 s, 87.9718 MB of memory in use
Info: PATCH GRID IS 6 (PERIODIC) BY 7 (PERIODIC) BY 6 (PERIODIC)
Info: PATCH GRID IS 1-AWAY BY 1-AWAY BY 1-AWAY
Info: Reading from binary file /home/jam2079/Pathrover/2x79/phase2a/dat_equil_phase2a4.restart.vel
Info: REMOVING COM VELOCITY -0.019453 0.0151919 -0.0298306
Info: LARGEST PATCH (183) HAS 756 ATOMS
Info: Startup phase 3 took 0.180078 s, 114.763 MB of memory in use
Info: PME using 22 and 22 processors for FFT and reciprocal sum.
Info: PME GRID LOCATIONS: 1 2 3 4 5 6 7 8 9 10 ...
Info: PME TRANS LOCATIONS: 1 2 3 4 5 6 7 8 9 10 ...
Info: Startup phase 4 took 0.0568352 s, 114.764 MB of memory in use
Info: Startup phase 5 took 0.0679669 s, 89.9349 MB of memory in use
LDB: Central LB being created...
Info: Startup phase 6 took 2.42726 s, 89.9792 MB of memory in use
Info: CREATING 10284 COMPUTE OBJECTS
Info: useSync: 1 useProxySync: 0
Info: NONBONDED TABLE R-SQUARED SPACING: 0.0625
Info: NONBONDED TABLE SIZE: 769 POINTS
Info: Startup phase 7 took 0.0497458 s, 93.0814 MB of memory in use
Info: Startup phase 8 took 0.000230074 s, 94.4691 MB of memory in use
Info: Finished startup at 38.812 s, 94.4691 MB of memory in use

TCL: Running for 250000 steps
PRESSURE: 0 -13137.9 -52.5304 133.874 -86.6458 -13447.6 -12.4317 153.979 -17.2214 -13452.3
GPRESSURE: 0 68.4669 -97.2114 90.7858 -122.258 -165.519 -42.2356 3.93079 -86.1303 -327.2
ETITLE:      TS           BOND          ANGLE          DIHED          IMPRP               ELECT            VDW       BOUNDARY           MISC        KINETIC               TOTAL           TEMP      POTENTIAL         TOTAL3        TEMPAVG            PRESSURE      GPRESSURE         VOLUME       PRESSAVG      GPRESSAVG

ENERGY:       0      8038.1924     40685.0808     28096.0339       526.5519        -441068.5723     12357.3354       302.3198         0.0000    114982.4145        -236080.6435       309.4552   -351063.0580   -235784.7614       309.4552         -13345.9326      -141.4171   1710766.5274    -13345.9326      -141.4171

OPENING EXTENDED SYSTEM TRAJECTORY FILE
LDB: ============= START OF LOAD BALANCING ============== 47.0066
LDB: ============== END OF LOAD BALANCING =============== 47.0076

Info: Initial time: 24 CPUs 0.0809925 s/step 0.937413 days/ns 112.938 MB memory
LDB: ============= START OF LOAD BALANCING ============== 55.5212
LDB: TIME 55.5549 LOAD: AVG 7.11066 MAX 7.61911  PROXIES: TOTAL 624 MAXPE 27 MAXPATCH 4 None 1.25928
LDB: TIME 55.6141 LOAD: AVG 7.11066 MAX 7.11126  PROXIES: TOTAL 624 MAXPE 27 MAXPATCH 4 TorusLB 1.25928
LDB: TIME 55.6142 LOAD: AVG 7.11066 MAX 7.11126  PROXIES: TOTAL 624 MAXPE 27 MAXPATCH 4 TorusLB 1.25928
LDB: ============== END OF LOAD BALANCING =============== 55.6381

Info: Initial time: 24 CPUs 0.0831246 s/step 0.96209 days/ns 113.367 MB memory
LDB: ============= START OF LOAD BALANCING ============== 64.0505
LDB: TIME 64.0556 LOAD: AVG 7.18952 MAX 7.32107  PROXIES: TOTAL 624 MAXPE 27 MAXPATCH 4 None 1.30765
LDB: TIME 64.062 LOAD: AVG 7.18952 MAX 7.32107  PROXIES: TOTAL 624 MAXPE 27 MAXPATCH 4 RefineTorusLB 1.30765
LDB: ============== END OF LOAD BALANCING =============== 64.0639

Info: Initial time: 24 CPUs 0.0819425 s/step 0.948408 days/ns 114.067 MB memory
LDB: ============= START OF LOAD BALANCING ============== 72.5163
LDB: TIME 72.5213 LOAD: AVG 7.19005 MAX 7.41147  PROXIES: TOTAL 624 MAXPE 27 MAXPATCH 4 None 1.30825
LDB: TIME 72.5295 LOAD: AVG 7.19005 MAX 7.41147  PROXIES: TOTAL 624 MAXPE 27 MAXPATCH 4 RefineTorusLB 1.30825
LDB: ============== END OF LOAD BALANCING =============== 72.5321

Info: Benchmark time: 24 CPUs 0.0828114 s/step 0.958465 days/ns 114.454 MB memory
Info: Benchmark time: 24 CPUs 0.0815368 s/step 0.943713 days/ns 114.754 MB memory
Info: Benchmark time: 24 CPUs 0.0822199 s/step 0.951619 days/ns 114.866 MB memory
LDB: ============= START OF LOAD BALANCING ============== 393.368
LDB: ============== END OF LOAD BALANCING =============== 393.368

LDB: ============= START OF LOAD BALANCING ============== 401.78
LDB: TIME 401.784 LOAD: AVG 7.19408 MAX 7.38841  PROXIES: TOTAL 624 MAXPE 27 MAXPATCH 4 None 1.29195
LDB: TIME 401.792 LOAD: AVG 7.19408 MAX 7.38841  PROXIES: TOTAL 624 MAXPE 27 MAXPATCH 4 RefineTorusLB 1.29195
LDB: ============== END OF LOAD BALANCING =============== 401.794

PRESSURE: 5000 -13399.4 1.49039 160.673 -12.9668 -13329.4 -165.05 133.543 -180.087 -13336.9
GPRESSURE: 5000 -149.799 -98.2809 109.901 -25.87 -4.4747 -110.802 87.3969 -103.832 -64.591
PRESSAVG: 5000 16.138 -30.7994 22.8274 -31.8445 -18.0304 -5.75657 16.4321 5.91396 -8.05962
GPRESSAVG: 5000 16.2312 -30.9786 22.8947 -31.8194 -17.961 -5.90507 16.4931 5.93568 -7.92734
TIMING: 5000  CPU: 353.919, 0.070738/step  Wall: 412.766, 0.0824713/step, 5.61263 hours remaining, 131.319519 MB of memory in use.
ENERGY:    5000      8153.2685     40491.5392     28068.5041       519.4047        -441700.9251     12125.8761       331.0487         0.0000    114750.0277        -237261.2560       308.8298   -352011.2837   -236959.1296       309.8345         -13355.2180       -72.9551   1700648.2796        -3.3174        -3.2191

WRITING EXTENDED SYSTEM TO RESTART FILE AT STEP 5000
OPENING COORDINATE DCD FILE
WRITING COORDINATES TO DCD FILE AT STEP 5000
WRITING COORDINATES TO RESTART FILE AT STEP 5000
FINISHED WRITING RESTART COORDINATES
WRITING VELOCITIES TO RESTART FILE AT STEP 5000
FINISHED WRITING RESTART VELOCITIES
LDB: ============= START OF LOAD BALANCING ============== 723.136
LDB: ============== END OF LOAD BALANCING =============== 723.136

LDB: ============= START OF LOAD BALANCING ============== 731.63
LDB: TIME 731.663 LOAD: AVG 7.20997 MAX 7.34247  PROXIES: TOTAL 624 MAXPE 27 MAXPATCH 4 None 1.29937
LDB: TIME 731.675 LOAD: AVG 7.20997 MAX 7.34247  PROXIES: TOTAL 624 MAXPE 27 MAXPATCH 4 RefineTorusLB 1.29937
LDB: ============== END OF LOAD BALANCING =============== 731.677

WRITING COORDINATES TO DCD FILE AT STEP 10000
WRITING COORDINATES TO RESTART FILE AT STEP 10000
FINISHED WRITING RESTART COORDINATES
PRESSURE: 10000 -13404.8 99.6792 153.683 88.8459 -13252.9 7.60947 174.295 -41.5309 -13079.7
GPRESSURE: 10000 -70.5292 165.674 109.03 68.5531 52.6681 17.2434 48.4248 -7.10715 202.042
PRESSAVG: 10000 7.70564 -21.7133 19.6475 -13.9119 -8.68491 2.6708 -2.01506 -1.14066 -1.84529
GPRESSAVG: 10000 7.6201 -21.7786 19.631 -13.8724 -8.67166 2.64543 -1.94976 -1.0849 -1.88562
TIMING: 10000  CPU: 711.446, 0.0715053/step  Wall: 834.26, 0.0842987/step, 5.61991 hours remaining, 132.629456 MB of memory in use.
ENERGY:   10000      7999.8283     40567.6174     27904.0723       496.0941        -441762.8334     12222.1902       305.8266         0.0000    114775.4783        -237491.7261       308.8983   -352267.2044   -237199.9709       309.8756         -13245.7918        61.3938   1697759.7032        -0.9415        -0.9791

WRITING EXTENDED SYSTEM TO RESTART FILE AT STEP 10000
WRITING VELOCITIES TO RESTART FILE AT STEP 10000
FINISHED WRITING RESTART VELOCITIES
LDB: ============= START OF LOAD BALANCING ============== 1081.91
LDB: ============== END OF LOAD BALANCING =============== 1081.91

LDB: ============= START OF LOAD BALANCING ============== 1090.32
LDB: TIME 1090.36 LOAD: AVG 7.20699 MAX 7.48884  PROXIES: TOTAL 624 MAXPE 27 MAXPATCH 4 None 1.29548
LDB: TIME 1090.37 LOAD: AVG 7.20699 MAX 7.48884  PROXIES: TOTAL 624 MAXPE 27 MAXPATCH 4 RefineTorusLB 1.29548
LDB: ============== END OF LOAD BALANCING =============== 1090.37

PRESSURE: 15000 -13340.9 41.0914 -7.12695 58.3848 -13381.5 -88.083 -39.0387 -81.1164 -13376.9
GPRESSURE: 15000 -14.6284 46.9698 19.7359 46.4248 -1.6335 -67.3567 -94.9262 -119.383 -16.2103
PRESSAVG: 15000 2.6432 5.29043 -0.777905 28.8771 -7.75062 -35.139 11.3696 -10.8751 0.797602
GPRESSAVG: 15000 2.53542 5.27763 -0.770343 28.7705 -7.8222 -34.9634 11.2737 -10.7323 0.792008
TIMING: 15000  CPU: 1070.63, 0.0718365/step  Wall: 1267.47, 0.0866415/step, 5.65577 hours remaining, 133.035767 MB of memory in use.
ENERGY:   15000      8195.3646     40670.6861     28027.2045       539.6620        -442249.1233     12477.8343       319.1801         0.0000    115047.0120        -236972.1797       309.6291   -352019.1917   -236689.7056       309.4930         -13366.4456       -10.8241   1694470.3965        -1.4366        -1.4983

WRITING EXTENDED SYSTEM TO RESTART FILE AT STEP 15000
WRITING COORDINATES TO DCD FILE AT STEP 15000
WRITING COORDINATES TO RESTART FILE AT STEP 15000
FINISHED WRITING RESTART COORDINATES
WRITING VELOCITIES TO RESTART FILE AT STEP 15000
FINISHED WRITING RESTART VELOCITIES
LDB: ============= START OF LOAD BALANCING ============== 1414.26
LDB: ============== END OF LOAD BALANCING =============== 1414.26

LDB: ============= START OF LOAD BALANCING ============== 1422.64
LDB: TIME 1422.64 LOAD: AVG 7.22935 MAX 7.51928  PROXIES: TOTAL 624 MAXPE 27 MAXPATCH 4 None 1.31301
LDB: TIME 1422.65 LOAD: AVG 7.22935 MAX 7.51928  PROXIES: TOTAL 624 MAXPE 27 MAXPATCH 4 RefineTorusLB 1.31301
LDB: ============== END OF LOAD BALANCING =============== 1422.65

PRESSURE: 20000 -13355.9 36.2598 31.3381 36.0569 -13065.2 74.6047 33.3727 84.1871 -13672.9
GPRESSURE: 20000 0.148047 38.1319 -15.3019 -52.4203 274.588 43.2797 -60.4056 35.6644 -357.009
PRESSAVG: 20000 2.04092 -6.41927 -8.30226 -1.79969 7.53945 8.47406 1.93356 -9.2865 2.98933
GPRESSAVG: 20000 2.02387 -6.50738 -8.12013 -1.74552 7.59545 8.35808 1.84418 -9.24537 2.87173
TIMING: 20000  CPU: 1429.91, 0.0718565/step  Wall: 1681.88, 0.082882/step, 5.29524 hours remaining, 134.304962 MB of memory in use.
ENERGY:   20000      8154.4745     40463.1778     27987.8918       497.1576        -441956.1412     12103.7606       312.2610         0.0000    114696.7121        -237740.7059       308.6863   -352437.4179   -237463.2344       310.0363         -13364.6803       -27.4243   1691818.4340         4.1899         4.1637

WRITING EXTENDED SYSTEM TO RESTART FILE AT STEP 20000
WRITING COORDINATES TO DCD FILE AT STEP 20000
WRITING COORDINATES TO RESTART FILE AT STEP 20000
FINISHED WRITING RESTART COORDINATES
WRITING VELOCITIES TO RESTART FILE AT STEP 20000
FINISHED WRITING RESTART VELOCITIES
LDB: ============= START OF LOAD BALANCING ============== 1745.73
LDB: ============== END OF LOAD BALANCING =============== 1745.73

LDB: ============= START OF LOAD BALANCING ============== 1754.27
LDB: TIME 1754.28 LOAD: AVG 7.23128 MAX 7.46073  PROXIES: TOTAL 624 MAXPE 27 MAXPATCH 4 None 1.2949
LDB: TIME 1754.29 LOAD: AVG 7.23128 MAX 7.46073  PROXIES: TOTAL 624 MAXPE 27 MAXPATCH 4 RefineTorusLB 1.2949
LDB: ============== END OF LOAD BALANCING =============== 1754.29

LDB: ============= START OF LOAD BALANCING ============== 2077.81
LDB: ============== END OF LOAD BALANCING =============== 2077.81

LDB: ============= START OF LOAD BALANCING ============== 2086.48
LDB: TIME 2086.51 LOAD: AVG 7.24211 MAX 7.53915  PROXIES: TOTAL 624 MAXPE 27 MAXPATCH 4 None 1.2968
LDB: TIME 2086.52 LOAD: AVG 7.24211 MAX 7.53915  PROXIES: TOTAL 624 MAXPE 27 MAXPATCH 4 RefineTorusLB 1.2968
LDB: ============== END OF LOAD BALANCING =============== 2086.52

PRESSURE: 25000 -13501.4 78.0872 109.589 102.823 -13253.1 -20.6413 182.363 -26.2485 -13349.3
GPRESSURE: 25000 -28.282 6.75544 42.3449 -16.7797 115.07 -48.891 193.434 -71.8704 -71.8481
PRESSAVG: 25000 2.5116 -15.7685 33.7098 -12.8949 6.63215 2.52538 24.7682 -15.5357 4.41742
GPRESSAVG: 25000 2.61976 -15.6977 33.5006 -12.7384 6.68113 2.2785 25.0542 -15.5414 4.43102
TIMING: 25000  CPU: 1788.32, 0.0716827/step  Wall: 2097.69, 0.0831617/step, 5.19761 hours remaining, 132.617340 MB of memory in use.
ENERGY:   25000      8034.9928     40408.0170     27995.0969       507.8731        -442631.9042     12501.4158       307.3778         0.0000    114740.7291        -238136.4017       308.8048   -352877.1308   -237867.0384       309.6473         -13367.9086         4.9801   1691965.8499         4.5204         4.5773

WRITING EXTENDED SYSTEM TO RESTART FILE AT STEP 25000
WRITING COORDINATES TO DCD FILE AT STEP 25000
WRITING COORDINATES TO RESTART FILE AT STEP 25000
FINISHED WRITING RESTART COORDINATES
WRITING VELOCITIES TO RESTART FILE AT STEP 25000
FINISHED WRITING RESTART VELOCITIES
LDB: ============= START OF LOAD BALANCING ============== 2489.37
LDB: ============== END OF LOAD BALANCING =============== 2489.37

LDB: ============= START OF LOAD BALANCING ============== 2497.89
LDB: TIME 2497.89 LOAD: AVG 7.22343 MAX 7.44145  PROXIES: TOTAL 624 MAXPE 27 MAXPATCH 4 None 1.29454
LDB: TIME 2497.91 LOAD: AVG 7.22343 MAX 7.44145  PROXIES: TOTAL 624 MAXPE 27 MAXPATCH 4 RefineTorusLB 1.29454
LDB: ============== END OF LOAD BALANCING =============== 2497.91

PRESSURE: 30000 -13526.8 -70.2554 17.2326 -42.8031 -13363.5 -7.31114 44.4375 -8.83523 -13252
GPRESSURE: 30000 -67.6606 -16.9029 39.5516 -139.589 38.6923 -42.3612 34.4664 -72.3497 24.1303
PRESSAVG: 30000 -0.166275 10.1507 -13.0106 3.4525 7.21356 5.8185 30.2114 11.5073 -2.69218
GPRESSAVG: 30000 -0.169801 10.0407 -13.0074 3.54336 7.2368 5.98926 30.2272 11.4209 -2.71097
TIMING: 30000  CPU: 2147.37, 0.0718091/step  Wall: 2591.87, 0.0988372/step, 6.04005 hours remaining, 132.786407 MB of memory in use.
ENERGY:   30000      8060.4432     40687.0271     27985.6216       509.5388        -442430.1581     11994.9703       315.1088         0.0000    115050.5091        -237826.9391       309.6385   -352877.4482   -237537.0863       309.6673         -13380.7386        -1.6127   1690306.4365         1.4517         1.4520

WRITING EXTENDED SYSTEM TO RESTART FILE AT STEP 30000
WRITING COORDINATES TO DCD FILE AT STEP 30000
WRITING COORDINATES TO RESTART FILE AT STEP 30000
FINISHED WRITING RESTART COORDINATES
WRITING VELOCITIES TO RESTART FILE AT STEP 30000
FINISHED WRITING RESTART VELOCITIES
LDB: ============= START OF LOAD BALANCING ============== 2834.27
LDB: ============== END OF LOAD BALANCING =============== 2834.27

LDB: ============= START OF LOAD BALANCING ============== 2842.78
LDB: TIME 2842.79 LOAD: AVG 7.25907 MAX 7.52433  PROXIES: TOTAL 624 MAXPE 27 MAXPATCH 4 None 1.30825
LDB: TIME 2842.8 LOAD: AVG 7.25907 MAX 7.52433  PROXIES: TOTAL 624 MAXPE 27 MAXPATCH 4 RefineTorusLB 1.30825
LDB: ============== END OF LOAD BALANCING =============== 2842.8

PRESSURE: 35000 -13446.2 -24.1584 -175.012 -42.3127 -13301.8 -136.888 -158.431 -205.699 -13416.3
GPRESSURE: 35000 -146.923 18.492 -174.37 -97.159 87.5475 -82.9468 -35.6021 -137.625 -118.834
PRESSAVG: 35000 -3.23923 -10.0882 38.1135 -5.4071 8.09476 5.84948 50.9616 0.579608 2.08134
GPRESSAVG: 35000 -3.26483 -10.0584 38.2589 -5.49986 8.06514 5.8567 50.9352 0.627134 2.2225
TIMING: 35000  CPU: 2509.22, 0.0723694/step  Wall: 3019.81, 0.0855883/step, 5.11152 hours remaining, 132.892090 MB of memory in use.
ENERGY:   35000      8017.7873     40388.4534     27952.9420       478.5323        -441141.0981     11764.0891       311.2691         0.0000    114900.6573        -237327.3676       309.2352   -352228.0250   -237046.2982       309.9580         -13388.0967       -59.4031   1691069.5311         2.3123         2.3409

WRITING EXTENDED SYSTEM TO RESTART FILE AT STEP 35000
WRITING COORDINATES TO DCD FILE AT STEP 35000
WRITING COORDINATES TO RESTART FILE AT STEP 35000
FINISHED WRITING RESTART COORDINATES
WRITING VELOCITIES TO RESTART FILE AT STEP 35000
FINISHED WRITING RESTART VELOCITIES
LDB: ============= START OF LOAD BALANCING ============== 3215.91
LDB: ============== END OF LOAD BALANCING =============== 3215.91

LDB: ============= START OF LOAD BALANCING ============== 3224.38
LDB: TIME 3224.38 LOAD: AVG 7.25348 MAX 7.53375  PROXIES: TOTAL 624 MAXPE 27 MAXPATCH 4 None 1.31226
LDB: TIME 3224.39 LOAD: AVG 7.25348 MAX 7.53375  PROXIES: TOTAL 624 MAXPE 27 MAXPATCH 4 RefineTorusLB 1.31226
LDB: ============== END OF LOAD BALANCING =============== 3224.39

PRESSURE: 40000 -13520.6 101.19 -59.808 111.218 -13276.4 223.434 -93.6417 192.943 -13337
GPRESSURE: 40000 -149.106 81.9466 0.536957 68.0615 196.865 179.718 -40.804 178.307 -151.367
PRESSAVG: 40000 -8.44562 -17.9532 -9.54365 -8.99514 19.2839 4.46506 -7.2189 4.61036 2.44788
GPRESSAVG: 40000 -8.44411 -17.8251 -9.43965 -9.07093 19.4403 4.46301 -7.21197 4.58638 2.43114
TIMING: 40000  CPU: 2869.36, 0.0720279/step  Wall: 3485.09, 0.0930558/step, 5.42825 hours remaining, 134.027649 MB of memory in use.
ENERGY:   40000      8065.4727     40614.6413     27948.5891       524.2232        -441589.8711     11548.6324       308.4679         0.0000    114440.8649        -238138.9797       307.9977   -352579.8446   -237861.3739       309.8003         -13377.9831       -34.5360   1690631.1467         4.4287         4.4758

WRITING EXTENDED SYSTEM TO RESTART FILE AT STEP 40000
WRITING COORDINATES TO DCD FILE AT STEP 40000
WRITING COORDINATES TO RESTART FILE AT STEP 40000
FINISHED WRITING RESTART COORDINATES
WRITING VELOCITIES TO RESTART FILE AT STEP 40000
FINISHED WRITING RESTART VELOCITIES
LDB: ============= START OF LOAD BALANCING ============== 3581.72
LDB: ============== END OF LOAD BALANCING =============== 3581.72

LDB: ============= START OF LOAD BALANCING ============== 3590.26
LDB: TIME 3590.29 LOAD: AVG 7.25095 MAX 7.48713  PROXIES: TOTAL 624 MAXPE 27 MAXPATCH 4 None 1.29886
LDB: TIME 3590.3 LOAD: AVG 7.25095 MAX 7.48713  PROXIES: TOTAL 624 MAXPE 27 MAXPATCH 4 RefineTorusLB 1.29886
LDB: ============== END OF LOAD BALANCING =============== 3590.31

LDB: ============= START OF LOAD BALANCING ============== 3913.43
LDB: ============== END OF LOAD BALANCING =============== 3913.43

LDB: ============= START OF LOAD BALANCING ============== 3921.74
LDB: TIME 3921.75 LOAD: AVG 7.218 MAX 7.53253  PROXIES: TOTAL 624 MAXPE 27 MAXPATCH 4 None 1.28678
LDB: TIME 3921.76 LOAD: AVG 7.218 MAX 7.53253  PROXIES: TOTAL 624 MAXPE 27 MAXPATCH 4 RefineTorusLB 1.28678
LDB: ============== END OF LOAD BALANCING =============== 3921.76

PRESSURE: 45000 -13357.5 -101.56 -77.4331 -108.419 -13559.4 -79.8687 -115.223 -52.7612 -13312.2
GPRESSURE: 45000 -6.07727 -72.3589 -146.984 -45.5152 -172.091 -128.971 -120.306 -16.2258 -19.7576
PRESSAVG: 45000 -10.9907 -21.7896 2.85617 -5.75538 12.2921 -1.68274 5.79744 15.4692 -1.12758
GPRESSAVG: 45000 -10.9991 -21.8384 2.73284 -5.77104 12.3772 -1.73811 5.67757 15.4777 -1.14462
TIMING: 45000  CPU: 3229.07, 0.0719421/step  Wall: 3933.18, 0.0896177/step, 5.10323 hours remaining, 132.569489 MB of memory in use.
ENERGY:   45000      7988.2295     40587.8212     28155.6728       523.5892        -441222.8911     11525.2775       300.3070         0.0000    114922.5040        -237219.4900       309.2940   -352141.9940   -236925.0727       309.5099         -13409.6774       -65.9752   1691221.7940         0.0579         0.0778

WRITING EXTENDED SYSTEM TO RESTART FILE AT STEP 45000
WRITING COORDINATES TO DCD FILE AT STEP 45000
WRITING COORDINATES TO RESTART FILE AT STEP 45000
FINISHED WRITING RESTART COORDINATES
WRITING VELOCITIES TO RESTART FILE AT STEP 45000
FINISHED WRITING RESTART VELOCITIES
LDB: ============= START OF LOAD BALANCING ============== 4267.01
LDB: ============== END OF LOAD BALANCING =============== 4267.01

LDB: ============= START OF LOAD BALANCING ============== 4275.45
LDB: TIME 4275.49 LOAD: AVG 7.23728 MAX 7.41951  PROXIES: TOTAL 624 MAXPE 27 MAXPATCH 4 None 1.29807
LDB: TIME 4275.5 LOAD: AVG 7.23728 MAX 7.41951  PROXIES: TOTAL 624 MAXPE 27 MAXPATCH 4 RefineTorusLB 1.29807
LDB: ============== END OF LOAD BALANCING =============== 4275.5

PRESSURE: 50000 -13405 -71.7128 113.493 -27.2819 -13665.9 -9.99286 116.746 -4.07387 -13177.9
GPRESSURE: 50000 34.7545 -19.3054 112.411 -50.6824 -164.407 -40.7388 159.523 -106.358 -9.24568
PRESSAVG: 50000 -2.31514 -3.22557 -6.76116 -1.85354 0.705081 -25.2505 3.10156 -7.0559 -0.816419
GPRESSAVG: 50000 -2.40357 -3.14853 -6.80343 -1.74566 0.861745 -25.236 3.18015 -7.15304 -0.784198
TIMING: 50000  CPU: 3590.16, 0.0722194/step  Wall: 4369.13, 0.0871893/step, 4.84385 hours remaining, 134.401581 MB of memory in use.
ETITLE:      TS           BOND          ANGLE          DIHED          IMPRP               ELECT            VDW       BOUNDARY           MISC        KINETIC               TOTAL           TEMP      POTENTIAL         TOTAL3        TEMPAVG            PRESSURE      GPRESSURE         VOLUME       PRESSAVG      GPRESSAVG

ENERGY:   50000      8030.3892     40407.9731     28066.0926       537.7361        -441673.2766     11847.3033       316.1720         0.0000    114641.3098        -237826.3003       308.5372   -352467.6102   -237527.6456       309.6497         -13416.2738       -46.2995   1688806.5289        -0.8088        -0.7753

WRITING EXTENDED SYSTEM TO RESTART FILE AT STEP 50000
WRITING COORDINATES TO DCD FILE AT STEP 50000
WRITING COORDINATES TO RESTART FILE AT STEP 50000
FINISHED WRITING RESTART COORDINATES
WRITING VELOCITIES TO RESTART FILE AT STEP 50000
FINISHED WRITING RESTART VELOCITIES
LDB: ============= START OF LOAD BALANCING ============== 4598
LDB: ============== END OF LOAD BALANCING =============== 4598

LDB: ============= START OF LOAD BALANCING ============== 4606.5
LDB: TIME 4606.5 LOAD: AVG 7.24906 MAX 7.46394  PROXIES: TOTAL 624 MAXPE 27 MAXPATCH 4 None 1.31211
LDB: TIME 4606.51 LOAD: AVG 7.24906 MAX 7.46394  PROXIES: TOTAL 624 MAXPE 27 MAXPATCH 4 RefineTorusLB 1.31211
LDB: ============== END OF LOAD BALANCING =============== 4606.51

WRITING COORDINATES TO DCD FILE AT STEP 55000
WRITING COORDINATES TO RESTART FILE AT STEP 55000
FINISHED WRITING RESTART COORDINATES
PRESSURE: 55000 -13314.7 11.4272 -53.0987 1.72809 -13466.9 5.3712 -16.8316 3.60396 -13206.7
GPRESSURE: 55000 30.259 170.549 -73.1091 28.8641 6.57594 -59.2277 -66.9114 53.8353 163.622
PRESSAVG: 55000 -14.0428 -5.44962 -16.5564 -5.07586 19.6089 -38.845 -2.42896 -2.85605 -3.94091
GPRESSAVG: 55000 -14.0827 -5.48434 -16.4662 -5.08143 19.4455 -39.0762 -2.5345 -2.68394 -3.84986
TIMING: 55000  CPU: 3950.95, 0.0721572/step  Wall: 4783.96, 0.0829673/step, 4.49406 hours remaining, 133.112091 MB of memory in use.
ENERGY:   55000      8001.6246     40646.5488     28069.6299       515.5445        -442329.2214     11994.9461       312.5664         0.0000    114637.4735        -238150.8875       308.5269   -352788.3611   -237862.2421       309.2263         -13329.4452        66.8191   1686461.7755         0.5417         0.5043

WRITING EXTENDED SYSTEM TO RESTART FILE AT STEP 55000
WRITING VELOCITIES TO RESTART FILE AT STEP 55000
FINISHED WRITING RESTART VELOCITIES
LDB: ============= START OF LOAD BALANCING ============== 4930.08
LDB: ============== END OF LOAD BALANCING =============== 4930.08

LDB: ============= START OF LOAD BALANCING ============== 4938.5
LDB: TIME 4938.53 LOAD: AVG 7.24308 MAX 7.58862  PROXIES: TOTAL 624 MAXPE 27 MAXPATCH 4 None 1.31022
LDB: TIME 4938.54 LOAD: AVG 7.24308 MAX 7.58862  PROXIES: TOTAL 624 MAXPE 27 MAXPATCH 4 RefineTorusLB 1.31022
LDB: ============== END OF LOAD BALANCING =============== 4938.54

PRESSURE: 60000 -13350.6 68.1828 52.9203 59.521 -13285.3 36.3312 48.1585 -23.5665 -13431.6
GPRESSURE: 60000 40.0432 57.379 116.169 41.7568 98.9297 77.648 -20.2799 -63.3655 -89.3608
PRESSAVG: 60000 7.16733 -21.8877 -0.210726 -31.6654 1.13968 1.89516 7.66482 8.04466 2.76132
GPRESSAVG: 60000 7.11639 -21.8107 -0.302539 -31.4786 1.24541 1.91361 7.73945 7.8764 2.84879
TIMING: 60000  CPU: 4313.42, 0.0724944/step  Wall: 5199.34, 0.0830752/step, 4.38452 hours remaining, 133.369293 MB of memory in use.
ENERGY:   60000      7998.2419     40590.2657     28042.9430       508.1083        -442461.5713     12227.2827       315.8000         0.0000    115548.4716        -237230.4582       310.9787   -352778.9298   -236928.1089       309.7279         -13355.8223        16.5374   1690460.4613         3.6894         3.7369

WRITING EXTENDED SYSTEM TO RESTART FILE AT STEP 60000
WRITING COORDINATES TO DCD FILE AT STEP 60000
WRITING COORDINATES TO RESTART FILE AT STEP 60000
FINISHED WRITING RESTART COORDINATES
WRITING VELOCITIES TO RESTART FILE AT STEP 60000
FINISHED WRITING RESTART VELOCITIES
LDB: ============= START OF LOAD BALANCING ============== 5262.92
LDB: ============== END OF LOAD BALANCING =============== 5262.92

LDB: ============= START OF LOAD BALANCING ============== 5271.35
LDB: TIME 5271.39 LOAD: AVG 7.23636 MAX 7.56539  PROXIES: TOTAL 624 MAXPE 27 MAXPATCH 4 None 1.30412
LDB: TIME 5271.4 LOAD: AVG 7.23636 MAX 7.56539  PROXIES: TOTAL 624 MAXPE 27 MAXPATCH 4 RefineTorusLB 1.30412
LDB: ============== END OF LOAD BALANCING =============== 5271.4

LDB: ============= START OF LOAD BALANCING ============== 5595.95
LDB: ============== END OF LOAD BALANCING =============== 5595.95

LDB: ============= START OF LOAD BALANCING ============== 5604.54
LDB: TIME 5604.59 LOAD: AVG 7.25972 MAX 7.67112  PROXIES: TOTAL 624 MAXPE 27 MAXPATCH 4 None 1.29808
LDB: TIME 5604.61 LOAD: AVG 7.25972 MAX 7.61137  PROXIES: TOTAL 624 MAXPE 27 MAXPATCH 4 RefineTorusLB 1.29808
LDB: ============== END OF LOAD BALANCING =============== 5604.62

PRESSURE: 65000 -13341 -96.8953 -182.159 -118.458 -13327.5 -88.8842 -152.973 -29.6887 -13377.1
GPRESSURE: 65000 137.431 -7.27186 -202.536 -4.95676 70.0378 -95.3515 -102.681 -49.7661 -120.141
PRESSAVG: 65000 10.4395 -7.45238 -0.922946 -13.4288 -10.3936 11.3763 -2.05966 7.0948 2.57421
GPRESSAVG: 65000 10.3716 -7.35096 -0.991806 -13.3755 -10.442 11.371 -1.9533 7.12279 2.37564
TIMING: 65000  CPU: 4675.88, 0.0724922/step  Wall: 5616.18, 0.0833677/step, 4.28417 hours remaining, 134.099457 MB of memory in use.
ENERGY:   65000      8001.9086     40576.3751     27908.6919       497.9706        -441970.7944     12067.0954       308.8762         0.0000    114689.6837        -237920.1929       308.6674   -352609.8767   -237647.2298       309.5845         -13348.5305        29.1093   1688737.0700         0.8734         0.7684

WRITING EXTENDED SYSTEM TO RESTART FILE AT STEP 65000
WRITING COORDINATES TO DCD FILE AT STEP 65000
WRITING COORDINATES TO RESTART FILE AT STEP 65000
FINISHED WRITING RESTART COORDINATES
WRITING VELOCITIES TO RESTART FILE AT STEP 65000
FINISHED WRITING RESTART VELOCITIES
LDB: ============= START OF LOAD BALANCING ============== 5929.57
LDB: ============== END OF LOAD BALANCING =============== 5929.58

LDB: ============= START OF LOAD BALANCING ============== 5938.28
LDB: TIME 5938.31 LOAD: AVG 7.26061 MAX 7.80095  PROXIES: TOTAL 624 MAXPE 27 MAXPATCH 4 None 1.29576
LDB: TIME 5938.34 LOAD: AVG 7.26061 MAX 7.60791  PROXIES: TOTAL 624 MAXPE 27 MAXPATCH 4 RefineTorusLB 1.29576
LDB: ============== END OF LOAD BALANCING =============== 5938.34

PRESSURE: 70000 -13386.3 -245.132 -18.3127 -192.272 -13465.4 155.817 -20.3306 178.713 -13354.6
GPRESSURE: 70000 33.8365 -215.383 63.2567 -163.305 -99.1195 98.4752 -64.8064 125.571 -122.911
PRESSAVG: 70000 -12.7557 -29.4067 3.0428 -18.346 14.3581 1.18206 -1.70492 2.04306 -1.16404
GPRESSAVG: 70000 -12.7011 -29.23 3.07519 -18.18 14.2345 1.14812 -1.79903 2.26204 -1.14344
TIMING: 70000  CPU: 5038.81, 0.072586/step  Wall: 6032.71, 0.0833057/step, 4.16528 hours remaining, 134.405609 MB of memory in use.
ENERGY:   70000      8062.5169     40542.1513     28097.8065       547.3777        -441092.7125     11548.0672       319.8197         0.0000    114790.5397        -237184.4334       308.9388   -351974.9731   -236891.7864       309.6673         -13402.1072       -62.7314   1691920.9646         0.1461         0.1300

WRITING EXTENDED SYSTEM TO RESTART FILE AT STEP 70000
WRITING COORDINATES TO DCD FILE AT STEP 70000
WRITING COORDINATES TO RESTART FILE AT STEP 70000
FINISHED WRITING RESTART COORDINATES
WRITING VELOCITIES TO RESTART FILE AT STEP 70000
FINISHED WRITING RESTART VELOCITIES
LDB: ============= START OF LOAD BALANCING ============== 6262.04
LDB: ============== END OF LOAD BALANCING =============== 6262.04

LDB: ============= START OF LOAD BALANCING ============== 6270.61
LDB: TIME 6270.61 LOAD: AVG 7.24271 MAX 7.44711  PROXIES: TOTAL 624 MAXPE 27 MAXPATCH 4 None 1.29303
LDB: TIME 6270.62 LOAD: AVG 7.24271 MAX 7.44711  PROXIES: TOTAL 624 MAXPE 27 MAXPATCH 4 RefineTorusLB 1.29303
LDB: ============== END OF LOAD BALANCING =============== 6270.62

PRESSURE: 75000 -13573.5 -84.1766 -1.95686 -30.7933 -13444.6 183.224 -84.2047 159.136 -13409.7
GPRESSURE: 75000 -125.314 -126.617 3.95987 3.04251 -103.132 223.532 -137.266 121.651 -116.737
PRESSAVG: 75000 -12.7359 -20.4086 12.1618 -6.67966 8.229 10.3912 2.55059 -2.91297 1.05642
GPRESSAVG: 75000 -12.674 -20.4245 12.1308 -6.68916 8.44755 10.4481 2.73903 -3.09053 0.895054
TIMING: 75000  CPU: 5401.2, 0.0724776/step  Wall: 6449, 0.0832586/step, 4.04729 hours remaining, 133.869324 MB of memory in use.
ENERGY:   75000      8155.9873     40458.5928     27884.2649       481.9141        -441541.9703     11799.5903       311.3355         0.0000    114349.3653        -238100.9201       307.7515   -352450.2854   -237786.5382       309.8912         -13475.9289      -115.0610   1688470.4727        -1.1502        -1.1105

WRITING EXTENDED SYSTEM TO RESTART FILE AT STEP 75000
WRITING COORDINATES TO DCD FILE AT STEP 75000
WRITING COORDINATES TO RESTART FILE AT STEP 75000
FINISHED WRITING RESTART COORDINATES
WRITING VELOCITIES TO RESTART FILE AT STEP 75000
FINISHED WRITING RESTART VELOCITIES
LDB: ============= START OF LOAD BALANCING ============== 6595.13
LDB: ============== END OF LOAD BALANCING =============== 6595.13

LDB: ============= START OF LOAD BALANCING ============== 6603.71
LDB: TIME 6603.72 LOAD: AVG 7.262 MAX 7.47758  PROXIES: TOTAL 624 MAXPE 27 MAXPATCH 4 None 1.30418
LDB: TIME 6603.73 LOAD: AVG 7.262 MAX 7.47758  PROXIES: TOTAL 624 MAXPE 27 MAXPATCH 4 RefineTorusLB 1.30418
LDB: ============== END OF LOAD BALANCING =============== 6603.73

PRESSURE: 80000 -13289.2 51.9836 -212.674 72.5188 -13487.3 -147.28 -192.642 -98.0795 -13311.6
GPRESSURE: 80000 114.981 -99.2601 -168.755 6.3282 12.7285 -134.275 -131.461 -129.374 -99.175
PRESSAVG: 80000 -3.42812 -9.55052 -17.9892 -6.50642 0.49598 4.30835 1.83376 3.07479 5.98092
GPRESSAVG: 80000 -3.46296 -9.64276 -18.0987 -6.70503 0.40565 4.27032 1.92609 3.12456 5.98423
TIMING: 80000  CPU: 5763.51, 0.0724614/step  Wall: 6863.45, 0.0828903/step, 3.91426 hours remaining, 133.047089 MB of memory in use.
ENERGY:   80000      8168.9897     40710.7490     27962.6583       518.4067        -441650.9900     11491.4997       326.8079         0.0000    114500.1227        -237971.7559       308.1572   -352471.8786   -237685.6934       309.8280         -13362.7144         9.5116   1688125.5140         1.0163         0.9756

WRITING EXTENDED SYSTEM TO RESTART FILE AT STEP 80000
WRITING COORDINATES TO DCD FILE AT STEP 80000
WRITING COORDINATES TO RESTART FILE AT STEP 80000
FINISHED WRITING RESTART COORDINATES
WRITING VELOCITIES TO RESTART FILE AT STEP 80000
FINISHED WRITING RESTART VELOCITIES
LDB: ============= START OF LOAD BALANCING ============== 6926.7
LDB: ============== END OF LOAD BALANCING =============== 6926.7

LDB: ============= START OF LOAD BALANCING ============== 6935.09
LDB: TIME 6935.09 LOAD: AVG 7.24888 MAX 7.44468  PROXIES: TOTAL 624 MAXPE 27 MAXPATCH 4 None 1.30859
LDB: TIME 6935.1 LOAD: AVG 7.24888 MAX 7.44468  PROXIES: TOTAL 624 MAXPE 27 MAXPATCH 4 RefineTorusLB 1.30859
LDB: ============== END OF LOAD BALANCING =============== 6935.1

LDB: ============= START OF LOAD BALANCING ============== 7257.89
LDB: ============== END OF LOAD BALANCING =============== 7257.89

LDB: ============= START OF LOAD BALANCING ============== 7266.37
LDB: TIME 7266.38 LOAD: AVG 7.25679 MAX 7.57127  PROXIES: TOTAL 624 MAXPE 27 MAXPATCH 4 None 1.3023
LDB: TIME 7266.38 LOAD: AVG 7.25679 MAX 7.57127  PROXIES: TOTAL 624 MAXPE 27 MAXPATCH 4 RefineTorusLB 1.3023
LDB: ============== END OF LOAD BALANCING =============== 7266.39

PRESSURE: 85000 -13379.1 -81.6582 184.449 -22.4306 -13373.2 -105.745 120.418 -116.45 -13412.2
GPRESSURE: 85000 33.7974 -55.0416 107.516 28.5839 -4.82849 -96.6412 26.4874 -224.731 -142.389
PRESSAVG: 85000 -3.57945 -12.668 22.4755 4.41391 4.44857 8.71849 13.211 -5.03557 -3.68307
GPRESSAVG: 85000 -3.34284 -12.7993 22.4605 4.53412 4.29805 8.83769 13.1415 -5.02869 -3.62568
TIMING: 85000  CPU: 6125.61, 0.0724198/step  Wall: 7278.08, 0.0829257/step, 3.80076 hours remaining, 134.206696 MB of memory in use.
ENERGY:   85000      7983.9653     40589.9318     27894.7949       515.0970        -441756.2765     11724.0707       324.4320         0.0000    115025.0680        -237698.9168       309.5700   -352723.9848   -237410.5529       309.6511         -13388.2065       -37.8068   1689948.5020        -0.9380        -0.8902

WRITING EXTENDED SYSTEM TO RESTART FILE AT STEP 85000
WRITING COORDINATES TO DCD FILE AT STEP 85000
WRITING COORDINATES TO RESTART FILE AT STEP 85000
FINISHED WRITING RESTART COORDINATES
WRITING VELOCITIES TO RESTART FILE AT STEP 85000
FINISHED WRITING RESTART VELOCITIES
LDB: ============= START OF LOAD BALANCING ============== 7590.83
LDB: ============== END OF LOAD BALANCING =============== 7590.83

LDB: ============= START OF LOAD BALANCING ============== 7599.34
LDB: TIME 7599.34 LOAD: AVG 7.25904 MAX 7.46936  PROXIES: TOTAL 624 MAXPE 27 MAXPATCH 4 None 1.31113
LDB: TIME 7599.35 LOAD: AVG 7.25904 MAX 7.46936  PROXIES: TOTAL 624 MAXPE 27 MAXPATCH 4 RefineTorusLB 1.31113
LDB: ============== END OF LOAD BALANCING =============== 7599.36

PRESSURE: 90000 -13452 -31.7679 -65.305 -59.7869 -13516.2 107.713 -39.4532 132.851 -13420
GPRESSURE: 90000 -64.3344 -37.5247 -83.4388 47.3712 -10.9631 134.994 23.3041 120.326 -170.336
PRESSAVG: 90000 10.4065 6.29727 5.5703 9.39195 -4.15625 16.995 -5.88392 9.40654 0.390471
GPRESSAVG: 90000 10.3635 6.42187 5.54212 9.29969 -4.08875 16.9537 -5.81931 9.58362 0.323745
TIMING: 90000  CPU: 6488.31, 0.0725418/step  Wall: 7694.35, 0.083254/step, 3.70018 hours remaining, 133.902344 MB of memory in use.
ENERGY:   90000      8044.6119     40600.3278     27902.8239       507.6322        -442726.1688     12552.9241       310.9441         0.0000    114817.2904        -237989.6143       309.0108   -352806.9047   -237685.8097       309.8449         -13462.7199       -81.8780   1690127.3011         2.2136         2.1995

WRITING EXTENDED SYSTEM TO RESTART FILE AT STEP 90000
WRITING COORDINATES TO DCD FILE AT STEP 90000
WRITING COORDINATES TO RESTART FILE AT STEP 90000
FINISHED WRITING RESTART COORDINATES
WRITING VELOCITIES TO RESTART FILE AT STEP 90000
FINISHED WRITING RESTART VELOCITIES
LDB: ============= START OF LOAD BALANCING ============== 7923.76
LDB: ============== END OF LOAD BALANCING =============== 7923.76

LDB: ============= START OF LOAD BALANCING ============== 7932.33
LDB: TIME 7932.33 LOAD: AVG 7.24145 MAX 7.55852  PROXIES: TOTAL 624 MAXPE 27 MAXPATCH 4 None 1.29682
LDB: TIME 7932.34 LOAD: AVG 7.24145 MAX 7.55852  PROXIES: TOTAL 624 MAXPE 27 MAXPATCH 4 RefineTorusLB 1.29682
LDB: ============== END OF LOAD BALANCING =============== 7932.34

PRESSURE: 95000 -13454.7 103.65 -144.219 41.3788 -13451.2 13.7679 -91.6101 7.02837 -13217.6
GPRESSURE: 95000 -139.018 161.46 -117.743 73.7325 -4.61075 0.330614 74.3727 -42.3423 28.7578
PRESSAVG: 95000 5.1148 5.79846 -2.31352 -0.871922 -17.5792 5.58879 16.0513 -3.31307 0.496035
GPRESSAVG: 95000 5.15417 5.74025 -2.29734 -0.61136 -17.687 5.65608 16.2786 -3.31476 0.466251
TIMING: 95000  CPU: 6850.34, 0.0724056/step  Wall: 8110.76, 0.0832821/step, 3.58576 hours remaining, 133.671173 MB of memory in use.
ENERGY:   95000      7982.1770     40473.2958     27909.3470       512.5792        -441220.6004     11630.5881       316.3344         0.0000    114611.4631        -237784.8158       308.4569   -352396.2788   -237502.5476       309.6516         -13374.4839       -38.2903   1689728.7644        -3.9895        -4.0222

WRITING EXTENDED SYSTEM TO RESTART FILE AT STEP 95000
WRITING COORDINATES TO DCD FILE AT STEP 95000
WRITING COORDINATES TO RESTART FILE AT STEP 95000
FINISHED WRITING RESTART COORDINATES
WRITING VELOCITIES TO RESTART FILE AT STEP 95000
FINISHED WRITING RESTART VELOCITIES
LDB: ============= START OF LOAD BALANCING ============== 8257.01
LDB: ============== END OF LOAD BALANCING =============== 8257.01

LDB: ============= START OF LOAD BALANCING ============== 8265.52
LDB: TIME 8265.52 LOAD: AVG 7.26079 MAX 7.54459  PROXIES: TOTAL 624 MAXPE 27 MAXPATCH 4 None 1.31661
LDB: TIME 8265.53 LOAD: AVG 7.26079 MAX 7.54459  PROXIES: TOTAL 624 MAXPE 27 MAXPATCH 4 RefineTorusLB 1.31661
LDB: ============== END OF LOAD BALANCING =============== 8265.53

PRESSURE: 100000 -13407.1 -5.47284 -77.1354 15.0386 -13277.1 141.269 -26.7206 107.055 -13152.9
GPRESSURE: 100000 -27.2474 -30.924 -81.7279 -44.6104 86.1354 52.8063 -132.697 93.3508 184.308
PRESSAVG: 100000 -9.32029 -7.99338 -29.8738 0.0485862 -2.07168 24.6402 10.4176 8.38492 1.08214
GPRESSAVG: 100000 -9.44029 -8.02169 -29.8643 0.00182925 -2.16061 24.7038 10.4943 8.42179 1.0216
TIMING: 100000  CPU: 7213.84, 0.0726995/step  Wall: 8526.62, 0.0831722/step, 3.46551 hours remaining, 133.786713 MB of memory in use.
ETITLE:      TS           BOND          ANGLE          DIHED          IMPRP               ELECT            VDW       BOUNDARY           MISC        KINETIC               TOTAL           TEMP      POTENTIAL         TOTAL3        TEMPAVG            PRESSURE      GPRESSURE         VOLUME       PRESSAVG      GPRESSAVG

ENERGY:  100000      8030.4370     40461.8119     27995.1556       540.1099        -441216.3402     11869.0054       296.7346         0.0000    115228.0482        -236795.0375       310.1163   -352023.0857   -236499.7241       310.0912         -13279.0327        81.0653   1687048.3567        -3.4366        -3.5264

WRITING EXTENDED SYSTEM TO RESTART FILE AT STEP 100000
WRITING COORDINATES TO DCD FILE AT STEP 100000
WRITING COORDINATES TO RESTART FILE AT STEP 100000
FINISHED WRITING RESTART COORDINATES
WRITING VELOCITIES TO RESTART FILE AT STEP 100000
FINISHED WRITING RESTART VELOCITIES
LDB: ============= START OF LOAD BALANCING ============== 8590.13
LDB: ============== END OF LOAD BALANCING =============== 8590.14

LDB: ============= START OF LOAD BALANCING ============== 8598.69
LDB: TIME 8598.69 LOAD: AVG 7.2717 MAX 7.59909  PROXIES: TOTAL 624 MAXPE 27 MAXPATCH 4 None 1.30719
LDB: TIME 8598.7 LOAD: AVG 7.2717 MAX 7.59909  PROXIES: TOTAL 624 MAXPE 27 MAXPATCH 4 RefineTorusLB 1.30719
LDB: ============== END OF LOAD BALANCING =============== 8598.7

LDB: ============= START OF LOAD BALANCING ============== 8923.41
LDB: ============== END OF LOAD BALANCING =============== 8923.41

LDB: ============= START OF LOAD BALANCING ============== 8931.94
LDB: TIME 8931.98 LOAD: AVG 7.25367 MAX 7.47849  PROXIES: TOTAL 624 MAXPE 27 MAXPATCH 4 None 1.30211
LDB: TIME 8931.99 LOAD: AVG 7.25367 MAX 7.47849  PROXIES: TOTAL 624 MAXPE 27 MAXPATCH 4 RefineTorusLB 1.30211
LDB: ============== END OF LOAD BALANCING =============== 8931.99

PRESSURE: 105000 -13463.5 -120.147 25.4685 -77.3803 -13751.1 96.3178 51.1124 91.8074 -13376
GPRESSURE: 105000 6.11165 -51.2283 17.6869 -121.511 -281.209 19.9434 60.4176 19.4112 -179.716
PRESSAVG: 105000 -9.201 -26.3285 -8.15819 -8.51836 2.26417 -5.87984 2.15215 6.82423 1.50527
GPRESSAVG: 105000 -9.30254 -26.349 -8.05856 -8.51542 2.21716 -5.98576 2.11514 6.90252 1.51895
TIMING: 105000  CPU: 7576.89, 0.0726106/step  Wall: 8943.57, 0.0833895/step, 3.35874 hours remaining, 133.634460 MB of memory in use.
ENERGY:  105000      8007.5006     40502.2204     27981.8314       513.4688        -441808.0423     11580.8544       296.2374         0.0000    114907.7086        -238018.2206       309.2542   -352925.9293   -237725.9240       310.0064         -13530.1960      -151.6046   1688784.9339        -1.8105        -1.8555

WRITING EXTENDED SYSTEM TO RESTART FILE AT STEP 105000
WRITING COORDINATES TO DCD FILE AT STEP 105000
WRITING COORDINATES TO RESTART FILE AT STEP 105000
FINISHED WRITING RESTART COORDINATES
WRITING VELOCITIES TO RESTART FILE AT STEP 105000
FINISHED WRITING RESTART VELOCITIES
LDB: ============= START OF LOAD BALANCING ============== 9256.39
LDB: ============== END OF LOAD BALANCING =============== 9256.39

LDB: ============= START OF LOAD BALANCING ============== 9264.94
LDB: TIME 9264.97 LOAD: AVG 7.26635 MAX 7.4694  PROXIES: TOTAL 624 MAXPE 27 MAXPATCH 4 None 1.30991
LDB: TIME 9264.98 LOAD: AVG 7.26635 MAX 7.4694  PROXIES: TOTAL 624 MAXPE 27 MAXPATCH 4 RefineTorusLB 1.30991
LDB: ============== END OF LOAD BALANCING =============== 9264.99

PRESSURE: 110000 -13501.7 -123.27 102.641 -160.226 -13303.3 -30.4956 123.832 16.9082 -13211.2
GPRESSURE: 110000 -0.769455 -79.5102 183.451 -200.442 44.3853 -27.5152 84.907 36.9083 40.418
PRESSAVG: 110000 -3.88033 -10.3084 1.92619 -5.72135 0.489434 -8.40478 14.9734 0.365747 -4.75104
GPRESSAVG: 110000 -3.79595 -10.4284 2.03375 -5.74694 0.315112 -8.31161 15.1054 0.287425 -4.76501
TIMING: 110000  CPU: 7940.64, 0.0727485/step  Wall: 9359.06, 0.0830987/step, 3.23162 hours remaining, 134.320099 MB of memory in use.
ENERGY:  110000      8091.9365     40633.5813     27947.1717       497.3935        -442303.2507     12022.0906       307.9426         0.0000    114594.9051        -238208.2294       308.4123   -352803.1345   -237920.9763       309.6884         -13338.7214        28.0113   1690097.5047        -2.7140        -2.7486

WRITING EXTENDED SYSTEM TO RESTART FILE AT STEP 110000
WRITING COORDINATES TO DCD FILE AT STEP 110000
WRITING COORDINATES TO RESTART FILE AT STEP 110000
FINISHED WRITING RESTART COORDINATES
WRITING VELOCITIES TO RESTART FILE AT STEP 110000
FINISHED WRITING RESTART VELOCITIES
LDB: ============= START OF LOAD BALANCING ============== 9589.66
LDB: ============== END OF LOAD BALANCING =============== 9589.66

LDB: ============= START OF LOAD BALANCING ============== 9598.14
LDB: TIME 9598.17 LOAD: AVG 7.26774 MAX 7.46471  PROXIES: TOTAL 624 MAXPE 27 MAXPATCH 4 None 1.30358
LDB: TIME 9598.19 LOAD: AVG 7.26774 MAX 7.46471  PROXIES: TOTAL 624 MAXPE 27 MAXPATCH 4 RefineTorusLB 1.30358
LDB: ============== END OF LOAD BALANCING =============== 9598.19

WRITING COORDINATES TO DCD FILE AT STEP 115000
WRITING COORDINATES TO RESTART FILE AT STEP 115000
FINISHED WRITING RESTART COORDINATES
PRESSURE: 115000 -13509.8 155.156 5.75533 191.46 -13549.3 -15.4289 58.4342 0.869354 -12998.7
GPRESSURE: 115000 -83.4323 190.062 47.5099 173.402 -20.6013 65.0645 -88.7126 152.475 240.672
PRESSAVG: 115000 -16.8062 16.0226 20.6912 15.5667 14.9085 -24.3671 2.63345 -1.35176 -4.14928
GPRESSAVG: 115000 -16.7823 15.9461 20.6595 15.5813 14.9691 -24.4117 2.53408 -1.36931 -4.01606
TIMING: 115000  CPU: 8303.54, 0.0725814/step  Wall: 9776.35, 0.0834584/step, 3.12969 hours remaining, 133.298645 MB of memory in use.
ENERGY:  115000      7988.2699     40700.3598     27856.2607       492.8007        -442596.4814     12217.9680       307.2216         0.0000    114828.8349        -238204.7658       309.0419   -353033.6007   -237898.7386       309.5876         -13352.5896        45.5462   1686077.8053        -2.0157        -1.9431

WRITING EXTENDED SYSTEM TO RESTART FILE AT STEP 115000
WRITING VELOCITIES TO RESTART FILE AT STEP 115000
FINISHED WRITING RESTART VELOCITIES
LDB: ============= START OF LOAD BALANCING ============== 9922.62
LDB: ============== END OF LOAD BALANCING =============== 9922.62

LDB: ============= START OF LOAD BALANCING ============== 9931.19
LDB: TIME 9931.19 LOAD: AVG 7.23159 MAX 7.42315  PROXIES: TOTAL 624 MAXPE 27 MAXPATCH 4 None 1.28979
LDB: TIME 9931.2 LOAD: AVG 7.23159 MAX 7.42315  PROXIES: TOTAL 624 MAXPE 27 MAXPATCH 4 RefineTorusLB 1.28979
LDB: ============== END OF LOAD BALANCING =============== 9931.2

PRESSURE: 120000 -13362.5 101.679 45.0963 154.344 -13336.4 -207.617 -11.886 -158.5 -13088.9
GPRESSURE: 120000 83.0837 30.3424 -26.3309 71.3178 122.123 -239.741 -86.655 -105.305 11.3657
PRESSAVG: 120000 -9.9964 23.1608 5.0834 24.2349 7.7347 -24.6587 -3.78824 10.6483 -0.6748
GPRESSAVG: 120000 -10.0656 23.0682 5.29271 24.1755 7.55236 -24.7548 -3.86993 10.8872 -0.707809
TIMING: 120000  CPU: 8665.36, 0.072363/step  Wall: 10192.4, 0.0832072/step, 3.00471 hours remaining, 133.273315 MB of memory in use.
ENERGY:  120000      7978.9076     40807.0912     27904.6880       514.8708        -441392.2619     11816.9522       324.2392         0.0000    115356.5298        -236688.9832       310.4621   -352045.5129   -236413.4044       309.9850         -13262.6400        72.1908   1688561.2812        -0.9788        -1.0737

WRITING EXTENDED SYSTEM TO RESTART FILE AT STEP 120000
WRITING COORDINATES TO DCD FILE AT STEP 120000
WRITING COORDINATES TO RESTART FILE AT STEP 120000
FINISHED WRITING RESTART COORDINATES
WRITING VELOCITIES TO RESTART FILE AT STEP 120000
FINISHED WRITING RESTART VELOCITIES
LDB: ============= START OF LOAD BALANCING ============== 10256
LDB: ============== END OF LOAD BALANCING =============== 10256

LDB: ============= START OF LOAD BALANCING ============== 10264.5
LDB: TIME 10264.5 LOAD: AVG 7.26006 MAX 7.68197  PROXIES: TOTAL 624 MAXPE 27 MAXPATCH 4 None 1.31555
LDB: TIME 10264.5 LOAD: AVG 7.26006 MAX 7.60967  PROXIES: TOTAL 624 MAXPE 27 MAXPATCH 4 RefineTorusLB 1.31555
LDB: ============== END OF LOAD BALANCING =============== 10264.5

LDB: ============= START OF LOAD BALANCING ============== 10587.4
LDB: ============== END OF LOAD BALANCING =============== 10587.4

LDB: ============= START OF LOAD BALANCING ============== 10595.8
LDB: TIME 10595.8 LOAD: AVG 7.23896 MAX 7.41156  PROXIES: TOTAL 624 MAXPE 27 MAXPATCH 4 None 1.29654
LDB: TIME 10595.8 LOAD: AVG 7.23896 MAX 7.41156  PROXIES: TOTAL 624 MAXPE 27 MAXPATCH 4 RefineTorusLB 1.29654
LDB: ============== END OF LOAD BALANCING =============== 10595.8

WRITING COORDINATES TO DCD FILE AT STEP 125000
WRITING COORDINATES TO RESTART FILE AT STEP 125000
FINISHED WRITING RESTART COORDINATES
WRITING VELOCITIES TO RESTART FILE AT STEP 125000
FINISHED WRITING RESTART VELOCITIES
PRESSURE: 125000 -13452.6 104.172 153.74 94.4422 -13389.4 26.8663 147.971 133.891 -13210.1
GPRESSURE: 125000 -86.3911 180.137 132.73 196.517 -105.694 -105.463 122.492 73.7966 166.237
PRESSAVG: 125000 -11.1595 17.6412 12.1735 8.18484 10.2625 -23.4278 2.84522 16.4983 0.604547
GPRESSAVG: 125000 -11.1866 17.7848 12.136 8.07929 10.18 -23.404 2.74573 16.4014 0.670772
TIMING: 125000  CPU: 9027.96, 0.0725196/step  Wall: 10607.2, 0.082967/step, 2.8808 hours remaining, 133.354645 MB of memory in use.
ENERGY:  125000      7991.2498     40495.8785     27911.9071       509.8493        -441656.5310     11611.7289       312.2078         0.0000    115224.2865        -237599.4231       310.1062   -352823.7096   -237313.1293       310.2457         -13350.7232        -8.6161   1690599.3397        -0.0975        -0.1119

WRITING EXTENDED SYSTEM TO RESTART FILE AT STEP 125000
LDB: ============= START OF LOAD BALANCING ============== 10918
LDB: ============== END OF LOAD BALANCING =============== 10918

LDB: ============= START OF LOAD BALANCING ============== 10926.4
LDB: TIME 10926.4 LOAD: AVG 7.24325 MAX 7.39278  PROXIES: TOTAL 624 MAXPE 27 MAXPATCH 4 None 1.30299
LDB: TIME 10926.4 LOAD: AVG 7.24325 MAX 7.39278  PROXIES: TOTAL 624 MAXPE 27 MAXPATCH 4 RefineTorusLB 1.30299
LDB: ============== END OF LOAD BALANCING =============== 10926.4

PRESSURE: 130000 -13205.7 115.357 -127.448 139.784 -13283.6 6.4234 -139.953 38.7476 -13428
GPRESSURE: 130000 148.819 -47.1313 -62.2127 48.5625 145.339 5.9232 -87.523 2.34074 -36.2029
PRESSAVG: 130000 -0.0727024 10.0952 -17.1726 0.665135 -7.74881 1.7478 -10.0495 14.1309 -3.24658
GPRESSAVG: 130000 -0.0324023 10.0434 -17.0827 0.630438 -7.84774 1.57573 -10.003 14.1747 -3.30283
TIMING: 130000  CPU: 9390.36, 0.0724802/step  Wall: 11021, 0.0827526/step, 2.75842 hours remaining, 135.667145 MB of memory in use.
ENERGY:  130000      7973.8346     40371.4764     27994.8064       529.1556        -442561.9082     12295.2989       320.0068         0.0000    114729.9859        -238347.3436       308.7759   -353077.3295   -238058.7522       309.7409         -13305.7536        85.9848   1687944.2627        -3.6894        -3.7277

WRITING EXTENDED SYSTEM TO RESTART FILE AT STEP 130000
WRITING COORDINATES TO DCD FILE AT STEP 130000
WRITING COORDINATES TO RESTART FILE AT STEP 130000
FINISHED WRITING RESTART COORDINATES
WRITING VELOCITIES TO RESTART FILE AT STEP 130000
FINISHED WRITING RESTART VELOCITIES
LDB: ============= START OF LOAD BALANCING ============== 11250.1
LDB: ============== END OF LOAD BALANCING =============== 11250.1

LDB: ============= START OF LOAD BALANCING ============== 11258.5
LDB: TIME 11258.5 LOAD: AVG 7.26384 MAX 7.40876  PROXIES: TOTAL 624 MAXPE 27 MAXPATCH 4 None 1.31545
LDB: TIME 11258.5 LOAD: AVG 7.26384 MAX 7.40876  PROXIES: TOTAL 624 MAXPE 27 MAXPATCH 4 RefineTorusLB 1.31545
LDB: ============== END OF LOAD BALANCING =============== 11258.5

PRESSURE: 135000 -13458.7 -20.4144 12.6066 -38.9361 -13142.8 -74.516 -46.3711 -21.9388 -13158.8
GPRESSURE: 135000 64.0822 29.8916 -9.50044 -60.363 132.471 -75.3107 -99.1024 23.1932 138.52
PRESSAVG: 135000 -16.2583 16.4502 26.4741 10.0818 22.6835 -10.3575 3.79689 11.0243 2.27975
GPRESSAVG: 135000 -16.2379 16.3598 26.3081 10.1589 22.5967 -10.3261 3.76038 10.9938 2.32255
TIMING: 135000  CPU: 9752.23, 0.0723752/step  Wall: 11435.7, 0.0829408/step, 2.6495 hours remaining, 134.810913 MB of memory in use.
ENERGY:  135000      7934.4892     40782.3444     28020.9144       515.0148        -442195.9420     11973.6358       316.6582         0.0000    115171.7528        -237481.1326       309.9648   -352652.8853   -237193.7755       309.9013         -13253.4357       111.6912   1689563.6991         2.9016         2.8938

WRITING EXTENDED SYSTEM TO RESTART FILE AT STEP 135000
WRITING COORDINATES TO DCD FILE AT STEP 135000
WRITING COORDINATES TO RESTART FILE AT STEP 135000
FINISHED WRITING RESTART COORDINATES
WRITING VELOCITIES TO RESTART FILE AT STEP 135000
FINISHED WRITING RESTART VELOCITIES
LDB: ============= START OF LOAD BALANCING ============== 11582
LDB: ============== END OF LOAD BALANCING =============== 11582

LDB: ============= START OF LOAD BALANCING ============== 11590.5
LDB: TIME 11590.5 LOAD: AVG 7.25929 MAX 7.56506  PROXIES: TOTAL 624 MAXPE 27 MAXPATCH 4 None 1.30577
LDB: TIME 11590.5 LOAD: AVG 7.25929 MAX 7.56506  PROXIES: TOTAL 624 MAXPE 27 MAXPATCH 4 RefineTorusLB 1.30577
LDB: ============== END OF LOAD BALANCING =============== 11590.5

PRESSURE: 140000 -13442.5 73.0969 -16.4375 28.1649 -13515.1 254.198 0.626545 225.374 -13230.1
GPRESSURE: 140000 -96.5653 -20.4857 -29.6229 -28.8699 -150.218 217.286 -16.2591 163.918 35.4339
PRESSAVG: 140000 -18.3712 -6.75503 15.3252 -2.29754 9.54003 5.93836 1.58088 -4.88107 2.35629
GPRESSAVG: 140000 -18.493 -6.79627 15.4224 -2.30027 9.57879 5.89592 1.68049 -4.86098 2.27802
TIMING: 140000  CPU: 10115.5, 0.0726606/step  Wall: 11850.6, 0.0829775/step, 2.53543 hours remaining, 135.715637 MB of memory in use.
ENERGY:  140000      8095.5113     40588.3874     27924.9577       493.8080        -441109.1871     11205.8774       310.5504         0.0000    115282.3970        -237207.6979       310.2626   -352490.0949   -236880.7493       310.3366         -13395.9070       -70.4497   1691858.2510        -2.1583        -2.2121

WRITING EXTENDED SYSTEM TO RESTART FILE AT STEP 140000
WRITING COORDINATES TO DCD FILE AT STEP 140000
WRITING COORDINATES TO RESTART FILE AT STEP 140000
FINISHED WRITING RESTART COORDINATES
WRITING VELOCITIES TO RESTART FILE AT STEP 140000
FINISHED WRITING RESTART VELOCITIES
LDB: ============= START OF LOAD BALANCING ============== 11914
LDB: ============== END OF LOAD BALANCING =============== 11914

LDB: ============= START OF LOAD BALANCING ============== 11922.6
LDB: TIME 11922.7 LOAD: AVG 7.27096 MAX 7.45287  PROXIES: TOTAL 624 MAXPE 27 MAXPATCH 4 None 1.30846
LDB: TIME 11922.7 LOAD: AVG 7.27096 MAX 7.45287  PROXIES: TOTAL 624 MAXPE 27 MAXPATCH 4 RefineTorusLB 1.30846
LDB: ============== END OF LOAD BALANCING =============== 11922.7

LDB: ============= START OF LOAD BALANCING ============== 12244.7
LDB: ============== END OF LOAD BALANCING =============== 12244.7

LDB: ============= START OF LOAD BALANCING ============== 12253.1
LDB: TIME 12253.2 LOAD: AVG 7.27619 MAX 7.58468  PROXIES: TOTAL 624 MAXPE 27 MAXPATCH 4 None 1.32037
LDB: TIME 12253.2 LOAD: AVG 7.27619 MAX 7.58468  PROXIES: TOTAL 624 MAXPE 27 MAXPATCH 4 RefineTorusLB 1.32037
LDB: ============== END OF LOAD BALANCING =============== 12253.2

PRESSURE: 145000 -13177.9 40.654 -92.1574 41.9034 -13531.2 44.4834 -55.6402 61.5348 -13183.5
GPRESSURE: 145000 149.405 89.8405 -63.9036 7.554 -62.7675 70.5444 6.93204 22.6225 126.742
PRESSAVG: 145000 30.3086 -6.36384 2.90461 19.1852 -33.4997 2.47598 0.307389 -23.1541 8.73322
GPRESSAVG: 145000 30.2262 -6.37453 2.95373 19.0681 -33.4906 2.50302 0.393352 -23.2092 8.76673
TIMING: 145000  CPU: 10478.5, 0.072599/step  Wall: 12264.6, 0.0828135/step, 2.41539 hours remaining, 134.359467 MB of memory in use.
ENERGY:  145000      7965.0010     40703.8024     27908.9591       504.6699        -441884.6380     12000.8500       319.9296         0.0000    115025.3499        -237456.0761       309.5708   -352481.4260   -237149.5905       310.1474         -13297.5356        71.1265   1688769.6857         1.8474         1.8341

WRITING EXTENDED SYSTEM TO RESTART FILE AT STEP 145000
WRITING COORDINATES TO DCD FILE AT STEP 145000
WRITING COORDINATES TO RESTART FILE AT STEP 145000
FINISHED WRITING RESTART COORDINATES
WRITING VELOCITIES TO RESTART FILE AT STEP 145000
FINISHED WRITING RESTART VELOCITIES
LDB: ============= START OF LOAD BALANCING ============== 12577.1
LDB: ============== END OF LOAD BALANCING =============== 12577.1

LDB: ============= START OF LOAD BALANCING ============== 12585.7
LDB: TIME 12585.7 LOAD: AVG 7.27117 MAX 7.48625  PROXIES: TOTAL 624 MAXPE 27 MAXPATCH 4 None 1.30494
LDB: TIME 12585.7 LOAD: AVG 7.27117 MAX 7.48625  PROXIES: TOTAL 624 MAXPE 27 MAXPATCH 4 RefineTorusLB 1.30494
LDB: ============== END OF LOAD BALANCING =============== 12585.7

PRESSURE: 150000 -13302.8 149.92 158.176 152.212 -13552.3 10.8654 162.76 -30.7739 -13270.7
GPRESSURE: 150000 38.7496 62.9199 179.996 -12.4284 -143.753 1.10363 109.215 70.8752 26.5993
PRESSAVG: 150000 25.5876 6.36931 5.89764 9.01241 -23.6311 -19.9059 15.9746 -23.9896 6.37535
GPRESSAVG: 150000 25.591 6.29989 5.831 9.14526 -23.7102 -20.0155 16.1153 -24.2047 6.37352
TIMING: 150000  CPU: 10841.4, 0.0725758/step  Wall: 12680.4, 0.0831437/step, 2.30955 hours remaining, 134.000916 MB of memory in use.
ETITLE:      TS           BOND          ANGLE          DIHED          IMPRP               ELECT            VDW       BOUNDARY           MISC        KINETIC               TOTAL           TEMP      POTENTIAL         TOTAL3        TEMPAVG            PRESSURE      GPRESSURE         VOLUME       PRESSAVG      GPRESSAVG

ENERGY:  150000      8029.2175     40429.2035     27905.0390       513.7359        -441708.0634     11733.0207       309.9092         0.0000    114640.5278        -238147.4097       308.5351   -352787.9375   -237854.0575       310.0977         -13375.2846       -26.1346   1689139.9124         2.7773         2.7514

WRITING EXTENDED SYSTEM TO RESTART FILE AT STEP 150000
WRITING COORDINATES TO DCD FILE AT STEP 150000
WRITING COORDINATES TO RESTART FILE AT STEP 150000
FINISHED WRITING RESTART COORDINATES
WRITING VELOCITIES TO RESTART FILE AT STEP 150000
FINISHED WRITING RESTART VELOCITIES
LDB: ============= START OF LOAD BALANCING ============== 12910.2
LDB: ============== END OF LOAD BALANCING =============== 12910.2

LDB: ============= START OF LOAD BALANCING ============== 12918.7
LDB: TIME 12918.7 LOAD: AVG 7.26067 MAX 7.44139  PROXIES: TOTAL 624 MAXPE 27 MAXPATCH 4 None 1.30347
LDB: TIME 12918.8 LOAD: AVG 7.26067 MAX 7.44139  PROXIES: TOTAL 624 MAXPE 27 MAXPATCH 4 RefineTorusLB 1.30347
LDB: ============== END OF LOAD BALANCING =============== 12918.8

PRESSURE: 155000 -13405.8 157.438 43.7939 143.699 -13320 -297.366 -6.47703 -249.003 -13356.5
GPRESSURE: 155000 35.9666 9.99768 13.2676 206.321 92.681 -294.924 -11.3015 -138.416 -8.43475
PRESSAVG: 155000 21.471 1.93756 -2.64813 0.159008 -23.3899 -23.5718 7.59278 -5.28711 3.46386
GPRESSAVG: 155000 21.4555 2.01592 -2.65966 0.154577 -23.4464 -23.4178 7.63897 -5.32111 3.4502
TIMING: 155000  CPU: 11203.9, 0.072494/step  Wall: 13095.9, 0.0830974/step, 2.19285 hours remaining, 133.448242 MB of memory in use.
ENERGY:  155000      8170.5787     40812.9450     28071.4962       477.9844        -442573.7186     12216.3628       319.7914         0.0000    115124.8333        -237379.7268       309.8385   -352504.5601   -237094.4053       309.5693         -13360.7770        40.0709   1686580.7923         0.5150         0.4864

WRITING EXTENDED SYSTEM TO RESTART FILE AT STEP 155000
WRITING COORDINATES TO DCD FILE AT STEP 155000
WRITING COORDINATES TO RESTART FILE AT STEP 155000
FINISHED WRITING RESTART COORDINATES
WRITING VELOCITIES TO RESTART FILE AT STEP 155000
FINISHED WRITING RESTART VELOCITIES
LDB: ============= START OF LOAD BALANCING ============== 13242.8
LDB: ============== END OF LOAD BALANCING =============== 13242.8

LDB: ============= START OF LOAD BALANCING ============== 13251.3
LDB: TIME 13251.3 LOAD: AVG 7.26068 MAX 7.58633  PROXIES: TOTAL 624 MAXPE 27 MAXPATCH 4 None 1.3031
LDB: TIME 13251.3 LOAD: AVG 7.26068 MAX 7.58633  PROXIES: TOTAL 624 MAXPE 27 MAXPATCH 4 RefineTorusLB 1.3031
LDB: ============== END OF LOAD BALANCING =============== 13251.3

PRESSURE: 160000 -13253.8 81.5077 154.004 78.6431 -13567.9 18.186 158.467 43.1693 -13328.1
GPRESSURE: 160000 152.964 33.3199 123.355 -10.8384 -187.424 -61.5408 135.328 0.990604 -23.886
PRESSAVG: 160000 14.198 -7.82577 7.1098 1.402 -0.0142888 20.9581 -4.3659 14.3873 2.10029
GPRESSAVG: 160000 14.1624 -7.93838 7.16607 1.35537 0.00979325 20.8163 -4.51511 14.469 2.13556
TIMING: 160000  CPU: 11565.5, 0.072326/step  Wall: 13511.2, 0.0830709/step, 2.07677 hours remaining, 135.407684 MB of memory in use.
ENERGY:  160000      8152.0335     40711.0100     27925.9095       536.1325        -441846.2390     11699.4417       286.7279         0.0000    114665.7951        -237869.1888       308.6031   -352534.9839   -237610.5022       309.9855         -13383.2627       -19.4486   1686176.7933         5.4280         5.4359

WRITING EXTENDED SYSTEM TO RESTART FILE AT STEP 160000
WRITING COORDINATES TO DCD FILE AT STEP 160000
WRITING COORDINATES TO RESTART FILE AT STEP 160000
FINISHED WRITING RESTART COORDINATES
WRITING VELOCITIES TO RESTART FILE AT STEP 160000
FINISHED WRITING RESTART VELOCITIES
LDB: ============= START OF LOAD BALANCING ============== 13574.7
LDB: ============== END OF LOAD BALANCING =============== 13574.7

LDB: ============= START OF LOAD BALANCING ============== 13583.1
LDB: TIME 13583.1 LOAD: AVG 7.23334 MAX 7.43979  PROXIES: TOTAL 624 MAXPE 27 MAXPATCH 4 None 1.28795
LDB: TIME 13583.1 LOAD: AVG 7.23334 MAX 7.43979  PROXIES: TOTAL 624 MAXPE 27 MAXPATCH 4 RefineTorusLB 1.28795
LDB: ============== END OF LOAD BALANCING =============== 13583.1

LDB: ============= START OF LOAD BALANCING ============== 13906.6
LDB: ============== END OF LOAD BALANCING =============== 13906.6

LDB: ============= START OF LOAD BALANCING ============== 13915
LDB: TIME 13915.1 LOAD: AVG 7.26001 MAX 7.44758  PROXIES: TOTAL 624 MAXPE 27 MAXPATCH 4 None 1.29465
LDB: TIME 13915.1 LOAD: AVG 7.26001 MAX 7.44758  PROXIES: TOTAL 624 MAXPE 27 MAXPATCH 4 RefineTorusLB 1.29465
LDB: ============== END OF LOAD BALANCING =============== 13915.1

PRESSURE: 165000 -13277.1 -194.33 73.8771 -135.007 -13627.1 116.685 22.1605 94.4337 -13546.5
GPRESSURE: 165000 138.494 -96.1053 43.8698 -38.4777 -162.967 25.2927 -21.7549 -31.9753 -216.072
PRESSAVG: 165000 21.5655 2.70677 23.4811 16.8484 -12.8612 21.9285 -0.283328 37.2556 13.2662
GPRESSAVG: 165000 21.5245 2.90995 23.3833 16.9461 -12.8647 21.8703 -0.094926 37.1479 13.2012
TIMING: 165000  CPU: 11929.4, 0.0727709/step  Wall: 13926.4, 0.0830468/step, 1.96083 hours remaining, 135.059509 MB of memory in use.
ENERGY:  165000      8035.5218     40549.7073     27948.0381       500.7836        -442426.0103     11698.9559       310.0599         0.0000    115216.6407        -238166.3030       310.0856   -353382.9437   -237879.0109       310.1009         -13483.5744       -80.1817   1685050.4115         7.3235         7.2870

WRITING EXTENDED SYSTEM TO RESTART FILE AT STEP 165000
WRITING COORDINATES TO DCD FILE AT STEP 165000
WRITING COORDINATES TO RESTART FILE AT STEP 165000
FINISHED WRITING RESTART COORDINATES
WRITING VELOCITIES TO RESTART FILE AT STEP 165000
FINISHED WRITING RESTART VELOCITIES
LDB: ============= START OF LOAD BALANCING ============== 14238.5
LDB: ============== END OF LOAD BALANCING =============== 14238.5

LDB: ============= START OF LOAD BALANCING ============== 14247.1
LDB: TIME 14247.1 LOAD: AVG 7.28038 MAX 7.52686  PROXIES: TOTAL 624 MAXPE 27 MAXPATCH 4 None 1.31432
LDB: TIME 14247.1 LOAD: AVG 7.28038 MAX 7.52686  PROXIES: TOTAL 624 MAXPE 27 MAXPATCH 4 RefineTorusLB 1.31432
LDB: ============== END OF LOAD BALANCING =============== 14247.1

PRESSURE: 170000 -13426.3 45.2588 -88.1364 48.8592 -13569.1 257.261 -86.9657 191.179 -13783.6
GPRESSURE: 170000 -29.3784 -39.1221 -52.6086 44.8529 -248.186 269.633 28.5098 128.281 -470.991
PRESSAVG: 170000 28.3162 -14.0745 -4.56701 -18.8584 -23.0762 18.3147 -4.59615 28.3125 3.36506
GPRESSAVG: 170000 28.3701 -14.0143 -4.63984 -18.7473 -23.2633 18.2723 -4.56413 28.2322 3.32902
TIMING: 170000  CPU: 12293, 0.0727279/step  Wall: 14342.2, 0.0831465/step, 1.8477 hours remaining, 134.178192 MB of memory in use.
ENERGY:  170000      8082.8214     40596.2952     27835.8583       509.8525        -441548.1020     11357.0812       303.4989         0.0000    114899.0921        -237963.6023       309.2310   -352862.6944   -237673.2858       309.8470         -13593.0101      -249.5185   1690531.6416         2.8684         2.8120

WRITING EXTENDED SYSTEM TO RESTART FILE AT STEP 170000
WRITING COORDINATES TO DCD FILE AT STEP 170000
WRITING COORDINATES TO RESTART FILE AT STEP 170000
FINISHED WRITING RESTART COORDINATES
WRITING VELOCITIES TO RESTART FILE AT STEP 170000
FINISHED WRITING RESTART VELOCITIES
LDB: ============= START OF LOAD BALANCING ============== 14571.9
LDB: ============== END OF LOAD BALANCING =============== 14571.9

LDB: ============= START OF LOAD BALANCING ============== 14580.4
LDB: TIME 14580.4 LOAD: AVG 7.27873 MAX 7.51753  PROXIES: TOTAL 624 MAXPE 27 MAXPATCH 4 None 1.30265
LDB: TIME 14580.4 LOAD: AVG 7.27873 MAX 7.51753  PROXIES: TOTAL 624 MAXPE 27 MAXPATCH 4 RefineTorusLB 1.30265
LDB: ============== END OF LOAD BALANCING =============== 14580.4

PRESSURE: 175000 -13170.4 57.5296 -71.3001 -37.0322 -13467.2 46.1297 -73.9813 11.1904 -13187.5
GPRESSURE: 175000 216.881 -17.6707 -25.8325 -73.272 15.316 111.912 -74.8012 70.5824 100.247
PRESSAVG: 175000 7.53448 -17.3523 13.9462 -21.0952 0.190809 36.3827 8.93621 32.907 -0.749682
GPRESSAVG: 175000 7.48124 -17.2075 14.101 -21.1553 0.196364 36.5409 8.8154 32.9026 -0.748652
TIMING: 175000  CPU: 12657.5, 0.0729013/step  Wall: 14758.4, 0.083253/step, 1.73444 hours remaining, 134.384735 MB of memory in use.
ENERGY:  175000      8091.4728     40545.8642     27954.0318       489.4159        -442201.6968     12057.8810       297.8080         0.0000    114677.6568        -238087.5662       308.6350   -352765.2230   -237801.6629       310.1240         -13275.0625       110.8144   1684796.6007         2.3252         2.3096

WRITING EXTENDED SYSTEM TO RESTART FILE AT STEP 175000
WRITING COORDINATES TO DCD FILE AT STEP 175000
WRITING COORDINATES TO RESTART FILE AT STEP 175000
FINISHED WRITING RESTART COORDINATES
WRITING VELOCITIES TO RESTART FILE AT STEP 175000
FINISHED WRITING RESTART VELOCITIES
LDB: ============= START OF LOAD BALANCING ============== 14904.8
LDB: ============== END OF LOAD BALANCING =============== 14904.8

LDB: ============= START OF LOAD BALANCING ============== 14913.4
LDB: TIME 14913.4 LOAD: AVG 7.26265 MAX 7.37857  PROXIES: TOTAL 624 MAXPE 27 MAXPATCH 4 None 1.30462
LDB: TIME 14913.4 LOAD: AVG 7.26265 MAX 7.37857  PROXIES: TOTAL 624 MAXPE 27 MAXPATCH 4 RefineTorusLB 1.30462
LDB: ============== END OF LOAD BALANCING =============== 14913.4

PRESSURE: 180000 -13248.6 -55.4778 -84.5624 -96.9435 -13359.7 130.49 -11.7809 167.901 -13086.6
GPRESSURE: 180000 102.884 5.28752 -59.6222 -49.4638 149.601 66.9241 19.3356 22.7152 265.75
PRESSAVG: 180000 22.0051 -2.57799 5.85986 -11.1746 -25.29 33.0558 4.31051 5.10081 -1.45245
GPRESSAVG: 180000 21.9534 -2.54198 5.87689 -11.101 -25.268 33.0155 4.36036 4.89481 -1.53442
TIMING: 180000  CPU: 13019.6, 0.0724092/step  Wall: 15173.7, 0.0830547/step, 1.61495 hours remaining, 133.988190 MB of memory in use.
ENERGY:  180000      7985.9379     40713.0854     27902.4050       509.2271        -442511.2756     11748.9184       320.5202         0.0000    114781.9697        -238549.2118       308.9158   -353331.1815   -238252.6540       309.6874         -13231.6497       172.7450   1683758.4090        -1.5791        -1.6163

WRITING EXTENDED SYSTEM TO RESTART FILE AT STEP 180000
WRITING COORDINATES TO DCD FILE AT STEP 180000
WRITING COORDINATES TO RESTART FILE AT STEP 180000
FINISHED WRITING RESTART COORDINATES
WRITING VELOCITIES TO RESTART FILE AT STEP 180000
FINISHED WRITING RESTART VELOCITIES
LDB: ============= START OF LOAD BALANCING ============== 15237.2
LDB: ============== END OF LOAD BALANCING =============== 15237.2

LDB: ============= START OF LOAD BALANCING ============== 15245.8
LDB: TIME 15245.8 LOAD: AVG 7.28057 MAX 7.49075  PROXIES: TOTAL 624 MAXPE 27 MAXPATCH 4 None 1.30915
LDB: TIME 15245.8 LOAD: AVG 7.28057 MAX 7.49075  PROXIES: TOTAL 624 MAXPE 27 MAXPATCH 4 RefineTorusLB 1.30915
LDB: ============== END OF LOAD BALANCING =============== 15245.9

LDB: ============= START OF LOAD BALANCING ============== 15570.4
LDB: ============== END OF LOAD BALANCING =============== 15570.4

LDB: ============= START OF LOAD BALANCING ============== 15579
LDB: TIME 15579 LOAD: AVG 7.27335 MAX 7.44674  PROXIES: TOTAL 624 MAXPE 27 MAXPATCH 4 None 1.30472
LDB: TIME 15579.1 LOAD: AVG 7.27335 MAX 7.44674  PROXIES: TOTAL 624 MAXPE 27 MAXPATCH 4 RefineTorusLB 1.30472
LDB: ============== END OF LOAD BALANCING =============== 15579.1

WRITING COORDINATES TO DCD FILE AT STEP 185000
WRITING COORDINATES TO RESTART FILE AT STEP 185000
FINISHED WRITING RESTART COORDINATES
PRESSURE: 185000 -13479.4 77.9474 -88.9694 66.0666 -13619.9 -256.887 -96.8582 -289.807 -13379.7
GPRESSURE: 185000 -56.4018 102.53 -119.043 137.693 -81.756 -168.351 -102.756 -249.171 -13.4444
PRESSAVG: 185000 8.73589 -2.73801 7.24626 -7.36281 -8.10859 3.33231 -18.7732 16.6623 1.65203
GPRESSAVG: 185000 8.75701 -2.67241 7.24508 -7.2366 -8.16099 3.50148 -18.8285 16.6093 1.66804
TIMING: 185000  CPU: 13382.3, 0.0725502/step  Wall: 15590.8, 0.083409/step, 1.50599 hours remaining, 133.549438 MB of memory in use.
ENERGY:  185000      8087.0914     40418.4714     27961.3881       516.8160        -442906.9385     11957.4254       302.8206         0.0000    114548.9304        -239113.9951       308.2886   -353662.9255   -238816.0134       309.6584         -13493.0177       -50.5340   1684132.3866         0.7598         0.7547

WRITING EXTENDED SYSTEM TO RESTART FILE AT STEP 185000
WRITING VELOCITIES TO RESTART FILE AT STEP 185000
FINISHED WRITING RESTART VELOCITIES
LDB: ============= START OF LOAD BALANCING ============== 15902.8
LDB: ============== END OF LOAD BALANCING =============== 15902.8

LDB: ============= START OF LOAD BALANCING ============== 15911.5
LDB: TIME 15911.5 LOAD: AVG 7.29295 MAX 7.52254  PROXIES: TOTAL 624 MAXPE 27 MAXPATCH 4 None 1.31796
LDB: TIME 15911.5 LOAD: AVG 7.29295 MAX 7.52254  PROXIES: TOTAL 624 MAXPE 27 MAXPATCH 4 RefineTorusLB 1.31796
LDB: ============== END OF LOAD BALANCING =============== 15911.5

PRESSURE: 190000 -13432.7 4.27133 14.2626 -2.78988 -13177.9 125.98 16.2094 54.1788 -13079.6
GPRESSURE: 190000 -65.4182 -7.96467 -33.6623 28.1443 223.811 79.699 -51.6572 79.0964 260.446
PRESSAVG: 190000 -7.42525 10.3302 -6.51868 -0.360291 0.362327 -2.28509 2.90923 13.0035 2.08178
GPRESSAVG: 190000 -7.49688 10.4024 -6.52088 -0.494777 0.402125 -2.35969 2.89659 13.1548 2.03176
TIMING: 190000  CPU: 13745.1, 0.072549/step  Wall: 16005.4, 0.0829306/step, 1.38218 hours remaining, 134.570251 MB of memory in use.
ENERGY:  190000      7980.0365     40705.0246     28018.6798       494.9604        -441742.2662     12175.8428       317.2972         0.0000    115283.7739        -236766.6510       310.2663   -352050.4250   -236492.5085       309.8612         -13230.0922       139.6130   1687428.2433        -1.6604        -1.6877

WRITING EXTENDED SYSTEM TO RESTART FILE AT STEP 190000
WRITING COORDINATES TO DCD FILE AT STEP 190000
WRITING COORDINATES TO RESTART FILE AT STEP 190000
FINISHED WRITING RESTART COORDINATES
WRITING VELOCITIES TO RESTART FILE AT STEP 190000
FINISHED WRITING RESTART VELOCITIES
LDB: ============= START OF LOAD BALANCING ============== 16235.7
LDB: ============== END OF LOAD BALANCING =============== 16235.7

LDB: ============= START OF LOAD BALANCING ============== 16244.3
LDB: TIME 16244.3 LOAD: AVG 7.28358 MAX 7.55291  PROXIES: TOTAL 624 MAXPE 27 MAXPATCH 4 None 1.31612
LDB: TIME 16244.3 LOAD: AVG 7.28358 MAX 7.55291  PROXIES: TOTAL 624 MAXPE 27 MAXPATCH 4 RefineTorusLB 1.31612
LDB: ============== END OF LOAD BALANCING =============== 16244.3

PRESSURE: 195000 -13466.3 0.682524 -146.141 15.7091 -13580.2 2.50869 -64.1238 -28.7866 -13388.2
GPRESSURE: 195000 -101.128 6.31313 -147.332 91.3865 -170.576 -40.4939 -42.3547 -106.627 20.2757
PRESSAVG: 195000 -10.166 -1.11307 -12.4739 -18.4426 15.9156 -14.1309 -5.65125 -0.751599 -1.36652
GPRESSAVG: 195000 -10.2478 -0.990267 -12.3241 -18.4331 15.8255 -13.9937 -5.37951 -0.936426 -1.35922
TIMING: 195000  CPU: 14108.1, 0.0725998/step  Wall: 16422.2, 0.0833656/step, 1.27364 hours remaining, 134.255310 MB of memory in use.
ENERGY:  195000      8040.6274     40353.3072     27980.9691       535.0229        -442126.8127     11450.1648       299.6869         0.0000    114844.8726        -238622.1617       309.0851   -353467.0343   -238329.0062       309.7490         -13478.2311       -83.8096   1684827.0373         1.4610         1.4062

WRITING EXTENDED SYSTEM TO RESTART FILE AT STEP 195000
WRITING COORDINATES TO DCD FILE AT STEP 195000
WRITING COORDINATES TO RESTART FILE AT STEP 195000
FINISHED WRITING RESTART COORDINATES
WRITING VELOCITIES TO RESTART FILE AT STEP 195000
FINISHED WRITING RESTART VELOCITIES
LDB: ============= START OF LOAD BALANCING ============== 16568.7
LDB: ============== END OF LOAD BALANCING =============== 16568.7

LDB: ============= START OF LOAD BALANCING ============== 16577.1
LDB: TIME 16577.1 LOAD: AVG 7.26007 MAX 7.49724  PROXIES: TOTAL 624 MAXPE 27 MAXPATCH 4 None 1.31154
LDB: TIME 16577.1 LOAD: AVG 7.26007 MAX 7.49724  PROXIES: TOTAL 624 MAXPE 27 MAXPATCH 4 RefineTorusLB 1.31154
LDB: ============== END OF LOAD BALANCING =============== 16577.1

WRITING COORDINATES TO DCD FILE AT STEP 200000
WRITING COORDINATES TO RESTART FILE AT STEP 200000
FINISHED WRITING RESTART COORDINATES
PRESSURE: 200000 -13273.4 -29.8 74.8427 0.422607 -13344.7 -177.279 103.319 -152.433 -13198.1
GPRESSURE: 200000 116.497 -29.7147 -44.6298 65.8337 108.779 -173.227 25.0774 -160.3 149.835
PRESSAVG: 200000 0.955826 -21.0367 2.31035 -13.5009 -2.50011 -1.59993 -1.37011 7.15741 -3.60476
GPRESSAVG: 200000 0.972104 -21.1619 2.21205 -13.3928 -2.44684 -1.49389 -1.60064 7.38091 -3.48176
TIMING: 200000  CPU: 14470.6, 0.072519/step  Wall: 16837.9, 0.0831374/step, 1.15469 hours remaining, 133.088287 MB of memory in use.
ETITLE:      TS           BOND          ANGLE          DIHED          IMPRP               ELECT            VDW       BOUNDARY           MISC        KINETIC               TOTAL           TEMP      POTENTIAL         TOTAL3        TEMPAVG            PRESSURE      GPRESSURE         VOLUME       PRESSAVG      GPRESSAVG

ENERGY:  200000      7947.7499     40816.9356     28011.3877       510.5433        -442208.2733     11935.9022       315.3141         0.0000    114945.5783        -237724.8621       309.3561   -352670.4404   -237424.0178       309.6911         -13272.0354       125.0368   1685904.7931        -1.7163        -1.6522

WRITING EXTENDED SYSTEM TO RESTART FILE AT STEP 200000
WRITING VELOCITIES TO RESTART FILE AT STEP 200000
FINISHED WRITING RESTART VELOCITIES
LDB: ============= START OF LOAD BALANCING ============== 16901.5
LDB: ============== END OF LOAD BALANCING =============== 16901.5

LDB: ============= START OF LOAD BALANCING ============== 16910.1
LDB: TIME 16910.1 LOAD: AVG 7.27821 MAX 7.46441  PROXIES: TOTAL 624 MAXPE 27 MAXPATCH 4 None 1.30655
LDB: TIME 16910.1 LOAD: AVG 7.27821 MAX 7.46441  PROXIES: TOTAL 624 MAXPE 27 MAXPATCH 4 RefineTorusLB 1.30655
LDB: ============== END OF LOAD BALANCING =============== 16910.1

LDB: ============= START OF LOAD BALANCING ============== 17235.3
LDB: ============== END OF LOAD BALANCING =============== 17235.3

LDB: ============= START OF LOAD BALANCING ============== 17244
LDB: TIME 17244 LOAD: AVG 7.27069 MAX 7.4571  PROXIES: TOTAL 624 MAXPE 27 MAXPATCH 4 None 1.29771
LDB: TIME 17244 LOAD: AVG 7.27069 MAX 7.4571  PROXIES: TOTAL 624 MAXPE 27 MAXPATCH 4 RefineTorusLB 1.29771
LDB: ============== END OF LOAD BALANCING =============== 17244

PRESSURE: 205000 -13408.8 -175.556 286.802 -151.852 -13430.8 70.4364 281.006 67.3 -13564.5
GPRESSURE: 205000 -11.3167 -109.503 248.787 -83.9769 -78.2359 114.51 135.457 151.278 -128.835
PRESSAVG: 205000 17.9791 -16.166 -16.3303 -12.2024 -12.9251 -15.3329 6.50997 -5.73481 3.70133
GPRESSAVG: 205000 17.7997 -16.1681 -16.1077 -12.193 -12.9096 -15.2992 6.58279 -5.73151 3.70814
TIMING: 205000  CPU: 14832.7, 0.0724188/step  Wall: 17255.7, 0.083562/step, 1.04452 hours remaining, 134.986542 MB of memory in use.
ENERGY:  205000      8013.8438     40567.6315     27870.2946       528.3663        -442106.8232     11630.6441       307.9645         0.0000    114522.3529        -238665.7255       308.2170   -353188.0784   -238372.9991       309.5412         -13468.0169       -72.7957   1685654.5719         2.9185         2.8661

WRITING EXTENDED SYSTEM TO RESTART FILE AT STEP 205000
WRITING COORDINATES TO DCD FILE AT STEP 205000
WRITING COORDINATES TO RESTART FILE AT STEP 205000
FINISHED WRITING RESTART COORDINATES
WRITING VELOCITIES TO RESTART FILE AT STEP 205000
FINISHED WRITING RESTART VELOCITIES
LDB: ============= START OF LOAD BALANCING ============== 17569.2
LDB: ============== END OF LOAD BALANCING =============== 17569.2

LDB: ============= START OF LOAD BALANCING ============== 17577.6
LDB: TIME 17577.6 LOAD: AVG 7.28283 MAX 7.54286  PROXIES: TOTAL 624 MAXPE 27 MAXPATCH 4 None 1.32135
LDB: TIME 17577.6 LOAD: AVG 7.28283 MAX 7.54286  PROXIES: TOTAL 624 MAXPE 27 MAXPATCH 4 RefineTorusLB 1.32135
LDB: ============== END OF LOAD BALANCING =============== 17577.6

PRESSURE: 210000 -13298 87.0144 95.4329 77.5351 -13635.8 69.4709 116.029 105.448 -13384.8
GPRESSURE: 210000 117.797 -31.4816 116.158 -18.8006 -144.898 85.6364 48.8097 67.8423 -134.875
PRESSAVG: 210000 18.0411 -3.51601 35.4249 1.27041 -19.8659 -12.9894 23.1951 13.0931 0.170663
GPRESSAVG: 210000 18.2289 -3.52186 35.4903 1.11953 -19.9779 -12.7596 23.2968 12.8978 0.273315
TIMING: 210000  CPU: 15195.3, 0.072505/step  Wall: 17672.3, 0.0833225/step, 0.925805 hours remaining, 134.192688 MB of memory in use.
ENERGY:  210000      8058.3775     40576.4678     27827.3951       501.2084        -442029.4262     11449.8490       313.4811         0.0000    115113.4676        -238189.1798       309.8079   -353302.6474   -237890.0680       309.8622         -13439.5667       -53.9920   1685467.1814        -0.5514        -0.4919

WRITING EXTENDED SYSTEM TO RESTART FILE AT STEP 210000
WRITING COORDINATES TO DCD FILE AT STEP 210000
WRITING COORDINATES TO RESTART FILE AT STEP 210000
FINISHED WRITING RESTART COORDINATES
WRITING VELOCITIES TO RESTART FILE AT STEP 210000
FINISHED WRITING RESTART VELOCITIES
LDB: ============= START OF LOAD BALANCING ============== 17902.2
LDB: ============== END OF LOAD BALANCING =============== 17902.2

LDB: ============= START OF LOAD BALANCING ============== 17910.7
LDB: TIME 17910.7 LOAD: AVG 7.26205 MAX 7.46268  PROXIES: TOTAL 624 MAXPE 27 MAXPATCH 4 None 1.29353
LDB: TIME 17910.7 LOAD: AVG 7.26205 MAX 7.46268  PROXIES: TOTAL 624 MAXPE 27 MAXPATCH 4 RefineTorusLB 1.29353
LDB: ============== END OF LOAD BALANCING =============== 17910.7

PRESSURE: 215000 -13377.7 -68.1631 -2.09116 -70.9203 -13533.9 -99.3097 10.2754 -56.1006 -13220
GPRESSURE: 215000 42.837 -6.94999 -55.3206 -66.7153 -116.227 -7.50546 20.7119 -17.5302 117.816
PRESSAVG: 215000 13.8659 -5.8693 26.441 8.488 -10.5934 -22.7777 12.1636 -2.94699 -0.385884
GPRESSAVG: 215000 13.7102 -5.79108 26.3869 8.50847 -10.438 -22.7567 12.2421 -3.00798 -0.457146
TIMING: 215000  CPU: 15559.4, 0.0728239/step  Wall: 18089.2, 0.0833654/step, 0.810497 hours remaining, 135.278320 MB of memory in use.
ENERGY:  215000      8048.3021     40656.2373     27844.9605       539.4843        -442006.6861     11625.5996       297.7966         0.0000    115092.2350        -237902.0707       309.7508   -352994.3057   -237601.4375       309.8683         -13377.2251        14.8088   1686283.4365         0.9622         0.9383

WRITING EXTENDED SYSTEM TO RESTART FILE AT STEP 215000
WRITING COORDINATES TO DCD FILE AT STEP 215000
WRITING COORDINATES TO RESTART FILE AT STEP 215000
FINISHED WRITING RESTART COORDINATES
WRITING VELOCITIES TO RESTART FILE AT STEP 215000
FINISHED WRITING RESTART VELOCITIES
LDB: ============= START OF LOAD BALANCING ============== 18235.5
LDB: ============== END OF LOAD BALANCING =============== 18235.5

LDB: ============= START OF LOAD BALANCING ============== 18244.1
LDB: TIME 18244.1 LOAD: AVG 7.2744 MAX 7.62532  PROXIES: TOTAL 624 MAXPE 27 MAXPATCH 4 None 1.31367
LDB: TIME 18244.1 LOAD: AVG 7.2744 MAX 7.62532  PROXIES: TOTAL 624 MAXPE 27 MAXPATCH 4 RefineTorusLB 1.31367
LDB: ============== END OF LOAD BALANCING =============== 18244.1

WRITING COORDINATES TO DCD FILE AT STEP 220000
WRITING COORDINATES TO RESTART FILE AT STEP 220000
FINISHED WRITING RESTART COORDINATES
WRITING VELOCITIES TO RESTART FILE AT STEP 220000
FINISHED WRITING RESTART VELOCITIES
PRESSURE: 220000 -13284.5 -25.5658 -78.5573 -12.3318 -13293.9 128.36 -73.7311 132.949 -13057
GPRESSURE: 220000 187.476 -174.033 -30.7283 -22.381 184.134 131.98 -28.5482 106.155 225.957
PRESSAVG: 220000 -5.59991 -36.2947 15.9392 -36.6697 6.00385 0.643274 24.1685 -3.83956 1.79036
GPRESSAVG: 220000 -5.58396 -36.4446 15.9635 -36.6637 5.9928 0.676966 24.3874 -3.82234 1.88799
TIMING: 220000  CPU: 15922, 0.0725206/step  Wall: 18504.4, 0.0830407/step, 0.692006 hours remaining, 133.737213 MB of memory in use.
ENERGY:  220000      8048.9251     40548.8257     27739.2169       498.0259        -442326.4697     12100.8324       294.1738         0.0000    114836.2517        -238260.2182       309.0619   -353096.4699   -237967.2038       309.8959         -13211.7981       199.1890   1686003.8584         0.7314         0.7656

WRITING EXTENDED SYSTEM TO RESTART FILE AT STEP 220000
LDB: ============= START OF LOAD BALANCING ============== 18567.5
LDB: ============== END OF LOAD BALANCING =============== 18567.5

LDB: ============= START OF LOAD BALANCING ============== 18576
LDB: TIME 18576 LOAD: AVG 7.26182 MAX 7.54383  PROXIES: TOTAL 624 MAXPE 27 MAXPATCH 4 None 1.3035
LDB: TIME 18576 LOAD: AVG 7.26182 MAX 7.54383  PROXIES: TOTAL 624 MAXPE 27 MAXPATCH 4 RefineTorusLB 1.3035
LDB: ============== END OF LOAD BALANCING =============== 18576

LDB: ============= START OF LOAD BALANCING ============== 18900.8
LDB: ============== END OF LOAD BALANCING =============== 18900.8

LDB: ============= START OF LOAD BALANCING ============== 18909.3
LDB: TIME 18909.3 LOAD: AVG 7.28913 MAX 7.52605  PROXIES: TOTAL 624 MAXPE 27 MAXPATCH 4 None 1.32469
LDB: TIME 18909.4 LOAD: AVG 7.28913 MAX 7.52605  PROXIES: TOTAL 624 MAXPE 27 MAXPATCH 4 RefineTorusLB 1.32469
LDB: ============== END OF LOAD BALANCING =============== 18909.4

PRESSURE: 225000 -13500.5 132.654 -28.8332 117.99 -13509.3 -20.4012 -59.8362 20.9638 -13450.7
GPRESSURE: 225000 -127.23 118.707 -33.5138 100.904 -120.018 -39.4278 -94.7451 -8.90409 -77.7624
PRESSAVG: 225000 1.6452 -29.1813 25.0083 -25.8497 2.47313 6.01562 5.28127 7.48806 -4.48549
GPRESSAVG: 225000 1.63177 -29.0849 25.0585 -26.0326 2.50251 5.86627 5.24369 7.64675 -4.62303
TIMING: 225000  CPU: 16285.1, 0.0726292/step  Wall: 18920.9, 0.0833024/step, 0.578489 hours remaining, 132.913971 MB of memory in use.
ENERGY:  225000      8080.0771     40674.5556     27887.5243       500.7383        -442048.6491     11541.1995       318.6626         0.0000    115237.2762        -237808.6155       310.1411   -353045.8917   -237511.3536       309.8195         -13486.8349      -108.3367   1687799.0676        -0.1224        -0.1629

WRITING EXTENDED SYSTEM TO RESTART FILE AT STEP 225000
WRITING COORDINATES TO DCD FILE AT STEP 225000
WRITING COORDINATES TO RESTART FILE AT STEP 225000
FINISHED WRITING RESTART COORDINATES
WRITING VELOCITIES TO RESTART FILE AT STEP 225000
FINISHED WRITING RESTART VELOCITIES
LDB: ============= START OF LOAD BALANCING ============== 19233.6
LDB: ============== END OF LOAD BALANCING =============== 19233.6

LDB: ============= START OF LOAD BALANCING ============== 19242.1
LDB: TIME 19242.1 LOAD: AVG 7.25497 MAX 7.49733  PROXIES: TOTAL 624 MAXPE 27 MAXPATCH 4 None 1.29967
LDB: TIME 19242.1 LOAD: AVG 7.25497 MAX 7.49733  PROXIES: TOTAL 624 MAXPE 27 MAXPATCH 4 RefineTorusLB 1.29967
LDB: ============== END OF LOAD BALANCING =============== 19242.1

PRESSURE: 230000 -13434.2 54.8955 -49.983 -0.159954 -13327.9 -80.3023 -27.571 -51.3088 -12845.3
GPRESSURE: 230000 59.2412 105.215 28.1782 6.36777 195.365 -48.6832 40.9142 -5.32912 389.348
PRESSAVG: 230000 -5.55615 -22.9836 0.928949 -39.9607 16.9655 -1.62956 -4.62631 -12.4824 2.00236
GPRESSAVG: 230000 -5.48462 -23.1816 0.960624 -39.7551 16.9996 -1.40612 -4.63433 -12.3858 2.23152
TIMING: 230000  CPU: 16647.1, 0.0723978/step  Wall: 19337, 0.0832214/step, 0.462341 hours remaining, 135.324799 MB of memory in use.
ENERGY:  230000      8036.5308     40616.7110     27845.9641       459.5105        -443062.5270     12491.8726       306.3280         0.0000    114693.9379        -238611.6720       308.6788   -353305.6099   -238320.5788       309.8873         -13202.4788       214.6514   1685958.3820         4.4706         4.5822

WRITING EXTENDED SYSTEM TO RESTART FILE AT STEP 230000
WRITING COORDINATES TO DCD FILE AT STEP 230000
WRITING COORDINATES TO RESTART FILE AT STEP 230000
FINISHED WRITING RESTART COORDINATES
WRITING VELOCITIES TO RESTART FILE AT STEP 230000
FINISHED WRITING RESTART VELOCITIES
LDB: ============= START OF LOAD BALANCING ============== 19567
LDB: ============== END OF LOAD BALANCING =============== 19567

LDB: ============= START OF LOAD BALANCING ============== 19575.7
LDB: TIME 19575.7 LOAD: AVG 7.28601 MAX 7.68352  PROXIES: TOTAL 624 MAXPE 27 MAXPATCH 4 None 1.3078
LDB: TIME 19575.8 LOAD: AVG 7.28601 MAX 7.64915  PROXIES: TOTAL 624 MAXPE 27 MAXPATCH 4 RefineTorusLB 1.3078
LDB: ============== END OF LOAD BALANCING =============== 19575.8

PRESSURE: 235000 -13413.2 -162.169 -92.0992 -220.31 -13348.9 42.2775 -84.3588 13.4589 -13329
GPRESSURE: 235000 -19.9242 -174.891 -112.088 -159.17 63.3867 -48.8907 -80.3804 -27.8504 -24.0481
PRESSAVG: 235000 8.98208 -6.43502 -14.9036 -37.6379 -2.7616 -12.9638 -15.1619 -0.103025 0.951307
GPRESSAVG: 235000 9.03652 -6.37884 -15.1222 -37.6046 -2.86294 -12.9637 -15.2461 -0.160093 0.904134
TIMING: 235000  CPU: 17012.2, 0.0730245/step  Wall: 19753.6, 0.0833286/step, 0.347203 hours remaining, 134.556610 MB of memory in use.
ENERGY:  235000      8172.9316     40468.1766     27809.6370       480.0975        -441815.2487     11965.5595       309.4515         0.0000    115113.9006        -237495.4944       309.8091   -352609.3950   -237189.8387       309.9167         -13363.7000         6.4715   1688286.2076         2.3906         2.3592

WRITING EXTENDED SYSTEM TO RESTART FILE AT STEP 235000
WRITING COORDINATES TO DCD FILE AT STEP 235000
WRITING COORDINATES TO RESTART FILE AT STEP 235000
FINISHED WRITING RESTART COORDINATES
WRITING VELOCITIES TO RESTART FILE AT STEP 235000
FINISHED WRITING RESTART VELOCITIES
LDB: ============= START OF LOAD BALANCING ============== 19900.7
LDB: ============== END OF LOAD BALANCING =============== 19900.7

LDB: ============= START OF LOAD BALANCING ============== 19909.1
LDB: TIME 19909.2 LOAD: AVG 7.26084 MAX 7.45014  PROXIES: TOTAL 624 MAXPE 27 MAXPATCH 4 None 1.30286
LDB: TIME 19909.2 LOAD: AVG 7.26084 MAX 7.45014  PROXIES: TOTAL 624 MAXPE 27 MAXPATCH 4 RefineTorusLB 1.30286
LDB: ============== END OF LOAD BALANCING =============== 19909.2

PRESSURE: 240000 -13174.3 -18.9802 -16.2988 13.3801 -13554.7 96.5979 -58.1794 74.0135 -13249.1
GPRESSURE: 240000 274.548 -31.3208 86.6958 30.605 -135.459 141.525 -25.9713 -57.9291 101.811
PRESSAVG: 240000 3.40091 -10.0439 -2.54135 -38.1029 9.96516 -10.2283 -5.38726 -25.7548 4.74298
GPRESSAVG: 240000 3.43955 -10.1827 -2.366 -37.995 10.0374 -10.1954 -5.33708 -25.9718 4.87574
TIMING: 240000  CPU: 17374.6, 0.0724798/step  Wall: 20169.5, 0.0831674/step, 0.231021 hours remaining, 135.510162 MB of memory in use.
ENERGY:  240000      8063.6259     40707.3861     27937.4748       508.6862        -442386.8244     12458.8020       317.5516         0.0000    115010.4253        -237382.8726       309.5306   -352393.2979   -237079.7421       309.8696         -13326.0460        80.2997   1686640.0464         6.0363         6.1176

WRITING EXTENDED SYSTEM TO RESTART FILE AT STEP 240000
WRITING COORDINATES TO DCD FILE AT STEP 240000
WRITING COORDINATES TO RESTART FILE AT STEP 240000
FINISHED WRITING RESTART COORDINATES
WRITING VELOCITIES TO RESTART FILE AT STEP 240000
FINISHED WRITING RESTART VELOCITIES
LDB: ============= START OF LOAD BALANCING ============== 20232.8
LDB: ============== END OF LOAD BALANCING =============== 20232.8

LDB: ============= START OF LOAD BALANCING ============== 20241.4
LDB: TIME 20241.4 LOAD: AVG 7.26483 MAX 7.45502  PROXIES: TOTAL 624 MAXPE 27 MAXPATCH 4 None 1.30332
LDB: TIME 20241.4 LOAD: AVG 7.26483 MAX 7.45502  PROXIES: TOTAL 624 MAXPE 27 MAXPATCH 4 RefineTorusLB 1.30332
LDB: ============== END OF LOAD BALANCING =============== 20241.4

LDB: ============= START OF LOAD BALANCING ============== 20564.8
LDB: ============== END OF LOAD BALANCING =============== 20564.8

LDB: ============= START OF LOAD BALANCING ============== 20573.4
LDB: TIME 20573.4 LOAD: AVG 7.26843 MAX 7.45284  PROXIES: TOTAL 624 MAXPE 27 MAXPATCH 4 None 1.30323
LDB: TIME 20573.5 LOAD: AVG 7.26843 MAX 7.45284  PROXIES: TOTAL 624 MAXPE 27 MAXPATCH 4 RefineTorusLB 1.30323
LDB: ============== END OF LOAD BALANCING =============== 20573.5

WRITING COORDINATES TO DCD FILE AT STEP 245000
WRITING COORDINATES TO RESTART FILE AT STEP 245000
FINISHED WRITING RESTART COORDINATES
PRESSURE: 245000 -13398.3 82.6435 148.08 112.691 -13323.3 23.0904 156.174 38.3924 -13223.4
GPRESSURE: 245000 104.467 9.33763 176.047 49.2991 171.272 -6.19817 79.0056 -15.3276 38.6516
PRESSAVG: 245000 10.2288 -5.81762 -31.8969 -25.304 -10.0861 11.8641 -15.0293 4.61978 0.0842997
GPRESSAVG: 245000 10.2415 -5.92413 -32.2095 -25.2345 -10.0302 11.9086 -15.041 4.53229 0.0366381
TIMING: 245000  CPU: 17737.2, 0.0725042/step  Wall: 20585, 0.0831046/step, 0.115423 hours remaining, 133.466797 MB of memory in use.
ENERGY:  245000      8076.7487     40595.9482     27916.4093       536.8017        -442335.8787     11960.9485       322.3392         0.0000    114862.2899        -238064.3933       309.1319   -352926.6832   -237771.6374       310.0930         -13315.0145       104.7967   1683493.6539         0.0757         0.0827

WRITING EXTENDED SYSTEM TO RESTART FILE AT STEP 245000
WRITING VELOCITIES TO RESTART FILE AT STEP 245000
FINISHED WRITING RESTART VELOCITIES
LDB: ============= START OF LOAD BALANCING ============== 20898.4
LDB: ============== END OF LOAD BALANCING =============== 20898.4

LDB: ============= START OF LOAD BALANCING ============== 20906.9
LDB: TIME 20906.9 LOAD: AVG 7.26718 MAX 7.66214  PROXIES: TOTAL 624 MAXPE 27 MAXPATCH 4 None 1.31141
LDB: TIME 20907 LOAD: AVG 7.26718 MAX 7.62142  PROXIES: TOTAL 624 MAXPE 27 MAXPATCH 4 RefineTorusLB 1.31141
LDB: ============== END OF LOAD BALANCING =============== 20907

PRESSURE: 250000 -13420.1 -152.852 -47.3344 -168.205 -13455.3 3.28243 49.1465 67.7103 -13613.3
GPRESSURE: 250000 -99.0479 -158.5 -82.6256 -85.6058 -86.4583 -46.6985 39.8993 131.882 -168.528
PRESSAVG: 250000 19.8802 -2.41508 -14.5818 -16.1761 -7.6324 -3.44802 4.23737 2.66443 2.83497
GPRESSAVG: 250000 19.6676 -2.34556 -14.6687 -16.2881 -7.49281 -3.52731 4.07459 2.71618 2.97415
TIMING: 250000  CPU: 18099.3, 0.0724308/step  Wall: 21002.5, 0.083504/step, 0 hours remaining, 132.816467 MB of memory in use.
ETITLE:      TS           BOND          ANGLE          DIHED          IMPRP               ELECT            VDW       BOUNDARY           MISC        KINETIC               TOTAL           TEMP      POTENTIAL         TOTAL3        TEMPAVG            PRESSURE      GPRESSURE         VOLUME       PRESSAVG      GPRESSAVG

ENERGY:  250000      7995.7315     40791.4428     27807.8943       493.4418        -441836.1647     11323.9065       312.2679         0.0000    115335.5569        -237775.9230       310.4056   -353111.4799   -237451.0460       309.8140         -13496.2159      -118.0112   1684876.8485         5.0276         5.0496

WRITING EXTENDED SYSTEM TO RESTART FILE AT STEP 250000
WRITING COORDINATES TO DCD FILE AT STEP 250000
WRITING COORDINATES TO RESTART FILE AT STEP 250000
FINISHED WRITING RESTART COORDINATES
WRITING VELOCITIES TO RESTART FILE AT STEP 250000
FINISHED WRITING RESTART VELOCITIES
WRITING EXTENDED SYSTEM TO OUTPUT FILE AT STEP 250000
CLOSING EXTENDED SYSTEM TRAJECTORY FILE
WRITING COORDINATES TO OUTPUT FILE AT STEP 250000
CLOSING COORDINATE DCD FILE
WRITING VELOCITIES TO OUTPUT FILE AT STEP 250000
====================================================

WallClock: 21042.474609  CPUTime: 18134.744141  Memory: 131.551117 MB
