18425: Tue May  6 11:58:16 EDT 2014: Entering /tmp/24921.1.standard.q/ssh with args node062.pug.mib.pbtech -l jam2079 /bin/sh -f
18441: Tue May  6 11:58:16 EDT 2014: Entering /tmp/24921.1.standard.q/ssh with args node062.pug.mib.pbtech -l jam2079 /bin/sh -f
18427: Tue May  6 11:58:16 EDT 2014: Entering /tmp/24921.1.standard.q/ssh with args node062.pug.mib.pbtech -l jam2079 /bin/sh -f
18423: Tue May  6 11:58:16 EDT 2014: Entering /tmp/24921.1.standard.q/ssh with args node062.pug.mib.pbtech -l jam2079 /bin/sh -f
18438: Tue May  6 11:58:16 EDT 2014: Entering /tmp/24921.1.standard.q/ssh with args node034.pug.mib.pbtech -l jam2079 /bin/sh -f
18431: Tue May  6 11:58:16 EDT 2014: Entering /tmp/24921.1.standard.q/ssh with args node062.pug.mib.pbtech -l jam2079 /bin/sh -f
18444: Tue May  6 11:58:16 EDT 2014: Entering /tmp/24921.1.standard.q/ssh with args node034.pug.mib.pbtech -l jam2079 /bin/sh -f
18443: Tue May  6 11:58:16 EDT 2014: Entering /tmp/24921.1.standard.q/ssh with args node062.pug.mib.pbtech -l jam2079 /bin/sh -f
18437: Tue May  6 11:58:17 EDT 2014: Exiting /tmp/24921.1.standard.q/ssh
18444: Tue May  6 11:58:18 EDT 2014: Exiting /tmp/24921.1.standard.q/ssh
18433: Tue May  6 11:58:21 EDT 2014: Exiting /tmp/24921.1.standard.q/ssh
18435: Tue May  6 11:58:22 EDT 2014: Exiting /tmp/24921.1.standard.q/ssh
18427: Tue May  6 11:58:25 EDT 2014: Exiting /tmp/24921.1.standard.q/ssh
18438: Tue May  6 11:58:26 EDT 2014: Exiting /tmp/24921.1.standard.q/ssh
18441: Tue May  6 11:58:27 EDT 2014: Exiting /tmp/24921.1.standard.q/ssh
18432: Tue May  6 11:58:28 EDT 2014: Exiting /tmp/24921.1.standard.q/ssh
18424: Tue May  6 11:58:28 EDT 2014: Exiting /tmp/24921.1.standard.q/ssh
18429: Tue May  6 11:58:29 EDT 2014: Exiting /tmp/24921.1.standard.q/ssh
18430: Tue May  6 11:58:29 EDT 2014: Exiting /tmp/24921.1.standard.q/ssh
18440: Tue May  6 11:58:30 EDT 2014: Exiting /tmp/24921.1.standard.q/ssh
18421: Tue May  6 11:58:31 EDT 2014: Exiting /tmp/24921.1.standard.q/ssh
18425: Tue May  6 11:58:31 EDT 2014: Exiting /tmp/24921.1.standard.q/ssh
18426: Tue May  6 11:58:32 EDT 2014: Exiting /tmp/24921.1.standard.q/ssh
18423: Tue May  6 11:58:34 EDT 2014: Exiting /tmp/24921.1.standard.q/ssh
18443: Tue May  6 11:58:35 EDT 2014: Exiting /tmp/24921.1.standard.q/ssh
18436: Tue May  6 11:58:35 EDT 2014: Exiting /tmp/24921.1.standard.q/ssh
18434: Tue May  6 11:58:38 EDT 2014: Exiting /tmp/24921.1.standard.q/ssh
18422: Tue May  6 11:58:38 EDT 2014: Exiting /tmp/24921.1.standard.q/ssh
18428: Tue May  6 11:58:39 EDT 2014: Exiting /tmp/24921.1.standard.q/ssh
18431: Tue May  6 11:58:39 EDT 2014: Exiting /tmp/24921.1.standard.q/ssh
18439: Tue May  6 11:58:40 EDT 2014: Exiting /tmp/24921.1.standard.q/ssh
18442: Tue May  6 11:58:41 EDT 2014: Exiting /tmp/24921.1.standard.q/ssh
Warning> Randomization of stack pointer is turned on in kernel.
Charm++> synchronizing isomalloc memory region...
[0] consolidated Isomalloc memory region: 0x2bad40000000 - 0x7ffb00000000 (88398848 megs)
Charm++: scheduler running in netpoll mode.
Charm++> Running on 2 unique compute nodes (12-way SMP).
Charm++> Cpu topology info:
PE to node map: 0 1 0 1 0 1 0 1 0 1 0 1 0 1 0 1 0 1 0 1 0 1 0 1 
Node to PE map:
Chip #0: 0 2 4 6 8 10 12 14 16 18 20 22 
Chip #1: 1 3 5 7 9 11 13 15 17 19 21 23 
Charm++> cpu topology info is gathered in 0.058 seconds.
Info: NAMD 2.7 for Linux-x86_64
Info: 
Info: Please visit http://www.ks.uiuc.edu/Research/namd/
Info: and send feedback or bug reports to namd@ks.uiuc.edu
Info: 
Info: Please cite Phillips et al., J. Comp. Chem. 26:1781-1802 (2005)
Info: in all publications reporting results obtained with NAMD.
Info: 
Info: Based on Charm++/Converse 60202 for net-linux-x86_64
Info: Built Fri Jun 17 11:23:43 EDT 2011 by jason on node026.pug.pbtech
Info: 1 NAMD  2.7  Linux-x86_64  24    node062.pug.pbtech  jam2079
Info: Running on 24 processors.
Info: CPU topology information available.
Info: Charm++/Converse parallel runtime startup completed at 0.1999 s
Info: 1.64034 MB of memory in use based on CmiMemoryUsage
Info: Changed directory to phase2a
Info: Configuration file is rho_equil_phase2a4.np.in
TCL: Suspending until startup complete.
Info: EXTENDED SYSTEM FILE   /home/jam2079/Pathrover/2x79/phase2a/dat_equil_phase2a3.restart.xsc
Info: SIMULATION PARAMETERS:
Info: TIMESTEP               1
Info: NUMBER OF STEPS        0
Info: STEPS PER CYCLE        20
Info: PERIODIC CELL BASIS 1  123.658 0 0
Info: PERIODIC CELL BASIS 2  0 124.766 0
Info: PERIODIC CELL BASIS 3  0 0 110.648
Info: PERIODIC CELL CENTER   -0.424 0.217 0.822
Info: WRAPPING ALL CLUSTERS AROUND PERIODIC BOUNDARIES ON OUTPUT.
Info: LOAD BALANCER  Centralized
Info: LOAD BALANCING STRATEGY  New Load Balancers -- ASB
Info: LDB PERIOD             4000 steps
Info: FIRST LDB TIMESTEP     100
Info: LAST LDB TIMESTEP     -1
Info: LDB BACKGROUND SCALING 1
Info: HOM BACKGROUND SCALING 1
Info: PME BACKGROUND SCALING 1
Info: MAX SELF PARTITIONS    20
Info: MAX PAIR PARTITIONS    8
Info: SELF PARTITION ATOMS   154
Info: SELF2 PARTITION ATOMS   154
Info: PAIR PARTITION ATOMS   318
Info: PAIR2 PARTITION ATOMS  637
Info: MIN ATOMS PER PATCH    100
Info: VELOCITY FILE          /home/jam2079/Pathrover/2x79/phase2a/dat_equil_phase2a3.restart.vel
Info: CENTER OF MASS MOVING INITIALLY? NO
Info: DIELECTRIC             1
Info: EXCLUDE                SCALED ONE-FOUR
Info: 1-4 ELECTROSTATICS SCALED BY 1
Info: MODIFIED 1-4 VDW PARAMETERS WILL BE USED
Info: DCD FILENAME           ./dat_equil_phase2a4.np.dcd
Info: DCD FREQUENCY          5000
Info: DCD FIRST STEP         5000
Info: DCD FILE WILL CONTAIN UNIT CELL DATA
Info: XST FILENAME           ./dat_equil_phase2a4.np.xst
Info: XST FREQUENCY          5000
Info: NO VELOCITY DCD OUTPUT
Info: OUTPUT FILENAME        ./dat_equil_phase2a4.np
Info: RESTART FILENAME       ./dat_equil_phase2a4.np.restart
Info: RESTART FREQUENCY      5000
Info: BINARY RESTART FILES WILL BE USED
Info: SWITCHING ACTIVE
Info: SWITCHING ON           10
Info: SWITCHING OFF          12
Info: PAIRLIST DISTANCE      13.5
Info: PAIRLIST SHRINK RATE   0.01
Info: PAIRLIST GROW RATE     0.01
Info: PAIRLIST TRIGGER       0.3
Info: PAIRLISTS PER CYCLE    2
Info: PAIRLISTS ENABLED
Info: MARGIN                 1.5
Info: HYDROGEN GROUP CUTOFF  2.5
Info: PATCH DIMENSION        17.5
Info: ENERGY OUTPUT STEPS    5000
Info: CROSSTERM ENERGY INCLUDED IN DIHEDRAL
Info: TIMING OUTPUT STEPS    5000
Info: PRESSURE OUTPUT STEPS  5000
Info: HARMONIC CONSTRAINTS ACTIVE
Info: HARMONIC CONS EXP      2
Info: LANGEVIN DYNAMICS ACTIVE
Info: LANGEVIN TEMPERATURE   310
Info: LANGEVIN DAMPING COEFFICIENT IS 5 INVERSE PS
Info: LANGEVIN DYNAMICS NOT APPLIED TO HYDROGENS
Info: LANGEVIN PISTON PRESSURE CONTROL ACTIVE
Info:        TARGET PRESSURE IS 1.01325 BAR
Info:     OSCILLATION PERIOD IS 200 FS
Info:             DECAY TIME IS 50 FS
Info:     PISTON TEMPERATURE IS 310 K
Info:       PRESSURE CONTROL IS GROUP-BASED
Info:    INITIAL STRAIN RATE IS 5.26519e-06 5.26519e-06 1.14227e-05
Info:       CELL FLUCTUATION IS ANISOTROPIC
Info:     SHAPE OF CELL IS CONSTRAINED IN X-Y PLANE
Info: PARTICLE MESH EWALD (PME) ACTIVE
Info: PME TOLERANCE               1e-06
Info: PME EWALD COEFFICIENT       0.257952
Info: PME INTERPOLATION ORDER     4
Info: PME GRID DIMENSIONS         128 128 112
Info: PME MAXIMUM GRID SPACING    1
Info: Attempting to read FFTW data from FFTW_NAMD_2.7_Linux-x86_64.txt
Info: Optimizing 6 FFT steps.  1... 2... 3... 4... 5... 6...   Done.
Info: Writing FFTW data to FFTW_NAMD_2.7_Linux-x86_64.txt
Info: FULL ELECTROSTATIC EVALUATION FREQUENCY      4
Info: USING VERLET I (r-RESPA) MTS SCHEME.
Info: C1 SPLITTING OF LONG RANGE ELECTROSTATICS
Info: PLACING ATOMS IN PATCHES BY HYDROGEN GROUPS
Info: RIGID BONDS TO HYDROGEN : ALL
Info:         ERROR TOLERANCE : 1e-08
Info:          MAX ITERATIONS : 100
Info: RIGID WATER USING SETTLE ALGORITHM
Info: NONBONDED FORCES EVALUATED EVERY 2 STEPS
Info: RANDOM NUMBER SEED     1399391932
Info: USE HYDROGEN BONDS?    NO
Info: COORDINATE PDB         /home/jam2079/Pathrover/2x79/phase2a/dat_equil_phase2a3.coor
Info: STRUCTURE FILE         /home/jam2079/Pathrover/2x79/common/ionized.psf
Info: PARAMETER file: CHARMM format! 
Info: PARAMETERS             /home/jam2079/Pathrover/2x79/common/parameters_all.prm
Info: USING ARITHMETIC MEAN TO COMBINE L-J SIGMA PARAMETERS
Info: BINARY COORDINATES     /home/jam2079/Pathrover/2x79/phase2a/dat_equil_phase2a3.restart.coor
Info: SUMMARY OF PARAMETERS:
Info: 231 BONDS
Info: 615 ANGLES
Info: 936 DIHEDRAL
Info: 55 IMPROPER
Info: 6 CROSSTERM
Info: 152 VDW
Info: 0 VDW_PAIRS
Info: TIME FOR READING PSF FILE: 3.04592
Info: TIME FOR READING PDB FILE: 0.281302
Info: 
Info: Reading from binary file /home/jam2079/Pathrover/2x79/phase2a/dat_equil_phase2a3.restart.coor
Info: ****************************
Info: STRUCTURE SUMMARY:
Info: 173052 ATOMS
Info: 137795 BONDS
Info: 164816 ANGLES
Info: 181135 DIHEDRALS
Info: 2060 IMPROPERS
Info: 0 CROSSTERMS
Info: 0 EXCLUSIONS
Info: 1845 CONSTRAINTS
Info: 145197 RIGID BONDS
Info: 373959 DEGREES OF FREEDOM
Info: 62622 HYDROGEN GROUPS
Info: 4 ATOMS IN LARGEST HYDROGEN GROUP
Info: 62622 MIGRATION GROUPS
Info: 4 ATOMS IN LARGEST MIGRATION GROUP
Info: TOTAL MASS = 1.03371e+06 amu
Info: TOTAL CHARGE = 4.80842e-05 e
Info: MASS DENSITY = 1.00553 g/cm^3
Info: ATOM DENSITY = 0.101371 atoms/A^3
Info: *****************************
Info: 
Info: Entering startup at 4.20577 s, 49.6472 MB of memory in use
Info: Startup phase 0 took 0.0633678 s, 49.6435 MB of memory in use
Info: Startup phase 1 took 1.45562 s, 86.5839 MB of memory in use
Info: Startup phase 2 took 0.0419569 s, 87.9124 MB of memory in use
Info: PATCH GRID IS 7 (PERIODIC) BY 7 (PERIODIC) BY 6 (PERIODIC)
Info: PATCH GRID IS 1-AWAY BY 1-AWAY BY 1-AWAY
Info: Reading from binary file /home/jam2079/Pathrover/2x79/phase2a/dat_equil_phase2a3.restart.vel
Info: REMOVING COM VELOCITY -0.019782 -0.020331 -0.0284194
Info: LARGEST PATCH (120) HAS 658 ATOMS
Info: Startup phase 3 took 0.16965 s, 111.497 MB of memory in use
Info: PME using 22 and 22 processors for FFT and reciprocal sum.
Info: PME GRID LOCATIONS: 1 2 3 4 5 6 7 8 9 10 ...
Info: PME TRANS LOCATIONS: 1 2 3 4 5 6 7 8 9 10 ...
Info: Startup phase 4 took 0.065104 s, 111.498 MB of memory in use
Info: Startup phase 5 took 0.079272 s, 89.861 MB of memory in use
LDB: Central LB being created...
Info: Startup phase 6 took 2.4327 s, 89.9083 MB of memory in use
Info: CREATING 10005 COMPUTE OBJECTS
Info: useSync: 1 useProxySync: 0
Info: NONBONDED TABLE R-SQUARED SPACING: 0.0625
Info: NONBONDED TABLE SIZE: 769 POINTS
Info: Startup phase 7 took 0.048995 s, 93.0195 MB of memory in use
Info: Startup phase 8 took 0.000213861 s, 94.6594 MB of memory in use
Info: Finished startup at 8.56266 s, 94.6594 MB of memory in use

TCL: Running for 250000 steps
PRESSURE: 0 -13508 -8.15121 -98.3837 -29.9917 -13263.4 17.6799 -84.8972 59.5778 -13551.6
GPRESSURE: 0 -164.38 54.5299 -69.8281 -7.08767 -118.159 -26.2909 -57.1277 53.0259 -334.631
ETITLE:      TS           BOND          ANGLE          DIHED          IMPRP               ELECT            VDW       BOUNDARY           MISC        KINETIC               TOTAL           TEMP      POTENTIAL         TOTAL3        TEMPAVG            PRESSURE      GPRESSURE         VOLUME       PRESSAVG      GPRESSAVG

ENERGY:       0      8118.6967     40555.1364     27989.5236       534.2026        -441661.6868     12950.4406       317.9129         0.0000    114895.4489        -236300.3252       309.2212   -351195.7741   -236004.6674       309.2212         -13440.9699      -205.7236   1707112.0906    -13440.9699      -205.7236

OPENING EXTENDED SYSTEM TRAJECTORY FILE
LDB: ============= START OF LOAD BALANCING ============== 16.4937
LDB: ============== END OF LOAD BALANCING =============== 16.4946

Info: Initial time: 24 CPUs 0.0780267 s/step 0.903087 days/ns 113.081 MB memory
LDB: ============= START OF LOAD BALANCING ============== 24.3735
LDB: TIME 24.3781 LOAD: AVG 6.98831 MAX 7.37476  PROXIES: TOTAL 654 MAXPE 29 MAXPATCH 4 None 1.19122
LDB: TIME 24.4246 LOAD: AVG 6.98831 MAX 6.98901  PROXIES: TOTAL 654 MAXPE 29 MAXPATCH 4 TorusLB 1.19122
LDB: TIME 24.4247 LOAD: AVG 6.98831 MAX 6.98901  PROXIES: TOTAL 654 MAXPE 29 MAXPATCH 4 TorusLB 1.19122
LDB: ============== END OF LOAD BALANCING =============== 24.4465

Info: Initial time: 24 CPUs 0.0775137 s/step 0.897149 days/ns 112.516 MB memory
LDB: ============= START OF LOAD BALANCING ============== 32.7418
LDB: TIME 32.7464 LOAD: AVG 7.08766 MAX 7.27305  PROXIES: TOTAL 654 MAXPE 29 MAXPATCH 4 None 1.23263
LDB: TIME 32.7553 LOAD: AVG 7.08766 MAX 7.27305  PROXIES: TOTAL 654 MAXPE 29 MAXPATCH 4 RefineTorusLB 1.23263
LDB: ============== END OF LOAD BALANCING =============== 32.758

Info: Initial time: 24 CPUs 0.0806045 s/step 0.932923 days/ns 113.145 MB memory
LDB: ============= START OF LOAD BALANCING ============== 41.037
LDB: TIME 41.0417 LOAD: AVG 7.08613 MAX 7.21731  PROXIES: TOTAL 654 MAXPE 29 MAXPATCH 4 None 1.23775
LDB: TIME 41.0484 LOAD: AVG 7.08613 MAX 7.21731  PROXIES: TOTAL 654 MAXPE 29 MAXPATCH 4 RefineTorusLB 1.23775
LDB: ============== END OF LOAD BALANCING =============== 41.0501

Info: Benchmark time: 24 CPUs 0.0808686 s/step 0.935979 days/ns 113.54 MB memory
Info: Benchmark time: 24 CPUs 0.0817152 s/step 0.945777 days/ns 113.41 MB memory
Info: Benchmark time: 24 CPUs 0.0786138 s/step 0.909881 days/ns 113.96 MB memory
LDB: ============= START OF LOAD BALANCING ============== 356.913
LDB: ============== END OF LOAD BALANCING =============== 356.914

LDB: ============= START OF LOAD BALANCING ============== 365.376
LDB: TIME 365.409 LOAD: AVG 7.13207 MAX 7.25165  PROXIES: TOTAL 654 MAXPE 29 MAXPATCH 4 None 1.23837
LDB: TIME 365.421 LOAD: AVG 7.13207 MAX 7.25165  PROXIES: TOTAL 654 MAXPE 29 MAXPATCH 4 RefineTorusLB 1.23837
LDB: ============== END OF LOAD BALANCING =============== 365.424

PRESSURE: 5000 -13347.3 -85.0411 33.4892 -78.3309 -13093 24.6472 40.1332 4.12221 -13278.7
GPRESSURE: 5000 -76.7709 -34.8728 26.2707 -104.414 265.574 -37.8531 8.76258 -0.376455 -5.12286
PRESSAVG: 5000 6.05124 20.5481 -22.1991 10.8535 2.02668 -15.854 5.33293 -2.41628 3.97784
GPRESSAVG: 5000 5.913 20.4868 -22.1424 10.7209 2.05747 -15.9359 5.22757 -2.51444 4.1498
TIMING: 5000  CPU: 352.262, 0.0703989/step  Wall: 406.261, 0.0811658/step, 5.52378 hours remaining, 130.628662 MB of memory in use.
ENERGY:    5000      8119.7079     40814.7823     27880.1496       514.6287        -441536.1115     12356.6957       319.4632         0.0000    115486.4674        -236044.2168       310.8118   -351530.6842   -235763.9592       310.3037         -13239.6838        61.2267   1698932.2223         4.0186         4.0401

WRITING EXTENDED SYSTEM TO RESTART FILE AT STEP 5000
OPENING COORDINATE DCD FILE
WRITING COORDINATES TO DCD FILE AT STEP 5000
WRITING COORDINATES TO RESTART FILE AT STEP 5000
FINISHED WRITING RESTART COORDINATES
WRITING VELOCITIES TO RESTART FILE AT STEP 5000
FINISHED WRITING RESTART VELOCITIES
LDB: ============= START OF LOAD BALANCING ============== 682.697
LDB: ============== END OF LOAD BALANCING =============== 682.698

LDB: ============= START OF LOAD BALANCING ============== 691.03
LDB: TIME 691.034 LOAD: AVG 7.14735 MAX 7.36026  PROXIES: TOTAL 654 MAXPE 29 MAXPATCH 4 None 1.24876
LDB: TIME 691.041 LOAD: AVG 7.14735 MAX 7.36026  PROXIES: TOTAL 654 MAXPE 29 MAXPATCH 4 RefineTorusLB 1.24876
LDB: ============== END OF LOAD BALANCING =============== 691.042

PRESSURE: 10000 -13478.4 -14.2588 82.1897 -3.09736 -13299.7 33.9562 45.4679 -11.563 -13042.3
GPRESSURE: 10000 -105.206 72.4889 91.1309 41.7873 -58.5464 93.1774 123.518 -4.15844 233.559
PRESSAVG: 10000 -11.9969 11.486 -11.8816 6.43388 21.1822 11.1697 9.04045 -0.327049 1.82604
GPRESSAVG: 10000 -11.8474 11.5806 -11.9067 6.45543 21.3576 11.3135 9.12751 -0.364932 1.7057
TIMING: 10000  CPU: 704.645, 0.0704765/step  Wall: 811.873, 0.0811223/step, 5.40815 hours remaining, 131.759186 MB of memory in use.
ENERGY:   10000      8049.1889     40642.5397     27874.0165       521.6699        -441747.8694     12417.3653       317.8903         0.0000    115164.4544        -236760.7443       309.9452   -351925.1987   -236449.9160       309.8949         -13273.4895        23.2688   1699105.7150         3.6705         3.7387

WRITING EXTENDED SYSTEM TO RESTART FILE AT STEP 10000
WRITING COORDINATES TO DCD FILE AT STEP 10000
WRITING COORDINATES TO RESTART FILE AT STEP 10000
FINISHED WRITING RESTART COORDINATES
WRITING VELOCITIES TO RESTART FILE AT STEP 10000
FINISHED WRITING RESTART VELOCITIES
LDB: ============= START OF LOAD BALANCING ============== 1007.4
LDB: ============== END OF LOAD BALANCING =============== 1007.4

LDB: ============= START OF LOAD BALANCING ============== 1015.76
LDB: TIME 1015.76 LOAD: AVG 7.12859 MAX 7.50503  PROXIES: TOTAL 654 MAXPE 29 MAXPATCH 4 None 1.23449
LDB: TIME 1015.77 LOAD: AVG 7.12859 MAX 7.48282  PROXIES: TOTAL 654 MAXPE 29 MAXPATCH 4 RefineTorusLB 1.23449
LDB: ============== END OF LOAD BALANCING =============== 1015.77

PRESSURE: 15000 -13659.9 -159.279 -24.3513 -189.658 -13637.2 -40.7543 -1.10734 -83.8914 -13278.4
GPRESSURE: 15000 -265.233 -137.767 -34.8428 -179.811 -327.936 -19.1906 -53.9326 -80.3576 0.386287
PRESSAVG: 15000 -10.4976 15.9649 -1.87425 12.928 12.3967 1.62951 11.8617 0.451239 1.95727
GPRESSAVG: 15000 -10.456 16.1079 -1.97792 12.8476 12.4438 1.5565 11.9061 0.668575 2.08028
TIMING: 15000  CPU: 1058.74, 0.0708184/step  Wall: 1219.11, 0.0814483/step, 5.31677 hours remaining, 133.389954 MB of memory in use.
ENERGY:   15000      8023.6783     40813.4922     27931.5559       481.3813        -441575.4551     11472.6242       315.1949         0.0000    114682.2820        -237855.2464       308.6475   -352537.5283   -237546.4326       309.7775         -13525.1629      -197.5942   1692228.1349         1.2855         1.3560

WRITING EXTENDED SYSTEM TO RESTART FILE AT STEP 15000
WRITING COORDINATES TO DCD FILE AT STEP 15000
WRITING COORDINATES TO RESTART FILE AT STEP 15000
FINISHED WRITING RESTART COORDINATES
WRITING VELOCITIES TO RESTART FILE AT STEP 15000
FINISHED WRITING RESTART VELOCITIES
LDB: ============= START OF LOAD BALANCING ============== 1333.43
LDB: ============== END OF LOAD BALANCING =============== 1333.43

LDB: ============= START OF LOAD BALANCING ============== 1341.7
LDB: TIME 1341.72 LOAD: AVG 7.13904 MAX 7.26293  PROXIES: TOTAL 654 MAXPE 29 MAXPATCH 4 None 1.23773
LDB: TIME 1341.73 LOAD: AVG 7.13904 MAX 7.26293  PROXIES: TOTAL 654 MAXPE 29 MAXPATCH 4 RefineTorusLB 1.23773
LDB: ============== END OF LOAD BALANCING =============== 1341.74

PRESSURE: 20000 -13185 -152.438 -83.7004 -118.71 -13425.9 -48.7645 -42.9324 -40.6506 -13523.9
GPRESSURE: 20000 145.432 27.4717 -173.459 -17.6444 37.8064 -86.6041 -56.0187 65.9865 -161.465
PRESSAVG: 20000 5.55259 -9.26842 14.787 -0.394991 -6.71264 16.0022 14.6381 5.88802 2.16328
GPRESSAVG: 20000 5.46723 -9.15686 14.7087 -0.249579 -6.56663 15.9665 14.5667 5.81965 2.10656
TIMING: 20000  CPU: 1412.86, 0.0708238/step  Wall: 1625.94, 0.0813652/step, 5.19833 hours remaining, 133.822205 MB of memory in use.
ENERGY:   20000      8029.5251     40694.4988     27804.5393       496.9055        -442443.3408     12237.9530       308.1997         0.0000    115142.7292        -237728.9902       309.8867   -352871.7194   -237435.3623       309.6701         -13378.2781         7.2579   1688865.6977         0.3344         0.3357

WRITING EXTENDED SYSTEM TO RESTART FILE AT STEP 20000
WRITING COORDINATES TO DCD FILE AT STEP 20000
WRITING COORDINATES TO RESTART FILE AT STEP 20000
FINISHED WRITING RESTART COORDINATES
WRITING VELOCITIES TO RESTART FILE AT STEP 20000
FINISHED WRITING RESTART VELOCITIES
LDB: ============= START OF LOAD BALANCING ============== 1658.35
LDB: ============== END OF LOAD BALANCING =============== 1658.35

LDB: ============= START OF LOAD BALANCING ============== 1666.52
LDB: TIME 1666.54 LOAD: AVG 7.14304 MAX 7.3529  PROXIES: TOTAL 654 MAXPE 29 MAXPATCH 4 None 1.24254
LDB: TIME 1666.55 LOAD: AVG 7.14304 MAX 7.3529  PROXIES: TOTAL 654 MAXPE 29 MAXPATCH 4 RefineTorusLB 1.24254
LDB: ============== END OF LOAD BALANCING =============== 1666.55

LDB: ============= START OF LOAD BALANCING ============== 1985
LDB: ============== END OF LOAD BALANCING =============== 1985

LDB: ============= START OF LOAD BALANCING ============== 1993.55
LDB: TIME 1993.55 LOAD: AVG 7.18006 MAX 7.33973  PROXIES: TOTAL 654 MAXPE 29 MAXPATCH 4 None 1.24274
LDB: TIME 1993.56 LOAD: AVG 7.18006 MAX 7.33973  PROXIES: TOTAL 654 MAXPE 29 MAXPATCH 4 RefineTorusLB 1.24274
LDB: ============== END OF LOAD BALANCING =============== 1993.56

PRESSURE: 25000 -13452.4 -124.676 -3.21599 -124.706 -13343 36.2897 12.4215 68.391 -13515.3
GPRESSURE: 25000 1.66018 -39.7691 53.4904 -184.115 115.253 -51.5428 177.265 8.62625 -345.466
PRESSAVG: 25000 0.274447 -18.3417 -38.1472 -20.0764 -1.75307 15.5202 -19.0824 9.33808 -3.72553
GPRESSAVG: 25000 0.297308 -18.2923 -38.1058 -20.107 -1.83782 15.5845 -19.1107 9.17299 -3.64664
TIMING: 25000  CPU: 1767.61, 0.070951/step  Wall: 2034.32, 0.0816766/step, 5.10479 hours remaining, 132.949921 MB of memory in use.
ENERGY:   25000      8065.1302     40409.9409     27934.3537       547.5688        -441952.3849     11969.3002       328.9243         0.0000    114095.1115        -238602.0554       307.0672   -352697.1669   -238322.5732       309.6147         -13436.9071       -76.1842   1691535.3688        -1.7347        -1.7291

WRITING EXTENDED SYSTEM TO RESTART FILE AT STEP 25000
WRITING COORDINATES TO DCD FILE AT STEP 25000
WRITING COORDINATES TO RESTART FILE AT STEP 25000
FINISHED WRITING RESTART COORDINATES
WRITING VELOCITIES TO RESTART FILE AT STEP 25000
FINISHED WRITING RESTART VELOCITIES
LDB: ============= START OF LOAD BALANCING ============== 2311.79
LDB: ============== END OF LOAD BALANCING =============== 2311.79

LDB: ============= START OF LOAD BALANCING ============== 2319.99
LDB: TIME 2320.02 LOAD: AVG 7.1623 MAX 7.27131  PROXIES: TOTAL 654 MAXPE 29 MAXPATCH 4 None 1.24595
LDB: TIME 2320.04 LOAD: AVG 7.1623 MAX 7.27131  PROXIES: TOTAL 654 MAXPE 29 MAXPATCH 4 RefineTorusLB 1.24595
LDB: ============== END OF LOAD BALANCING =============== 2320.04

PRESSURE: 30000 -13383.9 140.151 78.8017 159.286 -13448.7 -45.0712 63.4661 -61.706 -13318.1
GPRESSURE: 30000 -29.0812 149.618 52.9247 137.215 -5.81598 -9.47844 -29.3491 -91.5685 -35.8346
PRESSAVG: 30000 8.26499 19.5264 -34.3904 -3.67623 -1.10768 -0.699755 -14.0477 2.47151 3.15426
GPRESSAVG: 30000 8.04767 19.3871 -34.4209 -3.80177 -1.0403 -0.751023 -14.0666 2.49706 3.15745
TIMING: 30000  CPU: 2121.03, 0.0706845/step  Wall: 2441.89, 0.0815138/step, 4.9814 hours remaining, 132.676514 MB of memory in use.
ENERGY:   30000      7890.3608     40560.1707     27885.2327       503.4511        -441999.2701     11786.7101       340.0929         0.0000    114725.7256        -238307.5263       308.7644   -353033.2518   -238006.9548       309.4165         -13383.5554       -23.5772   1689471.0593         3.4372         3.3883

WRITING EXTENDED SYSTEM TO RESTART FILE AT STEP 30000
WRITING COORDINATES TO DCD FILE AT STEP 30000
WRITING COORDINATES TO RESTART FILE AT STEP 30000
FINISHED WRITING RESTART COORDINATES
WRITING VELOCITIES TO RESTART FILE AT STEP 30000
FINISHED WRITING RESTART VELOCITIES
LDB: ============= START OF LOAD BALANCING ============== 2637.07
LDB: ============== END OF LOAD BALANCING =============== 2637.07

LDB: ============= START OF LOAD BALANCING ============== 2645.49
LDB: TIME 2645.53 LOAD: AVG 7.1614 MAX 7.46503  PROXIES: TOTAL 654 MAXPE 29 MAXPATCH 4 None 1.24995
LDB: TIME 2645.54 LOAD: AVG 7.1614 MAX 7.46503  PROXIES: TOTAL 654 MAXPE 29 MAXPATCH 4 RefineTorusLB 1.24995
LDB: ============== END OF LOAD BALANCING =============== 2645.54

PRESSURE: 35000 -13403 12.2676 21.9634 -94.2139 -13313.8 16.8236 45.4002 15.1143 -13058
GPRESSURE: 35000 16.1156 21.3795 -16.9459 -55.0835 58.4102 -2.17062 63.4418 -3.13296 237.527
PRESSAVG: 35000 -13.3657 5.83092 -23.2078 -1.51862 5.74888 26.3251 -7.56759 12.0235 -1.48136
GPRESSAVG: 35000 -13.296 5.97148 -23.2655 -1.53308 5.72021 26.3959 -7.77251 12.0264 -1.43784
TIMING: 35000  CPU: 2475.08, 0.0708088/step  Wall: 2849.7, 0.081562/step, 4.87106 hours remaining, 133.442169 MB of memory in use.
ENERGY:   35000      7918.2350     40727.8279     27846.9609       530.8667        -442581.6564     12611.5586       325.2856         0.0000    114795.3511        -237825.5706       308.9518   -352620.9217   -237526.0531       309.8696         -13258.2464       104.0175   1691737.3661        -3.0327        -3.0045

WRITING EXTENDED SYSTEM TO RESTART FILE AT STEP 35000
WRITING COORDINATES TO DCD FILE AT STEP 35000
WRITING COORDINATES TO RESTART FILE AT STEP 35000
FINISHED WRITING RESTART COORDINATES
WRITING VELOCITIES TO RESTART FILE AT STEP 35000
FINISHED WRITING RESTART VELOCITIES
LDB: ============= START OF LOAD BALANCING ============== 2964.64
LDB: ============== END OF LOAD BALANCING =============== 2964.64

LDB: ============= START OF LOAD BALANCING ============== 2972.95
LDB: TIME 2972.96 LOAD: AVG 7.15842 MAX 7.39294  PROXIES: TOTAL 654 MAXPE 29 MAXPATCH 4 None 1.2478
LDB: TIME 2972.97 LOAD: AVG 7.15842 MAX 7.39294  PROXIES: TOTAL 654 MAXPE 29 MAXPATCH 4 RefineTorusLB 1.2478
LDB: ============== END OF LOAD BALANCING =============== 2972.97

WRITING COORDINATES TO DCD FILE AT STEP 40000
WRITING COORDINATES TO RESTART FILE AT STEP 40000
FINISHED WRITING RESTART COORDINATES
PRESSURE: 40000 -13589 111.98 -184.57 87.8676 -13203.1 50.9907 -182.566 75.054 -12939.5
GPRESSURE: 40000 -96.939 54.4387 -162.462 83.7639 250.011 103.473 -100.654 108.595 261.717
PRESSAVG: 40000 -16.338 -1.07933 -3.02423 -17.8079 15.4538 -2.30257 5.01056 8.44716 -1.72513
GPRESSAVG: 40000 -16.379 -1.20202 -3.08568 -17.7801 15.5243 -2.42579 4.96441 8.4107 -1.81999
TIMING: 40000  CPU: 2830.06, 0.070996/step  Wall: 3259.03, 0.081865/step, 4.77546 hours remaining, 133.039215 MB of memory in use.
ENERGY:   40000      7819.7019     40408.1802     27822.9387       502.0724        -442314.2008     12371.7373       309.4574         0.0000    114596.6526        -238483.4603       308.4170   -353080.1129   -238194.5047       309.9632         -13243.8872       138.2630   1689534.3250        -0.8698        -0.8916

WRITING EXTENDED SYSTEM TO RESTART FILE AT STEP 40000
WRITING VELOCITIES TO RESTART FILE AT STEP 40000
FINISHED WRITING RESTART VELOCITIES
LDB: ============= START OF LOAD BALANCING ============== 3291.73
LDB: ============== END OF LOAD BALANCING =============== 3291.73

LDB: ============= START OF LOAD BALANCING ============== 3300.03
LDB: TIME 3300.07 LOAD: AVG 7.15952 MAX 7.40328  PROXIES: TOTAL 654 MAXPE 29 MAXPATCH 4 None 1.24284
LDB: TIME 3300.08 LOAD: AVG 7.15952 MAX 7.40328  PROXIES: TOTAL 654 MAXPE 29 MAXPATCH 4 RefineTorusLB 1.24284
LDB: ============== END OF LOAD BALANCING =============== 3300.08

LDB: ============= START OF LOAD BALANCING ============== 3617.84
LDB: ============== END OF LOAD BALANCING =============== 3617.84

LDB: ============= START OF LOAD BALANCING ============== 3626.33
LDB: TIME 3626.37 LOAD: AVG 7.18184 MAX 7.41681  PROXIES: TOTAL 654 MAXPE 29 MAXPATCH 4 None 1.24837
LDB: TIME 3626.38 LOAD: AVG 7.18184 MAX 7.41681  PROXIES: TOTAL 654 MAXPE 29 MAXPATCH 4 RefineTorusLB 1.24837
LDB: ============== END OF LOAD BALANCING =============== 3626.38

PRESSURE: 45000 -13194.2 65.2735 -74.8774 76.2423 -13403.8 -15.8364 -57.3741 8.49357 -13026.5
GPRESSURE: 45000 124.135 53.47 -71.9924 44.1859 -43.4291 -20.4576 -113.916 21.7239 194.556
PRESSAVG: 45000 -9.36317 6.75989 -35.5881 3.27462 18.6197 -15.3133 -16.4144 1.292 -0.619333
GPRESSAVG: 45000 -9.42932 6.66139 -35.6306 3.14908 18.6672 -15.2182 -16.5907 1.29963 -0.661486
TIMING: 45000  CPU: 3184.82, 0.070953/step  Wall: 3667, 0.0815941/step, 4.64633 hours remaining, 132.272766 MB of memory in use.
ENERGY:   45000      8004.0894     40495.3747     27839.1432       513.3498        -440763.5723     11507.0611       308.5933         0.0000    114706.7953        -237389.1654       308.7134   -352095.9607   -237097.6995       309.8694         -13208.1798        91.7541   1690467.1963         2.8791         2.8588

WRITING EXTENDED SYSTEM TO RESTART FILE AT STEP 45000
WRITING COORDINATES TO DCD FILE AT STEP 45000
WRITING COORDINATES TO RESTART FILE AT STEP 45000
FINISHED WRITING RESTART COORDINATES
WRITING VELOCITIES TO RESTART FILE AT STEP 45000
FINISHED WRITING RESTART VELOCITIES
LDB: ============= START OF LOAD BALANCING ============== 3945.06
LDB: ============== END OF LOAD BALANCING =============== 3945.06

LDB: ============= START OF LOAD BALANCING ============== 3953.54
LDB: TIME 3953.54 LOAD: AVG 7.18258 MAX 7.44729  PROXIES: TOTAL 654 MAXPE 29 MAXPATCH 4 None 1.25613
LDB: TIME 3953.55 LOAD: AVG 7.18258 MAX 7.44729  PROXIES: TOTAL 654 MAXPE 29 MAXPATCH 4 RefineTorusLB 1.25613
LDB: ============== END OF LOAD BALANCING =============== 3953.55

PRESSURE: 50000 -13473.3 90.689 156.764 65.4449 -13630.6 -47.8195 219.554 -30.4671 -13297
GPRESSURE: 50000 -55.812 46.1436 217.75 -30.3688 -163.342 35.5717 242.869 -52.5231 -8.55385
PRESSAVG: 50000 -20.7804 1.97689 -11.1373 -3.05404 23.6661 -12.1736 7.8829 -2.43881 6.87275
GPRESSAVG: 50000 -20.6257 1.92739 -11.1358 -3.09295 23.6221 -11.9824 8.09558 -2.38077 6.84536
TIMING: 50000  CPU: 3538.14, 0.0706631/step  Wall: 4076.75, 0.0819513/step, 4.55285 hours remaining, 132.780487 MB of memory in use.
ETITLE:      TS           BOND          ANGLE          DIHED          IMPRP               ELECT            VDW       BOUNDARY           MISC        KINETIC               TOTAL           TEMP      POTENTIAL         TOTAL3        TEMPAVG            PRESSURE      GPRESSURE         VOLUME       PRESSAVG      GPRESSAVG

ENERGY:   50000      8022.1771     40400.5430     27871.5427       492.9700        -441614.8704     11731.1272       306.8834         0.0000    114964.8625        -237824.7644       309.4080   -352789.6269   -237535.8836       309.9827         -13466.9465       -75.9025   1685305.3181         3.2528         3.2806

WRITING EXTENDED SYSTEM TO RESTART FILE AT STEP 50000
WRITING COORDINATES TO DCD FILE AT STEP 50000
WRITING COORDINATES TO RESTART FILE AT STEP 50000
FINISHED WRITING RESTART COORDINATES
WRITING VELOCITIES TO RESTART FILE AT STEP 50000
FINISHED WRITING RESTART VELOCITIES
LDB: ============= START OF LOAD BALANCING ============== 4273.88
LDB: ============== END OF LOAD BALANCING =============== 4273.88

LDB: ============= START OF LOAD BALANCING ============== 4282.2
LDB: TIME 4282.21 LOAD: AVG 7.17506 MAX 7.37939  PROXIES: TOTAL 654 MAXPE 29 MAXPATCH 4 None 1.2664
LDB: TIME 4282.21 LOAD: AVG 7.17506 MAX 7.37939  PROXIES: TOTAL 654 MAXPE 29 MAXPATCH 4 RefineTorusLB 1.2664
LDB: ============== END OF LOAD BALANCING =============== 4282.21

PRESSURE: 55000 -13604 -82.3702 -81.4876 -140.43 -13435.9 -50.2961 8.28647 -81.1095 -13512.1
GPRESSURE: 55000 -144.167 -48.7883 -53.5425 -81.5541 -45.8572 -64.9058 -16.8864 7.85138 -284.709
PRESSAVG: 55000 12.0952 -0.777424 16.6741 -0.0379179 -12.6747 -12.0641 21.7898 -18.1356 -8.17797
GPRESSAVG: 55000 12.1789 -0.684416 16.8073 -0.210278 -12.7683 -12.0231 21.8909 -18.2379 -8.06975
TIMING: 55000  CPU: 3895.33, 0.0714377/step  Wall: 4486.56, 0.081962/step, 4.43961 hours remaining, 132.438690 MB of memory in use.
ENERGY:   55000      8123.8101     40393.8798     27761.5557       502.3009        -441595.6149     11415.9195       316.4433         0.0000    114919.9822        -238161.7235       309.2872   -353081.7057   -237883.5550       309.7381         -13517.3390      -158.2442   1687753.5267        -2.9191        -2.8864

WRITING EXTENDED SYSTEM TO RESTART FILE AT STEP 55000
WRITING COORDINATES TO DCD FILE AT STEP 55000
WRITING COORDINATES TO RESTART FILE AT STEP 55000
FINISHED WRITING RESTART COORDINATES
WRITING VELOCITIES TO RESTART FILE AT STEP 55000
FINISHED WRITING RESTART VELOCITIES
LDB: ============= START OF LOAD BALANCING ============== 4600.94
LDB: ============== END OF LOAD BALANCING =============== 4600.95

LDB: ============= START OF LOAD BALANCING ============== 4609.36
LDB: TIME 4609.36 LOAD: AVG 7.17088 MAX 7.48725  PROXIES: TOTAL 654 MAXPE 29 MAXPATCH 4 None 1.24058
LDB: TIME 4609.37 LOAD: AVG 7.17088 MAX 7.48725  PROXIES: TOTAL 654 MAXPE 29 MAXPATCH 4 RefineTorusLB 1.24058
LDB: ============== END OF LOAD BALANCING =============== 4609.38

PRESSURE: 60000 -13161.5 -28.1954 28.4396 -49.302 -13203.3 151.694 42.7649 191.603 -13212.9
GPRESSURE: 60000 308.877 -108.553 16.6589 -29.5923 186.387 106.692 78.5947 172.833 100.922
PRESSAVG: 60000 -6.82412 2.07903 -17.5904 -8.63884 11.4429 -12.3886 -8.14663 -12.9583 5.77889
GPRESSAVG: 60000 -6.80595 2.02137 -17.4651 -8.68949 11.3606 -12.5601 -8.0666 -13.1011 5.83818
TIMING: 60000  CPU: 4251.73, 0.07128/step  Wall: 4895.55, 0.0817968/step, 4.31705 hours remaining, 132.686646 MB of memory in use.
ENERGY:   60000      7823.2465     40585.5626     27728.5842       497.6382        -442530.8520     12276.5877       322.3097         0.0000    115260.2639        -238036.6593       310.2030   -353296.9232   -237722.5608       309.8314         -13192.5778       198.7287   1686331.2432         3.4659         3.4643

WRITING EXTENDED SYSTEM TO RESTART FILE AT STEP 60000
WRITING COORDINATES TO DCD FILE AT STEP 60000
WRITING COORDINATES TO RESTART FILE AT STEP 60000
FINISHED WRITING RESTART COORDINATES
WRITING VELOCITIES TO RESTART FILE AT STEP 60000
FINISHED WRITING RESTART VELOCITIES
LDB: ============= START OF LOAD BALANCING ============== 4928.48
LDB: ============== END OF LOAD BALANCING =============== 4928.48

LDB: ============= START OF LOAD BALANCING ============== 4936.92
LDB: TIME 4936.95 LOAD: AVG 7.16503 MAX 7.53674  PROXIES: TOTAL 654 MAXPE 29 MAXPATCH 4 None 1.23911
LDB: TIME 4936.96 LOAD: AVG 7.16503 MAX 7.50879  PROXIES: TOTAL 654 MAXPE 29 MAXPATCH 4 RefineTorusLB 1.23911
LDB: ============== END OF LOAD BALANCING =============== 4936.97

LDB: ============= START OF LOAD BALANCING ============== 5255.39
LDB: ============== END OF LOAD BALANCING =============== 5255.39

LDB: ============= START OF LOAD BALANCING ============== 5263.79
LDB: TIME 5263.83 LOAD: AVG 7.16789 MAX 7.38421  PROXIES: TOTAL 654 MAXPE 29 MAXPATCH 4 None 1.24449
LDB: TIME 5263.84 LOAD: AVG 7.16789 MAX 7.38421  PROXIES: TOTAL 654 MAXPE 29 MAXPATCH 4 RefineTorusLB 1.24449
LDB: ============== END OF LOAD BALANCING =============== 5263.85

WRITING COORDINATES TO DCD FILE AT STEP 65000
WRITING COORDINATES TO RESTART FILE AT STEP 65000
FINISHED WRITING RESTART COORDINATES
WRITING VELOCITIES TO RESTART FILE AT STEP 65000
FINISHED WRITING RESTART VELOCITIES
PRESSURE: 65000 -13537.6 -315.235 91.0983 -339.032 -13581 17.8066 115.527 -5.96222 -13526.7
GPRESSURE: 65000 -174.882 -105.169 137.96 -224.119 -191.177 12.112 203.032 -6.18577 -234.774
PRESSAVG: 65000 12.7264 4.51661 -29.0375 -3.88599 -18.1202 -6.77447 1.69611 1.38479 -7.926
GPRESSAVG: 65000 12.8511 4.43107 -28.9726 -3.8098 -18.1424 -6.88171 1.55599 1.30185 -8.05066
TIMING: 65000  CPU: 4608.42, 0.0713384/step  Wall: 5304.95, 0.0818797/step, 4.2077 hours remaining, 132.577972 MB of memory in use.
ENERGY:   65000      8049.2208     40635.9866     27976.7899       538.9374        -441758.8989     11557.5921       317.7945         0.0000    114682.7105        -237999.8671       308.6486   -352682.5776   -237690.4680       309.9540         -13548.4274      -200.2777   1689730.5337        -4.4399        -4.4473

WRITING EXTENDED SYSTEM TO RESTART FILE AT STEP 65000
LDB: ============= START OF LOAD BALANCING ============== 5583.25
LDB: ============== END OF LOAD BALANCING =============== 5583.25

LDB: ============= START OF LOAD BALANCING ============== 5591.61
LDB: TIME 5591.61 LOAD: AVG 7.17968 MAX 7.45375  PROXIES: TOTAL 654 MAXPE 29 MAXPATCH 4 None 1.24931
LDB: TIME 5591.62 LOAD: AVG 7.17968 MAX 7.45375  PROXIES: TOTAL 654 MAXPE 29 MAXPATCH 4 RefineTorusLB 1.24931
LDB: ============== END OF LOAD BALANCING =============== 5591.62

PRESSURE: 70000 -13269.1 108.943 -12.7792 119.319 -13399.5 63.7812 14.3559 52.021 -13460.3
GPRESSURE: 70000 109.409 62.2237 -8.09375 75.5943 -51.5047 13.0068 31.1966 12.3174 -6.95091
PRESSAVG: 70000 -2.10444 9.2571 11.5032 -3.35811 10.1436 -16.1174 22.4647 11.3854 5.95079
GPRESSAVG: 70000 -2.15724 9.15562 11.3868 -3.48157 10.1903 -16.0138 22.5142 11.5207 5.93192
TIMING: 70000  CPU: 4965.59, 0.0714335/step  Wall: 5714.53, 0.0819171/step, 4.09586 hours remaining, 133.763428 MB of memory in use.
ENERGY:   70000      8000.0768     40923.8594     27917.0488       517.6113        -442367.8410     11977.6719       305.9467         0.0000    115077.8848        -237647.7414       309.7122   -352725.6262   -237356.2740       309.7003         -13376.3037        16.9843   1687737.8219         4.6633         4.6550

WRITING EXTENDED SYSTEM TO RESTART FILE AT STEP 70000
WRITING COORDINATES TO DCD FILE AT STEP 70000
WRITING COORDINATES TO RESTART FILE AT STEP 70000
FINISHED WRITING RESTART COORDINATES
WRITING VELOCITIES TO RESTART FILE AT STEP 70000
FINISHED WRITING RESTART VELOCITIES
LDB: ============= START OF LOAD BALANCING ============== 5912.07
LDB: ============== END OF LOAD BALANCING =============== 5912.08

LDB: ============= START OF LOAD BALANCING ============== 5920.55
LDB: TIME 5920.58 LOAD: AVG 7.17911 MAX 7.45462  PROXIES: TOTAL 654 MAXPE 29 MAXPATCH 4 None 1.25011
LDB: TIME 5920.59 LOAD: AVG 7.17911 MAX 7.45462  PROXIES: TOTAL 654 MAXPE 29 MAXPATCH 4 RefineTorusLB 1.25011
LDB: ============== END OF LOAD BALANCING =============== 5920.59

PRESSURE: 75000 -13304.9 -1.39802 -38.4148 10.5987 -13423 67.9904 -108.465 7.59466 -13279.4
GPRESSURE: 75000 78.2568 -16.8894 7.4674 48.254 48.4546 146.271 20.9873 1.57992 -88.1265
PRESSAVG: 75000 20.4808 -10.966 12.7182 -4.94296 -12.8942 -0.499803 -7.06262 -7.20273 -6.01942
GPRESSAVG: 75000 20.6127 -10.9574 12.7594 -4.86772 -12.7395 -0.613806 -7.04463 -7.3587 -5.98129
TIMING: 75000  CPU: 5323.07, 0.0714965/step  Wall: 6125.47, 0.0821878/step, 3.99524 hours remaining, 133.968536 MB of memory in use.
ENERGY:   75000      8192.5817     40602.9466     27912.4885       538.7174        -442071.4928     12364.7163       341.5449         0.0000    114449.8938        -237668.6036       308.0220   -352118.4974   -237377.4099       309.9466         -13335.7315        12.8616   1691529.4094         0.5224         0.6306

WRITING EXTENDED SYSTEM TO RESTART FILE AT STEP 75000
WRITING COORDINATES TO DCD FILE AT STEP 75000
WRITING COORDINATES TO RESTART FILE AT STEP 75000
FINISHED WRITING RESTART COORDINATES
WRITING VELOCITIES TO RESTART FILE AT STEP 75000
FINISHED WRITING RESTART VELOCITIES
LDB: ============= START OF LOAD BALANCING ============== 6240.37
LDB: ============== END OF LOAD BALANCING =============== 6240.37

LDB: ============= START OF LOAD BALANCING ============== 6248.84
LDB: TIME 6248.87 LOAD: AVG 7.18534 MAX 7.39982  PROXIES: TOTAL 654 MAXPE 29 MAXPATCH 4 None 1.24382
LDB: TIME 6248.88 LOAD: AVG 7.18534 MAX 7.39982  PROXIES: TOTAL 654 MAXPE 29 MAXPATCH 4 RefineTorusLB 1.24382
LDB: ============== END OF LOAD BALANCING =============== 6248.88

PRESSURE: 80000 -13331.4 25.1825 52.5244 9.58904 -13557.7 32.2596 52.9516 58.6915 -13349.3
GPRESSURE: 80000 59.3474 45.3712 -40.2798 -1.93557 -189.384 112.059 29.8618 68.43 -54.7595
PRESSAVG: 80000 -0.649569 29.0475 -12.8156 24.0417 -1.92427 18.531 12.4496 3.26319 0.536301
GPRESSAVG: 80000 -0.854022 28.8969 -12.825 23.8799 -1.9102 18.422 12.3651 3.37793 0.479893
TIMING: 80000  CPU: 5680, 0.0713853/step  Wall: 6534.39, 0.0817843/step, 3.86204 hours remaining, 132.803375 MB of memory in use.
ENERGY:   80000      8072.5713     40562.0850     27856.5844       507.8691        -441446.9047     11688.3663       314.4692         0.0000    115511.0289        -236933.9304       310.8779   -352444.9594   -236627.5980       310.1799         -13412.7897       -61.5986   1689551.4469        -0.6792        -0.7614

WRITING EXTENDED SYSTEM TO RESTART FILE AT STEP 80000
WRITING COORDINATES TO DCD FILE AT STEP 80000
WRITING COORDINATES TO RESTART FILE AT STEP 80000
FINISHED WRITING RESTART COORDINATES
WRITING VELOCITIES TO RESTART FILE AT STEP 80000
FINISHED WRITING RESTART VELOCITIES
LDB: ============= START OF LOAD BALANCING ============== 6567.03
LDB: ============== END OF LOAD BALANCING =============== 6567.04

LDB: ============= START OF LOAD BALANCING ============== 6575.3
LDB: TIME 6575.3 LOAD: AVG 7.15535 MAX 7.40776  PROXIES: TOTAL 654 MAXPE 29 MAXPATCH 4 None 1.24125
LDB: TIME 6575.31 LOAD: AVG 7.15535 MAX 7.40776  PROXIES: TOTAL 654 MAXPE 29 MAXPATCH 4 RefineTorusLB 1.24125
LDB: ============== END OF LOAD BALANCING =============== 6575.31

LDB: ============= START OF LOAD BALANCING ============== 6893.82
LDB: ============== END OF LOAD BALANCING =============== 6893.82

LDB: ============= START OF LOAD BALANCING ============== 6902.09
LDB: TIME 6902.12 LOAD: AVG 7.16882 MAX 7.48233  PROXIES: TOTAL 654 MAXPE 29 MAXPATCH 4 None 1.24379
LDB: TIME 6902.13 LOAD: AVG 7.16882 MAX 7.48233  PROXIES: TOTAL 654 MAXPE 29 MAXPATCH 4 RefineTorusLB 1.24379
LDB: ============== END OF LOAD BALANCING =============== 6902.14

PRESSURE: 85000 -13458.1 -40.6304 -6.61073 -22.5058 -13442.5 -386.922 -2.59748 -377.236 -13344.1
GPRESSURE: 85000 -74.0254 -34.8202 -45.8663 -31.6478 -31.659 -347.945 -61.0792 -330.992 82.4451
PRESSAVG: 85000 -5.11761 15.6091 2.30947 19.1583 13.5618 -28.6489 16.1268 -10.4556 -1.81866
GPRESSAVG: 85000 -5.19745 15.6015 2.44114 19.3399 13.7746 -28.5488 15.9727 -10.409 -1.69649
TIMING: 85000  CPU: 6035.64, 0.0711288/step  Wall: 6943.38, 0.0817974/step, 3.74905 hours remaining, 132.353058 MB of memory in use.
ENERGY:   85000      7933.9153     40503.0360     27914.2709       525.0234        -442428.6900     12015.3493       320.9773         0.0000    114452.6032        -238763.5145       308.0293   -353216.1177   -238491.5545       309.4055         -13414.9278        -7.7464   1685768.7645         2.2085         2.2936

WRITING EXTENDED SYSTEM TO RESTART FILE AT STEP 85000
WRITING COORDINATES TO DCD FILE AT STEP 85000
WRITING COORDINATES TO RESTART FILE AT STEP 85000
FINISHED WRITING RESTART COORDINATES
WRITING VELOCITIES TO RESTART FILE AT STEP 85000
FINISHED WRITING RESTART VELOCITIES
LDB: ============= START OF LOAD BALANCING ============== 7222.28
LDB: ============== END OF LOAD BALANCING =============== 7222.28

LDB: ============= START OF LOAD BALANCING ============== 7230.52
LDB: TIME 7230.53 LOAD: AVG 7.16483 MAX 7.3751  PROXIES: TOTAL 654 MAXPE 29 MAXPATCH 4 None 1.24848
LDB: TIME 7230.53 LOAD: AVG 7.16483 MAX 7.3751  PROXIES: TOTAL 654 MAXPE 29 MAXPATCH 4 RefineTorusLB 1.24848
LDB: ============== END OF LOAD BALANCING =============== 7230.54

WRITING COORDINATES TO DCD FILE AT STEP 90000
WRITING COORDINATES TO RESTART FILE AT STEP 90000
FINISHED WRITING RESTART COORDINATES
PRESSURE: 90000 -13311.8 235.05 -107.318 247.568 -13127.5 48.1018 -110.845 85.2278 -12989.9
GPRESSURE: 90000 294.251 179.763 -89.723 71.1769 298.517 51.3526 -70.0624 145.992 112.245
PRESSAVG: 90000 8.72386 -7.51844 0.676824 -5.05489 2.80454 -1.71714 9.67874 -2.52538 -1.25216
GPRESSAVG: 90000 8.80163 -7.68883 0.623877 -5.07486 3.06521 -1.74918 9.68137 -2.37483 -1.35527
TIMING: 90000  CPU: 6392.83, 0.0714385/step  Wall: 7352.94, 0.0819131/step, 3.64058 hours remaining, 132.657867 MB of memory in use.
ENERGY:   90000      7912.8373     40444.1468     27922.5278       484.5674        -442269.7335     12721.9834       305.8075         0.0000    114759.1932        -237718.6700       308.8545   -352477.8632   -237431.9291       309.5857         -13143.0780       235.0045   1688034.3471         3.4254         3.5039

WRITING EXTENDED SYSTEM TO RESTART FILE AT STEP 90000
WRITING VELOCITIES TO RESTART FILE AT STEP 90000
FINISHED WRITING RESTART VELOCITIES
LDB: ============= START OF LOAD BALANCING ============== 7549.72
LDB: ============== END OF LOAD BALANCING =============== 7549.72

LDB: ============= START OF LOAD BALANCING ============== 7558.23
LDB: TIME 7558.23 LOAD: AVG 7.18491 MAX 7.36954  PROXIES: TOTAL 654 MAXPE 29 MAXPATCH 4 None 1.24887
LDB: TIME 7558.24 LOAD: AVG 7.18491 MAX 7.36954  PROXIES: TOTAL 654 MAXPE 29 MAXPATCH 4 RefineTorusLB 1.24887
LDB: ============== END OF LOAD BALANCING =============== 7558.24

PRESSURE: 95000 -13374.5 151.739 5.10988 144.79 -13339.3 40.3896 -46.4411 41.5644 -13474.9
GPRESSURE: 95000 -9.75177 123.995 3.1635 130.98 56.522 102 -101.154 82.2919 -107.957
PRESSAVG: 95000 2.242 5.44853 -13.0166 4.8214 -7.88433 8.85846 -26.8953 8.41077 -3.71769
GPRESSAVG: 95000 2.3498 5.50445 -13.0765 4.81948 -7.90001 8.89626 -26.8304 8.53063 -3.59375
TIMING: 95000  CPU: 6748.77, 0.071187/step  Wall: 7761.84, 0.0817797/step, 3.52107 hours remaining, 133.270782 MB of memory in use.
ENERGY:   95000      8057.9945     40713.4597     27935.0600       544.6668        -442258.6242     11775.1507       326.3832         0.0000    115095.6661        -237810.2433       309.7600   -352905.9094   -237507.2329       309.9252         -13396.2558       -20.3954   1689166.1891        -3.1200        -3.0480

WRITING EXTENDED SYSTEM TO RESTART FILE AT STEP 95000
WRITING COORDINATES TO DCD FILE AT STEP 95000
WRITING COORDINATES TO RESTART FILE AT STEP 95000
FINISHED WRITING RESTART COORDINATES
WRITING VELOCITIES TO RESTART FILE AT STEP 95000
FINISHED WRITING RESTART VELOCITIES
LDB: ============= START OF LOAD BALANCING ============== 7876.71
LDB: ============== END OF LOAD BALANCING =============== 7876.71

LDB: ============= START OF LOAD BALANCING ============== 7885.1
LDB: TIME 7885.14 LOAD: AVG 7.16552 MAX 7.40473  PROXIES: TOTAL 654 MAXPE 29 MAXPATCH 4 None 1.24432
LDB: TIME 7885.15 LOAD: AVG 7.16552 MAX 7.40473  PROXIES: TOTAL 654 MAXPE 29 MAXPATCH 4 RefineTorusLB 1.24432
LDB: ============== END OF LOAD BALANCING =============== 7885.15

PRESSURE: 100000 -13524.4 132.137 -141.979 121.214 -13456 -123.354 -167.074 -134.711 -13340.2
GPRESSURE: 100000 -98.9001 114.27 -36.2974 69.8907 -22.2852 -146.808 -87.5478 -19.7391 -121.111
PRESSAVG: 100000 16.8642 -4.71005 -9.05809 -6.43006 -10.8428 7.23701 -0.214058 16.6921 0.521407
GPRESSAVG: 100000 16.8124 -4.59088 -9.04343 -6.49045 -10.8857 7.22909 -0.317368 16.6398 0.490657
TIMING: 100000  CPU: 7105.46, 0.0713392/step  Wall: 8171.95, 0.0820206/step, 3.41753 hours remaining, 133.090790 MB of memory in use.
ETITLE:      TS           BOND          ANGLE          DIHED          IMPRP               ELECT            VDW       BOUNDARY           MISC        KINETIC               TOTAL           TEMP      POTENTIAL         TOTAL3        TEMPAVG            PRESSURE      GPRESSURE         VOLUME       PRESSAVG      GPRESSAVG

ENERGY:  100000      8106.2453     40615.6986     27987.1113       524.3268        -441908.7195     12171.3866       323.0851         0.0000    114444.6195        -237736.2464       308.0078   -352180.8659   -237453.6813       310.1405         -13440.1929       -80.7653   1689333.9607         2.1809         2.1391

WRITING EXTENDED SYSTEM TO RESTART FILE AT STEP 100000
WRITING COORDINATES TO DCD FILE AT STEP 100000
WRITING COORDINATES TO RESTART FILE AT STEP 100000
FINISHED WRITING RESTART COORDINATES
WRITING VELOCITIES TO RESTART FILE AT STEP 100000
FINISHED WRITING RESTART VELOCITIES
LDB: ============= START OF LOAD BALANCING ============== 8204.95
LDB: ============== END OF LOAD BALANCING =============== 8204.95

LDB: ============= START OF LOAD BALANCING ============== 8213.27
LDB: TIME 8213.27 LOAD: AVG 7.16209 MAX 7.42168  PROXIES: TOTAL 654 MAXPE 29 MAXPATCH 4 None 1.24027
LDB: TIME 8213.29 LOAD: AVG 7.16209 MAX 7.42168  PROXIES: TOTAL 654 MAXPE 29 MAXPATCH 4 RefineTorusLB 1.24027
LDB: ============== END OF LOAD BALANCING =============== 8213.29

LDB: ============= START OF LOAD BALANCING ============== 8532.54
LDB: ============== END OF LOAD BALANCING =============== 8532.54

LDB: ============= START OF LOAD BALANCING ============== 8540.74
LDB: TIME 8540.75 LOAD: AVG 7.15284 MAX 7.40452  PROXIES: TOTAL 654 MAXPE 29 MAXPATCH 4 None 1.25527
LDB: TIME 8540.76 LOAD: AVG 7.15284 MAX 7.40452  PROXIES: TOTAL 654 MAXPE 29 MAXPATCH 4 RefineTorusLB 1.25527
LDB: ============== END OF LOAD BALANCING =============== 8540.76

WRITING COORDINATES TO DCD FILE AT STEP 105000
WRITING COORDINATES TO RESTART FILE AT STEP 105000
FINISHED WRITING RESTART COORDINATES
WRITING VELOCITIES TO RESTART FILE AT STEP 105000
FINISHED WRITING RESTART VELOCITIES
PRESSURE: 105000 -13417.6 161.676 -275.51 102.646 -13365.2 106.438 -224.515 156.515 -13117.6
GPRESSURE: 105000 -51.7593 114.588 -216.694 -34.4212 109.182 20.4054 -161.635 44.5019 117.443
PRESSAVG: 105000 -2.48066 15.7838 -33.8123 6.81098 5.54526 8.22026 -4.37276 -0.636751 4.35504
GPRESSAVG: 105000 -2.50225 15.5469 -33.8423 6.69262 5.48831 8.23079 -4.37924 -0.716511 4.42201
TIMING: 105000  CPU: 7461.77, 0.0712616/step  Wall: 8581.56, 0.0819221/step, 3.29964 hours remaining, 132.526184 MB of memory in use.
ENERGY:  105000      7945.7029     40708.4153     27808.0432       527.9911        -442037.8876     12143.0374       306.1837         0.0000    114825.2341        -237773.2799       309.0322   -352598.5141   -237468.1434       310.2400         -13300.1380        58.2884   1690995.7951         2.4732         2.4694

WRITING EXTENDED SYSTEM TO RESTART FILE AT STEP 105000
LDB: ============= START OF LOAD BALANCING ============== 8858.69
LDB: ============== END OF LOAD BALANCING =============== 8858.69

LDB: ============= START OF LOAD BALANCING ============== 8867.25
LDB: TIME 8867.25 LOAD: AVG 7.17566 MAX 7.38634  PROXIES: TOTAL 654 MAXPE 29 MAXPATCH 4 None 1.2408
LDB: TIME 8867.26 LOAD: AVG 7.17566 MAX 7.38634  PROXIES: TOTAL 654 MAXPE 29 MAXPATCH 4 RefineTorusLB 1.2408
LDB: ============== END OF LOAD BALANCING =============== 8867.26

PRESSURE: 110000 -13296.7 -6.80972 6.65957 -24.5672 -13375.7 0.839154 1.1221 -0.148034 -13294.7
GPRESSURE: 110000 38.3437 -63.3894 -52.8883 51.3031 9.6776 39.1492 44.9642 19.6893 127.999
PRESSAVG: 110000 5.98957 18.3673 -24.4647 0.436105 0.187534 -4.05193 -16.6976 7.49543 5.00475
GPRESSAVG: 110000 6.09174 18.4019 -24.3873 0.369537 0.171248 -3.89689 -16.7889 7.59055 4.98256
TIMING: 110000  CPU: 7817.75, 0.0711962/step  Wall: 8989.53, 0.081594/step, 3.1731 hours remaining, 134.956726 MB of memory in use.
ENERGY:  110000      7986.0794     40624.7963     27885.6314       515.3717        -442128.0627     12175.0262       300.6313         0.0000    115074.0853        -237566.4410       309.7019   -352640.5264   -237296.2639       309.6866         -13322.3752        58.6734   1686703.3569         3.7273         3.7485

WRITING EXTENDED SYSTEM TO RESTART FILE AT STEP 110000
WRITING COORDINATES TO DCD FILE AT STEP 110000
WRITING COORDINATES TO RESTART FILE AT STEP 110000
FINISHED WRITING RESTART COORDINATES
WRITING VELOCITIES TO RESTART FILE AT STEP 110000
FINISHED WRITING RESTART VELOCITIES
LDB: ============= START OF LOAD BALANCING ============== 9185.77
LDB: ============== END OF LOAD BALANCING =============== 9185.77

LDB: ============= START OF LOAD BALANCING ============== 9194.15
LDB: TIME 9194.16 LOAD: AVG 7.18599 MAX 7.48021  PROXIES: TOTAL 654 MAXPE 29 MAXPATCH 4 None 1.25737
LDB: TIME 9194.17 LOAD: AVG 7.18599 MAX 7.48021  PROXIES: TOTAL 654 MAXPE 29 MAXPATCH 4 RefineTorusLB 1.25737
LDB: ============== END OF LOAD BALANCING =============== 9194.17

PRESSURE: 115000 -13656.4 24.6767 55.7084 26.6807 -13478.8 -23.5821 128.6 43.4984 -13218.8
GPRESSURE: 115000 -162.917 -12.4642 59.7995 3.26371 -34.9472 -81.4949 60.5367 -7.57009 42.3927
PRESSAVG: 115000 5.48554 36.7069 -21.4474 18.3283 -9.19667 -21.0276 -18.7816 29.9545 -2.7669
GPRESSAVG: 115000 5.48881 36.6267 -21.5443 18.3434 -9.17723 -21.0715 -18.6983 29.9477 -2.82336
TIMING: 115000  CPU: 8173.86, 0.0712218/step  Wall: 9398.53, 0.0818003/step, 3.06751 hours remaining, 133.907013 MB of memory in use.
ENERGY:  115000      8013.5861     40394.9778     27912.8006       503.2293        -442326.7348     12108.4268       308.4531         0.0000    114932.9915        -238152.2696       309.3222   -353085.2611   -237868.2130       309.6742         -13451.3127       -51.8238   1688533.0282        -2.1593        -2.1706

WRITING EXTENDED SYSTEM TO RESTART FILE AT STEP 115000
WRITING COORDINATES TO DCD FILE AT STEP 115000
WRITING COORDINATES TO RESTART FILE AT STEP 115000
FINISHED WRITING RESTART COORDINATES
WRITING VELOCITIES TO RESTART FILE AT STEP 115000
FINISHED WRITING RESTART VELOCITIES
LDB: ============= START OF LOAD BALANCING ============== 9513.6
LDB: ============== END OF LOAD BALANCING =============== 9513.6

LDB: ============= START OF LOAD BALANCING ============== 9521.97
LDB: TIME 9521.97 LOAD: AVG 7.17588 MAX 7.41526  PROXIES: TOTAL 654 MAXPE 29 MAXPATCH 4 None 1.25432
LDB: TIME 9521.98 LOAD: AVG 7.17588 MAX 7.41526  PROXIES: TOTAL 654 MAXPE 29 MAXPATCH 4 RefineTorusLB 1.25432
LDB: ============== END OF LOAD BALANCING =============== 9521.98

WRITING COORDINATES TO DCD FILE AT STEP 120000
WRITING COORDINATES TO RESTART FILE AT STEP 120000
FINISHED WRITING RESTART COORDINATES
PRESSURE: 120000 -13285.5 34.3302 79.5106 16.2714 -13638.3 1.80225 144.131 36.5289 -13202.7
GPRESSURE: 120000 162.332 18.9323 93.5092 -6.68999 -129.436 -47.2448 129.241 -1.24071 27.8876
PRESSAVG: 120000 13.7858 46.6999 -29.6058 26.2354 -10.1902 -2.61785 -35.8493 7.57094 2.69907
GPRESSAVG: 120000 13.5458 46.7972 -29.4759 26.2523 -10.0347 -2.66134 -35.8457 7.65243 2.76749
TIMING: 120000  CPU: 8529.95, 0.0712182/step  Wall: 9808.98, 0.082091/step, 2.9644 hours remaining, 132.932434 MB of memory in use.
ENERGY:  120000      8032.6483     40353.5692     27915.5649       513.1594        -442674.4249     12157.7590       299.2988         0.0000    115348.5602        -238053.8651       310.4406   -353402.4252   -237759.9603       309.5193         -13375.4806        20.2613   1690406.1777         2.0982         2.0929

WRITING EXTENDED SYSTEM TO RESTART FILE AT STEP 120000
WRITING VELOCITIES TO RESTART FILE AT STEP 120000
FINISHED WRITING RESTART VELOCITIES
LDB: ============= START OF LOAD BALANCING ============== 9841.69
LDB: ============== END OF LOAD BALANCING =============== 9841.69

LDB: ============= START OF LOAD BALANCING ============== 9850.27
LDB: TIME 9850.28 LOAD: AVG 7.17413 MAX 7.4335  PROXIES: TOTAL 654 MAXPE 29 MAXPATCH 4 None 1.23814
LDB: TIME 9850.29 LOAD: AVG 7.17413 MAX 7.4335  PROXIES: TOTAL 654 MAXPE 29 MAXPATCH 4 RefineTorusLB 1.23814
LDB: ============== END OF LOAD BALANCING =============== 9850.29

LDB: ============= START OF LOAD BALANCING ============== 10169.3
LDB: ============== END OF LOAD BALANCING =============== 10169.3

LDB: ============= START OF LOAD BALANCING ============== 10177.8
LDB: TIME 10177.8 LOAD: AVG 7.17593 MAX 7.37717  PROXIES: TOTAL 654 MAXPE 29 MAXPATCH 4 None 1.2494
LDB: TIME 10177.8 LOAD: AVG 7.17593 MAX 7.37717  PROXIES: TOTAL 654 MAXPE 29 MAXPATCH 4 RefineTorusLB 1.2494
LDB: ============== END OF LOAD BALANCING =============== 10177.8

PRESSURE: 125000 -13312.2 158.147 -68.6695 126.365 -13416.8 35.2601 -74.0042 3.27927 -13453.5
GPRESSURE: 125000 23.9944 13.313 -118.583 104.244 13.1226 9.83084 -95.6439 53.1352 -140.785
PRESSAVG: 125000 28.7317 51.4582 -10.7335 38.9764 -21.0747 -19.8303 -9.98612 0.113568 2.57161
GPRESSAVG: 125000 28.7993 51.3298 -10.8229 39.0548 -21.0447 -19.6995 -10.0095 0.153553 2.52435
TIMING: 125000  CPU: 8886.64, 0.0713368/step  Wall: 10218.7, 0.081936/step, 2.845 hours remaining, 133.034271 MB of memory in use.
ENERGY:  125000      8032.1553     40885.4601     27811.4713       530.7792        -442597.7381     12290.5552       311.1154         0.0000    114788.6033        -237947.5982       308.9336   -352736.2016   -237668.1886       309.8057         -13394.1686       -34.5561   1689359.2442         3.4095         3.4263

WRITING EXTENDED SYSTEM TO RESTART FILE AT STEP 125000
WRITING COORDINATES TO DCD FILE AT STEP 125000
WRITING COORDINATES TO RESTART FILE AT STEP 125000
FINISHED WRITING RESTART COORDINATES
WRITING VELOCITIES TO RESTART FILE AT STEP 125000
FINISHED WRITING RESTART VELOCITIES
LDB: ============= START OF LOAD BALANCING ============== 10496.5
LDB: ============== END OF LOAD BALANCING =============== 10496.5

LDB: ============= START OF LOAD BALANCING ============== 10505
LDB: TIME 10505 LOAD: AVG 7.1991 MAX 7.37431  PROXIES: TOTAL 654 MAXPE 29 MAXPATCH 4 None 1.25745
LDB: TIME 10505.1 LOAD: AVG 7.1991 MAX 7.37431  PROXIES: TOTAL 654 MAXPE 29 MAXPATCH 4 RefineTorusLB 1.25745
LDB: ============== END OF LOAD BALANCING =============== 10505.1

PRESSURE: 130000 -13301 154.866 -17.7664 185.93 -13512.8 -100.438 -35.6344 -108.338 -13162
GPRESSURE: 130000 233.135 178.621 23.0381 117.596 -220.047 -105.771 -80.9952 -40.2275 146.543
PRESSAVG: 130000 -4.98207 14.0242 -17.2194 19.2941 0.319272 18.9566 -12.6582 20.082 7.50077
GPRESSAVG: 130000 -4.93883 14.0733 -17.3408 19.3442 0.332233 19.0457 -12.6532 20.0577 7.36605
TIMING: 130000  CPU: 9242.8, 0.0712328/step  Wall: 10627.4, 0.0817494/step, 2.72498 hours remaining, 133.324829 MB of memory in use.
ENERGY:  130000      7989.6067     40570.5206     27833.0054       519.5414        -442247.7464     12305.2135       280.9169         0.0000    114944.8801        -237804.0618       309.3542   -352748.9418   -237530.7753       309.5926         -13325.2658        53.2103   1689229.3802         0.9460         0.9198

WRITING EXTENDED SYSTEM TO RESTART FILE AT STEP 130000
WRITING COORDINATES TO DCD FILE AT STEP 130000
WRITING COORDINATES TO RESTART FILE AT STEP 130000
FINISHED WRITING RESTART COORDINATES
WRITING VELOCITIES TO RESTART FILE AT STEP 130000
FINISHED WRITING RESTART VELOCITIES
LDB: ============= START OF LOAD BALANCING ============== 10823
LDB: ============== END OF LOAD BALANCING =============== 10823

LDB: ============= START OF LOAD BALANCING ============== 10831.4
LDB: TIME 10831.4 LOAD: AVG 7.1845 MAX 7.43548  PROXIES: TOTAL 654 MAXPE 29 MAXPATCH 4 None 1.24381
LDB: TIME 10831.4 LOAD: AVG 7.1845 MAX 7.43548  PROXIES: TOTAL 654 MAXPE 29 MAXPATCH 4 RefineTorusLB 1.24381
LDB: ============== END OF LOAD BALANCING =============== 10831.4

PRESSURE: 135000 -13369.8 26.6915 -102.024 43.5897 -13495.9 11.0511 -89.0864 40.5225 -13220.5
GPRESSURE: 135000 125.89 -12.9756 -122.137 -47.0487 -99.8083 74.8674 -98.045 0.451732 20.1076
PRESSAVG: 135000 24.2531 5.22598 -18.4038 -2.39071 -24.3792 -12.4116 -8.30378 2.64049 -1.57425
GPRESSAVG: 135000 24.1685 5.19804 -18.282 -2.51067 -24.5773 -12.3048 -8.46354 2.54075 -1.72064
TIMING: 135000  CPU: 9599.95, 0.0714303/step  Wall: 11036.1, 0.0817396/step, 2.61113 hours remaining, 133.592377 MB of memory in use.
ENERGY:  135000      8110.2325     40424.7381     27963.6156       501.6424        -442187.2145     11909.3820       309.1207         0.0000    115016.7967        -237951.6867       309.5478   -352968.4834   -237671.9020       309.6246         -13362.0578        15.3963   1688640.0255        -0.5668        -0.7098

WRITING EXTENDED SYSTEM TO RESTART FILE AT STEP 135000
WRITING COORDINATES TO DCD FILE AT STEP 135000
WRITING COORDINATES TO RESTART FILE AT STEP 135000
FINISHED WRITING RESTART COORDINATES
WRITING VELOCITIES TO RESTART FILE AT STEP 135000
FINISHED WRITING RESTART VELOCITIES
LDB: ============= START OF LOAD BALANCING ============== 11150.9
LDB: ============== END OF LOAD BALANCING =============== 11150.9

LDB: ============= START OF LOAD BALANCING ============== 11159.1
LDB: TIME 11159.1 LOAD: AVG 7.17896 MAX 7.42547  PROXIES: TOTAL 654 MAXPE 29 MAXPATCH 4 None 1.25448
LDB: TIME 11159.1 LOAD: AVG 7.17896 MAX 7.42547  PROXIES: TOTAL 654 MAXPE 29 MAXPATCH 4 RefineTorusLB 1.25448
LDB: ============== END OF LOAD BALANCING =============== 11159.1

PRESSURE: 140000 -13570.4 -30.7451 -130.337 -21.7362 -13274.4 -100.639 -166.977 -57.2624 -13114.7
GPRESSURE: 140000 -105.065 -96.8921 -76.3809 1.56763 86.7575 -42.8223 -106.603 -43.9462 75.6748
PRESSAVG: 140000 20.7254 4.21828 -25.3372 0.207225 -25.6324 4.9381 -14.2417 -2.91144 -1.88224
GPRESSAVG: 140000 20.6816 4.02028 -25.3936 0.275637 -25.595 4.89938 -13.9736 -2.75709 -2.02937
TIMING: 140000  CPU: 9956.92, 0.0713937/step  Wall: 11444.6, 0.0817041/step, 2.49651 hours remaining, 133.393005 MB of memory in use.
ENERGY:  140000      8004.6904     40719.7696     27897.7530       537.0765        -441675.7526     12300.7773       325.7521         0.0000    114711.2361        -237178.6976       308.7254   -351889.9337   -236873.0999       309.7517         -13319.8223        19.1224   1689998.3954        -2.2631        -2.3142

WRITING EXTENDED SYSTEM TO RESTART FILE AT STEP 140000
WRITING COORDINATES TO DCD FILE AT STEP 140000
WRITING COORDINATES TO RESTART FILE AT STEP 140000
FINISHED WRITING RESTART COORDINATES
WRITING VELOCITIES TO RESTART FILE AT STEP 140000
FINISHED WRITING RESTART VELOCITIES
LDB: ============= START OF LOAD BALANCING ============== 11477.5
LDB: ============== END OF LOAD BALANCING =============== 11477.5

LDB: ============= START OF LOAD BALANCING ============== 11485.7
LDB: TIME 11485.7 LOAD: AVG 7.15081 MAX 7.37478  PROXIES: TOTAL 654 MAXPE 29 MAXPATCH 4 None 1.23833
LDB: TIME 11485.7 LOAD: AVG 7.15081 MAX 7.37478  PROXIES: TOTAL 654 MAXPE 29 MAXPATCH 4 RefineTorusLB 1.23833
LDB: ============== END OF LOAD BALANCING =============== 11485.7

LDB: ============= START OF LOAD BALANCING ============== 11803.7
LDB: ============== END OF LOAD BALANCING =============== 11803.7

LDB: ============= START OF LOAD BALANCING ============== 11812
LDB: TIME 11812 LOAD: AVG 7.17409 MAX 7.34332  PROXIES: TOTAL 654 MAXPE 29 MAXPATCH 4 None 1.24626
LDB: TIME 11812 LOAD: AVG 7.17409 MAX 7.34332  PROXIES: TOTAL 654 MAXPE 29 MAXPATCH 4 RefineTorusLB 1.24626
LDB: ============== END OF LOAD BALANCING =============== 11812

PRESSURE: 145000 -13705.9 -23.5546 -58.4398 -39.966 -13450.9 30.464 -63.5245 42.0331 -13078.4
GPRESSURE: 145000 -140.991 5.26986 -170.566 -33.5031 -74.7113 100.616 -117.008 103.163 188.668
PRESSAVG: 145000 -0.580993 -23.7635 4.28694 -25.9188 -0.780512 -0.940375 -7.30746 0.317363 4.51928
GPRESSAVG: 145000 -0.717466 -23.7647 4.48983 -25.8716 -1.01783 -0.975422 -7.38973 0.455579 4.61297
TIMING: 145000  CPU: 10311.2, 0.0708462/step  Wall: 11852.5, 0.0815698/step, 2.37912 hours remaining, 134.012390 MB of memory in use.
ENERGY:  145000      8100.5684     40668.7943     27983.3722       495.6392        -442534.2225     11982.0891       322.0269         0.0000    114643.6403        -238338.0922       308.5435   -352981.7325   -238045.7180       309.7895         -13411.7385        -9.0117   1686786.6589         1.0526         0.9592

WRITING EXTENDED SYSTEM TO RESTART FILE AT STEP 145000
WRITING COORDINATES TO DCD FILE AT STEP 145000
WRITING COORDINATES TO RESTART FILE AT STEP 145000
FINISHED WRITING RESTART COORDINATES
WRITING VELOCITIES TO RESTART FILE AT STEP 145000
FINISHED WRITING RESTART VELOCITIES
LDB: ============= START OF LOAD BALANCING ============== 12130.5
LDB: ============== END OF LOAD BALANCING =============== 12130.5

LDB: ============= START OF LOAD BALANCING ============== 12138.9
LDB: TIME 12138.9 LOAD: AVG 7.17588 MAX 7.45843  PROXIES: TOTAL 654 MAXPE 29 MAXPATCH 4 None 1.24496
LDB: TIME 12139 LOAD: AVG 7.17588 MAX 7.45843  PROXIES: TOTAL 654 MAXPE 29 MAXPATCH 4 RefineTorusLB 1.24496
LDB: ============== END OF LOAD BALANCING =============== 12139

PRESSURE: 150000 -13468.6 -16.6675 -9.18587 35.2631 -13439.2 32.1751 -10.3847 63.7171 -13269.2
GPRESSURE: 150000 -103.264 -52.4767 -37.2925 76.3947 22.5517 60.8796 17.647 23.4761 -26.4832
PRESSAVG: 150000 -2.68872 -14.4647 2.67661 -10.8191 2.38514 4.89875 -28.6576 7.90493 2.15413
GPRESSAVG: 150000 -2.71823 -14.3802 2.63369 -10.9455 2.40071 4.8772 -28.5134 7.80169 2.15872
TIMING: 150000  CPU: 10666.7, 0.0711172/step  Wall: 12261, 0.0816975/step, 2.26938 hours remaining, 134.372314 MB of memory in use.
ETITLE:      TS           BOND          ANGLE          DIHED          IMPRP               ELECT            VDW       BOUNDARY           MISC        KINETIC               TOTAL           TEMP      POTENTIAL         TOTAL3        TEMPAVG            PRESSURE      GPRESSURE         VOLUME       PRESSAVG      GPRESSAVG

ENERGY:  150000      8075.2076     40467.5047     27839.2546       503.6485        -441859.5612     11943.3440       313.9067         0.0000    114960.3560        -237756.3390       309.3959   -352716.6950   -237466.1450       309.5472         -13392.3034       -35.7318   1687841.1234         0.6169         0.6137

WRITING EXTENDED SYSTEM TO RESTART FILE AT STEP 150000
WRITING COORDINATES TO DCD FILE AT STEP 150000
WRITING COORDINATES TO RESTART FILE AT STEP 150000
FINISHED WRITING RESTART COORDINATES
WRITING VELOCITIES TO RESTART FILE AT STEP 150000
FINISHED WRITING RESTART VELOCITIES
LDB: ============= START OF LOAD BALANCING ============== 12456.6
LDB: ============== END OF LOAD BALANCING =============== 12456.6

LDB: ============= START OF LOAD BALANCING ============== 12465
LDB: TIME 12465 LOAD: AVG 7.17647 MAX 7.37399  PROXIES: TOTAL 654 MAXPE 29 MAXPATCH 4 None 1.24828
LDB: TIME 12465 LOAD: AVG 7.17647 MAX 7.37399  PROXIES: TOTAL 654 MAXPE 29 MAXPATCH 4 RefineTorusLB 1.24828
LDB: ============== END OF LOAD BALANCING =============== 12465

PRESSURE: 155000 -13669.7 107.06 121.127 140.991 -13654.1 52.3757 57.2626 93.2579 -13315.7
GPRESSURE: 155000 -223.491 -55.6346 91.8291 124.071 -244.218 42.9809 48.1742 68.8385 -113.178
PRESSAVG: 155000 -3.26241 4.79204 0.509316 16.312 1.90661 -13.8809 -0.818974 -6.02494 2.96989
GPRESSAVG: 155000 -3.19043 4.8474 0.508909 16.3595 1.82809 -13.942 -0.667771 -6.16485 3.01622
TIMING: 155000  CPU: 11020.7, 0.07079/step  Wall: 12668.4, 0.0814849/step, 2.1503 hours remaining, 134.353302 MB of memory in use.
ENERGY:  155000      7944.1675     40613.0767     27788.1405       515.2961        -441768.7534     11682.8343       316.9977         0.0000    115028.4764        -237879.7643       309.5792   -352908.2407   -237575.5795       310.0083         -13546.5112      -193.6287   1690749.8328         0.5380         0.5513

WRITING EXTENDED SYSTEM TO RESTART FILE AT STEP 155000
WRITING COORDINATES TO DCD FILE AT STEP 155000
WRITING COORDINATES TO RESTART FILE AT STEP 155000
FINISHED WRITING RESTART COORDINATES
WRITING VELOCITIES TO RESTART FILE AT STEP 155000
FINISHED WRITING RESTART VELOCITIES
LDB: ============= START OF LOAD BALANCING ============== 12782.9
LDB: ============== END OF LOAD BALANCING =============== 12782.9

LDB: ============= START OF LOAD BALANCING ============== 12791.1
LDB: TIME 12791.1 LOAD: AVG 7.16294 MAX 7.41102  PROXIES: TOTAL 654 MAXPE 29 MAXPATCH 4 None 1.24611
LDB: TIME 12791.1 LOAD: AVG 7.16294 MAX 7.41102  PROXIES: TOTAL 654 MAXPE 29 MAXPATCH 4 RefineTorusLB 1.24611
LDB: ============== END OF LOAD BALANCING =============== 12791.1

WRITING COORDINATES TO DCD FILE AT STEP 160000
WRITING COORDINATES TO RESTART FILE AT STEP 160000
FINISHED WRITING RESTART COORDINATES
PRESSURE: 160000 -13452.4 -7.23969 -193.865 -78.7733 -13590.1 -69.0479 -168.236 -82.1112 -13269.9
GPRESSURE: 160000 -167.397 16.0034 -155.088 -75.6618 -118.715 -46.9691 -114.65 -129.621 -18.0786
PRESSAVG: 160000 13.662 24.6646 -11.0662 7.29533 0.0508347 -1.42514 -7.59066 7.74584 3.90092
GPRESSAVG: 160000 13.6552 24.813 -10.8226 7.24732 0.0120673 -1.57677 -7.77879 7.69196 3.92121
TIMING: 160000  CPU: 11376.5, 0.0711692/step  Wall: 13078.1, 0.0819485/step, 2.04871 hours remaining, 133.323761 MB of memory in use.
ENERGY:  160000      7974.4563     40404.9513     27913.5095       529.2546        -441276.6259     11723.1621       309.4418         0.0000    115179.8979        -237241.9525       309.9867   -352421.8503   -236936.9310       309.7824         -13437.4367      -101.3971   1691186.8796         5.8712         5.8628

WRITING EXTENDED SYSTEM TO RESTART FILE AT STEP 160000
WRITING VELOCITIES TO RESTART FILE AT STEP 160000
FINISHED WRITING RESTART VELOCITIES
LDB: ============= START OF LOAD BALANCING ============== 13111.2
LDB: ============== END OF LOAD BALANCING =============== 13111.2

LDB: ============= START OF LOAD BALANCING ============== 13119.6
LDB: TIME 13119.6 LOAD: AVG 7.19031 MAX 7.48033  PROXIES: TOTAL 654 MAXPE 29 MAXPATCH 4 None 1.25967
LDB: TIME 13119.6 LOAD: AVG 7.19031 MAX 7.48033  PROXIES: TOTAL 654 MAXPE 29 MAXPATCH 4 RefineTorusLB 1.25967
LDB: ============== END OF LOAD BALANCING =============== 13119.6

LDB: ============= START OF LOAD BALANCING ============== 13438
LDB: ============== END OF LOAD BALANCING =============== 13438

LDB: ============= START OF LOAD BALANCING ============== 13446.5
LDB: TIME 13446.5 LOAD: AVG 7.19527 MAX 7.40289  PROXIES: TOTAL 654 MAXPE 29 MAXPATCH 4 None 1.24779
LDB: TIME 13446.5 LOAD: AVG 7.19527 MAX 7.40289  PROXIES: TOTAL 654 MAXPE 29 MAXPATCH 4 RefineTorusLB 1.24779
LDB: ============== END OF LOAD BALANCING =============== 13446.5

PRESSURE: 165000 -13122.8 -100.142 -51.7225 -115.994 -13287.2 91.6839 -30.311 91.0201 -13121
GPRESSURE: 165000 258.707 -46.2877 -47.4762 -79.4612 265.839 160.421 51.6263 145.668 168.525
PRESSAVG: 165000 7.3556 -0.423351 -6.92648 -9.49462 -7.26632 17.9554 6.11017 5.84866 2.74768
GPRESSAVG: 165000 7.24978 -0.513367 -6.97028 -9.36479 -7.27445 17.8091 6.09337 5.97672 2.85003
TIMING: 165000  CPU: 11734.6, 0.0716073/step  Wall: 13487.7, 0.0819069/step, 1.93391 hours remaining, 133.841125 MB of memory in use.
ENERGY:  165000      7999.9963     40685.0039     27820.9338       515.5888        -442539.9975     11921.1971       307.8829         0.0000    115014.8898        -238274.5048       309.5426   -353289.3947   -237981.3170       309.7841         -13177.0337       231.0236   1686054.4463         0.9457         0.9418

WRITING EXTENDED SYSTEM TO RESTART FILE AT STEP 165000
WRITING COORDINATES TO DCD FILE AT STEP 165000
WRITING COORDINATES TO RESTART FILE AT STEP 165000
FINISHED WRITING RESTART COORDINATES
WRITING VELOCITIES TO RESTART FILE AT STEP 165000
FINISHED WRITING RESTART VELOCITIES
LDB: ============= START OF LOAD BALANCING ============== 13767
LDB: ============== END OF LOAD BALANCING =============== 13767

LDB: ============= START OF LOAD BALANCING ============== 13775.3
LDB: TIME 13775.4 LOAD: AVG 7.19285 MAX 7.38732  PROXIES: TOTAL 654 MAXPE 29 MAXPATCH 4 None 1.25459
LDB: TIME 13775.4 LOAD: AVG 7.19285 MAX 7.38732  PROXIES: TOTAL 654 MAXPE 29 MAXPATCH 4 RefineTorusLB 1.25459
LDB: ============== END OF LOAD BALANCING =============== 13775.4

WRITING COORDINATES TO DCD FILE AT STEP 170000
WRITING COORDINATES TO RESTART FILE AT STEP 170000
FINISHED WRITING RESTART COORDINATES
PRESSURE: 170000 -13416.5 4.05442 -134.007 -13.9423 -13382.4 -65.8813 -169.019 30.5222 -13327.4
GPRESSURE: 170000 2.10516 9.18883 -147.598 -18.1067 -66.3589 -102.509 -239.85 20.4482 53.603
PRESSAVG: 170000 23.02 6.46062 -7.87011 13.7933 -26.5491 20.9048 8.68951 4.68944 4.68642
GPRESSAVG: 170000 23.1359 6.63794 -8.05664 13.7277 -26.8129 20.9338 8.68397 4.62457 4.73518
TIMING: 170000  CPU: 12092.4, 0.0715565/step  Wall: 13898.9, 0.0822406/step, 1.82757 hours remaining, 132.898438 MB of memory in use.
ENERGY:  170000      8028.1498     40762.6686     27836.8557       499.4877        -442276.9159     12249.4307       310.8824         0.0000    114771.2629        -237818.1780       308.8869   -352589.4409   -237503.0482       309.6713         -13375.4271        -3.5502   1688617.4931         0.3858         0.3527

WRITING EXTENDED SYSTEM TO RESTART FILE AT STEP 170000
WRITING VELOCITIES TO RESTART FILE AT STEP 170000
FINISHED WRITING RESTART VELOCITIES
LDB: ============= START OF LOAD BALANCING ============== 14095.3
LDB: ============== END OF LOAD BALANCING =============== 14095.3

LDB: ============= START OF LOAD BALANCING ============== 14103.7
LDB: TIME 14103.7 LOAD: AVG 7.16974 MAX 7.43393  PROXIES: TOTAL 654 MAXPE 29 MAXPATCH 4 None 1.23979
LDB: TIME 14103.8 LOAD: AVG 7.16974 MAX 7.43393  PROXIES: TOTAL 654 MAXPE 29 MAXPATCH 4 RefineTorusLB 1.23979
LDB: ============== END OF LOAD BALANCING =============== 14103.8

PRESSURE: 175000 -13338.2 93.9663 -53.2252 78.1975 -13560.2 -25.3483 12.0726 -92.8246 -13463.6
GPRESSURE: 175000 49.1925 76.99 -126.226 131.634 -108.238 -120.616 -29.2578 -164.468 -208.54
PRESSAVG: 175000 11.9906 41.663 -6.12776 30.1235 -16.5871 -12.4855 11.8212 -15.408 0.921062
GPRESSAVG: 175000 11.9165 41.4666 -6.14004 30.1101 -16.5356 -12.3556 11.954 -15.4189 0.771527
TIMING: 175000  CPU: 12449.7, 0.0714733/step  Wall: 14308.6, 0.0819456/step, 1.7072 hours remaining, 133.656677 MB of memory in use.
ENERGY:  175000      8070.4406     40513.5207     27827.8174       506.1493        -441740.8525     12023.3438       297.7464         0.0000    115068.0411        -237433.7932       309.6857   -352501.8343   -237154.0638       309.7728         -13453.9672       -89.1951   1688988.7902        -1.2252        -1.2825

WRITING EXTENDED SYSTEM TO RESTART FILE AT STEP 175000
WRITING COORDINATES TO DCD FILE AT STEP 175000
WRITING COORDINATES TO RESTART FILE AT STEP 175000
FINISHED WRITING RESTART COORDINATES
WRITING VELOCITIES TO RESTART FILE AT STEP 175000
FINISHED WRITING RESTART VELOCITIES
LDB: ============= START OF LOAD BALANCING ============== 14423.1
LDB: ============== END OF LOAD BALANCING =============== 14423.1

LDB: ============= START OF LOAD BALANCING ============== 14431.5
LDB: TIME 14431.5 LOAD: AVG 7.17827 MAX 7.43997  PROXIES: TOTAL 654 MAXPE 29 MAXPATCH 4 None 1.25414
LDB: TIME 14431.5 LOAD: AVG 7.17827 MAX 7.43997  PROXIES: TOTAL 654 MAXPE 29 MAXPATCH 4 RefineTorusLB 1.25414
LDB: ============== END OF LOAD BALANCING =============== 14431.5

PRESSURE: 180000 -13222.6 -115.076 -8.98416 -89.386 -13349.3 -12.0861 55.3175 -59.7072 -13158.9
GPRESSURE: 180000 115.835 -114.993 -92.9423 -48.947 15.9845 60.264 46.0313 -97.5029 221.325
PRESSAVG: 180000 29.7277 14.3977 -28.1577 5.34954 -27.4391 9.15607 -2.67792 4.51966 3.56535
GPRESSAVG: 180000 29.5476 14.5276 -28.2567 5.46261 -27.4228 9.26946 -2.60277 4.36633 3.56514
TIMING: 180000  CPU: 12807.4, 0.0715367/step  Wall: 14718.8, 0.0820411/step, 1.59524 hours remaining, 133.143494 MB of memory in use.
ENERGY:  180000      7924.7412     40665.8851     27844.3138       516.0824        -442317.5131     12401.6797       297.4694         0.0000    115055.9879        -237611.3535       309.6532   -352667.3414   -237325.9929       310.0277         -13243.6085       117.7148   1691357.8117         1.9513         1.8967

WRITING EXTENDED SYSTEM TO RESTART FILE AT STEP 180000
WRITING COORDINATES TO DCD FILE AT STEP 180000
WRITING COORDINATES TO RESTART FILE AT STEP 180000
FINISHED WRITING RESTART COORDINATES
WRITING VELOCITIES TO RESTART FILE AT STEP 180000
FINISHED WRITING RESTART VELOCITIES
LDB: ============= START OF LOAD BALANCING ============== 14751.6
LDB: ============== END OF LOAD BALANCING =============== 14751.6

LDB: ============= START OF LOAD BALANCING ============== 14760.1
LDB: TIME 14760.2 LOAD: AVG 7.19639 MAX 7.45082  PROXIES: TOTAL 654 MAXPE 29 MAXPATCH 4 None 1.25892
LDB: TIME 14760.2 LOAD: AVG 7.19639 MAX 7.45082  PROXIES: TOTAL 654 MAXPE 29 MAXPATCH 4 RefineTorusLB 1.25892
LDB: ============== END OF LOAD BALANCING =============== 14760.2

LDB: ============= START OF LOAD BALANCING ============== 15079.2
LDB: ============== END OF LOAD BALANCING =============== 15079.2

LDB: ============= START OF LOAD BALANCING ============== 15087.5
LDB: TIME 15087.5 LOAD: AVG 7.19752 MAX 7.43595  PROXIES: TOTAL 654 MAXPE 29 MAXPATCH 4 None 1.26085
LDB: TIME 15087.5 LOAD: AVG 7.19752 MAX 7.43595  PROXIES: TOTAL 654 MAXPE 29 MAXPATCH 4 RefineTorusLB 1.26085
LDB: ============== END OF LOAD BALANCING =============== 15087.5

PRESSURE: 185000 -13372.6 -19.4064 -63.5181 19.3598 -13202.8 151.355 -74.7065 176.987 -12828.5
GPRESSURE: 185000 82.6765 -59.6376 -85.9636 -57.6317 223.614 115.653 -248.939 164.605 452.695
PRESSAVG: 185000 37.5914 -4.44701 8.08338 -11.1228 -33.1764 10.3747 1.639 10.3773 -3.68187
GPRESSAVG: 185000 37.6401 -4.42264 8.0629 -11.0621 -33.2992 10.3391 1.63515 10.4809 -3.65347
TIMING: 185000  CPU: 13164.7, 0.0714515/step  Wall: 15128.6, 0.0819692/step, 1.48 hours remaining, 133.352875 MB of memory in use.
ENERGY:  185000      7958.8393     40679.1146     27829.4100       499.0018        -442405.6096     12522.3661       314.6733         0.0000    114897.9626        -237704.2419       309.2279   -352602.2046   -237423.5987       310.1779         -13134.6034       252.9953   1688001.2531         0.2444         0.2291

WRITING EXTENDED SYSTEM TO RESTART FILE AT STEP 185000
WRITING COORDINATES TO DCD FILE AT STEP 185000
WRITING COORDINATES TO RESTART FILE AT STEP 185000
FINISHED WRITING RESTART COORDINATES
WRITING VELOCITIES TO RESTART FILE AT STEP 185000
FINISHED WRITING RESTART VELOCITIES
LDB: ============= START OF LOAD BALANCING ============== 15407.2
LDB: ============== END OF LOAD BALANCING =============== 15407.2

LDB: ============= START OF LOAD BALANCING ============== 15415.7
LDB: TIME 15415.7 LOAD: AVG 7.17804 MAX 7.38209  PROXIES: TOTAL 654 MAXPE 29 MAXPATCH 4 None 1.25019
LDB: TIME 15415.7 LOAD: AVG 7.17804 MAX 7.38209  PROXIES: TOTAL 654 MAXPE 29 MAXPATCH 4 RefineTorusLB 1.25019
LDB: ============== END OF LOAD BALANCING =============== 15415.7

PRESSURE: 190000 -13630.6 102.181 140.315 58.9557 -13511.8 -72.781 168.048 -103.389 -13340.1
GPRESSURE: 190000 -154.984 58.6063 133.946 77.2273 -41.5262 -30.4008 187.689 17.0053 -129.902
PRESSAVG: 190000 9.11191 -0.362054 -23.3803 -6.37553 -2.64785 0.397163 1.20257 -5.7653 -0.203353
GPRESSAVG: 190000 9.12105 -0.402538 -23.4237 -6.27878 -2.50485 0.439066 1.32759 -6.02831 -0.149526
TIMING: 190000  CPU: 13520.9, 0.0712544/step  Wall: 15538.3, 0.0819274/step, 1.36546 hours remaining, 132.920227 MB of memory in use.
ENERGY:  190000      8024.5197     40503.8037     27985.7537       509.0078        -442213.5725     11903.8207       299.5391         0.0000    114900.9680        -238086.1598       309.2360   -352987.1277   -237790.8831       309.9339         -13494.1489      -108.8039   1688458.9582         2.0869         2.1556

WRITING EXTENDED SYSTEM TO RESTART FILE AT STEP 190000
WRITING COORDINATES TO DCD FILE AT STEP 190000
WRITING COORDINATES TO RESTART FILE AT STEP 190000
FINISHED WRITING RESTART COORDINATES
WRITING VELOCITIES TO RESTART FILE AT STEP 190000
FINISHED WRITING RESTART VELOCITIES
LDB: ============= START OF LOAD BALANCING ============== 15734.3
LDB: ============== END OF LOAD BALANCING =============== 15734.3

LDB: ============= START OF LOAD BALANCING ============== 15742.7
LDB: TIME 15742.7 LOAD: AVG 7.19937 MAX 7.46755  PROXIES: TOTAL 654 MAXPE 29 MAXPATCH 4 None 1.26666
LDB: TIME 15742.7 LOAD: AVG 7.19937 MAX 7.46755  PROXIES: TOTAL 654 MAXPE 29 MAXPATCH 4 RefineTorusLB 1.26666
LDB: ============== END OF LOAD BALANCING =============== 15742.7

PRESSURE: 195000 -13490.7 49.8974 165.932 40.7424 -13260.2 -47.3405 141.485 -0.93755 -13454.8
GPRESSURE: 195000 -73.493 -27.7138 174.12 -55.9507 144.613 -104.223 108.347 -25.6115 -131.261
PRESSAVG: 195000 -9.55307 8.64474 13.4459 -9.13934 3.81401 -22.7524 0.386199 15.2579 2.57988
GPRESSAVG: 195000 -9.51603 8.75094 13.4853 -9.21615 3.52337 -22.8583 0.281662 15.337 2.68263
TIMING: 195000  CPU: 13876.9, 0.0711958/step  Wall: 15947.3, 0.081808/step, 1.24984 hours remaining, 133.703186 MB of memory in use.
ENERGY:  195000      7995.9923     40448.0691     27830.9296       504.9969        -442593.2929     12011.8821       303.8231         0.0000    115302.8794        -238194.7202       310.3177   -353497.5997   -237900.9064       309.5980         -13401.8836       -20.0470   1688680.5179        -1.0531        -1.1033

WRITING EXTENDED SYSTEM TO RESTART FILE AT STEP 195000
WRITING COORDINATES TO DCD FILE AT STEP 195000
WRITING COORDINATES TO RESTART FILE AT STEP 195000
FINISHED WRITING RESTART COORDINATES
WRITING VELOCITIES TO RESTART FILE AT STEP 195000
FINISHED WRITING RESTART VELOCITIES
LDB: ============= START OF LOAD BALANCING ============== 16062
LDB: ============== END OF LOAD BALANCING =============== 16062

LDB: ============= START OF LOAD BALANCING ============== 16070.3
LDB: TIME 16070.3 LOAD: AVG 7.17392 MAX 7.33566  PROXIES: TOTAL 654 MAXPE 29 MAXPATCH 4 None 1.25944
LDB: TIME 16070.4 LOAD: AVG 7.17392 MAX 7.33566  PROXIES: TOTAL 654 MAXPE 29 MAXPATCH 4 RefineTorusLB 1.25944
LDB: ============== END OF LOAD BALANCING =============== 16070.4

PRESSURE: 200000 -13602 93.4531 -15.8337 91.0792 -13457.7 117.839 21.991 139.366 -13163.6
GPRESSURE: 200000 -85.3757 55.9433 41.8503 30.0568 -52.8105 110.697 86.2647 58.0362 135.467
PRESSAVG: 200000 -6.3456 3.09953 13.7504 16.6238 -1.11005 -16.9483 -2.7011 5.32674 -3.00924
GPRESSAVG: 200000 -6.33292 3.15975 13.8503 16.6395 -1.08063 -17.0436 -2.5125 5.41599 -2.99332
TIMING: 200000  CPU: 14233.6, 0.071345/step  Wall: 16356, 0.0817429/step, 1.13532 hours remaining, 134.237640 MB of memory in use.
ETITLE:      TS           BOND          ANGLE          DIHED          IMPRP               ELECT            VDW       BOUNDARY           MISC        KINETIC               TOTAL           TEMP      POTENTIAL         TOTAL3        TEMPAVG            PRESSURE      GPRESSURE         VOLUME       PRESSAVG      GPRESSAVG

ENERGY:  200000      8025.1049     40632.0548     27849.6397       482.2134        -442014.8371     11752.1967       318.0797         0.0000    115356.0292        -237599.5186       310.4607   -352955.5478   -237287.6986       309.6556         -13407.7419        -0.9062   1683200.6762        -3.4883        -3.4690

WRITING EXTENDED SYSTEM TO RESTART FILE AT STEP 200000
WRITING COORDINATES TO DCD FILE AT STEP 200000
WRITING COORDINATES TO RESTART FILE AT STEP 200000
FINISHED WRITING RESTART COORDINATES
WRITING VELOCITIES TO RESTART FILE AT STEP 200000
FINISHED WRITING RESTART VELOCITIES
LDB: ============= START OF LOAD BALANCING ============== 16388.9
LDB: ============== END OF LOAD BALANCING =============== 16388.9

LDB: ============= START OF LOAD BALANCING ============== 16397.3
LDB: TIME 16397.3 LOAD: AVG 7.18231 MAX 7.50047  PROXIES: TOTAL 654 MAXPE 29 MAXPATCH 4 None 1.24989
LDB: TIME 16397.3 LOAD: AVG 7.18231 MAX 7.50047  PROXIES: TOTAL 654 MAXPE 29 MAXPATCH 4 RefineTorusLB 1.24989
LDB: ============== END OF LOAD BALANCING =============== 16397.3

LDB: ============= START OF LOAD BALANCING ============== 16716.6
LDB: ============== END OF LOAD BALANCING =============== 16716.6

LDB: ============= START OF LOAD BALANCING ============== 16725.1
LDB: TIME 16725.2 LOAD: AVG 7.20572 MAX 7.39071  PROXIES: TOTAL 654 MAXPE 29 MAXPATCH 4 None 1.25722
LDB: TIME 16725.2 LOAD: AVG 7.20572 MAX 7.39071  PROXIES: TOTAL 654 MAXPE 29 MAXPATCH 4 RefineTorusLB 1.25722
LDB: ============== END OF LOAD BALANCING =============== 16725.2

PRESSURE: 205000 -13294.8 75.6727 -14.1835 38.7183 -13576 -75.9436 -17.3921 -10.9973 -13416.6
GPRESSURE: 205000 25.4901 55.9804 -2.15164 -12.8182 -155.848 -83.8199 -3.2631 -20.1822 -32.1199
PRESSAVG: 205000 17.2829 3.84108 -4.87892 20.9327 -19.2951 -5.82937 -12.1477 16.6853 0.614888
GPRESSAVG: 205000 17.2298 3.92189 -4.99109 20.9516 -19.216 -5.70448 -12.1007 16.5649 0.634657
TIMING: 205000  CPU: 14592.3, 0.0717273/step  Wall: 16766.2, 0.0820343/step, 1.02543 hours remaining, 134.635559 MB of memory in use.
ENERGY:  205000      8141.0800     40547.3031     27877.8267       544.7953        -441800.1911     11369.5721       300.8784         0.0000    114758.8562        -238259.8792       308.8536   -353018.7354   -237950.5547       309.6659         -13429.1244       -54.1592   1686845.3824        -0.4658        -0.4505

WRITING EXTENDED SYSTEM TO RESTART FILE AT STEP 205000
WRITING COORDINATES TO DCD FILE AT STEP 205000
WRITING COORDINATES TO RESTART FILE AT STEP 205000
FINISHED WRITING RESTART COORDINATES
WRITING VELOCITIES TO RESTART FILE AT STEP 205000
FINISHED WRITING RESTART VELOCITIES
LDB: ============= START OF LOAD BALANCING ============== 17045.4
LDB: ============== END OF LOAD BALANCING =============== 17045.4

LDB: ============= START OF LOAD BALANCING ============== 17053.8
LDB: TIME 17053.8 LOAD: AVG 7.17908 MAX 7.4658  PROXIES: TOTAL 654 MAXPE 29 MAXPATCH 4 None 1.24753
LDB: TIME 17053.8 LOAD: AVG 7.17908 MAX 7.4658  PROXIES: TOTAL 654 MAXPE 29 MAXPATCH 4 RefineTorusLB 1.24753
LDB: ============== END OF LOAD BALANCING =============== 17053.8

PRESSURE: 210000 -13659.8 51.7674 50.1401 15.2948 -13475.5 -16.9653 67.7517 -58.1479 -13350.1
GPRESSURE: 210000 -223.988 39.4804 112.595 67.1767 -45.1811 -67.627 -21.3529 21.1643 -26.8344
PRESSAVG: 210000 12.0749 18.5319 14.3861 20.2827 -5.61023 -9.81875 4.99155 -9.97136 0.153293
GPRESSAVG: 210000 12.0472 18.572 14.2852 20.2143 -5.56951 -9.68824 4.90159 -9.91357 0.151795
TIMING: 210000  CPU: 14950.4, 0.0716343/step  Wall: 17177, 0.0821542/step, 0.912824 hours remaining, 135.141357 MB of memory in use.
ENERGY:  210000      8171.1092     40573.3384     27694.2331       528.6562        -442479.1190     11936.8303       306.3651         0.0000    115116.8519        -238151.7349       309.8170   -353268.5868   -237860.0406       309.8219         -13495.1473       -98.6679   1687451.9054         2.2060         2.2098

WRITING EXTENDED SYSTEM TO RESTART FILE AT STEP 210000
WRITING COORDINATES TO DCD FILE AT STEP 210000
WRITING COORDINATES TO RESTART FILE AT STEP 210000
FINISHED WRITING RESTART COORDINATES
WRITING VELOCITIES TO RESTART FILE AT STEP 210000
FINISHED WRITING RESTART VELOCITIES
LDB: ============= START OF LOAD BALANCING ============== 17373.7
LDB: ============== END OF LOAD BALANCING =============== 17373.8

LDB: ============= START OF LOAD BALANCING ============== 17382.1
LDB: TIME 17382.1 LOAD: AVG 7.18259 MAX 7.37179  PROXIES: TOTAL 654 MAXPE 29 MAXPATCH 4 None 1.25146
LDB: TIME 17382.1 LOAD: AVG 7.18259 MAX 7.37179  PROXIES: TOTAL 654 MAXPE 29 MAXPATCH 4 RefineTorusLB 1.25146
LDB: ============== END OF LOAD BALANCING =============== 17382.1

PRESSURE: 215000 -13314.5 72.7739 -102.067 21.3257 -13627 141.659 -116.436 136 -13362.5
GPRESSURE: 215000 -18.8929 85.2856 15.3553 -48.7322 -120.771 166.987 -111.939 93.9457 -58.0993
PRESSAVG: 215000 4.6849 42.1375 -6.79711 35.5239 -6.86912 -13.1001 -2.17738 -20.4551 4.01459
GPRESSAVG: 215000 4.61116 42.0429 -6.81215 35.5912 -6.80064 -13.1675 -2.11134 -20.5893 3.94769
TIMING: 215000  CPU: 15308.3, 0.0715653/step  Wall: 17587.7, 0.0821525/step, 0.798704 hours remaining, 133.491791 MB of memory in use.
ENERGY:  215000      8077.2946     40359.1331     27789.5216       487.1135        -441837.2050     11740.1580       328.0391         0.0000    114494.2401        -238561.7051       308.1414   -353055.9452   -238255.3897       309.5847         -13434.6683       -65.9209   1688113.9969         0.6101         0.5861

WRITING EXTENDED SYSTEM TO RESTART FILE AT STEP 215000
WRITING COORDINATES TO DCD FILE AT STEP 215000
WRITING COORDINATES TO RESTART FILE AT STEP 215000
FINISHED WRITING RESTART COORDINATES
WRITING VELOCITIES TO RESTART FILE AT STEP 215000
FINISHED WRITING RESTART VELOCITIES
LDB: ============= START OF LOAD BALANCING ============== 17702.4
LDB: ============== END OF LOAD BALANCING =============== 17702.4

LDB: ============= START OF LOAD BALANCING ============== 17710.7
LDB: TIME 17710.7 LOAD: AVG 7.17938 MAX 7.38032  PROXIES: TOTAL 654 MAXPE 29 MAXPATCH 4 None 1.26292
LDB: TIME 17710.7 LOAD: AVG 7.17938 MAX 7.38032  PROXIES: TOTAL 654 MAXPE 29 MAXPATCH 4 RefineTorusLB 1.26292
LDB: ============== END OF LOAD BALANCING =============== 17710.7

PRESSURE: 220000 -13732.3 63.6922 -164.284 -26.29 -13259.5 49.2586 -116.314 -30.464 -13160.9
GPRESSURE: 220000 -262.471 63.0891 -163.456 -10.6807 96.1419 60.8966 -74.0314 41.4924 61.8115
PRESSAVG: 220000 -1.5682 3.01318 2.36317 -2.38359 3.63245 -10.6565 2.59409 -15.0317 -2.29651
GPRESSAVG: 220000 -1.58908 3.21969 2.44346 -2.55763 3.68193 -10.7836 2.51287 -15.0014 -2.34277
TIMING: 220000  CPU: 15664.6, 0.071262/step  Wall: 17996.8, 0.0818056/step, 0.681713 hours remaining, 134.210144 MB of memory in use.
ENERGY:  220000      8046.8173     40730.5163     27897.4936       507.6188        -441973.9618     11911.9296       306.8429         0.0000    115278.3060        -237294.4373       310.2516   -352572.7433   -236995.0020       309.6601         -13384.2574       -34.8393   1690540.8543        -0.0774        -0.0833

WRITING EXTENDED SYSTEM TO RESTART FILE AT STEP 220000
WRITING COORDINATES TO DCD FILE AT STEP 220000
WRITING COORDINATES TO RESTART FILE AT STEP 220000
FINISHED WRITING RESTART COORDINATES
WRITING VELOCITIES TO RESTART FILE AT STEP 220000
FINISHED WRITING RESTART VELOCITIES
LDB: ============= START OF LOAD BALANCING ============== 18029.5
LDB: ============== END OF LOAD BALANCING =============== 18029.5

LDB: ============= START OF LOAD BALANCING ============== 18037.8
LDB: TIME 18037.8 LOAD: AVG 7.18565 MAX 7.37908  PROXIES: TOTAL 654 MAXPE 29 MAXPATCH 4 None 1.2633
LDB: TIME 18037.8 LOAD: AVG 7.18565 MAX 7.37908  PROXIES: TOTAL 654 MAXPE 29 MAXPATCH 4 RefineTorusLB 1.2633
LDB: ============== END OF LOAD BALANCING =============== 18037.8

LDB: ============= START OF LOAD BALANCING ============== 18356.9
LDB: ============== END OF LOAD BALANCING =============== 18356.9

LDB: ============= START OF LOAD BALANCING ============== 18365.3
LDB: TIME 18365.3 LOAD: AVG 7.18271 MAX 7.39023  PROXIES: TOTAL 654 MAXPE 29 MAXPATCH 4 None 1.24591
LDB: TIME 18365.4 LOAD: AVG 7.18271 MAX 7.39023  PROXIES: TOTAL 654 MAXPE 29 MAXPATCH 4 RefineTorusLB 1.24591
LDB: ============== END OF LOAD BALANCING =============== 18365.4

PRESSURE: 225000 -13655.1 53.6871 -51.5499 38.61 -13403.2 -234.44 -71.146 -222.247 -13306
GPRESSURE: 225000 -160.92 6.25097 15.1822 9.36792 -42.1378 -156.54 -63.2043 -142.703 -166.454
PRESSAVG: 225000 -12.8094 4.57701 11.5449 26.0757 13.8625 -10.2122 5.16454 -26.1918 2.51167
GPRESSAVG: 225000 -12.6131 4.54426 11.6554 26.0052 13.9437 -10.2795 5.05673 -26.173 2.49331
TIMING: 225000  CPU: 16021, 0.0712926/step  Wall: 18406.1, 0.0818605/step, 0.568476 hours remaining, 135.305939 MB of memory in use.
ENERGY:  225000      8020.0449     40263.1249     27893.8387       509.7150        -441225.1604     11161.8475       321.7318         0.0000    115123.7653        -237931.0922       309.8356   -353054.8575   -237632.8842       309.5871         -13454.7827      -123.1708   1690667.4242         1.1883         1.2746

WRITING EXTENDED SYSTEM TO RESTART FILE AT STEP 225000
WRITING COORDINATES TO DCD FILE AT STEP 225000
WRITING COORDINATES TO RESTART FILE AT STEP 225000
FINISHED WRITING RESTART COORDINATES
WRITING VELOCITIES TO RESTART FILE AT STEP 225000
FINISHED WRITING RESTART VELOCITIES
LDB: ============= START OF LOAD BALANCING ============== 18684.3
LDB: ============== END OF LOAD BALANCING =============== 18684.3

LDB: ============= START OF LOAD BALANCING ============== 18692.8
LDB: TIME 18692.8 LOAD: AVG 7.19998 MAX 7.49904  PROXIES: TOTAL 654 MAXPE 29 MAXPATCH 4 None 1.25849
LDB: TIME 18692.9 LOAD: AVG 7.19998 MAX 7.49904  PROXIES: TOTAL 654 MAXPE 29 MAXPATCH 4 RefineTorusLB 1.25849
LDB: ============== END OF LOAD BALANCING =============== 18692.9

PRESSURE: 230000 -13123.4 20.5574 -44.8178 22.4909 -13353.3 -31.0091 -76.4902 -57.5495 -13368.5
GPRESSURE: 230000 361.696 17.2931 -24.9664 18.862 -1.79181 -40.4997 -103.533 -5.58101 27.673
PRESSAVG: 230000 13.3814 22.3884 -1.78069 26.4287 -8.94173 -5.21567 7.91613 -32.7638 5.30131
GPRESSAVG: 230000 13.5279 22.5081 -1.78709 26.4291 -9.03533 -5.15986 7.98931 -32.8978 5.47322
TIMING: 230000  CPU: 16379.6, 0.0717163/step  Wall: 18816.1, 0.0820038/step, 0.455577 hours remaining, 133.644775 MB of memory in use.
ENERGY:  230000      8036.0445     40761.6794     27768.9558       522.3129        -442403.3756     12067.3130       330.1031         0.0000    115177.0194        -237739.9476       309.9790   -352916.9670   -237439.7658       309.7707         -13281.7072       129.1925   1684639.9758         3.2470         3.3219

WRITING EXTENDED SYSTEM TO RESTART FILE AT STEP 230000
WRITING COORDINATES TO DCD FILE AT STEP 230000
WRITING COORDINATES TO RESTART FILE AT STEP 230000
FINISHED WRITING RESTART COORDINATES
WRITING VELOCITIES TO RESTART FILE AT STEP 230000
FINISHED WRITING RESTART VELOCITIES
LDB: ============= START OF LOAD BALANCING ============== 19012.7
LDB: ============== END OF LOAD BALANCING =============== 19012.7

LDB: ============= START OF LOAD BALANCING ============== 19021
LDB: TIME 19021 LOAD: AVG 7.16948 MAX 7.43964  PROXIES: TOTAL 654 MAXPE 29 MAXPATCH 4 None 1.24872
LDB: TIME 19021 LOAD: AVG 7.16948 MAX 7.43964  PROXIES: TOTAL 654 MAXPE 29 MAXPATCH 4 RefineTorusLB 1.24872
LDB: ============== END OF LOAD BALANCING =============== 19021

PRESSURE: 235000 -13333.3 156.312 -145.931 137.895 -13515.2 -35.416 -137.304 -70.0765 -13226.3
GPRESSURE: 235000 54.6416 90.915 -150.285 13.5825 77.5217 -4.72978 -29.1191 40.0662 16.2499
PRESSAVG: 235000 -0.218857 24.4671 13.0812 35.2724 -6.04136 -20.4056 29.0935 -30.2413 3.13829
GPRESSAVG: 235000 -0.235482 24.5306 13.0474 35.3243 -5.97593 -20.4198 29.195 -30.3676 3.13345
TIMING: 235000  CPU: 16737.6, 0.0715857/step  Wall: 19225.8, 0.0819413/step, 0.341422 hours remaining, 134.108185 MB of memory in use.
ENERGY:  235000      8185.1189     40795.4794     27821.6358       481.3674        -442518.3719     12306.4205       319.2271         0.0000    115050.5287        -237558.5942       309.6385   -352609.1229   -237273.9464       310.3851         -13358.2781        49.4710   1685731.1688        -1.0406        -1.0260

WRITING EXTENDED SYSTEM TO RESTART FILE AT STEP 235000
WRITING COORDINATES TO DCD FILE AT STEP 235000
WRITING COORDINATES TO RESTART FILE AT STEP 235000
FINISHED WRITING RESTART COORDINATES
WRITING VELOCITIES TO RESTART FILE AT STEP 235000
FINISHED WRITING RESTART VELOCITIES
LDB: ============= START OF LOAD BALANCING ============== 19340.7
LDB: ============== END OF LOAD BALANCING =============== 19340.7

LDB: ============= START OF LOAD BALANCING ============== 19349.2
LDB: TIME 19349.2 LOAD: AVG 7.18477 MAX 7.40093  PROXIES: TOTAL 654 MAXPE 29 MAXPATCH 4 None 1.24956
LDB: TIME 19349.2 LOAD: AVG 7.18477 MAX 7.40093  PROXIES: TOTAL 654 MAXPE 29 MAXPATCH 4 RefineTorusLB 1.24956
LDB: ============== END OF LOAD BALANCING =============== 19349.2

PRESSURE: 240000 -13693.4 74.1558 17.7114 107.182 -13602.9 -14.8656 -12.6179 -22.7766 -13322.8
GPRESSURE: 240000 -360.691 119.123 46.0163 -25.3886 -115.78 110.988 -45.6332 50.1727 -89.9305
PRESSAVG: 240000 18.478 0.205325 0.675986 3.02235 -16.1385 -8.47694 6.20284 -15.6198 3.69174
GPRESSAVG: 240000 18.3512 0.261911 0.860798 2.90579 -16.2832 -8.44958 6.15349 -15.4344 3.78228
TIMING: 240000  CPU: 17096.6, 0.0718183/step  Wall: 19636.4, 0.082114/step, 0.228094 hours remaining, 134.205566 MB of memory in use.
ENERGY:  240000      8041.6710     40549.5521     27764.8878       520.4468        -441651.2349     11807.4959       301.2759         0.0000    115150.0030        -237515.9024       309.9063   -352665.9054   -237208.5913       309.6747         -13539.7189      -188.8007   1688684.5119         2.0104         1.9501

WRITING EXTENDED SYSTEM TO RESTART FILE AT STEP 240000
WRITING COORDINATES TO DCD FILE AT STEP 240000
WRITING COORDINATES TO RESTART FILE AT STEP 240000
FINISHED WRITING RESTART COORDINATES
WRITING VELOCITIES TO RESTART FILE AT STEP 240000
FINISHED WRITING RESTART VELOCITIES
LDB: ============= START OF LOAD BALANCING ============== 19669.5
LDB: ============== END OF LOAD BALANCING =============== 19669.5

LDB: ============= START OF LOAD BALANCING ============== 19678
LDB: TIME 19678 LOAD: AVG 7.19361 MAX 7.46359  PROXIES: TOTAL 654 MAXPE 29 MAXPATCH 4 None 1.25205
LDB: TIME 19678 LOAD: AVG 7.19361 MAX 7.46359  PROXIES: TOTAL 654 MAXPE 29 MAXPATCH 4 RefineTorusLB 1.25205
LDB: ============== END OF LOAD BALANCING =============== 19678

LDB: ============= START OF LOAD BALANCING ============== 19996.9
LDB: ============== END OF LOAD BALANCING =============== 19996.9

LDB: ============= START OF LOAD BALANCING ============== 20005.3
LDB: TIME 20005.3 LOAD: AVG 7.18273 MAX 7.39475  PROXIES: TOTAL 654 MAXPE 29 MAXPATCH 4 None 1.24669
LDB: TIME 20005.3 LOAD: AVG 7.18273 MAX 7.39475  PROXIES: TOTAL 654 MAXPE 29 MAXPATCH 4 RefineTorusLB 1.24669
LDB: ============== END OF LOAD BALANCING =============== 20005.3

PRESSURE: 245000 -13365.9 -62.4392 -197.396 -77.1311 -13215 72.3571 -116.627 66.7969 -13399.1
GPRESSURE: 245000 29.0799 -55.4221 -141.012 -73.1283 294.211 -15.675 -120.555 17.2484 -88.3938
PRESSAVG: 245000 -6.45429 -10.1606 9.72058 -0.784173 2.51404 -13.6267 19.0092 9.06711 2.39602
GPRESSAVG: 245000 -6.49226 -10.1664 9.79111 -0.654691 2.60939 -13.6159 18.8919 8.92155 2.29308
TIMING: 245000  CPU: 17454.3, 0.0715295/step  Wall: 20046, 0.0819161/step, 0.113772 hours remaining, 133.916687 MB of memory in use.
ENERGY:  245000      7959.8664     40832.4931     27897.1220       511.4034        -442306.4469     12236.2577       305.5114         0.0000    114504.4800        -238059.3128       308.1689   -352563.7928   -237751.7763       309.6513         -13326.6646        78.2989   1685615.3902        -0.5147        -0.5299

WRITING EXTENDED SYSTEM TO RESTART FILE AT STEP 245000
WRITING COORDINATES TO DCD FILE AT STEP 245000
WRITING COORDINATES TO RESTART FILE AT STEP 245000
FINISHED WRITING RESTART COORDINATES
WRITING VELOCITIES TO RESTART FILE AT STEP 245000
FINISHED WRITING RESTART VELOCITIES
LDB: ============= START OF LOAD BALANCING ============== 20325.5
LDB: ============== END OF LOAD BALANCING =============== 20325.5

LDB: ============= START OF LOAD BALANCING ============== 20333.9
LDB: TIME 20333.9 LOAD: AVG 7.19177 MAX 7.33854  PROXIES: TOTAL 654 MAXPE 29 MAXPATCH 4 None 1.25053
LDB: TIME 20333.9 LOAD: AVG 7.19177 MAX 7.33854  PROXIES: TOTAL 654 MAXPE 29 MAXPATCH 4 RefineTorusLB 1.25053
LDB: ============== END OF LOAD BALANCING =============== 20333.9

PRESSURE: 250000 -13125.1 157.151 104.8 178.78 -13104.3 -38.6747 69.3571 -36.7237 -13127.8
GPRESSURE: 250000 284.135 91.1816 8.24793 89.3955 328.902 -152.69 114.763 -88.7027 205.982
PRESSAVG: 250000 5.93393 -3.62648 18.6051 -5.3478 -0.572946 9.01699 17.4426 12.7644 -0.227575
GPRESSAVG: 250000 5.82784 -3.74256 18.663 -5.32677 -0.46194 9.21621 17.2342 12.7502 -0.261343
TIMING: 250000  CPU: 17813.1, 0.0717561/step  Wall: 20456.7, 0.0821418/step, 0 hours remaining, 133.226715 MB of memory in use.
ETITLE:      TS           BOND          ANGLE          DIHED          IMPRP               ELECT            VDW       BOUNDARY           MISC        KINETIC               TOTAL           TEMP      POTENTIAL         TOTAL3        TEMPAVG            PRESSURE      GPRESSURE         VOLUME       PRESSAVG      GPRESSAVG

ENERGY:  250000      8073.8216     40207.2073     27762.3711       524.5421        -442233.2428     12479.4831       309.7904         0.0000    114920.4935        -237955.5336       309.2886   -352876.0271   -237664.1508       309.7140         -13119.0746       273.0062   1684560.7155         1.7111         1.7015

WRITING EXTENDED SYSTEM TO RESTART FILE AT STEP 250000
WRITING COORDINATES TO DCD FILE AT STEP 250000
WRITING COORDINATES TO RESTART FILE AT STEP 250000
FINISHED WRITING RESTART COORDINATES
WRITING VELOCITIES TO RESTART FILE AT STEP 250000
FINISHED WRITING RESTART VELOCITIES
WRITING EXTENDED SYSTEM TO OUTPUT FILE AT STEP 250000
CLOSING EXTENDED SYSTEM TRAJECTORY FILE
WRITING COORDINATES TO OUTPUT FILE AT STEP 250000
CLOSING COORDINATE DCD FILE
WRITING VELOCITIES TO OUTPUT FILE AT STEP 250000
====================================================

WallClock: 20466.462891  CPUTime: 17819.517578  Memory: 131.449982 MB
